[INFO] Scanning for projects...
[INFO] ------------------------------------------------------------------------
[INFO] Reactor Build Order:
[INFO] 
[INFO] VRaptor3                                                           [pom]
[INFO] vraptor                                                            [jar]
[INFO] vraptor-plugin-gae                                                 [jar]
[INFO] vraptor-mydvds                                                     [war]
[INFO] vraptor-blank-project                                              [pom]
[INFO] vraptor-blank-project-gae                                          [pom]
[INFO] 
[INFO] --------------------< br.com.caelum:vraptor-parent >--------------------
[INFO] Building VRaptor3 3.5.6-SNAPSHOT                                   [1/6]
[INFO] --------------------------------[ pom ]---------------------------------
[INFO] 
[INFO] --- maven-enforcer-plugin:1.0:enforce (enforce-maven) @ vraptor-parent ---
[INFO] 
[INFO] -----------------------< br.com.caelum:vraptor >------------------------
[INFO] Building vraptor 3.5.6-SNAPSHOT                                    [2/6]
[INFO] --------------------------------[ jar ]---------------------------------
[INFO] 
[INFO] --- maven-enforcer-plugin:1.0:enforce (enforce-maven) @ vraptor ---
[INFO] 
[INFO] --- maven-antrun-plugin:1.7:run (process-sources) @ vraptor ---
[INFO] Executing tasks

main:
[INFO] Executed tasks
[INFO] 
[INFO] --- maven-resources-plugin:2.6:resources (default-resources) @ vraptor ---
[INFO] Using 'UTF-8' encoding to copy filtered resources.
[INFO] Copying 2 resources
[INFO] 
[INFO] --- maven-compiler-plugin:2.3.1:compile (default-compile) @ vraptor ---
[INFO] Compiling 1 source file to /home/target/vraptor-core/target/classes
[INFO] 
[INFO] --- maven-resources-plugin:2.6:testResources (default-testResources) @ vraptor ---
[INFO] Using 'UTF-8' encoding to copy filtered resources.
[INFO] Copying 3 resources
[INFO] 
[INFO] --- maven-compiler-plugin:2.3.1:testCompile (default-testCompile) @ vraptor ---
[INFO] Nothing to compile - all classes are up to date
[INFO] 
[INFO] --- maven-surefire-plugin:2.12.4:test (default-test) @ vraptor ---
[INFO] Surefire report directory: /home/target/vraptor-core/target/surefire-reports

-------------------------------------------------------
 T E S T S
-------------------------------------------------------
Running br.com.caelum.vraptor.VRaptorTest
Tests run: 4, Failures: 0, Errors: 0, Skipped: 0, Time elapsed: 2,137.658 sec
Running br.com.caelum.vraptor.converter.LocaleBasedDateConverterTest
Tests run: 5, Failures: 0, Errors: 0, Skipped: 0, Time elapsed: 887.391 sec
Running br.com.caelum.vraptor.converter.l10n.LocaleBasedPrimitiveFloatConverterTest
Tests run: 6, Failures: 0, Errors: 0, Skipped: 0, Time elapsed: 15.788 sec
Running br.com.caelum.vraptor.converter.l10n.LocaleBasedFloatConverterTest
Tests run: 6, Failures: 0, Errors: 0, Skipped: 0, Time elapsed: 12.395 sec
Running br.com.caelum.vraptor.converter.l10n.LocaleBasedBigDecimalConverterTest
Tests run: 6, Failures: 0, Errors: 0, Skipped: 0, Time elapsed: 8.762 sec
Running br.com.caelum.vraptor.converter.l10n.LocaleBasedDoubleConverterTest
Tests run: 6, Failures: 0, Errors: 0, Skipped: 0, Time elapsed: 16.07 sec
Running br.com.caelum.vraptor.converter.l10n.LocaleBasedPrimitiveDoubleConverterTest
Tests run: 6, Failures: 0, Errors: 0, Skipped: 0, Time elapsed: 12.066 sec
Running br.com.caelum.vraptor.converter.EnumConverterTest
Tests run: 7, Failures: 0, Errors: 0, Skipped: 0, Time elapsed: 9.92 sec
Running br.com.caelum.vraptor.converter.PrimitiveFloatConverterTest
Tests run: 4, Failures: 0, Errors: 0, Skipped: 0, Time elapsed: 9.861 sec
Running br.com.caelum.vraptor.converter.IntegerConverterTest
Tests run: 4, Failures: 0, Errors: 0, Skipped: 0, Time elapsed: 8.759 sec
Running br.com.caelum.vraptor.converter.LocaleBasedTimeConverterTest
Tests run: 5, Failures: 0, Errors: 0, Skipped: 0, Time elapsed: 8.224 sec
Running br.com.caelum.vraptor.converter.PrimitiveDoubleConverterTest
Tests run: 4, Failures: 0, Errors: 0, Skipped: 0, Time elapsed: 9.178 sec
Running br.com.caelum.vraptor.converter.FloatConverterTest
Tests run: 4, Failures: 0, Errors: 0, Skipped: 0, Time elapsed: 6.105 sec
Running br.com.caelum.vraptor.converter.DoubleConverterTest
Tests run: 4, Failures: 0, Errors: 0, Skipped: 0, Time elapsed: 4.987 sec
Running br.com.caelum.vraptor.converter.PrimitiveCharConverterTest
Tests run: 4, Failures: 0, Errors: 0, Skipped: 0, Time elapsed: 7.258 sec
Running br.com.caelum.vraptor.converter.PrimitiveIntConverterTest
Tests run: 4, Failures: 0, Errors: 0, Skipped: 0, Time elapsed: 9.685 sec
Running br.com.caelum.vraptor.converter.BooleanConverterTest
Tests run: 8, Failures: 0, Errors: 0, Skipped: 0, Time elapsed: 1.851 sec
Running br.com.caelum.vraptor.converter.PrimitiveByteConverterTest
Tests run: 4, Failures: 0, Errors: 0, Skipped: 0, Time elapsed: 7.768 sec
Running br.com.caelum.vraptor.converter.CharacterConverterTest
Tests run: 3, Failures: 0, Errors: 0, Skipped: 0, Time elapsed: 3.475 sec
Running br.com.caelum.vraptor.converter.LongConverterTest
Tests run: 4, Failures: 0, Errors: 0, Skipped: 0, Time elapsed: 25.665 sec
Running br.com.caelum.vraptor.converter.ShortConverterTest
Tests run: 4, Failures: 0, Errors: 0, Skipped: 0, Time elapsed: 8.361 sec
Running br.com.caelum.vraptor.converter.BigDecimalConverterTest
Tests run: 4, Failures: 0, Errors: 0, Skipped: 0, Time elapsed: 16.427 sec
Running br.com.caelum.vraptor.converter.BigIntegerConverterTest
Tests run: 5, Failures: 0, Errors: 0, Skipped: 0, Time elapsed: 5.018 sec
Running br.com.caelum.vraptor.converter.PrimitiveShortConverterTest
Tests run: 4, Failures: 0, Errors: 0, Skipped: 0, Time elapsed: 10.214 sec
Running br.com.caelum.vraptor.converter.LocaleBasedCalendarConverterTest
Tests run: 5, Failures: 0, Errors: 0, Skipped: 0, Time elapsed: 4.638 sec
Running br.com.caelum.vraptor.converter.ByteConverterTest
Tests run: 4, Failures: 0, Errors: 0, Skipped: 0, Time elapsed: 7.731 sec
Running br.com.caelum.vraptor.converter.PrimitiveLongConverterTest
Tests run: 4, Failures: 0, Errors: 0, Skipped: 0, Time elapsed: 4.546 sec
Running br.com.caelum.vraptor.converter.jodatime.DateTimeConverterTest
Tests run: 4, Failures: 0, Errors: 0, Skipped: 0, Time elapsed: 173.666 sec
Running br.com.caelum.vraptor.converter.jodatime.LocaleBasedJodaTimeConverterTest
Tests run: 2, Failures: 0, Errors: 0, Skipped: 0, Time elapsed: 43.145 sec
Running br.com.caelum.vraptor.converter.jodatime.LocalTimeConverterTest
Tests run: 4, Failures: 0, Errors: 0, Skipped: 0, Time elapsed: 39.981 sec
Running br.com.caelum.vraptor.converter.jodatime.DateMidnightConverterTest
Tests run: 4, Failures: 0, Errors: 0, Skipped: 0, Time elapsed: 48.615 sec
Running br.com.caelum.vraptor.converter.jodatime.LocalDateTimeConverterTest
Tests run: 4, Failures: 0, Errors: 0, Skipped: 0, Time elapsed: 62.912 sec
Running br.com.caelum.vraptor.converter.jodatime.LocalDateConverterTest
Tests run: 4, Failures: 0, Errors: 0, Skipped: 0, Time elapsed: 40.232 sec
Running br.com.caelum.vraptor.converter.PrimitiveBooleanConverterTest
Tests run: 8, Failures: 0, Errors: 0, Skipped: 0, Time elapsed: 46.272 sec
Running br.com.caelum.vraptor.resource.HttpMethodTest
Tests run: 6, Failures: 0, Errors: 0, Skipped: 0, Time elapsed: 69.141 sec
Running br.com.caelum.vraptor.resource.ResourceNotFoundHandlerTest
Tests run: 3, Failures: 0, Errors: 0, Skipped: 0, Time elapsed: 130.149 sec
Running br.com.caelum.vraptor.resource.DefaultMethodNotAllowedHandlerTest
Tests run: 4, Failures: 0, Errors: 0, Skipped: 0, Time elapsed: 54.355 sec
Running br.com.caelum.vraptor.http.VRaptorRequestTest
Tests run: 7, Failures: 0, Errors: 0, Skipped: 0, Time elapsed: 88.462 sec
Running br.com.caelum.vraptor.http.ParanamerNameProviderTest
Tests run: 9, Failures: 0, Errors: 0, Skipped: 0, Time elapsed: 125.181 sec
Running br.com.caelum.vraptor.http.DefaultParameterNameProviderTest
Tests run: 4, Failures: 0, Errors: 0, Skipped: 0, Time elapsed: 25.367 sec
Running br.com.caelum.vraptor.http.EncodingHandlerFactoryTest
Tests run: 2, Failures: 0, Errors: 0, Skipped: 0, Time elapsed: 30.995 sec
Running br.com.caelum.vraptor.http.DefaultResourceTranslatorTest
Tests run: 13, Failures: 0, Errors: 0, Skipped: 0, Time elapsed: 358.409 sec
Running br.com.caelum.vraptor.http.iogi.IogiParametersProviderTest
Tests run: 36, Failures: 0, Errors: 0, Skipped: 0, Time elapsed: 2,480.39 sec
Running br.com.caelum.vraptor.http.iogi.MiscIogiSupportTest
Tests run: 2, Failures: 0, Errors: 0, Skipped: 0, Time elapsed: 176.773 sec
Running br.com.caelum.vraptor.http.iogi.IogiGenericTypesSupportTest
Tests run: 6, Failures: 0, Errors: 0, Skipped: 0, Time elapsed: 93.6 sec
Running br.com.caelum.vraptor.http.ognl.VRaptorConvertersAdapterTest
Tests run: 3, Failures: 0, Errors: 0, Skipped: 0, Time elapsed: 887.336 sec
Running br.com.caelum.vraptor.http.ognl.EmptyElementsRemovalTest
Tests run: 4, Failures: 0, Errors: 0, Skipped: 0, Time elapsed: 14.981 sec
Running br.com.caelum.vraptor.http.ognl.OgnlParametersProviderTest
Tests run: 27, Failures: 0, Errors: 0, Skipped: 0, Time elapsed: 805.783 sec
Running br.com.caelum.vraptor.http.ognl.ArrayAccessorTest
Tests run: 3, Failures: 0, Errors: 0, Skipped: 1, Time elapsed: 247.695 sec
Running br.com.caelum.vraptor.http.ognl.ListAccessorTest
Tests run: 3, Failures: 0, Errors: 0, Skipped: 0, Time elapsed: 122.385 sec
Running br.com.caelum.vraptor.http.ognl.ListNullHandlerTest
Tests run: 2, Failures: 0, Errors: 0, Skipped: 0, Time elapsed: 43.792 sec
Running br.com.caelum.vraptor.http.ognl.MiscOgnlSupportTest
Tests run: 2, Failures: 0, Errors: 0, Skipped: 0, Time elapsed: 67.818 sec
Running br.com.caelum.vraptor.http.ognl.OgnlGenericTypesSupportTest
Tests run: 3, Failures: 0, Errors: 0, Skipped: 0, Time elapsed: 134.82 sec
Running br.com.caelum.vraptor.http.ognl.ReflectionBasedNullHandlerTest
Tests run: 7, Failures: 0, Errors: 0, Skipped: 0, Time elapsed: 375.047 sec
Running br.com.caelum.vraptor.http.ognl.GenericNullHandlerTest
Tests run: 9, Failures: 0, Errors: 0, Skipped: 0, Time elapsed: 120.819 sec
Running br.com.caelum.vraptor.http.route.DefaultRouterTest
Tests run: 12, Failures: 0, Errors: 0, Skipped: 0, Time elapsed: 521.841 sec
Running br.com.caelum.vraptor.http.route.PathAnnotationRoutesParserTest
Tests run: 33, Failures: 0, Errors: 0, Skipped: 0, Time elapsed: 1,302.018 sec
Running br.com.caelum.vraptor.http.route.DefaultParametersControlTest
Tests run: 25, Failures: 0, Errors: 0, Skipped: 0, Time elapsed: 234.923 sec
Running br.com.caelum.vraptor.http.route.RulesTest
Tests run: 1, Failures: 0, Errors: 0, Skipped: 0, Time elapsed: 29.049 sec
Running br.com.caelum.vraptor.http.route.DefaultTypeFinderTest
Tests run: 2, Failures: 0, Errors: 0, Skipped: 0, Time elapsed: 53.461 sec
Running br.com.caelum.vraptor.http.route.JavaEvaluatorTest
Tests run: 9, Failures: 0, Errors: 0, Skipped: 0, Time elapsed: 53.519 sec
Running br.com.caelum.vraptor.http.route.FixedMethodStrategyTest
Tests run: 2, Failures: 0, Errors: 0, Skipped: 0, Time elapsed: 15.123 sec
Running br.com.caelum.vraptor.http.route.RouteBuilderTest
Tests run: 10, Failures: 0, Errors: 0, Skipped: 1, Time elapsed: 164.999 sec
Running br.com.caelum.vraptor.http.WebXmlEncodingHandlerTest
Tests run: 2, Failures: 0, Errors: 0, Skipped: 0, Time elapsed: 23.295 sec
Running br.com.caelum.vraptor.http.DefaultFormatResolverTest
Tests run: 5, Failures: 0, Errors: 0, Skipped: 0, Time elapsed: 67.392 sec
Running br.com.caelum.vraptor.core.DefaultInterceptorStackTest
Tests run: 2, Failures: 0, Errors: 0, Skipped: 0, Time elapsed: 82.431 sec
Running br.com.caelum.vraptor.core.ToInstantiateInterceptorHandlerTest
Tests run: 3, Failures: 0, Errors: 0, Skipped: 0, Time elapsed: 96.963 sec
Running br.com.caelum.vraptor.core.SafeResourceBundleTest
Tests run: 2, Failures: 0, Errors: 0, Skipped: 0, Time elapsed: 13.628 sec
Running br.com.caelum.vraptor.core.DefaultInterceptorHandlerFactoryTest
Tests run: 3, Failures: 0, Errors: 0, Skipped: 0, Time elapsed: 45.967 sec
Running br.com.caelum.vraptor.core.DefaultResultTest
Tests run: 16, Failures: 0, Errors: 0, Skipped: 0, Time elapsed: 845.701 sec
Running br.com.caelum.vraptor.core.LazyInterceptorHandlerTest
Tests run: 4, Failures: 0, Errors: 0, Skipped: 0, Time elapsed: 15.853 sec
Running br.com.caelum.vraptor.core.DefaultConvertersTest
Tests run: 6, Failures: 0, Errors: 0, Skipped: 0, Time elapsed: 115.511 sec
Running br.com.caelum.vraptor.core.JstlLocalizationTest
sun.util.ResourceBundleEnumeration@5ad04725
Tests run: 8, Failures: 0, Errors: 0, Skipped: 0, Time elapsed: 156.875 sec
Running br.com.caelum.vraptor.core.DefaultMethodInfoTest
Tests run: 2, Failures: 0, Errors: 0, Skipped: 0, Time elapsed: 11.161 sec
Running br.com.caelum.vraptor.core.ExceptionRecorderTest
Tests run: 3, Failures: 0, Errors: 0, Skipped: 0, Time elapsed: 48.486 sec
Running br.com.caelum.vraptor.core.DefaultStaticContentHandlerTest
Tests run: 4, Failures: 0, Errors: 0, Skipped: 0, Time elapsed: 196.841 sec
Running br.com.caelum.vraptor.interceptor.ParametersInstantiatorInterceptorTest
Tests run: 11, Failures: 0, Errors: 0, Skipped: 0, Time elapsed: 423.209 sec
Running br.com.caelum.vraptor.interceptor.DefaultInterceptorRegistryTest
Tests run: 1, Failures: 0, Errors: 0, Skipped: 0, Time elapsed: 1.712 sec
Running br.com.caelum.vraptor.interceptor.FlashInterceptorTest
Tests run: 7, Failures: 0, Errors: 0, Skipped: 0, Time elapsed: 65.804 sec
Running br.com.caelum.vraptor.interceptor.multipart.NullMultipartInterceptorTest
Tests run: 2, Failures: 0, Errors: 0, Skipped: 0, Time elapsed: 21.815 sec
Running br.com.caelum.vraptor.interceptor.multipart.DefaultUploadedFileTest
Tests run: 3, Failures: 0, Errors: 0, Skipped: 0, Time elapsed: 34.485 sec
Running br.com.caelum.vraptor.interceptor.multipart.CommonsUploadMultipartInterceptorTest
06:14:20,824  WARN [CommonsUploadMultipartInterceptor] Request have an invalid encoding. Ignoring it
06:14:27,185  WARN [CommonsUploadMultipartInterceptor] Request have an invalid encoding. Ignoring it
06:20:15,019  WARN [CommonsUploadMultipartInterceptor] There was some problem parsing this multipart request, or someone is not sending a RFC1867 compatible multipart request.
org.apache.commons.fileupload.FileUploadException
	at br.com.caelum.vraptor.interceptor.multipart.CommonsUploadMultipartInterceptor.intercept(CommonsUploadMultipartInterceptor.java:103)
	at br.com.caelum.vraptor.interceptor.multipart.CommonsUploadMultipartInterceptorTest.doNothingWhenFileUploadExceptionOccurs(CommonsUploadMultipartInterceptorTest.java:235)
	at sun.reflect.NativeMethodAccessorImpl.invoke0(Native Method)
	at sun.reflect.NativeMethodAccessorImpl.invoke(NativeMethodAccessorImpl.java:62)
	at sun.reflect.DelegatingMethodAccessorImpl.invoke(DelegatingMethodAccessorImpl.java:43)
	at java.lang.reflect.Method.invoke(Method.java:498)
	at org.junit.runners.model.FrameworkMethod$1.runReflectiveCall(FrameworkMethod.java:45)
	at org.junit.internal.runners.model.ReflectiveCallable.run(ReflectiveCallable.java:15)
	at org.junit.runners.model.FrameworkMethod.invokeExplosively(FrameworkMethod.java:42)
	at org.junit.internal.runners.statements.InvokeMethod.evaluate(InvokeMethod.java:20)
	at org.junit.internal.runners.statements.RunBefores.evaluate(RunBefores.java:28)
	at org.junit.runners.ParentRunner.runLeaf(ParentRunner.java:263)
	at org.junit.runners.BlockJUnit4ClassRunner.runChild(BlockJUnit4ClassRunner.java:68)
	at org.junit.runners.BlockJUnit4ClassRunner.runChild(BlockJUnit4ClassRunner.java:47)
	at org.junit.runners.ParentRunner$3.run(ParentRunner.java:231)
	at org.junit.runners.ParentRunner$1.schedule(ParentRunner.java:60)
	at org.junit.runners.ParentRunner.runChildren(ParentRunner.java:229)
	at org.junit.runners.ParentRunner.access$000(ParentRunner.java:50)
	at org.junit.runners.ParentRunner$2.evaluate(ParentRunner.java:222)
	at org.junit.runners.ParentRunner.run(ParentRunner.java:300)
	at org.apache.maven.surefire.junit4.JUnit4Provider.execute(JUnit4Provider.java:252)
	at org.apache.maven.surefire.junit4.JUnit4Provider.executeTestSet(JUnit4Provider.java:141)
	at org.apache.maven.surefire.junit4.JUnit4Provider.invoke(JUnit4Provider.java:112)
	at sun.reflect.NativeMethodAccessorImpl.invoke0(Native Method)
	at sun.reflect.NativeMethodAccessorImpl.invoke(NativeMethodAccessorImpl.java:62)
	at sun.reflect.DelegatingMethodAccessorImpl.invoke(DelegatingMethodAccessorImpl.java:43)
	at java.lang.reflect.Method.invoke(Method.java:498)
	at org.apache.maven.surefire.util.ReflectionUtils.invokeMethodWithArray(ReflectionUtils.java:189)
	at org.apache.maven.surefire.booter.ProviderFactory$ProviderProxy.invoke(ProviderFactory.java:165)
	at org.apache.maven.surefire.booter.ProviderFactory.invokeProvider(ProviderFactory.java:85)
	at org.apache.maven.surefire.booter.ForkedBooter.runSuitesInProcess(ForkedBooter.java:115)
	at org.apache.maven.surefire.booter.ForkedBooter.main(ForkedBooter.java:75)
06:21:21,485  WARN [CommonsUploadMultipartInterceptor] The file size limit was exceeded.
org.apache.commons.fileupload.FileUploadBase$SizeLimitExceededException: 
	at br.com.caelum.vraptor.interceptor.multipart.CommonsUploadMultipartInterceptor.intercept(CommonsUploadMultipartInterceptor.java:103)
	at br.com.caelum.vraptor.interceptor.multipart.CommonsUploadMultipartInterceptorTest.shouldValidateWhenSizeLimitExceededExceptionOccurs(CommonsUploadMultipartInterceptorTest.java:244)
	at sun.reflect.NativeMethodAccessorImpl.invoke0(Native Method)
	at sun.reflect.NativeMethodAccessorImpl.invoke(NativeMethodAccessorImpl.java:62)
	at sun.reflect.DelegatingMethodAccessorImpl.invoke(DelegatingMethodAccessorImpl.java:43)
	at java.lang.reflect.Method.invoke(Method.java:498)
	at org.junit.runners.model.FrameworkMethod$1.runReflectiveCall(FrameworkMethod.java:45)
	at org.junit.internal.runners.model.ReflectiveCallable.run(ReflectiveCallable.java:15)
	at org.junit.runners.model.FrameworkMethod.invokeExplosively(FrameworkMethod.java:42)
	at org.junit.internal.runners.statements.InvokeMethod.evaluate(InvokeMethod.java:20)
	at org.junit.internal.runners.statements.RunBefores.evaluate(RunBefores.java:28)
	at org.junit.runners.ParentRunner.runLeaf(ParentRunner.java:263)
	at org.junit.runners.BlockJUnit4ClassRunner.runChild(BlockJUnit4ClassRunner.java:68)
	at org.junit.runners.BlockJUnit4ClassRunner.runChild(BlockJUnit4ClassRunner.java:47)
	at org.junit.runners.ParentRunner$3.run(ParentRunner.java:231)
	at org.junit.runners.ParentRunner$1.schedule(ParentRunner.java:60)
	at org.junit.runners.ParentRunner.runChildren(ParentRunner.java:229)
	at org.junit.runners.ParentRunner.access$000(ParentRunner.java:50)
	at org.junit.runners.ParentRunner$2.evaluate(ParentRunner.java:222)
	at org.junit.runners.ParentRunner.run(ParentRunner.java:300)
	at org.apache.maven.surefire.junit4.JUnit4Provider.execute(JUnit4Provider.java:252)
	at org.apache.maven.surefire.junit4.JUnit4Provider.executeTestSet(JUnit4Provider.java:141)
	at org.apache.maven.surefire.junit4.JUnit4Provider.invoke(JUnit4Provider.java:112)
	at sun.reflect.NativeMethodAccessorImpl.invoke0(Native Method)
	at sun.reflect.NativeMethodAccessorImpl.invoke(NativeMethodAccessorImpl.java:62)
	at sun.reflect.DelegatingMethodAccessorImpl.invoke(DelegatingMethodAccessorImpl.java:43)
	at java.lang.reflect.Method.invoke(Method.java:498)
	at org.apache.maven.surefire.util.ReflectionUtils.invokeMethodWithArray(ReflectionUtils.java:189)
	at org.apache.maven.surefire.booter.ProviderFactory$ProviderProxy.invoke(ProviderFactory.java:165)
	at org.apache.maven.surefire.booter.ProviderFactory.invokeProvider(ProviderFactory.java:85)
	at org.apache.maven.surefire.booter.ForkedBooter.runSuitesInProcess(ForkedBooter.java:115)
	at org.apache.maven.surefire.booter.ForkedBooter.main(ForkedBooter.java:75)
07:19:40,331  WARN [DefaultMultipartConfig] Unable to find temp directory, creating a dir inside the application
java.io.IOException
	at br.com.caelum.vraptor.interceptor.multipart.CommonsUploadMultipartInterceptor.intercept(CommonsUploadMultipartInterceptor.java:96)
	at br.com.caelum.vraptor.interceptor.multipart.CommonsUploadMultipartInterceptorTest.shouldCreateDirInsideAppIfTempDirAreNotAvailable(CommonsUploadMultipartInterceptorTest.java:263)
	at sun.reflect.NativeMethodAccessorImpl.invoke0(Native Method)
	at sun.reflect.NativeMethodAccessorImpl.invoke(NativeMethodAccessorImpl.java:62)
	at sun.reflect.DelegatingMethodAccessorImpl.invoke(DelegatingMethodAccessorImpl.java:43)
	at java.lang.reflect.Method.invoke(Method.java:498)
	at org.junit.runners.model.FrameworkMethod$1.runReflectiveCall(FrameworkMethod.java:45)
	at org.junit.internal.runners.model.ReflectiveCallable.run(ReflectiveCallable.java:15)
	at org.junit.runners.model.FrameworkMethod.invokeExplosively(FrameworkMethod.java:42)
	at org.junit.internal.runners.statements.InvokeMethod.evaluate(InvokeMethod.java:20)
	at org.junit.internal.runners.statements.RunBefores.evaluate(RunBefores.java:28)
	at org.junit.runners.ParentRunner.runLeaf(ParentRunner.java:263)
	at org.junit.runners.BlockJUnit4ClassRunner.runChild(BlockJUnit4ClassRunner.java:68)
	at org.junit.runners.BlockJUnit4ClassRunner.runChild(BlockJUnit4ClassRunner.java:47)
	at org.junit.runners.ParentRunner$3.run(ParentRunner.java:231)
	at org.junit.runners.ParentRunner$1.schedule(ParentRunner.java:60)
	at org.junit.runners.ParentRunner.runChildren(ParentRunner.java:229)
	at org.junit.runners.ParentRunner.access$000(ParentRunner.java:50)
	at org.junit.runners.ParentRunner$2.evaluate(ParentRunner.java:222)
	at org.junit.runners.ParentRunner.run(ParentRunner.java:300)
	at org.apache.maven.surefire.junit4.JUnit4Provider.execute(JUnit4Provider.java:252)
	at org.apache.maven.surefire.junit4.JUnit4Provider.executeTestSet(JUnit4Provider.java:141)
	at org.apache.maven.surefire.junit4.JUnit4Provider.invoke(JUnit4Provider.java:112)
	at sun.reflect.NativeMethodAccessorImpl.invoke0(Native Method)
	at sun.reflect.NativeMethodAccessorImpl.invoke(NativeMethodAccessorImpl.java:62)
	at sun.reflect.DelegatingMethodAccessorImpl.invoke(DelegatingMethodAccessorImpl.java:43)
	at java.lang.reflect.Method.invoke(Method.java:498)
	at org.apache.maven.surefire.util.ReflectionUtils.invokeMethodWithArray(ReflectionUtils.java:189)
	at org.apache.maven.surefire.booter.ProviderFactory$ProviderProxy.invoke(ProviderFactory.java:165)
	at org.apache.maven.surefire.booter.ProviderFactory.invokeProvider(ProviderFactory.java:85)
	at org.apache.maven.surefire.booter.ForkedBooter.runSuitesInProcess(ForkedBooter.java:115)
	at org.apache.maven.surefire.booter.ForkedBooter.main(ForkedBooter.java:75)
07:20:36,224  WARN [CommonsUploadMultipartInterceptor] There was some problem parsing this multipart request, or someone is not sending a RFC1867 compatible multipart request.
org.apache.commons.fileupload.FileUploadException
	at br.com.caelum.vraptor.interceptor.multipart.CommonsUploadMultipartInterceptor.intercept(CommonsUploadMultipartInterceptor.java:103)
	at br.com.caelum.vraptor.interceptor.multipart.CommonsUploadMultipartInterceptorTest.handleValidatorMessageWhenFileUploadExceptionOccurs(CommonsUploadMultipartInterceptorTest.java:297)
	at sun.reflect.NativeMethodAccessorImpl.invoke0(Native Method)
	at sun.reflect.NativeMethodAccessorImpl.invoke(NativeMethodAccessorImpl.java:62)
	at sun.reflect.DelegatingMethodAccessorImpl.invoke(DelegatingMethodAccessorImpl.java:43)
	at java.lang.reflect.Method.invoke(Method.java:498)
	at org.junit.runners.model.FrameworkMethod$1.runReflectiveCall(FrameworkMethod.java:45)
	at org.junit.internal.runners.model.ReflectiveCallable.run(ReflectiveCallable.java:15)
	at org.junit.runners.model.FrameworkMethod.invokeExplosively(FrameworkMethod.java:42)
	at org.junit.internal.runners.statements.InvokeMethod.evaluate(InvokeMethod.java:20)
	at org.junit.internal.runners.statements.RunBefores.evaluate(RunBefores.java:28)
	at org.junit.runners.ParentRunner.runLeaf(ParentRunner.java:263)
	at org.junit.runners.BlockJUnit4ClassRunner.runChild(BlockJUnit4ClassRunner.java:68)
	at org.junit.runners.BlockJUnit4ClassRunner.runChild(BlockJUnit4ClassRunner.java:47)
	at org.junit.runners.ParentRunner$3.run(ParentRunner.java:231)
	at org.junit.runners.ParentRunner$1.schedule(ParentRunner.java:60)
	at org.junit.runners.ParentRunner.runChildren(ParentRunner.java:229)
	at org.junit.runners.ParentRunner.access$000(ParentRunner.java:50)
	at org.junit.runners.ParentRunner$2.evaluate(ParentRunner.java:222)
	at org.junit.runners.ParentRunner.run(ParentRunner.java:300)
	at org.apache.maven.surefire.junit4.JUnit4Provider.execute(JUnit4Provider.java:252)
	at org.apache.maven.surefire.junit4.JUnit4Provider.executeTestSet(JUnit4Provider.java:141)
	at org.apache.maven.surefire.junit4.JUnit4Provider.invoke(JUnit4Provider.java:112)
	at sun.reflect.NativeMethodAccessorImpl.invoke0(Native Method)
	at sun.reflect.NativeMethodAccessorImpl.invoke(NativeMethodAccessorImpl.java:62)
	at sun.reflect.DelegatingMethodAccessorImpl.invoke(DelegatingMethodAccessorImpl.java:43)
	at java.lang.reflect.Method.invoke(Method.java:498)
	at org.apache.maven.surefire.util.ReflectionUtils.invokeMethodWithArray(ReflectionUtils.java:189)
	at org.apache.maven.surefire.booter.ProviderFactory$ProviderProxy.invoke(ProviderFactory.java:165)
	at org.apache.maven.surefire.booter.ProviderFactory.invokeProvider(ProviderFactory.java:85)
	at org.apache.maven.surefire.booter.ForkedBooter.runSuitesInProcess(ForkedBooter.java:115)
	at org.apache.maven.surefire.booter.ForkedBooter.main(ForkedBooter.java:75)
Tests run: 14, Failures: 0, Errors: 0, Skipped: 0, Time elapsed: 4,273.877 sec
Running br.com.caelum.vraptor.interceptor.ExecuteMethodInterceptorTest
Tests run: 9, Failures: 0, Errors: 0, Skipped: 0, Time elapsed: 121.289 sec
Running br.com.caelum.vraptor.interceptor.download.InputStreamDownloadTest
Tests run: 2, Failures: 0, Errors: 0, Skipped: 0, Time elapsed: 25.839 sec
Running br.com.caelum.vraptor.interceptor.download.ByteArrayDownloadTest
Tests run: 2, Failures: 0, Errors: 0, Skipped: 0, Time elapsed: 30.46 sec
Running br.com.caelum.vraptor.interceptor.download.FileDownloadTest
Tests run: 3, Failures: 0, Errors: 0, Skipped: 0, Time elapsed: 46.924 sec
Running br.com.caelum.vraptor.interceptor.DeserializingInterceptorTest
07:27:38,099  WARN [DeserializingInterceptor] Request does not have Content-Type and parameters will be not deserialized
Tests run: 9, Failures: 0, Errors: 0, Skipped: 0, Time elapsed: 169.956 sec
Running br.com.caelum.vraptor.interceptor.DownloadInterceptorTest
Tests run: 12, Failures: 0, Errors: 0, Skipped: 0, Time elapsed: 448.483 sec
Running br.com.caelum.vraptor.interceptor.ExceptionHandlerInterceptorTest
Tests run: 3, Failures: 0, Errors: 0, Skipped: 0, Time elapsed: 6.484 sec
Running br.com.caelum.vraptor.interceptor.TopologicalSortedInterceptorRegistryTest
Tests run: 7, Failures: 0, Errors: 0, Skipped: 0, Time elapsed: 9.485 sec
Running br.com.caelum.vraptor.interceptor.InstantiateInterceptorTest
Tests run: 3, Failures: 0, Errors: 0, Skipped: 0, Time elapsed: 10.416 sec
Running br.com.caelum.vraptor.interceptor.ResourceLookupInterceptorTest
Tests run: 4, Failures: 0, Errors: 0, Skipped: 0, Time elapsed: 17.955 sec
Running br.com.caelum.vraptor.interceptor.OutjectResultTest
Tests run: 4, Failures: 0, Errors: 0, Skipped: 0, Time elapsed: 103.185 sec
Running br.com.caelum.vraptor.interceptor.DefaultTypeNameExtractorTest
Tests run: 4, Failures: 0, Errors: 0, Skipped: 0, Time elapsed: 59.122 sec
Running br.com.caelum.vraptor.restfulie.relation.DefaultRelationBuilderTest
Tests run: 3, Failures: 0, Errors: 0, Skipped: 0, Time elapsed: 96.553 sec
Running br.com.caelum.vraptor.restfulie.LinkConverterJSONTest
Tests run: 3, Failures: 0, Errors: 0, Skipped: 0, Time elapsed: 1,347.637 sec
Running br.com.caelum.vraptor.restfulie.serialization.MethodValueSupportConverterTest
Tests run: 2, Failures: 0, Errors: 0, Skipped: 0, Time elapsed: 1,955.503 sec
Running br.com.caelum.vraptor.restfulie.serialization.RestfulSerializationTest
Tests run: 3, Failures: 0, Errors: 0, Skipped: 0, Time elapsed: 62.061 sec
Running br.com.caelum.vraptor.restfulie.serialization.RestfulSerializationJSONTest
Tests run: 3, Failures: 0, Errors: 0, Skipped: 0, Time elapsed: 57.306 sec
Running br.com.caelum.vraptor.restfulie.headers.DefaultRestHeadersHandlerTest
Tests run: 5, Failures: 0, Errors: 0, Skipped: 0, Time elapsed: 372.814 sec
Running br.com.caelum.vraptor.restfulie.LinkConverterTest
Tests run: 4, Failures: 0, Errors: 0, Skipped: 0, Time elapsed: 378.821 sec
Running br.com.caelum.vraptor.validator.ValidatorAcceptanceTest
Tests run: 1, Failures: 0, Errors: 0, Skipped: 0, Time elapsed: 81.095 sec
Running br.com.caelum.vraptor.validator.ReplicatorOutjectorTest
Tests run: 1, Failures: 0, Errors: 0, Skipped: 0, Time elapsed: 33.947 sec
Running br.com.caelum.vraptor.validator.ValidationsTest
Tests run: 19, Failures: 0, Errors: 0, Skipped: 0, Time elapsed: 136.067 sec
Running br.com.caelum.vraptor.validator.BeanValidatorTest
log4j:WARN No appenders could be found for logger (org.jboss.logging).
log4j:WARN Please initialize the log4j system properly.
log4j:WARN See http://logging.apache.org/log4j/1.2/faq.html#noconfig for more info.
09:28:52,595  WARN [DefaultBeanValidator] skiping validation, input bean is null.
09:29:06,117  WARN [NullBeanValidator   ] You are willing to validate an object, but there is no bean validation engine registered. Please add the jars of some implementation of Bean Validator.
09:29:09,836  WARN [NullBeanValidator   ] You are willing to validate an object, but there is no bean validation engine registered. Please add the jars of some implementation of Bean Validator.
09:29:12,656  WARN [NullBeanValidator   ] You are willing to validate an object, but there is no bean validation engine registered. Please add the jars of some implementation of Bean Validator.
09:34:33,253  WARN [DefaultBeanValidator] skiping validation, input bean is null.
09:36:33,484  WARN [DefaultBeanValidator] skiping validation, input bean is null.
Tests run: 13, Failures: 0, Errors: 0, Skipped: 0, Time elapsed: 2,260.315 sec
Running br.com.caelum.vraptor.validator.DefaultValidatorTest
Tests run: 12, Failures: 0, Errors: 0, Skipped: 0, Time elapsed: 613.354 sec
Running br.com.caelum.vraptor.validator.MethodValidatorTest
Tests run: 5, Failures: 0, Errors: 0, Skipped: 0, Time elapsed: 417.588 sec
Running br.com.caelum.vraptor.serialization.xstream.XStreamXMLSerializationTest
Tests run: 27, Failures: 0, Errors: 0, Skipped: 1, Time elapsed: 764.43 sec
Running br.com.caelum.vraptor.serialization.xstream.XStreamSerializerTest
Tests run: 27, Failures: 0, Errors: 0, Skipped: 1, Time elapsed: 662.757 sec
Running br.com.caelum.vraptor.serialization.xstream.XStreamJSONSerializationTest
Tests run: 26, Failures: 0, Errors: 0, Skipped: 1, Time elapsed: 675.198 sec
Running br.com.caelum.vraptor.serialization.xstream.XStreamJSONPSerializationTest
Tests run: 2, Failures: 0, Errors: 0, Skipped: 0, Time elapsed: 93.227 sec
Running br.com.caelum.vraptor.serialization.DefaultXMLConfigurationTest
Tests run: 2, Failures: 0, Errors: 0, Skipped: 0, Time elapsed: 0.347 sec
Running br.com.caelum.vraptor.serialization.I18nMessageSerializationTest
Tests run: 3, Failures: 0, Errors: 0, Skipped: 0, Time elapsed: 38.891 sec
Running br.com.caelum.vraptor.serialization.PackageComparatorTest
Tests run: 3, Failures: 0, Errors: 0, Skipped: 0, Time elapsed: 16.364 sec
Running br.com.caelum.vraptor.serialization.DefaultRepresentationResultTest
Tests run: 7, Failures: 0, Errors: 0, Skipped: 0, Time elapsed: 108.29 sec
Running br.com.caelum.vraptor.serialization.gson.adapters.MessageSerializerTest
Tests run: 1, Failures: 0, Errors: 0, Skipped: 0, Time elapsed: 152.419 sec
Running br.com.caelum.vraptor.serialization.gson.GsonJSONSerializationTest
Tests run: 27, Failures: 0, Errors: 0, Skipped: 1, Time elapsed: 533.464 sec
Running br.com.caelum.vraptor.serialization.HTMLSerializationTest
Tests run: 6, Failures: 0, Errors: 0, Skipped: 0, Time elapsed: 51.96 sec
Running br.com.caelum.vraptor.view.DefaultValidationViewsFactoryTest
Tests run: 24, Failures: 0, Errors: 0, Skipped: 0, Time elapsed: 522.595 sec
Running br.com.caelum.vraptor.view.LinkToHandlerTest
Tests run: 11, Failures: 0, Errors: 0, Skipped: 0, Time elapsed: 169.791 sec
Running br.com.caelum.vraptor.view.DefaultLogicResultTest
Tests run: 12, Failures: 0, Errors: 0, Skipped: 0, Time elapsed: 146.656 sec
Running br.com.caelum.vraptor.view.DefaultAcceptHeaderToFormatTest
Tests run: 15, Failures: 0, Errors: 0, Skipped: 0, Time elapsed: 71.696 sec
Running br.com.caelum.vraptor.view.DefaultHttpResultTest
Tests run: 12, Failures: 0, Errors: 0, Skipped: 0, Time elapsed: 252.947 sec
Running br.com.caelum.vraptor.view.DefaultPathResolverTest
Tests run: 3, Failures: 0, Errors: 0, Skipped: 0, Time elapsed: 55.934 sec
Running br.com.caelum.vraptor.view.DefaultRefererResultTest
Tests run: 6, Failures: 0, Errors: 0, Skipped: 0, Time elapsed: 150.079 sec
Running br.com.caelum.vraptor.view.DefaultPageResultTest
Tests run: 14, Failures: 0, Errors: 0, Skipped: 0, Time elapsed: 236.142 sec
Running br.com.caelum.vraptor.view.DefaultStatusTest
Tests run: 13, Failures: 0, Errors: 0, Skipped: 0, Time elapsed: 217.188 sec
Running br.com.caelum.vraptor.ioc.guice.SessionCustomScopeTest
Tests run: 3, Failures: 0, Errors: 0, Skipped: 0, Time elapsed: 103.827 sec
Running br.com.caelum.vraptor.ioc.guice.GuiceProviderTest
Tests run: 25, Failures: 0, Errors: 0, Skipped: 0, Time elapsed: 7,351.006 sec
Running br.com.caelum.vraptor.ioc.spring.SpringBasedContainerTest
Tests run: 16, Failures: 0, Errors: 0, Skipped: 0, Time elapsed: 5,773.845 sec
Running br.com.caelum.vraptor.ioc.spring.VRaptorScopeResolverTest
Tests run: 4, Failures: 0, Errors: 0, Skipped: 0, Time elapsed: 8.351 sec
Running br.com.caelum.vraptor.ioc.spring.SpringProviderRegisteringComponentsTest
Tests run: 21, Failures: 0, Errors: 2, Skipped: 0, Time elapsed: 3,507.997 sec <<< FAILURE!
canProvideAllRequestScopedComponents(br.com.caelum.vraptor.ioc.spring.SpringProviderRegisteringComponentsTest)  Time elapsed: 152.842 sec  <<< ERROR!
java.lang.RuntimeException: java.util.concurrent.TimeoutException
	at br.com.caelum.vraptor.ioc.spring.SpringProviderRegisteringComponentsTest.executeInsideRequest(SpringProviderRegisteringComponentsTest.java:81)
	at br.com.caelum.vraptor.ioc.GenericContainerTest.registerAndGetFromContainer(GenericContainerTest.java:324)
	at br.com.caelum.vraptor.ioc.GenericContainerTest.checkAvailabilityFor(GenericContainerTest.java:300)
	at br.com.caelum.vraptor.ioc.GenericContainerTest.checkAvailabilityFor(GenericContainerTest.java:377)
	at br.com.caelum.vraptor.ioc.GenericContainerTest.canProvideAllRequestScopedComponents(GenericContainerTest.java:117)
	at sun.reflect.NativeMethodAccessorImpl.invoke0(Native Method)
	at sun.reflect.NativeMethodAccessorImpl.invoke(NativeMethodAccessorImpl.java:62)
	at sun.reflect.DelegatingMethodAccessorImpl.invoke(DelegatingMethodAccessorImpl.java:43)
	at java.lang.reflect.Method.invoke(Method.java:498)
	at org.junit.runners.model.FrameworkMethod$1.runReflectiveCall(FrameworkMethod.java:45)
	at org.junit.internal.runners.model.ReflectiveCallable.run(ReflectiveCallable.java:15)
	at org.junit.runners.model.FrameworkMethod.invokeExplosively(FrameworkMethod.java:42)
	at org.junit.internal.runners.statements.InvokeMethod.evaluate(InvokeMethod.java:20)
	at org.junit.internal.runners.statements.RunBefores.evaluate(RunBefores.java:28)
	at org.junit.internal.runners.statements.RunAfters.evaluate(RunAfters.java:30)
	at org.junit.runners.ParentRunner.runLeaf(ParentRunner.java:263)
	at org.junit.runners.BlockJUnit4ClassRunner.runChild(BlockJUnit4ClassRunner.java:68)
	at org.junit.runners.BlockJUnit4ClassRunner.runChild(BlockJUnit4ClassRunner.java:47)
	at org.junit.runners.ParentRunner$3.run(ParentRunner.java:231)
	at org.junit.runners.ParentRunner$1.schedule(ParentRunner.java:60)
	at org.junit.runners.ParentRunner.runChildren(ParentRunner.java:229)
	at org.junit.runners.ParentRunner.access$000(ParentRunner.java:50)
	at org.junit.runners.ParentRunner$2.evaluate(ParentRunner.java:222)
	at org.junit.runners.ParentRunner.run(ParentRunner.java:300)
	at org.apache.maven.surefire.junit4.JUnit4Provider.execute(JUnit4Provider.java:252)
	at org.apache.maven.surefire.junit4.JUnit4Provider.executeTestSet(JUnit4Provider.java:141)
	at org.apache.maven.surefire.junit4.JUnit4Provider.invoke(JUnit4Provider.java:112)
	at sun.reflect.NativeMethodAccessorImpl.invoke0(Native Method)
	at sun.reflect.NativeMethodAccessorImpl.invoke(NativeMethodAccessorImpl.java:62)
	at sun.reflect.DelegatingMethodAccessorImpl.invoke(DelegatingMethodAccessorImpl.java:43)
	at java.lang.reflect.Method.invoke(Method.java:498)
	at org.apache.maven.surefire.util.ReflectionUtils.invokeMethodWithArray(ReflectionUtils.java:189)
	at org.apache.maven.surefire.booter.ProviderFactory$ProviderProxy.invoke(ProviderFactory.java:165)
	at org.apache.maven.surefire.booter.ProviderFactory.invokeProvider(ProviderFactory.java:85)
	at org.apache.maven.surefire.booter.ForkedBooter.runSuitesInProcess(ForkedBooter.java:115)
	at org.apache.maven.surefire.booter.ForkedBooter.main(ForkedBooter.java:75)
Caused by: java.util.concurrent.TimeoutException
	at java.util.concurrent.FutureTask.get(FutureTask.java:205)
	at br.com.caelum.vraptor.ioc.spring.SpringProviderRegisteringComponentsTest.executeInsideRequest(SpringProviderRegisteringComponentsTest.java:78)
	... 35 more

shouldReturnAllDefaultDeserializers(br.com.caelum.vraptor.ioc.spring.SpringProviderRegisteringComponentsTest)  Time elapsed: 154.55 sec  <<< ERROR!
java.lang.RuntimeException: java.util.concurrent.TimeoutException
	at br.com.caelum.vraptor.ioc.spring.SpringProviderRegisteringComponentsTest.executeInsideRequest(SpringProviderRegisteringComponentsTest.java:81)
	at br.com.caelum.vraptor.ioc.GenericContainerTest.shouldReturnAllDefaultDeserializers(GenericContainerTest.java:465)
	at sun.reflect.NativeMethodAccessorImpl.invoke0(Native Method)
	at sun.reflect.NativeMethodAccessorImpl.invoke(NativeMethodAccessorImpl.java:62)
	at sun.reflect.DelegatingMethodAccessorImpl.invoke(DelegatingMethodAccessorImpl.java:43)
	at java.lang.reflect.Method.invoke(Method.java:498)
	at org.junit.runners.model.FrameworkMethod$1.runReflectiveCall(FrameworkMethod.java:45)
	at org.junit.internal.runners.model.ReflectiveCallable.run(ReflectiveCallable.java:15)
	at org.junit.runners.model.FrameworkMethod.invokeExplosively(FrameworkMethod.java:42)
	at org.junit.internal.runners.statements.InvokeMethod.evaluate(InvokeMethod.java:20)
	at org.junit.internal.runners.statements.RunBefores.evaluate(RunBefores.java:28)
	at org.junit.internal.runners.statements.RunAfters.evaluate(RunAfters.java:30)
	at org.junit.runners.ParentRunner.runLeaf(ParentRunner.java:263)
	at org.junit.runners.BlockJUnit4ClassRunner.runChild(BlockJUnit4ClassRunner.java:68)
	at org.junit.runners.BlockJUnit4ClassRunner.runChild(BlockJUnit4ClassRunner.java:47)
	at org.junit.runners.ParentRunner$3.run(ParentRunner.java:231)
	at org.junit.runners.ParentRunner$1.schedule(ParentRunner.java:60)
	at org.junit.runners.ParentRunner.runChildren(ParentRunner.java:229)
	at org.junit.runners.ParentRunner.access$000(ParentRunner.java:50)
	at org.junit.runners.ParentRunner$2.evaluate(ParentRunner.java:222)
	at org.junit.runners.ParentRunner.run(ParentRunner.java:300)
	at org.apache.maven.surefire.junit4.JUnit4Provider.execute(JUnit4Provider.java:252)
	at org.apache.maven.surefire.junit4.JUnit4Provider.executeTestSet(JUnit4Provider.java:141)
	at org.apache.maven.surefire.junit4.JUnit4Provider.invoke(JUnit4Provider.java:112)
	at sun.reflect.NativeMethodAccessorImpl.invoke0(Native Method)
	at sun.reflect.NativeMethodAccessorImpl.invoke(NativeMethodAccessorImpl.java:62)
	at sun.reflect.DelegatingMethodAccessorImpl.invoke(DelegatingMethodAccessorImpl.java:43)
	at java.lang.reflect.Method.invoke(Method.java:498)
	at org.apache.maven.surefire.util.ReflectionUtils.invokeMethodWithArray(ReflectionUtils.java:189)
	at org.apache.maven.surefire.booter.ProviderFactory$ProviderProxy.invoke(ProviderFactory.java:165)
	at org.apache.maven.surefire.booter.ProviderFactory.invokeProvider(ProviderFactory.java:85)
	at org.apache.maven.surefire.booter.ForkedBooter.runSuitesInProcess(ForkedBooter.java:115)
	at org.apache.maven.surefire.booter.ForkedBooter.main(ForkedBooter.java:75)
Caused by: java.util.concurrent.TimeoutException
	at java.util.concurrent.FutureTask.get(FutureTask.java:205)
	at br.com.caelum.vraptor.ioc.spring.SpringProviderRegisteringComponentsTest.executeInsideRequest(SpringProviderRegisteringComponentsTest.java:78)
	... 32 more

Running br.com.caelum.vraptor.ioc.spring.SpringProviderTest
15:56:58,065 ERROR [ScannotationComponentScanner] There's no occurence of package br.com.caelum.vraptor.ioc.spring.components.registrar in classpath
15:59:11,420 ERROR [ScannotationComponentScanner] There's no occurence of package br.com.caelum.vraptor.ioc.spring.components.registrar in classpath
15:59:50,565 ERROR [ScannotationComponentScanner] There's no occurence of package br.com.caelum.vraptor.ioc.spring.components.registrar in classpath
Tests run: 3, Failures: 0, Errors: 0, Skipped: 0, Time elapsed: 1,608.159 sec
Running br.com.caelum.vraptor.ioc.AbstractComponentRegistryTest
Tests run: 2, Failures: 0, Errors: 0, Skipped: 0, Time elapsed: 90.843 sec
Running br.com.caelum.vraptor.ioc.ComponentFactoryIntrospectorTest
Tests run: 5, Failures: 0, Errors: 0, Skipped: 0, Time elapsed: 10.748 sec
Running br.com.caelum.vraptor.ioc.pico.PicoComponentRegistryTest
16:26:41,647  WARN [PicoComponentRegistry] VRaptor was already initialized, the contexts were created but you are registering a component.This is nasty. The original component might already be in use.Avoid doing it: br.com.caelum.vraptor.ioc.pico.PicoComponentRegistryTest$Base
Tests run: 2, Failures: 0, Errors: 0, Skipped: 0, Time elapsed: 120.315 sec
Running br.com.caelum.vraptor.ioc.pico.CustomPicoProviderTest
16:46:49,923  WARN [PicoComponentRegistry] VRaptor was already initialized, the contexts were created but you are registering a component.This is nasty. The original component might already be in use.Avoid doing it: br.com.caelum.vraptor.ioc.GenericContainerTest$MyAppComponent
16:47:52,715  WARN [PicoComponentRegistry] VRaptor was already initialized, the contexts were created but you are registering a component.This is nasty. The original component might already be in use.Avoid doing it: br.com.caelum.vraptor.ioc.GenericContainerTest$MyAppComponentWithLifecycle
Tests run: 25, Failures: 0, Errors: 0, Skipped: 0, Time elapsed: 1,858.654 sec
Running br.com.caelum.vraptor.ioc.pico.PicoBasedContainerTest
Tests run: 3, Failures: 0, Errors: 0, Skipped: 0, Time elapsed: 8.967 sec
Running br.com.caelum.vraptor.ioc.pico.PicoProviderTest
17:05:07,547  WARN [PicoComponentRegistry] VRaptor was already initialized, the contexts were created but you are registering a component.This is nasty. The original component might already be in use.Avoid doing it: br.com.caelum.vraptor.ioc.GenericContainerTest$MyAppComponent
17:06:05,687  WARN [PicoComponentRegistry] VRaptor was already initialized, the contexts were created but you are registering a component.This is nasty. The original component might already be in use.Avoid doing it: br.com.caelum.vraptor.ioc.GenericContainerTest$MyAppComponentWithLifecycle
Tests run: 22, Failures: 0, Errors: 0, Skipped: 0, Time elapsed: 933.495 sec
Running br.com.caelum.vraptor.ioc.InterceptorStereotypeHandlerTest
Tests run: 1, Failures: 0, Errors: 0, Skipped: 0, Time elapsed: 21.383 sec
Running br.com.caelum.vraptor.deserialization.JsonDeserializerTest
Tests run: 6, Failures: 0, Errors: 0, Skipped: 0, Time elapsed: 125.608 sec
Running br.com.caelum.vraptor.deserialization.DeserializesHandlerTest
Tests run: 3, Failures: 0, Errors: 0, Skipped: 0, Time elapsed: 11.765 sec
Running br.com.caelum.vraptor.deserialization.DefaultDeserializersTest
Tests run: 6, Failures: 0, Errors: 0, Skipped: 0, Time elapsed: 55.255 sec
Running br.com.caelum.vraptor.deserialization.XStreamXmlDeserializerTest
Tests run: 7, Failures: 0, Errors: 0, Skipped: 0, Time elapsed: 127.059 sec
Running br.com.caelum.vraptor.deserialization.gson.GsonDeserializerTest
Tests run: 20, Failures: 0, Errors: 0, Skipped: 0, Time elapsed: 232.32 sec
Running br.com.caelum.vraptor.proxy.CglibProxifierTest
Tests run: 8, Failures: 0, Errors: 0, Skipped: 0, Time elapsed: 0.919 sec
Running br.com.caelum.vraptor.proxy.JavassistProxifierTest
Tests run: 8, Failures: 0, Errors: 0, Skipped: 0, Time elapsed: 38.204 sec
Running br.com.caelum.vraptor.proxy.ReflectionInstanceCreatorTest
Tests run: 5, Failures: 0, Errors: 0, Skipped: 0, Time elapsed: 17.104 sec
Running br.com.caelum.vraptor.extra.ForwardToDefaultViewInterceptorTest
Tests run: 3, Failures: 0, Errors: 0, Skipped: 0, Time elapsed: 6.222 sec
Running br.com.caelum.vraptor.scan.WebBasedClasspathResolverTest
17:24:49,582 ERROR [WebBasedClasspathResolver] Could not get class loader from servlet context. Using current thread class loader...
java.lang.SecurityException: getClassLoader
	at br.com.caelum.vraptor.scan.WebBasedClasspathResolver.getClassLoader(WebBasedClasspathResolver.java:49)
	at br.com.caelum.vraptor.scan.WebBasedClasspathResolverTest.callerContextDifferentFromRequestedClassLoaderReturnsCurrentClassLoader(WebBasedClasspathResolverTest.java:20)
	at sun.reflect.NativeMethodAccessorImpl.invoke0(Native Method)
	at sun.reflect.NativeMethodAccessorImpl.invoke(NativeMethodAccessorImpl.java:62)
	at sun.reflect.DelegatingMethodAccessorImpl.invoke(DelegatingMethodAccessorImpl.java:43)
	at java.lang.reflect.Method.invoke(Method.java:498)
	at org.junit.runners.model.FrameworkMethod$1.runReflectiveCall(FrameworkMethod.java:45)
	at org.junit.internal.runners.model.ReflectiveCallable.run(ReflectiveCallable.java:15)
	at org.junit.runners.model.FrameworkMethod.invokeExplosively(FrameworkMethod.java:42)
	at org.junit.internal.runners.statements.InvokeMethod.evaluate(InvokeMethod.java:20)
	at org.junit.runners.ParentRunner.runLeaf(ParentRunner.java:263)
	at org.junit.runners.BlockJUnit4ClassRunner.runChild(BlockJUnit4ClassRunner.java:68)
	at org.junit.runners.BlockJUnit4ClassRunner.runChild(BlockJUnit4ClassRunner.java:47)
	at org.junit.runners.ParentRunner$3.run(ParentRunner.java:231)
	at org.junit.runners.ParentRunner$1.schedule(ParentRunner.java:60)
	at org.junit.runners.ParentRunner.runChildren(ParentRunner.java:229)
	at org.junit.runners.ParentRunner.access$000(ParentRunner.java:50)
	at org.junit.runners.ParentRunner$2.evaluate(ParentRunner.java:222)
	at org.junit.runners.ParentRunner.run(ParentRunner.java:300)
	at org.apache.maven.surefire.junit4.JUnit4Provider.execute(JUnit4Provider.java:252)
	at org.apache.maven.surefire.junit4.JUnit4Provider.executeTestSet(JUnit4Provider.java:141)
	at org.apache.maven.surefire.junit4.JUnit4Provider.invoke(JUnit4Provider.java:112)
	at sun.reflect.NativeMethodAccessorImpl.invoke0(Native Method)
	at sun.reflect.NativeMethodAccessorImpl.invoke(NativeMethodAccessorImpl.java:62)
	at sun.reflect.DelegatingMethodAccessorImpl.invoke(DelegatingMethodAccessorImpl.java:43)
	at java.lang.reflect.Method.invoke(Method.java:498)
	at org.apache.maven.surefire.util.ReflectionUtils.invokeMethodWithArray(ReflectionUtils.java:189)
	at org.apache.maven.surefire.booter.ProviderFactory$ProviderProxy.invoke(ProviderFactory.java:165)
	at org.apache.maven.surefire.booter.ProviderFactory.invokeProvider(ProviderFactory.java:85)
	at org.apache.maven.surefire.booter.ForkedBooter.runSuitesInProcess(ForkedBooter.java:115)
	at org.apache.maven.surefire.booter.ForkedBooter.main(ForkedBooter.java:75)
Tests run: 1, Failures: 0, Errors: 0, Skipped: 0, Time elapsed: 7.255 sec
Running br.com.caelum.vraptor.scan.DynamicWebAppBootstrapTest
Tests run: 3, Failures: 0, Errors: 0, Skipped: 0, Time elapsed: 8.145 sec
Running br.com.caelum.vraptor.scan.JavassistBootstrapGeneratorTest
Tests run: 2, Failures: 0, Errors: 0, Skipped: 0, Time elapsed: 92.402 sec
Running br.com.caelum.vraptor.scan.NullWebAppBootstrapTest
Tests run: 1, Failures: 0, Errors: 0, Skipped: 0, Time elapsed: 0.2 sec
Running br.com.caelum.vraptor.scan.ScannotationComponentScannerTest
Tests run: 4, Failures: 0, Errors: 0, Skipped: 0, Time elapsed: 10,103.52 sec
Running br.com.caelum.vraptor.util.test.MockSerializationResultTest
Tests run: 1, Failures: 0, Errors: 0, Skipped: 0, Time elapsed: 14.125 sec
Running br.com.caelum.vraptor.util.test.MockResultTest
Tests run: 7, Failures: 0, Errors: 0, Skipped: 0, Time elapsed: 47.591 sec
Running br.com.caelum.vraptor.util.test.MockValidatorTest
Tests run: 3, Failures: 0, Errors: 0, Skipped: 0, Time elapsed: 35.046 sec
Running br.com.caelum.vraptor.util.test.MockHttpServletResponseTest
Tests run: 2, Failures: 0, Errors: 0, Skipped: 0, Time elapsed: 4.463 sec
Running br.com.caelum.vraptor.util.test.MockHttpResultTest
Tests run: 1, Failures: 0, Errors: 0, Skipped: 0, Time elapsed: 5.256 sec
Running br.com.caelum.vraptor.util.ISO8601UtilTest
Tests run: 8, Failures: 0, Errors: 0, Skipped: 0, Time elapsed: 18.641 sec
Running br.com.caelum.vraptor.util.extjs.DefaultExtJsonTest
Tests run: 4, Failures: 0, Errors: 0, Skipped: 0, Time elapsed: 39.819 sec
Running br.com.caelum.vraptor.util.StringnifierTest
Tests run: 4, Failures: 0, Errors: 0, Skipped: 0, Time elapsed: 5.541 sec
Running br.com.caelum.vraptor.config.ApplicationConfigurationTest
Tests run: 2, Failures: 0, Errors: 0, Skipped: 0, Time elapsed: 7.052 sec
Running br.com.caelum.vraptor.config.BasicConfigurationTest
Tests run: 16, Failures: 0, Errors: 0, Skipped: 0, Time elapsed: 54.454 sec

Results :

Tests in error: 
  canProvideAllRequestScopedComponents(br.com.caelum.vraptor.ioc.spring.SpringProviderRegisteringComponentsTest): java.util.concurrent.TimeoutException
  shouldReturnAllDefaultDeserializers(br.com.caelum.vraptor.ioc.spring.SpringProviderRegisteringComponentsTest): java.util.concurrent.TimeoutException

Tests run: 1139, Failures: 0, Errors: 2, Skipped: 6

[INFO] 
[INFO] ------------------------------------------------------------------------
[INFO] Skipping vraptor-plugin-gae
[INFO] This project has been banned from the build due to previous failures.
[INFO] ------------------------------------------------------------------------
[INFO] 
[INFO] ------------------------------------------------------------------------
[INFO] Skipping vraptor-mydvds
[INFO] This project has been banned from the build due to previous failures.
[INFO] ------------------------------------------------------------------------
[INFO] 
[INFO] ------------------------------------------------------------------------
[INFO] Skipping vraptor-blank-project
[INFO] This project has been banned from the build due to previous failures.
[INFO] ------------------------------------------------------------------------
[INFO] 
[INFO] ------------------------------------------------------------------------
[INFO] Skipping vraptor-blank-project-gae
[INFO] This project has been banned from the build due to previous failures.
[INFO] ------------------------------------------------------------------------
[INFO] ------------------------------------------------------------------------
[INFO] Reactor Summary for VRaptor3 3.5.6-SNAPSHOT:
[INFO] 
[INFO] VRaptor3 ........................................... SUCCESS [22:52 min]
[INFO] vraptor ............................................ FAILURE [  20:53 h]
[INFO] vraptor-plugin-gae ................................. SKIPPED
[INFO] vraptor-mydvds ..................................... SKIPPED
[INFO] vraptor-blank-project .............................. SKIPPED
[INFO] vraptor-blank-project-gae .......................... SKIPPED
[INFO] ------------------------------------------------------------------------
[INFO] BUILD FAILURE
[INFO] ------------------------------------------------------------------------
[INFO] Total time:  21:24 h
[INFO] Finished at: 2021-11-01T20:20:04Z
[INFO] ------------------------------------------------------------------------
[ERROR] Failed to execute goal org.apache.maven.plugins:maven-surefire-plugin:2.12.4:test (default-test) on project vraptor: There are test failures.
[ERROR] 
[ERROR] Please refer to /home/target/vraptor-core/target/surefire-reports for the individual test results.
[ERROR] -> [Help 1]
[ERROR] 
[ERROR] To see the full stack trace of the errors, re-run Maven with the -e switch.
[ERROR] Re-run Maven using the -X switch to enable full debug logging.
[ERROR] 
[ERROR] For more information about the errors and possible solutions, please read the following articles:
[ERROR] [Help 1] http://cwiki.apache.org/confluence/display/MAVEN/MojoFailureException
[ERROR] 
[ERROR] After correcting the problems, you can resume the build with the command
[ERROR]   mvn <args> -rf :vraptor
{'error': True, 'log_file': 'output-2021-10-31T21:51:21-3566.log', 'message': '', 'start_time': '2021-10-31T21:51:21', 'end_time': '2021-10-31T21:52:42', 'command': ['mvn', '-fae', 'test'], 'faketime_str': '+0 x1000.0', 'timezone': datetime.timezone(datetime.timedelta(0), 'UTC')}
