[INFO] Scanning for projects...
[INFO] ------------------------------------------------------------------------
[INFO] Reactor Build Order:
[INFO] 
[INFO] VRaptor3                                                           [pom]
[INFO] vraptor                                                            [jar]
[INFO] vraptor-plugin-gae                                                 [jar]
[INFO] vraptor-mydvds                                                     [war]
[INFO] vraptor-blank-project                                              [pom]
[INFO] vraptor-blank-project-gae                                          [pom]
[INFO] 
[INFO] --------------------< br.com.caelum:vraptor-parent >--------------------
[INFO] Building VRaptor3 3.5.6-SNAPSHOT                                   [1/6]
[INFO] --------------------------------[ pom ]---------------------------------
[INFO] 
[INFO] --- maven-enforcer-plugin:1.0:enforce (enforce-maven) @ vraptor-parent ---
[INFO] 
[INFO] -----------------------< br.com.caelum:vraptor >------------------------
[INFO] Building vraptor 3.5.6-SNAPSHOT                                    [2/6]
[INFO] --------------------------------[ jar ]---------------------------------
[INFO] 
[INFO] --- maven-enforcer-plugin:1.0:enforce (enforce-maven) @ vraptor ---
[INFO] 
[INFO] --- maven-antrun-plugin:1.7:run (process-sources) @ vraptor ---
[INFO] Executing tasks

main:
[INFO] Executed tasks
[INFO] 
[INFO] --- maven-resources-plugin:2.6:resources (default-resources) @ vraptor ---
[INFO] Using 'UTF-8' encoding to copy filtered resources.
[INFO] Copying 2 resources
[INFO] 
[INFO] --- maven-compiler-plugin:2.3.1:compile (default-compile) @ vraptor ---
[INFO] Compiling 1 source file to /home/target/vraptor-core/target/classes
[INFO] 
[INFO] --- maven-resources-plugin:2.6:testResources (default-testResources) @ vraptor ---
[INFO] Using 'UTF-8' encoding to copy filtered resources.
[INFO] Copying 3 resources
[INFO] 
[INFO] --- maven-compiler-plugin:2.3.1:testCompile (default-testCompile) @ vraptor ---
[INFO] Nothing to compile - all classes are up to date
[INFO] 
[INFO] --- maven-surefire-plugin:2.12.4:test (default-test) @ vraptor ---
[INFO] Surefire report directory: /home/target/vraptor-core/target/surefire-reports

-------------------------------------------------------
 T E S T S
-------------------------------------------------------
Running br.com.caelum.vraptor.VRaptorTest
Tests run: 4, Failures: 0, Errors: 0, Skipped: 0, Time elapsed: 26,858.13 sec
Running br.com.caelum.vraptor.converter.LocaleBasedDateConverterTest
Tests run: 5, Failures: 0, Errors: 0, Skipped: 0, Time elapsed: 651.06 sec
Running br.com.caelum.vraptor.converter.l10n.LocaleBasedPrimitiveFloatConverterTest
Tests run: 6, Failures: 0, Errors: 0, Skipped: 0, Time elapsed: 1,422.05 sec
Running br.com.caelum.vraptor.converter.l10n.LocaleBasedFloatConverterTest
Tests run: 6, Failures: 0, Errors: 0, Skipped: 0, Time elapsed: 902.85 sec
Running br.com.caelum.vraptor.converter.l10n.LocaleBasedBigDecimalConverterTest
Tests run: 6, Failures: 0, Errors: 0, Skipped: 0, Time elapsed: 5,086 sec
Running br.com.caelum.vraptor.converter.l10n.LocaleBasedDoubleConverterTest
Tests run: 6, Failures: 0, Errors: 0, Skipped: 0, Time elapsed: 132.94 sec
Running br.com.caelum.vraptor.converter.l10n.LocaleBasedPrimitiveDoubleConverterTest
Tests run: 6, Failures: 0, Errors: 0, Skipped: 0, Time elapsed: 137.23 sec
Running br.com.caelum.vraptor.converter.EnumConverterTest
Tests run: 7, Failures: 0, Errors: 0, Skipped: 0, Time elapsed: 88.38 sec
Running br.com.caelum.vraptor.converter.PrimitiveFloatConverterTest
Tests run: 4, Failures: 0, Errors: 0, Skipped: 0, Time elapsed: 125.63 sec
Running br.com.caelum.vraptor.converter.IntegerConverterTest
Tests run: 4, Failures: 0, Errors: 0, Skipped: 0, Time elapsed: 214.98 sec
Running br.com.caelum.vraptor.converter.LocaleBasedTimeConverterTest
Tests run: 5, Failures: 0, Errors: 0, Skipped: 0, Time elapsed: 162.65 sec
Running br.com.caelum.vraptor.converter.PrimitiveDoubleConverterTest
Tests run: 4, Failures: 0, Errors: 0, Skipped: 0, Time elapsed: 128.68 sec
Running br.com.caelum.vraptor.converter.FloatConverterTest
Tests run: 4, Failures: 0, Errors: 0, Skipped: 0, Time elapsed: 99.14 sec
Running br.com.caelum.vraptor.converter.DoubleConverterTest
Tests run: 4, Failures: 0, Errors: 0, Skipped: 0, Time elapsed: 81.72 sec
Running br.com.caelum.vraptor.converter.PrimitiveCharConverterTest
Tests run: 4, Failures: 0, Errors: 0, Skipped: 0, Time elapsed: 57.36 sec
Running br.com.caelum.vraptor.converter.PrimitiveIntConverterTest
Tests run: 4, Failures: 0, Errors: 0, Skipped: 0, Time elapsed: 96.94 sec
Running br.com.caelum.vraptor.converter.BooleanConverterTest
Tests run: 8, Failures: 0, Errors: 0, Skipped: 0, Time elapsed: 201.16 sec
Running br.com.caelum.vraptor.converter.PrimitiveByteConverterTest
Tests run: 4, Failures: 0, Errors: 0, Skipped: 0, Time elapsed: 73.92 sec
Running br.com.caelum.vraptor.converter.CharacterConverterTest
Tests run: 3, Failures: 0, Errors: 0, Skipped: 0, Time elapsed: 83.87 sec
Running br.com.caelum.vraptor.converter.LongConverterTest
Tests run: 4, Failures: 0, Errors: 0, Skipped: 0, Time elapsed: 48.89 sec
Running br.com.caelum.vraptor.converter.ShortConverterTest
Tests run: 4, Failures: 0, Errors: 0, Skipped: 0, Time elapsed: 52.49 sec
Running br.com.caelum.vraptor.converter.BigDecimalConverterTest
Tests run: 4, Failures: 0, Errors: 0, Skipped: 0, Time elapsed: 228.19 sec
Running br.com.caelum.vraptor.converter.BigIntegerConverterTest
Tests run: 5, Failures: 0, Errors: 0, Skipped: 0, Time elapsed: 154.59 sec
Running br.com.caelum.vraptor.converter.PrimitiveShortConverterTest
Tests run: 4, Failures: 0, Errors: 0, Skipped: 0, Time elapsed: 75.96 sec
Running br.com.caelum.vraptor.converter.LocaleBasedCalendarConverterTest
Tests run: 5, Failures: 0, Errors: 0, Skipped: 0, Time elapsed: 590.95 sec
Running br.com.caelum.vraptor.converter.ByteConverterTest
Tests run: 4, Failures: 0, Errors: 0, Skipped: 0, Time elapsed: 137.23 sec
Running br.com.caelum.vraptor.converter.PrimitiveLongConverterTest
Tests run: 4, Failures: 0, Errors: 0, Skipped: 0, Time elapsed: 173.16 sec
Running br.com.caelum.vraptor.converter.jodatime.DateTimeConverterTest
Tests run: 4, Failures: 0, Errors: 0, Skipped: 0, Time elapsed: 3,073.79 sec
Running br.com.caelum.vraptor.converter.jodatime.LocaleBasedJodaTimeConverterTest
Tests run: 2, Failures: 0, Errors: 0, Skipped: 0, Time elapsed: 598.3 sec
Running br.com.caelum.vraptor.converter.jodatime.LocalTimeConverterTest
Tests run: 4, Failures: 0, Errors: 0, Skipped: 0, Time elapsed: 4,394.13 sec
Running br.com.caelum.vraptor.converter.jodatime.DateMidnightConverterTest
Tests run: 4, Failures: 0, Errors: 0, Skipped: 0, Time elapsed: 6.18 sec
Running br.com.caelum.vraptor.converter.jodatime.LocalDateTimeConverterTest
Tests run: 4, Failures: 0, Errors: 0, Skipped: 0, Time elapsed: 83.25 sec
Running br.com.caelum.vraptor.converter.jodatime.LocalDateConverterTest
Tests run: 4, Failures: 0, Errors: 0, Skipped: 0, Time elapsed: 141.42 sec
Running br.com.caelum.vraptor.converter.PrimitiveBooleanConverterTest
Tests run: 8, Failures: 0, Errors: 0, Skipped: 0, Time elapsed: 125.81 sec
Running br.com.caelum.vraptor.resource.HttpMethodTest
Tests run: 6, Failures: 0, Errors: 0, Skipped: 0, Time elapsed: 34.75 sec
Running br.com.caelum.vraptor.resource.ResourceNotFoundHandlerTest
Tests run: 3, Failures: 0, Errors: 0, Skipped: 0, Time elapsed: 51.74 sec
Running br.com.caelum.vraptor.resource.DefaultMethodNotAllowedHandlerTest
Tests run: 4, Failures: 0, Errors: 0, Skipped: 0, Time elapsed: 55.92 sec
Running br.com.caelum.vraptor.http.VRaptorRequestTest
Tests run: 7, Failures: 0, Errors: 0, Skipped: 0, Time elapsed: 129.4 sec
Running br.com.caelum.vraptor.http.ParanamerNameProviderTest
Tests run: 9, Failures: 0, Errors: 0, Skipped: 0, Time elapsed: 152.99 sec
Running br.com.caelum.vraptor.http.DefaultParameterNameProviderTest
Tests run: 4, Failures: 0, Errors: 0, Skipped: 0, Time elapsed: 93.09 sec
Running br.com.caelum.vraptor.http.EncodingHandlerFactoryTest
Tests run: 2, Failures: 0, Errors: 0, Skipped: 0, Time elapsed: 72.74 sec
Running br.com.caelum.vraptor.http.DefaultResourceTranslatorTest
Tests run: 13, Failures: 0, Errors: 0, Skipped: 0, Time elapsed: 2,784.76 sec
Running br.com.caelum.vraptor.http.iogi.IogiParametersProviderTest
Tests run: 36, Failures: 0, Errors: 0, Skipped: 0, Time elapsed: 17,445.55 sec
Running br.com.caelum.vraptor.http.iogi.MiscIogiSupportTest
Tests run: 2, Failures: 0, Errors: 0, Skipped: 0, Time elapsed: 1,750.77 sec
Running br.com.caelum.vraptor.http.iogi.IogiGenericTypesSupportTest
Tests run: 6, Failures: 0, Errors: 0, Skipped: 0, Time elapsed: 10.36 sec
Running br.com.caelum.vraptor.http.ognl.VRaptorConvertersAdapterTest
Tests run: 3, Failures: 0, Errors: 0, Skipped: 0, Time elapsed: 1,526.07 sec
Running br.com.caelum.vraptor.http.ognl.EmptyElementsRemovalTest
Tests run: 4, Failures: 0, Errors: 0, Skipped: 0, Time elapsed: 182.83 sec
Running br.com.caelum.vraptor.http.ognl.OgnlParametersProviderTest
Tests run: 27, Failures: 0, Errors: 0, Skipped: 0, Time elapsed: 8,104.64 sec
Running br.com.caelum.vraptor.http.ognl.ArrayAccessorTest
Tests run: 3, Failures: 0, Errors: 0, Skipped: 1, Time elapsed: 1,567 sec
Running br.com.caelum.vraptor.http.ognl.ListAccessorTest
Tests run: 3, Failures: 0, Errors: 0, Skipped: 0, Time elapsed: 441.04 sec
Running br.com.caelum.vraptor.http.ognl.ListNullHandlerTest
Tests run: 2, Failures: 0, Errors: 0, Skipped: 0, Time elapsed: 921 sec
Running br.com.caelum.vraptor.http.ognl.MiscOgnlSupportTest
Tests run: 2, Failures: 0, Errors: 0, Skipped: 0, Time elapsed: 36.02 sec
Running br.com.caelum.vraptor.http.ognl.OgnlGenericTypesSupportTest
Tests run: 3, Failures: 0, Errors: 0, Skipped: 0, Time elapsed: 1,758.88 sec
Running br.com.caelum.vraptor.http.ognl.ReflectionBasedNullHandlerTest
Tests run: 7, Failures: 0, Errors: 0, Skipped: 0, Time elapsed: 1,220.67 sec
Running br.com.caelum.vraptor.http.ognl.GenericNullHandlerTest
Tests run: 9, Failures: 0, Errors: 0, Skipped: 0, Time elapsed: 826.13 sec
Running br.com.caelum.vraptor.http.route.DefaultRouterTest
Tests run: 12, Failures: 0, Errors: 0, Skipped: 0, Time elapsed: 2,125.51 sec
Running br.com.caelum.vraptor.http.route.PathAnnotationRoutesParserTest
Tests run: 33, Failures: 0, Errors: 0, Skipped: 0, Time elapsed: 7,634.47 sec
Running br.com.caelum.vraptor.http.route.DefaultParametersControlTest
Tests run: 25, Failures: 0, Errors: 0, Skipped: 0, Time elapsed: 1,902.29 sec
Running br.com.caelum.vraptor.http.route.RulesTest
Tests run: 1, Failures: 0, Errors: 0, Skipped: 0, Time elapsed: 2.85 sec
Running br.com.caelum.vraptor.http.route.DefaultTypeFinderTest
Tests run: 2, Failures: 0, Errors: 0, Skipped: 0, Time elapsed: 41.83 sec
Running br.com.caelum.vraptor.http.route.JavaEvaluatorTest
Tests run: 9, Failures: 0, Errors: 0, Skipped: 0, Time elapsed: 125.43 sec
Running br.com.caelum.vraptor.http.route.FixedMethodStrategyTest
Tests run: 2, Failures: 0, Errors: 0, Skipped: 0, Time elapsed: 245.3 sec
Running br.com.caelum.vraptor.http.route.RouteBuilderTest
Tests run: 10, Failures: 0, Errors: 0, Skipped: 1, Time elapsed: 683.3 sec
Running br.com.caelum.vraptor.http.WebXmlEncodingHandlerTest
Tests run: 2, Failures: 0, Errors: 0, Skipped: 0, Time elapsed: 104.68 sec
Running br.com.caelum.vraptor.http.DefaultFormatResolverTest
Tests run: 5, Failures: 0, Errors: 0, Skipped: 0, Time elapsed: 1,689.03 sec
Running br.com.caelum.vraptor.core.DefaultInterceptorStackTest
Tests run: 2, Failures: 0, Errors: 0, Skipped: 0, Time elapsed: 2.37 sec
Running br.com.caelum.vraptor.core.ToInstantiateInterceptorHandlerTest
Tests run: 3, Failures: 0, Errors: 0, Skipped: 0, Time elapsed: 6.19 sec
Running br.com.caelum.vraptor.core.SafeResourceBundleTest
Tests run: 2, Failures: 0, Errors: 0, Skipped: 0, Time elapsed: 25.76 sec
Running br.com.caelum.vraptor.core.DefaultInterceptorHandlerFactoryTest
Tests run: 3, Failures: 0, Errors: 0, Skipped: 0, Time elapsed: 62.48 sec
Running br.com.caelum.vraptor.core.DefaultResultTest
Tests run: 16, Failures: 0, Errors: 0, Skipped: 0, Time elapsed: 660.15 sec
Running br.com.caelum.vraptor.core.LazyInterceptorHandlerTest
Tests run: 4, Failures: 0, Errors: 0, Skipped: 0, Time elapsed: 429.6 sec
Running br.com.caelum.vraptor.core.DefaultConvertersTest
Tests run: 6, Failures: 0, Errors: 0, Skipped: 0, Time elapsed: 5,276.91 sec
Running br.com.caelum.vraptor.core.JstlLocalizationTest
sun.util.ResourceBundleEnumeration@44c03bfb
Tests run: 8, Failures: 0, Errors: 0, Skipped: 0, Time elapsed: 89.82 sec
Running br.com.caelum.vraptor.core.DefaultMethodInfoTest
Tests run: 2, Failures: 0, Errors: 0, Skipped: 0, Time elapsed: 59.65 sec
Running br.com.caelum.vraptor.core.ExceptionRecorderTest
Tests run: 3, Failures: 0, Errors: 0, Skipped: 0, Time elapsed: 40.07 sec
Running br.com.caelum.vraptor.core.DefaultStaticContentHandlerTest
Tests run: 4, Failures: 0, Errors: 0, Skipped: 0, Time elapsed: 782.96 sec
Running br.com.caelum.vraptor.interceptor.ParametersInstantiatorInterceptorTest
Tests run: 11, Failures: 0, Errors: 0, Skipped: 0, Time elapsed: 2,720.66 sec
Running br.com.caelum.vraptor.interceptor.DefaultInterceptorRegistryTest
Tests run: 1, Failures: 0, Errors: 0, Skipped: 0, Time elapsed: 3.18 sec
Running br.com.caelum.vraptor.interceptor.FlashInterceptorTest
Tests run: 7, Failures: 0, Errors: 0, Skipped: 0, Time elapsed: 72.92 sec
Running br.com.caelum.vraptor.interceptor.multipart.NullMultipartInterceptorTest
Tests run: 2, Failures: 0, Errors: 0, Skipped: 0, Time elapsed: 28.3 sec
Running br.com.caelum.vraptor.interceptor.multipart.DefaultUploadedFileTest
Tests run: 3, Failures: 0, Errors: 0, Skipped: 0, Time elapsed: 85.46 sec
Running br.com.caelum.vraptor.interceptor.multipart.CommonsUploadMultipartInterceptorTest
06:27:51,614  WARN [CommonsUploadMultipartInterceptor] Request have an invalid encoding. Ignoring it
06:31:01,534  WARN [CommonsUploadMultipartInterceptor] Request have an invalid encoding. Ignoring it
06:55:38,264  WARN [CommonsUploadMultipartInterceptor] There was some problem parsing this multipart request, or someone is not sending a RFC1867 compatible multipart request.
org.apache.commons.fileupload.FileUploadException
	at br.com.caelum.vraptor.interceptor.multipart.CommonsUploadMultipartInterceptor.intercept(CommonsUploadMultipartInterceptor.java:103)
	at br.com.caelum.vraptor.interceptor.multipart.CommonsUploadMultipartInterceptorTest.doNothingWhenFileUploadExceptionOccurs(CommonsUploadMultipartInterceptorTest.java:235)
	at sun.reflect.NativeMethodAccessorImpl.invoke0(Native Method)
	at sun.reflect.NativeMethodAccessorImpl.invoke(NativeMethodAccessorImpl.java:62)
	at sun.reflect.DelegatingMethodAccessorImpl.invoke(DelegatingMethodAccessorImpl.java:43)
	at java.lang.reflect.Method.invoke(Method.java:498)
	at org.junit.runners.model.FrameworkMethod$1.runReflectiveCall(FrameworkMethod.java:45)
	at org.junit.internal.runners.model.ReflectiveCallable.run(ReflectiveCallable.java:15)
	at org.junit.runners.model.FrameworkMethod.invokeExplosively(FrameworkMethod.java:42)
	at org.junit.internal.runners.statements.InvokeMethod.evaluate(InvokeMethod.java:20)
	at org.junit.internal.runners.statements.RunBefores.evaluate(RunBefores.java:28)
	at org.junit.runners.ParentRunner.runLeaf(ParentRunner.java:263)
	at org.junit.runners.BlockJUnit4ClassRunner.runChild(BlockJUnit4ClassRunner.java:68)
	at org.junit.runners.BlockJUnit4ClassRunner.runChild(BlockJUnit4ClassRunner.java:47)
	at org.junit.runners.ParentRunner$3.run(ParentRunner.java:231)
	at org.junit.runners.ParentRunner$1.schedule(ParentRunner.java:60)
	at org.junit.runners.ParentRunner.runChildren(ParentRunner.java:229)
	at org.junit.runners.ParentRunner.access$000(ParentRunner.java:50)
	at org.junit.runners.ParentRunner$2.evaluate(ParentRunner.java:222)
	at org.junit.runners.ParentRunner.run(ParentRunner.java:300)
	at org.apache.maven.surefire.junit4.JUnit4Provider.execute(JUnit4Provider.java:252)
	at org.apache.maven.surefire.junit4.JUnit4Provider.executeTestSet(JUnit4Provider.java:141)
	at org.apache.maven.surefire.junit4.JUnit4Provider.invoke(JUnit4Provider.java:112)
	at sun.reflect.NativeMethodAccessorImpl.invoke0(Native Method)
	at sun.reflect.NativeMethodAccessorImpl.invoke(NativeMethodAccessorImpl.java:62)
	at sun.reflect.DelegatingMethodAccessorImpl.invoke(DelegatingMethodAccessorImpl.java:43)
	at java.lang.reflect.Method.invoke(Method.java:498)
	at org.apache.maven.surefire.util.ReflectionUtils.invokeMethodWithArray(ReflectionUtils.java:189)
	at org.apache.maven.surefire.booter.ProviderFactory$ProviderProxy.invoke(ProviderFactory.java:165)
	at org.apache.maven.surefire.booter.ProviderFactory.invokeProvider(ProviderFactory.java:85)
	at org.apache.maven.surefire.booter.ForkedBooter.runSuitesInProcess(ForkedBooter.java:115)
	at org.apache.maven.surefire.booter.ForkedBooter.main(ForkedBooter.java:75)
07:01:33,354  WARN [CommonsUploadMultipartInterceptor] The file size limit was exceeded.
org.apache.commons.fileupload.FileUploadBase$SizeLimitExceededException: 
	at br.com.caelum.vraptor.interceptor.multipart.CommonsUploadMultipartInterceptor.intercept(CommonsUploadMultipartInterceptor.java:103)
	at br.com.caelum.vraptor.interceptor.multipart.CommonsUploadMultipartInterceptorTest.shouldValidateWhenSizeLimitExceededExceptionOccurs(CommonsUploadMultipartInterceptorTest.java:244)
	at sun.reflect.NativeMethodAccessorImpl.invoke0(Native Method)
	at sun.reflect.NativeMethodAccessorImpl.invoke(NativeMethodAccessorImpl.java:62)
	at sun.reflect.DelegatingMethodAccessorImpl.invoke(DelegatingMethodAccessorImpl.java:43)
	at java.lang.reflect.Method.invoke(Method.java:498)
	at org.junit.runners.model.FrameworkMethod$1.runReflectiveCall(FrameworkMethod.java:45)
	at org.junit.internal.runners.model.ReflectiveCallable.run(ReflectiveCallable.java:15)
	at org.junit.runners.model.FrameworkMethod.invokeExplosively(FrameworkMethod.java:42)
	at org.junit.internal.runners.statements.InvokeMethod.evaluate(InvokeMethod.java:20)
	at org.junit.internal.runners.statements.RunBefores.evaluate(RunBefores.java:28)
	at org.junit.runners.ParentRunner.runLeaf(ParentRunner.java:263)
	at org.junit.runners.BlockJUnit4ClassRunner.runChild(BlockJUnit4ClassRunner.java:68)
	at org.junit.runners.BlockJUnit4ClassRunner.runChild(BlockJUnit4ClassRunner.java:47)
	at org.junit.runners.ParentRunner$3.run(ParentRunner.java:231)
	at org.junit.runners.ParentRunner$1.schedule(ParentRunner.java:60)
	at org.junit.runners.ParentRunner.runChildren(ParentRunner.java:229)
	at org.junit.runners.ParentRunner.access$000(ParentRunner.java:50)
	at org.junit.runners.ParentRunner$2.evaluate(ParentRunner.java:222)
	at org.junit.runners.ParentRunner.run(ParentRunner.java:300)
	at org.apache.maven.surefire.junit4.JUnit4Provider.execute(JUnit4Provider.java:252)
	at org.apache.maven.surefire.junit4.JUnit4Provider.executeTestSet(JUnit4Provider.java:141)
	at org.apache.maven.surefire.junit4.JUnit4Provider.invoke(JUnit4Provider.java:112)
	at sun.reflect.NativeMethodAccessorImpl.invoke0(Native Method)
	at sun.reflect.NativeMethodAccessorImpl.invoke(NativeMethodAccessorImpl.java:62)
	at sun.reflect.DelegatingMethodAccessorImpl.invoke(DelegatingMethodAccessorImpl.java:43)
	at java.lang.reflect.Method.invoke(Method.java:498)
	at org.apache.maven.surefire.util.ReflectionUtils.invokeMethodWithArray(ReflectionUtils.java:189)
	at org.apache.maven.surefire.booter.ProviderFactory$ProviderProxy.invoke(ProviderFactory.java:165)
	at org.apache.maven.surefire.booter.ProviderFactory.invokeProvider(ProviderFactory.java:85)
	at org.apache.maven.surefire.booter.ForkedBooter.runSuitesInProcess(ForkedBooter.java:115)
	at org.apache.maven.surefire.booter.ForkedBooter.main(ForkedBooter.java:75)
07:19:10,944  WARN [DefaultMultipartConfig] Unable to find temp directory, creating a dir inside the application
java.io.IOException
	at br.com.caelum.vraptor.interceptor.multipart.CommonsUploadMultipartInterceptor.intercept(CommonsUploadMultipartInterceptor.java:96)
	at br.com.caelum.vraptor.interceptor.multipart.CommonsUploadMultipartInterceptorTest.shouldCreateDirInsideAppIfTempDirAreNotAvailable(CommonsUploadMultipartInterceptorTest.java:263)
	at sun.reflect.NativeMethodAccessorImpl.invoke0(Native Method)
	at sun.reflect.NativeMethodAccessorImpl.invoke(NativeMethodAccessorImpl.java:62)
	at sun.reflect.DelegatingMethodAccessorImpl.invoke(DelegatingMethodAccessorImpl.java:43)
	at java.lang.reflect.Method.invoke(Method.java:498)
	at org.junit.runners.model.FrameworkMethod$1.runReflectiveCall(FrameworkMethod.java:45)
	at org.junit.internal.runners.model.ReflectiveCallable.run(ReflectiveCallable.java:15)
	at org.junit.runners.model.FrameworkMethod.invokeExplosively(FrameworkMethod.java:42)
	at org.junit.internal.runners.statements.InvokeMethod.evaluate(InvokeMethod.java:20)
	at org.junit.internal.runners.statements.RunBefores.evaluate(RunBefores.java:28)
	at org.junit.runners.ParentRunner.runLeaf(ParentRunner.java:263)
	at org.junit.runners.BlockJUnit4ClassRunner.runChild(BlockJUnit4ClassRunner.java:68)
	at org.junit.runners.BlockJUnit4ClassRunner.runChild(BlockJUnit4ClassRunner.java:47)
	at org.junit.runners.ParentRunner$3.run(ParentRunner.java:231)
	at org.junit.runners.ParentRunner$1.schedule(ParentRunner.java:60)
	at org.junit.runners.ParentRunner.runChildren(ParentRunner.java:229)
	at org.junit.runners.ParentRunner.access$000(ParentRunner.java:50)
	at org.junit.runners.ParentRunner$2.evaluate(ParentRunner.java:222)
	at org.junit.runners.ParentRunner.run(ParentRunner.java:300)
	at org.apache.maven.surefire.junit4.JUnit4Provider.execute(JUnit4Provider.java:252)
	at org.apache.maven.surefire.junit4.JUnit4Provider.executeTestSet(JUnit4Provider.java:141)
	at org.apache.maven.surefire.junit4.JUnit4Provider.invoke(JUnit4Provider.java:112)
	at sun.reflect.NativeMethodAccessorImpl.invoke0(Native Method)
	at sun.reflect.NativeMethodAccessorImpl.invoke(NativeMethodAccessorImpl.java:62)
	at sun.reflect.DelegatingMethodAccessorImpl.invoke(DelegatingMethodAccessorImpl.java:43)
	at java.lang.reflect.Method.invoke(Method.java:498)
	at org.apache.maven.surefire.util.ReflectionUtils.invokeMethodWithArray(ReflectionUtils.java:189)
	at org.apache.maven.surefire.booter.ProviderFactory$ProviderProxy.invoke(ProviderFactory.java:165)
	at org.apache.maven.surefire.booter.ProviderFactory.invokeProvider(ProviderFactory.java:85)
	at org.apache.maven.surefire.booter.ForkedBooter.runSuitesInProcess(ForkedBooter.java:115)
	at org.apache.maven.surefire.booter.ForkedBooter.main(ForkedBooter.java:75)
07:24:24,614  WARN [CommonsUploadMultipartInterceptor] There was some problem parsing this multipart request, or someone is not sending a RFC1867 compatible multipart request.
org.apache.commons.fileupload.FileUploadException
	at br.com.caelum.vraptor.interceptor.multipart.CommonsUploadMultipartInterceptor.intercept(CommonsUploadMultipartInterceptor.java:103)
	at br.com.caelum.vraptor.interceptor.multipart.CommonsUploadMultipartInterceptorTest.handleValidatorMessageWhenFileUploadExceptionOccurs(CommonsUploadMultipartInterceptorTest.java:297)
	at sun.reflect.NativeMethodAccessorImpl.invoke0(Native Method)
	at sun.reflect.NativeMethodAccessorImpl.invoke(NativeMethodAccessorImpl.java:62)
	at sun.reflect.DelegatingMethodAccessorImpl.invoke(DelegatingMethodAccessorImpl.java:43)
	at java.lang.reflect.Method.invoke(Method.java:498)
	at org.junit.runners.model.FrameworkMethod$1.runReflectiveCall(FrameworkMethod.java:45)
	at org.junit.internal.runners.model.ReflectiveCallable.run(ReflectiveCallable.java:15)
	at org.junit.runners.model.FrameworkMethod.invokeExplosively(FrameworkMethod.java:42)
	at org.junit.internal.runners.statements.InvokeMethod.evaluate(InvokeMethod.java:20)
	at org.junit.internal.runners.statements.RunBefores.evaluate(RunBefores.java:28)
	at org.junit.runners.ParentRunner.runLeaf(ParentRunner.java:263)
	at org.junit.runners.BlockJUnit4ClassRunner.runChild(BlockJUnit4ClassRunner.java:68)
	at org.junit.runners.BlockJUnit4ClassRunner.runChild(BlockJUnit4ClassRunner.java:47)
	at org.junit.runners.ParentRunner$3.run(ParentRunner.java:231)
	at org.junit.runners.ParentRunner$1.schedule(ParentRunner.java:60)
	at org.junit.runners.ParentRunner.runChildren(ParentRunner.java:229)
	at org.junit.runners.ParentRunner.access$000(ParentRunner.java:50)
	at org.junit.runners.ParentRunner$2.evaluate(ParentRunner.java:222)
	at org.junit.runners.ParentRunner.run(ParentRunner.java:300)
	at org.apache.maven.surefire.junit4.JUnit4Provider.execute(JUnit4Provider.java:252)
	at org.apache.maven.surefire.junit4.JUnit4Provider.executeTestSet(JUnit4Provider.java:141)
	at org.apache.maven.surefire.junit4.JUnit4Provider.invoke(JUnit4Provider.java:112)
	at sun.reflect.NativeMethodAccessorImpl.invoke0(Native Method)
	at sun.reflect.NativeMethodAccessorImpl.invoke(NativeMethodAccessorImpl.java:62)
	at sun.reflect.DelegatingMethodAccessorImpl.invoke(DelegatingMethodAccessorImpl.java:43)
	at java.lang.reflect.Method.invoke(Method.java:498)
	at org.apache.maven.surefire.util.ReflectionUtils.invokeMethodWithArray(ReflectionUtils.java:189)
	at org.apache.maven.surefire.booter.ProviderFactory$ProviderProxy.invoke(ProviderFactory.java:165)
	at org.apache.maven.surefire.booter.ProviderFactory.invokeProvider(ProviderFactory.java:85)
	at org.apache.maven.surefire.booter.ForkedBooter.runSuitesInProcess(ForkedBooter.java:115)
	at org.apache.maven.surefire.booter.ForkedBooter.main(ForkedBooter.java:75)
Tests run: 14, Failures: 0, Errors: 0, Skipped: 0, Time elapsed: 3,391.41 sec
Running br.com.caelum.vraptor.interceptor.ExecuteMethodInterceptorTest
Tests run: 9, Failures: 0, Errors: 0, Skipped: 0, Time elapsed: 966.09 sec
Running br.com.caelum.vraptor.interceptor.download.InputStreamDownloadTest
Tests run: 2, Failures: 0, Errors: 0, Skipped: 0, Time elapsed: 4.44 sec
Running br.com.caelum.vraptor.interceptor.download.ByteArrayDownloadTest
Tests run: 2, Failures: 0, Errors: 0, Skipped: 0, Time elapsed: 19.19 sec
Running br.com.caelum.vraptor.interceptor.download.FileDownloadTest
Tests run: 3, Failures: 0, Errors: 0, Skipped: 0, Time elapsed: 136.8 sec
Running br.com.caelum.vraptor.interceptor.DeserializingInterceptorTest
07:59:59,914  WARN [DeserializingInterceptor] Request does not have Content-Type and parameters will be not deserialized
Tests run: 9, Failures: 0, Errors: 0, Skipped: 0, Time elapsed: 904.98 sec
Running br.com.caelum.vraptor.interceptor.DownloadInterceptorTest
Tests run: 12, Failures: 0, Errors: 0, Skipped: 0, Time elapsed: 1,256.76 sec
Running br.com.caelum.vraptor.interceptor.ExceptionHandlerInterceptorTest
Tests run: 3, Failures: 0, Errors: 0, Skipped: 0, Time elapsed: 2.35 sec
Running br.com.caelum.vraptor.interceptor.TopologicalSortedInterceptorRegistryTest
Tests run: 7, Failures: 0, Errors: 0, Skipped: 0, Time elapsed: 16,444.37 sec
Running br.com.caelum.vraptor.interceptor.InstantiateInterceptorTest
Tests run: 3, Failures: 0, Errors: 0, Skipped: 0, Time elapsed: 123.48 sec
Running br.com.caelum.vraptor.interceptor.ResourceLookupInterceptorTest
Tests run: 4, Failures: 0, Errors: 0, Skipped: 0, Time elapsed: 9.23 sec
Running br.com.caelum.vraptor.interceptor.OutjectResultTest
Tests run: 4, Failures: 0, Errors: 0, Skipped: 0, Time elapsed: 4.39 sec
Running br.com.caelum.vraptor.interceptor.DefaultTypeNameExtractorTest
Tests run: 4, Failures: 0, Errors: 0, Skipped: 0, Time elapsed: 4.32 sec
Running br.com.caelum.vraptor.restfulie.relation.DefaultRelationBuilderTest
Tests run: 3, Failures: 0, Errors: 0, Skipped: 0, Time elapsed: 42.86 sec
Running br.com.caelum.vraptor.restfulie.LinkConverterJSONTest
Tests run: 3, Failures: 0, Errors: 0, Skipped: 0, Time elapsed: 12,699.71 sec
Running br.com.caelum.vraptor.restfulie.serialization.MethodValueSupportConverterTest
Tests run: 2, Failures: 0, Errors: 0, Skipped: 0, Time elapsed: 262.4 sec
Running br.com.caelum.vraptor.restfulie.serialization.RestfulSerializationTest
Tests run: 3, Failures: 0, Errors: 0, Skipped: 0, Time elapsed: 1,584.05 sec
Running br.com.caelum.vraptor.restfulie.serialization.RestfulSerializationJSONTest
Tests run: 3, Failures: 0, Errors: 0, Skipped: 0, Time elapsed: 2.7 sec
Running br.com.caelum.vraptor.restfulie.headers.DefaultRestHeadersHandlerTest
Tests run: 5, Failures: 0, Errors: 0, Skipped: 0, Time elapsed: 8.7 sec
Running br.com.caelum.vraptor.restfulie.LinkConverterTest
Tests run: 4, Failures: 0, Errors: 0, Skipped: 0, Time elapsed: 927.59 sec
Running br.com.caelum.vraptor.validator.ValidatorAcceptanceTest
Tests run: 1, Failures: 0, Errors: 0, Skipped: 0, Time elapsed: 1,330.49 sec
Running br.com.caelum.vraptor.validator.ReplicatorOutjectorTest
Tests run: 1, Failures: 0, Errors: 0, Skipped: 0, Time elapsed: 2.25 sec
Running br.com.caelum.vraptor.validator.ValidationsTest
Tests run: 19, Failures: 0, Errors: 0, Skipped: 0, Time elapsed: 125.56 sec
Running br.com.caelum.vraptor.validator.BeanValidatorTest
log4j:WARN No appenders could be found for logger (org.jboss.logging).
log4j:WARN Please initialize the log4j system properly.
log4j:WARN See http://logging.apache.org/log4j/1.2/faq.html#noconfig for more info.
20:16:01,344  WARN [DefaultBeanValidator] skiping validation, input bean is null.
20:16:39,414  WARN [NullBeanValidator   ] You are willing to validate an object, but there is no bean validation engine registered. Please add the jars of some implementation of Bean Validator.
20:16:44,334  WARN [NullBeanValidator   ] You are willing to validate an object, but there is no bean validation engine registered. Please add the jars of some implementation of Bean Validator.
20:17:17,484  WARN [NullBeanValidator   ] You are willing to validate an object, but there is no bean validation engine registered. Please add the jars of some implementation of Bean Validator.
20:26:19,514  WARN [DefaultBeanValidator] skiping validation, input bean is null.
20:29:00,334  WARN [DefaultBeanValidator] skiping validation, input bean is null.
Tests run: 13, Failures: 0, Errors: 0, Skipped: 0, Time elapsed: 7,954.74 sec
Running br.com.caelum.vraptor.validator.DefaultValidatorTest
Tests run: 12, Failures: 0, Errors: 0, Skipped: 0, Time elapsed: 782.93 sec
Running br.com.caelum.vraptor.validator.MethodValidatorTest
Tests run: 5, Failures: 0, Errors: 0, Skipped: 0, Time elapsed: 1,196.97 sec
Running br.com.caelum.vraptor.serialization.xstream.XStreamXMLSerializationTest
Tests run: 27, Failures: 0, Errors: 0, Skipped: 1, Time elapsed: 2,274.1 sec
Running br.com.caelum.vraptor.serialization.xstream.XStreamSerializerTest
Tests run: 27, Failures: 0, Errors: 0, Skipped: 1, Time elapsed: 1,759.03 sec
Running br.com.caelum.vraptor.serialization.xstream.XStreamJSONSerializationTest
Tests run: 26, Failures: 0, Errors: 0, Skipped: 1, Time elapsed: 1,852.43 sec
Running br.com.caelum.vraptor.serialization.xstream.XStreamJSONPSerializationTest
Tests run: 2, Failures: 0, Errors: 0, Skipped: 0, Time elapsed: 191.11 sec
Running br.com.caelum.vraptor.serialization.DefaultXMLConfigurationTest
Tests run: 2, Failures: 0, Errors: 0, Skipped: 0, Time elapsed: 37.43 sec
Running br.com.caelum.vraptor.serialization.I18nMessageSerializationTest
Tests run: 3, Failures: 0, Errors: 0, Skipped: 0, Time elapsed: 150.61 sec
Running br.com.caelum.vraptor.serialization.PackageComparatorTest
Tests run: 3, Failures: 0, Errors: 0, Skipped: 0, Time elapsed: 57.53 sec
Running br.com.caelum.vraptor.serialization.DefaultRepresentationResultTest
Tests run: 7, Failures: 0, Errors: 0, Skipped: 0, Time elapsed: 335.23 sec
Running br.com.caelum.vraptor.serialization.gson.adapters.MessageSerializerTest
Tests run: 1, Failures: 0, Errors: 0, Skipped: 0, Time elapsed: 491.18 sec
Running br.com.caelum.vraptor.serialization.gson.GsonJSONSerializationTest
Tests run: 27, Failures: 0, Errors: 0, Skipped: 1, Time elapsed: 1,943.98 sec
Running br.com.caelum.vraptor.serialization.HTMLSerializationTest
Tests run: 6, Failures: 0, Errors: 0, Skipped: 0, Time elapsed: 143.26 sec
Running br.com.caelum.vraptor.view.DefaultValidationViewsFactoryTest
Tests run: 24, Failures: 0, Errors: 0, Skipped: 0, Time elapsed: 1,676.42 sec
Running br.com.caelum.vraptor.view.LinkToHandlerTest
Tests run: 11, Failures: 0, Errors: 0, Skipped: 0, Time elapsed: 231.33 sec
Running br.com.caelum.vraptor.view.DefaultLogicResultTest
Tests run: 12, Failures: 0, Errors: 0, Skipped: 0, Time elapsed: 596.45 sec
Running br.com.caelum.vraptor.view.DefaultAcceptHeaderToFormatTest
Tests run: 15, Failures: 0, Errors: 0, Skipped: 0, Time elapsed: 245.83 sec
Running br.com.caelum.vraptor.view.DefaultHttpResultTest
Tests run: 12, Failures: 0, Errors: 0, Skipped: 0, Time elapsed: 324.74 sec
Running br.com.caelum.vraptor.view.DefaultPathResolverTest
Tests run: 3, Failures: 0, Errors: 0, Skipped: 0, Time elapsed: 152.87 sec
Running br.com.caelum.vraptor.view.DefaultRefererResultTest
Tests run: 6, Failures: 0, Errors: 0, Skipped: 0, Time elapsed: 189.47 sec
Running br.com.caelum.vraptor.view.DefaultPageResultTest
Tests run: 14, Failures: 0, Errors: 0, Skipped: 0, Time elapsed: 394.55 sec
Running br.com.caelum.vraptor.view.DefaultStatusTest
Tests run: 13, Failures: 0, Errors: 0, Skipped: 0, Time elapsed: 435.39 sec
Running br.com.caelum.vraptor.ioc.guice.SessionCustomScopeTest
Tests run: 3, Failures: 0, Errors: 0, Skipped: 0, Time elapsed: 148.39 sec
Running br.com.caelum.vraptor.ioc.guice.GuiceProviderTest
Tests run: 25, Failures: 0, Errors: 9, Skipped: 0, Time elapsed: 50,361.68 sec <<< FAILURE!
shouldBeAbleToOverrideVRaptorsDefaultImplementation(br.com.caelum.vraptor.ioc.guice.GuiceProviderTest)  Time elapsed: 15,818.68 sec  <<< ERROR!
java.lang.RuntimeException: java.util.concurrent.TimeoutException
	at br.com.caelum.vraptor.ioc.spring.SpringProviderRegisteringComponentsTest.executeInsideRequest(SpringProviderRegisteringComponentsTest.java:81)
	at br.com.caelum.vraptor.ioc.GenericContainerTest.registerAndGetFromContainer(GenericContainerTest.java:324)
	at br.com.caelum.vraptor.ioc.guice.GuiceProviderTest.shouldBeAbleToOverrideVRaptorsDefaultImplementation(GuiceProviderTest.java:32)
	at sun.reflect.NativeMethodAccessorImpl.invoke0(Native Method)
	at sun.reflect.NativeMethodAccessorImpl.invoke(NativeMethodAccessorImpl.java:62)
	at sun.reflect.DelegatingMethodAccessorImpl.invoke(DelegatingMethodAccessorImpl.java:43)
	at java.lang.reflect.Method.invoke(Method.java:498)
	at org.junit.runners.model.FrameworkMethod$1.runReflectiveCall(FrameworkMethod.java:45)
	at org.junit.internal.runners.model.ReflectiveCallable.run(ReflectiveCallable.java:15)
	at org.junit.runners.model.FrameworkMethod.invokeExplosively(FrameworkMethod.java:42)
	at org.junit.internal.runners.statements.InvokeMethod.evaluate(InvokeMethod.java:20)
	at org.junit.internal.runners.statements.RunBefores.evaluate(RunBefores.java:28)
	at org.junit.internal.runners.statements.RunAfters.evaluate(RunAfters.java:30)
	at org.junit.runners.ParentRunner.runLeaf(ParentRunner.java:263)
	at org.junit.runners.BlockJUnit4ClassRunner.runChild(BlockJUnit4ClassRunner.java:68)
	at org.junit.runners.BlockJUnit4ClassRunner.runChild(BlockJUnit4ClassRunner.java:47)
	at org.junit.runners.ParentRunner$3.run(ParentRunner.java:231)
	at org.junit.runners.ParentRunner$1.schedule(ParentRunner.java:60)
	at org.junit.runners.ParentRunner.runChildren(ParentRunner.java:229)
	at org.junit.runners.ParentRunner.access$000(ParentRunner.java:50)
	at org.junit.runners.ParentRunner$2.evaluate(ParentRunner.java:222)
	at org.junit.runners.ParentRunner.run(ParentRunner.java:300)
	at org.apache.maven.surefire.junit4.JUnit4Provider.execute(JUnit4Provider.java:252)
	at org.apache.maven.surefire.junit4.JUnit4Provider.executeTestSet(JUnit4Provider.java:141)
	at org.apache.maven.surefire.junit4.JUnit4Provider.invoke(JUnit4Provider.java:112)
	at sun.reflect.NativeMethodAccessorImpl.invoke0(Native Method)
	at sun.reflect.NativeMethodAccessorImpl.invoke(NativeMethodAccessorImpl.java:62)
	at sun.reflect.DelegatingMethodAccessorImpl.invoke(DelegatingMethodAccessorImpl.java:43)
	at java.lang.reflect.Method.invoke(Method.java:498)
	at org.apache.maven.surefire.util.ReflectionUtils.invokeMethodWithArray(ReflectionUtils.java:189)
	at org.apache.maven.surefire.booter.ProviderFactory$ProviderProxy.invoke(ProviderFactory.java:165)
	at org.apache.maven.surefire.booter.ProviderFactory.invokeProvider(ProviderFactory.java:85)
	at org.apache.maven.surefire.booter.ForkedBooter.runSuitesInProcess(ForkedBooter.java:115)
	at org.apache.maven.surefire.booter.ForkedBooter.main(ForkedBooter.java:75)
Caused by: java.util.concurrent.TimeoutException
	at java.util.concurrent.FutureTask.get(FutureTask.java:205)
	at br.com.caelum.vraptor.ioc.spring.SpringProviderRegisteringComponentsTest.executeInsideRequest(SpringProviderRegisteringComponentsTest.java:78)
	... 33 more

shouldBeAbleToRegisterClasses(br.com.caelum.vraptor.ioc.guice.GuiceProviderTest)  Time elapsed: 2,480.61 sec  <<< ERROR!
java.lang.RuntimeException: java.util.concurrent.TimeoutException
	at br.com.caelum.vraptor.ioc.spring.SpringProviderRegisteringComponentsTest.executeInsideRequest(SpringProviderRegisteringComponentsTest.java:81)
	at br.com.caelum.vraptor.ioc.GenericContainerTest.getFromContainer(GenericContainerTest.java:344)
	at br.com.caelum.vraptor.ioc.guice.GuiceProviderTest.shouldBeAbleToRegisterClasses(GuiceProviderTest.java:37)
	at sun.reflect.NativeMethodAccessorImpl.invoke0(Native Method)
	at sun.reflect.NativeMethodAccessorImpl.invoke(NativeMethodAccessorImpl.java:62)
	at sun.reflect.DelegatingMethodAccessorImpl.invoke(DelegatingMethodAccessorImpl.java:43)
	at java.lang.reflect.Method.invoke(Method.java:498)
	at org.junit.runners.model.FrameworkMethod$1.runReflectiveCall(FrameworkMethod.java:45)
	at org.junit.internal.runners.model.ReflectiveCallable.run(ReflectiveCallable.java:15)
	at org.junit.runners.model.FrameworkMethod.invokeExplosively(FrameworkMethod.java:42)
	at org.junit.internal.runners.statements.InvokeMethod.evaluate(InvokeMethod.java:20)
	at org.junit.internal.runners.statements.RunBefores.evaluate(RunBefores.java:28)
	at org.junit.internal.runners.statements.RunAfters.evaluate(RunAfters.java:30)
	at org.junit.runners.ParentRunner.runLeaf(ParentRunner.java:263)
	at org.junit.runners.BlockJUnit4ClassRunner.runChild(BlockJUnit4ClassRunner.java:68)
	at org.junit.runners.BlockJUnit4ClassRunner.runChild(BlockJUnit4ClassRunner.java:47)
	at org.junit.runners.ParentRunner$3.run(ParentRunner.java:231)
	at org.junit.runners.ParentRunner$1.schedule(ParentRunner.java:60)
	at org.junit.runners.ParentRunner.runChildren(ParentRunner.java:229)
	at org.junit.runners.ParentRunner.access$000(ParentRunner.java:50)
	at org.junit.runners.ParentRunner$2.evaluate(ParentRunner.java:222)
	at org.junit.runners.ParentRunner.run(ParentRunner.java:300)
	at org.apache.maven.surefire.junit4.JUnit4Provider.execute(JUnit4Provider.java:252)
	at org.apache.maven.surefire.junit4.JUnit4Provider.executeTestSet(JUnit4Provider.java:141)
	at org.apache.maven.surefire.junit4.JUnit4Provider.invoke(JUnit4Provider.java:112)
	at sun.reflect.NativeMethodAccessorImpl.invoke0(Native Method)
	at sun.reflect.NativeMethodAccessorImpl.invoke(NativeMethodAccessorImpl.java:62)
	at sun.reflect.DelegatingMethodAccessorImpl.invoke(DelegatingMethodAccessorImpl.java:43)
	at java.lang.reflect.Method.invoke(Method.java:498)
	at org.apache.maven.surefire.util.ReflectionUtils.invokeMethodWithArray(ReflectionUtils.java:189)
	at org.apache.maven.surefire.booter.ProviderFactory$ProviderProxy.invoke(ProviderFactory.java:165)
	at org.apache.maven.surefire.booter.ProviderFactory.invokeProvider(ProviderFactory.java:85)
	at org.apache.maven.surefire.booter.ForkedBooter.runSuitesInProcess(ForkedBooter.java:115)
	at org.apache.maven.surefire.booter.ForkedBooter.main(ForkedBooter.java:75)
Caused by: java.util.concurrent.TimeoutException
	at java.util.concurrent.FutureTask.get(FutureTask.java:205)
	at br.com.caelum.vraptor.ioc.spring.SpringProviderRegisteringComponentsTest.executeInsideRequest(SpringProviderRegisteringComponentsTest.java:78)
	... 33 more

canProvideAllApplicationScopedComponents(br.com.caelum.vraptor.ioc.guice.GuiceProviderTest)  Time elapsed: 2,275.59 sec  <<< ERROR!
java.lang.RuntimeException: java.util.concurrent.TimeoutException
	at br.com.caelum.vraptor.ioc.spring.SpringProviderRegisteringComponentsTest.executeInsideRequest(SpringProviderRegisteringComponentsTest.java:81)
	at br.com.caelum.vraptor.ioc.GenericContainerTest.registerAndGetFromContainer(GenericContainerTest.java:324)
	at br.com.caelum.vraptor.ioc.GenericContainerTest.checkAvailabilityFor(GenericContainerTest.java:300)
	at br.com.caelum.vraptor.ioc.GenericContainerTest.checkAvailabilityFor(GenericContainerTest.java:377)
	at br.com.caelum.vraptor.ioc.GenericContainerTest.canProvideAllApplicationScopedComponents(GenericContainerTest.java:107)
	at sun.reflect.NativeMethodAccessorImpl.invoke0(Native Method)
	at sun.reflect.NativeMethodAccessorImpl.invoke(NativeMethodAccessorImpl.java:62)
	at sun.reflect.DelegatingMethodAccessorImpl.invoke(DelegatingMethodAccessorImpl.java:43)
	at java.lang.reflect.Method.invoke(Method.java:498)
	at org.junit.runners.model.FrameworkMethod$1.runReflectiveCall(FrameworkMethod.java:45)
	at org.junit.internal.runners.model.ReflectiveCallable.run(ReflectiveCallable.java:15)
	at org.junit.runners.model.FrameworkMethod.invokeExplosively(FrameworkMethod.java:42)
	at org.junit.internal.runners.statements.InvokeMethod.evaluate(InvokeMethod.java:20)
	at org.junit.internal.runners.statements.RunBefores.evaluate(RunBefores.java:28)
	at org.junit.internal.runners.statements.RunAfters.evaluate(RunAfters.java:30)
	at org.junit.runners.ParentRunner.runLeaf(ParentRunner.java:263)
	at org.junit.runners.BlockJUnit4ClassRunner.runChild(BlockJUnit4ClassRunner.java:68)
	at org.junit.runners.BlockJUnit4ClassRunner.runChild(BlockJUnit4ClassRunner.java:47)
	at org.junit.runners.ParentRunner$3.run(ParentRunner.java:231)
	at org.junit.runners.ParentRunner$1.schedule(ParentRunner.java:60)
	at org.junit.runners.ParentRunner.runChildren(ParentRunner.java:229)
	at org.junit.runners.ParentRunner.access$000(ParentRunner.java:50)
	at org.junit.runners.ParentRunner$2.evaluate(ParentRunner.java:222)
	at org.junit.runners.ParentRunner.run(ParentRunner.java:300)
	at org.apache.maven.surefire.junit4.JUnit4Provider.execute(JUnit4Provider.java:252)
	at org.apache.maven.surefire.junit4.JUnit4Provider.executeTestSet(JUnit4Provider.java:141)
	at org.apache.maven.surefire.junit4.JUnit4Provider.invoke(JUnit4Provider.java:112)
	at sun.reflect.NativeMethodAccessorImpl.invoke0(Native Method)
	at sun.reflect.NativeMethodAccessorImpl.invoke(NativeMethodAccessorImpl.java:62)
	at sun.reflect.DelegatingMethodAccessorImpl.invoke(DelegatingMethodAccessorImpl.java:43)
	at java.lang.reflect.Method.invoke(Method.java:498)
	at org.apache.maven.surefire.util.ReflectionUtils.invokeMethodWithArray(ReflectionUtils.java:189)
	at org.apache.maven.surefire.booter.ProviderFactory$ProviderProxy.invoke(ProviderFactory.java:165)
	at org.apache.maven.surefire.booter.ProviderFactory.invokeProvider(ProviderFactory.java:85)
	at org.apache.maven.surefire.booter.ForkedBooter.runSuitesInProcess(ForkedBooter.java:115)
	at org.apache.maven.surefire.booter.ForkedBooter.main(ForkedBooter.java:75)
Caused by: java.util.concurrent.TimeoutException
	at java.util.concurrent.FutureTask.get(FutureTask.java:205)
	at br.com.caelum.vraptor.ioc.spring.SpringProviderRegisteringComponentsTest.executeInsideRequest(SpringProviderRegisteringComponentsTest.java:78)
	... 35 more

canProvideAllRequestScopedComponents(br.com.caelum.vraptor.ioc.guice.GuiceProviderTest)  Time elapsed: 1,665.92 sec  <<< ERROR!
java.lang.RuntimeException: java.util.concurrent.TimeoutException
	at br.com.caelum.vraptor.ioc.spring.SpringProviderRegisteringComponentsTest.executeInsideRequest(SpringProviderRegisteringComponentsTest.java:81)
	at br.com.caelum.vraptor.ioc.GenericContainerTest.registerAndGetFromContainer(GenericContainerTest.java:324)
	at br.com.caelum.vraptor.ioc.GenericContainerTest.checkAvailabilityFor(GenericContainerTest.java:300)
	at br.com.caelum.vraptor.ioc.GenericContainerTest.checkAvailabilityFor(GenericContainerTest.java:377)
	at br.com.caelum.vraptor.ioc.GenericContainerTest.canProvideAllRequestScopedComponents(GenericContainerTest.java:117)
	at sun.reflect.NativeMethodAccessorImpl.invoke0(Native Method)
	at sun.reflect.NativeMethodAccessorImpl.invoke(NativeMethodAccessorImpl.java:62)
	at sun.reflect.DelegatingMethodAccessorImpl.invoke(DelegatingMethodAccessorImpl.java:43)
	at java.lang.reflect.Method.invoke(Method.java:498)
	at org.junit.runners.model.FrameworkMethod$1.runReflectiveCall(FrameworkMethod.java:45)
	at org.junit.internal.runners.model.ReflectiveCallable.run(ReflectiveCallable.java:15)
	at org.junit.runners.model.FrameworkMethod.invokeExplosively(FrameworkMethod.java:42)
	at org.junit.internal.runners.statements.InvokeMethod.evaluate(InvokeMethod.java:20)
	at org.junit.internal.runners.statements.RunBefores.evaluate(RunBefores.java:28)
	at org.junit.internal.runners.statements.RunAfters.evaluate(RunAfters.java:30)
	at org.junit.runners.ParentRunner.runLeaf(ParentRunner.java:263)
	at org.junit.runners.BlockJUnit4ClassRunner.runChild(BlockJUnit4ClassRunner.java:68)
	at org.junit.runners.BlockJUnit4ClassRunner.runChild(BlockJUnit4ClassRunner.java:47)
	at org.junit.runners.ParentRunner$3.run(ParentRunner.java:231)
	at org.junit.runners.ParentRunner$1.schedule(ParentRunner.java:60)
	at org.junit.runners.ParentRunner.runChildren(ParentRunner.java:229)
	at org.junit.runners.ParentRunner.access$000(ParentRunner.java:50)
	at org.junit.runners.ParentRunner$2.evaluate(ParentRunner.java:222)
	at org.junit.runners.ParentRunner.run(ParentRunner.java:300)
	at org.apache.maven.surefire.junit4.JUnit4Provider.execute(JUnit4Provider.java:252)
	at org.apache.maven.surefire.junit4.JUnit4Provider.executeTestSet(JUnit4Provider.java:141)
	at org.apache.maven.surefire.junit4.JUnit4Provider.invoke(JUnit4Provider.java:112)
	at sun.reflect.NativeMethodAccessorImpl.invoke0(Native Method)
	at sun.reflect.NativeMethodAccessorImpl.invoke(NativeMethodAccessorImpl.java:62)
	at sun.reflect.DelegatingMethodAccessorImpl.invoke(DelegatingMethodAccessorImpl.java:43)
	at java.lang.reflect.Method.invoke(Method.java:498)
	at org.apache.maven.surefire.util.ReflectionUtils.invokeMethodWithArray(ReflectionUtils.java:189)
	at org.apache.maven.surefire.booter.ProviderFactory$ProviderProxy.invoke(ProviderFactory.java:165)
	at org.apache.maven.surefire.booter.ProviderFactory.invokeProvider(ProviderFactory.java:85)
	at org.apache.maven.surefire.booter.ForkedBooter.runSuitesInProcess(ForkedBooter.java:115)
	at org.apache.maven.surefire.booter.ForkedBooter.main(ForkedBooter.java:75)
Caused by: java.util.concurrent.TimeoutException
	at java.util.concurrent.FutureTask.get(FutureTask.java:205)
	at br.com.caelum.vraptor.ioc.spring.SpringProviderRegisteringComponentsTest.executeInsideRequest(SpringProviderRegisteringComponentsTest.java:78)
	... 35 more

processesCorrectlyAppBasedComponents(br.com.caelum.vraptor.ioc.guice.GuiceProviderTest)  Time elapsed: 1,694.56 sec  <<< ERROR!
java.lang.RuntimeException: java.util.concurrent.TimeoutException
	at br.com.caelum.vraptor.ioc.spring.SpringProviderRegisteringComponentsTest.executeInsideRequest(SpringProviderRegisteringComponentsTest.java:81)
	at br.com.caelum.vraptor.ioc.GenericContainerTest.registerAndGetFromContainer(GenericContainerTest.java:324)
	at br.com.caelum.vraptor.ioc.GenericContainerTest.checkAvailabilityFor(GenericContainerTest.java:300)
	at br.com.caelum.vraptor.ioc.GenericContainerTest.processesCorrectlyAppBasedComponents(GenericContainerTest.java:127)
	at sun.reflect.NativeMethodAccessorImpl.invoke0(Native Method)
	at sun.reflect.NativeMethodAccessorImpl.invoke(NativeMethodAccessorImpl.java:62)
	at sun.reflect.DelegatingMethodAccessorImpl.invoke(DelegatingMethodAccessorImpl.java:43)
	at java.lang.reflect.Method.invoke(Method.java:498)
	at org.junit.runners.model.FrameworkMethod$1.runReflectiveCall(FrameworkMethod.java:45)
	at org.junit.internal.runners.model.ReflectiveCallable.run(ReflectiveCallable.java:15)
	at org.junit.runners.model.FrameworkMethod.invokeExplosively(FrameworkMethod.java:42)
	at org.junit.internal.runners.statements.InvokeMethod.evaluate(InvokeMethod.java:20)
	at org.junit.internal.runners.statements.RunBefores.evaluate(RunBefores.java:28)
	at org.junit.internal.runners.statements.RunAfters.evaluate(RunAfters.java:30)
	at org.junit.runners.ParentRunner.runLeaf(ParentRunner.java:263)
	at org.junit.runners.BlockJUnit4ClassRunner.runChild(BlockJUnit4ClassRunner.java:68)
	at org.junit.runners.BlockJUnit4ClassRunner.runChild(BlockJUnit4ClassRunner.java:47)
	at org.junit.runners.ParentRunner$3.run(ParentRunner.java:231)
	at org.junit.runners.ParentRunner$1.schedule(ParentRunner.java:60)
	at org.junit.runners.ParentRunner.runChildren(ParentRunner.java:229)
	at org.junit.runners.ParentRunner.access$000(ParentRunner.java:50)
	at org.junit.runners.ParentRunner$2.evaluate(ParentRunner.java:222)
	at org.junit.runners.ParentRunner.run(ParentRunner.java:300)
	at org.apache.maven.surefire.junit4.JUnit4Provider.execute(JUnit4Provider.java:252)
	at org.apache.maven.surefire.junit4.JUnit4Provider.executeTestSet(JUnit4Provider.java:141)
	at org.apache.maven.surefire.junit4.JUnit4Provider.invoke(JUnit4Provider.java:112)
	at sun.reflect.NativeMethodAccessorImpl.invoke0(Native Method)
	at sun.reflect.NativeMethodAccessorImpl.invoke(NativeMethodAccessorImpl.java:62)
	at sun.reflect.DelegatingMethodAccessorImpl.invoke(DelegatingMethodAccessorImpl.java:43)
	at java.lang.reflect.Method.invoke(Method.java:498)
	at org.apache.maven.surefire.util.ReflectionUtils.invokeMethodWithArray(ReflectionUtils.java:189)
	at org.apache.maven.surefire.booter.ProviderFactory$ProviderProxy.invoke(ProviderFactory.java:165)
	at org.apache.maven.surefire.booter.ProviderFactory.invokeProvider(ProviderFactory.java:85)
	at org.apache.maven.surefire.booter.ForkedBooter.runSuitesInProcess(ForkedBooter.java:115)
	at org.apache.maven.surefire.booter.ForkedBooter.main(ForkedBooter.java:75)
Caused by: java.util.concurrent.TimeoutException
	at java.util.concurrent.FutureTask.get(FutureTask.java:205)
	at br.com.caelum.vraptor.ioc.spring.SpringProviderRegisteringComponentsTest.executeInsideRequest(SpringProviderRegisteringComponentsTest.java:78)
	... 34 more

setsAnAttributeOnSessionWithTheObjectTypeName(br.com.caelum.vraptor.ioc.guice.GuiceProviderTest)  Time elapsed: 1,290.56 sec  <<< ERROR!
java.lang.RuntimeException: java.util.concurrent.TimeoutException
	at br.com.caelum.vraptor.ioc.spring.SpringProviderRegisteringComponentsTest.executeInsideRequest(SpringProviderRegisteringComponentsTest.java:81)
	at br.com.caelum.vraptor.ioc.GenericContainerTest.registerAndGetFromContainer(GenericContainerTest.java:324)
	at br.com.caelum.vraptor.ioc.GenericContainerTest.setsAnAttributeOnSessionWithTheObjectTypeName(GenericContainerTest.java:190)
	at sun.reflect.NativeMethodAccessorImpl.invoke0(Native Method)
	at sun.reflect.NativeMethodAccessorImpl.invoke(NativeMethodAccessorImpl.java:62)
	at sun.reflect.DelegatingMethodAccessorImpl.invoke(DelegatingMethodAccessorImpl.java:43)
	at java.lang.reflect.Method.invoke(Method.java:498)
	at org.junit.runners.model.FrameworkMethod$1.runReflectiveCall(FrameworkMethod.java:45)
	at org.junit.internal.runners.model.ReflectiveCallable.run(ReflectiveCallable.java:15)
	at org.junit.runners.model.FrameworkMethod.invokeExplosively(FrameworkMethod.java:42)
	at org.junit.internal.runners.statements.InvokeMethod.evaluate(InvokeMethod.java:20)
	at org.junit.internal.runners.statements.RunBefores.evaluate(RunBefores.java:28)
	at org.junit.internal.runners.statements.RunAfters.evaluate(RunAfters.java:30)
	at org.junit.runners.ParentRunner.runLeaf(ParentRunner.java:263)
	at org.junit.runners.BlockJUnit4ClassRunner.runChild(BlockJUnit4ClassRunner.java:68)
	at org.junit.runners.BlockJUnit4ClassRunner.runChild(BlockJUnit4ClassRunner.java:47)
	at org.junit.runners.ParentRunner$3.run(ParentRunner.java:231)
	at org.junit.runners.ParentRunner$1.schedule(ParentRunner.java:60)
	at org.junit.runners.ParentRunner.runChildren(ParentRunner.java:229)
	at org.junit.runners.ParentRunner.access$000(ParentRunner.java:50)
	at org.junit.runners.ParentRunner$2.evaluate(ParentRunner.java:222)
	at org.junit.runners.ParentRunner.run(ParentRunner.java:300)
	at org.apache.maven.surefire.junit4.JUnit4Provider.execute(JUnit4Provider.java:252)
	at org.apache.maven.surefire.junit4.JUnit4Provider.executeTestSet(JUnit4Provider.java:141)
	at org.apache.maven.surefire.junit4.JUnit4Provider.invoke(JUnit4Provider.java:112)
	at sun.reflect.NativeMethodAccessorImpl.invoke0(Native Method)
	at sun.reflect.NativeMethodAccessorImpl.invoke(NativeMethodAccessorImpl.java:62)
	at sun.reflect.DelegatingMethodAccessorImpl.invoke(DelegatingMethodAccessorImpl.java:43)
	at java.lang.reflect.Method.invoke(Method.java:498)
	at org.apache.maven.surefire.util.ReflectionUtils.invokeMethodWithArray(ReflectionUtils.java:189)
	at org.apache.maven.surefire.booter.ProviderFactory$ProviderProxy.invoke(ProviderFactory.java:165)
	at org.apache.maven.surefire.booter.ProviderFactory.invokeProvider(ProviderFactory.java:85)
	at org.apache.maven.surefire.booter.ForkedBooter.runSuitesInProcess(ForkedBooter.java:115)
	at org.apache.maven.surefire.booter.ForkedBooter.main(ForkedBooter.java:75)
Caused by: java.util.concurrent.TimeoutException
	at java.util.concurrent.FutureTask.get(FutureTask.java:205)
	at br.com.caelum.vraptor.ioc.spring.SpringProviderRegisteringComponentsTest.executeInsideRequest(SpringProviderRegisteringComponentsTest.java:78)
	... 33 more

processesCorrectlyRequestBasedComponents(br.com.caelum.vraptor.ioc.guice.GuiceProviderTest)  Time elapsed: 1,450.99 sec  <<< ERROR!
java.lang.RuntimeException: java.util.concurrent.TimeoutException
	at br.com.caelum.vraptor.ioc.spring.SpringProviderRegisteringComponentsTest.executeInsideRequest(SpringProviderRegisteringComponentsTest.java:81)
	at br.com.caelum.vraptor.ioc.GenericContainerTest.registerAndGetFromContainer(GenericContainerTest.java:324)
	at br.com.caelum.vraptor.ioc.GenericContainerTest.checkAvailabilityFor(GenericContainerTest.java:300)
	at br.com.caelum.vraptor.ioc.GenericContainerTest.processesCorrectlyRequestBasedComponents(GenericContainerTest.java:216)
	at sun.reflect.NativeMethodAccessorImpl.invoke0(Native Method)
	at sun.reflect.NativeMethodAccessorImpl.invoke(NativeMethodAccessorImpl.java:62)
	at sun.reflect.DelegatingMethodAccessorImpl.invoke(DelegatingMethodAccessorImpl.java:43)
	at java.lang.reflect.Method.invoke(Method.java:498)
	at org.junit.runners.model.FrameworkMethod$1.runReflectiveCall(FrameworkMethod.java:45)
	at org.junit.internal.runners.model.ReflectiveCallable.run(ReflectiveCallable.java:15)
	at org.junit.runners.model.FrameworkMethod.invokeExplosively(FrameworkMethod.java:42)
	at org.junit.internal.runners.statements.InvokeMethod.evaluate(InvokeMethod.java:20)
	at org.junit.internal.runners.statements.RunBefores.evaluate(RunBefores.java:28)
	at org.junit.internal.runners.statements.RunAfters.evaluate(RunAfters.java:30)
	at org.junit.runners.ParentRunner.runLeaf(ParentRunner.java:263)
	at org.junit.runners.BlockJUnit4ClassRunner.runChild(BlockJUnit4ClassRunner.java:68)
	at org.junit.runners.BlockJUnit4ClassRunner.runChild(BlockJUnit4ClassRunner.java:47)
	at org.junit.runners.ParentRunner$3.run(ParentRunner.java:231)
	at org.junit.runners.ParentRunner$1.schedule(ParentRunner.java:60)
	at org.junit.runners.ParentRunner.runChildren(ParentRunner.java:229)
	at org.junit.runners.ParentRunner.access$000(ParentRunner.java:50)
	at org.junit.runners.ParentRunner$2.evaluate(ParentRunner.java:222)
	at org.junit.runners.ParentRunner.run(ParentRunner.java:300)
	at org.apache.maven.surefire.junit4.JUnit4Provider.execute(JUnit4Provider.java:252)
	at org.apache.maven.surefire.junit4.JUnit4Provider.executeTestSet(JUnit4Provider.java:141)
	at org.apache.maven.surefire.junit4.JUnit4Provider.invoke(JUnit4Provider.java:112)
	at sun.reflect.NativeMethodAccessorImpl.invoke0(Native Method)
	at sun.reflect.NativeMethodAccessorImpl.invoke(NativeMethodAccessorImpl.java:62)
	at sun.reflect.DelegatingMethodAccessorImpl.invoke(DelegatingMethodAccessorImpl.java:43)
	at java.lang.reflect.Method.invoke(Method.java:498)
	at org.apache.maven.surefire.util.ReflectionUtils.invokeMethodWithArray(ReflectionUtils.java:189)
	at org.apache.maven.surefire.booter.ProviderFactory$ProviderProxy.invoke(ProviderFactory.java:165)
	at org.apache.maven.surefire.booter.ProviderFactory.invokeProvider(ProviderFactory.java:85)
	at org.apache.maven.surefire.booter.ForkedBooter.runSuitesInProcess(ForkedBooter.java:115)
	at org.apache.maven.surefire.booter.ForkedBooter.main(ForkedBooter.java:75)
Caused by: java.util.concurrent.TimeoutException
	at java.util.concurrent.FutureTask.get(FutureTask.java:205)
	at br.com.caelum.vraptor.ioc.spring.SpringProviderRegisteringComponentsTest.executeInsideRequest(SpringProviderRegisteringComponentsTest.java:78)
	... 34 more

shouldDisposeAfterRequest(br.com.caelum.vraptor.ioc.guice.GuiceProviderTest)  Time elapsed: 1,179.35 sec  <<< ERROR!
java.lang.RuntimeException: java.util.concurrent.TimeoutException
	at br.com.caelum.vraptor.ioc.spring.SpringProviderRegisteringComponentsTest.executeInsideRequest(SpringProviderRegisteringComponentsTest.java:81)
	at br.com.caelum.vraptor.ioc.GenericContainerTest.registerAndGetFromContainer(GenericContainerTest.java:324)
	at br.com.caelum.vraptor.ioc.GenericContainerTest.shouldDisposeAfterRequest(GenericContainerTest.java:413)
	at sun.reflect.NativeMethodAccessorImpl.invoke0(Native Method)
	at sun.reflect.NativeMethodAccessorImpl.invoke(NativeMethodAccessorImpl.java:62)
	at sun.reflect.DelegatingMethodAccessorImpl.invoke(DelegatingMethodAccessorImpl.java:43)
	at java.lang.reflect.Method.invoke(Method.java:498)
	at org.junit.runners.model.FrameworkMethod$1.runReflectiveCall(FrameworkMethod.java:45)
	at org.junit.internal.runners.model.ReflectiveCallable.run(ReflectiveCallable.java:15)
	at org.junit.runners.model.FrameworkMethod.invokeExplosively(FrameworkMethod.java:42)
	at org.junit.internal.runners.statements.InvokeMethod.evaluate(InvokeMethod.java:20)
	at org.junit.internal.runners.statements.RunBefores.evaluate(RunBefores.java:28)
	at org.junit.internal.runners.statements.RunAfters.evaluate(RunAfters.java:30)
	at org.junit.runners.ParentRunner.runLeaf(ParentRunner.java:263)
	at org.junit.runners.BlockJUnit4ClassRunner.runChild(BlockJUnit4ClassRunner.java:68)
	at org.junit.runners.BlockJUnit4ClassRunner.runChild(BlockJUnit4ClassRunner.java:47)
	at org.junit.runners.ParentRunner$3.run(ParentRunner.java:231)
	at org.junit.runners.ParentRunner$1.schedule(ParentRunner.java:60)
	at org.junit.runners.ParentRunner.runChildren(ParentRunner.java:229)
	at org.junit.runners.ParentRunner.access$000(ParentRunner.java:50)
	at org.junit.runners.ParentRunner$2.evaluate(ParentRunner.java:222)
	at org.junit.runners.ParentRunner.run(ParentRunner.java:300)
	at org.apache.maven.surefire.junit4.JUnit4Provider.execute(JUnit4Provider.java:252)
	at org.apache.maven.surefire.junit4.JUnit4Provider.executeTestSet(JUnit4Provider.java:141)
	at org.apache.maven.surefire.junit4.JUnit4Provider.invoke(JUnit4Provider.java:112)
	at sun.reflect.NativeMethodAccessorImpl.invoke0(Native Method)
	at sun.reflect.NativeMethodAccessorImpl.invoke(NativeMethodAccessorImpl.java:62)
	at sun.reflect.DelegatingMethodAccessorImpl.invoke(DelegatingMethodAccessorImpl.java:43)
	at java.lang.reflect.Method.invoke(Method.java:498)
	at org.apache.maven.surefire.util.ReflectionUtils.invokeMethodWithArray(ReflectionUtils.java:189)
	at org.apache.maven.surefire.booter.ProviderFactory$ProviderProxy.invoke(ProviderFactory.java:165)
	at org.apache.maven.surefire.booter.ProviderFactory.invokeProvider(ProviderFactory.java:85)
	at org.apache.maven.surefire.booter.ForkedBooter.runSuitesInProcess(ForkedBooter.java:115)
	at org.apache.maven.surefire.booter.ForkedBooter.main(ForkedBooter.java:75)
Caused by: java.util.concurrent.TimeoutException
	at java.util.concurrent.FutureTask.get(FutureTask.java:205)
	at br.com.caelum.vraptor.ioc.spring.SpringProviderRegisteringComponentsTest.executeInsideRequest(SpringProviderRegisteringComponentsTest.java:78)
	... 33 more

shoudRegisterConvertersInConverters(br.com.caelum.vraptor.ioc.guice.GuiceProviderTest)  Time elapsed: 879.53 sec  <<< ERROR!
java.lang.RuntimeException: java.util.concurrent.TimeoutException
	at br.com.caelum.vraptor.ioc.spring.SpringProviderRegisteringComponentsTest.executeInsideRequest(SpringProviderRegisteringComponentsTest.java:81)
	at br.com.caelum.vraptor.ioc.GenericContainerTest.shoudRegisterConvertersInConverters(GenericContainerTest.java:446)
	at sun.reflect.NativeMethodAccessorImpl.invoke0(Native Method)
	at sun.reflect.NativeMethodAccessorImpl.invoke(NativeMethodAccessorImpl.java:62)
	at sun.reflect.DelegatingMethodAccessorImpl.invoke(DelegatingMethodAccessorImpl.java:43)
	at java.lang.reflect.Method.invoke(Method.java:498)
	at org.junit.runners.model.FrameworkMethod$1.runReflectiveCall(FrameworkMethod.java:45)
	at org.junit.internal.runners.model.ReflectiveCallable.run(ReflectiveCallable.java:15)
	at org.junit.runners.model.FrameworkMethod.invokeExplosively(FrameworkMethod.java:42)
	at org.junit.internal.runners.statements.InvokeMethod.evaluate(InvokeMethod.java:20)
	at org.junit.internal.runners.statements.RunBefores.evaluate(RunBefores.java:28)
	at org.junit.internal.runners.statements.RunAfters.evaluate(RunAfters.java:30)
	at org.junit.runners.ParentRunner.runLeaf(ParentRunner.java:263)
	at org.junit.runners.BlockJUnit4ClassRunner.runChild(BlockJUnit4ClassRunner.java:68)
	at org.junit.runners.BlockJUnit4ClassRunner.runChild(BlockJUnit4ClassRunner.java:47)
	at org.junit.runners.ParentRunner$3.run(ParentRunner.java:231)
	at org.junit.runners.ParentRunner$1.schedule(ParentRunner.java:60)
	at org.junit.runners.ParentRunner.runChildren(ParentRunner.java:229)
	at org.junit.runners.ParentRunner.access$000(ParentRunner.java:50)
	at org.junit.runners.ParentRunner$2.evaluate(ParentRunner.java:222)
	at org.junit.runners.ParentRunner.run(ParentRunner.java:300)
	at org.apache.maven.surefire.junit4.JUnit4Provider.execute(JUnit4Provider.java:252)
	at org.apache.maven.surefire.junit4.JUnit4Provider.executeTestSet(JUnit4Provider.java:141)
	at org.apache.maven.surefire.junit4.JUnit4Provider.invoke(JUnit4Provider.java:112)
	at sun.reflect.NativeMethodAccessorImpl.invoke0(Native Method)
	at sun.reflect.NativeMethodAccessorImpl.invoke(NativeMethodAccessorImpl.java:62)
	at sun.reflect.DelegatingMethodAccessorImpl.invoke(DelegatingMethodAccessorImpl.java:43)
	at java.lang.reflect.Method.invoke(Method.java:498)
	at org.apache.maven.surefire.util.ReflectionUtils.invokeMethodWithArray(ReflectionUtils.java:189)
	at org.apache.maven.surefire.booter.ProviderFactory$ProviderProxy.invoke(ProviderFactory.java:165)
	at org.apache.maven.surefire.booter.ProviderFactory.invokeProvider(ProviderFactory.java:85)
	at org.apache.maven.surefire.booter.ForkedBooter.runSuitesInProcess(ForkedBooter.java:115)
	at org.apache.maven.surefire.booter.ForkedBooter.main(ForkedBooter.java:75)
Caused by: java.util.concurrent.TimeoutException
	at java.util.concurrent.FutureTask.get(FutureTask.java:205)
	at br.com.caelum.vraptor.ioc.spring.SpringProviderRegisteringComponentsTest.executeInsideRequest(SpringProviderRegisteringComponentsTest.java:78)
	... 32 more

Running br.com.caelum.vraptor.ioc.spring.SpringBasedContainerTest
Tests run: 16, Failures: 0, Errors: 0, Skipped: 0, Time elapsed: 29,955.44 sec
Running br.com.caelum.vraptor.ioc.spring.VRaptorScopeResolverTest
Tests run: 4, Failures: 0, Errors: 0, Skipped: 0, Time elapsed: 100.94 sec
Running br.com.caelum.vraptor.ioc.spring.SpringProviderRegisteringComponentsTest
Tests run: 21, Failures: 0, Errors: 15, Skipped: 0, Time elapsed: 16,036.5 sec <<< FAILURE!
canProvideAllApplicationScopedComponents(br.com.caelum.vraptor.ioc.spring.SpringProviderRegisteringComponentsTest)  Time elapsed: 1,510.42 sec  <<< ERROR!
java.lang.RuntimeException: java.util.concurrent.TimeoutException
	at br.com.caelum.vraptor.ioc.spring.SpringProviderRegisteringComponentsTest.executeInsideRequest(SpringProviderRegisteringComponentsTest.java:81)
	at br.com.caelum.vraptor.ioc.GenericContainerTest.registerAndGetFromContainer(GenericContainerTest.java:324)
	at br.com.caelum.vraptor.ioc.GenericContainerTest.checkAvailabilityFor(GenericContainerTest.java:300)
	at br.com.caelum.vraptor.ioc.GenericContainerTest.checkAvailabilityFor(GenericContainerTest.java:377)
	at br.com.caelum.vraptor.ioc.GenericContainerTest.canProvideAllApplicationScopedComponents(GenericContainerTest.java:107)
	at sun.reflect.NativeMethodAccessorImpl.invoke0(Native Method)
	at sun.reflect.NativeMethodAccessorImpl.invoke(NativeMethodAccessorImpl.java:62)
	at sun.reflect.DelegatingMethodAccessorImpl.invoke(DelegatingMethodAccessorImpl.java:43)
	at java.lang.reflect.Method.invoke(Method.java:498)
	at org.junit.runners.model.FrameworkMethod$1.runReflectiveCall(FrameworkMethod.java:45)
	at org.junit.internal.runners.model.ReflectiveCallable.run(ReflectiveCallable.java:15)
	at org.junit.runners.model.FrameworkMethod.invokeExplosively(FrameworkMethod.java:42)
	at org.junit.internal.runners.statements.InvokeMethod.evaluate(InvokeMethod.java:20)
	at org.junit.internal.runners.statements.RunBefores.evaluate(RunBefores.java:28)
	at org.junit.internal.runners.statements.RunAfters.evaluate(RunAfters.java:30)
	at org.junit.runners.ParentRunner.runLeaf(ParentRunner.java:263)
	at org.junit.runners.BlockJUnit4ClassRunner.runChild(BlockJUnit4ClassRunner.java:68)
	at org.junit.runners.BlockJUnit4ClassRunner.runChild(BlockJUnit4ClassRunner.java:47)
	at org.junit.runners.ParentRunner$3.run(ParentRunner.java:231)
	at org.junit.runners.ParentRunner$1.schedule(ParentRunner.java:60)
	at org.junit.runners.ParentRunner.runChildren(ParentRunner.java:229)
	at org.junit.runners.ParentRunner.access$000(ParentRunner.java:50)
	at org.junit.runners.ParentRunner$2.evaluate(ParentRunner.java:222)
	at org.junit.runners.ParentRunner.run(ParentRunner.java:300)
	at org.apache.maven.surefire.junit4.JUnit4Provider.execute(JUnit4Provider.java:252)
	at org.apache.maven.surefire.junit4.JUnit4Provider.executeTestSet(JUnit4Provider.java:141)
	at org.apache.maven.surefire.junit4.JUnit4Provider.invoke(JUnit4Provider.java:112)
	at sun.reflect.NativeMethodAccessorImpl.invoke0(Native Method)
	at sun.reflect.NativeMethodAccessorImpl.invoke(NativeMethodAccessorImpl.java:62)
	at sun.reflect.DelegatingMethodAccessorImpl.invoke(DelegatingMethodAccessorImpl.java:43)
	at java.lang.reflect.Method.invoke(Method.java:498)
	at org.apache.maven.surefire.util.ReflectionUtils.invokeMethodWithArray(ReflectionUtils.java:189)
	at org.apache.maven.surefire.booter.ProviderFactory$ProviderProxy.invoke(ProviderFactory.java:165)
	at org.apache.maven.surefire.booter.ProviderFactory.invokeProvider(ProviderFactory.java:85)
	at org.apache.maven.surefire.booter.ForkedBooter.runSuitesInProcess(ForkedBooter.java:115)
	at org.apache.maven.surefire.booter.ForkedBooter.main(ForkedBooter.java:75)
Caused by: java.util.concurrent.TimeoutException
	at java.util.concurrent.FutureTask.get(FutureTask.java:205)
	at br.com.caelum.vraptor.ioc.spring.SpringProviderRegisteringComponentsTest.executeInsideRequest(SpringProviderRegisteringComponentsTest.java:78)
	... 35 more

canProvideAllPrototypeScopedComponents(br.com.caelum.vraptor.ioc.spring.SpringProviderRegisteringComponentsTest)  Time elapsed: 539.5 sec  <<< ERROR!
java.lang.RuntimeException: java.util.concurrent.TimeoutException
	at br.com.caelum.vraptor.ioc.spring.SpringProviderRegisteringComponentsTest.executeInsideRequest(SpringProviderRegisteringComponentsTest.java:81)
	at br.com.caelum.vraptor.ioc.GenericContainerTest.registerAndGetFromContainer(GenericContainerTest.java:324)
	at br.com.caelum.vraptor.ioc.GenericContainerTest.checkAvailabilityFor(GenericContainerTest.java:300)
	at br.com.caelum.vraptor.ioc.GenericContainerTest.checkAvailabilityFor(GenericContainerTest.java:377)
	at br.com.caelum.vraptor.ioc.GenericContainerTest.canProvideAllPrototypeScopedComponents(GenericContainerTest.java:112)
	at sun.reflect.NativeMethodAccessorImpl.invoke0(Native Method)
	at sun.reflect.NativeMethodAccessorImpl.invoke(NativeMethodAccessorImpl.java:62)
	at sun.reflect.DelegatingMethodAccessorImpl.invoke(DelegatingMethodAccessorImpl.java:43)
	at java.lang.reflect.Method.invoke(Method.java:498)
	at org.junit.runners.model.FrameworkMethod$1.runReflectiveCall(FrameworkMethod.java:45)
	at org.junit.internal.runners.model.ReflectiveCallable.run(ReflectiveCallable.java:15)
	at org.junit.runners.model.FrameworkMethod.invokeExplosively(FrameworkMethod.java:42)
	at org.junit.internal.runners.statements.InvokeMethod.evaluate(InvokeMethod.java:20)
	at org.junit.internal.runners.statements.RunBefores.evaluate(RunBefores.java:28)
	at org.junit.internal.runners.statements.RunAfters.evaluate(RunAfters.java:30)
	at org.junit.runners.ParentRunner.runLeaf(ParentRunner.java:263)
	at org.junit.runners.BlockJUnit4ClassRunner.runChild(BlockJUnit4ClassRunner.java:68)
	at org.junit.runners.BlockJUnit4ClassRunner.runChild(BlockJUnit4ClassRunner.java:47)
	at org.junit.runners.ParentRunner$3.run(ParentRunner.java:231)
	at org.junit.runners.ParentRunner$1.schedule(ParentRunner.java:60)
	at org.junit.runners.ParentRunner.runChildren(ParentRunner.java:229)
	at org.junit.runners.ParentRunner.access$000(ParentRunner.java:50)
	at org.junit.runners.ParentRunner$2.evaluate(ParentRunner.java:222)
	at org.junit.runners.ParentRunner.run(ParentRunner.java:300)
	at org.apache.maven.surefire.junit4.JUnit4Provider.execute(JUnit4Provider.java:252)
	at org.apache.maven.surefire.junit4.JUnit4Provider.executeTestSet(JUnit4Provider.java:141)
	at org.apache.maven.surefire.junit4.JUnit4Provider.invoke(JUnit4Provider.java:112)
	at sun.reflect.NativeMethodAccessorImpl.invoke0(Native Method)
	at sun.reflect.NativeMethodAccessorImpl.invoke(NativeMethodAccessorImpl.java:62)
	at sun.reflect.DelegatingMethodAccessorImpl.invoke(DelegatingMethodAccessorImpl.java:43)
	at java.lang.reflect.Method.invoke(Method.java:498)
	at org.apache.maven.surefire.util.ReflectionUtils.invokeMethodWithArray(ReflectionUtils.java:189)
	at org.apache.maven.surefire.booter.ProviderFactory$ProviderProxy.invoke(ProviderFactory.java:165)
	at org.apache.maven.surefire.booter.ProviderFactory.invokeProvider(ProviderFactory.java:85)
	at org.apache.maven.surefire.booter.ForkedBooter.runSuitesInProcess(ForkedBooter.java:115)
	at org.apache.maven.surefire.booter.ForkedBooter.main(ForkedBooter.java:75)
Caused by: java.util.concurrent.TimeoutException
	at java.util.concurrent.FutureTask.get(FutureTask.java:205)
	at br.com.caelum.vraptor.ioc.spring.SpringProviderRegisteringComponentsTest.executeInsideRequest(SpringProviderRegisteringComponentsTest.java:78)
	... 35 more

canProvideAllRequestScopedComponents(br.com.caelum.vraptor.ioc.spring.SpringProviderRegisteringComponentsTest)  Time elapsed: 547.91 sec  <<< ERROR!
java.lang.RuntimeException: java.util.concurrent.TimeoutException
	at br.com.caelum.vraptor.ioc.spring.SpringProviderRegisteringComponentsTest.executeInsideRequest(SpringProviderRegisteringComponentsTest.java:81)
	at br.com.caelum.vraptor.ioc.GenericContainerTest.registerAndGetFromContainer(GenericContainerTest.java:324)
	at br.com.caelum.vraptor.ioc.GenericContainerTest.checkAvailabilityFor(GenericContainerTest.java:300)
	at br.com.caelum.vraptor.ioc.GenericContainerTest.checkAvailabilityFor(GenericContainerTest.java:377)
	at br.com.caelum.vraptor.ioc.GenericContainerTest.canProvideAllRequestScopedComponents(GenericContainerTest.java:117)
	at sun.reflect.NativeMethodAccessorImpl.invoke0(Native Method)
	at sun.reflect.NativeMethodAccessorImpl.invoke(NativeMethodAccessorImpl.java:62)
	at sun.reflect.DelegatingMethodAccessorImpl.invoke(DelegatingMethodAccessorImpl.java:43)
	at java.lang.reflect.Method.invoke(Method.java:498)
	at org.junit.runners.model.FrameworkMethod$1.runReflectiveCall(FrameworkMethod.java:45)
	at org.junit.internal.runners.model.ReflectiveCallable.run(ReflectiveCallable.java:15)
	at org.junit.runners.model.FrameworkMethod.invokeExplosively(FrameworkMethod.java:42)
	at org.junit.internal.runners.statements.InvokeMethod.evaluate(InvokeMethod.java:20)
	at org.junit.internal.runners.statements.RunBefores.evaluate(RunBefores.java:28)
	at org.junit.internal.runners.statements.RunAfters.evaluate(RunAfters.java:30)
	at org.junit.runners.ParentRunner.runLeaf(ParentRunner.java:263)
	at org.junit.runners.BlockJUnit4ClassRunner.runChild(BlockJUnit4ClassRunner.java:68)
	at org.junit.runners.BlockJUnit4ClassRunner.runChild(BlockJUnit4ClassRunner.java:47)
	at org.junit.runners.ParentRunner$3.run(ParentRunner.java:231)
	at org.junit.runners.ParentRunner$1.schedule(ParentRunner.java:60)
	at org.junit.runners.ParentRunner.runChildren(ParentRunner.java:229)
	at org.junit.runners.ParentRunner.access$000(ParentRunner.java:50)
	at org.junit.runners.ParentRunner$2.evaluate(ParentRunner.java:222)
	at org.junit.runners.ParentRunner.run(ParentRunner.java:300)
	at org.apache.maven.surefire.junit4.JUnit4Provider.execute(JUnit4Provider.java:252)
	at org.apache.maven.surefire.junit4.JUnit4Provider.executeTestSet(JUnit4Provider.java:141)
	at org.apache.maven.surefire.junit4.JUnit4Provider.invoke(JUnit4Provider.java:112)
	at sun.reflect.NativeMethodAccessorImpl.invoke0(Native Method)
	at sun.reflect.NativeMethodAccessorImpl.invoke(NativeMethodAccessorImpl.java:62)
	at sun.reflect.DelegatingMethodAccessorImpl.invoke(DelegatingMethodAccessorImpl.java:43)
	at java.lang.reflect.Method.invoke(Method.java:498)
	at org.apache.maven.surefire.util.ReflectionUtils.invokeMethodWithArray(ReflectionUtils.java:189)
	at org.apache.maven.surefire.booter.ProviderFactory$ProviderProxy.invoke(ProviderFactory.java:165)
	at org.apache.maven.surefire.booter.ProviderFactory.invokeProvider(ProviderFactory.java:85)
	at org.apache.maven.surefire.booter.ForkedBooter.runSuitesInProcess(ForkedBooter.java:115)
	at org.apache.maven.surefire.booter.ForkedBooter.main(ForkedBooter.java:75)
Caused by: java.util.concurrent.TimeoutException
	at java.util.concurrent.FutureTask.get(FutureTask.java:205)
	at br.com.caelum.vraptor.ioc.spring.SpringProviderRegisteringComponentsTest.executeInsideRequest(SpringProviderRegisteringComponentsTest.java:78)
	... 35 more

processesCorrectlyAppBasedComponents(br.com.caelum.vraptor.ioc.spring.SpringProviderRegisteringComponentsTest)  Time elapsed: 1,293.34 sec  <<< ERROR!
java.lang.RuntimeException: java.util.concurrent.TimeoutException
	at br.com.caelum.vraptor.ioc.spring.SpringProviderRegisteringComponentsTest.executeInsideRequest(SpringProviderRegisteringComponentsTest.java:81)
	at br.com.caelum.vraptor.ioc.GenericContainerTest.registerAndGetFromContainer(GenericContainerTest.java:324)
	at br.com.caelum.vraptor.ioc.GenericContainerTest.checkAvailabilityFor(GenericContainerTest.java:300)
	at br.com.caelum.vraptor.ioc.GenericContainerTest.processesCorrectlyAppBasedComponents(GenericContainerTest.java:127)
	at sun.reflect.NativeMethodAccessorImpl.invoke0(Native Method)
	at sun.reflect.NativeMethodAccessorImpl.invoke(NativeMethodAccessorImpl.java:62)
	at sun.reflect.DelegatingMethodAccessorImpl.invoke(DelegatingMethodAccessorImpl.java:43)
	at java.lang.reflect.Method.invoke(Method.java:498)
	at org.junit.runners.model.FrameworkMethod$1.runReflectiveCall(FrameworkMethod.java:45)
	at org.junit.internal.runners.model.ReflectiveCallable.run(ReflectiveCallable.java:15)
	at org.junit.runners.model.FrameworkMethod.invokeExplosively(FrameworkMethod.java:42)
	at org.junit.internal.runners.statements.InvokeMethod.evaluate(InvokeMethod.java:20)
	at org.junit.internal.runners.statements.RunBefores.evaluate(RunBefores.java:28)
	at org.junit.internal.runners.statements.RunAfters.evaluate(RunAfters.java:30)
	at org.junit.runners.ParentRunner.runLeaf(ParentRunner.java:263)
	at org.junit.runners.BlockJUnit4ClassRunner.runChild(BlockJUnit4ClassRunner.java:68)
	at org.junit.runners.BlockJUnit4ClassRunner.runChild(BlockJUnit4ClassRunner.java:47)
	at org.junit.runners.ParentRunner$3.run(ParentRunner.java:231)
	at org.junit.runners.ParentRunner$1.schedule(ParentRunner.java:60)
	at org.junit.runners.ParentRunner.runChildren(ParentRunner.java:229)
	at org.junit.runners.ParentRunner.access$000(ParentRunner.java:50)
	at org.junit.runners.ParentRunner$2.evaluate(ParentRunner.java:222)
	at org.junit.runners.ParentRunner.run(ParentRunner.java:300)
	at org.apache.maven.surefire.junit4.JUnit4Provider.execute(JUnit4Provider.java:252)
	at org.apache.maven.surefire.junit4.JUnit4Provider.executeTestSet(JUnit4Provider.java:141)
	at org.apache.maven.surefire.junit4.JUnit4Provider.invoke(JUnit4Provider.java:112)
	at sun.reflect.NativeMethodAccessorImpl.invoke0(Native Method)
	at sun.reflect.NativeMethodAccessorImpl.invoke(NativeMethodAccessorImpl.java:62)
	at sun.reflect.DelegatingMethodAccessorImpl.invoke(DelegatingMethodAccessorImpl.java:43)
	at java.lang.reflect.Method.invoke(Method.java:498)
	at org.apache.maven.surefire.util.ReflectionUtils.invokeMethodWithArray(ReflectionUtils.java:189)
	at org.apache.maven.surefire.booter.ProviderFactory$ProviderProxy.invoke(ProviderFactory.java:165)
	at org.apache.maven.surefire.booter.ProviderFactory.invokeProvider(ProviderFactory.java:85)
	at org.apache.maven.surefire.booter.ForkedBooter.runSuitesInProcess(ForkedBooter.java:115)
	at org.apache.maven.surefire.booter.ForkedBooter.main(ForkedBooter.java:75)
Caused by: java.util.concurrent.TimeoutException
	at java.util.concurrent.FutureTask.get(FutureTask.java:205)
	at br.com.caelum.vraptor.ioc.spring.SpringProviderRegisteringComponentsTest.executeInsideRequest(SpringProviderRegisteringComponentsTest.java:78)
	... 34 more

canProvideJodaTimeConverters(br.com.caelum.vraptor.ioc.spring.SpringProviderRegisteringComponentsTest)  Time elapsed: 802.28 sec  <<< ERROR!
java.lang.RuntimeException: java.util.concurrent.TimeoutException
	at br.com.caelum.vraptor.ioc.spring.SpringProviderRegisteringComponentsTest.executeInsideRequest(SpringProviderRegisteringComponentsTest.java:81)
	at br.com.caelum.vraptor.ioc.GenericContainerTest.canProvideJodaTimeConverters(GenericContainerTest.java:131)
	at sun.reflect.NativeMethodAccessorImpl.invoke0(Native Method)
	at sun.reflect.NativeMethodAccessorImpl.invoke(NativeMethodAccessorImpl.java:62)
	at sun.reflect.DelegatingMethodAccessorImpl.invoke(DelegatingMethodAccessorImpl.java:43)
	at java.lang.reflect.Method.invoke(Method.java:498)
	at org.junit.runners.model.FrameworkMethod$1.runReflectiveCall(FrameworkMethod.java:45)
	at org.junit.internal.runners.model.ReflectiveCallable.run(ReflectiveCallable.java:15)
	at org.junit.runners.model.FrameworkMethod.invokeExplosively(FrameworkMethod.java:42)
	at org.junit.internal.runners.statements.InvokeMethod.evaluate(InvokeMethod.java:20)
	at org.junit.internal.runners.statements.RunBefores.evaluate(RunBefores.java:28)
	at org.junit.internal.runners.statements.RunAfters.evaluate(RunAfters.java:30)
	at org.junit.runners.ParentRunner.runLeaf(ParentRunner.java:263)
	at org.junit.runners.BlockJUnit4ClassRunner.runChild(BlockJUnit4ClassRunner.java:68)
	at org.junit.runners.BlockJUnit4ClassRunner.runChild(BlockJUnit4ClassRunner.java:47)
	at org.junit.runners.ParentRunner$3.run(ParentRunner.java:231)
	at org.junit.runners.ParentRunner$1.schedule(ParentRunner.java:60)
	at org.junit.runners.ParentRunner.runChildren(ParentRunner.java:229)
	at org.junit.runners.ParentRunner.access$000(ParentRunner.java:50)
	at org.junit.runners.ParentRunner$2.evaluate(ParentRunner.java:222)
	at org.junit.runners.ParentRunner.run(ParentRunner.java:300)
	at org.apache.maven.surefire.junit4.JUnit4Provider.execute(JUnit4Provider.java:252)
	at org.apache.maven.surefire.junit4.JUnit4Provider.executeTestSet(JUnit4Provider.java:141)
	at org.apache.maven.surefire.junit4.JUnit4Provider.invoke(JUnit4Provider.java:112)
	at sun.reflect.NativeMethodAccessorImpl.invoke0(Native Method)
	at sun.reflect.NativeMethodAccessorImpl.invoke(NativeMethodAccessorImpl.java:62)
	at sun.reflect.DelegatingMethodAccessorImpl.invoke(DelegatingMethodAccessorImpl.java:43)
	at java.lang.reflect.Method.invoke(Method.java:498)
	at org.apache.maven.surefire.util.ReflectionUtils.invokeMethodWithArray(ReflectionUtils.java:189)
	at org.apache.maven.surefire.booter.ProviderFactory$ProviderProxy.invoke(ProviderFactory.java:165)
	at org.apache.maven.surefire.booter.ProviderFactory.invokeProvider(ProviderFactory.java:85)
	at org.apache.maven.surefire.booter.ForkedBooter.runSuitesInProcess(ForkedBooter.java:115)
	at org.apache.maven.surefire.booter.ForkedBooter.main(ForkedBooter.java:75)
Caused by: java.util.concurrent.TimeoutException
	at java.util.concurrent.FutureTask.get(FutureTask.java:205)
	at br.com.caelum.vraptor.ioc.spring.SpringProviderRegisteringComponentsTest.executeInsideRequest(SpringProviderRegisteringComponentsTest.java:78)
	... 32 more

callsPredestroyExactlyOneTime(br.com.caelum.vraptor.ioc.spring.SpringProviderRegisteringComponentsTest)  Time elapsed: 741.21 sec  <<< ERROR!
java.lang.RuntimeException: java.util.concurrent.TimeoutException
	at br.com.caelum.vraptor.ioc.spring.SpringProviderRegisteringComponentsTest.executeInsideRequest(SpringProviderRegisteringComponentsTest.java:81)
	at br.com.caelum.vraptor.ioc.GenericContainerTest.registerAndGetFromContainer(GenericContainerTest.java:324)
	at br.com.caelum.vraptor.ioc.GenericContainerTest.callsPredestroyExactlyOneTime(GenericContainerTest.java:162)
	at sun.reflect.NativeMethodAccessorImpl.invoke0(Native Method)
	at sun.reflect.NativeMethodAccessorImpl.invoke(NativeMethodAccessorImpl.java:62)
	at sun.reflect.DelegatingMethodAccessorImpl.invoke(DelegatingMethodAccessorImpl.java:43)
	at java.lang.reflect.Method.invoke(Method.java:498)
	at org.junit.runners.model.FrameworkMethod$1.runReflectiveCall(FrameworkMethod.java:45)
	at org.junit.internal.runners.model.ReflectiveCallable.run(ReflectiveCallable.java:15)
	at org.junit.runners.model.FrameworkMethod.invokeExplosively(FrameworkMethod.java:42)
	at org.junit.internal.runners.statements.InvokeMethod.evaluate(InvokeMethod.java:20)
	at org.junit.internal.runners.statements.RunBefores.evaluate(RunBefores.java:28)
	at org.junit.internal.runners.statements.RunAfters.evaluate(RunAfters.java:30)
	at org.junit.runners.ParentRunner.runLeaf(ParentRunner.java:263)
	at org.junit.runners.BlockJUnit4ClassRunner.runChild(BlockJUnit4ClassRunner.java:68)
	at org.junit.runners.BlockJUnit4ClassRunner.runChild(BlockJUnit4ClassRunner.java:47)
	at org.junit.runners.ParentRunner$3.run(ParentRunner.java:231)
	at org.junit.runners.ParentRunner$1.schedule(ParentRunner.java:60)
	at org.junit.runners.ParentRunner.runChildren(ParentRunner.java:229)
	at org.junit.runners.ParentRunner.access$000(ParentRunner.java:50)
	at org.junit.runners.ParentRunner$2.evaluate(ParentRunner.java:222)
	at org.junit.runners.ParentRunner.run(ParentRunner.java:300)
	at org.apache.maven.surefire.junit4.JUnit4Provider.execute(JUnit4Provider.java:252)
	at org.apache.maven.surefire.junit4.JUnit4Provider.executeTestSet(JUnit4Provider.java:141)
	at org.apache.maven.surefire.junit4.JUnit4Provider.invoke(JUnit4Provider.java:112)
	at sun.reflect.NativeMethodAccessorImpl.invoke0(Native Method)
	at sun.reflect.NativeMethodAccessorImpl.invoke(NativeMethodAccessorImpl.java:62)
	at sun.reflect.DelegatingMethodAccessorImpl.invoke(DelegatingMethodAccessorImpl.java:43)
	at java.lang.reflect.Method.invoke(Method.java:498)
	at org.apache.maven.surefire.util.ReflectionUtils.invokeMethodWithArray(ReflectionUtils.java:189)
	at org.apache.maven.surefire.booter.ProviderFactory$ProviderProxy.invoke(ProviderFactory.java:165)
	at org.apache.maven.surefire.booter.ProviderFactory.invokeProvider(ProviderFactory.java:85)
	at org.apache.maven.surefire.booter.ForkedBooter.runSuitesInProcess(ForkedBooter.java:115)
	at org.apache.maven.surefire.booter.ForkedBooter.main(ForkedBooter.java:75)
Caused by: java.util.concurrent.TimeoutException
	at java.util.concurrent.FutureTask.get(FutureTask.java:205)
	at br.com.caelum.vraptor.ioc.spring.SpringProviderRegisteringComponentsTest.executeInsideRequest(SpringProviderRegisteringComponentsTest.java:78)
	... 33 more

setsAnAttributeOnRequestWithTheObjectTypeName(br.com.caelum.vraptor.ioc.spring.SpringProviderRegisteringComponentsTest)  Time elapsed: 591.56 sec  <<< ERROR!
java.lang.RuntimeException: java.util.concurrent.TimeoutException
	at br.com.caelum.vraptor.ioc.spring.SpringProviderRegisteringComponentsTest.executeInsideRequest(SpringProviderRegisteringComponentsTest.java:81)
	at br.com.caelum.vraptor.ioc.GenericContainerTest.setsAnAttributeOnRequestWithTheObjectTypeName(GenericContainerTest.java:173)
	at sun.reflect.NativeMethodAccessorImpl.invoke0(Native Method)
	at sun.reflect.NativeMethodAccessorImpl.invoke(NativeMethodAccessorImpl.java:62)
	at sun.reflect.DelegatingMethodAccessorImpl.invoke(DelegatingMethodAccessorImpl.java:43)
	at java.lang.reflect.Method.invoke(Method.java:498)
	at org.junit.runners.model.FrameworkMethod$1.runReflectiveCall(FrameworkMethod.java:45)
	at org.junit.internal.runners.model.ReflectiveCallable.run(ReflectiveCallable.java:15)
	at org.junit.runners.model.FrameworkMethod.invokeExplosively(FrameworkMethod.java:42)
	at org.junit.internal.runners.statements.InvokeMethod.evaluate(InvokeMethod.java:20)
	at org.junit.internal.runners.statements.RunBefores.evaluate(RunBefores.java:28)
	at org.junit.internal.runners.statements.RunAfters.evaluate(RunAfters.java:30)
	at org.junit.runners.ParentRunner.runLeaf(ParentRunner.java:263)
	at org.junit.runners.BlockJUnit4ClassRunner.runChild(BlockJUnit4ClassRunner.java:68)
	at org.junit.runners.BlockJUnit4ClassRunner.runChild(BlockJUnit4ClassRunner.java:47)
	at org.junit.runners.ParentRunner$3.run(ParentRunner.java:231)
	at org.junit.runners.ParentRunner$1.schedule(ParentRunner.java:60)
	at org.junit.runners.ParentRunner.runChildren(ParentRunner.java:229)
	at org.junit.runners.ParentRunner.access$000(ParentRunner.java:50)
	at org.junit.runners.ParentRunner$2.evaluate(ParentRunner.java:222)
	at org.junit.runners.ParentRunner.run(ParentRunner.java:300)
	at org.apache.maven.surefire.junit4.JUnit4Provider.execute(JUnit4Provider.java:252)
	at org.apache.maven.surefire.junit4.JUnit4Provider.executeTestSet(JUnit4Provider.java:141)
	at org.apache.maven.surefire.junit4.JUnit4Provider.invoke(JUnit4Provider.java:112)
	at sun.reflect.NativeMethodAccessorImpl.invoke0(Native Method)
	at sun.reflect.NativeMethodAccessorImpl.invoke(NativeMethodAccessorImpl.java:62)
	at sun.reflect.DelegatingMethodAccessorImpl.invoke(DelegatingMethodAccessorImpl.java:43)
	at java.lang.reflect.Method.invoke(Method.java:498)
	at org.apache.maven.surefire.util.ReflectionUtils.invokeMethodWithArray(ReflectionUtils.java:189)
	at org.apache.maven.surefire.booter.ProviderFactory$ProviderProxy.invoke(ProviderFactory.java:165)
	at org.apache.maven.surefire.booter.ProviderFactory.invokeProvider(ProviderFactory.java:85)
	at org.apache.maven.surefire.booter.ForkedBooter.runSuitesInProcess(ForkedBooter.java:115)
	at org.apache.maven.surefire.booter.ForkedBooter.main(ForkedBooter.java:75)
Caused by: java.util.concurrent.TimeoutException
	at java.util.concurrent.FutureTask.get(FutureTask.java:205)
	at br.com.caelum.vraptor.ioc.spring.SpringProviderRegisteringComponentsTest.executeInsideRequest(SpringProviderRegisteringComponentsTest.java:78)
	... 32 more

setsAnAttributeOnSessionWithTheObjectTypeName(br.com.caelum.vraptor.ioc.spring.SpringProviderRegisteringComponentsTest)  Time elapsed: 478.46 sec  <<< ERROR!
java.lang.RuntimeException: java.util.concurrent.TimeoutException
	at br.com.caelum.vraptor.ioc.spring.SpringProviderRegisteringComponentsTest.executeInsideRequest(SpringProviderRegisteringComponentsTest.java:81)
	at br.com.caelum.vraptor.ioc.GenericContainerTest.registerAndGetFromContainer(GenericContainerTest.java:324)
	at br.com.caelum.vraptor.ioc.GenericContainerTest.setsAnAttributeOnSessionWithTheObjectTypeName(GenericContainerTest.java:190)
	at sun.reflect.NativeMethodAccessorImpl.invoke0(Native Method)
	at sun.reflect.NativeMethodAccessorImpl.invoke(NativeMethodAccessorImpl.java:62)
	at sun.reflect.DelegatingMethodAccessorImpl.invoke(DelegatingMethodAccessorImpl.java:43)
	at java.lang.reflect.Method.invoke(Method.java:498)
	at org.junit.runners.model.FrameworkMethod$1.runReflectiveCall(FrameworkMethod.java:45)
	at org.junit.internal.runners.model.ReflectiveCallable.run(ReflectiveCallable.java:15)
	at org.junit.runners.model.FrameworkMethod.invokeExplosively(FrameworkMethod.java:42)
	at org.junit.internal.runners.statements.InvokeMethod.evaluate(InvokeMethod.java:20)
	at org.junit.internal.runners.statements.RunBefores.evaluate(RunBefores.java:28)
	at org.junit.internal.runners.statements.RunAfters.evaluate(RunAfters.java:30)
	at org.junit.runners.ParentRunner.runLeaf(ParentRunner.java:263)
	at org.junit.runners.BlockJUnit4ClassRunner.runChild(BlockJUnit4ClassRunner.java:68)
	at org.junit.runners.BlockJUnit4ClassRunner.runChild(BlockJUnit4ClassRunner.java:47)
	at org.junit.runners.ParentRunner$3.run(ParentRunner.java:231)
	at org.junit.runners.ParentRunner$1.schedule(ParentRunner.java:60)
	at org.junit.runners.ParentRunner.runChildren(ParentRunner.java:229)
	at org.junit.runners.ParentRunner.access$000(ParentRunner.java:50)
	at org.junit.runners.ParentRunner$2.evaluate(ParentRunner.java:222)
	at org.junit.runners.ParentRunner.run(ParentRunner.java:300)
	at org.apache.maven.surefire.junit4.JUnit4Provider.execute(JUnit4Provider.java:252)
	at org.apache.maven.surefire.junit4.JUnit4Provider.executeTestSet(JUnit4Provider.java:141)
	at org.apache.maven.surefire.junit4.JUnit4Provider.invoke(JUnit4Provider.java:112)
	at sun.reflect.NativeMethodAccessorImpl.invoke0(Native Method)
	at sun.reflect.NativeMethodAccessorImpl.invoke(NativeMethodAccessorImpl.java:62)
	at sun.reflect.DelegatingMethodAccessorImpl.invoke(DelegatingMethodAccessorImpl.java:43)
	at java.lang.reflect.Method.invoke(Method.java:498)
	at org.apache.maven.surefire.util.ReflectionUtils.invokeMethodWithArray(ReflectionUtils.java:189)
	at org.apache.maven.surefire.booter.ProviderFactory$ProviderProxy.invoke(ProviderFactory.java:165)
	at org.apache.maven.surefire.booter.ProviderFactory.invokeProvider(ProviderFactory.java:85)
	at org.apache.maven.surefire.booter.ForkedBooter.runSuitesInProcess(ForkedBooter.java:115)
	at org.apache.maven.surefire.booter.ForkedBooter.main(ForkedBooter.java:75)
Caused by: java.util.concurrent.TimeoutException
	at java.util.concurrent.FutureTask.get(FutureTask.java:205)
	at br.com.caelum.vraptor.ioc.spring.SpringProviderRegisteringComponentsTest.executeInsideRequest(SpringProviderRegisteringComponentsTest.java:78)
	... 33 more

processesCorrectlyRequestBasedComponents(br.com.caelum.vraptor.ioc.spring.SpringProviderRegisteringComponentsTest)  Time elapsed: 509.95 sec  <<< ERROR!
java.lang.RuntimeException: java.util.concurrent.TimeoutException
	at br.com.caelum.vraptor.ioc.spring.SpringProviderRegisteringComponentsTest.executeInsideRequest(SpringProviderRegisteringComponentsTest.java:81)
	at br.com.caelum.vraptor.ioc.GenericContainerTest.registerAndGetFromContainer(GenericContainerTest.java:324)
	at br.com.caelum.vraptor.ioc.GenericContainerTest.checkAvailabilityFor(GenericContainerTest.java:300)
	at br.com.caelum.vraptor.ioc.GenericContainerTest.processesCorrectlyRequestBasedComponents(GenericContainerTest.java:216)
	at sun.reflect.NativeMethodAccessorImpl.invoke0(Native Method)
	at sun.reflect.NativeMethodAccessorImpl.invoke(NativeMethodAccessorImpl.java:62)
	at sun.reflect.DelegatingMethodAccessorImpl.invoke(DelegatingMethodAccessorImpl.java:43)
	at java.lang.reflect.Method.invoke(Method.java:498)
	at org.junit.runners.model.FrameworkMethod$1.runReflectiveCall(FrameworkMethod.java:45)
	at org.junit.internal.runners.model.ReflectiveCallable.run(ReflectiveCallable.java:15)
	at org.junit.runners.model.FrameworkMethod.invokeExplosively(FrameworkMethod.java:42)
	at org.junit.internal.runners.statements.InvokeMethod.evaluate(InvokeMethod.java:20)
	at org.junit.internal.runners.statements.RunBefores.evaluate(RunBefores.java:28)
	at org.junit.internal.runners.statements.RunAfters.evaluate(RunAfters.java:30)
	at org.junit.runners.ParentRunner.runLeaf(ParentRunner.java:263)
	at org.junit.runners.BlockJUnit4ClassRunner.runChild(BlockJUnit4ClassRunner.java:68)
	at org.junit.runners.BlockJUnit4ClassRunner.runChild(BlockJUnit4ClassRunner.java:47)
	at org.junit.runners.ParentRunner$3.run(ParentRunner.java:231)
	at org.junit.runners.ParentRunner$1.schedule(ParentRunner.java:60)
	at org.junit.runners.ParentRunner.runChildren(ParentRunner.java:229)
	at org.junit.runners.ParentRunner.access$000(ParentRunner.java:50)
	at org.junit.runners.ParentRunner$2.evaluate(ParentRunner.java:222)
	at org.junit.runners.ParentRunner.run(ParentRunner.java:300)
	at org.apache.maven.surefire.junit4.JUnit4Provider.execute(JUnit4Provider.java:252)
	at org.apache.maven.surefire.junit4.JUnit4Provider.executeTestSet(JUnit4Provider.java:141)
	at org.apache.maven.surefire.junit4.JUnit4Provider.invoke(JUnit4Provider.java:112)
	at sun.reflect.NativeMethodAccessorImpl.invoke0(Native Method)
	at sun.reflect.NativeMethodAccessorImpl.invoke(NativeMethodAccessorImpl.java:62)
	at sun.reflect.DelegatingMethodAccessorImpl.invoke(DelegatingMethodAccessorImpl.java:43)
	at java.lang.reflect.Method.invoke(Method.java:498)
	at org.apache.maven.surefire.util.ReflectionUtils.invokeMethodWithArray(ReflectionUtils.java:189)
	at org.apache.maven.surefire.booter.ProviderFactory$ProviderProxy.invoke(ProviderFactory.java:165)
	at org.apache.maven.surefire.booter.ProviderFactory.invokeProvider(ProviderFactory.java:85)
	at org.apache.maven.surefire.booter.ForkedBooter.runSuitesInProcess(ForkedBooter.java:115)
	at org.apache.maven.surefire.booter.ForkedBooter.main(ForkedBooter.java:75)
Caused by: java.util.concurrent.TimeoutException
	at java.util.concurrent.FutureTask.get(FutureTask.java:205)
	at br.com.caelum.vraptor.ioc.spring.SpringProviderRegisteringComponentsTest.executeInsideRequest(SpringProviderRegisteringComponentsTest.java:78)
	... 34 more

processesCorrectlyPrototypeBasedComponents(br.com.caelum.vraptor.ioc.spring.SpringProviderRegisteringComponentsTest)  Time elapsed: 567.65 sec  <<< ERROR!
java.lang.RuntimeException: java.util.concurrent.TimeoutException
	at br.com.caelum.vraptor.ioc.spring.SpringProviderRegisteringComponentsTest.executeInsideRequest(SpringProviderRegisteringComponentsTest.java:81)
	at br.com.caelum.vraptor.ioc.GenericContainerTest.registerAndGetFromContainer(GenericContainerTest.java:324)
	at br.com.caelum.vraptor.ioc.GenericContainerTest.processesCorrectlyPrototypeBasedComponents(GenericContainerTest.java:227)
	at sun.reflect.NativeMethodAccessorImpl.invoke0(Native Method)
	at sun.reflect.NativeMethodAccessorImpl.invoke(NativeMethodAccessorImpl.java:62)
	at sun.reflect.DelegatingMethodAccessorImpl.invoke(DelegatingMethodAccessorImpl.java:43)
	at java.lang.reflect.Method.invoke(Method.java:498)
	at org.junit.runners.model.FrameworkMethod$1.runReflectiveCall(FrameworkMethod.java:45)
	at org.junit.internal.runners.model.ReflectiveCallable.run(ReflectiveCallable.java:15)
	at org.junit.runners.model.FrameworkMethod.invokeExplosively(FrameworkMethod.java:42)
	at org.junit.internal.runners.statements.InvokeMethod.evaluate(InvokeMethod.java:20)
	at org.junit.internal.runners.statements.RunBefores.evaluate(RunBefores.java:28)
	at org.junit.internal.runners.statements.RunAfters.evaluate(RunAfters.java:30)
	at org.junit.runners.ParentRunner.runLeaf(ParentRunner.java:263)
	at org.junit.runners.BlockJUnit4ClassRunner.runChild(BlockJUnit4ClassRunner.java:68)
	at org.junit.runners.BlockJUnit4ClassRunner.runChild(BlockJUnit4ClassRunner.java:47)
	at org.junit.runners.ParentRunner$3.run(ParentRunner.java:231)
	at org.junit.runners.ParentRunner$1.schedule(ParentRunner.java:60)
	at org.junit.runners.ParentRunner.runChildren(ParentRunner.java:229)
	at org.junit.runners.ParentRunner.access$000(ParentRunner.java:50)
	at org.junit.runners.ParentRunner$2.evaluate(ParentRunner.java:222)
	at org.junit.runners.ParentRunner.run(ParentRunner.java:300)
	at org.apache.maven.surefire.junit4.JUnit4Provider.execute(JUnit4Provider.java:252)
	at org.apache.maven.surefire.junit4.JUnit4Provider.executeTestSet(JUnit4Provider.java:141)
	at org.apache.maven.surefire.junit4.JUnit4Provider.invoke(JUnit4Provider.java:112)
	at sun.reflect.NativeMethodAccessorImpl.invoke0(Native Method)
	at sun.reflect.NativeMethodAccessorImpl.invoke(NativeMethodAccessorImpl.java:62)
	at sun.reflect.DelegatingMethodAccessorImpl.invoke(DelegatingMethodAccessorImpl.java:43)
	at java.lang.reflect.Method.invoke(Method.java:498)
	at org.apache.maven.surefire.util.ReflectionUtils.invokeMethodWithArray(ReflectionUtils.java:189)
	at org.apache.maven.surefire.booter.ProviderFactory$ProviderProxy.invoke(ProviderFactory.java:165)
	at org.apache.maven.surefire.booter.ProviderFactory.invokeProvider(ProviderFactory.java:85)
	at org.apache.maven.surefire.booter.ForkedBooter.runSuitesInProcess(ForkedBooter.java:115)
	at org.apache.maven.surefire.booter.ForkedBooter.main(ForkedBooter.java:75)
Caused by: java.util.concurrent.TimeoutException
	at java.util.concurrent.FutureTask.get(FutureTask.java:205)
	at br.com.caelum.vraptor.ioc.spring.SpringProviderRegisteringComponentsTest.executeInsideRequest(SpringProviderRegisteringComponentsTest.java:78)
	... 33 more

supportsComponentFactoriesForCustomInstantiation(br.com.caelum.vraptor.ioc.spring.SpringProviderRegisteringComponentsTest)  Time elapsed: 639.9 sec  <<< ERROR!
java.lang.RuntimeException: java.util.concurrent.TimeoutException
	at br.com.caelum.vraptor.ioc.spring.SpringProviderRegisteringComponentsTest.executeInsideRequest(SpringProviderRegisteringComponentsTest.java:81)
	at br.com.caelum.vraptor.ioc.GenericContainerTest.registerAndGetFromContainer(GenericContainerTest.java:324)
	at br.com.caelum.vraptor.ioc.GenericContainerTest.supportsComponentFactoriesForCustomInstantiation(GenericContainerTest.java:251)
	at sun.reflect.NativeMethodAccessorImpl.invoke0(Native Method)
	at sun.reflect.NativeMethodAccessorImpl.invoke(NativeMethodAccessorImpl.java:62)
	at sun.reflect.DelegatingMethodAccessorImpl.invoke(DelegatingMethodAccessorImpl.java:43)
	at java.lang.reflect.Method.invoke(Method.java:498)
	at org.junit.runners.model.FrameworkMethod$1.runReflectiveCall(FrameworkMethod.java:45)
	at org.junit.internal.runners.model.ReflectiveCallable.run(ReflectiveCallable.java:15)
	at org.junit.runners.model.FrameworkMethod.invokeExplosively(FrameworkMethod.java:42)
	at org.junit.internal.runners.statements.InvokeMethod.evaluate(InvokeMethod.java:20)
	at org.junit.internal.runners.statements.RunBefores.evaluate(RunBefores.java:28)
	at org.junit.internal.runners.statements.RunAfters.evaluate(RunAfters.java:30)
	at org.junit.runners.ParentRunner.runLeaf(ParentRunner.java:263)
	at org.junit.runners.BlockJUnit4ClassRunner.runChild(BlockJUnit4ClassRunner.java:68)
	at org.junit.runners.BlockJUnit4ClassRunner.runChild(BlockJUnit4ClassRunner.java:47)
	at org.junit.runners.ParentRunner$3.run(ParentRunner.java:231)
	at org.junit.runners.ParentRunner$1.schedule(ParentRunner.java:60)
	at org.junit.runners.ParentRunner.runChildren(ParentRunner.java:229)
	at org.junit.runners.ParentRunner.access$000(ParentRunner.java:50)
	at org.junit.runners.ParentRunner$2.evaluate(ParentRunner.java:222)
	at org.junit.runners.ParentRunner.run(ParentRunner.java:300)
	at org.apache.maven.surefire.junit4.JUnit4Provider.execute(JUnit4Provider.java:252)
	at org.apache.maven.surefire.junit4.JUnit4Provider.executeTestSet(JUnit4Provider.java:141)
	at org.apache.maven.surefire.junit4.JUnit4Provider.invoke(JUnit4Provider.java:112)
	at sun.reflect.NativeMethodAccessorImpl.invoke0(Native Method)
	at sun.reflect.NativeMethodAccessorImpl.invoke(NativeMethodAccessorImpl.java:62)
	at sun.reflect.DelegatingMethodAccessorImpl.invoke(DelegatingMethodAccessorImpl.java:43)
	at java.lang.reflect.Method.invoke(Method.java:498)
	at org.apache.maven.surefire.util.ReflectionUtils.invokeMethodWithArray(ReflectionUtils.java:189)
	at org.apache.maven.surefire.booter.ProviderFactory$ProviderProxy.invoke(ProviderFactory.java:165)
	at org.apache.maven.surefire.booter.ProviderFactory.invokeProvider(ProviderFactory.java:85)
	at org.apache.maven.surefire.booter.ForkedBooter.runSuitesInProcess(ForkedBooter.java:115)
	at org.apache.maven.surefire.booter.ForkedBooter.main(ForkedBooter.java:75)
Caused by: java.util.concurrent.TimeoutException
	at java.util.concurrent.FutureTask.get(FutureTask.java:205)
	at br.com.caelum.vraptor.ioc.spring.SpringProviderRegisteringComponentsTest.executeInsideRequest(SpringProviderRegisteringComponentsTest.java:78)
	... 33 more

shouldDisposeAfterRequest(br.com.caelum.vraptor.ioc.spring.SpringProviderRegisteringComponentsTest)  Time elapsed: 709.04 sec  <<< ERROR!
java.lang.RuntimeException: java.util.concurrent.TimeoutException
	at br.com.caelum.vraptor.ioc.spring.SpringProviderRegisteringComponentsTest.executeInsideRequest(SpringProviderRegisteringComponentsTest.java:81)
	at br.com.caelum.vraptor.ioc.GenericContainerTest.registerAndGetFromContainer(GenericContainerTest.java:324)
	at br.com.caelum.vraptor.ioc.GenericContainerTest.shouldDisposeAfterRequest(GenericContainerTest.java:414)
	at sun.reflect.NativeMethodAccessorImpl.invoke0(Native Method)
	at sun.reflect.NativeMethodAccessorImpl.invoke(NativeMethodAccessorImpl.java:62)
	at sun.reflect.DelegatingMethodAccessorImpl.invoke(DelegatingMethodAccessorImpl.java:43)
	at java.lang.reflect.Method.invoke(Method.java:498)
	at org.junit.runners.model.FrameworkMethod$1.runReflectiveCall(FrameworkMethod.java:45)
	at org.junit.internal.runners.model.ReflectiveCallable.run(ReflectiveCallable.java:15)
	at org.junit.runners.model.FrameworkMethod.invokeExplosively(FrameworkMethod.java:42)
	at org.junit.internal.runners.statements.InvokeMethod.evaluate(InvokeMethod.java:20)
	at org.junit.internal.runners.statements.RunBefores.evaluate(RunBefores.java:28)
	at org.junit.internal.runners.statements.RunAfters.evaluate(RunAfters.java:30)
	at org.junit.runners.ParentRunner.runLeaf(ParentRunner.java:263)
	at org.junit.runners.BlockJUnit4ClassRunner.runChild(BlockJUnit4ClassRunner.java:68)
	at org.junit.runners.BlockJUnit4ClassRunner.runChild(BlockJUnit4ClassRunner.java:47)
	at org.junit.runners.ParentRunner$3.run(ParentRunner.java:231)
	at org.junit.runners.ParentRunner$1.schedule(ParentRunner.java:60)
	at org.junit.runners.ParentRunner.runChildren(ParentRunner.java:229)
	at org.junit.runners.ParentRunner.access$000(ParentRunner.java:50)
	at org.junit.runners.ParentRunner$2.evaluate(ParentRunner.java:222)
	at org.junit.runners.ParentRunner.run(ParentRunner.java:300)
	at org.apache.maven.surefire.junit4.JUnit4Provider.execute(JUnit4Provider.java:252)
	at org.apache.maven.surefire.junit4.JUnit4Provider.executeTestSet(JUnit4Provider.java:141)
	at org.apache.maven.surefire.junit4.JUnit4Provider.invoke(JUnit4Provider.java:112)
	at sun.reflect.NativeMethodAccessorImpl.invoke0(Native Method)
	at sun.reflect.NativeMethodAccessorImpl.invoke(NativeMethodAccessorImpl.java:62)
	at sun.reflect.DelegatingMethodAccessorImpl.invoke(DelegatingMethodAccessorImpl.java:43)
	at java.lang.reflect.Method.invoke(Method.java:498)
	at org.apache.maven.surefire.util.ReflectionUtils.invokeMethodWithArray(ReflectionUtils.java:189)
	at org.apache.maven.surefire.booter.ProviderFactory$ProviderProxy.invoke(ProviderFactory.java:165)
	at org.apache.maven.surefire.booter.ProviderFactory.invokeProvider(ProviderFactory.java:85)
	at org.apache.maven.surefire.booter.ForkedBooter.runSuitesInProcess(ForkedBooter.java:115)
	at org.apache.maven.surefire.booter.ForkedBooter.main(ForkedBooter.java:75)
Caused by: java.util.concurrent.TimeoutException
	at java.util.concurrent.FutureTask.get(FutureTask.java:205)
	at br.com.caelum.vraptor.ioc.spring.SpringProviderRegisteringComponentsTest.executeInsideRequest(SpringProviderRegisteringComponentsTest.java:78)
	... 33 more

shouldStartBeforeRequestExecution(br.com.caelum.vraptor.ioc.spring.SpringProviderRegisteringComponentsTest)  Time elapsed: 587.89 sec  <<< ERROR!
java.lang.RuntimeException: java.util.concurrent.TimeoutException
	at br.com.caelum.vraptor.ioc.spring.SpringProviderRegisteringComponentsTest.executeInsideRequest(SpringProviderRegisteringComponentsTest.java:81)
	at br.com.caelum.vraptor.ioc.GenericContainerTest.registerAndGetFromContainer(GenericContainerTest.java:324)
	at br.com.caelum.vraptor.ioc.GenericContainerTest.shouldStartBeforeRequestExecution(GenericContainerTest.java:420)
	at sun.reflect.NativeMethodAccessorImpl.invoke0(Native Method)
	at sun.reflect.NativeMethodAccessorImpl.invoke(NativeMethodAccessorImpl.java:62)
	at sun.reflect.DelegatingMethodAccessorImpl.invoke(DelegatingMethodAccessorImpl.java:43)
	at java.lang.reflect.Method.invoke(Method.java:498)
	at org.junit.runners.model.FrameworkMethod$1.runReflectiveCall(FrameworkMethod.java:45)
	at org.junit.internal.runners.model.ReflectiveCallable.run(ReflectiveCallable.java:15)
	at org.junit.runners.model.FrameworkMethod.invokeExplosively(FrameworkMethod.java:42)
	at org.junit.internal.runners.statements.InvokeMethod.evaluate(InvokeMethod.java:20)
	at org.junit.internal.runners.statements.RunBefores.evaluate(RunBefores.java:28)
	at org.junit.internal.runners.statements.RunAfters.evaluate(RunAfters.java:30)
	at org.junit.runners.ParentRunner.runLeaf(ParentRunner.java:263)
	at org.junit.runners.BlockJUnit4ClassRunner.runChild(BlockJUnit4ClassRunner.java:68)
	at org.junit.runners.BlockJUnit4ClassRunner.runChild(BlockJUnit4ClassRunner.java:47)
	at org.junit.runners.ParentRunner$3.run(ParentRunner.java:231)
	at org.junit.runners.ParentRunner$1.schedule(ParentRunner.java:60)
	at org.junit.runners.ParentRunner.runChildren(ParentRunner.java:229)
	at org.junit.runners.ParentRunner.access$000(ParentRunner.java:50)
	at org.junit.runners.ParentRunner$2.evaluate(ParentRunner.java:222)
	at org.junit.runners.ParentRunner.run(ParentRunner.java:300)
	at org.apache.maven.surefire.junit4.JUnit4Provider.execute(JUnit4Provider.java:252)
	at org.apache.maven.surefire.junit4.JUnit4Provider.executeTestSet(JUnit4Provider.java:141)
	at org.apache.maven.surefire.junit4.JUnit4Provider.invoke(JUnit4Provider.java:112)
	at sun.reflect.NativeMethodAccessorImpl.invoke0(Native Method)
	at sun.reflect.NativeMethodAccessorImpl.invoke(NativeMethodAccessorImpl.java:62)
	at sun.reflect.DelegatingMethodAccessorImpl.invoke(DelegatingMethodAccessorImpl.java:43)
	at java.lang.reflect.Method.invoke(Method.java:498)
	at org.apache.maven.surefire.util.ReflectionUtils.invokeMethodWithArray(ReflectionUtils.java:189)
	at org.apache.maven.surefire.booter.ProviderFactory$ProviderProxy.invoke(ProviderFactory.java:165)
	at org.apache.maven.surefire.booter.ProviderFactory.invokeProvider(ProviderFactory.java:85)
	at org.apache.maven.surefire.booter.ForkedBooter.runSuitesInProcess(ForkedBooter.java:115)
	at org.apache.maven.surefire.booter.ForkedBooter.main(ForkedBooter.java:75)
Caused by: java.util.concurrent.TimeoutException
	at java.util.concurrent.FutureTask.get(FutureTask.java:205)
	at br.com.caelum.vraptor.ioc.spring.SpringProviderRegisteringComponentsTest.executeInsideRequest(SpringProviderRegisteringComponentsTest.java:78)
	... 33 more

canProvideComponentsInTheClasspath(br.com.caelum.vraptor.ioc.spring.SpringProviderRegisteringComponentsTest)  Time elapsed: 793.85 sec  <<< ERROR!
java.lang.RuntimeException: java.util.concurrent.TimeoutException
	at br.com.caelum.vraptor.ioc.spring.SpringProviderRegisteringComponentsTest.executeInsideRequest(SpringProviderRegisteringComponentsTest.java:81)
	at br.com.caelum.vraptor.ioc.GenericContainerTest.registerAndGetFromContainer(GenericContainerTest.java:324)
	at br.com.caelum.vraptor.ioc.GenericContainerTest.checkAvailabilityFor(GenericContainerTest.java:300)
	at br.com.caelum.vraptor.ioc.GenericContainerTest.checkAvailabilityFor(GenericContainerTest.java:377)
	at br.com.caelum.vraptor.ioc.GenericContainerTest.canProvideComponentsInTheClasspath(GenericContainerTest.java:427)
	at sun.reflect.NativeMethodAccessorImpl.invoke0(Native Method)
	at sun.reflect.NativeMethodAccessorImpl.invoke(NativeMethodAccessorImpl.java:62)
	at sun.reflect.DelegatingMethodAccessorImpl.invoke(DelegatingMethodAccessorImpl.java:43)
	at java.lang.reflect.Method.invoke(Method.java:498)
	at org.junit.runners.model.FrameworkMethod$1.runReflectiveCall(FrameworkMethod.java:45)
	at org.junit.internal.runners.model.ReflectiveCallable.run(ReflectiveCallable.java:15)
	at org.junit.runners.model.FrameworkMethod.invokeExplosively(FrameworkMethod.java:42)
	at org.junit.internal.runners.statements.InvokeMethod.evaluate(InvokeMethod.java:20)
	at org.junit.internal.runners.statements.RunBefores.evaluate(RunBefores.java:28)
	at org.junit.internal.runners.statements.RunAfters.evaluate(RunAfters.java:30)
	at org.junit.runners.ParentRunner.runLeaf(ParentRunner.java:263)
	at org.junit.runners.BlockJUnit4ClassRunner.runChild(BlockJUnit4ClassRunner.java:68)
	at org.junit.runners.BlockJUnit4ClassRunner.runChild(BlockJUnit4ClassRunner.java:47)
	at org.junit.runners.ParentRunner$3.run(ParentRunner.java:231)
	at org.junit.runners.ParentRunner$1.schedule(ParentRunner.java:60)
	at org.junit.runners.ParentRunner.runChildren(ParentRunner.java:229)
	at org.junit.runners.ParentRunner.access$000(ParentRunner.java:50)
	at org.junit.runners.ParentRunner$2.evaluate(ParentRunner.java:222)
	at org.junit.runners.ParentRunner.run(ParentRunner.java:300)
	at org.apache.maven.surefire.junit4.JUnit4Provider.execute(JUnit4Provider.java:252)
	at org.apache.maven.surefire.junit4.JUnit4Provider.executeTestSet(JUnit4Provider.java:141)
	at org.apache.maven.surefire.junit4.JUnit4Provider.invoke(JUnit4Provider.java:112)
	at sun.reflect.NativeMethodAccessorImpl.invoke0(Native Method)
	at sun.reflect.NativeMethodAccessorImpl.invoke(NativeMethodAccessorImpl.java:62)
	at sun.reflect.DelegatingMethodAccessorImpl.invoke(DelegatingMethodAccessorImpl.java:43)
	at java.lang.reflect.Method.invoke(Method.java:498)
	at org.apache.maven.surefire.util.ReflectionUtils.invokeMethodWithArray(ReflectionUtils.java:189)
	at org.apache.maven.surefire.booter.ProviderFactory$ProviderProxy.invoke(ProviderFactory.java:165)
	at org.apache.maven.surefire.booter.ProviderFactory.invokeProvider(ProviderFactory.java:85)
	at org.apache.maven.surefire.booter.ForkedBooter.runSuitesInProcess(ForkedBooter.java:115)
	at org.apache.maven.surefire.booter.ForkedBooter.main(ForkedBooter.java:75)
Caused by: java.util.concurrent.TimeoutException
	at java.util.concurrent.FutureTask.get(FutureTask.java:205)
	at br.com.caelum.vraptor.ioc.spring.SpringProviderRegisteringComponentsTest.executeInsideRequest(SpringProviderRegisteringComponentsTest.java:78)
	... 35 more

shouldReturnAllDefaultDeserializers(br.com.caelum.vraptor.ioc.spring.SpringProviderRegisteringComponentsTest)  Time elapsed: 597.18 sec  <<< ERROR!
java.lang.RuntimeException: java.util.concurrent.TimeoutException
	at br.com.caelum.vraptor.ioc.spring.SpringProviderRegisteringComponentsTest.executeInsideRequest(SpringProviderRegisteringComponentsTest.java:81)
	at br.com.caelum.vraptor.ioc.GenericContainerTest.shouldReturnAllDefaultDeserializers(GenericContainerTest.java:465)
	at sun.reflect.NativeMethodAccessorImpl.invoke0(Native Method)
	at sun.reflect.NativeMethodAccessorImpl.invoke(NativeMethodAccessorImpl.java:62)
	at sun.reflect.DelegatingMethodAccessorImpl.invoke(DelegatingMethodAccessorImpl.java:43)
	at java.lang.reflect.Method.invoke(Method.java:498)
	at org.junit.runners.model.FrameworkMethod$1.runReflectiveCall(FrameworkMethod.java:45)
	at org.junit.internal.runners.model.ReflectiveCallable.run(ReflectiveCallable.java:15)
	at org.junit.runners.model.FrameworkMethod.invokeExplosively(FrameworkMethod.java:42)
	at org.junit.internal.runners.statements.InvokeMethod.evaluate(InvokeMethod.java:20)
	at org.junit.internal.runners.statements.RunBefores.evaluate(RunBefores.java:28)
	at org.junit.internal.runners.statements.RunAfters.evaluate(RunAfters.java:30)
	at org.junit.runners.ParentRunner.runLeaf(ParentRunner.java:263)
	at org.junit.runners.BlockJUnit4ClassRunner.runChild(BlockJUnit4ClassRunner.java:68)
	at org.junit.runners.BlockJUnit4ClassRunner.runChild(BlockJUnit4ClassRunner.java:47)
	at org.junit.runners.ParentRunner$3.run(ParentRunner.java:231)
	at org.junit.runners.ParentRunner$1.schedule(ParentRunner.java:60)
	at org.junit.runners.ParentRunner.runChildren(ParentRunner.java:229)
	at org.junit.runners.ParentRunner.access$000(ParentRunner.java:50)
	at org.junit.runners.ParentRunner$2.evaluate(ParentRunner.java:222)
	at org.junit.runners.ParentRunner.run(ParentRunner.java:300)
	at org.apache.maven.surefire.junit4.JUnit4Provider.execute(JUnit4Provider.java:252)
	at org.apache.maven.surefire.junit4.JUnit4Provider.executeTestSet(JUnit4Provider.java:141)
	at org.apache.maven.surefire.junit4.JUnit4Provider.invoke(JUnit4Provider.java:112)
	at sun.reflect.NativeMethodAccessorImpl.invoke0(Native Method)
	at sun.reflect.NativeMethodAccessorImpl.invoke(NativeMethodAccessorImpl.java:62)
	at sun.reflect.DelegatingMethodAccessorImpl.invoke(DelegatingMethodAccessorImpl.java:43)
	at java.lang.reflect.Method.invoke(Method.java:498)
	at org.apache.maven.surefire.util.ReflectionUtils.invokeMethodWithArray(ReflectionUtils.java:189)
	at org.apache.maven.surefire.booter.ProviderFactory$ProviderProxy.invoke(ProviderFactory.java:165)
	at org.apache.maven.surefire.booter.ProviderFactory.invokeProvider(ProviderFactory.java:85)
	at org.apache.maven.surefire.booter.ForkedBooter.runSuitesInProcess(ForkedBooter.java:115)
	at org.apache.maven.surefire.booter.ForkedBooter.main(ForkedBooter.java:75)
Caused by: java.util.concurrent.TimeoutException
	at java.util.concurrent.FutureTask.get(FutureTask.java:205)
	at br.com.caelum.vraptor.ioc.spring.SpringProviderRegisteringComponentsTest.executeInsideRequest(SpringProviderRegisteringComponentsTest.java:78)
	... 32 more

Running br.com.caelum.vraptor.ioc.spring.SpringProviderTest
04:04:13,904 ERROR [ScannotationComponentScanner] There's no occurence of package br.com.caelum.vraptor.ioc.spring.components.registrar in classpath
04:28:16,114 ERROR [ScannotationComponentScanner] There's no occurence of package br.com.caelum.vraptor.ioc.spring.components.registrar in classpath
04:32:10,004 ERROR [ScannotationComponentScanner] There's no occurence of package br.com.caelum.vraptor.ioc.spring.components.registrar in classpath
Tests run: 3, Failures: 0, Errors: 0, Skipped: 0, Time elapsed: 22,492.07 sec
Running br.com.caelum.vraptor.ioc.AbstractComponentRegistryTest
Tests run: 2, Failures: 0, Errors: 0, Skipped: 0, Time elapsed: 154.96 sec
Running br.com.caelum.vraptor.ioc.ComponentFactoryIntrospectorTest
Tests run: 5, Failures: 0, Errors: 0, Skipped: 0, Time elapsed: 273.85 sec
Running br.com.caelum.vraptor.ioc.pico.PicoComponentRegistryTest
11:03:08,454  WARN [PicoComponentRegistry] VRaptor was already initialized, the contexts were created but you are registering a component.This is nasty. The original component might already be in use.Avoid doing it: br.com.caelum.vraptor.ioc.pico.PicoComponentRegistryTest$Base
Tests run: 2, Failures: 0, Errors: 0, Skipped: 0, Time elapsed: 755.36 sec
Running br.com.caelum.vraptor.ioc.pico.CustomPicoProviderTest
19:31:34,584  WARN [PicoComponentRegistry] VRaptor was already initialized, the contexts were created but you are registering a component.This is nasty. The original component might already be in use.Avoid doing it: br.com.caelum.vraptor.ioc.GenericContainerTest$MyAppComponent
19:39:29,534  WARN [PicoComponentRegistry] VRaptor was already initialized, the contexts were created but you are registering a component.This is nasty. The original component might already be in use.Avoid doing it: br.com.caelum.vraptor.ioc.GenericContainerTest$MyAppComponentWithLifecycle
Tests run: 25, Failures: 0, Errors: 0, Skipped: 0, Time elapsed: 34,493.84 sec
Running br.com.caelum.vraptor.ioc.pico.PicoBasedContainerTest
Tests run: 3, Failures: 0, Errors: 0, Skipped: 0, Time elapsed: 78.01 sec
Running br.com.caelum.vraptor.ioc.pico.PicoProviderTest
21:29:34,204  WARN [PicoComponentRegistry] VRaptor was already initialized, the contexts were created but you are registering a component.This is nasty. The original component might already be in use.Avoid doing it: br.com.caelum.vraptor.ioc.GenericContainerTest$MyAppComponent
21:35:53,694  WARN [PicoComponentRegistry] VRaptor was already initialized, the contexts were created but you are registering a component.This is nasty. The original component might already be in use.Avoid doing it: br.com.caelum.vraptor.ioc.GenericContainerTest$MyAppComponentWithLifecycle
Tests run: 22, Failures: 0, Errors: 0, Skipped: 0, Time elapsed: 6,035.56 sec
Running br.com.caelum.vraptor.ioc.InterceptorStereotypeHandlerTest
Tests run: 1, Failures: 0, Errors: 0, Skipped: 0, Time elapsed: 66.73 sec
Running br.com.caelum.vraptor.deserialization.JsonDeserializerTest
Tests run: 6, Failures: 0, Errors: 0, Skipped: 0, Time elapsed: 618.19 sec
Running br.com.caelum.vraptor.deserialization.DeserializesHandlerTest
Tests run: 3, Failures: 0, Errors: 0, Skipped: 0, Time elapsed: 67.01 sec
Running br.com.caelum.vraptor.deserialization.DefaultDeserializersTest
Tests run: 6, Failures: 0, Errors: 0, Skipped: 0, Time elapsed: 100.88 sec
Running br.com.caelum.vraptor.deserialization.XStreamXmlDeserializerTest
Tests run: 7, Failures: 0, Errors: 0, Skipped: 0, Time elapsed: 2,678.69 sec
Running br.com.caelum.vraptor.deserialization.gson.GsonDeserializerTest
Tests run: 20, Failures: 0, Errors: 0, Skipped: 0, Time elapsed: 1,188.81 sec
Running br.com.caelum.vraptor.proxy.CglibProxifierTest
Tests run: 8, Failures: 0, Errors: 0, Skipped: 0, Time elapsed: 970.67 sec
Running br.com.caelum.vraptor.proxy.JavassistProxifierTest
Tests run: 8, Failures: 0, Errors: 0, Skipped: 0, Time elapsed: 10.82 sec
Running br.com.caelum.vraptor.proxy.ReflectionInstanceCreatorTest
Tests run: 5, Failures: 0, Errors: 0, Skipped: 0, Time elapsed: 217.62 sec
Running br.com.caelum.vraptor.extra.ForwardToDefaultViewInterceptorTest
Tests run: 3, Failures: 0, Errors: 0, Skipped: 0, Time elapsed: 58.54 sec
Running br.com.caelum.vraptor.scan.WebBasedClasspathResolverTest
00:05:13,114 ERROR [WebBasedClasspathResolver] Could not get class loader from servlet context. Using current thread class loader...
java.lang.SecurityException: getClassLoader
	at br.com.caelum.vraptor.scan.WebBasedClasspathResolver.getClassLoader(WebBasedClasspathResolver.java:49)
	at br.com.caelum.vraptor.scan.WebBasedClasspathResolverTest.callerContextDifferentFromRequestedClassLoaderReturnsCurrentClassLoader(WebBasedClasspathResolverTest.java:20)
	at sun.reflect.NativeMethodAccessorImpl.invoke0(Native Method)
	at sun.reflect.NativeMethodAccessorImpl.invoke(NativeMethodAccessorImpl.java:62)
	at sun.reflect.DelegatingMethodAccessorImpl.invoke(DelegatingMethodAccessorImpl.java:43)
	at java.lang.reflect.Method.invoke(Method.java:498)
	at org.junit.runners.model.FrameworkMethod$1.runReflectiveCall(FrameworkMethod.java:45)
	at org.junit.internal.runners.model.ReflectiveCallable.run(ReflectiveCallable.java:15)
	at org.junit.runners.model.FrameworkMethod.invokeExplosively(FrameworkMethod.java:42)
	at org.junit.internal.runners.statements.InvokeMethod.evaluate(InvokeMethod.java:20)
	at org.junit.runners.ParentRunner.runLeaf(ParentRunner.java:263)
	at org.junit.runners.BlockJUnit4ClassRunner.runChild(BlockJUnit4ClassRunner.java:68)
	at org.junit.runners.BlockJUnit4ClassRunner.runChild(BlockJUnit4ClassRunner.java:47)
	at org.junit.runners.ParentRunner$3.run(ParentRunner.java:231)
	at org.junit.runners.ParentRunner$1.schedule(ParentRunner.java:60)
	at org.junit.runners.ParentRunner.runChildren(ParentRunner.java:229)
	at org.junit.runners.ParentRunner.access$000(ParentRunner.java:50)
	at org.junit.runners.ParentRunner$2.evaluate(ParentRunner.java:222)
	at org.junit.runners.ParentRunner.run(ParentRunner.java:300)
	at org.apache.maven.surefire.junit4.JUnit4Provider.execute(JUnit4Provider.java:252)
	at org.apache.maven.surefire.junit4.JUnit4Provider.executeTestSet(JUnit4Provider.java:141)
	at org.apache.maven.surefire.junit4.JUnit4Provider.invoke(JUnit4Provider.java:112)
	at sun.reflect.NativeMethodAccessorImpl.invoke0(Native Method)
	at sun.reflect.NativeMethodAccessorImpl.invoke(NativeMethodAccessorImpl.java:62)
	at sun.reflect.DelegatingMethodAccessorImpl.invoke(DelegatingMethodAccessorImpl.java:43)
	at java.lang.reflect.Method.invoke(Method.java:498)
	at org.apache.maven.surefire.util.ReflectionUtils.invokeMethodWithArray(ReflectionUtils.java:189)
	at org.apache.maven.surefire.booter.ProviderFactory$ProviderProxy.invoke(ProviderFactory.java:165)
	at org.apache.maven.surefire.booter.ProviderFactory.invokeProvider(ProviderFactory.java:85)
	at org.apache.maven.surefire.booter.ForkedBooter.runSuitesInProcess(ForkedBooter.java:115)
	at org.apache.maven.surefire.booter.ForkedBooter.main(ForkedBooter.java:75)
Tests run: 1, Failures: 0, Errors: 0, Skipped: 0, Time elapsed: 53.04 sec
Running br.com.caelum.vraptor.scan.DynamicWebAppBootstrapTest
Tests run: 3, Failures: 0, Errors: 0, Skipped: 0, Time elapsed: 74.09 sec
Running br.com.caelum.vraptor.scan.JavassistBootstrapGeneratorTest
Tests run: 2, Failures: 0, Errors: 0, Skipped: 0, Time elapsed: 1,031.52 sec
Running br.com.caelum.vraptor.scan.NullWebAppBootstrapTest
Tests run: 1, Failures: 0, Errors: 0, Skipped: 0, Time elapsed: 3.5 sec
Running br.com.caelum.vraptor.scan.ScannotationComponentScannerTest
Tests run: 4, Failures: 0, Errors: 0, Skipped: 0, Time elapsed: 101,644.18 sec
Running br.com.caelum.vraptor.util.test.MockSerializationResultTest
Tests run: 1, Failures: 0, Errors: 0, Skipped: 0, Time elapsed: 22.55 sec
Running br.com.caelum.vraptor.util.test.MockResultTest
Tests run: 7, Failures: 0, Errors: 0, Skipped: 0, Time elapsed: 312.56 sec
Running br.com.caelum.vraptor.util.test.MockValidatorTest
Tests run: 3, Failures: 0, Errors: 0, Skipped: 0, Time elapsed: 207.72 sec
Running br.com.caelum.vraptor.util.test.MockHttpServletResponseTest
Tests run: 2, Failures: 0, Errors: 0, Skipped: 0, Time elapsed: 28.91 sec
Running br.com.caelum.vraptor.util.test.MockHttpResultTest
Tests run: 1, Failures: 0, Errors: 0, Skipped: 0, Time elapsed: 24.97 sec
Running br.com.caelum.vraptor.util.ISO8601UtilTest
Tests run: 8, Failures: 0, Errors: 0, Skipped: 0, Time elapsed: 160.47 sec
Running br.com.caelum.vraptor.util.extjs.DefaultExtJsonTest
Tests run: 4, Failures: 0, Errors: 0, Skipped: 0, Time elapsed: 710.95 sec
Running br.com.caelum.vraptor.util.StringnifierTest
Tests run: 4, Failures: 0, Errors: 0, Skipped: 0, Time elapsed: 2.86 sec
Running br.com.caelum.vraptor.config.ApplicationConfigurationTest
Tests run: 2, Failures: 0, Errors: 0, Skipped: 0, Time elapsed: 3.75 sec
Running br.com.caelum.vraptor.config.BasicConfigurationTest
Tests run: 16, Failures: 0, Errors: 0, Skipped: 0, Time elapsed: 227.51 sec

Results :

Tests in error: 
  shouldBeAbleToOverrideVRaptorsDefaultImplementation(br.com.caelum.vraptor.ioc.guice.GuiceProviderTest): java.util.concurrent.TimeoutException
  shouldBeAbleToRegisterClasses(br.com.caelum.vraptor.ioc.guice.GuiceProviderTest): java.util.concurrent.TimeoutException
  canProvideAllApplicationScopedComponents(br.com.caelum.vraptor.ioc.guice.GuiceProviderTest): java.util.concurrent.TimeoutException
  canProvideAllRequestScopedComponents(br.com.caelum.vraptor.ioc.guice.GuiceProviderTest): java.util.concurrent.TimeoutException
  processesCorrectlyAppBasedComponents(br.com.caelum.vraptor.ioc.guice.GuiceProviderTest): java.util.concurrent.TimeoutException
  setsAnAttributeOnSessionWithTheObjectTypeName(br.com.caelum.vraptor.ioc.guice.GuiceProviderTest): java.util.concurrent.TimeoutException
  processesCorrectlyRequestBasedComponents(br.com.caelum.vraptor.ioc.guice.GuiceProviderTest): java.util.concurrent.TimeoutException
  shouldDisposeAfterRequest(br.com.caelum.vraptor.ioc.guice.GuiceProviderTest): java.util.concurrent.TimeoutException
  shoudRegisterConvertersInConverters(br.com.caelum.vraptor.ioc.guice.GuiceProviderTest): java.util.concurrent.TimeoutException
  canProvideAllApplicationScopedComponents(br.com.caelum.vraptor.ioc.spring.SpringProviderRegisteringComponentsTest): java.util.concurrent.TimeoutException
  canProvideAllPrototypeScopedComponents(br.com.caelum.vraptor.ioc.spring.SpringProviderRegisteringComponentsTest): java.util.concurrent.TimeoutException
  canProvideAllRequestScopedComponents(br.com.caelum.vraptor.ioc.spring.SpringProviderRegisteringComponentsTest): java.util.concurrent.TimeoutException
  processesCorrectlyAppBasedComponents(br.com.caelum.vraptor.ioc.spring.SpringProviderRegisteringComponentsTest): java.util.concurrent.TimeoutException
  canProvideJodaTimeConverters(br.com.caelum.vraptor.ioc.spring.SpringProviderRegisteringComponentsTest): java.util.concurrent.TimeoutException
  callsPredestroyExactlyOneTime(br.com.caelum.vraptor.ioc.spring.SpringProviderRegisteringComponentsTest): java.util.concurrent.TimeoutException
  setsAnAttributeOnRequestWithTheObjectTypeName(br.com.caelum.vraptor.ioc.spring.SpringProviderRegisteringComponentsTest): java.util.concurrent.TimeoutException
  setsAnAttributeOnSessionWithTheObjectTypeName(br.com.caelum.vraptor.ioc.spring.SpringProviderRegisteringComponentsTest): java.util.concurrent.TimeoutException
  processesCorrectlyRequestBasedComponents(br.com.caelum.vraptor.ioc.spring.SpringProviderRegisteringComponentsTest): java.util.concurrent.TimeoutException
  processesCorrectlyPrototypeBasedComponents(br.com.caelum.vraptor.ioc.spring.SpringProviderRegisteringComponentsTest): java.util.concurrent.TimeoutException
  supportsComponentFactoriesForCustomInstantiation(br.com.caelum.vraptor.ioc.spring.SpringProviderRegisteringComponentsTest): java.util.concurrent.TimeoutException
  shouldDisposeAfterRequest(br.com.caelum.vraptor.ioc.spring.SpringProviderRegisteringComponentsTest): java.util.concurrent.TimeoutException
  shouldStartBeforeRequestExecution(br.com.caelum.vraptor.ioc.spring.SpringProviderRegisteringComponentsTest): java.util.concurrent.TimeoutException
  canProvideComponentsInTheClasspath(br.com.caelum.vraptor.ioc.spring.SpringProviderRegisteringComponentsTest): java.util.concurrent.TimeoutException
  shouldReturnAllDefaultDeserializers(br.com.caelum.vraptor.ioc.spring.SpringProviderRegisteringComponentsTest): java.util.concurrent.TimeoutException

Tests run: 1139, Failures: 0, Errors: 24, Skipped: 6

[INFO] 
[INFO] ------------------------------------------------------------------------
[INFO] Skipping vraptor-plugin-gae
[INFO] This project has been banned from the build due to previous failures.
[INFO] ------------------------------------------------------------------------
[INFO] 
[INFO] ------------------------------------------------------------------------
[INFO] Skipping vraptor-mydvds
[INFO] This project has been banned from the build due to previous failures.
[INFO] ------------------------------------------------------------------------
[INFO] 
[INFO] ------------------------------------------------------------------------
[INFO] Skipping vraptor-blank-project
[INFO] This project has been banned from the build due to previous failures.
[INFO] ------------------------------------------------------------------------
[INFO] 
[INFO] ------------------------------------------------------------------------
[INFO] Skipping vraptor-blank-project-gae
[INFO] This project has been banned from the build due to previous failures.
[INFO] ------------------------------------------------------------------------
[INFO] ------------------------------------------------------------------------
[INFO] Reactor Summary for VRaptor3 3.5.6-SNAPSHOT:
[INFO] 
[INFO] VRaptor3 ........................................... SUCCESS [  03:55 h]
[INFO] vraptor ............................................ FAILURE [6 d 15:26 h]
[INFO] vraptor-plugin-gae ................................. SKIPPED
[INFO] vraptor-mydvds ..................................... SKIPPED
[INFO] vraptor-blank-project .............................. SKIPPED
[INFO] vraptor-blank-project-gae .......................... SKIPPED
[INFO] ------------------------------------------------------------------------
[INFO] BUILD FAILURE
[INFO] ------------------------------------------------------------------------
[INFO] Total time:  6 d 20:48 h
[INFO] Finished at: 2021-11-08T05:26:42Z
[INFO] ------------------------------------------------------------------------
[ERROR] Failed to execute goal org.apache.maven.plugins:maven-surefire-plugin:2.12.4:test (default-test) on project vraptor: There are test failures.
[ERROR] 
[ERROR] Please refer to /home/target/vraptor-core/target/surefire-reports for the individual test results.
[ERROR] -> [Help 1]
[ERROR] 
[ERROR] To see the full stack trace of the errors, re-run Maven with the -e switch.
[ERROR] Re-run Maven using the -X switch to enable full debug logging.
[ERROR] 
[ERROR] For more information about the errors and possible solutions, please read the following articles:
[ERROR] [Help 1] http://cwiki.apache.org/confluence/display/MAVEN/MojoFailureException
[ERROR] 
[ERROR] After correcting the problems, you can resume the build with the command
[ERROR]   mvn <args> -rf :vraptor
{'error': True, 'log_file': 'output-2021-10-31T21:52:42-0982.log', 'message': '', 'start_time': '2021-10-31T21:52:42', 'end_time': '2021-10-31T21:53:46', 'command': ['mvn', '-fae', 'test'], 'faketime_str': '+0 x10000.0', 'timezone': datetime.timezone(datetime.timedelta(0), 'UTC')}
