[INFO] Scanning for projects...
[INFO] ------------------------------------------------------------------------
[INFO] Reactor Build Order:
[INFO] 
[INFO] VRaptor3                                                           [pom]
[INFO] vraptor                                                            [jar]
[INFO] vraptor-plugin-gae                                                 [jar]
[INFO] vraptor-mydvds                                                     [war]
[INFO] vraptor-blank-project                                              [pom]
[INFO] vraptor-blank-project-gae                                          [pom]
[INFO] 
[INFO] --------------------< br.com.caelum:vraptor-parent >--------------------
[INFO] Building VRaptor3 3.5.6-SNAPSHOT                                   [1/6]
[INFO] --------------------------------[ pom ]---------------------------------
[INFO] 
[INFO] --- maven-enforcer-plugin:1.0:enforce (enforce-maven) @ vraptor-parent ---
[INFO] 
[INFO] -----------------------< br.com.caelum:vraptor >------------------------
[INFO] Building vraptor 3.5.6-SNAPSHOT                                    [2/6]
[INFO] --------------------------------[ jar ]---------------------------------
[INFO] 
[INFO] --- maven-enforcer-plugin:1.0:enforce (enforce-maven) @ vraptor ---
[INFO] 
[INFO] --- maven-antrun-plugin:1.7:run (process-sources) @ vraptor ---
[INFO] Executing tasks

main:
[INFO] Executed tasks
[INFO] 
[INFO] --- maven-resources-plugin:2.6:resources (default-resources) @ vraptor ---
[INFO] Using 'UTF-8' encoding to copy filtered resources.
[INFO] Copying 2 resources
[INFO] 
[INFO] --- maven-compiler-plugin:2.3.1:compile (default-compile) @ vraptor ---
[INFO] Compiling 1 source file to /home/target/vraptor-core/target/classes
[INFO] 
[INFO] --- maven-resources-plugin:2.6:testResources (default-testResources) @ vraptor ---
[INFO] Using 'UTF-8' encoding to copy filtered resources.
[INFO] Copying 3 resources
[INFO] 
[INFO] --- maven-compiler-plugin:2.3.1:testCompile (default-testCompile) @ vraptor ---
[INFO] Nothing to compile - all classes are up to date
[INFO] 
[INFO] --- maven-surefire-plugin:2.12.4:test (default-test) @ vraptor ---
[INFO] Surefire report directory: /home/target/vraptor-core/target/surefire-reports

-------------------------------------------------------
 T E S T S
-------------------------------------------------------
Running br.com.caelum.vraptor.VRaptorTest
Tests run: 4, Failures: 0, Errors: 0, Skipped: 0, Time elapsed: 1,488,632 sec
Running br.com.caelum.vraptor.converter.LocaleBasedDateConverterTest
Tests run: 5, Failures: 0, Errors: 0, Skipped: 0, Time elapsed: 204,560 sec
Running br.com.caelum.vraptor.converter.l10n.LocaleBasedPrimitiveFloatConverterTest
Tests run: 6, Failures: 0, Errors: 0, Skipped: 0, Time elapsed: 47,328 sec
Running br.com.caelum.vraptor.converter.l10n.LocaleBasedFloatConverterTest
Tests run: 6, Failures: 0, Errors: 0, Skipped: 0, Time elapsed: 39,528 sec
Running br.com.caelum.vraptor.converter.l10n.LocaleBasedBigDecimalConverterTest
Tests run: 6, Failures: 0, Errors: 0, Skipped: 0, Time elapsed: 52,464 sec
Running br.com.caelum.vraptor.converter.l10n.LocaleBasedDoubleConverterTest
Tests run: 6, Failures: 0, Errors: 0, Skipped: 0, Time elapsed: 19,632 sec
Running br.com.caelum.vraptor.converter.l10n.LocaleBasedPrimitiveDoubleConverterTest
Tests run: 6, Failures: 0, Errors: 0, Skipped: 0, Time elapsed: 35,336 sec
Running br.com.caelum.vraptor.converter.EnumConverterTest
Tests run: 7, Failures: 0, Errors: 0, Skipped: 0, Time elapsed: 30,872 sec
Running br.com.caelum.vraptor.converter.PrimitiveFloatConverterTest
Tests run: 4, Failures: 0, Errors: 0, Skipped: 0, Time elapsed: 81,528 sec
Running br.com.caelum.vraptor.converter.IntegerConverterTest
Tests run: 4, Failures: 0, Errors: 0, Skipped: 0, Time elapsed: 200 sec
Running br.com.caelum.vraptor.converter.LocaleBasedTimeConverterTest
Tests run: 5, Failures: 0, Errors: 0, Skipped: 0, Time elapsed: 11,032 sec
Running br.com.caelum.vraptor.converter.PrimitiveDoubleConverterTest
Tests run: 4, Failures: 0, Errors: 0, Skipped: 0, Time elapsed: 4,272 sec
Running br.com.caelum.vraptor.converter.FloatConverterTest
Tests run: 4, Failures: 0, Errors: 0, Skipped: 0, Time elapsed: 4,688 sec
Running br.com.caelum.vraptor.converter.DoubleConverterTest
Tests run: 4, Failures: 0, Errors: 0, Skipped: 0, Time elapsed: 5,080 sec
Running br.com.caelum.vraptor.converter.PrimitiveCharConverterTest
Tests run: 4, Failures: 0, Errors: 0, Skipped: 0, Time elapsed: 3,240 sec
Running br.com.caelum.vraptor.converter.PrimitiveIntConverterTest
Tests run: 4, Failures: 0, Errors: 0, Skipped: 0, Time elapsed: 7,624 sec
Running br.com.caelum.vraptor.converter.BooleanConverterTest
Tests run: 8, Failures: 0, Errors: 0, Skipped: 0, Time elapsed: 208 sec
Running br.com.caelum.vraptor.converter.PrimitiveByteConverterTest
Tests run: 4, Failures: 0, Errors: 0, Skipped: 0, Time elapsed: 7,024 sec
Running br.com.caelum.vraptor.converter.CharacterConverterTest
Tests run: 3, Failures: 0, Errors: 0, Skipped: 0, Time elapsed: 384 sec
Running br.com.caelum.vraptor.converter.LongConverterTest
Tests run: 4, Failures: 0, Errors: 0, Skipped: 0, Time elapsed: 1,640 sec
Running br.com.caelum.vraptor.converter.ShortConverterTest
Tests run: 4, Failures: 0, Errors: 0, Skipped: 0, Time elapsed: 6,040 sec
Running br.com.caelum.vraptor.converter.BigDecimalConverterTest
Tests run: 4, Failures: 0, Errors: 0, Skipped: 0, Time elapsed: 736 sec
Running br.com.caelum.vraptor.converter.BigIntegerConverterTest
Tests run: 5, Failures: 0, Errors: 0, Skipped: 0, Time elapsed: 136 sec
Running br.com.caelum.vraptor.converter.PrimitiveShortConverterTest
Tests run: 4, Failures: 0, Errors: 0, Skipped: 0, Time elapsed: 264 sec
Running br.com.caelum.vraptor.converter.LocaleBasedCalendarConverterTest
Tests run: 5, Failures: 0, Errors: 0, Skipped: 0, Time elapsed: 10,144 sec
Running br.com.caelum.vraptor.converter.ByteConverterTest
Tests run: 4, Failures: 0, Errors: 0, Skipped: 0, Time elapsed: 456 sec
Running br.com.caelum.vraptor.converter.PrimitiveLongConverterTest
Tests run: 4, Failures: 0, Errors: 0, Skipped: 0, Time elapsed: 104 sec
Running br.com.caelum.vraptor.converter.jodatime.DateTimeConverterTest
Tests run: 4, Failures: 0, Errors: 0, Skipped: 0, Time elapsed: 228,768 sec
Running br.com.caelum.vraptor.converter.jodatime.LocaleBasedJodaTimeConverterTest
Tests run: 2, Failures: 0, Errors: 0, Skipped: 0, Time elapsed: 5,000 sec
Running br.com.caelum.vraptor.converter.jodatime.LocalTimeConverterTest
Tests run: 4, Failures: 0, Errors: 0, Skipped: 0, Time elapsed: 33,728 sec
Running br.com.caelum.vraptor.converter.jodatime.DateMidnightConverterTest
Tests run: 4, Failures: 0, Errors: 0, Skipped: 0, Time elapsed: 17,224 sec
Running br.com.caelum.vraptor.converter.jodatime.LocalDateTimeConverterTest
Tests run: 4, Failures: 0, Errors: 0, Skipped: 0, Time elapsed: 23,016 sec
Running br.com.caelum.vraptor.converter.jodatime.LocalDateConverterTest
Tests run: 4, Failures: 0, Errors: 0, Skipped: 0, Time elapsed: 20,568 sec
Running br.com.caelum.vraptor.converter.PrimitiveBooleanConverterTest
Tests run: 8, Failures: 0, Errors: 0, Skipped: 0, Time elapsed: 12,400 sec
Running br.com.caelum.vraptor.resource.HttpMethodTest
Tests run: 6, Failures: 0, Errors: 0, Skipped: 0, Time elapsed: 17,904 sec
Running br.com.caelum.vraptor.resource.ResourceNotFoundHandlerTest
Tests run: 3, Failures: 0, Errors: 0, Skipped: 0, Time elapsed: 63,120 sec
Running br.com.caelum.vraptor.resource.DefaultMethodNotAllowedHandlerTest
Tests run: 4, Failures: 0, Errors: 0, Skipped: 0, Time elapsed: 25,560 sec
Running br.com.caelum.vraptor.http.VRaptorRequestTest
Tests run: 7, Failures: 0, Errors: 0, Skipped: 0, Time elapsed: 27,776 sec
Running br.com.caelum.vraptor.http.ParanamerNameProviderTest
Tests run: 9, Failures: 0, Errors: 0, Skipped: 0, Time elapsed: 66,264 sec
Running br.com.caelum.vraptor.http.DefaultParameterNameProviderTest
Tests run: 4, Failures: 0, Errors: 0, Skipped: 0, Time elapsed: 27,112 sec
Running br.com.caelum.vraptor.http.EncodingHandlerFactoryTest
Tests run: 2, Failures: 0, Errors: 0, Skipped: 0, Time elapsed: 8,808 sec
Running br.com.caelum.vraptor.http.DefaultResourceTranslatorTest
Tests run: 13, Failures: 0, Errors: 0, Skipped: 0, Time elapsed: 117,280 sec
Running br.com.caelum.vraptor.http.iogi.IogiParametersProviderTest
Tests run: 36, Failures: 0, Errors: 0, Skipped: 0, Time elapsed: 876,480 sec
Running br.com.caelum.vraptor.http.iogi.MiscIogiSupportTest
Tests run: 2, Failures: 0, Errors: 0, Skipped: 0, Time elapsed: 82,240 sec
Running br.com.caelum.vraptor.http.iogi.IogiGenericTypesSupportTest
Tests run: 6, Failures: 0, Errors: 0, Skipped: 0, Time elapsed: 22,592 sec
Running br.com.caelum.vraptor.http.ognl.VRaptorConvertersAdapterTest
Tests run: 3, Failures: 0, Errors: 0, Skipped: 0, Time elapsed: 155,864 sec
Running br.com.caelum.vraptor.http.ognl.EmptyElementsRemovalTest
Tests run: 4, Failures: 0, Errors: 0, Skipped: 0, Time elapsed: 15,456 sec
Running br.com.caelum.vraptor.http.ognl.OgnlParametersProviderTest
Tests run: 27, Failures: 0, Errors: 0, Skipped: 0, Time elapsed: 300,552 sec
Running br.com.caelum.vraptor.http.ognl.ArrayAccessorTest
Tests run: 3, Failures: 0, Errors: 0, Skipped: 1, Time elapsed: 133,432 sec
Running br.com.caelum.vraptor.http.ognl.ListAccessorTest
Tests run: 3, Failures: 0, Errors: 0, Skipped: 0, Time elapsed: 87,560 sec
Running br.com.caelum.vraptor.http.ognl.ListNullHandlerTest
Tests run: 2, Failures: 0, Errors: 0, Skipped: 0, Time elapsed: 34,208 sec
Running br.com.caelum.vraptor.http.ognl.MiscOgnlSupportTest
Tests run: 2, Failures: 0, Errors: 0, Skipped: 0, Time elapsed: 33,744 sec
Running br.com.caelum.vraptor.http.ognl.OgnlGenericTypesSupportTest
Tests run: 3, Failures: 0, Errors: 0, Skipped: 0, Time elapsed: 25,144 sec
Running br.com.caelum.vraptor.http.ognl.ReflectionBasedNullHandlerTest
Tests run: 7, Failures: 0, Errors: 0, Skipped: 0, Time elapsed: 146,840 sec
Running br.com.caelum.vraptor.http.ognl.GenericNullHandlerTest
Tests run: 9, Failures: 0, Errors: 0, Skipped: 0, Time elapsed: 247,296 sec
Running br.com.caelum.vraptor.http.route.DefaultRouterTest
Tests run: 12, Failures: 0, Errors: 0, Skipped: 0, Time elapsed: 640 sec
Running br.com.caelum.vraptor.http.route.PathAnnotationRoutesParserTest
Tests run: 33, Failures: 0, Errors: 0, Skipped: 0, Time elapsed: 291,768 sec
Running br.com.caelum.vraptor.http.route.DefaultParametersControlTest
Tests run: 25, Failures: 0, Errors: 0, Skipped: 0, Time elapsed: 89,000 sec
Running br.com.caelum.vraptor.http.route.RulesTest
Tests run: 1, Failures: 0, Errors: 0, Skipped: 0, Time elapsed: 8,832 sec
Running br.com.caelum.vraptor.http.route.DefaultTypeFinderTest
Tests run: 2, Failures: 0, Errors: 0, Skipped: 0, Time elapsed: 11,912 sec
Running br.com.caelum.vraptor.http.route.JavaEvaluatorTest
Tests run: 9, Failures: 0, Errors: 0, Skipped: 0, Time elapsed: 13,352 sec
Running br.com.caelum.vraptor.http.route.FixedMethodStrategyTest
Tests run: 2, Failures: 0, Errors: 0, Skipped: 0, Time elapsed: 28,136 sec
Running br.com.caelum.vraptor.http.route.RouteBuilderTest
Tests run: 10, Failures: 0, Errors: 0, Skipped: 1, Time elapsed: 36,104 sec
Running br.com.caelum.vraptor.http.WebXmlEncodingHandlerTest
Tests run: 2, Failures: 0, Errors: 0, Skipped: 0, Time elapsed: 4,136 sec
Running br.com.caelum.vraptor.http.DefaultFormatResolverTest
Tests run: 5, Failures: 0, Errors: 0, Skipped: 0, Time elapsed: 20,320 sec
Running br.com.caelum.vraptor.core.DefaultInterceptorStackTest
Tests run: 2, Failures: 0, Errors: 0, Skipped: 0, Time elapsed: 33,408 sec
Running br.com.caelum.vraptor.core.ToInstantiateInterceptorHandlerTest
Tests run: 3, Failures: 0, Errors: 0, Skipped: 0, Time elapsed: 29,888 sec
Running br.com.caelum.vraptor.core.SafeResourceBundleTest
Tests run: 2, Failures: 0, Errors: 0, Skipped: 0, Time elapsed: 776 sec
Running br.com.caelum.vraptor.core.DefaultInterceptorHandlerFactoryTest
Tests run: 3, Failures: 0, Errors: 0, Skipped: 0, Time elapsed: 29,464 sec
Running br.com.caelum.vraptor.core.DefaultResultTest
Tests run: 16, Failures: 0, Errors: 0, Skipped: 0, Time elapsed: 98,048 sec
Running br.com.caelum.vraptor.core.LazyInterceptorHandlerTest
Tests run: 4, Failures: 0, Errors: 0, Skipped: 0, Time elapsed: 39,536 sec
Running br.com.caelum.vraptor.core.DefaultConvertersTest
Tests run: 6, Failures: 0, Errors: 0, Skipped: 0, Time elapsed: 292,304 sec
Running br.com.caelum.vraptor.core.JstlLocalizationTest
sun.util.ResourceBundleEnumeration@4df3c9b0
Tests run: 8, Failures: 0, Errors: 0, Skipped: 0, Time elapsed: 19,024 sec
Running br.com.caelum.vraptor.core.DefaultMethodInfoTest
Tests run: 2, Failures: 0, Errors: 0, Skipped: 0, Time elapsed: 776 sec
Running br.com.caelum.vraptor.core.ExceptionRecorderTest
Tests run: 3, Failures: 0, Errors: 0, Skipped: 0, Time elapsed: 30,000 sec
Running br.com.caelum.vraptor.core.DefaultStaticContentHandlerTest
Tests run: 4, Failures: 0, Errors: 0, Skipped: 0, Time elapsed: 66,888 sec
Running br.com.caelum.vraptor.interceptor.ParametersInstantiatorInterceptorTest
Tests run: 11, Failures: 0, Errors: 0, Skipped: 0, Time elapsed: 94,992 sec
Running br.com.caelum.vraptor.interceptor.DefaultInterceptorRegistryTest
Tests run: 1, Failures: 0, Errors: 0, Skipped: 0, Time elapsed: 11,152 sec
Running br.com.caelum.vraptor.interceptor.FlashInterceptorTest
Tests run: 7, Failures: 0, Errors: 0, Skipped: 0, Time elapsed: 31,296 sec
Running br.com.caelum.vraptor.interceptor.multipart.NullMultipartInterceptorTest
Tests run: 2, Failures: 0, Errors: 0, Skipped: 0, Time elapsed: 6,032 sec
Running br.com.caelum.vraptor.interceptor.multipart.DefaultUploadedFileTest
Tests run: 3, Failures: 0, Errors: 0, Skipped: 0, Time elapsed: 7,640 sec
Running br.com.caelum.vraptor.interceptor.multipart.CommonsUploadMultipartInterceptorTest
20:32:53,435  WARN [CommonsUploadMultipartInterceptor] Request have an invalid encoding. Ignoring it
20:46:53,435  WARN [CommonsUploadMultipartInterceptor] Request have an invalid encoding. Ignoring it
23:08:21,435  WARN [CommonsUploadMultipartInterceptor] There was some problem parsing this multipart request, or someone is not sending a RFC1867 compatible multipart request.
org.apache.commons.fileupload.FileUploadException
	at br.com.caelum.vraptor.interceptor.multipart.CommonsUploadMultipartInterceptor.intercept(CommonsUploadMultipartInterceptor.java:103)
	at br.com.caelum.vraptor.interceptor.multipart.CommonsUploadMultipartInterceptorTest.doNothingWhenFileUploadExceptionOccurs(CommonsUploadMultipartInterceptorTest.java:235)
	at sun.reflect.NativeMethodAccessorImpl.invoke0(Native Method)
	at sun.reflect.NativeMethodAccessorImpl.invoke(NativeMethodAccessorImpl.java:62)
	at sun.reflect.DelegatingMethodAccessorImpl.invoke(DelegatingMethodAccessorImpl.java:43)
	at java.lang.reflect.Method.invoke(Method.java:498)
	at org.junit.runners.model.FrameworkMethod$1.runReflectiveCall(FrameworkMethod.java:45)
	at org.junit.internal.runners.model.ReflectiveCallable.run(ReflectiveCallable.java:15)
	at org.junit.runners.model.FrameworkMethod.invokeExplosively(FrameworkMethod.java:42)
	at org.junit.internal.runners.statements.InvokeMethod.evaluate(InvokeMethod.java:20)
	at org.junit.internal.runners.statements.RunBefores.evaluate(RunBefores.java:28)
	at org.junit.runners.ParentRunner.runLeaf(ParentRunner.java:263)
	at org.junit.runners.BlockJUnit4ClassRunner.runChild(BlockJUnit4ClassRunner.java:68)
	at org.junit.runners.BlockJUnit4ClassRunner.runChild(BlockJUnit4ClassRunner.java:47)
	at org.junit.runners.ParentRunner$3.run(ParentRunner.java:231)
	at org.junit.runners.ParentRunner$1.schedule(ParentRunner.java:60)
	at org.junit.runners.ParentRunner.runChildren(ParentRunner.java:229)
	at org.junit.runners.ParentRunner.access$000(ParentRunner.java:50)
	at org.junit.runners.ParentRunner$2.evaluate(ParentRunner.java:222)
	at org.junit.runners.ParentRunner.run(ParentRunner.java:300)
	at org.apache.maven.surefire.junit4.JUnit4Provider.execute(JUnit4Provider.java:252)
	at org.apache.maven.surefire.junit4.JUnit4Provider.executeTestSet(JUnit4Provider.java:141)
	at org.apache.maven.surefire.junit4.JUnit4Provider.invoke(JUnit4Provider.java:112)
	at sun.reflect.NativeMethodAccessorImpl.invoke0(Native Method)
	at sun.reflect.NativeMethodAccessorImpl.invoke(NativeMethodAccessorImpl.java:62)
	at sun.reflect.DelegatingMethodAccessorImpl.invoke(DelegatingMethodAccessorImpl.java:43)
	at java.lang.reflect.Method.invoke(Method.java:498)
	at org.apache.maven.surefire.util.ReflectionUtils.invokeMethodWithArray(ReflectionUtils.java:189)
	at org.apache.maven.surefire.booter.ProviderFactory$ProviderProxy.invoke(ProviderFactory.java:165)
	at org.apache.maven.surefire.booter.ProviderFactory.invokeProvider(ProviderFactory.java:85)
	at org.apache.maven.surefire.booter.ForkedBooter.runSuitesInProcess(ForkedBooter.java:115)
	at org.apache.maven.surefire.booter.ForkedBooter.main(ForkedBooter.java:75)
03:23:41,435  WARN [CommonsUploadMultipartInterceptor] The file size limit was exceeded.
org.apache.commons.fileupload.FileUploadBase$SizeLimitExceededException: 
	at br.com.caelum.vraptor.interceptor.multipart.CommonsUploadMultipartInterceptor.intercept(CommonsUploadMultipartInterceptor.java:103)
	at br.com.caelum.vraptor.interceptor.multipart.CommonsUploadMultipartInterceptorTest.shouldValidateWhenSizeLimitExceededExceptionOccurs(CommonsUploadMultipartInterceptorTest.java:244)
	at sun.reflect.NativeMethodAccessorImpl.invoke0(Native Method)
	at sun.reflect.NativeMethodAccessorImpl.invoke(NativeMethodAccessorImpl.java:62)
	at sun.reflect.DelegatingMethodAccessorImpl.invoke(DelegatingMethodAccessorImpl.java:43)
	at java.lang.reflect.Method.invoke(Method.java:498)
	at org.junit.runners.model.FrameworkMethod$1.runReflectiveCall(FrameworkMethod.java:45)
	at org.junit.internal.runners.model.ReflectiveCallable.run(ReflectiveCallable.java:15)
	at org.junit.runners.model.FrameworkMethod.invokeExplosively(FrameworkMethod.java:42)
	at org.junit.internal.runners.statements.InvokeMethod.evaluate(InvokeMethod.java:20)
	at org.junit.internal.runners.statements.RunBefores.evaluate(RunBefores.java:28)
	at org.junit.runners.ParentRunner.runLeaf(ParentRunner.java:263)
	at org.junit.runners.BlockJUnit4ClassRunner.runChild(BlockJUnit4ClassRunner.java:68)
	at org.junit.runners.BlockJUnit4ClassRunner.runChild(BlockJUnit4ClassRunner.java:47)
	at org.junit.runners.ParentRunner$3.run(ParentRunner.java:231)
	at org.junit.runners.ParentRunner$1.schedule(ParentRunner.java:60)
	at org.junit.runners.ParentRunner.runChildren(ParentRunner.java:229)
	at org.junit.runners.ParentRunner.access$000(ParentRunner.java:50)
	at org.junit.runners.ParentRunner$2.evaluate(ParentRunner.java:222)
	at org.junit.runners.ParentRunner.run(ParentRunner.java:300)
	at org.apache.maven.surefire.junit4.JUnit4Provider.execute(JUnit4Provider.java:252)
	at org.apache.maven.surefire.junit4.JUnit4Provider.executeTestSet(JUnit4Provider.java:141)
	at org.apache.maven.surefire.junit4.JUnit4Provider.invoke(JUnit4Provider.java:112)
	at sun.reflect.NativeMethodAccessorImpl.invoke0(Native Method)
	at sun.reflect.NativeMethodAccessorImpl.invoke(NativeMethodAccessorImpl.java:62)
	at sun.reflect.DelegatingMethodAccessorImpl.invoke(DelegatingMethodAccessorImpl.java:43)
	at java.lang.reflect.Method.invoke(Method.java:498)
	at org.apache.maven.surefire.util.ReflectionUtils.invokeMethodWithArray(ReflectionUtils.java:189)
	at org.apache.maven.surefire.booter.ProviderFactory$ProviderProxy.invoke(ProviderFactory.java:165)
	at org.apache.maven.surefire.booter.ProviderFactory.invokeProvider(ProviderFactory.java:85)
	at org.apache.maven.surefire.booter.ForkedBooter.runSuitesInProcess(ForkedBooter.java:115)
	at org.apache.maven.surefire.booter.ForkedBooter.main(ForkedBooter.java:75)
08:53:01,435  WARN [DefaultMultipartConfig] Unable to find temp directory, creating a dir inside the application
java.io.IOException
	at br.com.caelum.vraptor.interceptor.multipart.CommonsUploadMultipartInterceptor.intercept(CommonsUploadMultipartInterceptor.java:96)
	at br.com.caelum.vraptor.interceptor.multipart.CommonsUploadMultipartInterceptorTest.shouldCreateDirInsideAppIfTempDirAreNotAvailable(CommonsUploadMultipartInterceptorTest.java:263)
	at sun.reflect.NativeMethodAccessorImpl.invoke0(Native Method)
	at sun.reflect.NativeMethodAccessorImpl.invoke(NativeMethodAccessorImpl.java:62)
	at sun.reflect.DelegatingMethodAccessorImpl.invoke(DelegatingMethodAccessorImpl.java:43)
	at java.lang.reflect.Method.invoke(Method.java:498)
	at org.junit.runners.model.FrameworkMethod$1.runReflectiveCall(FrameworkMethod.java:45)
	at org.junit.internal.runners.model.ReflectiveCallable.run(ReflectiveCallable.java:15)
	at org.junit.runners.model.FrameworkMethod.invokeExplosively(FrameworkMethod.java:42)
	at org.junit.internal.runners.statements.InvokeMethod.evaluate(InvokeMethod.java:20)
	at org.junit.internal.runners.statements.RunBefores.evaluate(RunBefores.java:28)
	at org.junit.runners.ParentRunner.runLeaf(ParentRunner.java:263)
	at org.junit.runners.BlockJUnit4ClassRunner.runChild(BlockJUnit4ClassRunner.java:68)
	at org.junit.runners.BlockJUnit4ClassRunner.runChild(BlockJUnit4ClassRunner.java:47)
	at org.junit.runners.ParentRunner$3.run(ParentRunner.java:231)
	at org.junit.runners.ParentRunner$1.schedule(ParentRunner.java:60)
	at org.junit.runners.ParentRunner.runChildren(ParentRunner.java:229)
	at org.junit.runners.ParentRunner.access$000(ParentRunner.java:50)
	at org.junit.runners.ParentRunner$2.evaluate(ParentRunner.java:222)
	at org.junit.runners.ParentRunner.run(ParentRunner.java:300)
	at org.apache.maven.surefire.junit4.JUnit4Provider.execute(JUnit4Provider.java:252)
	at org.apache.maven.surefire.junit4.JUnit4Provider.executeTestSet(JUnit4Provider.java:141)
	at org.apache.maven.surefire.junit4.JUnit4Provider.invoke(JUnit4Provider.java:112)
	at sun.reflect.NativeMethodAccessorImpl.invoke0(Native Method)
	at sun.reflect.NativeMethodAccessorImpl.invoke(NativeMethodAccessorImpl.java:62)
	at sun.reflect.DelegatingMethodAccessorImpl.invoke(DelegatingMethodAccessorImpl.java:43)
	at java.lang.reflect.Method.invoke(Method.java:498)
	at org.apache.maven.surefire.util.ReflectionUtils.invokeMethodWithArray(ReflectionUtils.java:189)
	at org.apache.maven.surefire.booter.ProviderFactory$ProviderProxy.invoke(ProviderFactory.java:165)
	at org.apache.maven.surefire.booter.ProviderFactory.invokeProvider(ProviderFactory.java:85)
	at org.apache.maven.surefire.booter.ForkedBooter.runSuitesInProcess(ForkedBooter.java:115)
	at org.apache.maven.surefire.booter.ForkedBooter.main(ForkedBooter.java:75)
16:13:41,435  WARN [CommonsUploadMultipartInterceptor] There was some problem parsing this multipart request, or someone is not sending a RFC1867 compatible multipart request.
org.apache.commons.fileupload.FileUploadException
	at br.com.caelum.vraptor.interceptor.multipart.CommonsUploadMultipartInterceptor.intercept(CommonsUploadMultipartInterceptor.java:103)
	at br.com.caelum.vraptor.interceptor.multipart.CommonsUploadMultipartInterceptorTest.handleValidatorMessageWhenFileUploadExceptionOccurs(CommonsUploadMultipartInterceptorTest.java:297)
	at sun.reflect.NativeMethodAccessorImpl.invoke0(Native Method)
	at sun.reflect.NativeMethodAccessorImpl.invoke(NativeMethodAccessorImpl.java:62)
	at sun.reflect.DelegatingMethodAccessorImpl.invoke(DelegatingMethodAccessorImpl.java:43)
	at java.lang.reflect.Method.invoke(Method.java:498)
	at org.junit.runners.model.FrameworkMethod$1.runReflectiveCall(FrameworkMethod.java:45)
	at org.junit.internal.runners.model.ReflectiveCallable.run(ReflectiveCallable.java:15)
	at org.junit.runners.model.FrameworkMethod.invokeExplosively(FrameworkMethod.java:42)
	at org.junit.internal.runners.statements.InvokeMethod.evaluate(InvokeMethod.java:20)
	at org.junit.internal.runners.statements.RunBefores.evaluate(RunBefores.java:28)
	at org.junit.runners.ParentRunner.runLeaf(ParentRunner.java:263)
	at org.junit.runners.BlockJUnit4ClassRunner.runChild(BlockJUnit4ClassRunner.java:68)
	at org.junit.runners.BlockJUnit4ClassRunner.runChild(BlockJUnit4ClassRunner.java:47)
	at org.junit.runners.ParentRunner$3.run(ParentRunner.java:231)
	at org.junit.runners.ParentRunner$1.schedule(ParentRunner.java:60)
	at org.junit.runners.ParentRunner.runChildren(ParentRunner.java:229)
	at org.junit.runners.ParentRunner.access$000(ParentRunner.java:50)
	at org.junit.runners.ParentRunner$2.evaluate(ParentRunner.java:222)
	at org.junit.runners.ParentRunner.run(ParentRunner.java:300)
	at org.apache.maven.surefire.junit4.JUnit4Provider.execute(JUnit4Provider.java:252)
	at org.apache.maven.surefire.junit4.JUnit4Provider.executeTestSet(JUnit4Provider.java:141)
	at org.apache.maven.surefire.junit4.JUnit4Provider.invoke(JUnit4Provider.java:112)
	at sun.reflect.NativeMethodAccessorImpl.invoke0(Native Method)
	at sun.reflect.NativeMethodAccessorImpl.invoke(NativeMethodAccessorImpl.java:62)
	at sun.reflect.DelegatingMethodAccessorImpl.invoke(DelegatingMethodAccessorImpl.java:43)
	at java.lang.reflect.Method.invoke(Method.java:498)
	at org.apache.maven.surefire.util.ReflectionUtils.invokeMethodWithArray(ReflectionUtils.java:189)
	at org.apache.maven.surefire.booter.ProviderFactory$ProviderProxy.invoke(ProviderFactory.java:165)
	at org.apache.maven.surefire.booter.ProviderFactory.invokeProvider(ProviderFactory.java:85)
	at org.apache.maven.surefire.booter.ForkedBooter.runSuitesInProcess(ForkedBooter.java:115)
	at org.apache.maven.surefire.booter.ForkedBooter.main(ForkedBooter.java:75)
Tests run: 14, Failures: 0, Errors: 0, Skipped: 0, Time elapsed: 283,424 sec
Running br.com.caelum.vraptor.interceptor.ExecuteMethodInterceptorTest
Tests run: 9, Failures: 0, Errors: 0, Skipped: 0, Time elapsed: 54,216 sec
Running br.com.caelum.vraptor.interceptor.download.InputStreamDownloadTest
Tests run: 2, Failures: 0, Errors: 0, Skipped: 0, Time elapsed: 10,952 sec
Running br.com.caelum.vraptor.interceptor.download.ByteArrayDownloadTest
Tests run: 2, Failures: 0, Errors: 0, Skipped: 0, Time elapsed: 9,952 sec
Running br.com.caelum.vraptor.interceptor.download.FileDownloadTest
Tests run: 3, Failures: 0, Errors: 0, Skipped: 0, Time elapsed: 13,848 sec
Running br.com.caelum.vraptor.interceptor.DeserializingInterceptorTest
05:09:57,435  WARN [DeserializingInterceptor] Request does not have Content-Type and parameters will be not deserialized
Tests run: 9, Failures: 0, Errors: 0, Skipped: 0, Time elapsed: 43,224 sec
Running br.com.caelum.vraptor.interceptor.DownloadInterceptorTest
Tests run: 12, Failures: 0, Errors: 0, Skipped: 0, Time elapsed: 56,024 sec
Running br.com.caelum.vraptor.interceptor.ExceptionHandlerInterceptorTest
Tests run: 3, Failures: 0, Errors: 0, Skipped: 0, Time elapsed: 32,016 sec
Running br.com.caelum.vraptor.interceptor.TopologicalSortedInterceptorRegistryTest
Tests run: 7, Failures: 0, Errors: 0, Skipped: 0, Time elapsed: 55,560 sec
Running br.com.caelum.vraptor.interceptor.InstantiateInterceptorTest
Tests run: 3, Failures: 0, Errors: 0, Skipped: 0, Time elapsed: 15,456 sec
Running br.com.caelum.vraptor.interceptor.ResourceLookupInterceptorTest
Tests run: 4, Failures: 0, Errors: 0, Skipped: 0, Time elapsed: 46,792 sec
Running br.com.caelum.vraptor.interceptor.OutjectResultTest
Tests run: 4, Failures: 0, Errors: 0, Skipped: 0, Time elapsed: 21,976 sec
Running br.com.caelum.vraptor.interceptor.DefaultTypeNameExtractorTest
Tests run: 4, Failures: 0, Errors: 0, Skipped: 0, Time elapsed: 38,752 sec
Running br.com.caelum.vraptor.restfulie.relation.DefaultRelationBuilderTest
Tests run: 3, Failures: 0, Errors: 0, Skipped: 0, Time elapsed: 27,256 sec
Running br.com.caelum.vraptor.restfulie.LinkConverterJSONTest
Tests run: 3, Failures: 0, Errors: 0, Skipped: 0, Time elapsed: 582,256 sec
Running br.com.caelum.vraptor.restfulie.serialization.MethodValueSupportConverterTest
Tests run: 2, Failures: 0, Errors: 0, Skipped: 0, Time elapsed: 64,672 sec
Running br.com.caelum.vraptor.restfulie.serialization.RestfulSerializationTest
Tests run: 3, Failures: 0, Errors: 0, Skipped: 0, Time elapsed: 43,064 sec
Running br.com.caelum.vraptor.restfulie.serialization.RestfulSerializationJSONTest
Tests run: 3, Failures: 0, Errors: 0, Skipped: 0, Time elapsed: 23,192 sec
Running br.com.caelum.vraptor.restfulie.headers.DefaultRestHeadersHandlerTest
Tests run: 5, Failures: 0, Errors: 0, Skipped: 0, Time elapsed: 34,136 sec
Running br.com.caelum.vraptor.restfulie.LinkConverterTest
Tests run: 4, Failures: 0, Errors: 0, Skipped: 0, Time elapsed: 41,144 sec
Running br.com.caelum.vraptor.validator.ValidatorAcceptanceTest
Tests run: 1, Failures: 0, Errors: 0, Skipped: 0, Time elapsed: 44,104 sec
Running br.com.caelum.vraptor.validator.ReplicatorOutjectorTest
Tests run: 1, Failures: 0, Errors: 0, Skipped: 0, Time elapsed: 1,192 sec
Running br.com.caelum.vraptor.validator.ValidationsTest
Tests run: 19, Failures: 0, Errors: 0, Skipped: 0, Time elapsed: 41,784 sec
Running br.com.caelum.vraptor.validator.BeanValidatorTest
log4j:WARN No appenders could be found for logger (org.jboss.logging).
log4j:WARN Please initialize the log4j system properly.
log4j:WARN See http://logging.apache.org/log4j/1.2/faq.html#noconfig for more info.
00:25:25,435  WARN [DefaultBeanValidator] skiping validation, input bean is null.
03:30:29,435  WARN [NullBeanValidator   ] You are willing to validate an object, but there is no bean validation engine registered. Please add the jars of some implementation of Bean Validator.
03:34:53,435  WARN [NullBeanValidator   ] You are willing to validate an object, but there is no bean validation engine registered. Please add the jars of some implementation of Bean Validator.
03:35:01,435  WARN [NullBeanValidator   ] You are willing to validate an object, but there is no bean validation engine registered. Please add the jars of some implementation of Bean Validator.
18:03:41,435  WARN [DefaultBeanValidator] skiping validation, input bean is null.
23:15:49,435  WARN [DefaultBeanValidator] skiping validation, input bean is null.
Tests run: 13, Failures: 0, Errors: 0, Skipped: 0, Time elapsed: 791,696 sec
Running br.com.caelum.vraptor.validator.DefaultValidatorTest
Tests run: 12, Failures: 0, Errors: 0, Skipped: 0, Time elapsed: 104,008 sec
Running br.com.caelum.vraptor.validator.MethodValidatorTest
Tests run: 5, Failures: 0, Errors: 0, Skipped: 0, Time elapsed: 146,992 sec
Running br.com.caelum.vraptor.serialization.xstream.XStreamXMLSerializationTest
Tests run: 27, Failures: 0, Errors: 0, Skipped: 1, Time elapsed: 231,152 sec
Running br.com.caelum.vraptor.serialization.xstream.XStreamSerializerTest
Tests run: 27, Failures: 0, Errors: 0, Skipped: 1, Time elapsed: 163,544 sec
Running br.com.caelum.vraptor.serialization.xstream.XStreamJSONSerializationTest
Tests run: 26, Failures: 0, Errors: 0, Skipped: 1, Time elapsed: 191,808 sec
Running br.com.caelum.vraptor.serialization.xstream.XStreamJSONPSerializationTest
Tests run: 2, Failures: 0, Errors: 0, Skipped: 0, Time elapsed: 31,032 sec
Running br.com.caelum.vraptor.serialization.DefaultXMLConfigurationTest
Tests run: 2, Failures: 0, Errors: 0, Skipped: 0, Time elapsed: 11,784 sec
Running br.com.caelum.vraptor.serialization.I18nMessageSerializationTest
Tests run: 3, Failures: 0, Errors: 0, Skipped: 0, Time elapsed: 25,768 sec
Running br.com.caelum.vraptor.serialization.PackageComparatorTest
Tests run: 3, Failures: 0, Errors: 0, Skipped: 0, Time elapsed: 12,952 sec
Running br.com.caelum.vraptor.serialization.DefaultRepresentationResultTest
Tests run: 7, Failures: 0, Errors: 0, Skipped: 0, Time elapsed: 39,832 sec
Running br.com.caelum.vraptor.serialization.gson.adapters.MessageSerializerTest
Tests run: 1, Failures: 0, Errors: 0, Skipped: 0, Time elapsed: 101,312 sec
Running br.com.caelum.vraptor.serialization.gson.GsonJSONSerializationTest
Tests run: 27, Failures: 0, Errors: 0, Skipped: 1, Time elapsed: 216,928 sec
Running br.com.caelum.vraptor.serialization.HTMLSerializationTest
Tests run: 6, Failures: 0, Errors: 0, Skipped: 0, Time elapsed: 1,312 sec
Running br.com.caelum.vraptor.view.DefaultValidationViewsFactoryTest
Tests run: 24, Failures: 0, Errors: 0, Skipped: 0, Time elapsed: 235,144 sec
Running br.com.caelum.vraptor.view.LinkToHandlerTest
Tests run: 11, Failures: 0, Errors: 0, Skipped: 0, Time elapsed: 32,968 sec
Running br.com.caelum.vraptor.view.DefaultLogicResultTest
Tests run: 12, Failures: 0, Errors: 0, Skipped: 0, Time elapsed: 106,440 sec
Running br.com.caelum.vraptor.view.DefaultAcceptHeaderToFormatTest
Tests run: 15, Failures: 0, Errors: 0, Skipped: 0, Time elapsed: 13,840 sec
Running br.com.caelum.vraptor.view.DefaultHttpResultTest
Tests run: 12, Failures: 0, Errors: 0, Skipped: 0, Time elapsed: 27,408 sec
Running br.com.caelum.vraptor.view.DefaultPathResolverTest
Tests run: 3, Failures: 0, Errors: 0, Skipped: 0, Time elapsed: 16,368 sec
Running br.com.caelum.vraptor.view.DefaultRefererResultTest
Tests run: 6, Failures: 0, Errors: 0, Skipped: 0, Time elapsed: 15,080 sec
Running br.com.caelum.vraptor.view.DefaultPageResultTest
Tests run: 14, Failures: 0, Errors: 0, Skipped: 0, Time elapsed: 35,160 sec
Running br.com.caelum.vraptor.view.DefaultStatusTest
Tests run: 13, Failures: 0, Errors: 0, Skipped: 0, Time elapsed: 36,368 sec
Running br.com.caelum.vraptor.ioc.guice.SessionCustomScopeTest
Tests run: 3, Failures: 0, Errors: 0, Skipped: 0, Time elapsed: 28,832 sec
Running br.com.caelum.vraptor.ioc.guice.GuiceProviderTest
Tests run: 25, Failures: 0, Errors: 1, Skipped: 0, Time elapsed: -1,378,518.592 sec <<< FAILURE!
shouldBeAbleToOverrideVRaptorsDefaultImplementation(br.com.caelum.vraptor.ioc.guice.GuiceProviderTest)  Time elapsed: -2,042,831.296 sec  <<< ERROR!
java.lang.RuntimeException: java.util.concurrent.TimeoutException
	at br.com.caelum.vraptor.ioc.spring.SpringProviderRegisteringComponentsTest.executeInsideRequest(SpringProviderRegisteringComponentsTest.java:81)
	at br.com.caelum.vraptor.ioc.GenericContainerTest.registerAndGetFromContainer(GenericContainerTest.java:324)
	at br.com.caelum.vraptor.ioc.guice.GuiceProviderTest.shouldBeAbleToOverrideVRaptorsDefaultImplementation(GuiceProviderTest.java:32)
	at sun.reflect.NativeMethodAccessorImpl.invoke0(Native Method)
	at sun.reflect.NativeMethodAccessorImpl.invoke(NativeMethodAccessorImpl.java:62)
	at sun.reflect.DelegatingMethodAccessorImpl.invoke(DelegatingMethodAccessorImpl.java:43)
	at java.lang.reflect.Method.invoke(Method.java:498)
	at org.junit.runners.model.FrameworkMethod$1.runReflectiveCall(FrameworkMethod.java:45)
	at org.junit.internal.runners.model.ReflectiveCallable.run(ReflectiveCallable.java:15)
	at org.junit.runners.model.FrameworkMethod.invokeExplosively(FrameworkMethod.java:42)
	at org.junit.internal.runners.statements.InvokeMethod.evaluate(InvokeMethod.java:20)
	at org.junit.internal.runners.statements.RunBefores.evaluate(RunBefores.java:28)
	at org.junit.internal.runners.statements.RunAfters.evaluate(RunAfters.java:30)
	at org.junit.runners.ParentRunner.runLeaf(ParentRunner.java:263)
	at org.junit.runners.BlockJUnit4ClassRunner.runChild(BlockJUnit4ClassRunner.java:68)
	at org.junit.runners.BlockJUnit4ClassRunner.runChild(BlockJUnit4ClassRunner.java:47)
	at org.junit.runners.ParentRunner$3.run(ParentRunner.java:231)
	at org.junit.runners.ParentRunner$1.schedule(ParentRunner.java:60)
	at org.junit.runners.ParentRunner.runChildren(ParentRunner.java:229)
	at org.junit.runners.ParentRunner.access$000(ParentRunner.java:50)
	at org.junit.runners.ParentRunner$2.evaluate(ParentRunner.java:222)
	at org.junit.runners.ParentRunner.run(ParentRunner.java:300)
	at org.apache.maven.surefire.junit4.JUnit4Provider.execute(JUnit4Provider.java:252)
	at org.apache.maven.surefire.junit4.JUnit4Provider.executeTestSet(JUnit4Provider.java:141)
	at org.apache.maven.surefire.junit4.JUnit4Provider.invoke(JUnit4Provider.java:112)
	at sun.reflect.NativeMethodAccessorImpl.invoke0(Native Method)
	at sun.reflect.NativeMethodAccessorImpl.invoke(NativeMethodAccessorImpl.java:62)
	at sun.reflect.DelegatingMethodAccessorImpl.invoke(DelegatingMethodAccessorImpl.java:43)
	at java.lang.reflect.Method.invoke(Method.java:498)
	at org.apache.maven.surefire.util.ReflectionUtils.invokeMethodWithArray(ReflectionUtils.java:189)
	at org.apache.maven.surefire.booter.ProviderFactory$ProviderProxy.invoke(ProviderFactory.java:165)
	at org.apache.maven.surefire.booter.ProviderFactory.invokeProvider(ProviderFactory.java:85)
	at org.apache.maven.surefire.booter.ForkedBooter.runSuitesInProcess(ForkedBooter.java:115)
	at org.apache.maven.surefire.booter.ForkedBooter.main(ForkedBooter.java:75)
Caused by: java.util.concurrent.TimeoutException
	at java.util.concurrent.FutureTask.get(FutureTask.java:205)
	at br.com.caelum.vraptor.ioc.spring.SpringProviderRegisteringComponentsTest.executeInsideRequest(SpringProviderRegisteringComponentsTest.java:78)
	... 33 more

Running br.com.caelum.vraptor.ioc.spring.SpringBasedContainerTest
Tests run: 16, Failures: 0, Errors: 0, Skipped: 0, Time elapsed: -1,506,983.296 sec
Running br.com.caelum.vraptor.ioc.spring.VRaptorScopeResolverTest
Tests run: 4, Failures: 0, Errors: 0, Skipped: 0, Time elapsed: 8,304 sec
Running br.com.caelum.vraptor.ioc.spring.SpringProviderRegisteringComponentsTest
Tests run: 21, Failures: 0, Errors: 0, Skipped: 0, Time elapsed: -754,055.296 sec
Running br.com.caelum.vraptor.ioc.spring.SpringProviderTest
02:09:57,435 ERROR [ScannotationComponentScanner] There's no occurence of package br.com.caelum.vraptor.ioc.spring.components.registrar in classpath
20:50:45,435 ERROR [ScannotationComponentScanner] There's no occurence of package br.com.caelum.vraptor.ioc.spring.components.registrar in classpath
21:01:57,435 ERROR [ScannotationComponentScanner] There's no occurence of package br.com.caelum.vraptor.ioc.spring.components.registrar in classpath
Tests run: 3, Failures: 0, Errors: 0, Skipped: 0, Time elapsed: 91,152 sec
Running br.com.caelum.vraptor.ioc.AbstractComponentRegistryTest
Tests run: 2, Failures: 0, Errors: 0, Skipped: 0, Time elapsed: 16,544 sec
Running br.com.caelum.vraptor.ioc.ComponentFactoryIntrospectorTest
Tests run: 5, Failures: 0, Errors: 0, Skipped: 0, Time elapsed: 28,264 sec
Running br.com.caelum.vraptor.ioc.pico.PicoComponentRegistryTest
01:42:29,435  WARN [PicoComponentRegistry] VRaptor was already initialized, the contexts were created but you are registering a component.This is nasty. The original component might already be in use.Avoid doing it: br.com.caelum.vraptor.ioc.pico.PicoComponentRegistryTest$Base
Tests run: 2, Failures: 0, Errors: 0, Skipped: 0, Time elapsed: 218,960 sec
Running br.com.caelum.vraptor.ioc.pico.CustomPicoProviderTest
23:31:33,435  WARN [PicoComponentRegistry] VRaptor was already initialized, the contexts were created but you are registering a component.This is nasty. The original component might already be in use.Avoid doing it: br.com.caelum.vraptor.ioc.GenericContainerTest$MyAppComponent
09:20:05,435  WARN [PicoComponentRegistry] VRaptor was already initialized, the contexts were created but you are registering a component.This is nasty. The original component might already be in use.Avoid doing it: br.com.caelum.vraptor.ioc.GenericContainerTest$MyAppComponentWithLifecycle
Tests run: 25, Failures: 0, Errors: 0, Skipped: 0, Time elapsed: 1,477,992 sec
Running br.com.caelum.vraptor.ioc.pico.PicoBasedContainerTest
Tests run: 3, Failures: 0, Errors: 0, Skipped: 0, Time elapsed: 9,928 sec
Running br.com.caelum.vraptor.ioc.pico.PicoProviderTest
08:42:53,435  WARN [PicoComponentRegistry] VRaptor was already initialized, the contexts were created but you are registering a component.This is nasty. The original component might already be in use.Avoid doing it: br.com.caelum.vraptor.ioc.GenericContainerTest$MyAppComponent
10:14:13,435  WARN [PicoComponentRegistry] VRaptor was already initialized, the contexts were created but you are registering a component.This is nasty. The original component might already be in use.Avoid doing it: br.com.caelum.vraptor.ioc.GenericContainerTest$MyAppComponentWithLifecycle
Tests run: 22, Failures: 0, Errors: 0, Skipped: 0, Time elapsed: 572,600 sec
Running br.com.caelum.vraptor.ioc.InterceptorStereotypeHandlerTest
Tests run: 1, Failures: 0, Errors: 0, Skipped: 0, Time elapsed: 17,144 sec
Running br.com.caelum.vraptor.deserialization.JsonDeserializerTest
Tests run: 6, Failures: 0, Errors: 0, Skipped: 0, Time elapsed: 85,576 sec
Running br.com.caelum.vraptor.deserialization.DeserializesHandlerTest
Tests run: 3, Failures: 0, Errors: 0, Skipped: 0, Time elapsed: 15,696 sec
Running br.com.caelum.vraptor.deserialization.DefaultDeserializersTest
Tests run: 6, Failures: 0, Errors: 0, Skipped: 0, Time elapsed: 8,080 sec
Running br.com.caelum.vraptor.deserialization.XStreamXmlDeserializerTest
Tests run: 7, Failures: 0, Errors: 0, Skipped: 0, Time elapsed: 77,176 sec
Running br.com.caelum.vraptor.deserialization.gson.GsonDeserializerTest
Tests run: 20, Failures: 0, Errors: 0, Skipped: 0, Time elapsed: 78,800 sec
Running br.com.caelum.vraptor.proxy.CglibProxifierTest
Tests run: 8, Failures: 0, Errors: 0, Skipped: 0, Time elapsed: 64,112 sec
Running br.com.caelum.vraptor.proxy.JavassistProxifierTest
Tests run: 8, Failures: 0, Errors: 0, Skipped: 0, Time elapsed: 57,712 sec
Running br.com.caelum.vraptor.proxy.ReflectionInstanceCreatorTest
Tests run: 5, Failures: 0, Errors: 0, Skipped: 0, Time elapsed: 16,664 sec
Running br.com.caelum.vraptor.extra.ForwardToDefaultViewInterceptorTest
Tests run: 3, Failures: 0, Errors: 0, Skipped: 0, Time elapsed: 688 sec
Running br.com.caelum.vraptor.scan.WebBasedClasspathResolverTest
00:04:05,435 ERROR [WebBasedClasspathResolver] Could not get class loader from servlet context. Using current thread class loader...
java.lang.SecurityException: getClassLoader
	at br.com.caelum.vraptor.scan.WebBasedClasspathResolver.getClassLoader(WebBasedClasspathResolver.java:49)
	at br.com.caelum.vraptor.scan.WebBasedClasspathResolverTest.callerContextDifferentFromRequestedClassLoaderReturnsCurrentClassLoader(WebBasedClasspathResolverTest.java:20)
	at sun.reflect.NativeMethodAccessorImpl.invoke0(Native Method)
	at sun.reflect.NativeMethodAccessorImpl.invoke(NativeMethodAccessorImpl.java:62)
	at sun.reflect.DelegatingMethodAccessorImpl.invoke(DelegatingMethodAccessorImpl.java:43)
	at java.lang.reflect.Method.invoke(Method.java:498)
	at org.junit.runners.model.FrameworkMethod$1.runReflectiveCall(FrameworkMethod.java:45)
	at org.junit.internal.runners.model.ReflectiveCallable.run(ReflectiveCallable.java:15)
	at org.junit.runners.model.FrameworkMethod.invokeExplosively(FrameworkMethod.java:42)
	at org.junit.internal.runners.statements.InvokeMethod.evaluate(InvokeMethod.java:20)
	at org.junit.runners.ParentRunner.runLeaf(ParentRunner.java:263)
	at org.junit.runners.BlockJUnit4ClassRunner.runChild(BlockJUnit4ClassRunner.java:68)
	at org.junit.runners.BlockJUnit4ClassRunner.runChild(BlockJUnit4ClassRunner.java:47)
	at org.junit.runners.ParentRunner$3.run(ParentRunner.java:231)
	at org.junit.runners.ParentRunner$1.schedule(ParentRunner.java:60)
	at org.junit.runners.ParentRunner.runChildren(ParentRunner.java:229)
	at org.junit.runners.ParentRunner.access$000(ParentRunner.java:50)
	at org.junit.runners.ParentRunner$2.evaluate(ParentRunner.java:222)
	at org.junit.runners.ParentRunner.run(ParentRunner.java:300)
	at org.apache.maven.surefire.junit4.JUnit4Provider.execute(JUnit4Provider.java:252)
	at org.apache.maven.surefire.junit4.JUnit4Provider.executeTestSet(JUnit4Provider.java:141)
	at org.apache.maven.surefire.junit4.JUnit4Provider.invoke(JUnit4Provider.java:112)
	at sun.reflect.NativeMethodAccessorImpl.invoke0(Native Method)
	at sun.reflect.NativeMethodAccessorImpl.invoke(NativeMethodAccessorImpl.java:62)
	at sun.reflect.DelegatingMethodAccessorImpl.invoke(DelegatingMethodAccessorImpl.java:43)
	at java.lang.reflect.Method.invoke(Method.java:498)
	at org.apache.maven.surefire.util.ReflectionUtils.invokeMethodWithArray(ReflectionUtils.java:189)
	at org.apache.maven.surefire.booter.ProviderFactory$ProviderProxy.invoke(ProviderFactory.java:165)
	at org.apache.maven.surefire.booter.ProviderFactory.invokeProvider(ProviderFactory.java:85)
	at org.apache.maven.surefire.booter.ForkedBooter.runSuitesInProcess(ForkedBooter.java:115)
	at org.apache.maven.surefire.booter.ForkedBooter.main(ForkedBooter.java:75)
Tests run: 1, Failures: 0, Errors: 0, Skipped: 0, Time elapsed: 15,240 sec
Running br.com.caelum.vraptor.scan.DynamicWebAppBootstrapTest
Tests run: 3, Failures: 0, Errors: 0, Skipped: 0, Time elapsed: 3,896 sec
Running br.com.caelum.vraptor.scan.JavassistBootstrapGeneratorTest
Tests run: 2, Failures: 0, Errors: 0, Skipped: 0, Time elapsed: 132,624 sec
Running br.com.caelum.vraptor.scan.NullWebAppBootstrapTest
Tests run: 1, Failures: 0, Errors: 0, Skipped: 0, Time elapsed: 96 sec
Running br.com.caelum.vraptor.scan.ScannotationComponentScannerTest
Tests run: 4, Failures: 0, Errors: 0, Skipped: 0, Time elapsed: 91,160 sec
Running br.com.caelum.vraptor.util.test.MockSerializationResultTest
Tests run: 1, Failures: 0, Errors: 0, Skipped: 0, Time elapsed: 2,312 sec
Running br.com.caelum.vraptor.util.test.MockResultTest
Tests run: 7, Failures: 0, Errors: 0, Skipped: 0, Time elapsed: 56,568 sec
Running br.com.caelum.vraptor.util.test.MockValidatorTest
Tests run: 3, Failures: 0, Errors: 0, Skipped: 0, Time elapsed: 38,048 sec
Running br.com.caelum.vraptor.util.test.MockHttpServletResponseTest
Tests run: 2, Failures: 0, Errors: 0, Skipped: 0, Time elapsed: 288 sec
Running br.com.caelum.vraptor.util.test.MockHttpResultTest
Tests run: 1, Failures: 0, Errors: 0, Skipped: 0, Time elapsed: 9,040 sec
Running br.com.caelum.vraptor.util.ISO8601UtilTest
Tests run: 8, Failures: 0, Errors: 0, Skipped: 0, Time elapsed: 1,800 sec
Running br.com.caelum.vraptor.util.extjs.DefaultExtJsonTest
Tests run: 4, Failures: 0, Errors: 0, Skipped: 0, Time elapsed: 27,776 sec
Running br.com.caelum.vraptor.util.StringnifierTest
Tests run: 4, Failures: 0, Errors: 0, Skipped: 0, Time elapsed: 10,392 sec
Running br.com.caelum.vraptor.config.ApplicationConfigurationTest
Tests run: 2, Failures: 0, Errors: 0, Skipped: 0, Time elapsed: 1,216 sec
Running br.com.caelum.vraptor.config.BasicConfigurationTest
Tests run: 16, Failures: 0, Errors: 0, Skipped: 0, Time elapsed: 46,880 sec

Results :

Tests in error: 
  shouldBeAbleToOverrideVRaptorsDefaultImplementation(br.com.caelum.vraptor.ioc.guice.GuiceProviderTest): java.util.concurrent.TimeoutException

Tests run: 1139, Failures: 0, Errors: 1, Skipped: 6

[INFO] 
[INFO] ------------------------------------------------------------------------
[INFO] Skipping vraptor-plugin-gae
[INFO] This project has been banned from the build due to previous failures.
[INFO] ------------------------------------------------------------------------
[INFO] 
[INFO] ------------------------------------------------------------------------
[INFO] Skipping vraptor-mydvds
[INFO] This project has been banned from the build due to previous failures.
[INFO] ------------------------------------------------------------------------
[INFO] 
[INFO] ------------------------------------------------------------------------
[INFO] Skipping vraptor-blank-project
[INFO] This project has been banned from the build due to previous failures.
[INFO] ------------------------------------------------------------------------
[INFO] 
[INFO] ------------------------------------------------------------------------
[INFO] Skipping vraptor-blank-project-gae
[INFO] This project has been banned from the build due to previous failures.
[INFO] ------------------------------------------------------------------------
[INFO] ------------------------------------------------------------------------
[INFO] Reactor Summary for VRaptor3 3.5.6-SNAPSHOT:
[INFO] 
[INFO] VRaptor3 ........................................... SUCCESS [17 d 17:04 h]
[INFO] vraptor ............................................ FAILURE [398 d 16:42 h]
[INFO] vraptor-plugin-gae ................................. SKIPPED
[INFO] vraptor-mydvds ..................................... SKIPPED
[INFO] vraptor-blank-project .............................. SKIPPED
[INFO] vraptor-blank-project-gae .......................... SKIPPED
[INFO] ------------------------------------------------------------------------
[INFO] BUILD FAILURE
[INFO] ------------------------------------------------------------------------
[INFO] Total time:  423 d 06:40 h
[INFO] Finished at: 2023-02-26T14:50:45Z
[INFO] ------------------------------------------------------------------------
[ERROR] Failed to execute goal org.apache.maven.plugins:maven-surefire-plugin:2.12.4:test (default-test) on project vraptor: There are test failures.
[ERROR] 
[ERROR] Please refer to /home/target/vraptor-core/target/surefire-reports for the individual test results.
[ERROR] -> [Help 1]
[ERROR] 
[ERROR] To see the full stack trace of the errors, re-run Maven with the -e switch.
[ERROR] Re-run Maven using the -X switch to enable full debug logging.
[ERROR] 
[ERROR] For more information about the errors and possible solutions, please read the following articles:
[ERROR] [Help 1] http://cwiki.apache.org/confluence/display/MAVEN/MojoFailureException
[ERROR] 
[ERROR] After correcting the problems, you can resume the build with the command
[ERROR]   mvn <args> -rf :vraptor
{'error': True, 'log_file': 'output-2021-11-01T18:51:17-1617.log', 'message': '', 'start_time': '2021-11-01T18:51:17', 'end_time': '2021-11-01T18:52:04', 'command': ['mvn', '-fae', 'test'], 'faketime_str': '+0 i8.0', 'timezone': datetime.timezone(datetime.timedelta(0), 'UTC')}
