[INFO] Scanning for projects...
[WARNING] 
[WARNING] Some problems were encountered while building the effective model for io.yawp:yawp-postgresql:jar:2.09alpha
[WARNING] 'build.plugins.plugin.version' for org.apache.maven.plugins:maven-surefire-plugin is missing. @ line 54, column 21
[WARNING] 
[WARNING] Some problems were encountered while building the effective model for io.yawp:yawp-testing-postgresql:jar:2.09alpha
[WARNING] 'profiles.profile[it].plugins.plugin.(groupId:artifactId)' must be unique but found duplicate declaration of plugin org.apache.maven.plugins:maven-surefire-plugin @ line 99, column 29
[WARNING] 'build.plugins.plugin.version' for org.apache.maven.plugins:maven-surefire-plugin is missing. @ line 66, column 21
[WARNING] 
[WARNING] It is highly recommended to fix these problems because they threaten the stability of your build.
[WARNING] 
[WARNING] For this reason, future Maven versions might no longer support building such malformed projects.
[WARNING] 
[INFO] ------------------------------------------------------------------------
[INFO] Reactor Build Order:
[INFO] 
[INFO] YAWP! root                                                         [pom]
[INFO] YAWP! core                                                         [jar]
[INFO] YAWP! appengine                                                    [jar]
[INFO] YAWP! postgresql                                                   [jar]
[INFO] YAWP! testing root                                                 [pom]
[INFO] YAWP! testing core                                                 [jar]
[INFO] YAWP! maven plugin root                                            [pom]
[INFO] YAWP! devserver runtime                                            [jar]
[INFO] YAWP! maven plugin                                        [maven-plugin]
[INFO] YAWP! testing appengine                                            [jar]
[INFO] YAWP! testing postgresql                                           [jar]
[INFO] 
[INFO] -------------------------< io.yawp:yawp-root >--------------------------
[INFO] Building YAWP! root 2.09alpha                                     [1/11]
[INFO] --------------------------------[ pom ]---------------------------------
[INFO] 
[INFO] --- jacoco-maven-plugin:0.7.5.201505241946:prepare-agent (default) @ yawp-root ---
[WARNING] The artifact xml-apis:xml-apis:jar:2.0.2 has been relocated to xml-apis:xml-apis:jar:1.0.b2
[INFO] argLine set to -javaagent:/root/.m2/repository/org/jacoco/org.jacoco.agent/0.7.5.201505241946/org.jacoco.agent-0.7.5.201505241946-runtime.jar=destfile=/home/target/target/jacoco.exec
[INFO] 
[INFO] --- jacoco-maven-plugin:0.7.5.201505241946:report (report) @ yawp-root ---
[INFO] Skipping JaCoCo execution due to missing execution data file:/home/target/target/jacoco.exec
[INFO] 
[INFO] -------------------------< io.yawp:yawp-core >--------------------------
[INFO] Building YAWP! core 2.09alpha                                     [2/11]
[INFO] --------------------------------[ jar ]---------------------------------
[INFO] 
[INFO] --- jacoco-maven-plugin:0.7.5.201505241946:prepare-agent (default) @ yawp-core ---
[INFO] argLine set to -javaagent:/root/.m2/repository/org/jacoco/org.jacoco.agent/0.7.5.201505241946/org.jacoco.agent-0.7.5.201505241946-runtime.jar=destfile=/home/target/yawp-core/target/jacoco.exec
[INFO] 
[INFO] --- maven-resources-plugin:2.6:resources (default-resources) @ yawp-core ---
[INFO] Using 'UTF-8' encoding to copy filtered resources.
[INFO] Copying 1 resource
[INFO] 
[INFO] --- maven-compiler-plugin:2.5.1:compile (default-compile) @ yawp-core ---
[INFO] Nothing to compile - all classes are up to date
[INFO] 
[INFO] --- maven-resources-plugin:2.6:testResources (default-testResources) @ yawp-core ---
[INFO] Using 'UTF-8' encoding to copy filtered resources.
[INFO] Copying 3 resources
[INFO] 
[INFO] --- maven-compiler-plugin:2.5.1:testCompile (default-testCompile) @ yawp-core ---
[INFO] Nothing to compile - all classes are up to date
[INFO] 
[INFO] --- maven-surefire-plugin:2.12.4:test (default-test) @ yawp-core ---
[INFO] Surefire report directory: /home/target/yawp-core/target/surefire-reports

-------------------------------------------------------
 T E S T S
-------------------------------------------------------
Running io.yawp.servlet.EndpointRouterTest
Nov 14, 2021 11:31:31 PM io.yawp.repository.features.scanner.ClassloaderScanner scan
INFO: YAWP! classloader scanner started in 3202500 ms - packages: io.yawp.repository.models,io.yawp.repository.cache,io.yawp.repository.actions,io.yawp.repository.hooks,io.yawp.repository.pipes,io.yawp.repository.shields,io.yawp.repository.transformers
Tests run: 17, Failures: 0, Errors: 0, Skipped: 0, Time elapsed: 19,622.84 sec
Running io.yawp.servlet.grandchild.GrandchildCustomActionTest
Tests run: 2, Failures: 0, Errors: 0, Skipped: 0, Time elapsed: 1,396.05 sec
Running io.yawp.servlet.grandchild.GrandchildRestActionTest
Tests run: 7, Failures: 0, Errors: 0, Skipped: 0, Time elapsed: 2,087.87 sec
Running io.yawp.servlet.grandchild.GrandchildQueryTest
Tests run: 3, Failures: 0, Errors: 0, Skipped: 0, Time elapsed: 1,156 sec
Running io.yawp.servlet.CrossDomainManagerTest
Tests run: 3, Failures: 0, Errors: 0, Skipped: 0, Time elapsed: 0.85 sec
Running io.yawp.servlet.hierarchy.HierarchyShieldTest
Tests run: 2, Failures: 0, Errors: 0, Skipped: 0, Time elapsed: 190.49 sec
Running io.yawp.servlet.hierarchy.HierarchyActionTest
Tests run: 3, Failures: 0, Errors: 0, Skipped: 0, Time elapsed: 315.53 sec
Running io.yawp.servlet.hierarchy.HierarchyHookTest
Tests run: 3, Failures: 0, Errors: 0, Skipped: 0, Time elapsed: 22 sec
Running io.yawp.servlet.hierarchy.HierarchyTransformerTest
Tests run: 3, Failures: 0, Errors: 0, Skipped: 0, Time elapsed: 37.29 sec
Running io.yawp.servlet.parent.ParentCustomActionTest
Tests run: 14, Failures: 0, Errors: 0, Skipped: 0, Time elapsed: 1,614.11 sec
Running io.yawp.servlet.parent.ParentQueryTest
Tests run: 2, Failures: 0, Errors: 0, Skipped: 0, Time elapsed: 546.78 sec
Running io.yawp.servlet.parent.ParentRestActionTest
Tests run: 11, Failures: 0, Errors: 0, Skipped: 0, Time elapsed: 436.89 sec
Running io.yawp.servlet.child.ChildTransformerTest
Tests run: 5, Failures: 0, Errors: 0, Skipped: 0, Time elapsed: 1.07 sec
Running io.yawp.servlet.child.ChildQueryTest
Tests run: 2, Failures: 0, Errors: 0, Skipped: 0, Time elapsed: 551.29 sec
Running io.yawp.servlet.child.ChildRestActionTest
Tests run: 10, Failures: 0, Errors: 0, Skipped: 0, Time elapsed: 2.8 sec
Running io.yawp.servlet.child.ChildCustomActionTest
Tests run: 3, Failures: 0, Errors: 0, Skipped: 0, Time elapsed: 757.34 sec
Running io.yawp.servlet.child.ChildShieldTest
Tests run: 4, Failures: 0, Errors: 0, Skipped: 0, Time elapsed: 1.26 sec
Running io.yawp.commons.config.ConfigTest
Tests run: 1, Failures: 0, Errors: 0, Skipped: 0, Time elapsed: 0.34 sec
Running io.yawp.commons.http.ImageResponseTest
Tests run: 1, Failures: 0, Errors: 0, Skipped: 0, Time elapsed: 0.46 sec
Running io.yawp.commons.http.JsonResponseTest
Tests run: 2, Failures: 0, Errors: 0, Skipped: 0, Time elapsed: 0.42 sec
Running io.yawp.commons.http.HttpVerbTest
Tests run: 6, Failures: 0, Errors: 0, Skipped: 0, Time elapsed: 0.95 sec
Running io.yawp.commons.utils.JsonUtilsTest
Tests run: 8, Failures: 0, Errors: 0, Skipped: 0, Time elapsed: 1.2 sec
Running io.yawp.commons.utils.FacadeUtilsTest
Tests run: 2, Failures: 0, Errors: 0, Skipped: 0, Time elapsed: 0.4 sec
Running io.yawp.commons.utils.NameGeneratorTest
Tests run: 1, Failures: 0, Errors: 0, Skipped: 0, Time elapsed: 0.27 sec
Running io.yawp.repository.query.DatastoreQueryOptionsTest
Tests run: 7, Failures: 0, Errors: 0, Skipped: 0, Time elapsed: 1.07 sec
Running io.yawp.repository.query.DatastoreQueryForcedResponseTest
Tests run: 7, Failures: 0, Errors: 0, Skipped: 0, Time elapsed: 335.83 sec
Running io.yawp.repository.query.condition.ConditionTest
Tests run: 4, Failures: 0, Errors: 0, Skipped: 0, Time elapsed: 1.12 sec
Running io.yawp.repository.query.DatastoreQueryTest
Tests run: 49, Failures: 0, Errors: 0, Skipped: 0, Time elapsed: 1,474.64 sec
Running io.yawp.repository.NamespaceTest
Tests run: 3, Failures: 0, Errors: 0, Skipped: 0, Time elapsed: 1.36 sec
Running io.yawp.repository.actions.basic.ActionMethodTest
Tests run: 16, Failures: 0, Errors: 0, Skipped: 0, Time elapsed: 55.46 sec
Running io.yawp.repository.LazyJsonTest
Tests run: 10, Failures: 0, Errors: 0, Skipped: 0, Time elapsed: 411.08 sec
Running io.yawp.repository.RequestCacheTest
Tests run: 2, Failures: 0, Errors: 0, Skipped: 0, Time elapsed: 0.36 sec
Running io.yawp.repository.cache.CachedEntityTest
Tests run: 3, Failures: 0, Errors: 0, Skipped: 0, Time elapsed: 0.4 sec
Running io.yawp.repository.IdRefHelpersTest
Tests run: 2, Failures: 0, Errors: 0, Skipped: 0, Time elapsed: 0.3 sec
Running io.yawp.repository.features.FeaturesConfigTest
Tests run: 1, Failures: 0, Errors: 0, Skipped: 1, Time elapsed: 0.32 sec
Running io.yawp.repository.features.RepositoryFeaturesTest
Tests run: 2, Failures: 0, Errors: 0, Skipped: 0, Time elapsed: 132.01 sec
Running io.yawp.repository.features.FeatureTreeTest
Tests run: 4, Failures: 0, Errors: 0, Skipped: 0, Time elapsed: 2.1 sec
Running io.yawp.repository.IdRefAsStringTest
Tests run: 16, Failures: 0, Errors: 0, Skipped: 0, Time elapsed: 750.41 sec
Running io.yawp.repository.SerializeTest
Tests run: 1, Failures: 0, Errors: 0, Skipped: 0, Time elapsed: 157.41 sec
Running io.yawp.repository.pipes.basic.CounterPipeTest
Tests run: 7, Failures: 0, Errors: 0, Skipped: 0, Time elapsed: 0.76 sec
Running io.yawp.repository.pipes.basic.CounterSumPipeTest
Tests run: 1, Failures: 0, Errors: 0, Skipped: 0, Time elapsed: 0.24 sec
Running io.yawp.repository.pipes.parents.ChildSumPipeTest
Tests run: 1, Failures: 0, Errors: 0, Skipped: 0, Time elapsed: 0.26 sec
Running io.yawp.repository.pipes.pump.IdPumpTest
Tests run: 6, Failures: 0, Errors: 0, Skipped: 0, Time elapsed: 1,785.86 sec
Running io.yawp.repository.pipes.pump.ObjectPumpTest
Tests run: 6, Failures: 0, Errors: 0, Skipped: 0, Time elapsed: 1,194.37 sec
Running io.yawp.repository.hooks.basic.HookTest
Tests run: 6, Failures: 0, Errors: 0, Skipped: 0, Time elapsed: 357.72 sec
Running io.yawp.repository.shields.basic.RuleConditionsTest
Tests run: 12, Failures: 0, Errors: 0, Skipped: 0, Time elapsed: 1.28 sec
Running io.yawp.repository.shields.basic.ShieldTest
Tests run: 29, Failures: 0, Errors: 0, Skipped: 0, Time elapsed: 1,356.52 sec
Running io.yawp.repository.FeatureTest
Tests run: 1, Failures: 0, Errors: 0, Skipped: 0, Time elapsed: 0.22 sec
Running io.yawp.repository.RepositoryTest
Tests run: 14, Failures: 0, Errors: 0, Skipped: 0, Time elapsed: 107.1 sec
Running io.yawp.repository.IdRefAsLongTest
Tests run: 18, Failures: 0, Errors: 0, Skipped: 0, Time elapsed: 842.27 sec
Running io.yawp.repository.AsyncRepositoryTest
Tests run: 6, Failures: 0, Errors: 0, Skipped: 0, Time elapsed: 0.79 sec
Running io.yawp.repository.YawpTest
Tests run: 2, Failures: 0, Errors: 0, Skipped: 0, Time elapsed: 152.16 sec
Running io.yawp.repository.transformers.basic.DefaultsTest
Tests run: 2, Failures: 0, Errors: 0, Skipped: 0, Time elapsed: 173.7 sec
Running io.yawp.repository.transformers.basic.TransformerTest
Tests run: 4, Failures: 0, Errors: 0, Skipped: 0, Time elapsed: 206.19 sec

Results :

Tests run: 357, Failures: 0, Errors: 0, Skipped: 1

[INFO] 
[INFO] --- jacoco-maven-plugin:0.7.5.201505241946:report (report) @ yawp-core ---
[INFO] Analyzed bundle 'YAWP! core' with 145 classes
[INFO] 
[INFO] ----------------------------< io.yawp:yawp >----------------------------
[INFO] Building YAWP! appengine 2.09alpha                                [3/11]
[INFO] --------------------------------[ jar ]---------------------------------
[INFO] 
[INFO] --- jacoco-maven-plugin:0.7.5.201505241946:prepare-agent (default) @ yawp ---
[INFO] argLine set to -javaagent:/root/.m2/repository/org/jacoco/org.jacoco.agent/0.7.5.201505241946/org.jacoco.agent-0.7.5.201505241946-runtime.jar=destfile=/home/target/yawp-appengine/target/jacoco.exec
[INFO] 
[INFO] --- maven-resources-plugin:2.6:resources (default-resources) @ yawp ---
[INFO] Using 'UTF-8' encoding to copy filtered resources.
[INFO] Copying 1 resource
[INFO] Copying 18 resources
[INFO] 
[INFO] --- maven-compiler-plugin:2.5.1:compile (default-compile) @ yawp ---
[INFO] Nothing to compile - all classes are up to date
[INFO] 
[INFO] --- maven-resources-plugin:2.6:testResources (default-testResources) @ yawp ---
[INFO] Using 'UTF-8' encoding to copy filtered resources.
[INFO] skip non existing resourceDirectory /home/target/yawp-appengine/src/test/resources
[INFO] 
[INFO] --- maven-compiler-plugin:2.5.1:testCompile (default-testCompile) @ yawp ---
[INFO] No sources to compile
[INFO] 
[INFO] --- maven-surefire-plugin:2.12.4:test (default-test) @ yawp ---
[INFO] No tests to run.
[INFO] 
[INFO] --- jacoco-maven-plugin:0.7.5.201505241946:report (report) @ yawp ---
[INFO] Skipping JaCoCo execution due to missing execution data file:/home/target/yawp-appengine/target/jacoco.exec
[INFO] 
[INFO] ----------------------< io.yawp:yawp-postgresql >-----------------------
[INFO] Building YAWP! postgresql 2.09alpha                               [4/11]
[INFO] --------------------------------[ jar ]---------------------------------
[INFO] 
[INFO] --- jacoco-maven-plugin:0.7.5.201505241946:prepare-agent (default) @ yawp-postgresql ---
[INFO] argLine set to -javaagent:/root/.m2/repository/org/jacoco/org.jacoco.agent/0.7.5.201505241946/org.jacoco.agent-0.7.5.201505241946-runtime.jar=destfile=/home/target/yawp-postgresql/target/jacoco.exec
[INFO] 
[INFO] --- maven-resources-plugin:2.6:resources (default-resources) @ yawp-postgresql ---
[INFO] Using 'UTF-8' encoding to copy filtered resources.
[INFO] Copying 1 resource
[INFO] 
[INFO] --- maven-compiler-plugin:2.5.1:compile (default-compile) @ yawp-postgresql ---
[INFO] Nothing to compile - all classes are up to date
[INFO] 
[INFO] --- maven-resources-plugin:2.6:testResources (default-testResources) @ yawp-postgresql ---
[INFO] Using 'UTF-8' encoding to copy filtered resources.
[INFO] Copying 2 resources
[INFO] 
[INFO] --- maven-compiler-plugin:2.5.1:testCompile (default-testCompile) @ yawp-postgresql ---
[INFO] Nothing to compile - all classes are up to date
[INFO] 
[INFO] --- maven-surefire-plugin:2.12.4:test (default-test) @ yawp-postgresql ---
[INFO] Tests are skipped.
[INFO] 
[INFO] --- jacoco-maven-plugin:0.7.5.201505241946:report (report) @ yawp-postgresql ---
[INFO] Skipping JaCoCo execution due to missing execution data file:/home/target/yawp-postgresql/target/jacoco.exec
[INFO] 
[INFO] ---------------------< io.yawp:yawp-testing-root >----------------------
[INFO] Building YAWP! testing root 2.09alpha                             [5/11]
[INFO] --------------------------------[ pom ]---------------------------------
[INFO] 
[INFO] --- jacoco-maven-plugin:0.7.5.201505241946:prepare-agent (default) @ yawp-testing-root ---
[INFO] argLine set to -javaagent:/root/.m2/repository/org/jacoco/org.jacoco.agent/0.7.5.201505241946/org.jacoco.agent-0.7.5.201505241946-runtime.jar=destfile=/home/target/yawp-testing/target/jacoco.exec
[INFO] 
[INFO] --- jacoco-maven-plugin:0.7.5.201505241946:report (report) @ yawp-testing-root ---
[INFO] Skipping JaCoCo execution due to missing execution data file:/home/target/yawp-testing/target/jacoco.exec
[INFO] 
[INFO] ---------------------< io.yawp:yawp-testing-core >----------------------
[INFO] Building YAWP! testing core 2.09alpha                             [6/11]
[INFO] --------------------------------[ jar ]---------------------------------
[INFO] 
[INFO] --- jacoco-maven-plugin:0.7.5.201505241946:prepare-agent (default) @ yawp-testing-core ---
[INFO] argLine set to -javaagent:/root/.m2/repository/org/jacoco/org.jacoco.agent/0.7.5.201505241946/org.jacoco.agent-0.7.5.201505241946-runtime.jar=destfile=/home/target/yawp-testing/yawp-testing-core/target/jacoco.exec
[INFO] 
[INFO] --- maven-resources-plugin:2.6:resources (default-resources) @ yawp-testing-core ---
[INFO] Using 'UTF-8' encoding to copy filtered resources.
[INFO] skip non existing resourceDirectory /home/target/yawp-testing/yawp-testing-core/src/main/resources
[INFO] 
[INFO] --- maven-compiler-plugin:2.5.1:compile (default-compile) @ yawp-testing-core ---
[INFO] Nothing to compile - all classes are up to date
[INFO] 
[INFO] --- maven-resources-plugin:2.6:testResources (default-testResources) @ yawp-testing-core ---
[INFO] Using 'UTF-8' encoding to copy filtered resources.
[INFO] skip non existing resourceDirectory /home/target/yawp-testing/yawp-testing-core/src/test/resources
[INFO] 
[INFO] --- maven-compiler-plugin:2.5.1:testCompile (default-testCompile) @ yawp-testing-core ---
[INFO] No sources to compile
[INFO] 
[INFO] --- maven-surefire-plugin:2.12.4:test (default-test) @ yawp-testing-core ---
[INFO] No tests to run.
[INFO] 
[INFO] --- jacoco-maven-plugin:0.7.5.201505241946:report (report) @ yawp-testing-core ---
[INFO] Skipping JaCoCo execution due to missing execution data file:/home/target/yawp-testing/yawp-testing-core/target/jacoco.exec
[INFO] 
[INFO] -------------------< io.yawp:yawp-maven-plugin-root >-------------------
[INFO] Building YAWP! maven plugin root 2.09alpha                        [7/11]
[INFO] --------------------------------[ pom ]---------------------------------
[INFO] 
[INFO] --- jacoco-maven-plugin:0.7.5.201505241946:prepare-agent (default) @ yawp-maven-plugin-root ---
[INFO] argLine set to -javaagent:/root/.m2/repository/org/jacoco/org.jacoco.agent/0.7.5.201505241946/org.jacoco.agent-0.7.5.201505241946-runtime.jar=destfile=/home/target/yawp-maven-plugin/target/jacoco.exec
[INFO] 
[INFO] --- jacoco-maven-plugin:0.7.5.201505241946:report (report) @ yawp-maven-plugin-root ---
[INFO] Skipping JaCoCo execution due to missing execution data file:/home/target/yawp-maven-plugin/target/jacoco.exec
[INFO] 
[INFO] -------------------< io.yawp:yawp-devserver-runtime >-------------------
[INFO] Building YAWP! devserver runtime 2.09alpha                        [8/11]
[INFO] --------------------------------[ jar ]---------------------------------
[INFO] 
[INFO] --- jacoco-maven-plugin:0.7.5.201505241946:prepare-agent (default) @ yawp-devserver-runtime ---
[INFO] argLine set to -javaagent:/root/.m2/repository/org/jacoco/org.jacoco.agent/0.7.5.201505241946/org.jacoco.agent-0.7.5.201505241946-runtime.jar=destfile=/home/target/yawp-maven-plugin/yawp-devserver-runtime/target/jacoco.exec
[INFO] 
[INFO] --- maven-resources-plugin:2.6:resources (default-resources) @ yawp-devserver-runtime ---
[INFO] Using 'UTF-8' encoding to copy filtered resources.
[INFO] Copying 2 resources
[INFO] 
[INFO] --- maven-compiler-plugin:2.5.1:compile (default-compile) @ yawp-devserver-runtime ---
[INFO] Nothing to compile - all classes are up to date
[INFO] 
[INFO] --- maven-resources-plugin:2.6:testResources (default-testResources) @ yawp-devserver-runtime ---
[INFO] Using 'UTF-8' encoding to copy filtered resources.
[INFO] skip non existing resourceDirectory /home/target/yawp-maven-plugin/yawp-devserver-runtime/src/test/resources
[INFO] 
[INFO] --- maven-compiler-plugin:2.5.1:testCompile (default-testCompile) @ yawp-devserver-runtime ---
[INFO] No sources to compile
[INFO] 
[INFO] --- maven-surefire-plugin:2.12.4:test (default-test) @ yawp-devserver-runtime ---
[INFO] No tests to run.
[INFO] 
[INFO] --- jacoco-maven-plugin:0.7.5.201505241946:report (report) @ yawp-devserver-runtime ---
[INFO] Skipping JaCoCo execution due to missing execution data file:/home/target/yawp-maven-plugin/yawp-devserver-runtime/target/jacoco.exec
[INFO] 
[INFO] ---------------------< io.yawp:yawp-maven-plugin >----------------------
[INFO] Building YAWP! maven plugin 2.09alpha                             [9/11]
[INFO] ----------------------------[ maven-plugin ]----------------------------
[INFO] 
[INFO] --- jacoco-maven-plugin:0.7.5.201505241946:prepare-agent (default) @ yawp-maven-plugin ---
[INFO] argLine set to -javaagent:/root/.m2/repository/org/jacoco/org.jacoco.agent/0.7.5.201505241946/org.jacoco.agent-0.7.5.201505241946-runtime.jar=destfile=/home/target/yawp-maven-plugin/yawp-maven-plugin/target/jacoco.exec
[INFO] 
[INFO] --- maven-resources-plugin:2.6:resources (default-resources) @ yawp-maven-plugin ---
[INFO] Using 'UTF-8' encoding to copy filtered resources.
[INFO] Copying 13 resources
[INFO] 
[INFO] --- maven-compiler-plugin:2.5.1:compile (default-compile) @ yawp-maven-plugin ---
[INFO] Nothing to compile - all classes are up to date
[INFO] 
[INFO] --- maven-plugin-plugin:3.4:descriptor (default-descriptor) @ yawp-maven-plugin ---
[INFO] Using 'UTF-8' encoding to read mojo metadata.
[INFO] Mojo extractor with id: java-javadoc found 0 mojo descriptors.
[INFO] Mojo extractor with id: java-annotations found 10 mojo descriptors.
[INFO] 
[INFO] --- maven-resources-plugin:2.6:testResources (default-testResources) @ yawp-maven-plugin ---
[INFO] Using 'UTF-8' encoding to copy filtered resources.
[INFO] Copying 3 resources
[INFO] 
[INFO] --- maven-compiler-plugin:2.5.1:testCompile (default-testCompile) @ yawp-maven-plugin ---
[INFO] Nothing to compile - all classes are up to date
[INFO] 
[INFO] --- maven-surefire-plugin:2.12.4:test (default-test) @ yawp-maven-plugin ---
[INFO] Surefire report directory: /home/target/yawp-maven-plugin/yawp-maven-plugin/target/surefire-reports

-------------------------------------------------------
 T E S T S
-------------------------------------------------------
Running io.yawp.plugin.mojos.scaffolding.mojo.TransformerMojoTest
SLF4J: Failed to load class "org.slf4j.impl.StaticLoggerBinder".
SLF4J: Defaulting to no-operation (NOP) logger implementation
SLF4J: See http://www.slf4j.org/codes.html#StaticLoggerBinder for further details.
[INFO] Scaffolding to ./target/scaffolding-test
[INFO] Scaffold src/main/java/yawpapp/models/person/PersonUpperCaseTransformer.java created.
Tests run: 1, Failures: 0, Errors: 0, Skipped: 0, Time elapsed: 48,255.16 sec
Running io.yawp.plugin.mojos.scaffolding.mojo.HookMojoTest
[INFO] Scaffolding to ./target/scaffolding-test
[INFO] Scaffold src/main/java/yawpapp/models/person/PersonValidateHook.java created.
Tests run: 1, Failures: 0, Errors: 0, Skipped: 0, Time elapsed: 8,746.8 sec
Running io.yawp.plugin.mojos.scaffolding.mojo.ShieldMojoTest
[INFO] Scaffolding to ./target/scaffolding-test
[INFO] Scaffold src/main/java/yawpapp/models/person/PersonShield.java created.
Tests run: 1, Failures: 0, Errors: 0, Skipped: 0, Time elapsed: 5,469.3 sec
Running io.yawp.plugin.mojos.scaffolding.mojo.EndpointMojoTest
[INFO] Scaffolding to ./target/scaffolding-test
[INFO] Scaffold src/main/kotlin/yawpapp/models/person/Person.kt created.
[INFO] Scaffold src/test/kotlin/yawpapp/models/person/PersonTest.kt created.
[INFO] Scaffold src/main/kotlin/yawpapp/models/person/PersonShield.kt created.
[INFO] Scaffolding to ./target/scaffolding-test
[INFO] Scaffold src/main/java/yawpapp/models/person/Person.java created.
[INFO] Scaffold src/test/java/yawpapp/models/person/PersonTest.java created.
[INFO] Scaffold src/main/java/yawpapp/models/person/PersonShield.java created.
Tests run: 2, Failures: 0, Errors: 0, Skipped: 0, Time elapsed: 12,178.19 sec
Running io.yawp.plugin.mojos.scaffolding.mojo.PipeMojoTest
[INFO] Scaffolding to ./target/scaffolding-test
[INFO] Scaffold src/main/java/yawpapp/models/person/PersonCounterPipe.java created.
Tests run: 1, Failures: 0, Errors: 0, Skipped: 0, Time elapsed: 4,534.77 sec
Running io.yawp.plugin.mojos.scaffolding.mojo.ActionMojoTest
[INFO] Scaffolding to ./target/scaffolding-test
[INFO] Scaffold src/main/java/yawpapp/models/person/PersonActivateAction.java created.
Tests run: 1, Failures: 0, Errors: 0, Skipped: 0, Time elapsed: 4,760.24 sec
Running io.yawp.plugin.mojos.scaffolding.EndpointNamingTest
Tests run: 15, Failures: 0, Errors: 0, Skipped: 0, Time elapsed: 793.21 sec

Results :

Tests run: 22, Failures: 0, Errors: 0, Skipped: 0

[INFO] 
[INFO] --- jacoco-maven-plugin:0.7.5.201505241946:report (report) @ yawp-maven-plugin ---
[INFO] Analyzed bundle 'YAWP! maven plugin' with 25 classes
[INFO] 
[INFO] ------------------------< io.yawp:yawp-testing >------------------------
[INFO] Building YAWP! testing appengine 2.09alpha                       [10/11]
[INFO] --------------------------------[ jar ]---------------------------------
[INFO] 
[INFO] --- jacoco-maven-plugin:0.7.5.201505241946:prepare-agent (default) @ yawp-testing ---
[INFO] argLine set to -javaagent:/root/.m2/repository/org/jacoco/org.jacoco.agent/0.7.5.201505241946/org.jacoco.agent-0.7.5.201505241946-runtime.jar=destfile=/home/target/yawp-testing/yawp-testing-appengine/target/jacoco.exec
[INFO] 
[INFO] --- maven-resources-plugin:2.6:resources (default-resources) @ yawp-testing ---
[INFO] Using 'UTF-8' encoding to copy filtered resources.
[INFO] Copying 1 resource
[INFO] 
[INFO] --- maven-compiler-plugin:2.5.1:compile (default-compile) @ yawp-testing ---
[INFO] Nothing to compile - all classes are up to date
[INFO] 
[INFO] --- maven-resources-plugin:2.6:testResources (default-testResources) @ yawp-testing ---
[INFO] Using 'UTF-8' encoding to copy filtered resources.
[INFO] Copying 1 resource
[INFO] 
[INFO] --- maven-compiler-plugin:2.5.1:testCompile (default-testCompile) @ yawp-testing ---
[INFO] Nothing to compile - all classes are up to date
[INFO] 
[INFO] --- maven-surefire-plugin:2.12.4:test (default-test) @ yawp-testing ---
[INFO] Surefire report directory: /home/target/yawp-testing/yawp-testing-appengine/target/surefire-reports

-------------------------------------------------------
 T E S T S
-------------------------------------------------------
Running io.yawp.testing.appengine.pipes.flow.FlowDropsTest
Nov 17, 2021 7:21:53 AM io.yawp.repository.features.scanner.ClassloaderScanner scan
INFO: YAWP! classloader scanner started in 1119090 ms - packages: io.yawp
Nov 17, 2021 9:54:07 AM com.google.appengine.api.datastore.dev.LocalDatastoreService init
INFO: Local Datastore initialized: 
	Type: High Replication
	Storage: In-memory
Nov 17, 2021 2:34:19 PM com.google.appengine.api.taskqueue.dev.LocalTaskQueue init
INFO: LocalTaskQueue is initialized
Nov 17, 2021 3:00:42 PM org.quartz.simpl.SimpleThreadPool initialize
INFO: Job execution threads will use class loader of thread: pool-1-thread-1
Nov 17, 2021 3:24:31 PM org.quartz.core.QuartzScheduler <init>
INFO: Quartz Scheduler v.UNKNOWN.UNKNOWN.UNKNOWN created.
Nov 17, 2021 3:32:53 PM org.quartz.simpl.RAMJobStore initialize
INFO: RAMJobStore initialized.
Nov 17, 2021 3:32:56 PM org.quartz.impl.StdSchedulerFactory instantiate
INFO: Quartz scheduler 'DefaultQuartzScheduler' initialized from default resource file in Quartz package: 'quartz.properties'
Nov 17, 2021 3:32:58 PM org.quartz.impl.StdSchedulerFactory instantiate
INFO: Quartz scheduler version: UNKNOWN.UNKNOWN.UNKNOWN
Nov 17, 2021 3:34:14 PM org.quartz.core.QuartzScheduler start
INFO: Scheduler DefaultQuartzScheduler_$_NON_CLUSTERED started.
Nov 17, 2021 3:34:46 PM com.google.appengine.api.taskqueue.dev.LocalTaskQueue start_
INFO: Local task queue initialized with base url http://localhost:8080
Nov 17, 2021 4:22:14 PM org.quartz.core.QuartzScheduler shutdown
INFO: Scheduler DefaultQuartzScheduler_$_NON_CLUSTERED shutting down.
Nov 17, 2021 4:23:11 PM org.quartz.core.QuartzScheduler standby
INFO: Scheduler DefaultQuartzScheduler_$_NON_CLUSTERED paused.
Nov 17, 2021 4:23:13 PM org.quartz.core.QuartzScheduler shutdown
INFO: Scheduler DefaultQuartzScheduler_$_NON_CLUSTERED shutdown complete.
Tests run: 1, Failures: 0, Errors: 1, Skipped: 0, Time elapsed: 50,640.63 sec <<< FAILURE!
testFlowDropsToSameSink(io.yawp.testing.appengine.pipes.flow.FlowDropsTest)  Time elapsed: 47,727.25 sec  <<< ERROR!
java.lang.RuntimeException: await timout
	at io.yawp.testing.appengine.AsyncHelper.awaitAsync(AsyncHelper.java:20)
	at io.yawp.testing.appengine.AppengineTestHelper.awaitAsync(AppengineTestHelper.java:54)
	at io.yawp.testing.EndpointTestCaseBase.awaitAsync(EndpointTestCaseBase.java:334)
	at io.yawp.testing.appengine.pipes.flow.FlowDropsTest.testFlowDropsToSameSink(FlowDropsTest.java:35)
	at sun.reflect.NativeMethodAccessorImpl.invoke0(Native Method)
	at sun.reflect.NativeMethodAccessorImpl.invoke(NativeMethodAccessorImpl.java:62)
	at sun.reflect.DelegatingMethodAccessorImpl.invoke(DelegatingMethodAccessorImpl.java:43)
	at java.lang.reflect.Method.invoke(Method.java:498)
	at org.junit.runners.model.FrameworkMethod$1.runReflectiveCall(FrameworkMethod.java:47)
	at org.junit.internal.runners.model.ReflectiveCallable.run(ReflectiveCallable.java:12)
	at org.junit.runners.model.FrameworkMethod.invokeExplosively(FrameworkMethod.java:44)
	at org.junit.internal.runners.statements.InvokeMethod.evaluate(InvokeMethod.java:17)
	at org.junit.internal.runners.statements.RunBefores.evaluate(RunBefores.java:26)
	at org.junit.internal.runners.statements.RunAfters.evaluate(RunAfters.java:27)
	at org.junit.runners.ParentRunner.runLeaf(ParentRunner.java:271)
	at org.junit.runners.BlockJUnit4ClassRunner.runChild(BlockJUnit4ClassRunner.java:70)
	at org.junit.runners.BlockJUnit4ClassRunner.runChild(BlockJUnit4ClassRunner.java:50)
	at org.junit.runners.ParentRunner$3.run(ParentRunner.java:238)
	at org.junit.runners.ParentRunner$1.schedule(ParentRunner.java:63)
	at org.junit.runners.ParentRunner.runChildren(ParentRunner.java:236)
	at org.junit.runners.ParentRunner.access$000(ParentRunner.java:53)
	at org.junit.runners.ParentRunner$2.evaluate(ParentRunner.java:229)
	at org.junit.runners.ParentRunner.run(ParentRunner.java:309)
	at org.apache.maven.surefire.junit4.JUnit4Provider.execute(JUnit4Provider.java:252)
	at org.apache.maven.surefire.junit4.JUnit4Provider.executeTestSet(JUnit4Provider.java:141)
	at org.apache.maven.surefire.junit4.JUnit4Provider.invoke(JUnit4Provider.java:112)
	at sun.reflect.NativeMethodAccessorImpl.invoke0(Native Method)
	at sun.reflect.NativeMethodAccessorImpl.invoke(NativeMethodAccessorImpl.java:62)
	at sun.reflect.DelegatingMethodAccessorImpl.invoke(DelegatingMethodAccessorImpl.java:43)
	at java.lang.reflect.Method.invoke(Method.java:498)
	at org.apache.maven.surefire.util.ReflectionUtils.invokeMethodWithArray(ReflectionUtils.java:189)
	at org.apache.maven.surefire.booter.ProviderFactory$ProviderProxy.invoke(ProviderFactory.java:165)
	at org.apache.maven.surefire.booter.ProviderFactory.invokeProvider(ProviderFactory.java:85)
	at org.apache.maven.surefire.booter.ForkedBooter.runSuitesInProcess(ForkedBooter.java:115)
	at org.apache.maven.surefire.booter.ForkedBooter.main(ForkedBooter.java:75)


Results :

Tests in error: 
  testFlowDropsToSameSink(io.yawp.testing.appengine.pipes.flow.FlowDropsTest): await timout

Tests run: 1, Failures: 0, Errors: 1, Skipped: 0

[INFO] 
[INFO] ------------------< io.yawp:yawp-testing-postgresql >-------------------
[INFO] Building YAWP! testing postgresql 2.09alpha                      [11/11]
[INFO] --------------------------------[ jar ]---------------------------------
[INFO] 
[INFO] --- jacoco-maven-plugin:0.7.5.201505241946:prepare-agent (default) @ yawp-testing-postgresql ---
[INFO] argLine set to -javaagent:/root/.m2/repository/org/jacoco/org.jacoco.agent/0.7.5.201505241946/org.jacoco.agent-0.7.5.201505241946-runtime.jar=destfile=/home/target/yawp-testing/yawp-testing-postgresql/target/jacoco.exec
[INFO] 
[INFO] --- maven-resources-plugin:2.6:resources (default-resources) @ yawp-testing-postgresql ---
[INFO] Using 'UTF-8' encoding to copy filtered resources.
[INFO] Copying 1 resource
[INFO] 
[INFO] --- maven-compiler-plugin:2.5.1:compile (default-compile) @ yawp-testing-postgresql ---
[INFO] Nothing to compile - all classes are up to date
[INFO] 
[INFO] --- maven-resources-plugin:2.6:testResources (default-testResources) @ yawp-testing-postgresql ---
[INFO] Using 'UTF-8' encoding to copy filtered resources.
[INFO] Copying 1 resource
[INFO] 
[INFO] --- maven-compiler-plugin:2.5.1:testCompile (default-testCompile) @ yawp-testing-postgresql ---
[INFO] No sources to compile
[INFO] 
[INFO] --- maven-surefire-plugin:2.12.4:test (default-test) @ yawp-testing-postgresql ---
[INFO] Tests are skipped.
[INFO] 
[INFO] --- jacoco-maven-plugin:0.7.5.201505241946:report (report) @ yawp-testing-postgresql ---
[INFO] Skipping JaCoCo execution due to missing execution data file:/home/target/yawp-testing/yawp-testing-postgresql/target/jacoco.exec
[INFO] ------------------------------------------------------------------------
[INFO] Reactor Summary for YAWP! root 2.09alpha:
[INFO] 
[INFO] YAWP! root ......................................... SUCCESS [  03:12 h]
[INFO] YAWP! core ......................................... SUCCESS [  22:03 h]
[INFO] YAWP! appengine .................................... SUCCESS [  01:28 h]
[INFO] YAWP! postgresql ................................... SUCCESS [01:58 min]
[INFO] YAWP! testing root ................................. SUCCESS [02:15 min]
[INFO] YAWP! testing core ................................. SUCCESS [03:00 min]
[INFO] YAWP! maven plugin root ............................ SUCCESS [02:25 min]
[INFO] YAWP! devserver runtime ............................ SUCCESS [11:13 min]
[INFO] YAWP! maven plugin ................................. SUCCESS [1 d 11:06 h]
[INFO] YAWP! testing appengine ............................ FAILURE [  18:24 h]
[INFO] YAWP! testing postgresql ........................... SUCCESS [02:51 min]
[INFO] ------------------------------------------------------------------------
[INFO] BUILD FAILURE
[INFO] ------------------------------------------------------------------------
[INFO] Total time:  3 d 09:17 h
[INFO] Finished at: 2021-11-17T17:21:50Z
[INFO] ------------------------------------------------------------------------
[ERROR] Failed to execute goal org.apache.maven.plugins:maven-surefire-plugin:2.12.4:test (default-test) on project yawp-testing: There are test failures.
[ERROR] 
[ERROR] Please refer to /home/target/yawp-testing/yawp-testing-appengine/target/surefire-reports for the individual test results.
[ERROR] -> [Help 1]
[ERROR] 
[ERROR] To see the full stack trace of the errors, re-run Maven with the -e switch.
[ERROR] Re-run Maven using the -X switch to enable full debug logging.
[ERROR] 
[ERROR] For more information about the errors and possible solutions, please read the following articles:
[ERROR] [Help 1] http://cwiki.apache.org/confluence/display/MAVEN/MojoFailureException
[ERROR] 
[ERROR] After correcting the problems, you can resume the build with the command
[ERROR]   mvn <args> -rf :yawp-testing
{'error': True, 'log_file': 'output-2021-11-14T03:02:14-8259.log', 'message': '', 'start_time': '2021-11-14T03:02:14', 'end_time': '2021-11-14T03:02:45', 'command': ['mvn', '-fae', 'test'], 'faketime_str': '+0 x10000.0', 'timezone': datetime.timezone(datetime.timedelta(0), 'UTC')}
