[INFO] Scanning for projects...
[INFO] ------------------------------------------------------------------------
[INFO] Reactor Build Order:
[INFO] 
[INFO] Riptide                                                            [pom]
[INFO] Riptide: Parent                                                    [pom]
[INFO] Riptide: Core                                                      [jar]
[INFO] Riptide: Capture                                                   [jar]
[INFO] Riptide: HTTP Client                                               [jar]
[INFO] Riptide: Authorization                                             [jar]
[INFO] Riptide: Bill of Materials                                         [pom]
[INFO] Riptide: Chaos                                                     [jar]
[INFO] Riptide: Problem                                                   [jar]
[INFO] Riptide: Compatibility                                             [jar]
[INFO] Riptide: Request Compression                                       [jar]
[INFO] Riptide: Concurrent                                                [jar]
[INFO] Riptide: Idempotency                                               [jar]
[INFO] Riptide: Faults                                                    [jar]
[INFO] Riptide: Failsafe                                                  [jar]
[INFO] Riptide: Logbook                                                   [jar]
[INFO] Riptide: Micrometer                                                [jar]
[INFO] Riptide: OpenTracing                                               [jar]
[INFO] Riptide: SOAP                                                      [jar]
[INFO] Riptide: Stream                                                    [jar]
[INFO] Riptide: Spring Boot Auto Configuration                            [jar]
[INFO] Riptide: Spring Boot Starter                                       [jar]
[INFO] 
[INFO] ------------------------< org.zalando:riptide >-------------------------
[INFO] Building Riptide 3.1.0-SNAPSHOT                                   [1/22]
[INFO] --------------------------------[ pom ]---------------------------------
[INFO] 
[INFO] --- maven-enforcer-plugin:3.0.0:enforce (enforce-maven) @ riptide ---
[INFO] 
[INFO] --- duplicate-finder-maven-plugin:1.5.0:check (default) @ riptide ---
[INFO] Ignoring POM project!
[INFO] 
[INFO] --- jacoco-maven-plugin:0.8.7:prepare-agent (prepare-agent) @ riptide ---
[INFO] argLine set to -javaagent:/root/.m2/repository/org/jacoco/org.jacoco.agent/0.8.7/org.jacoco.agent-0.8.7-runtime.jar=destfile=/home/target/target/jacoco.exec
[INFO] 
[INFO] ---------------------< org.zalando:riptide-parent >---------------------
[INFO] Building Riptide: Parent 3.1.0-SNAPSHOT                           [2/22]
[INFO] --------------------------------[ pom ]---------------------------------
[INFO] 
[INFO] --- maven-enforcer-plugin:3.0.0:enforce (enforce-maven) @ riptide-parent ---
[INFO] 
[INFO] --- duplicate-finder-maven-plugin:1.5.0:check (default) @ riptide-parent ---
[INFO] Ignoring POM project!
[INFO] 
[INFO] --- jacoco-maven-plugin:0.8.7:prepare-agent (prepare-agent) @ riptide-parent ---
[INFO] argLine set to -javaagent:/root/.m2/repository/org/jacoco/org.jacoco.agent/0.8.7/org.jacoco.agent-0.8.7-runtime.jar=destfile=/home/target/riptide-parent/target/jacoco.exec
[INFO] 
[INFO] ----------------------< org.zalando:riptide-core >----------------------
[INFO] Building Riptide: Core 3.1.0-SNAPSHOT                             [3/22]
[INFO] --------------------------------[ jar ]---------------------------------
[INFO] 
[INFO] --- maven-enforcer-plugin:3.0.0:enforce (enforce-maven) @ riptide-core ---
[INFO] 
[INFO] --- duplicate-finder-maven-plugin:1.5.0:check (default) @ riptide-core ---
[INFO] Checking compile classpath
[INFO] Checking runtime classpath
[INFO] Checking test classpath
[INFO] 
[INFO] --- jacoco-maven-plugin:0.8.7:prepare-agent (prepare-agent) @ riptide-core ---
[INFO] argLine set to -javaagent:/root/.m2/repository/org/jacoco/org.jacoco.agent/0.8.7/org.jacoco.agent-0.8.7-runtime.jar=destfile=/home/target/riptide-core/target/jacoco.exec
[INFO] 
[INFO] --- maven-resources-plugin:3.2.0:resources (default-resources) @ riptide-core ---
[INFO] Using 'UTF-8' encoding to copy filtered resources.
[INFO] Using 'UTF-8' encoding to copy filtered properties files.
[INFO] Copying 1 resource
[INFO] 
[INFO] --- maven-compiler-plugin:3.8.1:compile (default-compile) @ riptide-core ---
[INFO] Nothing to compile - all classes are up to date
[INFO] 
[INFO] --- maven-resources-plugin:3.2.0:testResources (default-testResources) @ riptide-core ---
[INFO] Using 'UTF-8' encoding to copy filtered resources.
[INFO] Using 'UTF-8' encoding to copy filtered properties files.
[INFO] Copying 6 resources
[INFO] 
[INFO] --- maven-compiler-plugin:3.8.1:testCompile (default-testCompile) @ riptide-core ---
[INFO] Nothing to compile - all classes are up to date
[INFO] 
[INFO] --- maven-surefire-plugin:2.22.2:test (default-test) @ riptide-core ---
[INFO] 
[INFO] -------------------------------------------------------
[INFO]  T E S T S
[INFO] -------------------------------------------------------
[INFO] Running org.zalando.riptide.EmptyEntityTest
[main] INFO org.eclipse.jetty.util.log - Logging initialized @2155ms to org.eclipse.jetty.util.log.Slf4jLog
[main] INFO org.eclipse.jetty.server.Server - jetty-9.4.44.v20210927; built: 2021-09-27T23:02:44.612Z; git: 8da83308eeca865e495e53ef315a249d63ba9332; jvm 1.8.0_312-b07
[main] INFO org.eclipse.jetty.server.AbstractConnector - Started ServerConnector@104dc1a2{HTTP/1.1, (http/1.1)}{0.0.0.0:39867}
[main] INFO org.eclipse.jetty.server.Server - Started @2400ms
[qtp1517266286-19] INFO com.github.restdriver.clientdriver.jetty.DefaultClientDriverJettyHandler - Handling: GET /
[main] INFO com.github.restdriver.clientdriver.ClientDriver - Beginning verification
[main] INFO org.eclipse.jetty.server.AbstractConnector - Stopped ServerConnector@104dc1a2{HTTP/1.1, (http/1.1)}{0.0.0.0:0}
[main] INFO com.github.restdriver.clientdriver.ClientDriver - Beginning verification
[main] INFO org.eclipse.jetty.server.Server - jetty-9.4.44.v20210927; built: 2021-09-27T23:02:44.612Z; git: 8da83308eeca865e495e53ef315a249d63ba9332; jvm 1.8.0_312-b07
[main] INFO org.eclipse.jetty.server.AbstractConnector - Started ServerConnector@57f83dc7{HTTP/1.1, (http/1.1)}{0.0.0.0:35569}
[main] INFO org.eclipse.jetty.server.Server - Started @4483ms
[qtp2103548875-30] INFO com.github.restdriver.clientdriver.jetty.DefaultClientDriverJettyHandler - Handling: POST /
[main] INFO com.github.restdriver.clientdriver.ClientDriver - Beginning verification
[main] INFO org.eclipse.jetty.server.AbstractConnector - Stopped ServerConnector@57f83dc7{HTTP/1.1, (http/1.1)}{0.0.0.0:0}
[main] INFO com.github.restdriver.clientdriver.ClientDriver - Beginning verification
[main] INFO org.eclipse.jetty.server.Server - jetty-9.4.44.v20210927; built: 2021-09-27T23:02:44.612Z; git: 8da83308eeca865e495e53ef315a249d63ba9332; jvm 1.8.0_312-b07
[main] INFO org.eclipse.jetty.server.AbstractConnector - Started ServerConnector@4eb69e8d{HTTP/1.1, (http/1.1)}{0.0.0.0:37499}
[main] INFO org.eclipse.jetty.server.Server - Started @4696ms
[qtp319541262-40] INFO com.github.restdriver.clientdriver.jetty.DefaultClientDriverJettyHandler - Handling: POST /
[main] INFO com.github.restdriver.clientdriver.ClientDriver - Beginning verification
[main] INFO org.eclipse.jetty.server.AbstractConnector - Stopped ServerConnector@4eb69e8d{HTTP/1.1, (http/1.1)}{0.0.0.0:0}
[main] INFO com.github.restdriver.clientdriver.ClientDriver - Beginning verification
[INFO] Tests run: 3, Failures: 0, Errors: 0, Skipped: 0, Time elapsed: 2,670.548 s - in org.zalando.riptide.EmptyEntityTest
[INFO] Running org.zalando.riptide.RequesterImmutabilityTest
[INFO] Tests run: 1, Failures: 0, Errors: 0, Skipped: 0, Time elapsed: 146.139 s - in org.zalando.riptide.RequesterImmutabilityTest
[INFO] Running org.zalando.riptide.StatusDispatchTest
[INFO] Tests run: 63, Failures: 0, Errors: 0, Skipped: 0, Time elapsed: 687.503 s - in org.zalando.riptide.StatusDispatchTest
[INFO] Running org.zalando.riptide.InputStreamTest
[INFO] Tests run: 1, Failures: 0, Errors: 0, Skipped: 0, Time elapsed: 21.817 s - in org.zalando.riptide.InputStreamTest
[INFO] Running org.zalando.riptide.IOTest
[main] INFO org.eclipse.jetty.server.Server - jetty-9.4.44.v20210927; built: 2021-09-27T23:02:44.612Z; git: 8da83308eeca865e495e53ef315a249d63ba9332; jvm 1.8.0_312-b07
[main] INFO org.eclipse.jetty.server.AbstractConnector - Started ServerConnector@347770a9{HTTP/1.1, (http/1.1)}{0.0.0.0:33009}
[main] INFO org.eclipse.jetty.server.Server - Started @5815ms
[qtp882181333-114] INFO com.github.restdriver.clientdriver.jetty.DefaultClientDriverJettyHandler - Handling: GET /repos/zalando/riptide/contributors
[main] INFO org.eclipse.jetty.server.Server - jetty-9.4.44.v20210927; built: 2021-09-27T23:02:44.612Z; git: 8da83308eeca865e495e53ef315a249d63ba9332; jvm 1.8.0_312-b07
[main] INFO org.eclipse.jetty.server.AbstractConnector - Started ServerConnector@424ebf5b{HTTP/1.1, (http/1.1)}{0.0.0.0:39779}
[main] INFO org.eclipse.jetty.server.Server - Started @6179ms
[qtp2037189443-124] INFO com.github.restdriver.clientdriver.jetty.DefaultClientDriverJettyHandler - Handling: GET /repos/zalando/riptide/contributors
[INFO] Tests run: 2, Failures: 0, Errors: 0, Skipped: 0, Time elapsed: 527.719 s - in org.zalando.riptide.IOTest
[INFO] Running org.zalando.riptide.ExecuteTest
[INFO] Tests run: 8, Failures: 0, Errors: 0, Skipped: 0, Time elapsed: 288.033 s - in org.zalando.riptide.ExecuteTest
[INFO] Running org.zalando.riptide.NIOTest
[main] INFO org.eclipse.jetty.server.Server - jetty-9.4.44.v20210927; built: 2021-09-27T23:02:44.612Z; git: 8da83308eeca865e495e53ef315a249d63ba9332; jvm 1.8.0_312-b07
[main] INFO org.eclipse.jetty.server.AbstractConnector - Started ServerConnector@63f093a{HTTP/1.1, (http/1.1)}{0.0.0.0:36149}
[main] INFO org.eclipse.jetty.server.Server - Started @6816ms
[qtp1565138220-142] INFO com.github.restdriver.clientdriver.jetty.DefaultClientDriverJettyHandler - Handling: GET /repos/zalando/riptide/contributors
[INFO] Tests run: 1, Failures: 0, Errors: 0, Skipped: 0, Time elapsed: 1,328.955 s - in org.zalando.riptide.NIOTest
[INFO] Running org.zalando.riptide.CallTest
[INFO] Tests run: 4, Failures: 0, Errors: 0, Skipped: 0, Time elapsed: 1,478.884 s - in org.zalando.riptide.CallTest
[INFO] Running org.zalando.riptide.RoutingTreeTest
[INFO] Tests run: 17, Failures: 0, Errors: 0, Skipped: 0, Time elapsed: 206.201 s - in org.zalando.riptide.RoutingTreeTest
[INFO] Running org.zalando.riptide.NestedDispatchTest
[INFO] Tests run: 3, Failures: 0, Errors: 0, Skipped: 0, Time elapsed: 503.302 s - in org.zalando.riptide.NestedDispatchTest
[INFO] Running org.zalando.riptide.DynamicBaseUrlTest
[INFO] Tests run: 1, Failures: 0, Errors: 0, Skipped: 0, Time elapsed: 21.557 s - in org.zalando.riptide.DynamicBaseUrlTest
[INFO] Running org.zalando.riptide.SeriesDispatchTest
[INFO] Tests run: 5, Failures: 0, Errors: 0, Skipped: 0, Time elapsed: 28.948 s - in org.zalando.riptide.SeriesDispatchTest
[INFO] Running org.zalando.riptide.RouteTest
[INFO] Tests run: 4, Failures: 0, Errors: 0, Skipped: 0, Time elapsed: 253.67 s - in org.zalando.riptide.RouteTest
[INFO] Running org.zalando.riptide.AnyDispatchTest
[INFO] Tests run: 1, Failures: 0, Errors: 0, Skipped: 0, Time elapsed: 4.645 s - in org.zalando.riptide.AnyDispatchTest
[INFO] Running org.zalando.riptide.AttributeTest
[INFO] Tests run: 2, Failures: 0, Errors: 0, Skipped: 0, Time elapsed: 8.83 s - in org.zalando.riptide.AttributeTest
[INFO] Running org.zalando.riptide.ReasonPhraseDispatchTest
[INFO] Tests run: 63, Failures: 0, Errors: 0, Skipped: 0, Time elapsed: 418.095 s - in org.zalando.riptide.ReasonPhraseDispatchTest
[INFO] Running org.zalando.riptide.StatusCodeDispatchTest
[INFO] Tests run: 63, Failures: 0, Errors: 0, Skipped: 0, Time elapsed: 957.949 s - in org.zalando.riptide.StatusCodeDispatchTest
[INFO] Running org.zalando.riptide.RequesterTest
[INFO] Tests run: 13, Failures: 0, Errors: 0, Skipped: 0, Time elapsed: 203.914 s - in org.zalando.riptide.RequesterTest
[INFO] Running org.zalando.riptide.OriginalStackTracePluginTest
[main] INFO org.eclipse.jetty.server.Server - jetty-9.4.44.v20210927; built: 2021-09-27T23:02:44.612Z; git: 8da83308eeca865e495e53ef315a249d63ba9332; jvm 1.8.0_312-b07
[main] INFO org.eclipse.jetty.server.AbstractConnector - Started ServerConnector@a2dfad{HTTP/1.1, (http/1.1)}{0.0.0.0:34879}
[main] INFO org.eclipse.jetty.server.Server - Started @12088ms
[qtp1708288129-313] INFO com.github.restdriver.clientdriver.jetty.DefaultClientDriverJettyHandler - Handling: GET /
[main] INFO org.eclipse.jetty.server.Server - jetty-9.4.44.v20210927; built: 2021-09-27T23:02:44.612Z; git: 8da83308eeca865e495e53ef315a249d63ba9332; jvm 1.8.0_312-b07
[main] INFO org.eclipse.jetty.server.AbstractConnector - Started ServerConnector@4d37a098{HTTP/1.1, (http/1.1)}{0.0.0.0:45007}
[main] INFO org.eclipse.jetty.server.Server - Started @12193ms
[qtp160077130-326] INFO com.github.restdriver.clientdriver.jetty.DefaultClientDriverJettyHandler - Handling: GET /
[INFO] Tests run: 2, Failures: 0, Errors: 0, Skipped: 0, Time elapsed: 342.163 s - in org.zalando.riptide.OriginalStackTracePluginTest
[INFO] Running org.zalando.riptide.HttpResponseExceptionTest
[INFO] Tests run: 1, Failures: 0, Errors: 0, Skipped: 0, Time elapsed: 1.151 s - in org.zalando.riptide.HttpResponseExceptionTest
[INFO] Running org.zalando.riptide.UriTemplateArgTest
[INFO] Tests run: 5, Failures: 0, Errors: 0, Skipped: 0, Time elapsed: 123.586 s - in org.zalando.riptide.UriTemplateArgTest
[INFO] Running org.zalando.riptide.HandlesIOExceptionTest
[INFO] Tests run: 1, Failures: 0, Errors: 0, Skipped: 0, Time elapsed: 26.915 s - in org.zalando.riptide.HandlesIOExceptionTest
[INFO] Running org.zalando.riptide.ForwardingClientHttpResponseTest
[INFO] Tests run: 2, Failures: 0, Errors: 0, Skipped: 0, Time elapsed: 0.05 s - in org.zalando.riptide.ForwardingClientHttpResponseTest
[INFO] Running org.zalando.riptide.DefaultRequestArgumentsTest
[INFO] Tests run: 22, Failures: 0, Errors: 0, Skipped: 0, Time elapsed: 47.604 s - in org.zalando.riptide.DefaultRequestArgumentsTest
[INFO] Running org.zalando.riptide.AsyncTest
[INFO] Tests run: 10, Failures: 0, Errors: 0, Skipped: 0, Time elapsed: 414.132 s - in org.zalando.riptide.AsyncTest
[INFO] Running org.zalando.riptide.FailedDispatchTest
[INFO] Tests run: 7, Failures: 0, Errors: 0, Skipped: 0, Time elapsed: 431.429 s - in org.zalando.riptide.FailedDispatchTest
[INFO] Running org.zalando.riptide.ExceptionHandlingTest
[INFO] Tests run: 4, Failures: 0, Errors: 0, Skipped: 0, Time elapsed: 90.095 s - in org.zalando.riptide.ExceptionHandlingTest
[INFO] Running org.zalando.riptide.PluginTest
[INFO] Tests run: 3, Failures: 0, Errors: 0, Skipped: 0, Time elapsed: 28.399 s - in org.zalando.riptide.PluginTest
[INFO] Running org.zalando.riptide.NavigatorsTest
[INFO] Tests run: 5, Failures: 0, Errors: 0, Skipped: 0, Time elapsed: 10.269 s - in org.zalando.riptide.NavigatorsTest
[INFO] Running org.zalando.riptide.RequestUriTest
[WARNING] Tests run: 864, Failures: 0, Errors: 0, Skipped: 336, Time elapsed: 9,551.174 s - in org.zalando.riptide.RequestUriTest
[INFO] Running org.zalando.riptide.ThreadAffinityTest
[main] INFO org.eclipse.jetty.server.Server - jetty-9.4.44.v20210927; built: 2021-09-27T23:02:44.612Z; git: 8da83308eeca865e495e53ef315a249d63ba9332; jvm 1.8.0_312-b07
[main] INFO org.eclipse.jetty.server.AbstractConnector - Started ServerConnector@ffd66e1{HTTP/1.1, (http/1.1)}{0.0.0.0:33521}
[main] INFO org.eclipse.jetty.server.Server - Started @23347ms
[qtp1776341789-861] INFO com.github.restdriver.clientdriver.jetty.DefaultClientDriverJettyHandler - Handling: GET /
[main] INFO com.github.restdriver.clientdriver.ClientDriver - Beginning verification
[main] INFO org.eclipse.jetty.server.Server - jetty-9.4.44.v20210927; built: 2021-09-27T23:02:44.612Z; git: 8da83308eeca865e495e53ef315a249d63ba9332; jvm 1.8.0_312-b07
[main] INFO org.eclipse.jetty.server.AbstractConnector - Started ServerConnector@11fcf35{HTTP/1.1, (http/1.1)}{0.0.0.0:36051}
[main] INFO org.eclipse.jetty.server.Server - Started @23592ms
[qtp1641811952-874] INFO com.github.restdriver.clientdriver.jetty.DefaultClientDriverJettyHandler - Handling: GET /
[main] INFO com.github.restdriver.clientdriver.ClientDriver - Beginning verification
[main] INFO org.eclipse.jetty.server.Server - jetty-9.4.44.v20210927; built: 2021-09-27T23:02:44.612Z; git: 8da83308eeca865e495e53ef315a249d63ba9332; jvm 1.8.0_312-b07
[main] INFO org.eclipse.jetty.server.AbstractConnector - Started ServerConnector@79f3d15f{HTTP/1.1, (http/1.1)}{0.0.0.0:34163}
[main] INFO org.eclipse.jetty.server.Server - Started @23811ms
[qtp830553768-883] INFO com.github.restdriver.clientdriver.jetty.DefaultClientDriverJettyHandler - Handling: GET /
[main] INFO com.github.restdriver.clientdriver.ClientDriver - Beginning verification
[main] INFO org.eclipse.jetty.server.Server - jetty-9.4.44.v20210927; built: 2021-09-27T23:02:44.612Z; git: 8da83308eeca865e495e53ef315a249d63ba9332; jvm 1.8.0_312-b07
[main] INFO org.eclipse.jetty.server.AbstractConnector - Started ServerConnector@1c08cd61{HTTP/1.1, (http/1.1)}{0.0.0.0:46351}
[main] INFO org.eclipse.jetty.server.Server - Started @24248ms
[qtp1063520668-893] INFO com.github.restdriver.clientdriver.jetty.DefaultClientDriverJettyHandler - Handling: GET /
[main] INFO com.github.restdriver.clientdriver.ClientDriver - Beginning verification
[INFO] Tests run: 4, Failures: 0, Errors: 0, Skipped: 0, Time elapsed: 2,502.336 s - in org.zalando.riptide.ThreadAffinityTest
[INFO] Running org.zalando.riptide.NoopRouteTest
[INFO] Tests run: 1, Failures: 0, Errors: 0, Skipped: 0, Time elapsed: 0.067 s - in org.zalando.riptide.NoopRouteTest
[INFO] Running org.zalando.riptide.NoBaseUrlTest
[INFO] Tests run: 3, Failures: 0, Errors: 0, Skipped: 0, Time elapsed: 66.944 s - in org.zalando.riptide.NoBaseUrlTest
[INFO] Running org.zalando.riptide.ContentTypeDispatchTest
[INFO] Tests run: 6, Failures: 0, Errors: 0, Skipped: 0, Time elapsed: 27.242 s - in org.zalando.riptide.ContentTypeDispatchTest
[INFO] Running org.zalando.riptide.MethodDelegateTest
[INFO] Tests run: 24, Failures: 0, Errors: 0, Skipped: 0, Time elapsed: 207.428 s - in org.zalando.riptide.MethodDelegateTest
[INFO] Running org.zalando.riptide.CompletableFuturesTest
[INFO] Tests run: 3, Failures: 0, Errors: 0, Skipped: 0, Time elapsed: 3.01 s - in org.zalando.riptide.CompletableFuturesTest
[INFO] 
[INFO] Results:
[INFO] 
[WARNING] Tests run: 1222, Failures: 0, Errors: 0, Skipped: 336
[INFO] 
[INFO] 
[INFO] --------------------< org.zalando:riptide-capture >---------------------
[INFO] Building Riptide: Capture 3.1.0-SNAPSHOT                          [4/22]
[INFO] --------------------------------[ jar ]---------------------------------
[INFO] 
[INFO] --- maven-enforcer-plugin:3.0.0:enforce (enforce-maven) @ riptide-capture ---
[INFO] 
[INFO] --- duplicate-finder-maven-plugin:1.5.0:check (default) @ riptide-capture ---
[INFO] Checking compile classpath
[INFO] Checking runtime classpath
[INFO] Checking test classpath
[INFO] 
[INFO] --- jacoco-maven-plugin:0.8.7:prepare-agent (prepare-agent) @ riptide-capture ---
[INFO] argLine set to -javaagent:/root/.m2/repository/org/jacoco/org.jacoco.agent/0.8.7/org.jacoco.agent-0.8.7-runtime.jar=destfile=/home/target/riptide-capture/target/jacoco.exec
[INFO] 
[INFO] --- maven-resources-plugin:3.2.0:resources (default-resources) @ riptide-capture ---
[INFO] Using 'UTF-8' encoding to copy filtered resources.
[INFO] Using 'UTF-8' encoding to copy filtered properties files.
[INFO] skip non existing resourceDirectory /home/target/riptide-capture/src/main/resources
[INFO] 
[INFO] --- maven-compiler-plugin:3.8.1:compile (default-compile) @ riptide-capture ---
[INFO] Nothing to compile - all classes are up to date
[INFO] 
[INFO] --- maven-resources-plugin:3.2.0:testResources (default-testResources) @ riptide-capture ---
[INFO] Using 'UTF-8' encoding to copy filtered resources.
[INFO] Using 'UTF-8' encoding to copy filtered properties files.
[INFO] Copying 1 resource
[INFO] 
[INFO] --- maven-compiler-plugin:3.8.1:testCompile (default-testCompile) @ riptide-capture ---
[INFO] Nothing to compile - all classes are up to date
[INFO] 
[INFO] --- maven-surefire-plugin:2.22.2:test (default-test) @ riptide-capture ---
[INFO] 
[INFO] -------------------------------------------------------
[INFO]  T E S T S
[INFO] -------------------------------------------------------
[INFO] Running org.zalando.riptide.capture.CaptureTest
[INFO] Tests run: 4, Failures: 0, Errors: 0, Skipped: 0, Time elapsed: 1,432.007 s - in org.zalando.riptide.capture.CaptureTest
[INFO] 
[INFO] Results:
[INFO] 
[INFO] Tests run: 4, Failures: 0, Errors: 0, Skipped: 0
[INFO] 
[INFO] 
[INFO] -------------------< org.zalando:riptide-httpclient >-------------------
[INFO] Building Riptide: HTTP Client 3.1.0-SNAPSHOT                      [5/22]
[INFO] --------------------------------[ jar ]---------------------------------
[INFO] 
[INFO] --- maven-enforcer-plugin:3.0.0:enforce (enforce-maven) @ riptide-httpclient ---
[INFO] 
[INFO] --- duplicate-finder-maven-plugin:1.5.0:check (default) @ riptide-httpclient ---
[INFO] Checking compile classpath
[INFO] Checking runtime classpath
[INFO] Checking test classpath
[INFO] 
[INFO] --- jacoco-maven-plugin:0.8.7:prepare-agent (prepare-agent) @ riptide-httpclient ---
[INFO] argLine set to -javaagent:/root/.m2/repository/org/jacoco/org.jacoco.agent/0.8.7/org.jacoco.agent-0.8.7-runtime.jar=destfile=/home/target/riptide-httpclient/target/jacoco.exec
[INFO] 
[INFO] --- maven-resources-plugin:3.2.0:resources (default-resources) @ riptide-httpclient ---
[INFO] Using 'UTF-8' encoding to copy filtered resources.
[INFO] Using 'UTF-8' encoding to copy filtered properties files.
[INFO] skip non existing resourceDirectory /home/target/riptide-httpclient/src/main/resources
[INFO] 
[INFO] --- maven-compiler-plugin:3.8.1:compile (default-compile) @ riptide-httpclient ---
[INFO] Nothing to compile - all classes are up to date
[INFO] 
[INFO] --- maven-resources-plugin:3.2.0:testResources (default-testResources) @ riptide-httpclient ---
[INFO] Using 'UTF-8' encoding to copy filtered resources.
[INFO] Using 'UTF-8' encoding to copy filtered properties files.
[INFO] Copying 1 resource
[INFO] 
[INFO] --- maven-compiler-plugin:3.8.1:testCompile (default-testCompile) @ riptide-httpclient ---
[INFO] Nothing to compile - all classes are up to date
[INFO] 
[INFO] --- maven-surefire-plugin:2.22.2:test (default-test) @ riptide-httpclient ---
[INFO] 
[INFO] -------------------------------------------------------
[INFO]  T E S T S
[INFO] -------------------------------------------------------
[INFO] Running org.zalando.riptide.httpclient.ClosingTest
[main] WARN org.zalando.riptide.httpclient.Closing - IOException thrown while closing Closeable.
java.io.IOException
	at org.zalando.riptide.httpclient.Closing.closeQuietly(Closing.java:21)
	at org.zalando.riptide.httpclient.ClosingTest.swallowsException(ClosingTest.java:36)
	at sun.reflect.NativeMethodAccessorImpl.invoke0(Native Method)
	at sun.reflect.NativeMethodAccessorImpl.invoke(NativeMethodAccessorImpl.java:62)
	at sun.reflect.DelegatingMethodAccessorImpl.invoke(DelegatingMethodAccessorImpl.java:43)
	at java.lang.reflect.Method.invoke(Method.java:498)
	at org.junit.platform.commons.util.ReflectionUtils.invokeMethod(ReflectionUtils.java:725)
	at org.junit.jupiter.engine.execution.MethodInvocation.proceed(MethodInvocation.java:60)
	at org.junit.jupiter.engine.execution.InvocationInterceptorChain$ValidatingInvocation.proceed(InvocationInterceptorChain.java:131)
	at org.junit.jupiter.engine.extension.TimeoutExtension.intercept(TimeoutExtension.java:149)
	at org.junit.jupiter.engine.extension.TimeoutExtension.interceptTestableMethod(TimeoutExtension.java:140)
	at org.junit.jupiter.engine.extension.TimeoutExtension.interceptTestMethod(TimeoutExtension.java:84)
	at org.junit.jupiter.engine.execution.ExecutableInvoker$ReflectiveInterceptorCall.lambda$ofVoidMethod$0(ExecutableInvoker.java:115)
	at org.junit.jupiter.engine.execution.ExecutableInvoker.lambda$invoke$0(ExecutableInvoker.java:105)
	at org.junit.jupiter.engine.execution.InvocationInterceptorChain$InterceptedInvocation.proceed(InvocationInterceptorChain.java:106)
	at org.junit.jupiter.engine.execution.InvocationInterceptorChain.proceed(InvocationInterceptorChain.java:64)
	at org.junit.jupiter.engine.execution.InvocationInterceptorChain.chainAndInvoke(InvocationInterceptorChain.java:45)
	at org.junit.jupiter.engine.execution.InvocationInterceptorChain.invoke(InvocationInterceptorChain.java:37)
	at org.junit.jupiter.engine.execution.ExecutableInvoker.invoke(ExecutableInvoker.java:104)
	at org.junit.jupiter.engine.execution.ExecutableInvoker.invoke(ExecutableInvoker.java:98)
	at org.junit.jupiter.engine.descriptor.TestMethodTestDescriptor.lambda$invokeTestMethod$7(TestMethodTestDescriptor.java:214)
	at org.junit.platform.engine.support.hierarchical.ThrowableCollector.execute(ThrowableCollector.java:73)
	at org.junit.jupiter.engine.descriptor.TestMethodTestDescriptor.invokeTestMethod(TestMethodTestDescriptor.java:210)
	at org.junit.jupiter.engine.descriptor.TestMethodTestDescriptor.execute(TestMethodTestDescriptor.java:135)
	at org.junit.jupiter.engine.descriptor.TestMethodTestDescriptor.execute(TestMethodTestDescriptor.java:66)
	at org.junit.platform.engine.support.hierarchical.NodeTestTask.lambda$executeRecursively$6(NodeTestTask.java:151)
	at org.junit.platform.engine.support.hierarchical.ThrowableCollector.execute(ThrowableCollector.java:73)
	at org.junit.platform.engine.support.hierarchical.NodeTestTask.lambda$executeRecursively$8(NodeTestTask.java:141)
	at org.junit.platform.engine.support.hierarchical.Node.around(Node.java:137)
	at org.junit.platform.engine.support.hierarchical.NodeTestTask.lambda$executeRecursively$9(NodeTestTask.java:139)
	at org.junit.platform.engine.support.hierarchical.ThrowableCollector.execute(ThrowableCollector.java:73)
	at org.junit.platform.engine.support.hierarchical.NodeTestTask.executeRecursively(NodeTestTask.java:138)
	at org.junit.platform.engine.support.hierarchical.NodeTestTask.execute(NodeTestTask.java:95)
	at java.util.ArrayList.forEach(ArrayList.java:1259)
	at org.junit.platform.engine.support.hierarchical.SameThreadHierarchicalTestExecutorService.invokeAll(SameThreadHierarchicalTestExecutorService.java:41)
	at org.junit.platform.engine.support.hierarchical.NodeTestTask.lambda$executeRecursively$6(NodeTestTask.java:155)
	at org.junit.platform.engine.support.hierarchical.ThrowableCollector.execute(ThrowableCollector.java:73)
	at org.junit.platform.engine.support.hierarchical.NodeTestTask.lambda$executeRecursively$8(NodeTestTask.java:141)
	at org.junit.platform.engine.support.hierarchical.Node.around(Node.java:137)
	at org.junit.platform.engine.support.hierarchical.NodeTestTask.lambda$executeRecursively$9(NodeTestTask.java:139)
	at org.junit.platform.engine.support.hierarchical.ThrowableCollector.execute(ThrowableCollector.java:73)
	at org.junit.platform.engine.support.hierarchical.NodeTestTask.executeRecursively(NodeTestTask.java:138)
	at org.junit.platform.engine.support.hierarchical.NodeTestTask.execute(NodeTestTask.java:95)
	at java.util.ArrayList.forEach(ArrayList.java:1259)
	at org.junit.platform.engine.support.hierarchical.SameThreadHierarchicalTestExecutorService.invokeAll(SameThreadHierarchicalTestExecutorService.java:41)
	at org.junit.platform.engine.support.hierarchical.NodeTestTask.lambda$executeRecursively$6(NodeTestTask.java:155)
	at org.junit.platform.engine.support.hierarchical.ThrowableCollector.execute(ThrowableCollector.java:73)
	at org.junit.platform.engine.support.hierarchical.NodeTestTask.lambda$executeRecursively$8(NodeTestTask.java:141)
	at org.junit.platform.engine.support.hierarchical.Node.around(Node.java:137)
	at org.junit.platform.engine.support.hierarchical.NodeTestTask.lambda$executeRecursively$9(NodeTestTask.java:139)
	at org.junit.platform.engine.support.hierarchical.ThrowableCollector.execute(ThrowableCollector.java:73)
	at org.junit.platform.engine.support.hierarchical.NodeTestTask.executeRecursively(NodeTestTask.java:138)
	at org.junit.platform.engine.support.hierarchical.NodeTestTask.execute(NodeTestTask.java:95)
	at org.junit.platform.engine.support.hierarchical.SameThreadHierarchicalTestExecutorService.submit(SameThreadHierarchicalTestExecutorService.java:35)
	at org.junit.platform.engine.support.hierarchical.HierarchicalTestExecutor.execute(HierarchicalTestExecutor.java:57)
	at org.junit.platform.engine.support.hierarchical.HierarchicalTestEngine.execute(HierarchicalTestEngine.java:54)
	at org.junit.platform.launcher.core.DefaultLauncher.execute(DefaultLauncher.java:220)
	at org.junit.platform.launcher.core.DefaultLauncher.lambda$execute$6(DefaultLauncher.java:188)
	at org.junit.platform.launcher.core.DefaultLauncher.withInterceptedStreams(DefaultLauncher.java:202)
	at org.junit.platform.launcher.core.DefaultLauncher.execute(DefaultLauncher.java:181)
	at org.junit.platform.launcher.core.DefaultLauncher.execute(DefaultLauncher.java:128)
	at org.apache.maven.surefire.junitplatform.JUnitPlatformProvider.invokeAllTests(JUnitPlatformProvider.java:150)
	at org.apache.maven.surefire.junitplatform.JUnitPlatformProvider.invoke(JUnitPlatformProvider.java:124)
	at org.apache.maven.surefire.booter.ForkedBooter.invokeProviderInSameClassLoader(ForkedBooter.java:384)
	at org.apache.maven.surefire.booter.ForkedBooter.runSuitesInProcess(ForkedBooter.java:345)
	at org.apache.maven.surefire.booter.ForkedBooter.execute(ForkedBooter.java:126)
	at org.apache.maven.surefire.booter.ForkedBooter.main(ForkedBooter.java:418)
[INFO] Tests run: 4, Failures: 0, Errors: 0, Skipped: 0, Time elapsed: 973.236 s - in org.zalando.riptide.httpclient.ClosingTest
[INFO] Running org.zalando.riptide.httpclient.EmptyInputStreamTest
[INFO] Tests run: 1, Failures: 0, Errors: 0, Skipped: 0, Time elapsed: 4.401 s - in org.zalando.riptide.httpclient.EmptyInputStreamTest
[INFO] Running org.zalando.riptide.httpclient.ApacheClientHttpResponseBodyTest
[INFO] Tests run: 2, Failures: 0, Errors: 0, Skipped: 0, Time elapsed: 239.925 s - in org.zalando.riptide.httpclient.ApacheClientHttpResponseBodyTest
[INFO] Running org.zalando.riptide.httpclient.metrics.HttpConnectionPoolMetricsTest
[main] INFO org.eclipse.jetty.util.log - Logging initialized @2606ms to org.eclipse.jetty.util.log.Slf4jLog
[main] INFO org.eclipse.jetty.server.Server - jetty-9.4.44.v20210927; built: 2021-09-27T23:02:44.612Z; git: 8da83308eeca865e495e53ef315a249d63ba9332; jvm 1.8.0_312-b07
[main] INFO org.eclipse.jetty.server.AbstractConnector - Started ServerConnector@7d49a1a0{HTTP/1.1, (http/1.1)}{0.0.0.0:38973}
[main] INFO org.eclipse.jetty.server.Server - Started @2816ms
[qtp1348937989-19] INFO com.github.restdriver.clientdriver.jetty.DefaultClientDriverJettyHandler - Handling: GET /
[INFO] Tests run: 1, Failures: 0, Errors: 0, Skipped: 0, Time elapsed: 2,129.39 s - in org.zalando.riptide.httpclient.metrics.HttpConnectionPoolMetricsTest
[INFO] Running org.zalando.riptide.httpclient.BufferingApacheClientHttpRequestFactoryTest
[main] INFO org.eclipse.jetty.server.Server - jetty-9.4.44.v20210927; built: 2021-09-27T23:02:44.612Z; git: 8da83308eeca865e495e53ef315a249d63ba9332; jvm 1.8.0_312-b07
[main] INFO org.eclipse.jetty.server.AbstractConnector - Started ServerConnector@455e8356{HTTP/1.1, (http/1.1)}{0.0.0.0:40725}
[main] INFO org.eclipse.jetty.server.Server - Started @4788ms
[qtp563793321-30] INFO com.github.restdriver.clientdriver.jetty.DefaultClientDriverJettyHandler - Handling: GET /
[qtp563793321-26] INFO com.github.restdriver.clientdriver.jetty.DefaultClientDriverJettyHandler - Handling: GET /
[main] INFO org.eclipse.jetty.server.Server - jetty-9.4.44.v20210927; built: 2021-09-27T23:02:44.612Z; git: 8da83308eeca865e495e53ef315a249d63ba9332; jvm 1.8.0_312-b07
[main] INFO org.eclipse.jetty.server.AbstractConnector - Started ServerConnector@57a20e44{HTTP/1.1, (http/1.1)}{0.0.0.0:41423}
[main] INFO org.eclipse.jetty.server.Server - Started @5057ms
[qtp1749027493-40] INFO com.github.restdriver.clientdriver.jetty.DefaultClientDriverJettyHandler - Handling: POST /repos/zalando/riptide/contributors
[main] INFO org.eclipse.jetty.server.Server - jetty-9.4.44.v20210927; built: 2021-09-27T23:02:44.612Z; git: 8da83308eeca865e495e53ef315a249d63ba9332; jvm 1.8.0_312-b07
[main] INFO org.eclipse.jetty.server.AbstractConnector - Started ServerConnector@1d51de61{HTTP/1.1, (http/1.1)}{0.0.0.0:39169}
[main] INFO org.eclipse.jetty.server.Server - Started @5456ms
[qtp1259623032-48] INFO com.github.restdriver.clientdriver.jetty.DefaultClientDriverJettyHandler - Handling: GET /repos/zalando/riptide/contributors
[main] INFO org.eclipse.jetty.server.Server - jetty-9.4.44.v20210927; built: 2021-09-27T23:02:44.612Z; git: 8da83308eeca865e495e53ef315a249d63ba9332; jvm 1.8.0_312-b07
[main] INFO org.eclipse.jetty.server.AbstractConnector - Started ServerConnector@67c492fc{HTTP/1.1, (http/1.1)}{0.0.0.0:39431}
[main] INFO org.eclipse.jetty.server.Server - Started @5855ms
[main] INFO org.eclipse.jetty.server.Server - jetty-9.4.44.v20210927; built: 2021-09-27T23:02:44.612Z; git: 8da83308eeca865e495e53ef315a249d63ba9332; jvm 1.8.0_312-b07
[main] INFO org.eclipse.jetty.server.AbstractConnector - Started ServerConnector@10cd5b30{HTTP/1.1, (http/1.1)}{0.0.0.0:46601}
[main] INFO org.eclipse.jetty.server.Server - Started @5934ms
[qtp675700739-66] INFO com.github.restdriver.clientdriver.jetty.DefaultClientDriverJettyHandler - Handling: GET /wrong-content-type
[qtp675700739-60] INFO com.github.restdriver.clientdriver.jetty.DefaultClientDriverJettyHandler - Handling: GET /wrong-content-type
[main] INFO org.eclipse.jetty.server.Server - jetty-9.4.44.v20210927; built: 2021-09-27T23:02:44.612Z; git: 8da83308eeca865e495e53ef315a249d63ba9332; jvm 1.8.0_312-b07
[main] INFO org.eclipse.jetty.server.AbstractConnector - Started ServerConnector@3ff00c4c{HTTP/1.1, (http/1.1)}{0.0.0.0:42133}
[main] INFO org.eclipse.jetty.server.Server - Started @7008ms
[qtp171758591-75] INFO com.github.restdriver.clientdriver.jetty.DefaultClientDriverJettyHandler - Handling: GET /repos/zalando/riptide/contributors
[ERROR] Tests run: 6, Failures: 1, Errors: 0, Skipped: 0, Time elapsed: 2,345.608 s <<< FAILURE! - in org.zalando.riptide.httpclient.BufferingApacheClientHttpRequestFactoryTest
[ERROR] shouldReleaseConnection  Time elapsed: 138.845 s  <<< FAILURE!
org.opentest4j.AssertionFailedError: execution exceeded timeout of 750 ms by 130250 ms
	at org.junit.jupiter.api.AssertionUtils.fail(AssertionUtils.java:39)
	at org.junit.jupiter.api.Assertions.fail(Assertions.java:134)
	at org.junit.jupiter.api.AssertTimeout.assertTimeout(AssertTimeout.java:90)
	at org.junit.jupiter.api.AssertTimeout.assertTimeout(AssertTimeout.java:70)
	at org.junit.jupiter.api.AssertTimeout.assertTimeout(AssertTimeout.java:52)
	at org.junit.jupiter.api.AssertTimeout.assertTimeout(AssertTimeout.java:48)
	at org.junit.jupiter.api.Assertions.assertTimeout(Assertions.java:3261)
	at org.zalando.riptide.httpclient.AbstractApacheClientHttpRequestFactoryTest.shouldReleaseConnection(AbstractApacheClientHttpRequestFactoryTest.java:184)
	at sun.reflect.NativeMethodAccessorImpl.invoke0(Native Method)
	at sun.reflect.NativeMethodAccessorImpl.invoke(NativeMethodAccessorImpl.java:62)
	at sun.reflect.DelegatingMethodAccessorImpl.invoke(DelegatingMethodAccessorImpl.java:43)
	at java.lang.reflect.Method.invoke(Method.java:498)
	at org.junit.platform.commons.util.ReflectionUtils.invokeMethod(ReflectionUtils.java:725)
	at org.junit.jupiter.engine.execution.MethodInvocation.proceed(MethodInvocation.java:60)
	at org.junit.jupiter.engine.execution.InvocationInterceptorChain$ValidatingInvocation.proceed(InvocationInterceptorChain.java:131)
	at org.junit.jupiter.engine.extension.TimeoutExtension.intercept(TimeoutExtension.java:149)
	at org.junit.jupiter.engine.extension.TimeoutExtension.interceptTestableMethod(TimeoutExtension.java:140)
	at org.junit.jupiter.engine.extension.TimeoutExtension.interceptTestMethod(TimeoutExtension.java:84)
	at org.junit.jupiter.engine.execution.ExecutableInvoker$ReflectiveInterceptorCall.lambda$ofVoidMethod$0(ExecutableInvoker.java:115)
	at org.junit.jupiter.engine.execution.ExecutableInvoker.lambda$invoke$0(ExecutableInvoker.java:105)
	at org.junit.jupiter.engine.execution.InvocationInterceptorChain$InterceptedInvocation.proceed(InvocationInterceptorChain.java:106)
	at org.junit.jupiter.engine.execution.InvocationInterceptorChain.proceed(InvocationInterceptorChain.java:64)
	at org.junit.jupiter.engine.execution.InvocationInterceptorChain.chainAndInvoke(InvocationInterceptorChain.java:45)
	at org.junit.jupiter.engine.execution.InvocationInterceptorChain.invoke(InvocationInterceptorChain.java:37)
	at org.junit.jupiter.engine.execution.ExecutableInvoker.invoke(ExecutableInvoker.java:104)
	at org.junit.jupiter.engine.execution.ExecutableInvoker.invoke(ExecutableInvoker.java:98)
	at org.junit.jupiter.engine.descriptor.TestMethodTestDescriptor.lambda$invokeTestMethod$7(TestMethodTestDescriptor.java:214)
	at org.junit.platform.engine.support.hierarchical.ThrowableCollector.execute(ThrowableCollector.java:73)
	at org.junit.jupiter.engine.descriptor.TestMethodTestDescriptor.invokeTestMethod(TestMethodTestDescriptor.java:210)
	at org.junit.jupiter.engine.descriptor.TestMethodTestDescriptor.execute(TestMethodTestDescriptor.java:135)
	at org.junit.jupiter.engine.descriptor.TestMethodTestDescriptor.execute(TestMethodTestDescriptor.java:66)
	at org.junit.platform.engine.support.hierarchical.NodeTestTask.lambda$executeRecursively$6(NodeTestTask.java:151)
	at org.junit.platform.engine.support.hierarchical.ThrowableCollector.execute(ThrowableCollector.java:73)
	at org.junit.platform.engine.support.hierarchical.NodeTestTask.lambda$executeRecursively$8(NodeTestTask.java:141)
	at org.junit.platform.engine.support.hierarchical.Node.around(Node.java:137)
	at org.junit.platform.engine.support.hierarchical.NodeTestTask.lambda$executeRecursively$9(NodeTestTask.java:139)
	at org.junit.platform.engine.support.hierarchical.ThrowableCollector.execute(ThrowableCollector.java:73)
	at org.junit.platform.engine.support.hierarchical.NodeTestTask.executeRecursively(NodeTestTask.java:138)
	at org.junit.platform.engine.support.hierarchical.NodeTestTask.execute(NodeTestTask.java:95)
	at java.util.ArrayList.forEach(ArrayList.java:1259)
	at org.junit.platform.engine.support.hierarchical.SameThreadHierarchicalTestExecutorService.invokeAll(SameThreadHierarchicalTestExecutorService.java:41)
	at org.junit.platform.engine.support.hierarchical.NodeTestTask.lambda$executeRecursively$6(NodeTestTask.java:155)
	at org.junit.platform.engine.support.hierarchical.ThrowableCollector.execute(ThrowableCollector.java:73)
	at org.junit.platform.engine.support.hierarchical.NodeTestTask.lambda$executeRecursively$8(NodeTestTask.java:141)
	at org.junit.platform.engine.support.hierarchical.Node.around(Node.java:137)
	at org.junit.platform.engine.support.hierarchical.NodeTestTask.lambda$executeRecursively$9(NodeTestTask.java:139)
	at org.junit.platform.engine.support.hierarchical.ThrowableCollector.execute(ThrowableCollector.java:73)
	at org.junit.platform.engine.support.hierarchical.NodeTestTask.executeRecursively(NodeTestTask.java:138)
	at org.junit.platform.engine.support.hierarchical.NodeTestTask.execute(NodeTestTask.java:95)
	at java.util.ArrayList.forEach(ArrayList.java:1259)
	at org.junit.platform.engine.support.hierarchical.SameThreadHierarchicalTestExecutorService.invokeAll(SameThreadHierarchicalTestExecutorService.java:41)
	at org.junit.platform.engine.support.hierarchical.NodeTestTask.lambda$executeRecursively$6(NodeTestTask.java:155)
	at org.junit.platform.engine.support.hierarchical.ThrowableCollector.execute(ThrowableCollector.java:73)
	at org.junit.platform.engine.support.hierarchical.NodeTestTask.lambda$executeRecursively$8(NodeTestTask.java:141)
	at org.junit.platform.engine.support.hierarchical.Node.around(Node.java:137)
	at org.junit.platform.engine.support.hierarchical.NodeTestTask.lambda$executeRecursively$9(NodeTestTask.java:139)
	at org.junit.platform.engine.support.hierarchical.ThrowableCollector.execute(ThrowableCollector.java:73)
	at org.junit.platform.engine.support.hierarchical.NodeTestTask.executeRecursively(NodeTestTask.java:138)
	at org.junit.platform.engine.support.hierarchical.NodeTestTask.execute(NodeTestTask.java:95)
	at org.junit.platform.engine.support.hierarchical.SameThreadHierarchicalTestExecutorService.submit(SameThreadHierarchicalTestExecutorService.java:35)
	at org.junit.platform.engine.support.hierarchical.HierarchicalTestExecutor.execute(HierarchicalTestExecutor.java:57)
	at org.junit.platform.engine.support.hierarchical.HierarchicalTestEngine.execute(HierarchicalTestEngine.java:54)
	at org.junit.platform.launcher.core.DefaultLauncher.execute(DefaultLauncher.java:220)
	at org.junit.platform.launcher.core.DefaultLauncher.lambda$execute$6(DefaultLauncher.java:188)
	at org.junit.platform.launcher.core.DefaultLauncher.withInterceptedStreams(DefaultLauncher.java:202)
	at org.junit.platform.launcher.core.DefaultLauncher.execute(DefaultLauncher.java:181)
	at org.junit.platform.launcher.core.DefaultLauncher.execute(DefaultLauncher.java:128)
	at org.apache.maven.surefire.junitplatform.JUnitPlatformProvider.invokeAllTests(JUnitPlatformProvider.java:150)
	at org.apache.maven.surefire.junitplatform.JUnitPlatformProvider.invoke(JUnitPlatformProvider.java:124)
	at org.apache.maven.surefire.booter.ForkedBooter.invokeProviderInSameClassLoader(ForkedBooter.java:384)
	at org.apache.maven.surefire.booter.ForkedBooter.runSuitesInProcess(ForkedBooter.java:345)
	at org.apache.maven.surefire.booter.ForkedBooter.execute(ForkedBooter.java:126)
	at org.apache.maven.surefire.booter.ForkedBooter.main(ForkedBooter.java:418)

[INFO] Running org.zalando.riptide.httpclient.EndOfStreamAwareInputStreamTest
[INFO] Tests run: 6, Failures: 0, Errors: 0, Skipped: 0, Time elapsed: 0.043 s - in org.zalando.riptide.httpclient.EndOfStreamAwareInputStreamTest
[INFO] Running org.zalando.riptide.httpclient.StreamingApacheClientHttpRequestTest
[INFO] Tests run: 3, Failures: 0, Errors: 0, Skipped: 0, Time elapsed: 51.933 s - in org.zalando.riptide.httpclient.StreamingApacheClientHttpRequestTest
[INFO] Running org.zalando.riptide.httpclient.StreamingApacheClientHttpRequestFactoryTest
[main] INFO org.eclipse.jetty.server.Server - jetty-9.4.44.v20210927; built: 2021-09-27T23:02:44.612Z; git: 8da83308eeca865e495e53ef315a249d63ba9332; jvm 1.8.0_312-b07
[main] INFO org.eclipse.jetty.server.AbstractConnector - Started ServerConnector@5209c486{HTTP/1.1, (http/1.1)}{0.0.0.0:35993}
[main] INFO org.eclipse.jetty.server.Server - Started @7232ms
[qtp1341788185-84] INFO com.github.restdriver.clientdriver.jetty.DefaultClientDriverJettyHandler - Handling: GET /
[qtp1341788185-81] INFO com.github.restdriver.clientdriver.jetty.DefaultClientDriverJettyHandler - Handling: GET /
[main] INFO org.eclipse.jetty.server.Server - jetty-9.4.44.v20210927; built: 2021-09-27T23:02:44.612Z; git: 8da83308eeca865e495e53ef315a249d63ba9332; jvm 1.8.0_312-b07
[main] INFO org.eclipse.jetty.server.AbstractConnector - Started ServerConnector@7a1bcfb1{HTTP/1.1, (http/1.1)}{0.0.0.0:37217}
[main] INFO org.eclipse.jetty.server.Server - Started @7654ms
[qtp2074683736-95] INFO com.github.restdriver.clientdriver.jetty.DefaultClientDriverJettyHandler - Handling: POST /repos/zalando/riptide/contributors
[main] INFO org.eclipse.jetty.server.Server - jetty-9.4.44.v20210927; built: 2021-09-27T23:02:44.612Z; git: 8da83308eeca865e495e53ef315a249d63ba9332; jvm 1.8.0_312-b07
[main] INFO org.eclipse.jetty.server.AbstractConnector - Started ServerConnector@2e7e9897{HTTP/1.1, (http/1.1)}{0.0.0.0:32897}
[main] INFO org.eclipse.jetty.server.Server - Started @8134ms
[qtp316032166-104] INFO com.github.restdriver.clientdriver.jetty.DefaultClientDriverJettyHandler - Handling: GET /repos/zalando/riptide/contributors
[main] INFO org.eclipse.jetty.server.Server - jetty-9.4.44.v20210927; built: 2021-09-27T23:02:44.612Z; git: 8da83308eeca865e495e53ef315a249d63ba9332; jvm 1.8.0_312-b07
[main] INFO org.eclipse.jetty.server.AbstractConnector - Started ServerConnector@29ab7ccc{HTTP/1.1, (http/1.1)}{0.0.0.0:40855}
[main] INFO org.eclipse.jetty.server.Server - Started @8614ms
[main] INFO org.eclipse.jetty.server.Server - jetty-9.4.44.v20210927; built: 2021-09-27T23:02:44.612Z; git: 8da83308eeca865e495e53ef315a249d63ba9332; jvm 1.8.0_312-b07
[main] INFO org.eclipse.jetty.server.AbstractConnector - Started ServerConnector@71d85b53{HTTP/1.1, (http/1.1)}{0.0.0.0:43257}
[main] INFO org.eclipse.jetty.server.Server - Started @8829ms
[qtp914887867-121] INFO com.github.restdriver.clientdriver.jetty.DefaultClientDriverJettyHandler - Handling: GET /wrong-content-type
[qtp914887867-123] INFO com.github.restdriver.clientdriver.jetty.DefaultClientDriverJettyHandler - Handling: GET /wrong-content-type
[main] INFO org.eclipse.jetty.server.Server - jetty-9.4.44.v20210927; built: 2021-09-27T23:02:44.612Z; git: 8da83308eeca865e495e53ef315a249d63ba9332; jvm 1.8.0_312-b07
[main] INFO org.eclipse.jetty.server.AbstractConnector - Started ServerConnector@49e3bd37{HTTP/1.1, (http/1.1)}{0.0.0.0:46321}
[main] INFO org.eclipse.jetty.server.Server - Started @9647ms
[qtp262822187-131] INFO com.github.restdriver.clientdriver.jetty.DefaultClientDriverJettyHandler - Handling: GET /repos/zalando/riptide/contributors
[ERROR] Tests run: 6, Failures: 1, Errors: 0, Skipped: 0, Time elapsed: 2,597.918 s <<< FAILURE! - in org.zalando.riptide.httpclient.StreamingApacheClientHttpRequestFactoryTest
[ERROR] shouldReleaseConnection  Time elapsed: 224.828 s  <<< FAILURE!
org.opentest4j.AssertionFailedError: execution exceeded timeout of 750 ms by 207613 ms
	at org.junit.jupiter.api.AssertionUtils.fail(AssertionUtils.java:39)
	at org.junit.jupiter.api.Assertions.fail(Assertions.java:134)
	at org.junit.jupiter.api.AssertTimeout.assertTimeout(AssertTimeout.java:90)
	at org.junit.jupiter.api.AssertTimeout.assertTimeout(AssertTimeout.java:70)
	at org.junit.jupiter.api.AssertTimeout.assertTimeout(AssertTimeout.java:52)
	at org.junit.jupiter.api.AssertTimeout.assertTimeout(AssertTimeout.java:48)
	at org.junit.jupiter.api.Assertions.assertTimeout(Assertions.java:3261)
	at org.zalando.riptide.httpclient.AbstractApacheClientHttpRequestFactoryTest.shouldReleaseConnection(AbstractApacheClientHttpRequestFactoryTest.java:184)
	at sun.reflect.NativeMethodAccessorImpl.invoke0(Native Method)
	at sun.reflect.NativeMethodAccessorImpl.invoke(NativeMethodAccessorImpl.java:62)
	at sun.reflect.DelegatingMethodAccessorImpl.invoke(DelegatingMethodAccessorImpl.java:43)
	at java.lang.reflect.Method.invoke(Method.java:498)
	at org.junit.platform.commons.util.ReflectionUtils.invokeMethod(ReflectionUtils.java:725)
	at org.junit.jupiter.engine.execution.MethodInvocation.proceed(MethodInvocation.java:60)
	at org.junit.jupiter.engine.execution.InvocationInterceptorChain$ValidatingInvocation.proceed(InvocationInterceptorChain.java:131)
	at org.junit.jupiter.engine.extension.TimeoutExtension.intercept(TimeoutExtension.java:149)
	at org.junit.jupiter.engine.extension.TimeoutExtension.interceptTestableMethod(TimeoutExtension.java:140)
	at org.junit.jupiter.engine.extension.TimeoutExtension.interceptTestMethod(TimeoutExtension.java:84)
	at org.junit.jupiter.engine.execution.ExecutableInvoker$ReflectiveInterceptorCall.lambda$ofVoidMethod$0(ExecutableInvoker.java:115)
	at org.junit.jupiter.engine.execution.ExecutableInvoker.lambda$invoke$0(ExecutableInvoker.java:105)
	at org.junit.jupiter.engine.execution.InvocationInterceptorChain$InterceptedInvocation.proceed(InvocationInterceptorChain.java:106)
	at org.junit.jupiter.engine.execution.InvocationInterceptorChain.proceed(InvocationInterceptorChain.java:64)
	at org.junit.jupiter.engine.execution.InvocationInterceptorChain.chainAndInvoke(InvocationInterceptorChain.java:45)
	at org.junit.jupiter.engine.execution.InvocationInterceptorChain.invoke(InvocationInterceptorChain.java:37)
	at org.junit.jupiter.engine.execution.ExecutableInvoker.invoke(ExecutableInvoker.java:104)
	at org.junit.jupiter.engine.execution.ExecutableInvoker.invoke(ExecutableInvoker.java:98)
	at org.junit.jupiter.engine.descriptor.TestMethodTestDescriptor.lambda$invokeTestMethod$7(TestMethodTestDescriptor.java:214)
	at org.junit.platform.engine.support.hierarchical.ThrowableCollector.execute(ThrowableCollector.java:73)
	at org.junit.jupiter.engine.descriptor.TestMethodTestDescriptor.invokeTestMethod(TestMethodTestDescriptor.java:210)
	at org.junit.jupiter.engine.descriptor.TestMethodTestDescriptor.execute(TestMethodTestDescriptor.java:135)
	at org.junit.jupiter.engine.descriptor.TestMethodTestDescriptor.execute(TestMethodTestDescriptor.java:66)
	at org.junit.platform.engine.support.hierarchical.NodeTestTask.lambda$executeRecursively$6(NodeTestTask.java:151)
	at org.junit.platform.engine.support.hierarchical.ThrowableCollector.execute(ThrowableCollector.java:73)
	at org.junit.platform.engine.support.hierarchical.NodeTestTask.lambda$executeRecursively$8(NodeTestTask.java:141)
	at org.junit.platform.engine.support.hierarchical.Node.around(Node.java:137)
	at org.junit.platform.engine.support.hierarchical.NodeTestTask.lambda$executeRecursively$9(NodeTestTask.java:139)
	at org.junit.platform.engine.support.hierarchical.ThrowableCollector.execute(ThrowableCollector.java:73)
	at org.junit.platform.engine.support.hierarchical.NodeTestTask.executeRecursively(NodeTestTask.java:138)
	at org.junit.platform.engine.support.hierarchical.NodeTestTask.execute(NodeTestTask.java:95)
	at java.util.ArrayList.forEach(ArrayList.java:1259)
	at org.junit.platform.engine.support.hierarchical.SameThreadHierarchicalTestExecutorService.invokeAll(SameThreadHierarchicalTestExecutorService.java:41)
	at org.junit.platform.engine.support.hierarchical.NodeTestTask.lambda$executeRecursively$6(NodeTestTask.java:155)
	at org.junit.platform.engine.support.hierarchical.ThrowableCollector.execute(ThrowableCollector.java:73)
	at org.junit.platform.engine.support.hierarchical.NodeTestTask.lambda$executeRecursively$8(NodeTestTask.java:141)
	at org.junit.platform.engine.support.hierarchical.Node.around(Node.java:137)
	at org.junit.platform.engine.support.hierarchical.NodeTestTask.lambda$executeRecursively$9(NodeTestTask.java:139)
	at org.junit.platform.engine.support.hierarchical.ThrowableCollector.execute(ThrowableCollector.java:73)
	at org.junit.platform.engine.support.hierarchical.NodeTestTask.executeRecursively(NodeTestTask.java:138)
	at org.junit.platform.engine.support.hierarchical.NodeTestTask.execute(NodeTestTask.java:95)
	at java.util.ArrayList.forEach(ArrayList.java:1259)
	at org.junit.platform.engine.support.hierarchical.SameThreadHierarchicalTestExecutorService.invokeAll(SameThreadHierarchicalTestExecutorService.java:41)
	at org.junit.platform.engine.support.hierarchical.NodeTestTask.lambda$executeRecursively$6(NodeTestTask.java:155)
	at org.junit.platform.engine.support.hierarchical.ThrowableCollector.execute(ThrowableCollector.java:73)
	at org.junit.platform.engine.support.hierarchical.NodeTestTask.lambda$executeRecursively$8(NodeTestTask.java:141)
	at org.junit.platform.engine.support.hierarchical.Node.around(Node.java:137)
	at org.junit.platform.engine.support.hierarchical.NodeTestTask.lambda$executeRecursively$9(NodeTestTask.java:139)
	at org.junit.platform.engine.support.hierarchical.ThrowableCollector.execute(ThrowableCollector.java:73)
	at org.junit.platform.engine.support.hierarchical.NodeTestTask.executeRecursively(NodeTestTask.java:138)
	at org.junit.platform.engine.support.hierarchical.NodeTestTask.execute(NodeTestTask.java:95)
	at org.junit.platform.engine.support.hierarchical.SameThreadHierarchicalTestExecutorService.submit(SameThreadHierarchicalTestExecutorService.java:35)
	at org.junit.platform.engine.support.hierarchical.HierarchicalTestExecutor.execute(HierarchicalTestExecutor.java:57)
	at org.junit.platform.engine.support.hierarchical.HierarchicalTestEngine.execute(HierarchicalTestEngine.java:54)
	at org.junit.platform.launcher.core.DefaultLauncher.execute(DefaultLauncher.java:220)
	at org.junit.platform.launcher.core.DefaultLauncher.lambda$execute$6(DefaultLauncher.java:188)
	at org.junit.platform.launcher.core.DefaultLauncher.withInterceptedStreams(DefaultLauncher.java:202)
	at org.junit.platform.launcher.core.DefaultLauncher.execute(DefaultLauncher.java:181)
	at org.junit.platform.launcher.core.DefaultLauncher.execute(DefaultLauncher.java:128)
	at org.apache.maven.surefire.junitplatform.JUnitPlatformProvider.invokeAllTests(JUnitPlatformProvider.java:150)
	at org.apache.maven.surefire.junitplatform.JUnitPlatformProvider.invoke(JUnitPlatformProvider.java:124)
	at org.apache.maven.surefire.booter.ForkedBooter.invokeProviderInSameClassLoader(ForkedBooter.java:384)
	at org.apache.maven.surefire.booter.ForkedBooter.runSuitesInProcess(ForkedBooter.java:345)
	at org.apache.maven.surefire.booter.ForkedBooter.execute(ForkedBooter.java:126)
	at org.apache.maven.surefire.booter.ForkedBooter.main(ForkedBooter.java:418)

[INFO] 
[INFO] Results:
[INFO] 
[ERROR] Failures: 
[ERROR]   BufferingApacheClientHttpRequestFactoryTest>AbstractApacheClientHttpRequestFactoryTest.shouldReleaseConnection:184 execution exceeded timeout of 750 ms by 130250 ms
[ERROR]   StreamingApacheClientHttpRequestFactoryTest>AbstractApacheClientHttpRequestFactoryTest.shouldReleaseConnection:184 execution exceeded timeout of 750 ms by 207613 ms
[INFO] 
[ERROR] Tests run: 29, Failures: 2, Errors: 0, Skipped: 0
[INFO] 
[INFO] 
[INFO] ------------------------------------------------------------------------
[INFO] Skipping Riptide: Authorization
[INFO] This project has been banned from the build due to previous failures.
[INFO] ------------------------------------------------------------------------
[INFO] 
[INFO] ----------------------< org.zalando:riptide-bom >-----------------------
[INFO] Building Riptide: Bill of Materials 3.1.0-SNAPSHOT                [6/22]
[INFO] --------------------------------[ pom ]---------------------------------
[INFO] 
[INFO] --- maven-enforcer-plugin:3.0.0:enforce (enforce-maven) @ riptide-bom ---
[INFO] 
[INFO] --- duplicate-finder-maven-plugin:1.5.0:check (default) @ riptide-bom ---
[INFO] Ignoring POM project!
[INFO] 
[INFO] --- jacoco-maven-plugin:0.8.7:prepare-agent (prepare-agent) @ riptide-bom ---
[INFO] argLine set to -javaagent:/root/.m2/repository/org/jacoco/org.jacoco.agent/0.8.7/org.jacoco.agent-0.8.7-runtime.jar=destfile=/home/target/riptide-bom/target/jacoco.exec
[INFO] 
[INFO] ------------------------------------------------------------------------
[INFO] Skipping Riptide: Chaos
[INFO] This project has been banned from the build due to previous failures.
[INFO] ------------------------------------------------------------------------
[INFO] 
[INFO] --------------------< org.zalando:riptide-problem >---------------------
[INFO] Building Riptide: Problem 3.1.0-SNAPSHOT                          [7/22]
[INFO] --------------------------------[ jar ]---------------------------------
[INFO] 
[INFO] --- maven-enforcer-plugin:3.0.0:enforce (enforce-maven) @ riptide-problem ---
[INFO] 
[INFO] --- duplicate-finder-maven-plugin:1.5.0:check (default) @ riptide-problem ---
[INFO] Checking compile classpath
[INFO] Checking runtime classpath
[INFO] Checking test classpath
[INFO] 
[INFO] --- jacoco-maven-plugin:0.8.7:prepare-agent (prepare-agent) @ riptide-problem ---
[INFO] argLine set to -javaagent:/root/.m2/repository/org/jacoco/org.jacoco.agent/0.8.7/org.jacoco.agent-0.8.7-runtime.jar=destfile=/home/target/riptide-problem/target/jacoco.exec
[INFO] 
[INFO] --- maven-resources-plugin:3.2.0:resources (default-resources) @ riptide-problem ---
[INFO] Using 'UTF-8' encoding to copy filtered resources.
[INFO] Using 'UTF-8' encoding to copy filtered properties files.
[INFO] skip non existing resourceDirectory /home/target/riptide-problem/src/main/resources
[INFO] 
[INFO] --- maven-compiler-plugin:3.8.1:compile (default-compile) @ riptide-problem ---
[INFO] Nothing to compile - all classes are up to date
[INFO] 
[INFO] --- maven-resources-plugin:3.2.0:testResources (default-testResources) @ riptide-problem ---
[INFO] Using 'UTF-8' encoding to copy filtered resources.
[INFO] Using 'UTF-8' encoding to copy filtered properties files.
[INFO] Copying 1 resource
[INFO] 
[INFO] --- maven-compiler-plugin:3.8.1:testCompile (default-testCompile) @ riptide-problem ---
[INFO] Nothing to compile - all classes are up to date
[INFO] 
[INFO] --- maven-surefire-plugin:2.22.2:test (default-test) @ riptide-problem ---
[INFO] 
[INFO] -------------------------------------------------------
[INFO]  T E S T S
[INFO] -------------------------------------------------------
[INFO] Running org.zalando.riptide.problem.ProblemRouteTest
[INFO] Tests run: 7, Failures: 0, Errors: 0, Skipped: 0, Time elapsed: 2,401.197 s - in org.zalando.riptide.problem.ProblemRouteTest
[INFO] 
[INFO] Results:
[INFO] 
[INFO] Tests run: 7, Failures: 0, Errors: 0, Skipped: 0
[INFO] 
[INFO] 
[INFO] -----------------< org.zalando:riptide-compatibility >------------------
[INFO] Building Riptide: Compatibility 3.1.0-SNAPSHOT                    [8/22]
[INFO] --------------------------------[ jar ]---------------------------------
[INFO] 
[INFO] --- maven-enforcer-plugin:3.0.0:enforce (enforce-maven) @ riptide-compatibility ---
[INFO] 
[INFO] --- duplicate-finder-maven-plugin:1.5.0:check (default) @ riptide-compatibility ---
[INFO] Checking compile classpath
[INFO] Checking runtime classpath
[INFO] Checking test classpath
[INFO] 
[INFO] --- jacoco-maven-plugin:0.8.7:prepare-agent (prepare-agent) @ riptide-compatibility ---
[INFO] argLine set to -javaagent:/root/.m2/repository/org/jacoco/org.jacoco.agent/0.8.7/org.jacoco.agent-0.8.7-runtime.jar=destfile=/home/target/riptide-compatibility/target/jacoco.exec
[INFO] 
[INFO] --- maven-resources-plugin:3.2.0:resources (default-resources) @ riptide-compatibility ---
[INFO] Using 'UTF-8' encoding to copy filtered resources.
[INFO] Using 'UTF-8' encoding to copy filtered properties files.
[INFO] skip non existing resourceDirectory /home/target/riptide-compatibility/src/main/resources
[INFO] 
[INFO] --- maven-compiler-plugin:3.8.1:compile (default-compile) @ riptide-compatibility ---
[INFO] Nothing to compile - all classes are up to date
[INFO] 
[INFO] --- maven-resources-plugin:3.2.0:testResources (default-testResources) @ riptide-compatibility ---
[INFO] Using 'UTF-8' encoding to copy filtered resources.
[INFO] Using 'UTF-8' encoding to copy filtered properties files.
[INFO] skip non existing resourceDirectory /home/target/riptide-compatibility/src/test/resources
[INFO] 
[INFO] --- maven-compiler-plugin:3.8.1:testCompile (default-testCompile) @ riptide-compatibility ---
[INFO] Nothing to compile - all classes are up to date
[INFO] 
[INFO] --- maven-surefire-plugin:2.22.2:test (default-test) @ riptide-compatibility ---
[INFO] 
[INFO] -------------------------------------------------------
[INFO]  T E S T S
[INFO] -------------------------------------------------------
[INFO] Running org.zalando.riptide.compatibility.AsyncHttpOperationsTest
[main] INFO org.eclipse.jetty.util.log - Logging initialized @2087ms to org.eclipse.jetty.util.log.Slf4jLog
[main] INFO org.eclipse.jetty.server.Server - jetty-9.4.44.v20210927; built: 2021-09-27T23:02:44.612Z; git: 8da83308eeca865e495e53ef315a249d63ba9332; jvm 1.8.0_312-b07
[main] INFO org.eclipse.jetty.server.AbstractConnector - Started ServerConnector@31120021{HTTP/1.1, (http/1.1)}{0.0.0.0:42901}
[main] INFO org.eclipse.jetty.server.Server - Started @2461ms
[qtp2010546406-19] INFO com.github.restdriver.clientdriver.jetty.DefaultClientDriverJettyHandler - Handling: GET /users/1
[main] INFO com.github.restdriver.clientdriver.ClientDriver - Beginning verification
[main] INFO org.eclipse.jetty.server.AbstractConnector - Stopped ServerConnector@31120021{HTTP/1.1, (http/1.1)}{0.0.0.0:0}
[main] INFO com.github.restdriver.clientdriver.ClientDriver - Beginning verification
[main] INFO org.eclipse.jetty.server.Server - jetty-9.4.44.v20210927; built: 2021-09-27T23:02:44.612Z; git: 8da83308eeca865e495e53ef315a249d63ba9332; jvm 1.8.0_312-b07
[main] INFO org.eclipse.jetty.server.AbstractConnector - Started ServerConnector@51f91d19{HTTP/1.1, (http/1.1)}{0.0.0.0:42837}
[main] INFO org.eclipse.jetty.server.Server - Started @4391ms
[qtp387422846-30] INFO com.github.restdriver.clientdriver.jetty.DefaultClientDriverJettyHandler - Handling: GET /users/1
[main] INFO com.github.restdriver.clientdriver.ClientDriver - Beginning verification
[main] INFO org.eclipse.jetty.server.AbstractConnector - Stopped ServerConnector@51f91d19{HTTP/1.1, (http/1.1)}{0.0.0.0:0}
[main] INFO com.github.restdriver.clientdriver.ClientDriver - Beginning verification
[main] INFO org.eclipse.jetty.server.Server - jetty-9.4.44.v20210927; built: 2021-09-27T23:02:44.612Z; git: 8da83308eeca865e495e53ef315a249d63ba9332; jvm 1.8.0_312-b07
[main] INFO org.eclipse.jetty.server.AbstractConnector - Started ServerConnector@210e971e{HTTP/1.1, (http/1.1)}{0.0.0.0:39755}
[main] INFO org.eclipse.jetty.server.Server - Started @4535ms
[qtp1686518257-39] INFO com.github.restdriver.clientdriver.jetty.DefaultClientDriverJettyHandler - Handling: GET /users/1
[main] INFO com.github.restdriver.clientdriver.ClientDriver - Beginning verification
[main] INFO org.eclipse.jetty.server.AbstractConnector - Stopped ServerConnector@210e971e{HTTP/1.1, (http/1.1)}{0.0.0.0:0}
[main] INFO com.github.restdriver.clientdriver.ClientDriver - Beginning verification
[main] INFO org.eclipse.jetty.server.Server - jetty-9.4.44.v20210927; built: 2021-09-27T23:02:44.612Z; git: 8da83308eeca865e495e53ef315a249d63ba9332; jvm 1.8.0_312-b07
[main] INFO org.eclipse.jetty.server.AbstractConnector - Started ServerConnector@796434a3{HTTP/1.1, (http/1.1)}{0.0.0.0:38161}
[main] INFO org.eclipse.jetty.server.Server - Started @4674ms
[qtp355539698-50] INFO com.github.restdriver.clientdriver.jetty.DefaultClientDriverJettyHandler - Handling: PUT /users/1
[main] INFO com.github.restdriver.clientdriver.ClientDriver - Beginning verification
[main] INFO org.eclipse.jetty.server.AbstractConnector - Stopped ServerConnector@796434a3{HTTP/1.1, (http/1.1)}{0.0.0.0:0}
[main] INFO com.github.restdriver.clientdriver.ClientDriver - Beginning verification
[main] INFO org.eclipse.jetty.server.Server - jetty-9.4.44.v20210927; built: 2021-09-27T23:02:44.612Z; git: 8da83308eeca865e495e53ef315a249d63ba9332; jvm 1.8.0_312-b07
[main] INFO org.eclipse.jetty.server.AbstractConnector - Started ServerConnector@b45e264{HTTP/1.1, (http/1.1)}{0.0.0.0:42881}
[main] INFO org.eclipse.jetty.server.Server - Started @4769ms
[qtp75629578-60] INFO com.github.restdriver.clientdriver.jetty.DefaultClientDriverJettyHandler - Handling: PUT /users/1
[main] INFO com.github.restdriver.clientdriver.ClientDriver - Beginning verification
[main] INFO org.eclipse.jetty.server.AbstractConnector - Stopped ServerConnector@b45e264{HTTP/1.1, (http/1.1)}{0.0.0.0:0}
[main] INFO com.github.restdriver.clientdriver.ClientDriver - Beginning verification
[main] INFO org.eclipse.jetty.server.Server - jetty-9.4.44.v20210927; built: 2021-09-27T23:02:44.612Z; git: 8da83308eeca865e495e53ef315a249d63ba9332; jvm 1.8.0_312-b07
[main] INFO org.eclipse.jetty.server.AbstractConnector - Started ServerConnector@270a113f{HTTP/1.1, (http/1.1)}{0.0.0.0:42525}
[main] INFO org.eclipse.jetty.server.Server - Started @4923ms
[qtp7530502-68] INFO com.github.restdriver.clientdriver.jetty.DefaultClientDriverJettyHandler - Handling: PUT /users/1
[main] INFO com.github.restdriver.clientdriver.ClientDriver - Beginning verification
[main] INFO org.eclipse.jetty.server.AbstractConnector - Stopped ServerConnector@270a113f{HTTP/1.1, (http/1.1)}{0.0.0.0:0}
[main] INFO com.github.restdriver.clientdriver.ClientDriver - Beginning verification
[main] INFO org.eclipse.jetty.server.Server - jetty-9.4.44.v20210927; built: 2021-09-27T23:02:44.612Z; git: 8da83308eeca865e495e53ef315a249d63ba9332; jvm 1.8.0_312-b07
[main] INFO org.eclipse.jetty.server.AbstractConnector - Started ServerConnector@3e3b41cb{HTTP/1.1, (http/1.1)}{0.0.0.0:37825}
[main] INFO org.eclipse.jetty.server.Server - Started @5009ms
[qtp2141994208-79] INFO com.github.restdriver.clientdriver.jetty.DefaultClientDriverJettyHandler - Handling: POST /departments/1/users
[main] INFO com.github.restdriver.clientdriver.ClientDriver - Beginning verification
[main] INFO org.eclipse.jetty.server.AbstractConnector - Stopped ServerConnector@3e3b41cb{HTTP/1.1, (http/1.1)}{0.0.0.0:0}
[main] INFO com.github.restdriver.clientdriver.ClientDriver - Beginning verification
[main] INFO org.eclipse.jetty.server.Server - jetty-9.4.44.v20210927; built: 2021-09-27T23:02:44.612Z; git: 8da83308eeca865e495e53ef315a249d63ba9332; jvm 1.8.0_312-b07
[main] INFO org.eclipse.jetty.server.AbstractConnector - Started ServerConnector@6e1d939e{HTTP/1.1, (http/1.1)}{0.0.0.0:34133}
[main] INFO org.eclipse.jetty.server.Server - Started @5169ms
[qtp1607476060-85] INFO com.github.restdriver.clientdriver.jetty.DefaultClientDriverJettyHandler - Handling: POST /departments/1/users
[main] INFO com.github.restdriver.clientdriver.ClientDriver - Beginning verification
[main] INFO org.eclipse.jetty.server.AbstractConnector - Stopped ServerConnector@6e1d939e{HTTP/1.1, (http/1.1)}{0.0.0.0:0}
[main] INFO com.github.restdriver.clientdriver.ClientDriver - Beginning verification
[main] INFO org.eclipse.jetty.server.Server - jetty-9.4.44.v20210927; built: 2021-09-27T23:02:44.612Z; git: 8da83308eeca865e495e53ef315a249d63ba9332; jvm 1.8.0_312-b07
[main] INFO org.eclipse.jetty.server.AbstractConnector - Started ServerConnector@7ae5f795{HTTP/1.1, (http/1.1)}{0.0.0.0:35781}
[main] INFO org.eclipse.jetty.server.Server - Started @5422ms
[qtp800724421-99] INFO com.github.restdriver.clientdriver.jetty.DefaultClientDriverJettyHandler - Handling: POST /departments/1/users
[main] INFO com.github.restdriver.clientdriver.ClientDriver - Beginning verification
[main] INFO org.eclipse.jetty.server.AbstractConnector - Stopped ServerConnector@7ae5f795{HTTP/1.1, (http/1.1)}{0.0.0.0:0}
[main] INFO com.github.restdriver.clientdriver.ClientDriver - Beginning verification
[main] INFO org.eclipse.jetty.server.Server - jetty-9.4.44.v20210927; built: 2021-09-27T23:02:44.612Z; git: 8da83308eeca865e495e53ef315a249d63ba9332; jvm 1.8.0_312-b07
[main] INFO org.eclipse.jetty.server.AbstractConnector - Started ServerConnector@4c1f4817{HTTP/1.1, (http/1.1)}{0.0.0.0:45425}
[main] INFO org.eclipse.jetty.server.Server - Started @5474ms
[qtp466491867-109] INFO com.github.restdriver.clientdriver.jetty.DefaultClientDriverJettyHandler - Handling: DELETE /users/1
[main] INFO com.github.restdriver.clientdriver.ClientDriver - Beginning verification
[main] INFO org.eclipse.jetty.server.AbstractConnector - Stopped ServerConnector@4c1f4817{HTTP/1.1, (http/1.1)}{0.0.0.0:0}
[main] INFO com.github.restdriver.clientdriver.ClientDriver - Beginning verification
[main] INFO org.eclipse.jetty.server.Server - jetty-9.4.44.v20210927; built: 2021-09-27T23:02:44.612Z; git: 8da83308eeca865e495e53ef315a249d63ba9332; jvm 1.8.0_312-b07
[main] INFO org.eclipse.jetty.server.AbstractConnector - Started ServerConnector@2f5a23c1{HTTP/1.1, (http/1.1)}{0.0.0.0:33915}
[main] INFO org.eclipse.jetty.server.Server - Started @5533ms
[qtp1604007861-120] INFO com.github.restdriver.clientdriver.jetty.DefaultClientDriverJettyHandler - Handling: DELETE /users/1
[main] INFO com.github.restdriver.clientdriver.ClientDriver - Beginning verification
[main] INFO org.eclipse.jetty.server.AbstractConnector - Stopped ServerConnector@2f5a23c1{HTTP/1.1, (http/1.1)}{0.0.0.0:0}
[main] INFO com.github.restdriver.clientdriver.ClientDriver - Beginning verification
[main] INFO org.eclipse.jetty.server.Server - jetty-9.4.44.v20210927; built: 2021-09-27T23:02:44.612Z; git: 8da83308eeca865e495e53ef315a249d63ba9332; jvm 1.8.0_312-b07
[main] INFO org.eclipse.jetty.server.AbstractConnector - Started ServerConnector@550ce3a9{HTTP/1.1, (http/1.1)}{0.0.0.0:40857}
[main] INFO org.eclipse.jetty.server.Server - Started @5634ms
[qtp1375395104-129] INFO com.github.restdriver.clientdriver.jetty.DefaultClientDriverJettyHandler - Handling: DELETE /users/1
[main] INFO com.github.restdriver.clientdriver.ClientDriver - Beginning verification
[main] INFO org.eclipse.jetty.server.AbstractConnector - Stopped ServerConnector@550ce3a9{HTTP/1.1, (http/1.1)}{0.0.0.0:0}
[main] INFO com.github.restdriver.clientdriver.ClientDriver - Beginning verification
[main] INFO org.eclipse.jetty.server.Server - jetty-9.4.44.v20210927; built: 2021-09-27T23:02:44.612Z; git: 8da83308eeca865e495e53ef315a249d63ba9332; jvm 1.8.0_312-b07
[main] INFO org.eclipse.jetty.server.AbstractConnector - Started ServerConnector@4d5aeea7{HTTP/1.1, (http/1.1)}{0.0.0.0:44867}
[main] INFO org.eclipse.jetty.server.Server - Started @5730ms
[qtp1976075614-139] INFO com.github.restdriver.clientdriver.jetty.DefaultClientDriverJettyHandler - Handling: POST /departments/1/users
[main] INFO com.github.restdriver.clientdriver.ClientDriver - Beginning verification
[main] INFO org.eclipse.jetty.server.AbstractConnector - Stopped ServerConnector@4d5aeea7{HTTP/1.1, (http/1.1)}{0.0.0.0:0}
[main] INFO com.github.restdriver.clientdriver.ClientDriver - Beginning verification
[main] INFO org.eclipse.jetty.server.Server - jetty-9.4.44.v20210927; built: 2021-09-27T23:02:44.612Z; git: 8da83308eeca865e495e53ef315a249d63ba9332; jvm 1.8.0_312-b07
[main] INFO org.eclipse.jetty.server.AbstractConnector - Started ServerConnector@fbc1de9{HTTP/1.1, (http/1.1)}{0.0.0.0:36275}
[main] INFO org.eclipse.jetty.server.Server - Started @5841ms
[qtp952647931-150] INFO com.github.restdriver.clientdriver.jetty.DefaultClientDriverJettyHandler - Handling: POST /departments/1/users
[main] INFO com.github.restdriver.clientdriver.ClientDriver - Beginning verification
[main] INFO org.eclipse.jetty.server.AbstractConnector - Stopped ServerConnector@fbc1de9{HTTP/1.1, (http/1.1)}{0.0.0.0:0}
[main] INFO com.github.restdriver.clientdriver.ClientDriver - Beginning verification
[main] INFO org.eclipse.jetty.server.Server - jetty-9.4.44.v20210927; built: 2021-09-27T23:02:44.612Z; git: 8da83308eeca865e495e53ef315a249d63ba9332; jvm 1.8.0_312-b07
[main] INFO org.eclipse.jetty.server.AbstractConnector - Started ServerConnector@16cc5e51{HTTP/1.1, (http/1.1)}{0.0.0.0:46365}
[main] INFO org.eclipse.jetty.server.Server - Started @5930ms
[qtp1516032175-159] INFO com.github.restdriver.clientdriver.jetty.DefaultClientDriverJettyHandler - Handling: POST /departments/1/users
[main] INFO com.github.restdriver.clientdriver.ClientDriver - Beginning verification
[main] INFO org.eclipse.jetty.server.AbstractConnector - Stopped ServerConnector@16cc5e51{HTTP/1.1, (http/1.1)}{0.0.0.0:0}
[main] INFO com.github.restdriver.clientdriver.ClientDriver - Beginning verification
[main] INFO org.eclipse.jetty.server.Server - jetty-9.4.44.v20210927; built: 2021-09-27T23:02:44.612Z; git: 8da83308eeca865e495e53ef315a249d63ba9332; jvm 1.8.0_312-b07
[main] INFO org.eclipse.jetty.server.AbstractConnector - Started ServerConnector@54c15e{HTTP/1.1, (http/1.1)}{0.0.0.0:39003}
[main] INFO org.eclipse.jetty.server.Server - Started @6003ms
[qtp227072471-170] INFO com.github.restdriver.clientdriver.jetty.DefaultClientDriverJettyHandler - Handling: POST /departments/1/users
[main] INFO com.github.restdriver.clientdriver.ClientDriver - Beginning verification
[main] INFO org.eclipse.jetty.server.AbstractConnector - Stopped ServerConnector@54c15e{HTTP/1.1, (http/1.1)}{0.0.0.0:0}
[main] INFO com.github.restdriver.clientdriver.ClientDriver - Beginning verification
[main] INFO org.eclipse.jetty.server.Server - jetty-9.4.44.v20210927; built: 2021-09-27T23:02:44.612Z; git: 8da83308eeca865e495e53ef315a249d63ba9332; jvm 1.8.0_312-b07
[main] INFO org.eclipse.jetty.server.AbstractConnector - Started ServerConnector@121ec5c2{HTTP/1.1, (http/1.1)}{0.0.0.0:42665}
[main] INFO org.eclipse.jetty.server.Server - Started @6049ms
[qtp319123198-175] INFO com.github.restdriver.clientdriver.jetty.DefaultClientDriverJettyHandler - Handling: POST /departments/1/users
[main] INFO com.github.restdriver.clientdriver.ClientDriver - Beginning verification
[main] INFO org.eclipse.jetty.server.AbstractConnector - Stopped ServerConnector@121ec5c2{HTTP/1.1, (http/1.1)}{0.0.0.0:0}
[main] INFO com.github.restdriver.clientdriver.ClientDriver - Beginning verification
[main] INFO org.eclipse.jetty.server.Server - jetty-9.4.44.v20210927; built: 2021-09-27T23:02:44.612Z; git: 8da83308eeca865e495e53ef315a249d63ba9332; jvm 1.8.0_312-b07
[main] INFO org.eclipse.jetty.server.AbstractConnector - Started ServerConnector@1ef4179{HTTP/1.1, (http/1.1)}{0.0.0.0:34961}
[main] INFO org.eclipse.jetty.server.Server - Started @6127ms
[qtp595480281-189] INFO com.github.restdriver.clientdriver.jetty.DefaultClientDriverJettyHandler - Handling: POST /departments/1/users
[main] INFO com.github.restdriver.clientdriver.ClientDriver - Beginning verification
[main] INFO org.eclipse.jetty.server.AbstractConnector - Stopped ServerConnector@1ef4179{HTTP/1.1, (http/1.1)}{0.0.0.0:0}
[main] INFO com.github.restdriver.clientdriver.ClientDriver - Beginning verification
[main] INFO org.eclipse.jetty.server.Server - jetty-9.4.44.v20210927; built: 2021-09-27T23:02:44.612Z; git: 8da83308eeca865e495e53ef315a249d63ba9332; jvm 1.8.0_312-b07
[main] INFO org.eclipse.jetty.server.AbstractConnector - Started ServerConnector@1934a7c1{HTTP/1.1, (http/1.1)}{0.0.0.0:43367}
[main] INFO org.eclipse.jetty.server.Server - Started @6173ms
[qtp1858454754-199] INFO com.github.restdriver.clientdriver.jetty.DefaultClientDriverJettyHandler - Handling: GET /departments/1/users
[main] INFO com.github.restdriver.clientdriver.ClientDriver - Beginning verification
[main] INFO org.eclipse.jetty.server.AbstractConnector - Stopped ServerConnector@1934a7c1{HTTP/1.1, (http/1.1)}{0.0.0.0:0}
[main] INFO com.github.restdriver.clientdriver.ClientDriver - Beginning verification
[main] INFO org.eclipse.jetty.server.Server - jetty-9.4.44.v20210927; built: 2021-09-27T23:02:44.612Z; git: 8da83308eeca865e495e53ef315a249d63ba9332; jvm 1.8.0_312-b07
[main] INFO org.eclipse.jetty.server.AbstractConnector - Started ServerConnector@6dbe6891{HTTP/1.1, (http/1.1)}{0.0.0.0:46383}
[main] INFO org.eclipse.jetty.server.Server - Started @6257ms
[qtp1189861498-209] INFO com.github.restdriver.clientdriver.jetty.DefaultClientDriverJettyHandler - Handling: POST /departments/1/users
[main] INFO com.github.restdriver.clientdriver.ClientDriver - Beginning verification
[main] INFO org.eclipse.jetty.server.AbstractConnector - Stopped ServerConnector@6dbe6891{HTTP/1.1, (http/1.1)}{0.0.0.0:0}
[main] INFO com.github.restdriver.clientdriver.ClientDriver - Beginning verification
[main] INFO org.eclipse.jetty.server.Server - jetty-9.4.44.v20210927; built: 2021-09-27T23:02:44.612Z; git: 8da83308eeca865e495e53ef315a249d63ba9332; jvm 1.8.0_312-b07
[main] INFO org.eclipse.jetty.server.AbstractConnector - Started ServerConnector@4c0d7878{HTTP/1.1, (http/1.1)}{0.0.0.0:35191}
[main] INFO org.eclipse.jetty.server.Server - Started @6364ms
[qtp218004451-219] INFO com.github.restdriver.clientdriver.jetty.DefaultClientDriverJettyHandler - Handling: HEAD /users/1
[main] INFO com.github.restdriver.clientdriver.ClientDriver - Beginning verification
[main] INFO org.eclipse.jetty.server.AbstractConnector - Stopped ServerConnector@4c0d7878{HTTP/1.1, (http/1.1)}{0.0.0.0:0}
[main] INFO com.github.restdriver.clientdriver.ClientDriver - Beginning verification
[main] INFO org.eclipse.jetty.server.Server - jetty-9.4.44.v20210927; built: 2021-09-27T23:02:44.612Z; git: 8da83308eeca865e495e53ef315a249d63ba9332; jvm 1.8.0_312-b07
[main] INFO org.eclipse.jetty.server.AbstractConnector - Started ServerConnector@3a7deba5{HTTP/1.1, (http/1.1)}{0.0.0.0:32803}
[main] INFO org.eclipse.jetty.server.Server - Started @6551ms
[qtp21387540-229] INFO com.github.restdriver.clientdriver.jetty.DefaultClientDriverJettyHandler - Handling: HEAD /users/1
[main] INFO com.github.restdriver.clientdriver.ClientDriver - Beginning verification
[main] INFO org.eclipse.jetty.server.AbstractConnector - Stopped ServerConnector@3a7deba5{HTTP/1.1, (http/1.1)}{0.0.0.0:0}
[main] INFO com.github.restdriver.clientdriver.ClientDriver - Beginning verification
[main] INFO org.eclipse.jetty.server.Server - jetty-9.4.44.v20210927; built: 2021-09-27T23:02:44.612Z; git: 8da83308eeca865e495e53ef315a249d63ba9332; jvm 1.8.0_312-b07
[main] INFO org.eclipse.jetty.server.AbstractConnector - Started ServerConnector@202ed88d{HTTP/1.1, (http/1.1)}{0.0.0.0:39791}
[main] INFO org.eclipse.jetty.server.Server - Started @6698ms
[qtp22051779-239] INFO com.github.restdriver.clientdriver.jetty.DefaultClientDriverJettyHandler - Handling: HEAD /users/1
[main] INFO com.github.restdriver.clientdriver.ClientDriver - Beginning verification
[main] INFO org.eclipse.jetty.server.AbstractConnector - Stopped ServerConnector@202ed88d{HTTP/1.1, (http/1.1)}{0.0.0.0:0}
[main] INFO com.github.restdriver.clientdriver.ClientDriver - Beginning verification
[main] INFO org.eclipse.jetty.server.Server - jetty-9.4.44.v20210927; built: 2021-09-27T23:02:44.612Z; git: 8da83308eeca865e495e53ef315a249d63ba9332; jvm 1.8.0_312-b07
[main] INFO org.eclipse.jetty.server.AbstractConnector - Started ServerConnector@deb0c0e{HTTP/1.1, (http/1.1)}{0.0.0.0:34157}
[main] INFO org.eclipse.jetty.server.Server - Started @6763ms
[qtp1547671064-251] INFO com.github.restdriver.clientdriver.jetty.DefaultClientDriverJettyHandler - Handling: OPTIONS /users/1
[main] INFO com.github.restdriver.clientdriver.ClientDriver - Beginning verification
[main] INFO org.eclipse.jetty.server.AbstractConnector - Stopped ServerConnector@deb0c0e{HTTP/1.1, (http/1.1)}{0.0.0.0:0}
[main] INFO com.github.restdriver.clientdriver.ClientDriver - Beginning verification
[main] INFO org.eclipse.jetty.server.Server - jetty-9.4.44.v20210927; built: 2021-09-27T23:02:44.612Z; git: 8da83308eeca865e495e53ef315a249d63ba9332; jvm 1.8.0_312-b07
[main] INFO org.eclipse.jetty.server.AbstractConnector - Started ServerConnector@4e8e0052{HTTP/1.1, (http/1.1)}{0.0.0.0:44843}
[main] INFO org.eclipse.jetty.server.Server - Started @6835ms
[qtp432990189-259] INFO com.github.restdriver.clientdriver.jetty.DefaultClientDriverJettyHandler - Handling: OPTIONS /users/1
[main] INFO com.github.restdriver.clientdriver.ClientDriver - Beginning verification
[main] INFO org.eclipse.jetty.server.AbstractConnector - Stopped ServerConnector@4e8e0052{HTTP/1.1, (http/1.1)}{0.0.0.0:0}
[main] INFO com.github.restdriver.clientdriver.ClientDriver - Beginning verification
[main] INFO org.eclipse.jetty.server.Server - jetty-9.4.44.v20210927; built: 2021-09-27T23:02:44.612Z; git: 8da83308eeca865e495e53ef315a249d63ba9332; jvm 1.8.0_312-b07
[main] INFO org.eclipse.jetty.server.AbstractConnector - Started ServerConnector@26bd2d7d{HTTP/1.1, (http/1.1)}{0.0.0.0:40623}
[main] INFO org.eclipse.jetty.server.Server - Started @6905ms
[qtp2102828048-269] INFO com.github.restdriver.clientdriver.jetty.DefaultClientDriverJettyHandler - Handling: OPTIONS /users/1
[main] INFO com.github.restdriver.clientdriver.ClientDriver - Beginning verification
[main] INFO org.eclipse.jetty.server.AbstractConnector - Stopped ServerConnector@26bd2d7d{HTTP/1.1, (http/1.1)}{0.0.0.0:0}
[main] INFO com.github.restdriver.clientdriver.ClientDriver - Beginning verification
[main] INFO org.eclipse.jetty.server.Server - jetty-9.4.44.v20210927; built: 2021-09-27T23:02:44.612Z; git: 8da83308eeca865e495e53ef315a249d63ba9332; jvm 1.8.0_312-b07
[main] INFO org.eclipse.jetty.server.AbstractConnector - Started ServerConnector@cc41d2d{HTTP/1.1, (http/1.1)}{0.0.0.0:34681}
[main] INFO org.eclipse.jetty.server.Server - Started @7021ms
[main] INFO com.github.restdriver.clientdriver.ClientDriver - Beginning verification
[main] INFO org.eclipse.jetty.server.AbstractConnector - Stopped ServerConnector@cc41d2d{HTTP/1.1, (http/1.1)}{0.0.0.0:0}
[main] INFO com.github.restdriver.clientdriver.ClientDriver - Beginning verification
[INFO] Tests run: 27, Failures: 0, Errors: 0, Skipped: 0, Time elapsed: 5,138.974 s - in org.zalando.riptide.compatibility.AsyncHttpOperationsTest
[INFO] Running org.zalando.riptide.compatibility.HttpOutputMessageClientHttpRequestAdapterTest
[INFO] Tests run: 4, Failures: 0, Errors: 0, Skipped: 0, Time elapsed: 651.107 s - in org.zalando.riptide.compatibility.HttpOutputMessageClientHttpRequestAdapterTest
[INFO] Running org.zalando.riptide.compatibility.CompletableToListenableFutureAdapterTest
[INFO] Tests run: 4, Failures: 0, Errors: 0, Skipped: 0, Time elapsed: 155.116 s - in org.zalando.riptide.compatibility.CompletableToListenableFutureAdapterTest
[INFO] Running org.zalando.riptide.compatibility.HttpOperationsTest
[main] INFO org.eclipse.jetty.server.Server - jetty-9.4.44.v20210927; built: 2021-09-27T23:02:44.612Z; git: 8da83308eeca865e495e53ef315a249d63ba9332; jvm 1.8.0_312-b07
[main] INFO org.eclipse.jetty.server.AbstractConnector - Started ServerConnector@652f3a8c{HTTP/1.1, (http/1.1)}{0.0.0.0:41185}
[main] INFO org.eclipse.jetty.server.Server - Started @7910ms
[qtp118112620-288] INFO com.github.restdriver.clientdriver.jetty.DefaultClientDriverJettyHandler - Handling: GET /users/1
[main] INFO com.github.restdriver.clientdriver.ClientDriver - Beginning verification
[main] INFO org.eclipse.jetty.server.AbstractConnector - Stopped ServerConnector@652f3a8c{HTTP/1.1, (http/1.1)}{0.0.0.0:0}
[main] INFO com.github.restdriver.clientdriver.ClientDriver - Beginning verification
[main] INFO org.eclipse.jetty.server.Server - jetty-9.4.44.v20210927; built: 2021-09-27T23:02:44.612Z; git: 8da83308eeca865e495e53ef315a249d63ba9332; jvm 1.8.0_312-b07
[main] INFO org.eclipse.jetty.server.AbstractConnector - Started ServerConnector@751661b{HTTP/1.1, (http/1.1)}{0.0.0.0:39645}
[main] INFO org.eclipse.jetty.server.Server - Started @8009ms
[qtp1121364616-298] INFO com.github.restdriver.clientdriver.jetty.DefaultClientDriverJettyHandler - Handling: GET /users/1
[main] INFO com.github.restdriver.clientdriver.ClientDriver - Beginning verification
[main] INFO org.eclipse.jetty.server.AbstractConnector - Stopped ServerConnector@751661b{HTTP/1.1, (http/1.1)}{0.0.0.0:0}
[main] INFO com.github.restdriver.clientdriver.ClientDriver - Beginning verification
[main] INFO org.eclipse.jetty.server.Server - jetty-9.4.44.v20210927; built: 2021-09-27T23:02:44.612Z; git: 8da83308eeca865e495e53ef315a249d63ba9332; jvm 1.8.0_312-b07
[main] INFO org.eclipse.jetty.server.AbstractConnector - Started ServerConnector@60a07d77{HTTP/1.1, (http/1.1)}{0.0.0.0:41557}
[main] INFO org.eclipse.jetty.server.Server - Started @8141ms
[qtp421115312-307] INFO com.github.restdriver.clientdriver.jetty.DefaultClientDriverJettyHandler - Handling: GET /users/1
[main] INFO com.github.restdriver.clientdriver.ClientDriver - Beginning verification
[main] INFO org.eclipse.jetty.server.AbstractConnector - Stopped ServerConnector@60a07d77{HTTP/1.1, (http/1.1)}{0.0.0.0:0}
[main] INFO com.github.restdriver.clientdriver.ClientDriver - Beginning verification
[main] INFO org.eclipse.jetty.server.Server - jetty-9.4.44.v20210927; built: 2021-09-27T23:02:44.612Z; git: 8da83308eeca865e495e53ef315a249d63ba9332; jvm 1.8.0_312-b07
[main] INFO org.eclipse.jetty.server.AbstractConnector - Started ServerConnector@119aabf3{HTTP/1.1, (http/1.1)}{0.0.0.0:36585}
[main] INFO org.eclipse.jetty.server.Server - Started @8224ms
[qtp1644733976-317] INFO com.github.restdriver.clientdriver.jetty.DefaultClientDriverJettyHandler - Handling: GET /users/1
[main] INFO com.github.restdriver.clientdriver.ClientDriver - Beginning verification
[main] INFO org.eclipse.jetty.server.AbstractConnector - Stopped ServerConnector@119aabf3{HTTP/1.1, (http/1.1)}{0.0.0.0:0}
[main] INFO com.github.restdriver.clientdriver.ClientDriver - Beginning verification
[main] INFO org.eclipse.jetty.server.Server - jetty-9.4.44.v20210927; built: 2021-09-27T23:02:44.612Z; git: 8da83308eeca865e495e53ef315a249d63ba9332; jvm 1.8.0_312-b07
[main] INFO org.eclipse.jetty.server.AbstractConnector - Started ServerConnector@4d12e75d{HTTP/1.1, (http/1.1)}{0.0.0.0:36041}
[main] INFO org.eclipse.jetty.server.Server - Started @8350ms
[qtp70704621-328] INFO com.github.restdriver.clientdriver.jetty.DefaultClientDriverJettyHandler - Handling: GET /users/1
[main] INFO com.github.restdriver.clientdriver.ClientDriver - Beginning verification
[main] INFO org.eclipse.jetty.server.AbstractConnector - Stopped ServerConnector@4d12e75d{HTTP/1.1, (http/1.1)}{0.0.0.0:0}
[main] INFO com.github.restdriver.clientdriver.ClientDriver - Beginning verification
[main] INFO org.eclipse.jetty.server.Server - jetty-9.4.44.v20210927; built: 2021-09-27T23:02:44.612Z; git: 8da83308eeca865e495e53ef315a249d63ba9332; jvm 1.8.0_312-b07
[main] INFO org.eclipse.jetty.server.AbstractConnector - Started ServerConnector@6f46764d{HTTP/1.1, (http/1.1)}{0.0.0.0:38755}
[main] INFO org.eclipse.jetty.server.Server - Started @8402ms
[qtp927669637-337] INFO com.github.restdriver.clientdriver.jetty.DefaultClientDriverJettyHandler - Handling: GET /users/1
[main] INFO com.github.restdriver.clientdriver.ClientDriver - Beginning verification
[main] INFO org.eclipse.jetty.server.AbstractConnector - Stopped ServerConnector@6f46764d{HTTP/1.1, (http/1.1)}{0.0.0.0:0}
[main] INFO com.github.restdriver.clientdriver.ClientDriver - Beginning verification
[main] INFO org.eclipse.jetty.server.Server - jetty-9.4.44.v20210927; built: 2021-09-27T23:02:44.612Z; git: 8da83308eeca865e495e53ef315a249d63ba9332; jvm 1.8.0_312-b07
[main] INFO org.eclipse.jetty.server.AbstractConnector - Started ServerConnector@6fffad6d{HTTP/1.1, (http/1.1)}{0.0.0.0:39407}
[main] INFO org.eclipse.jetty.server.Server - Started @8625ms
[qtp189947450-346] INFO com.github.restdriver.clientdriver.jetty.DefaultClientDriverJettyHandler - Handling: PUT /users/1
[main] INFO com.github.restdriver.clientdriver.ClientDriver - Beginning verification
[main] INFO org.eclipse.jetty.server.AbstractConnector - Stopped ServerConnector@6fffad6d{HTTP/1.1, (http/1.1)}{0.0.0.0:0}
[main] INFO com.github.restdriver.clientdriver.ClientDriver - Beginning verification
[main] INFO org.eclipse.jetty.server.Server - jetty-9.4.44.v20210927; built: 2021-09-27T23:02:44.612Z; git: 8da83308eeca865e495e53ef315a249d63ba9332; jvm 1.8.0_312-b07
[main] INFO org.eclipse.jetty.server.AbstractConnector - Started ServerConnector@19507769{HTTP/1.1, (http/1.1)}{0.0.0.0:39251}
[main] INFO org.eclipse.jetty.server.Server - Started @8814ms
[qtp673064503-356] INFO com.github.restdriver.clientdriver.jetty.DefaultClientDriverJettyHandler - Handling: PUT /users/1
[main] INFO com.github.restdriver.clientdriver.ClientDriver - Beginning verification
[main] INFO org.eclipse.jetty.server.AbstractConnector - Stopped ServerConnector@19507769{HTTP/1.1, (http/1.1)}{0.0.0.0:0}
[main] INFO com.github.restdriver.clientdriver.ClientDriver - Beginning verification
[main] INFO org.eclipse.jetty.server.Server - jetty-9.4.44.v20210927; built: 2021-09-27T23:02:44.612Z; git: 8da83308eeca865e495e53ef315a249d63ba9332; jvm 1.8.0_312-b07
[main] INFO org.eclipse.jetty.server.AbstractConnector - Started ServerConnector@39b704f7{HTTP/1.1, (http/1.1)}{0.0.0.0:33157}
[main] INFO org.eclipse.jetty.server.Server - Started @8934ms
[qtp1843348227-367] INFO com.github.restdriver.clientdriver.jetty.DefaultClientDriverJettyHandler - Handling: PUT /users/1
[main] INFO com.github.restdriver.clientdriver.ClientDriver - Beginning verification
[main] INFO org.eclipse.jetty.server.AbstractConnector - Stopped ServerConnector@39b704f7{HTTP/1.1, (http/1.1)}{0.0.0.0:0}
[main] INFO com.github.restdriver.clientdriver.ClientDriver - Beginning verification
[main] INFO org.eclipse.jetty.server.Server - jetty-9.4.44.v20210927; built: 2021-09-27T23:02:44.612Z; git: 8da83308eeca865e495e53ef315a249d63ba9332; jvm 1.8.0_312-b07
[main] INFO org.eclipse.jetty.server.AbstractConnector - Started ServerConnector@6c303cdc{HTTP/1.1, (http/1.1)}{0.0.0.0:40863}
[main] INFO org.eclipse.jetty.server.Server - Started @9019ms
[qtp270929666-379] INFO com.github.restdriver.clientdriver.jetty.DefaultClientDriverJettyHandler - Handling: POST /departments/1/users
[main] INFO com.github.restdriver.clientdriver.ClientDriver - Beginning verification
[main] INFO org.eclipse.jetty.server.AbstractConnector - Stopped ServerConnector@6c303cdc{HTTP/1.1, (http/1.1)}{0.0.0.0:0}
[main] INFO com.github.restdriver.clientdriver.ClientDriver - Beginning verification
[main] INFO org.eclipse.jetty.server.Server - jetty-9.4.44.v20210927; built: 2021-09-27T23:02:44.612Z; git: 8da83308eeca865e495e53ef315a249d63ba9332; jvm 1.8.0_312-b07
[main] INFO org.eclipse.jetty.server.AbstractConnector - Started ServerConnector@7ec00f98{HTTP/1.1, (http/1.1)}{0.0.0.0:36879}
[main] INFO org.eclipse.jetty.server.Server - Started @9142ms
[qtp2058855659-388] INFO com.github.restdriver.clientdriver.jetty.DefaultClientDriverJettyHandler - Handling: POST /departments/1/users
[main] INFO com.github.restdriver.clientdriver.ClientDriver - Beginning verification
[main] INFO org.eclipse.jetty.server.AbstractConnector - Stopped ServerConnector@7ec00f98{HTTP/1.1, (http/1.1)}{0.0.0.0:0}
[main] INFO com.github.restdriver.clientdriver.ClientDriver - Beginning verification
[main] INFO org.eclipse.jetty.server.Server - jetty-9.4.44.v20210927; built: 2021-09-27T23:02:44.612Z; git: 8da83308eeca865e495e53ef315a249d63ba9332; jvm 1.8.0_312-b07
[main] INFO org.eclipse.jetty.server.AbstractConnector - Started ServerConnector@196e494d{HTTP/1.1, (http/1.1)}{0.0.0.0:35925}
[main] INFO org.eclipse.jetty.server.Server - Started @9181ms
[qtp2131088063-397] INFO com.github.restdriver.clientdriver.jetty.DefaultClientDriverJettyHandler - Handling: POST /departments/1/users
[main] INFO com.github.restdriver.clientdriver.ClientDriver - Beginning verification
[main] INFO org.eclipse.jetty.server.AbstractConnector - Stopped ServerConnector@196e494d{HTTP/1.1, (http/1.1)}{0.0.0.0:0}
[main] INFO com.github.restdriver.clientdriver.ClientDriver - Beginning verification
[main] INFO org.eclipse.jetty.server.Server - jetty-9.4.44.v20210927; built: 2021-09-27T23:02:44.612Z; git: 8da83308eeca865e495e53ef315a249d63ba9332; jvm 1.8.0_312-b07
[main] INFO org.eclipse.jetty.server.AbstractConnector - Started ServerConnector@1fc892c{HTTP/1.1, (http/1.1)}{0.0.0.0:32971}
[main] INFO org.eclipse.jetty.server.Server - Started @9275ms
[qtp1846728894-407] INFO com.github.restdriver.clientdriver.jetty.DefaultClientDriverJettyHandler - Handling: DELETE /users/1
[main] INFO com.github.restdriver.clientdriver.ClientDriver - Beginning verification
[main] INFO org.eclipse.jetty.server.AbstractConnector - Stopped ServerConnector@1fc892c{HTTP/1.1, (http/1.1)}{0.0.0.0:0}
[main] INFO com.github.restdriver.clientdriver.ClientDriver - Beginning verification
[main] INFO org.eclipse.jetty.server.Server - jetty-9.4.44.v20210927; built: 2021-09-27T23:02:44.612Z; git: 8da83308eeca865e495e53ef315a249d63ba9332; jvm 1.8.0_312-b07
[main] INFO org.eclipse.jetty.server.AbstractConnector - Started ServerConnector@42a4e5cb{HTTP/1.1, (http/1.1)}{0.0.0.0:39957}
[main] INFO org.eclipse.jetty.server.Server - Started @9435ms
[qtp178210337-417] INFO com.github.restdriver.clientdriver.jetty.DefaultClientDriverJettyHandler - Handling: DELETE /users/1
[main] INFO com.github.restdriver.clientdriver.ClientDriver - Beginning verification
[main] INFO org.eclipse.jetty.server.AbstractConnector - Stopped ServerConnector@42a4e5cb{HTTP/1.1, (http/1.1)}{0.0.0.0:0}
[main] INFO com.github.restdriver.clientdriver.ClientDriver - Beginning verification
[main] INFO org.eclipse.jetty.server.Server - jetty-9.4.44.v20210927; built: 2021-09-27T23:02:44.612Z; git: 8da83308eeca865e495e53ef315a249d63ba9332; jvm 1.8.0_312-b07
[main] INFO org.eclipse.jetty.server.AbstractConnector - Started ServerConnector@709de434{HTTP/1.1, (http/1.1)}{0.0.0.0:46431}
[main] INFO org.eclipse.jetty.server.Server - Started @9488ms
[qtp473977770-425] INFO com.github.restdriver.clientdriver.jetty.DefaultClientDriverJettyHandler - Handling: DELETE /users/1
[main] INFO com.github.restdriver.clientdriver.ClientDriver - Beginning verification
[main] INFO org.eclipse.jetty.server.AbstractConnector - Stopped ServerConnector@709de434{HTTP/1.1, (http/1.1)}{0.0.0.0:0}
[main] INFO com.github.restdriver.clientdriver.ClientDriver - Beginning verification
[main] INFO org.eclipse.jetty.server.Server - jetty-9.4.44.v20210927; built: 2021-09-27T23:02:44.612Z; git: 8da83308eeca865e495e53ef315a249d63ba9332; jvm 1.8.0_312-b07
[main] INFO org.eclipse.jetty.server.AbstractConnector - Started ServerConnector@15329cf9{HTTP/1.1, (http/1.1)}{0.0.0.0:41293}
[main] INFO org.eclipse.jetty.server.Server - Started @9554ms
[qtp228068780-437] INFO com.github.restdriver.clientdriver.jetty.DefaultClientDriverJettyHandler - Handling: POST /departments/1/users
[main] INFO com.github.restdriver.clientdriver.ClientDriver - Beginning verification
[main] INFO org.eclipse.jetty.server.AbstractConnector - Stopped ServerConnector@15329cf9{HTTP/1.1, (http/1.1)}{0.0.0.0:0}
[main] INFO com.github.restdriver.clientdriver.ClientDriver - Beginning verification
[main] INFO org.eclipse.jetty.server.Server - jetty-9.4.44.v20210927; built: 2021-09-27T23:02:44.612Z; git: 8da83308eeca865e495e53ef315a249d63ba9332; jvm 1.8.0_312-b07
[main] INFO org.eclipse.jetty.server.AbstractConnector - Started ServerConnector@2945a3c1{HTTP/1.1, (http/1.1)}{0.0.0.0:35631}
[main] INFO org.eclipse.jetty.server.Server - Started @9634ms
[qtp1977822284-447] INFO com.github.restdriver.clientdriver.jetty.DefaultClientDriverJettyHandler - Handling: POST /departments/1/users
[main] INFO com.github.restdriver.clientdriver.ClientDriver - Beginning verification
[main] INFO org.eclipse.jetty.server.AbstractConnector - Stopped ServerConnector@2945a3c1{HTTP/1.1, (http/1.1)}{0.0.0.0:0}
[main] INFO com.github.restdriver.clientdriver.ClientDriver - Beginning verification
[main] INFO org.eclipse.jetty.server.Server - jetty-9.4.44.v20210927; built: 2021-09-27T23:02:44.612Z; git: 8da83308eeca865e495e53ef315a249d63ba9332; jvm 1.8.0_312-b07
[main] INFO org.eclipse.jetty.server.AbstractConnector - Started ServerConnector@3b63f49e{HTTP/1.1, (http/1.1)}{0.0.0.0:39447}
[main] INFO org.eclipse.jetty.server.Server - Started @9683ms
[qtp743142522-456] INFO com.github.restdriver.clientdriver.jetty.DefaultClientDriverJettyHandler - Handling: POST /departments/1/users
[main] INFO com.github.restdriver.clientdriver.ClientDriver - Beginning verification
[main] INFO org.eclipse.jetty.server.AbstractConnector - Stopped ServerConnector@3b63f49e{HTTP/1.1, (http/1.1)}{0.0.0.0:0}
[main] INFO com.github.restdriver.clientdriver.ClientDriver - Beginning verification
[main] INFO org.eclipse.jetty.server.Server - jetty-9.4.44.v20210927; built: 2021-09-27T23:02:44.612Z; git: 8da83308eeca865e495e53ef315a249d63ba9332; jvm 1.8.0_312-b07
[main] INFO org.eclipse.jetty.server.AbstractConnector - Started ServerConnector@29abec7e{HTTP/1.1, (http/1.1)}{0.0.0.0:40117}
[main] INFO org.eclipse.jetty.server.Server - Started @9800ms
[qtp1512097170-467] INFO com.github.restdriver.clientdriver.jetty.DefaultClientDriverJettyHandler - Handling: POST /departments/1/users
[main] INFO com.github.restdriver.clientdriver.ClientDriver - Beginning verification
[main] INFO org.eclipse.jetty.server.AbstractConnector - Stopped ServerConnector@29abec7e{HTTP/1.1, (http/1.1)}{0.0.0.0:0}
[main] INFO com.github.restdriver.clientdriver.ClientDriver - Beginning verification
[main] INFO org.eclipse.jetty.server.Server - jetty-9.4.44.v20210927; built: 2021-09-27T23:02:44.612Z; git: 8da83308eeca865e495e53ef315a249d63ba9332; jvm 1.8.0_312-b07
[main] INFO org.eclipse.jetty.server.AbstractConnector - Started ServerConnector@1448e2b6{HTTP/1.1, (http/1.1)}{0.0.0.0:38301}
[main] INFO org.eclipse.jetty.server.Server - Started @9874ms
[qtp1538161275-477] INFO com.github.restdriver.clientdriver.jetty.DefaultClientDriverJettyHandler - Handling: POST /departments/1/users
[main] INFO com.github.restdriver.clientdriver.ClientDriver - Beginning verification
[main] INFO org.eclipse.jetty.server.AbstractConnector - Stopped ServerConnector@1448e2b6{HTTP/1.1, (http/1.1)}{0.0.0.0:0}
[main] INFO com.github.restdriver.clientdriver.ClientDriver - Beginning verification
[main] INFO org.eclipse.jetty.server.Server - jetty-9.4.44.v20210927; built: 2021-09-27T23:02:44.612Z; git: 8da83308eeca865e495e53ef315a249d63ba9332; jvm 1.8.0_312-b07
[main] INFO org.eclipse.jetty.server.AbstractConnector - Started ServerConnector@721fc0bb{HTTP/1.1, (http/1.1)}{0.0.0.0:45889}
[main] INFO org.eclipse.jetty.server.Server - Started @9956ms
[qtp1407090873-487] INFO com.github.restdriver.clientdriver.jetty.DefaultClientDriverJettyHandler - Handling: POST /departments/1/users
[main] INFO com.github.restdriver.clientdriver.ClientDriver - Beginning verification
[main] INFO org.eclipse.jetty.server.AbstractConnector - Stopped ServerConnector@721fc0bb{HTTP/1.1, (http/1.1)}{0.0.0.0:0}
[main] INFO com.github.restdriver.clientdriver.ClientDriver - Beginning verification
[main] INFO org.eclipse.jetty.server.Server - jetty-9.4.44.v20210927; built: 2021-09-27T23:02:44.612Z; git: 8da83308eeca865e495e53ef315a249d63ba9332; jvm 1.8.0_312-b07
[main] INFO org.eclipse.jetty.server.AbstractConnector - Started ServerConnector@17b4d5ab{HTTP/1.1, (http/1.1)}{0.0.0.0:45537}
[main] INFO org.eclipse.jetty.server.Server - Started @10055ms
[qtp1204684191-497] INFO com.github.restdriver.clientdriver.jetty.DefaultClientDriverJettyHandler - Handling: GET /departments/1/users
[main] INFO com.github.restdriver.clientdriver.ClientDriver - Beginning verification
[main] INFO org.eclipse.jetty.server.AbstractConnector - Stopped ServerConnector@17b4d5ab{HTTP/1.1, (http/1.1)}{0.0.0.0:0}
[main] INFO com.github.restdriver.clientdriver.ClientDriver - Beginning verification
[main] INFO org.eclipse.jetty.server.Server - jetty-9.4.44.v20210927; built: 2021-09-27T23:02:44.612Z; git: 8da83308eeca865e495e53ef315a249d63ba9332; jvm 1.8.0_312-b07
[main] INFO org.eclipse.jetty.server.AbstractConnector - Started ServerConnector@6bb01b34{HTTP/1.1, (http/1.1)}{0.0.0.0:40977}
[main] INFO org.eclipse.jetty.server.Server - Started @10194ms
[main] INFO com.github.restdriver.clientdriver.ClientDriver - Beginning verification
[main] INFO org.eclipse.jetty.server.AbstractConnector - Stopped ServerConnector@6bb01b34{HTTP/1.1, (http/1.1)}{0.0.0.0:0}
[main] INFO com.github.restdriver.clientdriver.ClientDriver - Beginning verification
[main] INFO org.eclipse.jetty.server.Server - jetty-9.4.44.v20210927; built: 2021-09-27T23:02:44.612Z; git: 8da83308eeca865e495e53ef315a249d63ba9332; jvm 1.8.0_312-b07
[main] INFO org.eclipse.jetty.server.AbstractConnector - Started ServerConnector@4a83c651{HTTP/1.1, (http/1.1)}{0.0.0.0:45939}
[main] INFO org.eclipse.jetty.server.Server - Started @10362ms
[qtp1884170233-515] INFO com.github.restdriver.clientdriver.jetty.DefaultClientDriverJettyHandler - Handling: PATCH /users/1
[main] INFO com.github.restdriver.clientdriver.ClientDriver - Beginning verification
[main] INFO org.eclipse.jetty.server.AbstractConnector - Stopped ServerConnector@4a83c651{HTTP/1.1, (http/1.1)}{0.0.0.0:0}
[main] INFO com.github.restdriver.clientdriver.ClientDriver - Beginning verification
[main] INFO org.eclipse.jetty.server.Server - jetty-9.4.44.v20210927; built: 2021-09-27T23:02:44.612Z; git: 8da83308eeca865e495e53ef315a249d63ba9332; jvm 1.8.0_312-b07
[main] INFO org.eclipse.jetty.server.AbstractConnector - Started ServerConnector@7a54fc29{HTTP/1.1, (http/1.1)}{0.0.0.0:39873}
[main] INFO org.eclipse.jetty.server.Server - Started @10431ms
[qtp701317023-525] INFO com.github.restdriver.clientdriver.jetty.DefaultClientDriverJettyHandler - Handling: PATCH /users/1
[main] INFO com.github.restdriver.clientdriver.ClientDriver - Beginning verification
[main] INFO org.eclipse.jetty.server.AbstractConnector - Stopped ServerConnector@7a54fc29{HTTP/1.1, (http/1.1)}{0.0.0.0:0}
[main] INFO com.github.restdriver.clientdriver.ClientDriver - Beginning verification
[main] INFO org.eclipse.jetty.server.Server - jetty-9.4.44.v20210927; built: 2021-09-27T23:02:44.612Z; git: 8da83308eeca865e495e53ef315a249d63ba9332; jvm 1.8.0_312-b07
[main] INFO org.eclipse.jetty.server.AbstractConnector - Started ServerConnector@46f322ab{HTTP/1.1, (http/1.1)}{0.0.0.0:35859}
[main] INFO org.eclipse.jetty.server.Server - Started @10482ms
[qtp1030039487-535] INFO com.github.restdriver.clientdriver.jetty.DefaultClientDriverJettyHandler - Handling: PATCH /users/1
[main] INFO com.github.restdriver.clientdriver.ClientDriver - Beginning verification
[main] INFO org.eclipse.jetty.server.AbstractConnector - Stopped ServerConnector@46f322ab{HTTP/1.1, (http/1.1)}{0.0.0.0:0}
[main] INFO com.github.restdriver.clientdriver.ClientDriver - Beginning verification
[main] INFO org.eclipse.jetty.server.Server - jetty-9.4.44.v20210927; built: 2021-09-27T23:02:44.612Z; git: 8da83308eeca865e495e53ef315a249d63ba9332; jvm 1.8.0_312-b07
[main] INFO org.eclipse.jetty.server.AbstractConnector - Started ServerConnector@2c238bbf{HTTP/1.1, (http/1.1)}{0.0.0.0:44121}
[main] INFO org.eclipse.jetty.server.Server - Started @10639ms
[qtp2118072884-545] INFO com.github.restdriver.clientdriver.jetty.DefaultClientDriverJettyHandler - Handling: POST /departments/1/users
[main] INFO com.github.restdriver.clientdriver.ClientDriver - Beginning verification
[main] INFO org.eclipse.jetty.server.AbstractConnector - Stopped ServerConnector@2c238bbf{HTTP/1.1, (http/1.1)}{0.0.0.0:0}
[main] INFO com.github.restdriver.clientdriver.ClientDriver - Beginning verification
[main] INFO org.eclipse.jetty.server.Server - jetty-9.4.44.v20210927; built: 2021-09-27T23:02:44.612Z; git: 8da83308eeca865e495e53ef315a249d63ba9332; jvm 1.8.0_312-b07
[main] INFO org.eclipse.jetty.server.AbstractConnector - Started ServerConnector@ffad70{HTTP/1.1, (http/1.1)}{0.0.0.0:32893}
[main] INFO org.eclipse.jetty.server.Server - Started @10734ms
[qtp855411265-555] INFO com.github.restdriver.clientdriver.jetty.DefaultClientDriverJettyHandler - Handling: HEAD /users/1
[main] INFO com.github.restdriver.clientdriver.ClientDriver - Beginning verification
[main] INFO org.eclipse.jetty.server.AbstractConnector - Stopped ServerConnector@ffad70{HTTP/1.1, (http/1.1)}{0.0.0.0:0}
[main] INFO com.github.restdriver.clientdriver.ClientDriver - Beginning verification
[main] INFO org.eclipse.jetty.server.Server - jetty-9.4.44.v20210927; built: 2021-09-27T23:02:44.612Z; git: 8da83308eeca865e495e53ef315a249d63ba9332; jvm 1.8.0_312-b07
[main] INFO org.eclipse.jetty.server.AbstractConnector - Started ServerConnector@59de440b{HTTP/1.1, (http/1.1)}{0.0.0.0:34597}
[main] INFO org.eclipse.jetty.server.Server - Started @10842ms
[qtp1101481055-565] INFO com.github.restdriver.clientdriver.jetty.DefaultClientDriverJettyHandler - Handling: HEAD /users/1
[main] INFO com.github.restdriver.clientdriver.ClientDriver - Beginning verification
[main] INFO org.eclipse.jetty.server.AbstractConnector - Stopped ServerConnector@59de440b{HTTP/1.1, (http/1.1)}{0.0.0.0:0}
[main] INFO com.github.restdriver.clientdriver.ClientDriver - Beginning verification
[main] INFO org.eclipse.jetty.server.Server - jetty-9.4.44.v20210927; built: 2021-09-27T23:02:44.612Z; git: 8da83308eeca865e495e53ef315a249d63ba9332; jvm 1.8.0_312-b07
[main] INFO org.eclipse.jetty.server.AbstractConnector - Started ServerConnector@739fcd31{HTTP/1.1, (http/1.1)}{0.0.0.0:39151}
[main] INFO org.eclipse.jetty.server.Server - Started @10895ms
[qtp394500813-575] INFO com.github.restdriver.clientdriver.jetty.DefaultClientDriverJettyHandler - Handling: HEAD /users/1
[main] INFO com.github.restdriver.clientdriver.ClientDriver - Beginning verification
[main] INFO org.eclipse.jetty.server.AbstractConnector - Stopped ServerConnector@739fcd31{HTTP/1.1, (http/1.1)}{0.0.0.0:0}
[main] INFO com.github.restdriver.clientdriver.ClientDriver - Beginning verification
[main] INFO org.eclipse.jetty.server.Server - jetty-9.4.44.v20210927; built: 2021-09-27T23:02:44.612Z; git: 8da83308eeca865e495e53ef315a249d63ba9332; jvm 1.8.0_312-b07
[main] INFO org.eclipse.jetty.server.AbstractConnector - Started ServerConnector@57c06659{HTTP/1.1, (http/1.1)}{0.0.0.0:33261}
[main] INFO org.eclipse.jetty.server.Server - Started @10946ms
[qtp1441839718-585] INFO com.github.restdriver.clientdriver.jetty.DefaultClientDriverJettyHandler - Handling: OPTIONS /users/1
[main] INFO com.github.restdriver.clientdriver.ClientDriver - Beginning verification
[main] INFO org.eclipse.jetty.server.AbstractConnector - Stopped ServerConnector@57c06659{HTTP/1.1, (http/1.1)}{0.0.0.0:0}
[main] INFO com.github.restdriver.clientdriver.ClientDriver - Beginning verification
[main] INFO org.eclipse.jetty.server.Server - jetty-9.4.44.v20210927; built: 2021-09-27T23:02:44.612Z; git: 8da83308eeca865e495e53ef315a249d63ba9332; jvm 1.8.0_312-b07
[main] INFO org.eclipse.jetty.server.AbstractConnector - Started ServerConnector@7dd6aa3e{HTTP/1.1, (http/1.1)}{0.0.0.0:39413}
[main] INFO org.eclipse.jetty.server.Server - Started @11085ms
[qtp1207389583-595] INFO com.github.restdriver.clientdriver.jetty.DefaultClientDriverJettyHandler - Handling: OPTIONS /users/1
[main] INFO com.github.restdriver.clientdriver.ClientDriver - Beginning verification
[main] INFO org.eclipse.jetty.server.AbstractConnector - Stopped ServerConnector@7dd6aa3e{HTTP/1.1, (http/1.1)}{0.0.0.0:0}
[main] INFO com.github.restdriver.clientdriver.ClientDriver - Beginning verification
[main] INFO org.eclipse.jetty.server.Server - jetty-9.4.44.v20210927; built: 2021-09-27T23:02:44.612Z; git: 8da83308eeca865e495e53ef315a249d63ba9332; jvm 1.8.0_312-b07
[main] INFO org.eclipse.jetty.server.AbstractConnector - Started ServerConnector@b9aca74{HTTP/1.1, (http/1.1)}{0.0.0.0:39115}
[main] INFO org.eclipse.jetty.server.Server - Started @11177ms
[qtp6004416-606] INFO com.github.restdriver.clientdriver.jetty.DefaultClientDriverJettyHandler - Handling: OPTIONS /users/1
[main] INFO com.github.restdriver.clientdriver.ClientDriver - Beginning verification
[main] INFO org.eclipse.jetty.server.AbstractConnector - Stopped ServerConnector@b9aca74{HTTP/1.1, (http/1.1)}{0.0.0.0:0}
[main] INFO com.github.restdriver.clientdriver.ClientDriver - Beginning verification
[main] INFO org.eclipse.jetty.server.Server - jetty-9.4.44.v20210927; built: 2021-09-27T23:02:44.612Z; git: 8da83308eeca865e495e53ef315a249d63ba9332; jvm 1.8.0_312-b07
[main] INFO org.eclipse.jetty.server.AbstractConnector - Started ServerConnector@b536551{HTTP/1.1, (http/1.1)}{0.0.0.0:33305}
[main] INFO org.eclipse.jetty.server.Server - Started @11269ms
[qtp242590008-616] INFO com.github.restdriver.clientdriver.jetty.DefaultClientDriverJettyHandler - Handling: POST /departments/1/users
[main] INFO com.github.restdriver.clientdriver.ClientDriver - Beginning verification
[main] INFO org.eclipse.jetty.server.AbstractConnector - Stopped ServerConnector@b536551{HTTP/1.1, (http/1.1)}{0.0.0.0:0}
[main] INFO com.github.restdriver.clientdriver.ClientDriver - Beginning verification
[INFO] Tests run: 34, Failures: 0, Errors: 0, Skipped: 0, Time elapsed: 3,390.56 s - in org.zalando.riptide.compatibility.HttpOperationsTest
[INFO] Running org.zalando.riptide.compatibility.HttpOutputMessageAsyncClientHttpRequestAdapterTest
[INFO] Tests run: 4, Failures: 0, Errors: 0, Skipped: 0, Time elapsed: 0.07 s - in org.zalando.riptide.compatibility.HttpOutputMessageAsyncClientHttpRequestAdapterTest
[INFO] 
[INFO] Results:
[INFO] 
[INFO] Tests run: 73, Failures: 0, Errors: 0, Skipped: 0
[INFO] 
[INFO] 
[INFO] ------------------------------------------------------------------------
[INFO] Skipping Riptide: Request Compression
[INFO] This project has been banned from the build due to previous failures.
[INFO] ------------------------------------------------------------------------
[INFO] 
[INFO] -------------------< org.zalando:riptide-concurrent >-------------------
[INFO] Building Riptide: Concurrent 3.1.0-SNAPSHOT                       [9/22]
[INFO] --------------------------------[ jar ]---------------------------------
[INFO] 
[INFO] --- maven-enforcer-plugin:3.0.0:enforce (enforce-maven) @ riptide-concurrent ---
[INFO] 
[INFO] --- duplicate-finder-maven-plugin:1.5.0:check (default) @ riptide-concurrent ---
[INFO] Checking compile classpath
[INFO] Checking runtime classpath
[INFO] Checking test classpath
[INFO] 
[INFO] --- jacoco-maven-plugin:0.8.7:prepare-agent (prepare-agent) @ riptide-concurrent ---
[INFO] argLine set to -javaagent:/root/.m2/repository/org/jacoco/org.jacoco.agent/0.8.7/org.jacoco.agent-0.8.7-runtime.jar=destfile=/home/target/riptide-concurrent/target/jacoco.exec
[INFO] 
[INFO] --- maven-resources-plugin:3.2.0:resources (default-resources) @ riptide-concurrent ---
[INFO] Using 'UTF-8' encoding to copy filtered resources.
[INFO] Using 'UTF-8' encoding to copy filtered properties files.
[INFO] skip non existing resourceDirectory /home/target/riptide-concurrent/src/main/resources
[INFO] 
[INFO] --- maven-compiler-plugin:3.8.1:compile (default-compile) @ riptide-concurrent ---
[INFO] Nothing to compile - all classes are up to date
[INFO] 
[INFO] --- maven-resources-plugin:3.2.0:testResources (default-testResources) @ riptide-concurrent ---
[INFO] Using 'UTF-8' encoding to copy filtered resources.
[INFO] Using 'UTF-8' encoding to copy filtered properties files.
[INFO] skip non existing resourceDirectory /home/target/riptide-concurrent/src/test/resources
[INFO] 
[INFO] --- maven-compiler-plugin:3.8.1:testCompile (default-testCompile) @ riptide-concurrent ---
[INFO] Nothing to compile - all classes are up to date
[INFO] 
[INFO] --- maven-surefire-plugin:2.22.2:test (default-test) @ riptide-concurrent ---
[INFO] 
[INFO] -------------------------------------------------------
[INFO]  T E S T S
[INFO] -------------------------------------------------------
[INFO] Running org.zalando.riptide.concurrent.ThreadPoolExecutorsTest
[INFO] Tests run: 16, Failures: 0, Errors: 0, Skipped: 0, Time elapsed: 259.766 s - in org.zalando.riptide.concurrent.ThreadPoolExecutorsTest
[INFO] Running org.zalando.riptide.concurrent.QueueFirstTest
[INFO] Tests run: 1, Failures: 0, Errors: 0, Skipped: 0, Time elapsed: 33.588 s - in org.zalando.riptide.concurrent.QueueFirstTest
[INFO] Running org.zalando.riptide.concurrent.ScaleFirstTest
[INFO] Tests run: 5, Failures: 0, Errors: 0, Skipped: 0, Time elapsed: 739.957 s - in org.zalando.riptide.concurrent.ScaleFirstTest
[INFO] 
[INFO] Results:
[INFO] 
[INFO] Tests run: 22, Failures: 0, Errors: 0, Skipped: 0
[INFO] 
[INFO] 
[INFO] ------------------------------------------------------------------------
[INFO] Skipping Riptide: Idempotency
[INFO] This project has been banned from the build due to previous failures.
[INFO] ------------------------------------------------------------------------
[INFO] 
[INFO] ------------------------------------------------------------------------
[INFO] Skipping Riptide: Faults
[INFO] This project has been banned from the build due to previous failures.
[INFO] ------------------------------------------------------------------------
[INFO] 
[INFO] ------------------------------------------------------------------------
[INFO] Skipping Riptide: Failsafe
[INFO] This project has been banned from the build due to previous failures.
[INFO] ------------------------------------------------------------------------
[INFO] 
[INFO] ------------------------------------------------------------------------
[INFO] Skipping Riptide: Logbook
[INFO] This project has been banned from the build due to previous failures.
[INFO] ------------------------------------------------------------------------
[INFO] 
[INFO] ------------------------------------------------------------------------
[INFO] Skipping Riptide: Micrometer
[INFO] This project has been banned from the build due to previous failures.
[INFO] ------------------------------------------------------------------------
[INFO] 
[INFO] ------------------------------------------------------------------------
[INFO] Skipping Riptide: OpenTracing
[INFO] This project has been banned from the build due to previous failures.
[INFO] ------------------------------------------------------------------------
[INFO] 
[INFO] ------------------------------------------------------------------------
[INFO] Skipping Riptide: SOAP
[INFO] This project has been banned from the build due to previous failures.
[INFO] ------------------------------------------------------------------------
[INFO] 
[INFO] ------------------------------------------------------------------------
[INFO] Skipping Riptide: Stream
[INFO] This project has been banned from the build due to previous failures.
[INFO] ------------------------------------------------------------------------
[INFO] 
[INFO] ------------------------------------------------------------------------
[INFO] Skipping Riptide: Spring Boot Auto Configuration
[INFO] This project has been banned from the build due to previous failures.
[INFO] ------------------------------------------------------------------------
[INFO] 
[INFO] ------------------------------------------------------------------------
[INFO] Skipping Riptide: Spring Boot Starter
[INFO] This project has been banned from the build due to previous failures.
[INFO] ------------------------------------------------------------------------
[INFO] ------------------------------------------------------------------------
[INFO] Reactor Summary for Riptide 3.1.0-SNAPSHOT:
[INFO] 
[INFO] Riptide ............................................ SUCCESS [09:12 min]
[INFO] Riptide: Parent .................................... SUCCESS [01:25 min]
[INFO] Riptide: Core ...................................... SUCCESS [  08:32 h]
[INFO] Riptide: Capture ................................... SUCCESS [53:48 min]
[INFO] Riptide: HTTP Client ............................... FAILURE [  02:54 h]
[INFO] Riptide: Authorization ............................. SKIPPED
[INFO] Riptide: Bill of Materials ......................... SUCCESS [  3.158 s]
[INFO] Riptide: Chaos ..................................... SKIPPED
[INFO] Riptide: Problem ................................... SUCCESS [  01:06 h]
[INFO] Riptide: Compatibility ............................. SUCCESS [  03:13 h]
[INFO] Riptide: Request Compression ....................... SKIPPED
[INFO] Riptide: Concurrent ................................ SUCCESS [44:50 min]
[INFO] Riptide: Idempotency ............................... SKIPPED
[INFO] Riptide: Faults .................................... SKIPPED
[INFO] Riptide: Failsafe .................................. SKIPPED
[INFO] Riptide: Logbook ................................... SKIPPED
[INFO] Riptide: Micrometer ................................ SKIPPED
[INFO] Riptide: OpenTracing ............................... SKIPPED
[INFO] Riptide: SOAP ...................................... SKIPPED
[INFO] Riptide: Stream .................................... SKIPPED
[INFO] Riptide: Spring Boot Auto Configuration ............ SKIPPED
[INFO] Riptide: Spring Boot Starter ....................... SKIPPED
[INFO] ------------------------------------------------------------------------
[INFO] BUILD FAILURE
[INFO] ------------------------------------------------------------------------
[INFO] Total time:  17:40 h
[INFO] Finished at: 2021-11-14T19:03:50Z
[INFO] ------------------------------------------------------------------------
[ERROR] Failed to execute goal org.apache.maven.plugins:maven-surefire-plugin:2.22.2:test (default-test) on project riptide-httpclient: There are test failures.
[ERROR] 
[ERROR] Please refer to /home/target/riptide-httpclient/target/surefire-reports for the individual test results.
[ERROR] Please refer to dump files (if any exist) [date].dump, [date]-jvmRun[N].dump and [date].dumpstream.
[ERROR] -> [Help 1]
[ERROR] 
[ERROR] To see the full stack trace of the errors, re-run Maven with the -e switch.
[ERROR] Re-run Maven using the -X switch to enable full debug logging.
[ERROR] 
[ERROR] For more information about the errors and possible solutions, please read the following articles:
[ERROR] [Help 1] http://cwiki.apache.org/confluence/display/MAVEN/MojoFailureException
[ERROR] 
[ERROR] After correcting the problems, you can resume the build with the command
[ERROR]   mvn <args> -rf :riptide-httpclient
{'error': True, 'log_file': 'output-2021-11-14T01:08:45-2961.log', 'message': '', 'start_time': '2021-11-14T01:08:45', 'end_time': '2021-11-14T01:09:50', 'command': ['mvn', '-fae', 'test'], 'faketime_str': '+0 x1000.0', 'timezone': datetime.timezone(datetime.timedelta(0), 'UTC')}
