[INFO] Scanning for projects...
[INFO] ------------------------------------------------------------------------
[INFO] Reactor Build Order:
[INFO] 
[INFO] Riptide                                                            [pom]
[INFO] Riptide: Parent                                                    [pom]
[INFO] Riptide: Core                                                      [jar]
[INFO] Riptide: Capture                                                   [jar]
[INFO] Riptide: HTTP Client                                               [jar]
[INFO] Riptide: Authorization                                             [jar]
[INFO] Riptide: Bill of Materials                                         [pom]
[INFO] Riptide: Chaos                                                     [jar]
[INFO] Riptide: Problem                                                   [jar]
[INFO] Riptide: Compatibility                                             [jar]
[INFO] Riptide: Request Compression                                       [jar]
[INFO] Riptide: Concurrent                                                [jar]
[INFO] Riptide: Idempotency                                               [jar]
[INFO] Riptide: Faults                                                    [jar]
[INFO] Riptide: Failsafe                                                  [jar]
[INFO] Riptide: Logbook                                                   [jar]
[INFO] Riptide: Micrometer                                                [jar]
[INFO] Riptide: OpenTracing                                               [jar]
[INFO] Riptide: SOAP                                                      [jar]
[INFO] Riptide: Stream                                                    [jar]
[INFO] Riptide: Spring Boot Auto Configuration                            [jar]
[INFO] Riptide: Spring Boot Starter                                       [jar]
[INFO] 
[INFO] ------------------------< org.zalando:riptide >-------------------------
[INFO] Building Riptide 3.1.0-SNAPSHOT                                   [1/22]
[INFO] --------------------------------[ pom ]---------------------------------
[INFO] 
[INFO] --- maven-enforcer-plugin:3.0.0:enforce (enforce-maven) @ riptide ---
[INFO] 
[INFO] --- duplicate-finder-maven-plugin:1.5.0:check (default) @ riptide ---
[INFO] Ignoring POM project!
[INFO] 
[INFO] --- jacoco-maven-plugin:0.8.7:prepare-agent (prepare-agent) @ riptide ---
[INFO] argLine set to -javaagent:/root/.m2/repository/org/jacoco/org.jacoco.agent/0.8.7/org.jacoco.agent-0.8.7-runtime.jar=destfile=/home/target/target/jacoco.exec
[INFO] 
[INFO] ---------------------< org.zalando:riptide-parent >---------------------
[INFO] Building Riptide: Parent 3.1.0-SNAPSHOT                           [2/22]
[INFO] --------------------------------[ pom ]---------------------------------
[INFO] 
[INFO] --- maven-enforcer-plugin:3.0.0:enforce (enforce-maven) @ riptide-parent ---
[INFO] 
[INFO] --- duplicate-finder-maven-plugin:1.5.0:check (default) @ riptide-parent ---
[INFO] Ignoring POM project!
[INFO] 
[INFO] --- jacoco-maven-plugin:0.8.7:prepare-agent (prepare-agent) @ riptide-parent ---
[INFO] argLine set to -javaagent:/root/.m2/repository/org/jacoco/org.jacoco.agent/0.8.7/org.jacoco.agent-0.8.7-runtime.jar=destfile=/home/target/riptide-parent/target/jacoco.exec
[INFO] 
[INFO] ----------------------< org.zalando:riptide-core >----------------------
[INFO] Building Riptide: Core 3.1.0-SNAPSHOT                             [3/22]
[INFO] --------------------------------[ jar ]---------------------------------
[INFO] 
[INFO] --- maven-enforcer-plugin:3.0.0:enforce (enforce-maven) @ riptide-core ---
[INFO] 
[INFO] --- duplicate-finder-maven-plugin:1.5.0:check (default) @ riptide-core ---
[INFO] Checking compile classpath
[INFO] Checking runtime classpath
[INFO] Checking test classpath
[INFO] 
[INFO] --- jacoco-maven-plugin:0.8.7:prepare-agent (prepare-agent) @ riptide-core ---
[INFO] argLine set to -javaagent:/root/.m2/repository/org/jacoco/org.jacoco.agent/0.8.7/org.jacoco.agent-0.8.7-runtime.jar=destfile=/home/target/riptide-core/target/jacoco.exec
[INFO] 
[INFO] --- maven-resources-plugin:3.2.0:resources (default-resources) @ riptide-core ---
[INFO] Using 'UTF-8' encoding to copy filtered resources.
[INFO] Using 'UTF-8' encoding to copy filtered properties files.
[INFO] Copying 1 resource
[INFO] 
[INFO] --- maven-compiler-plugin:3.8.1:compile (default-compile) @ riptide-core ---
[INFO] Nothing to compile - all classes are up to date
[INFO] 
[INFO] --- maven-resources-plugin:3.2.0:testResources (default-testResources) @ riptide-core ---
[INFO] Using 'UTF-8' encoding to copy filtered resources.
[INFO] Using 'UTF-8' encoding to copy filtered properties files.
[INFO] Copying 6 resources
[INFO] 
[INFO] --- maven-compiler-plugin:3.8.1:testCompile (default-testCompile) @ riptide-core ---
[INFO] Nothing to compile - all classes are up to date
[INFO] 
[INFO] --- maven-surefire-plugin:2.22.2:test (default-test) @ riptide-core ---
[INFO] 
[INFO] -------------------------------------------------------
[INFO]  T E S T S
[INFO] -------------------------------------------------------
[INFO] Running org.zalando.riptide.EmptyEntityTest
[main] INFO org.eclipse.jetty.util.log - Logging initialized @2580ms to org.eclipse.jetty.util.log.Slf4jLog
[main] INFO org.eclipse.jetty.server.Server - jetty-9.4.44.v20210927; built: 2021-09-27T23:02:44.612Z; git: 8da83308eeca865e495e53ef315a249d63ba9332; jvm 1.8.0_312-b07
[main] INFO org.eclipse.jetty.server.AbstractConnector - Started ServerConnector@104dc1a2{HTTP/1.1, (http/1.1)}{0.0.0.0:34009}
[main] INFO org.eclipse.jetty.server.Server - Started @2944ms
[qtp1517266286-18] INFO com.github.restdriver.clientdriver.jetty.DefaultClientDriverJettyHandler - Handling: GET /
[main] INFO com.github.restdriver.clientdriver.ClientDriver - Beginning verification
[main] INFO org.eclipse.jetty.server.AbstractConnector - Stopped ServerConnector@104dc1a2{HTTP/1.1, (http/1.1)}{0.0.0.0:0}
[main] WARN org.eclipse.jetty.util.thread.QueuedThreadPool - QueuedThreadPool[qtp1517266286]@5a6fa56e{STOPPING,8<=0<=200,i=7,r=-1,q=0}[NO_TRY] Couldn't stop Thread[qtp1517266286-14,5,main]
[main] WARN org.eclipse.jetty.util.thread.QueuedThreadPool - QueuedThreadPool[qtp1517266286]@5a6fa56e{STOPPING,8<=0<=200,i=7,r=-1,q=0}[NO_TRY] Couldn't stop Thread[qtp1517266286-20,5,main]
[main] INFO com.github.restdriver.clientdriver.ClientDriver - Beginning verification
[main] INFO org.eclipse.jetty.server.Server - jetty-9.4.44.v20210927; built: 2021-09-27T23:02:44.612Z; git: 8da83308eeca865e495e53ef315a249d63ba9332; jvm 1.8.0_312-b07
[main] INFO org.eclipse.jetty.server.AbstractConnector - Started ServerConnector@57f83dc7{HTTP/1.1, (http/1.1)}{0.0.0.0:34473}
[main] INFO org.eclipse.jetty.server.Server - Started @4792ms
[qtp2103548875-31] INFO com.github.restdriver.clientdriver.jetty.DefaultClientDriverJettyHandler - Handling: POST /
[main] INFO com.github.restdriver.clientdriver.ClientDriver - Beginning verification
[main] INFO org.eclipse.jetty.server.AbstractConnector - Stopped ServerConnector@57f83dc7{HTTP/1.1, (http/1.1)}{0.0.0.0:0}
[main] INFO com.github.restdriver.clientdriver.ClientDriver - Beginning verification
[main] INFO org.eclipse.jetty.server.Server - jetty-9.4.44.v20210927; built: 2021-09-27T23:02:44.612Z; git: 8da83308eeca865e495e53ef315a249d63ba9332; jvm 1.8.0_312-b07
[main] INFO org.eclipse.jetty.server.AbstractConnector - Started ServerConnector@4eb69e8d{HTTP/1.1, (http/1.1)}{0.0.0.0:40025}
[main] INFO org.eclipse.jetty.server.Server - Started @4888ms
[qtp319541262-40] INFO com.github.restdriver.clientdriver.jetty.DefaultClientDriverJettyHandler - Handling: POST /
[main] INFO com.github.restdriver.clientdriver.ClientDriver - Beginning verification
[main] INFO org.eclipse.jetty.server.AbstractConnector - Stopped ServerConnector@4eb69e8d{HTTP/1.1, (http/1.1)}{0.0.0.0:0}
[main] INFO com.github.restdriver.clientdriver.ClientDriver - Beginning verification
[INFO] Tests run: 3, Failures: 0, Errors: 0, Skipped: 0, Time elapsed: 1,538,644.704 s - in org.zalando.riptide.EmptyEntityTest
[INFO] Running org.zalando.riptide.RequesterImmutabilityTest
[INFO] Tests run: 1, Failures: 0, Errors: 0, Skipped: 0, Time elapsed: 494,485 s - in org.zalando.riptide.RequesterImmutabilityTest
[INFO] Running org.zalando.riptide.StatusDispatchTest
[INFO] Tests run: 63, Failures: 0, Errors: 0, Skipped: 0, Time elapsed: 1,549,884 s - in org.zalando.riptide.StatusDispatchTest
[INFO] Running org.zalando.riptide.InputStreamTest
[INFO] Tests run: 1, Failures: 0, Errors: 0, Skipped: 0, Time elapsed: 22,430 s - in org.zalando.riptide.InputStreamTest
[INFO] Running org.zalando.riptide.IOTest
[main] INFO org.eclipse.jetty.server.Server - jetty-9.4.44.v20210927; built: 2021-09-27T23:02:44.612Z; git: 8da83308eeca865e495e53ef315a249d63ba9332; jvm 1.8.0_312-b07
[main] INFO org.eclipse.jetty.server.AbstractConnector - Started ServerConnector@347770a9{HTTP/1.1, (http/1.1)}{0.0.0.0:37901}
[main] INFO org.eclipse.jetty.server.Server - Started @5950ms
[qtp882181333-113] INFO com.github.restdriver.clientdriver.jetty.DefaultClientDriverJettyHandler - Handling: GET /repos/zalando/riptide/contributors
[main] INFO org.eclipse.jetty.server.Server - jetty-9.4.44.v20210927; built: 2021-09-27T23:02:44.612Z; git: 8da83308eeca865e495e53ef315a249d63ba9332; jvm 1.8.0_312-b07
[main] INFO org.eclipse.jetty.server.AbstractConnector - Started ServerConnector@424ebf5b{HTTP/1.1, (http/1.1)}{0.0.0.0:45829}
[main] INFO org.eclipse.jetty.server.Server - Started @6239ms
[qtp2037189443-123] INFO com.github.restdriver.clientdriver.jetty.DefaultClientDriverJettyHandler - Handling: GET /repos/zalando/riptide/contributors
[INFO] Tests run: 2, Failures: 0, Errors: 0, Skipped: 0, Time elapsed: 714,954 s - in org.zalando.riptide.IOTest
[INFO] Running org.zalando.riptide.ExecuteTest
[INFO] Tests run: 8, Failures: 0, Errors: 0, Skipped: 0, Time elapsed: 459,946 s - in org.zalando.riptide.ExecuteTest
[INFO] Running org.zalando.riptide.NIOTest
[main] INFO org.eclipse.jetty.server.Server - jetty-9.4.44.v20210927; built: 2021-09-27T23:02:44.612Z; git: 8da83308eeca865e495e53ef315a249d63ba9332; jvm 1.8.0_312-b07
[main] INFO org.eclipse.jetty.server.AbstractConnector - Started ServerConnector@63f093a{HTTP/1.1, (http/1.1)}{0.0.0.0:32843}
[main] INFO org.eclipse.jetty.server.Server - Started @6490ms
[qtp1565138220-142] INFO com.github.restdriver.clientdriver.jetty.DefaultClientDriverJettyHandler - Handling: GET /repos/zalando/riptide/contributors
[INFO] Tests run: 1, Failures: 0, Errors: 0, Skipped: 0, Time elapsed: 2,094,543 s - in org.zalando.riptide.NIOTest
[INFO] Running org.zalando.riptide.CallTest
[INFO] Tests run: 4, Failures: 0, Errors: 0, Skipped: 0, Time elapsed: -2,104,445.296 s - in org.zalando.riptide.CallTest
[INFO] Running org.zalando.riptide.RoutingTreeTest
[INFO] Tests run: 17, Failures: 0, Errors: 0, Skipped: 0, Time elapsed: 682,936 s - in org.zalando.riptide.RoutingTreeTest
[INFO] Running org.zalando.riptide.NestedDispatchTest
[INFO] Tests run: 3, Failures: 0, Errors: 0, Skipped: 0, Time elapsed: 451,146 s - in org.zalando.riptide.NestedDispatchTest
[INFO] Running org.zalando.riptide.DynamicBaseUrlTest
[INFO] Tests run: 1, Failures: 0, Errors: 0, Skipped: 0, Time elapsed: 36,633 s - in org.zalando.riptide.DynamicBaseUrlTest
[INFO] Running org.zalando.riptide.SeriesDispatchTest
[INFO] Tests run: 5, Failures: 0, Errors: 0, Skipped: 0, Time elapsed: 48,150 s - in org.zalando.riptide.SeriesDispatchTest
[INFO] Running org.zalando.riptide.RouteTest
[INFO] Tests run: 4, Failures: 0, Errors: 0, Skipped: 0, Time elapsed: 233,941 s - in org.zalando.riptide.RouteTest
[INFO] Running org.zalando.riptide.AnyDispatchTest
[INFO] Tests run: 1, Failures: 0, Errors: 0, Skipped: 0, Time elapsed: 2,784 s - in org.zalando.riptide.AnyDispatchTest
[INFO] Running org.zalando.riptide.AttributeTest
[INFO] Tests run: 2, Failures: 0, Errors: 0, Skipped: 0, Time elapsed: 12,571 s - in org.zalando.riptide.AttributeTest
[INFO] Running org.zalando.riptide.ReasonPhraseDispatchTest
[INFO] Tests run: 63, Failures: 0, Errors: 0, Skipped: 0, Time elapsed: 1,418,945 s - in org.zalando.riptide.ReasonPhraseDispatchTest
[INFO] Running org.zalando.riptide.StatusCodeDispatchTest
[INFO] Tests run: 63, Failures: 0, Errors: 0, Skipped: 0, Time elapsed: 932,565 s - in org.zalando.riptide.StatusCodeDispatchTest
[INFO] Running org.zalando.riptide.RequesterTest
[INFO] Tests run: 13, Failures: 0, Errors: 0, Skipped: 0, Time elapsed: 117,953 s - in org.zalando.riptide.RequesterTest
[INFO] Running org.zalando.riptide.OriginalStackTracePluginTest
[main] INFO org.eclipse.jetty.server.Server - jetty-9.4.44.v20210927; built: 2021-09-27T23:02:44.612Z; git: 8da83308eeca865e495e53ef315a249d63ba9332; jvm 1.8.0_312-b07
[main] INFO org.eclipse.jetty.server.AbstractConnector - Started ServerConnector@7d32399a{HTTP/1.1, (http/1.1)}{0.0.0.0:41959}
[main] INFO org.eclipse.jetty.server.Server - Started @10568ms
[qtp1956193042-315] INFO com.github.restdriver.clientdriver.jetty.DefaultClientDriverJettyHandler - Handling: GET /
[main] INFO org.eclipse.jetty.server.Server - jetty-9.4.44.v20210927; built: 2021-09-27T23:02:44.612Z; git: 8da83308eeca865e495e53ef315a249d63ba9332; jvm 1.8.0_312-b07
[main] INFO org.eclipse.jetty.server.AbstractConnector - Started ServerConnector@2839ac4c{HTTP/1.1, (http/1.1)}{0.0.0.0:45517}
[main] INFO org.eclipse.jetty.server.Server - Started @10863ms
[qtp1335697931-326] INFO com.github.restdriver.clientdriver.jetty.DefaultClientDriverJettyHandler - Handling: GET /
[INFO] Tests run: 2, Failures: 0, Errors: 0, Skipped: 0, Time elapsed: 921,795 s - in org.zalando.riptide.OriginalStackTracePluginTest
[INFO] Running org.zalando.riptide.HttpResponseExceptionTest
[INFO] Tests run: 1, Failures: 0, Errors: 0, Skipped: 0, Time elapsed: 147 s - in org.zalando.riptide.HttpResponseExceptionTest
[INFO] Running org.zalando.riptide.UriTemplateArgTest
[INFO] Tests run: 5, Failures: 0, Errors: 0, Skipped: 0, Time elapsed: 73,419 s - in org.zalando.riptide.UriTemplateArgTest
[INFO] Running org.zalando.riptide.HandlesIOExceptionTest
[INFO] Tests run: 1, Failures: 0, Errors: 0, Skipped: 0, Time elapsed: 23,702 s - in org.zalando.riptide.HandlesIOExceptionTest
[INFO] Running org.zalando.riptide.ForwardingClientHttpResponseTest
[INFO] Tests run: 2, Failures: 0, Errors: 0, Skipped: 0, Time elapsed: 94 s - in org.zalando.riptide.ForwardingClientHttpResponseTest
[INFO] Running org.zalando.riptide.DefaultRequestArgumentsTest
[INFO] Tests run: 22, Failures: 0, Errors: 0, Skipped: 0, Time elapsed: 41,075 s - in org.zalando.riptide.DefaultRequestArgumentsTest
[INFO] Running org.zalando.riptide.AsyncTest
[INFO] Tests run: 10, Failures: 0, Errors: 0, Skipped: 0, Time elapsed: 876,208 s - in org.zalando.riptide.AsyncTest
[INFO] Running org.zalando.riptide.FailedDispatchTest
[INFO] Tests run: 7, Failures: 0, Errors: 0, Skipped: 0, Time elapsed: 785,292 s - in org.zalando.riptide.FailedDispatchTest
[INFO] Running org.zalando.riptide.ExceptionHandlingTest
[INFO] Tests run: 4, Failures: 0, Errors: 0, Skipped: 0, Time elapsed: 488,607 s - in org.zalando.riptide.ExceptionHandlingTest
[INFO] Running org.zalando.riptide.PluginTest
[INFO] Tests run: 3, Failures: 0, Errors: 0, Skipped: 0, Time elapsed: 301,947 s - in org.zalando.riptide.PluginTest
[INFO] Running org.zalando.riptide.NavigatorsTest
[INFO] Tests run: 5, Failures: 0, Errors: 0, Skipped: 0, Time elapsed: 61,318 s - in org.zalando.riptide.NavigatorsTest
[INFO] Running org.zalando.riptide.RequestUriTest
[WARNING] Tests run: 864, Failures: 0, Errors: 0, Skipped: 336, Time elapsed: 596,289.52 s - in org.zalando.riptide.RequestUriTest
[INFO] Running org.zalando.riptide.ThreadAffinityTest
[main] INFO org.eclipse.jetty.server.Server - jetty-9.4.44.v20210927; built: 2021-09-27T23:02:44.612Z; git: 8da83308eeca865e495e53ef315a249d63ba9332; jvm 1.8.0_312-b07
[main] INFO org.eclipse.jetty.server.AbstractConnector - Started ServerConnector@62e099d7{HTTP/1.1, (http/1.1)}{0.0.0.0:41003}
[main] INFO org.eclipse.jetty.server.Server - Started @22696ms
[qtp368792881-861] INFO com.github.restdriver.clientdriver.jetty.DefaultClientDriverJettyHandler - Handling: GET /
[main] INFO com.github.restdriver.clientdriver.ClientDriver - Beginning verification
[main] INFO org.eclipse.jetty.server.Server - jetty-9.4.44.v20210927; built: 2021-09-27T23:02:44.612Z; git: 8da83308eeca865e495e53ef315a249d63ba9332; jvm 1.8.0_312-b07
[main] INFO org.eclipse.jetty.server.AbstractConnector - Started ServerConnector@31813ea8{HTTP/1.1, (http/1.1)}{0.0.0.0:43877}
[main] INFO org.eclipse.jetty.server.Server - Started @23063ms
[qtp1573989633-875] INFO com.github.restdriver.clientdriver.jetty.DefaultClientDriverJettyHandler - Handling: GET /
[main] INFO com.github.restdriver.clientdriver.ClientDriver - Beginning verification
[main] INFO org.eclipse.jetty.server.Server - jetty-9.4.44.v20210927; built: 2021-09-27T23:02:44.612Z; git: 8da83308eeca865e495e53ef315a249d63ba9332; jvm 1.8.0_312-b07
[main] INFO org.eclipse.jetty.server.AbstractConnector - Started ServerConnector@fc3fd5b{HTTP/1.1, (http/1.1)}{0.0.0.0:44349}
[main] INFO org.eclipse.jetty.server.Server - Started @23405ms
[qtp807903288-883] INFO com.github.restdriver.clientdriver.jetty.DefaultClientDriverJettyHandler - Handling: GET /
[main] INFO com.github.restdriver.clientdriver.ClientDriver - Beginning verification
[main] INFO org.eclipse.jetty.server.Server - jetty-9.4.44.v20210927; built: 2021-09-27T23:02:44.612Z; git: 8da83308eeca865e495e53ef315a249d63ba9332; jvm 1.8.0_312-b07
[main] INFO org.eclipse.jetty.server.AbstractConnector - Started ServerConnector@163f56c{HTTP/1.1, (http/1.1)}{0.0.0.0:38153}
[main] INFO org.eclipse.jetty.server.Server - Started @23752ms
[qtp1643819107-891] INFO com.github.restdriver.clientdriver.jetty.DefaultClientDriverJettyHandler - Handling: GET /
[main] INFO com.github.restdriver.clientdriver.ClientDriver - Beginning verification
[INFO] Tests run: 4, Failures: 0, Errors: 0, Skipped: 0, Time elapsed: 502,605.704 s - in org.zalando.riptide.ThreadAffinityTest
[INFO] Running org.zalando.riptide.NoopRouteTest
[INFO] Tests run: 1, Failures: 0, Errors: 0, Skipped: 0, Time elapsed: 2,414 s - in org.zalando.riptide.NoopRouteTest
[INFO] Running org.zalando.riptide.NoBaseUrlTest
[INFO] Tests run: 3, Failures: 0, Errors: 0, Skipped: 0, Time elapsed: 46,614 s - in org.zalando.riptide.NoBaseUrlTest
[INFO] Running org.zalando.riptide.ContentTypeDispatchTest
[INFO] Tests run: 6, Failures: 0, Errors: 0, Skipped: 0, Time elapsed: 34,760 s - in org.zalando.riptide.ContentTypeDispatchTest
[INFO] Running org.zalando.riptide.MethodDelegateTest
[INFO] Tests run: 24, Failures: 0, Errors: 0, Skipped: 0, Time elapsed: 103,869 s - in org.zalando.riptide.MethodDelegateTest
[INFO] Running org.zalando.riptide.CompletableFuturesTest
[INFO] Tests run: 3, Failures: 0, Errors: 0, Skipped: 0, Time elapsed: 59 s - in org.zalando.riptide.CompletableFuturesTest
[INFO] 
[INFO] Results:
[INFO] 
[WARNING] Tests run: 1222, Failures: 0, Errors: 0, Skipped: 336
[INFO] 
[INFO] 
[INFO] --------------------< org.zalando:riptide-capture >---------------------
[INFO] Building Riptide: Capture 3.1.0-SNAPSHOT                          [4/22]
[INFO] --------------------------------[ jar ]---------------------------------
[INFO] 
[INFO] --- maven-enforcer-plugin:3.0.0:enforce (enforce-maven) @ riptide-capture ---
[INFO] 
[INFO] --- duplicate-finder-maven-plugin:1.5.0:check (default) @ riptide-capture ---
[INFO] Checking compile classpath
[INFO] Checking runtime classpath
[INFO] Checking test classpath
[INFO] 
[INFO] --- jacoco-maven-plugin:0.8.7:prepare-agent (prepare-agent) @ riptide-capture ---
[INFO] argLine set to -javaagent:/root/.m2/repository/org/jacoco/org.jacoco.agent/0.8.7/org.jacoco.agent-0.8.7-runtime.jar=destfile=/home/target/riptide-capture/target/jacoco.exec
[INFO] 
[INFO] --- maven-resources-plugin:3.2.0:resources (default-resources) @ riptide-capture ---
[INFO] Using 'UTF-8' encoding to copy filtered resources.
[INFO] Using 'UTF-8' encoding to copy filtered properties files.
[INFO] skip non existing resourceDirectory /home/target/riptide-capture/src/main/resources
[INFO] 
[INFO] --- maven-compiler-plugin:3.8.1:compile (default-compile) @ riptide-capture ---
[INFO] Nothing to compile - all classes are up to date
[INFO] 
[INFO] --- maven-resources-plugin:3.2.0:testResources (default-testResources) @ riptide-capture ---
[INFO] Using 'UTF-8' encoding to copy filtered resources.
[INFO] Using 'UTF-8' encoding to copy filtered properties files.
[INFO] Copying 1 resource
[INFO] 
[INFO] --- maven-compiler-plugin:3.8.1:testCompile (default-testCompile) @ riptide-capture ---
[INFO] Nothing to compile - all classes are up to date
[INFO] 
[INFO] --- maven-surefire-plugin:2.22.2:test (default-test) @ riptide-capture ---
[INFO] 
[INFO] -------------------------------------------------------
[INFO]  T E S T S
[INFO] -------------------------------------------------------
[INFO] Running org.zalando.riptide.capture.CaptureTest
[INFO] Tests run: 4, Failures: 0, Errors: 0, Skipped: 0, Time elapsed: -1,265,685.296 s - in org.zalando.riptide.capture.CaptureTest
[INFO] 
[INFO] Results:
[INFO] 
[INFO] Tests run: 4, Failures: 0, Errors: 0, Skipped: 0
[INFO] 
[INFO] 
[INFO] -------------------< org.zalando:riptide-httpclient >-------------------
[INFO] Building Riptide: HTTP Client 3.1.0-SNAPSHOT                      [5/22]
[INFO] --------------------------------[ jar ]---------------------------------
[INFO] 
[INFO] --- maven-enforcer-plugin:3.0.0:enforce (enforce-maven) @ riptide-httpclient ---
[INFO] 
[INFO] --- duplicate-finder-maven-plugin:1.5.0:check (default) @ riptide-httpclient ---
[INFO] Checking compile classpath
[INFO] Checking runtime classpath
[INFO] Checking test classpath
[INFO] 
[INFO] --- jacoco-maven-plugin:0.8.7:prepare-agent (prepare-agent) @ riptide-httpclient ---
[INFO] argLine set to -javaagent:/root/.m2/repository/org/jacoco/org.jacoco.agent/0.8.7/org.jacoco.agent-0.8.7-runtime.jar=destfile=/home/target/riptide-httpclient/target/jacoco.exec
[INFO] 
[INFO] --- maven-resources-plugin:3.2.0:resources (default-resources) @ riptide-httpclient ---
[INFO] Using 'UTF-8' encoding to copy filtered resources.
[INFO] Using 'UTF-8' encoding to copy filtered properties files.
[INFO] skip non existing resourceDirectory /home/target/riptide-httpclient/src/main/resources
[INFO] 
[INFO] --- maven-compiler-plugin:3.8.1:compile (default-compile) @ riptide-httpclient ---
[INFO] Nothing to compile - all classes are up to date
[INFO] 
[INFO] --- maven-resources-plugin:3.2.0:testResources (default-testResources) @ riptide-httpclient ---
[INFO] Using 'UTF-8' encoding to copy filtered resources.
[INFO] Using 'UTF-8' encoding to copy filtered properties files.
[INFO] Copying 1 resource
[INFO] 
[INFO] --- maven-compiler-plugin:3.8.1:testCompile (default-testCompile) @ riptide-httpclient ---
[INFO] Nothing to compile - all classes are up to date
[INFO] 
[INFO] --- maven-surefire-plugin:2.22.2:test (default-test) @ riptide-httpclient ---
[INFO] 
[INFO] -------------------------------------------------------
[INFO]  T E S T S
[INFO] -------------------------------------------------------
[INFO] Running org.zalando.riptide.httpclient.ClosingTest
[main] WARN org.zalando.riptide.httpclient.Closing - IOException thrown while closing Closeable.
java.io.IOException
	at org.zalando.riptide.httpclient.Closing.closeQuietly(Closing.java:21)
	at org.zalando.riptide.httpclient.ClosingTest.swallowsException(ClosingTest.java:36)
	at sun.reflect.NativeMethodAccessorImpl.invoke0(Native Method)
	at sun.reflect.NativeMethodAccessorImpl.invoke(NativeMethodAccessorImpl.java:62)
	at sun.reflect.DelegatingMethodAccessorImpl.invoke(DelegatingMethodAccessorImpl.java:43)
	at java.lang.reflect.Method.invoke(Method.java:498)
	at org.junit.platform.commons.util.ReflectionUtils.invokeMethod(ReflectionUtils.java:725)
	at org.junit.jupiter.engine.execution.MethodInvocation.proceed(MethodInvocation.java:60)
	at org.junit.jupiter.engine.execution.InvocationInterceptorChain$ValidatingInvocation.proceed(InvocationInterceptorChain.java:131)
	at org.junit.jupiter.engine.extension.TimeoutExtension.intercept(TimeoutExtension.java:149)
	at org.junit.jupiter.engine.extension.TimeoutExtension.interceptTestableMethod(TimeoutExtension.java:140)
	at org.junit.jupiter.engine.extension.TimeoutExtension.interceptTestMethod(TimeoutExtension.java:84)
	at org.junit.jupiter.engine.execution.ExecutableInvoker$ReflectiveInterceptorCall.lambda$ofVoidMethod$0(ExecutableInvoker.java:115)
	at org.junit.jupiter.engine.execution.ExecutableInvoker.lambda$invoke$0(ExecutableInvoker.java:105)
	at org.junit.jupiter.engine.execution.InvocationInterceptorChain$InterceptedInvocation.proceed(InvocationInterceptorChain.java:106)
	at org.junit.jupiter.engine.execution.InvocationInterceptorChain.proceed(InvocationInterceptorChain.java:64)
	at org.junit.jupiter.engine.execution.InvocationInterceptorChain.chainAndInvoke(InvocationInterceptorChain.java:45)
	at org.junit.jupiter.engine.execution.InvocationInterceptorChain.invoke(InvocationInterceptorChain.java:37)
	at org.junit.jupiter.engine.execution.ExecutableInvoker.invoke(ExecutableInvoker.java:104)
	at org.junit.jupiter.engine.execution.ExecutableInvoker.invoke(ExecutableInvoker.java:98)
	at org.junit.jupiter.engine.descriptor.TestMethodTestDescriptor.lambda$invokeTestMethod$7(TestMethodTestDescriptor.java:214)
	at org.junit.platform.engine.support.hierarchical.ThrowableCollector.execute(ThrowableCollector.java:73)
	at org.junit.jupiter.engine.descriptor.TestMethodTestDescriptor.invokeTestMethod(TestMethodTestDescriptor.java:210)
	at org.junit.jupiter.engine.descriptor.TestMethodTestDescriptor.execute(TestMethodTestDescriptor.java:135)
	at org.junit.jupiter.engine.descriptor.TestMethodTestDescriptor.execute(TestMethodTestDescriptor.java:66)
	at org.junit.platform.engine.support.hierarchical.NodeTestTask.lambda$executeRecursively$6(NodeTestTask.java:151)
	at org.junit.platform.engine.support.hierarchical.ThrowableCollector.execute(ThrowableCollector.java:73)
	at org.junit.platform.engine.support.hierarchical.NodeTestTask.lambda$executeRecursively$8(NodeTestTask.java:141)
	at org.junit.platform.engine.support.hierarchical.Node.around(Node.java:137)
	at org.junit.platform.engine.support.hierarchical.NodeTestTask.lambda$executeRecursively$9(NodeTestTask.java:139)
	at org.junit.platform.engine.support.hierarchical.ThrowableCollector.execute(ThrowableCollector.java:73)
	at org.junit.platform.engine.support.hierarchical.NodeTestTask.executeRecursively(NodeTestTask.java:138)
	at org.junit.platform.engine.support.hierarchical.NodeTestTask.execute(NodeTestTask.java:95)
	at java.util.ArrayList.forEach(ArrayList.java:1259)
	at org.junit.platform.engine.support.hierarchical.SameThreadHierarchicalTestExecutorService.invokeAll(SameThreadHierarchicalTestExecutorService.java:41)
	at org.junit.platform.engine.support.hierarchical.NodeTestTask.lambda$executeRecursively$6(NodeTestTask.java:155)
	at org.junit.platform.engine.support.hierarchical.ThrowableCollector.execute(ThrowableCollector.java:73)
	at org.junit.platform.engine.support.hierarchical.NodeTestTask.lambda$executeRecursively$8(NodeTestTask.java:141)
	at org.junit.platform.engine.support.hierarchical.Node.around(Node.java:137)
	at org.junit.platform.engine.support.hierarchical.NodeTestTask.lambda$executeRecursively$9(NodeTestTask.java:139)
	at org.junit.platform.engine.support.hierarchical.ThrowableCollector.execute(ThrowableCollector.java:73)
	at org.junit.platform.engine.support.hierarchical.NodeTestTask.executeRecursively(NodeTestTask.java:138)
	at org.junit.platform.engine.support.hierarchical.NodeTestTask.execute(NodeTestTask.java:95)
	at java.util.ArrayList.forEach(ArrayList.java:1259)
	at org.junit.platform.engine.support.hierarchical.SameThreadHierarchicalTestExecutorService.invokeAll(SameThreadHierarchicalTestExecutorService.java:41)
	at org.junit.platform.engine.support.hierarchical.NodeTestTask.lambda$executeRecursively$6(NodeTestTask.java:155)
	at org.junit.platform.engine.support.hierarchical.ThrowableCollector.execute(ThrowableCollector.java:73)
	at org.junit.platform.engine.support.hierarchical.NodeTestTask.lambda$executeRecursively$8(NodeTestTask.java:141)
	at org.junit.platform.engine.support.hierarchical.Node.around(Node.java:137)
	at org.junit.platform.engine.support.hierarchical.NodeTestTask.lambda$executeRecursively$9(NodeTestTask.java:139)
	at org.junit.platform.engine.support.hierarchical.ThrowableCollector.execute(ThrowableCollector.java:73)
	at org.junit.platform.engine.support.hierarchical.NodeTestTask.executeRecursively(NodeTestTask.java:138)
	at org.junit.platform.engine.support.hierarchical.NodeTestTask.execute(NodeTestTask.java:95)
	at org.junit.platform.engine.support.hierarchical.SameThreadHierarchicalTestExecutorService.submit(SameThreadHierarchicalTestExecutorService.java:35)
	at org.junit.platform.engine.support.hierarchical.HierarchicalTestExecutor.execute(HierarchicalTestExecutor.java:57)
	at org.junit.platform.engine.support.hierarchical.HierarchicalTestEngine.execute(HierarchicalTestEngine.java:54)
	at org.junit.platform.launcher.core.DefaultLauncher.execute(DefaultLauncher.java:220)
	at org.junit.platform.launcher.core.DefaultLauncher.lambda$execute$6(DefaultLauncher.java:188)
	at org.junit.platform.launcher.core.DefaultLauncher.withInterceptedStreams(DefaultLauncher.java:202)
	at org.junit.platform.launcher.core.DefaultLauncher.execute(DefaultLauncher.java:181)
	at org.junit.platform.launcher.core.DefaultLauncher.execute(DefaultLauncher.java:128)
	at org.apache.maven.surefire.junitplatform.JUnitPlatformProvider.invokeAllTests(JUnitPlatformProvider.java:150)
	at org.apache.maven.surefire.junitplatform.JUnitPlatformProvider.invoke(JUnitPlatformProvider.java:124)
	at org.apache.maven.surefire.booter.ForkedBooter.invokeProviderInSameClassLoader(ForkedBooter.java:384)
	at org.apache.maven.surefire.booter.ForkedBooter.runSuitesInProcess(ForkedBooter.java:345)
	at org.apache.maven.surefire.booter.ForkedBooter.execute(ForkedBooter.java:126)
	at org.apache.maven.surefire.booter.ForkedBooter.main(ForkedBooter.java:418)
[INFO] Tests run: 4, Failures: 0, Errors: 0, Skipped: 0, Time elapsed: 1,968,991 s - in org.zalando.riptide.httpclient.ClosingTest
[INFO] Running org.zalando.riptide.httpclient.EmptyInputStreamTest
[INFO] Tests run: 1, Failures: 0, Errors: 0, Skipped: 0, Time elapsed: 33,198 s - in org.zalando.riptide.httpclient.EmptyInputStreamTest
[INFO] Running org.zalando.riptide.httpclient.ApacheClientHttpResponseBodyTest
[INFO] Tests run: 2, Failures: 0, Errors: 0, Skipped: 0, Time elapsed: 865,940 s - in org.zalando.riptide.httpclient.ApacheClientHttpResponseBodyTest
[INFO] Running org.zalando.riptide.httpclient.metrics.HttpConnectionPoolMetricsTest
[main] INFO org.eclipse.jetty.util.log - Logging initialized @2853ms to org.eclipse.jetty.util.log.Slf4jLog
[main] INFO org.eclipse.jetty.server.Server - jetty-9.4.44.v20210927; built: 2021-09-27T23:02:44.612Z; git: 8da83308eeca865e495e53ef315a249d63ba9332; jvm 1.8.0_312-b07
[main] INFO org.eclipse.jetty.server.AbstractConnector - Started ServerConnector@14d1032a{HTTP/1.1, (http/1.1)}{0.0.0.0:35615}
[main] INFO org.eclipse.jetty.server.Server - Started @3112ms
[qtp467925240-19] INFO com.github.restdriver.clientdriver.jetty.DefaultClientDriverJettyHandler - Handling: GET /
[INFO] Tests run: 1, Failures: 0, Errors: 0, Skipped: 0, Time elapsed: 494,721.704 s - in org.zalando.riptide.httpclient.metrics.HttpConnectionPoolMetricsTest
[INFO] Running org.zalando.riptide.httpclient.BufferingApacheClientHttpRequestFactoryTest
[main] INFO org.eclipse.jetty.server.Server - jetty-9.4.44.v20210927; built: 2021-09-27T23:02:44.612Z; git: 8da83308eeca865e495e53ef315a249d63ba9332; jvm 1.8.0_312-b07
[main] INFO org.eclipse.jetty.server.AbstractConnector - Started ServerConnector@537231c1{HTTP/1.1, (http/1.1)}{0.0.0.0:34465}
[main] INFO org.eclipse.jetty.server.Server - Started @4943ms
[qtp214857672-25] INFO com.github.restdriver.clientdriver.jetty.DefaultClientDriverJettyHandler - Handling: GET /
[qtp214857672-27] INFO com.github.restdriver.clientdriver.jetty.DefaultClientDriverJettyHandler - Handling: GET /
[main] INFO org.eclipse.jetty.server.Server - jetty-9.4.44.v20210927; built: 2021-09-27T23:02:44.612Z; git: 8da83308eeca865e495e53ef315a249d63ba9332; jvm 1.8.0_312-b07
[main] INFO org.eclipse.jetty.server.AbstractConnector - Started ServerConnector@5708b827{HTTP/1.1, (http/1.1)}{0.0.0.0:42871}
[main] INFO org.eclipse.jetty.server.Server - Started @5220ms
[qtp2054611385-39] INFO com.github.restdriver.clientdriver.jetty.DefaultClientDriverJettyHandler - Handling: POST /repos/zalando/riptide/contributors
[main] INFO org.eclipse.jetty.server.Server - jetty-9.4.44.v20210927; built: 2021-09-27T23:02:44.612Z; git: 8da83308eeca865e495e53ef315a249d63ba9332; jvm 1.8.0_312-b07
[main] INFO org.eclipse.jetty.server.AbstractConnector - Started ServerConnector@2ddb0d1a{HTTP/1.1, (http/1.1)}{0.0.0.0:41989}
[main] INFO org.eclipse.jetty.server.Server - Started @5355ms
[qtp564697484-48] INFO com.github.restdriver.clientdriver.jetty.DefaultClientDriverJettyHandler - Handling: GET /repos/zalando/riptide/contributors
[main] INFO org.eclipse.jetty.server.Server - jetty-9.4.44.v20210927; built: 2021-09-27T23:02:44.612Z; git: 8da83308eeca865e495e53ef315a249d63ba9332; jvm 1.8.0_312-b07
[main] INFO org.eclipse.jetty.server.AbstractConnector - Started ServerConnector@c34e260{HTTP/1.1, (http/1.1)}{0.0.0.0:45103}
[main] INFO org.eclipse.jetty.server.Server - Started @5479ms
[main] INFO org.eclipse.jetty.server.Server - jetty-9.4.44.v20210927; built: 2021-09-27T23:02:44.612Z; git: 8da83308eeca865e495e53ef315a249d63ba9332; jvm 1.8.0_312-b07
[main] INFO org.eclipse.jetty.server.AbstractConnector - Started ServerConnector@46c9a298{HTTP/1.1, (http/1.1)}{0.0.0.0:41943}
[main] INFO org.eclipse.jetty.server.Server - Started @5755ms
[qtp192030256-65] INFO com.github.restdriver.clientdriver.jetty.DefaultClientDriverJettyHandler - Handling: GET /wrong-content-type
[qtp192030256-67] INFO com.github.restdriver.clientdriver.jetty.DefaultClientDriverJettyHandler - Handling: GET /wrong-content-type
[main] INFO org.eclipse.jetty.server.Server - jetty-9.4.44.v20210927; built: 2021-09-27T23:02:44.612Z; git: 8da83308eeca865e495e53ef315a249d63ba9332; jvm 1.8.0_312-b07
[main] INFO org.eclipse.jetty.server.AbstractConnector - Started ServerConnector@4c49193a{HTTP/1.1, (http/1.1)}{0.0.0.0:33157}
[main] INFO org.eclipse.jetty.server.Server - Started @6338ms
[qtp735615886-75] INFO com.github.restdriver.clientdriver.jetty.DefaultClientDriverJettyHandler - Handling: GET /repos/zalando/riptide/contributors
[ERROR] Tests run: 6, Failures: 1, Errors: 0, Skipped: 0, Time elapsed: -833,318.296 s <<< FAILURE! - in org.zalando.riptide.httpclient.BufferingApacheClientHttpRequestFactoryTest
[ERROR] shouldReleaseConnection  Time elapsed: 371,374 s  <<< FAILURE!
org.opentest4j.AssertionFailedError: execution exceeded timeout of 750 ms by 190608250 ms
	at org.junit.jupiter.api.AssertionUtils.fail(AssertionUtils.java:39)
	at org.junit.jupiter.api.Assertions.fail(Assertions.java:134)
	at org.junit.jupiter.api.AssertTimeout.assertTimeout(AssertTimeout.java:90)
	at org.junit.jupiter.api.AssertTimeout.assertTimeout(AssertTimeout.java:70)
	at org.junit.jupiter.api.AssertTimeout.assertTimeout(AssertTimeout.java:52)
	at org.junit.jupiter.api.AssertTimeout.assertTimeout(AssertTimeout.java:48)
	at org.junit.jupiter.api.Assertions.assertTimeout(Assertions.java:3261)
	at org.zalando.riptide.httpclient.AbstractApacheClientHttpRequestFactoryTest.shouldReleaseConnection(AbstractApacheClientHttpRequestFactoryTest.java:184)
	at sun.reflect.NativeMethodAccessorImpl.invoke0(Native Method)
	at sun.reflect.NativeMethodAccessorImpl.invoke(NativeMethodAccessorImpl.java:62)
	at sun.reflect.DelegatingMethodAccessorImpl.invoke(DelegatingMethodAccessorImpl.java:43)
	at java.lang.reflect.Method.invoke(Method.java:498)
	at org.junit.platform.commons.util.ReflectionUtils.invokeMethod(ReflectionUtils.java:725)
	at org.junit.jupiter.engine.execution.MethodInvocation.proceed(MethodInvocation.java:60)
	at org.junit.jupiter.engine.execution.InvocationInterceptorChain$ValidatingInvocation.proceed(InvocationInterceptorChain.java:131)
	at org.junit.jupiter.engine.extension.TimeoutExtension.intercept(TimeoutExtension.java:149)
	at org.junit.jupiter.engine.extension.TimeoutExtension.interceptTestableMethod(TimeoutExtension.java:140)
	at org.junit.jupiter.engine.extension.TimeoutExtension.interceptTestMethod(TimeoutExtension.java:84)
	at org.junit.jupiter.engine.execution.ExecutableInvoker$ReflectiveInterceptorCall.lambda$ofVoidMethod$0(ExecutableInvoker.java:115)
	at org.junit.jupiter.engine.execution.ExecutableInvoker.lambda$invoke$0(ExecutableInvoker.java:105)
	at org.junit.jupiter.engine.execution.InvocationInterceptorChain$InterceptedInvocation.proceed(InvocationInterceptorChain.java:106)
	at org.junit.jupiter.engine.execution.InvocationInterceptorChain.proceed(InvocationInterceptorChain.java:64)
	at org.junit.jupiter.engine.execution.InvocationInterceptorChain.chainAndInvoke(InvocationInterceptorChain.java:45)
	at org.junit.jupiter.engine.execution.InvocationInterceptorChain.invoke(InvocationInterceptorChain.java:37)
	at org.junit.jupiter.engine.execution.ExecutableInvoker.invoke(ExecutableInvoker.java:104)
	at org.junit.jupiter.engine.execution.ExecutableInvoker.invoke(ExecutableInvoker.java:98)
	at org.junit.jupiter.engine.descriptor.TestMethodTestDescriptor.lambda$invokeTestMethod$7(TestMethodTestDescriptor.java:214)
	at org.junit.platform.engine.support.hierarchical.ThrowableCollector.execute(ThrowableCollector.java:73)
	at org.junit.jupiter.engine.descriptor.TestMethodTestDescriptor.invokeTestMethod(TestMethodTestDescriptor.java:210)
	at org.junit.jupiter.engine.descriptor.TestMethodTestDescriptor.execute(TestMethodTestDescriptor.java:135)
	at org.junit.jupiter.engine.descriptor.TestMethodTestDescriptor.execute(TestMethodTestDescriptor.java:66)
	at org.junit.platform.engine.support.hierarchical.NodeTestTask.lambda$executeRecursively$6(NodeTestTask.java:151)
	at org.junit.platform.engine.support.hierarchical.ThrowableCollector.execute(ThrowableCollector.java:73)
	at org.junit.platform.engine.support.hierarchical.NodeTestTask.lambda$executeRecursively$8(NodeTestTask.java:141)
	at org.junit.platform.engine.support.hierarchical.Node.around(Node.java:137)
	at org.junit.platform.engine.support.hierarchical.NodeTestTask.lambda$executeRecursively$9(NodeTestTask.java:139)
	at org.junit.platform.engine.support.hierarchical.ThrowableCollector.execute(ThrowableCollector.java:73)
	at org.junit.platform.engine.support.hierarchical.NodeTestTask.executeRecursively(NodeTestTask.java:138)
	at org.junit.platform.engine.support.hierarchical.NodeTestTask.execute(NodeTestTask.java:95)
	at java.util.ArrayList.forEach(ArrayList.java:1259)
	at org.junit.platform.engine.support.hierarchical.SameThreadHierarchicalTestExecutorService.invokeAll(SameThreadHierarchicalTestExecutorService.java:41)
	at org.junit.platform.engine.support.hierarchical.NodeTestTask.lambda$executeRecursively$6(NodeTestTask.java:155)
	at org.junit.platform.engine.support.hierarchical.ThrowableCollector.execute(ThrowableCollector.java:73)
	at org.junit.platform.engine.support.hierarchical.NodeTestTask.lambda$executeRecursively$8(NodeTestTask.java:141)
	at org.junit.platform.engine.support.hierarchical.Node.around(Node.java:137)
	at org.junit.platform.engine.support.hierarchical.NodeTestTask.lambda$executeRecursively$9(NodeTestTask.java:139)
	at org.junit.platform.engine.support.hierarchical.ThrowableCollector.execute(ThrowableCollector.java:73)
	at org.junit.platform.engine.support.hierarchical.NodeTestTask.executeRecursively(NodeTestTask.java:138)
	at org.junit.platform.engine.support.hierarchical.NodeTestTask.execute(NodeTestTask.java:95)
	at java.util.ArrayList.forEach(ArrayList.java:1259)
	at org.junit.platform.engine.support.hierarchical.SameThreadHierarchicalTestExecutorService.invokeAll(SameThreadHierarchicalTestExecutorService.java:41)
	at org.junit.platform.engine.support.hierarchical.NodeTestTask.lambda$executeRecursively$6(NodeTestTask.java:155)
	at org.junit.platform.engine.support.hierarchical.ThrowableCollector.execute(ThrowableCollector.java:73)
	at org.junit.platform.engine.support.hierarchical.NodeTestTask.lambda$executeRecursively$8(NodeTestTask.java:141)
	at org.junit.platform.engine.support.hierarchical.Node.around(Node.java:137)
	at org.junit.platform.engine.support.hierarchical.NodeTestTask.lambda$executeRecursively$9(NodeTestTask.java:139)
	at org.junit.platform.engine.support.hierarchical.ThrowableCollector.execute(ThrowableCollector.java:73)
	at org.junit.platform.engine.support.hierarchical.NodeTestTask.executeRecursively(NodeTestTask.java:138)
	at org.junit.platform.engine.support.hierarchical.NodeTestTask.execute(NodeTestTask.java:95)
	at org.junit.platform.engine.support.hierarchical.SameThreadHierarchicalTestExecutorService.submit(SameThreadHierarchicalTestExecutorService.java:35)
	at org.junit.platform.engine.support.hierarchical.HierarchicalTestExecutor.execute(HierarchicalTestExecutor.java:57)
	at org.junit.platform.engine.support.hierarchical.HierarchicalTestEngine.execute(HierarchicalTestEngine.java:54)
	at org.junit.platform.launcher.core.DefaultLauncher.execute(DefaultLauncher.java:220)
	at org.junit.platform.launcher.core.DefaultLauncher.lambda$execute$6(DefaultLauncher.java:188)
	at org.junit.platform.launcher.core.DefaultLauncher.withInterceptedStreams(DefaultLauncher.java:202)
	at org.junit.platform.launcher.core.DefaultLauncher.execute(DefaultLauncher.java:181)
	at org.junit.platform.launcher.core.DefaultLauncher.execute(DefaultLauncher.java:128)
	at org.apache.maven.surefire.junitplatform.JUnitPlatformProvider.invokeAllTests(JUnitPlatformProvider.java:150)
	at org.apache.maven.surefire.junitplatform.JUnitPlatformProvider.invoke(JUnitPlatformProvider.java:124)
	at org.apache.maven.surefire.booter.ForkedBooter.invokeProviderInSameClassLoader(ForkedBooter.java:384)
	at org.apache.maven.surefire.booter.ForkedBooter.runSuitesInProcess(ForkedBooter.java:345)
	at org.apache.maven.surefire.booter.ForkedBooter.execute(ForkedBooter.java:126)
	at org.apache.maven.surefire.booter.ForkedBooter.main(ForkedBooter.java:418)

[INFO] Running org.zalando.riptide.httpclient.EndOfStreamAwareInputStreamTest
[INFO] Tests run: 6, Failures: 0, Errors: 0, Skipped: 0, Time elapsed: 88,498 s - in org.zalando.riptide.httpclient.EndOfStreamAwareInputStreamTest
[INFO] Running org.zalando.riptide.httpclient.StreamingApacheClientHttpRequestTest
[INFO] Tests run: 3, Failures: 0, Errors: 0, Skipped: 0, Time elapsed: 327,518 s - in org.zalando.riptide.httpclient.StreamingApacheClientHttpRequestTest
[INFO] Running org.zalando.riptide.httpclient.StreamingApacheClientHttpRequestFactoryTest
[main] INFO org.eclipse.jetty.server.Server - jetty-9.4.44.v20210927; built: 2021-09-27T23:02:44.612Z; git: 8da83308eeca865e495e53ef315a249d63ba9332; jvm 1.8.0_312-b07
[main] INFO org.eclipse.jetty.server.AbstractConnector - Started ServerConnector@668c8c55{HTTP/1.1, (http/1.1)}{0.0.0.0:44875}
[main] INFO org.eclipse.jetty.server.Server - Started @6759ms
[qtp834250280-85] INFO com.github.restdriver.clientdriver.jetty.DefaultClientDriverJettyHandler - Handling: GET /
[qtp834250280-81] INFO com.github.restdriver.clientdriver.jetty.DefaultClientDriverJettyHandler - Handling: GET /
[main] INFO org.eclipse.jetty.server.Server - jetty-9.4.44.v20210927; built: 2021-09-27T23:02:44.612Z; git: 8da83308eeca865e495e53ef315a249d63ba9332; jvm 1.8.0_312-b07
[main] INFO org.eclipse.jetty.server.AbstractConnector - Started ServerConnector@10683f87{HTTP/1.1, (http/1.1)}{0.0.0.0:34481}
[main] INFO org.eclipse.jetty.server.Server - Started @7216ms
[qtp322098350-96] INFO com.github.restdriver.clientdriver.jetty.DefaultClientDriverJettyHandler - Handling: POST /repos/zalando/riptide/contributors
[main] INFO org.eclipse.jetty.server.Server - jetty-9.4.44.v20210927; built: 2021-09-27T23:02:44.612Z; git: 8da83308eeca865e495e53ef315a249d63ba9332; jvm 1.8.0_312-b07
[main] INFO org.eclipse.jetty.server.AbstractConnector - Started ServerConnector@7aaa4694{HTTP/1.1, (http/1.1)}{0.0.0.0:35369}
[main] INFO org.eclipse.jetty.server.Server - Started @7351ms
[qtp1685350292-104] INFO com.github.restdriver.clientdriver.jetty.DefaultClientDriverJettyHandler - Handling: GET /repos/zalando/riptide/contributors
[main] INFO org.eclipse.jetty.server.Server - jetty-9.4.44.v20210927; built: 2021-09-27T23:02:44.612Z; git: 8da83308eeca865e495e53ef315a249d63ba9332; jvm 1.8.0_312-b07
[main] INFO org.eclipse.jetty.server.AbstractConnector - Started ServerConnector@a3739e1{HTTP/1.1, (http/1.1)}{0.0.0.0:38589}
[main] INFO org.eclipse.jetty.server.Server - Started @7495ms
[main] INFO org.eclipse.jetty.server.Server - jetty-9.4.44.v20210927; built: 2021-09-27T23:02:44.612Z; git: 8da83308eeca865e495e53ef315a249d63ba9332; jvm 1.8.0_312-b07
[main] INFO org.eclipse.jetty.server.AbstractConnector - Started ServerConnector@6f099f77{HTTP/1.1, (http/1.1)}{0.0.0.0:38261}
[main] INFO org.eclipse.jetty.server.Server - Started @7595ms
[qtp1853728244-122] INFO com.github.restdriver.clientdriver.jetty.DefaultClientDriverJettyHandler - Handling: GET /wrong-content-type
[qtp1853728244-121] INFO com.github.restdriver.clientdriver.jetty.DefaultClientDriverJettyHandler - Handling: GET /wrong-content-type
[main] INFO org.eclipse.jetty.server.Server - jetty-9.4.44.v20210927; built: 2021-09-27T23:02:44.612Z; git: 8da83308eeca865e495e53ef315a249d63ba9332; jvm 1.8.0_312-b07
[main] INFO org.eclipse.jetty.server.AbstractConnector - Started ServerConnector@530aaa86{HTTP/1.1, (http/1.1)}{0.0.0.0:37377}
[main] INFO org.eclipse.jetty.server.Server - Started @8156ms
[qtp836701411-127] INFO com.github.restdriver.clientdriver.jetty.DefaultClientDriverJettyHandler - Handling: GET /repos/zalando/riptide/contributors
[ERROR] Tests run: 6, Failures: 1, Errors: 0, Skipped: 0, Time elapsed: -795,625.296 s <<< FAILURE! - in org.zalando.riptide.httpclient.StreamingApacheClientHttpRequestFactoryTest
[ERROR] shouldReleaseConnection  Time elapsed: 717,168 s  <<< FAILURE!
org.opentest4j.AssertionFailedError: execution exceeded timeout of 750 ms by 666804250 ms
	at org.junit.jupiter.api.AssertionUtils.fail(AssertionUtils.java:39)
	at org.junit.jupiter.api.Assertions.fail(Assertions.java:134)
	at org.junit.jupiter.api.AssertTimeout.assertTimeout(AssertTimeout.java:90)
	at org.junit.jupiter.api.AssertTimeout.assertTimeout(AssertTimeout.java:70)
	at org.junit.jupiter.api.AssertTimeout.assertTimeout(AssertTimeout.java:52)
	at org.junit.jupiter.api.AssertTimeout.assertTimeout(AssertTimeout.java:48)
	at org.junit.jupiter.api.Assertions.assertTimeout(Assertions.java:3261)
	at org.zalando.riptide.httpclient.AbstractApacheClientHttpRequestFactoryTest.shouldReleaseConnection(AbstractApacheClientHttpRequestFactoryTest.java:184)
	at sun.reflect.NativeMethodAccessorImpl.invoke0(Native Method)
	at sun.reflect.NativeMethodAccessorImpl.invoke(NativeMethodAccessorImpl.java:62)
	at sun.reflect.DelegatingMethodAccessorImpl.invoke(DelegatingMethodAccessorImpl.java:43)
	at java.lang.reflect.Method.invoke(Method.java:498)
	at org.junit.platform.commons.util.ReflectionUtils.invokeMethod(ReflectionUtils.java:725)
	at org.junit.jupiter.engine.execution.MethodInvocation.proceed(MethodInvocation.java:60)
	at org.junit.jupiter.engine.execution.InvocationInterceptorChain$ValidatingInvocation.proceed(InvocationInterceptorChain.java:131)
	at org.junit.jupiter.engine.extension.TimeoutExtension.intercept(TimeoutExtension.java:149)
	at org.junit.jupiter.engine.extension.TimeoutExtension.interceptTestableMethod(TimeoutExtension.java:140)
	at org.junit.jupiter.engine.extension.TimeoutExtension.interceptTestMethod(TimeoutExtension.java:84)
	at org.junit.jupiter.engine.execution.ExecutableInvoker$ReflectiveInterceptorCall.lambda$ofVoidMethod$0(ExecutableInvoker.java:115)
	at org.junit.jupiter.engine.execution.ExecutableInvoker.lambda$invoke$0(ExecutableInvoker.java:105)
	at org.junit.jupiter.engine.execution.InvocationInterceptorChain$InterceptedInvocation.proceed(InvocationInterceptorChain.java:106)
	at org.junit.jupiter.engine.execution.InvocationInterceptorChain.proceed(InvocationInterceptorChain.java:64)
	at org.junit.jupiter.engine.execution.InvocationInterceptorChain.chainAndInvoke(InvocationInterceptorChain.java:45)
	at org.junit.jupiter.engine.execution.InvocationInterceptorChain.invoke(InvocationInterceptorChain.java:37)
	at org.junit.jupiter.engine.execution.ExecutableInvoker.invoke(ExecutableInvoker.java:104)
	at org.junit.jupiter.engine.execution.ExecutableInvoker.invoke(ExecutableInvoker.java:98)
	at org.junit.jupiter.engine.descriptor.TestMethodTestDescriptor.lambda$invokeTestMethod$7(TestMethodTestDescriptor.java:214)
	at org.junit.platform.engine.support.hierarchical.ThrowableCollector.execute(ThrowableCollector.java:73)
	at org.junit.jupiter.engine.descriptor.TestMethodTestDescriptor.invokeTestMethod(TestMethodTestDescriptor.java:210)
	at org.junit.jupiter.engine.descriptor.TestMethodTestDescriptor.execute(TestMethodTestDescriptor.java:135)
	at org.junit.jupiter.engine.descriptor.TestMethodTestDescriptor.execute(TestMethodTestDescriptor.java:66)
	at org.junit.platform.engine.support.hierarchical.NodeTestTask.lambda$executeRecursively$6(NodeTestTask.java:151)
	at org.junit.platform.engine.support.hierarchical.ThrowableCollector.execute(ThrowableCollector.java:73)
	at org.junit.platform.engine.support.hierarchical.NodeTestTask.lambda$executeRecursively$8(NodeTestTask.java:141)
	at org.junit.platform.engine.support.hierarchical.Node.around(Node.java:137)
	at org.junit.platform.engine.support.hierarchical.NodeTestTask.lambda$executeRecursively$9(NodeTestTask.java:139)
	at org.junit.platform.engine.support.hierarchical.ThrowableCollector.execute(ThrowableCollector.java:73)
	at org.junit.platform.engine.support.hierarchical.NodeTestTask.executeRecursively(NodeTestTask.java:138)
	at org.junit.platform.engine.support.hierarchical.NodeTestTask.execute(NodeTestTask.java:95)
	at java.util.ArrayList.forEach(ArrayList.java:1259)
	at org.junit.platform.engine.support.hierarchical.SameThreadHierarchicalTestExecutorService.invokeAll(SameThreadHierarchicalTestExecutorService.java:41)
	at org.junit.platform.engine.support.hierarchical.NodeTestTask.lambda$executeRecursively$6(NodeTestTask.java:155)
	at org.junit.platform.engine.support.hierarchical.ThrowableCollector.execute(ThrowableCollector.java:73)
	at org.junit.platform.engine.support.hierarchical.NodeTestTask.lambda$executeRecursively$8(NodeTestTask.java:141)
	at org.junit.platform.engine.support.hierarchical.Node.around(Node.java:137)
	at org.junit.platform.engine.support.hierarchical.NodeTestTask.lambda$executeRecursively$9(NodeTestTask.java:139)
	at org.junit.platform.engine.support.hierarchical.ThrowableCollector.execute(ThrowableCollector.java:73)
	at org.junit.platform.engine.support.hierarchical.NodeTestTask.executeRecursively(NodeTestTask.java:138)
	at org.junit.platform.engine.support.hierarchical.NodeTestTask.execute(NodeTestTask.java:95)
	at java.util.ArrayList.forEach(ArrayList.java:1259)
	at org.junit.platform.engine.support.hierarchical.SameThreadHierarchicalTestExecutorService.invokeAll(SameThreadHierarchicalTestExecutorService.java:41)
	at org.junit.platform.engine.support.hierarchical.NodeTestTask.lambda$executeRecursively$6(NodeTestTask.java:155)
	at org.junit.platform.engine.support.hierarchical.ThrowableCollector.execute(ThrowableCollector.java:73)
	at org.junit.platform.engine.support.hierarchical.NodeTestTask.lambda$executeRecursively$8(NodeTestTask.java:141)
	at org.junit.platform.engine.support.hierarchical.Node.around(Node.java:137)
	at org.junit.platform.engine.support.hierarchical.NodeTestTask.lambda$executeRecursively$9(NodeTestTask.java:139)
	at org.junit.platform.engine.support.hierarchical.ThrowableCollector.execute(ThrowableCollector.java:73)
	at org.junit.platform.engine.support.hierarchical.NodeTestTask.executeRecursively(NodeTestTask.java:138)
	at org.junit.platform.engine.support.hierarchical.NodeTestTask.execute(NodeTestTask.java:95)
	at org.junit.platform.engine.support.hierarchical.SameThreadHierarchicalTestExecutorService.submit(SameThreadHierarchicalTestExecutorService.java:35)
	at org.junit.platform.engine.support.hierarchical.HierarchicalTestExecutor.execute(HierarchicalTestExecutor.java:57)
	at org.junit.platform.engine.support.hierarchical.HierarchicalTestEngine.execute(HierarchicalTestEngine.java:54)
	at org.junit.platform.launcher.core.DefaultLauncher.execute(DefaultLauncher.java:220)
	at org.junit.platform.launcher.core.DefaultLauncher.lambda$execute$6(DefaultLauncher.java:188)
	at org.junit.platform.launcher.core.DefaultLauncher.withInterceptedStreams(DefaultLauncher.java:202)
	at org.junit.platform.launcher.core.DefaultLauncher.execute(DefaultLauncher.java:181)
	at org.junit.platform.launcher.core.DefaultLauncher.execute(DefaultLauncher.java:128)
	at org.apache.maven.surefire.junitplatform.JUnitPlatformProvider.invokeAllTests(JUnitPlatformProvider.java:150)
	at org.apache.maven.surefire.junitplatform.JUnitPlatformProvider.invoke(JUnitPlatformProvider.java:124)
	at org.apache.maven.surefire.booter.ForkedBooter.invokeProviderInSameClassLoader(ForkedBooter.java:384)
	at org.apache.maven.surefire.booter.ForkedBooter.runSuitesInProcess(ForkedBooter.java:345)
	at org.apache.maven.surefire.booter.ForkedBooter.execute(ForkedBooter.java:126)
	at org.apache.maven.surefire.booter.ForkedBooter.main(ForkedBooter.java:418)

[INFO] 
[INFO] Results:
[INFO] 
[ERROR] Failures: 
[ERROR]   BufferingApacheClientHttpRequestFactoryTest>AbstractApacheClientHttpRequestFactoryTest.shouldReleaseConnection:184 execution exceeded timeout of 750 ms by 190608250 ms
[ERROR]   StreamingApacheClientHttpRequestFactoryTest>AbstractApacheClientHttpRequestFactoryTest.shouldReleaseConnection:184 execution exceeded timeout of 750 ms by 666804250 ms
[INFO] 
[ERROR] Tests run: 29, Failures: 2, Errors: 0, Skipped: 0
[INFO] 
[INFO] 
[INFO] ------------------------------------------------------------------------
[INFO] Skipping Riptide: Authorization
[INFO] This project has been banned from the build due to previous failures.
[INFO] ------------------------------------------------------------------------
[INFO] 
[INFO] ----------------------< org.zalando:riptide-bom >-----------------------
[INFO] Building Riptide: Bill of Materials 3.1.0-SNAPSHOT                [6/22]
[INFO] --------------------------------[ pom ]---------------------------------
[INFO] 
[INFO] --- maven-enforcer-plugin:3.0.0:enforce (enforce-maven) @ riptide-bom ---
[INFO] 
[INFO] --- duplicate-finder-maven-plugin:1.5.0:check (default) @ riptide-bom ---
[INFO] Ignoring POM project!
[INFO] 
[INFO] --- jacoco-maven-plugin:0.8.7:prepare-agent (prepare-agent) @ riptide-bom ---
[INFO] argLine set to -javaagent:/root/.m2/repository/org/jacoco/org.jacoco.agent/0.8.7/org.jacoco.agent-0.8.7-runtime.jar=destfile=/home/target/riptide-bom/target/jacoco.exec
[INFO] 
[INFO] ------------------------------------------------------------------------
[INFO] Skipping Riptide: Chaos
[INFO] This project has been banned from the build due to previous failures.
[INFO] ------------------------------------------------------------------------
[INFO] 
[INFO] --------------------< org.zalando:riptide-problem >---------------------
[INFO] Building Riptide: Problem 3.1.0-SNAPSHOT                          [7/22]
[INFO] --------------------------------[ jar ]---------------------------------
[INFO] 
[INFO] --- maven-enforcer-plugin:3.0.0:enforce (enforce-maven) @ riptide-problem ---
[INFO] 
[INFO] --- duplicate-finder-maven-plugin:1.5.0:check (default) @ riptide-problem ---
[INFO] Checking compile classpath
[INFO] Checking runtime classpath
[INFO] Checking test classpath
[INFO] 
[INFO] --- jacoco-maven-plugin:0.8.7:prepare-agent (prepare-agent) @ riptide-problem ---
[INFO] argLine set to -javaagent:/root/.m2/repository/org/jacoco/org.jacoco.agent/0.8.7/org.jacoco.agent-0.8.7-runtime.jar=destfile=/home/target/riptide-problem/target/jacoco.exec
[INFO] 
[INFO] --- maven-resources-plugin:3.2.0:resources (default-resources) @ riptide-problem ---
[INFO] Using 'UTF-8' encoding to copy filtered resources.
[INFO] Using 'UTF-8' encoding to copy filtered properties files.
[INFO] skip non existing resourceDirectory /home/target/riptide-problem/src/main/resources
[INFO] 
[INFO] --- maven-compiler-plugin:3.8.1:compile (default-compile) @ riptide-problem ---
[INFO] Nothing to compile - all classes are up to date
[INFO] 
[INFO] --- maven-resources-plugin:3.2.0:testResources (default-testResources) @ riptide-problem ---
[INFO] Using 'UTF-8' encoding to copy filtered resources.
[INFO] Using 'UTF-8' encoding to copy filtered properties files.
[INFO] Copying 1 resource
[INFO] 
[INFO] --- maven-compiler-plugin:3.8.1:testCompile (default-testCompile) @ riptide-problem ---
[INFO] Nothing to compile - all classes are up to date
[INFO] 
[INFO] --- maven-surefire-plugin:2.22.2:test (default-test) @ riptide-problem ---
[INFO] 
[INFO] -------------------------------------------------------
[INFO]  T E S T S
[INFO] -------------------------------------------------------
[INFO] Running org.zalando.riptide.problem.ProblemRouteTest
[INFO] Tests run: 7, Failures: 0, Errors: 0, Skipped: 0, Time elapsed: 801,307.704 s - in org.zalando.riptide.problem.ProblemRouteTest
[INFO] 
[INFO] Results:
[INFO] 
[INFO] Tests run: 7, Failures: 0, Errors: 0, Skipped: 0
[INFO] 
[INFO] 
[INFO] -----------------< org.zalando:riptide-compatibility >------------------
[INFO] Building Riptide: Compatibility 3.1.0-SNAPSHOT                    [8/22]
[INFO] --------------------------------[ jar ]---------------------------------
[INFO] 
[INFO] --- maven-enforcer-plugin:3.0.0:enforce (enforce-maven) @ riptide-compatibility ---
[INFO] 
[INFO] --- duplicate-finder-maven-plugin:1.5.0:check (default) @ riptide-compatibility ---
[INFO] Checking compile classpath
[INFO] Checking runtime classpath
[INFO] Checking test classpath
[INFO] 
[INFO] --- jacoco-maven-plugin:0.8.7:prepare-agent (prepare-agent) @ riptide-compatibility ---
[INFO] argLine set to -javaagent:/root/.m2/repository/org/jacoco/org.jacoco.agent/0.8.7/org.jacoco.agent-0.8.7-runtime.jar=destfile=/home/target/riptide-compatibility/target/jacoco.exec
[INFO] 
[INFO] --- maven-resources-plugin:3.2.0:resources (default-resources) @ riptide-compatibility ---
[INFO] Using 'UTF-8' encoding to copy filtered resources.
[INFO] Using 'UTF-8' encoding to copy filtered properties files.
[INFO] skip non existing resourceDirectory /home/target/riptide-compatibility/src/main/resources
[INFO] 
[INFO] --- maven-compiler-plugin:3.8.1:compile (default-compile) @ riptide-compatibility ---
[INFO] Nothing to compile - all classes are up to date
[INFO] 
[INFO] --- maven-resources-plugin:3.2.0:testResources (default-testResources) @ riptide-compatibility ---
[INFO] Using 'UTF-8' encoding to copy filtered resources.
[INFO] Using 'UTF-8' encoding to copy filtered properties files.
[INFO] skip non existing resourceDirectory /home/target/riptide-compatibility/src/test/resources
[INFO] 
[INFO] --- maven-compiler-plugin:3.8.1:testCompile (default-testCompile) @ riptide-compatibility ---
[INFO] Nothing to compile - all classes are up to date
[INFO] 
[INFO] --- maven-surefire-plugin:2.22.2:test (default-test) @ riptide-compatibility ---
[INFO] 
[INFO] -------------------------------------------------------
[INFO]  T E S T S
[INFO] -------------------------------------------------------
[INFO] Running org.zalando.riptide.compatibility.AsyncHttpOperationsTest
[main] INFO org.eclipse.jetty.util.log - Logging initialized @1890ms to org.eclipse.jetty.util.log.Slf4jLog
[main] INFO org.eclipse.jetty.server.Server - jetty-9.4.44.v20210927; built: 2021-09-27T23:02:44.612Z; git: 8da83308eeca865e495e53ef315a249d63ba9332; jvm 1.8.0_312-b07
[main] INFO org.eclipse.jetty.server.AbstractConnector - Started ServerConnector@6a1d6ef2{HTTP/1.1, (http/1.1)}{0.0.0.0:42031}
[main] INFO org.eclipse.jetty.server.Server - Started @2152ms
[qtp1815095837-19] INFO com.github.restdriver.clientdriver.jetty.DefaultClientDriverJettyHandler - Handling: GET /users/1
[main] INFO com.github.restdriver.clientdriver.ClientDriver - Beginning verification
[main] INFO org.eclipse.jetty.server.AbstractConnector - Stopped ServerConnector@6a1d6ef2{HTTP/1.1, (http/1.1)}{0.0.0.0:0}
[main] INFO com.github.restdriver.clientdriver.ClientDriver - Beginning verification
[main] INFO org.eclipse.jetty.server.Server - jetty-9.4.44.v20210927; built: 2021-09-27T23:02:44.612Z; git: 8da83308eeca865e495e53ef315a249d63ba9332; jvm 1.8.0_312-b07
[main] INFO org.eclipse.jetty.server.AbstractConnector - Started ServerConnector@3bd552f7{HTTP/1.1, (http/1.1)}{0.0.0.0:36983}
[main] INFO org.eclipse.jetty.server.Server - Started @4755ms
[qtp302236249-29] INFO com.github.restdriver.clientdriver.jetty.DefaultClientDriverJettyHandler - Handling: GET /users/1
[main] INFO com.github.restdriver.clientdriver.ClientDriver - Beginning verification
[main] INFO org.eclipse.jetty.server.AbstractConnector - Stopped ServerConnector@3bd552f7{HTTP/1.1, (http/1.1)}{0.0.0.0:0}
[main] INFO com.github.restdriver.clientdriver.ClientDriver - Beginning verification
[main] INFO org.eclipse.jetty.server.Server - jetty-9.4.44.v20210927; built: 2021-09-27T23:02:44.612Z; git: 8da83308eeca865e495e53ef315a249d63ba9332; jvm 1.8.0_312-b07
[main] INFO org.eclipse.jetty.server.AbstractConnector - Started ServerConnector@3272c5b3{HTTP/1.1, (http/1.1)}{0.0.0.0:44805}
[main] INFO org.eclipse.jetty.server.Server - Started @4892ms
[qtp189129316-39] INFO com.github.restdriver.clientdriver.jetty.DefaultClientDriverJettyHandler - Handling: GET /users/1
[main] INFO com.github.restdriver.clientdriver.ClientDriver - Beginning verification
[main] INFO org.eclipse.jetty.server.AbstractConnector - Stopped ServerConnector@3272c5b3{HTTP/1.1, (http/1.1)}{0.0.0.0:0}
[main] INFO com.github.restdriver.clientdriver.ClientDriver - Beginning verification
[main] INFO org.eclipse.jetty.server.Server - jetty-9.4.44.v20210927; built: 2021-09-27T23:02:44.612Z; git: 8da83308eeca865e495e53ef315a249d63ba9332; jvm 1.8.0_312-b07
[main] INFO org.eclipse.jetty.server.AbstractConnector - Started ServerConnector@4821e1a3{HTTP/1.1, (http/1.1)}{0.0.0.0:37933}
[main] INFO org.eclipse.jetty.server.Server - Started @4992ms
[qtp1042824986-49] INFO com.github.restdriver.clientdriver.jetty.DefaultClientDriverJettyHandler - Handling: PUT /users/1
[main] INFO com.github.restdriver.clientdriver.ClientDriver - Beginning verification
[main] INFO org.eclipse.jetty.server.AbstractConnector - Stopped ServerConnector@4821e1a3{HTTP/1.1, (http/1.1)}{0.0.0.0:0}
[main] INFO com.github.restdriver.clientdriver.ClientDriver - Beginning verification
[main] INFO org.eclipse.jetty.server.Server - jetty-9.4.44.v20210927; built: 2021-09-27T23:02:44.612Z; git: 8da83308eeca865e495e53ef315a249d63ba9332; jvm 1.8.0_312-b07
[main] INFO org.eclipse.jetty.server.AbstractConnector - Started ServerConnector@5acf51d7{HTTP/1.1, (http/1.1)}{0.0.0.0:39945}
[main] INFO org.eclipse.jetty.server.Server - Started @5145ms
[qtp347805422-60] INFO com.github.restdriver.clientdriver.jetty.DefaultClientDriverJettyHandler - Handling: PUT /users/1
[main] INFO com.github.restdriver.clientdriver.ClientDriver - Beginning verification
[main] INFO org.eclipse.jetty.server.AbstractConnector - Stopped ServerConnector@5acf51d7{HTTP/1.1, (http/1.1)}{0.0.0.0:0}
[main] INFO com.github.restdriver.clientdriver.ClientDriver - Beginning verification
[main] INFO org.eclipse.jetty.server.Server - jetty-9.4.44.v20210927; built: 2021-09-27T23:02:44.612Z; git: 8da83308eeca865e495e53ef315a249d63ba9332; jvm 1.8.0_312-b07
[main] INFO org.eclipse.jetty.server.AbstractConnector - Started ServerConnector@7bb6a1f4{HTTP/1.1, (http/1.1)}{0.0.0.0:40295}
[main] INFO org.eclipse.jetty.server.Server - Started @5229ms
[qtp90778062-69] INFO com.github.restdriver.clientdriver.jetty.DefaultClientDriverJettyHandler - Handling: PUT /users/1
[main] INFO com.github.restdriver.clientdriver.ClientDriver - Beginning verification
[main] INFO org.eclipse.jetty.server.AbstractConnector - Stopped ServerConnector@7bb6a1f4{HTTP/1.1, (http/1.1)}{0.0.0.0:0}
[main] INFO com.github.restdriver.clientdriver.ClientDriver - Beginning verification
[main] INFO org.eclipse.jetty.server.Server - jetty-9.4.44.v20210927; built: 2021-09-27T23:02:44.612Z; git: 8da83308eeca865e495e53ef315a249d63ba9332; jvm 1.8.0_312-b07
[main] INFO org.eclipse.jetty.server.AbstractConnector - Started ServerConnector@eb1d7c8{HTTP/1.1, (http/1.1)}{0.0.0.0:44189}
[main] INFO org.eclipse.jetty.server.Server - Started @5277ms
[qtp343115305-79] INFO com.github.restdriver.clientdriver.jetty.DefaultClientDriverJettyHandler - Handling: POST /departments/1/users
[main] INFO com.github.restdriver.clientdriver.ClientDriver - Beginning verification
[main] INFO org.eclipse.jetty.server.AbstractConnector - Stopped ServerConnector@eb1d7c8{HTTP/1.1, (http/1.1)}{0.0.0.0:0}
[main] WARN org.eclipse.jetty.util.thread.QueuedThreadPool - QueuedThreadPool[qtp343115305]@14738629{STOPPING,8<=0<=200,i=7,r=-1,q=0}[NO_TRY] Couldn't stop Thread[qtp343115305-74,5,]
[main] INFO com.github.restdriver.clientdriver.ClientDriver - Beginning verification
[main] INFO org.eclipse.jetty.server.Server - jetty-9.4.44.v20210927; built: 2021-09-27T23:02:44.612Z; git: 8da83308eeca865e495e53ef315a249d63ba9332; jvm 1.8.0_312-b07
[main] INFO org.eclipse.jetty.server.AbstractConnector - Started ServerConnector@7a68818c{HTTP/1.1, (http/1.1)}{0.0.0.0:33931}
[main] INFO org.eclipse.jetty.server.Server - Started @5330ms
[qtp1564215093-86] INFO com.github.restdriver.clientdriver.jetty.DefaultClientDriverJettyHandler - Handling: POST /departments/1/users
[main] INFO com.github.restdriver.clientdriver.ClientDriver - Beginning verification
[main] INFO org.eclipse.jetty.server.AbstractConnector - Stopped ServerConnector@7a68818c{HTTP/1.1, (http/1.1)}{0.0.0.0:0}
[main] INFO com.github.restdriver.clientdriver.ClientDriver - Beginning verification
[main] INFO org.eclipse.jetty.server.Server - jetty-9.4.44.v20210927; built: 2021-09-27T23:02:44.612Z; git: 8da83308eeca865e495e53ef315a249d63ba9332; jvm 1.8.0_312-b07
[main] INFO org.eclipse.jetty.server.AbstractConnector - Started ServerConnector@5f9b37b5{HTTP/1.1, (http/1.1)}{0.0.0.0:38493}
[main] INFO org.eclipse.jetty.server.Server - Started @5378ms
[qtp461118575-97] INFO com.github.restdriver.clientdriver.jetty.DefaultClientDriverJettyHandler - Handling: POST /departments/1/users
[main] INFO com.github.restdriver.clientdriver.ClientDriver - Beginning verification
[main] INFO org.eclipse.jetty.server.AbstractConnector - Stopped ServerConnector@5f9b37b5{HTTP/1.1, (http/1.1)}{0.0.0.0:0}
[main] WARN org.eclipse.jetty.util.thread.QueuedThreadPool - QueuedThreadPool[qtp461118575]@1b7c1c6f{STOPPING,8<=0<=200,i=7,r=-1,q=0}[NO_TRY] Couldn't stop Thread[qtp461118575-96,5,main]
[main] WARN org.eclipse.jetty.util.thread.QueuedThreadPool - QueuedThreadPool[qtp461118575]@1b7c1c6f{STOPPING,8<=0<=200,i=7,r=-1,q=0}[NO_TRY] Couldn't stop Thread[qtp461118575-100,5,main]
[main] WARN org.eclipse.jetty.util.thread.QueuedThreadPool - QueuedThreadPool[qtp461118575]@1b7c1c6f{STOPPING,8<=0<=200,i=7,r=-1,q=0}[NO_TRY] Couldn't stop Thread[qtp461118575-95,5,main]
[main] INFO com.github.restdriver.clientdriver.ClientDriver - Beginning verification
[main] INFO org.eclipse.jetty.server.Server - jetty-9.4.44.v20210927; built: 2021-09-27T23:02:44.612Z; git: 8da83308eeca865e495e53ef315a249d63ba9332; jvm 1.8.0_312-b07
[main] INFO org.eclipse.jetty.server.AbstractConnector - Started ServerConnector@28878a52{HTTP/1.1, (http/1.1)}{0.0.0.0:41667}
[main] INFO org.eclipse.jetty.server.Server - Started @5448ms
[qtp1426908073-109] INFO com.github.restdriver.clientdriver.jetty.DefaultClientDriverJettyHandler - Handling: DELETE /users/1
[main] INFO com.github.restdriver.clientdriver.ClientDriver - Beginning verification
[main] INFO org.eclipse.jetty.server.AbstractConnector - Stopped ServerConnector@28878a52{HTTP/1.1, (http/1.1)}{0.0.0.0:0}
[main] INFO com.github.restdriver.clientdriver.ClientDriver - Beginning verification
[main] INFO org.eclipse.jetty.server.Server - jetty-9.4.44.v20210927; built: 2021-09-27T23:02:44.612Z; git: 8da83308eeca865e495e53ef315a249d63ba9332; jvm 1.8.0_312-b07
[main] INFO org.eclipse.jetty.server.AbstractConnector - Started ServerConnector@4d5aeea7{HTTP/1.1, (http/1.1)}{0.0.0.0:34339}
[main] INFO org.eclipse.jetty.server.Server - Started @5534ms
[qtp1976075614-118] INFO com.github.restdriver.clientdriver.jetty.DefaultClientDriverJettyHandler - Handling: DELETE /users/1
[main] INFO com.github.restdriver.clientdriver.ClientDriver - Beginning verification
[main] INFO org.eclipse.jetty.server.AbstractConnector - Stopped ServerConnector@4d5aeea7{HTTP/1.1, (http/1.1)}{0.0.0.0:0}
[main] WARN org.eclipse.jetty.util.thread.QueuedThreadPool - QueuedThreadPool[qtp1976075614]@75c8855e{STOPPING,8<=0<=200,i=8,r=-1,q=0}[NO_TRY] Couldn't stop Thread[qtp1976075614-117,5,main]
[main] INFO com.github.restdriver.clientdriver.ClientDriver - Beginning verification
[main] INFO org.eclipse.jetty.server.Server - jetty-9.4.44.v20210927; built: 2021-09-27T23:02:44.612Z; git: 8da83308eeca865e495e53ef315a249d63ba9332; jvm 1.8.0_312-b07
[main] INFO org.eclipse.jetty.server.AbstractConnector - Started ServerConnector@fbc1de9{HTTP/1.1, (http/1.1)}{0.0.0.0:33263}
[main] INFO org.eclipse.jetty.server.Server - Started @5630ms
[qtp952647931-129] INFO com.github.restdriver.clientdriver.jetty.DefaultClientDriverJettyHandler - Handling: DELETE /users/1
[main] INFO com.github.restdriver.clientdriver.ClientDriver - Beginning verification
[main] INFO org.eclipse.jetty.server.AbstractConnector - Stopped ServerConnector@fbc1de9{HTTP/1.1, (http/1.1)}{0.0.0.0:0}
[main] INFO com.github.restdriver.clientdriver.ClientDriver - Beginning verification
[main] INFO org.eclipse.jetty.server.Server - jetty-9.4.44.v20210927; built: 2021-09-27T23:02:44.612Z; git: 8da83308eeca865e495e53ef315a249d63ba9332; jvm 1.8.0_312-b07
[main] INFO org.eclipse.jetty.server.AbstractConnector - Started ServerConnector@25e9f5e6{HTTP/1.1, (http/1.1)}{0.0.0.0:38741}
[main] INFO org.eclipse.jetty.server.Server - Started @5708ms
[qtp428644304-140] INFO com.github.restdriver.clientdriver.jetty.DefaultClientDriverJettyHandler - Handling: POST /departments/1/users
[main] INFO com.github.restdriver.clientdriver.ClientDriver - Beginning verification
[main] INFO org.eclipse.jetty.server.AbstractConnector - Stopped ServerConnector@25e9f5e6{HTTP/1.1, (http/1.1)}{0.0.0.0:0}
[main] WARN org.eclipse.jetty.util.thread.QueuedThreadPool - QueuedThreadPool[qtp428644304]@198c97d0{STOPPING,8<=0<=200,i=7,r=-1,q=0}[NO_TRY] Couldn't stop Thread[qtp428644304-141,5,main]
[main] WARN org.eclipse.jetty.util.thread.QueuedThreadPool - QueuedThreadPool[qtp428644304]@198c97d0{STOPPING,8<=0<=200,i=7,r=-1,q=0}[NO_TRY] Couldn't stop Thread[qtp428644304-134,5,]
[main] INFO com.github.restdriver.clientdriver.ClientDriver - Beginning verification
[main] INFO org.eclipse.jetty.server.Server - jetty-9.4.44.v20210927; built: 2021-09-27T23:02:44.612Z; git: 8da83308eeca865e495e53ef315a249d63ba9332; jvm 1.8.0_312-b07
[main] INFO org.eclipse.jetty.server.AbstractConnector - Started ServerConnector@5ccc07ae{HTTP/1.1, (http/1.1)}{0.0.0.0:35385}
[main] INFO org.eclipse.jetty.server.Server - Started @5789ms
[qtp661309772-149] INFO com.github.restdriver.clientdriver.jetty.DefaultClientDriverJettyHandler - Handling: POST /departments/1/users
[main] INFO com.github.restdriver.clientdriver.ClientDriver - Beginning verification
[main] INFO org.eclipse.jetty.server.AbstractConnector - Stopped ServerConnector@5ccc07ae{HTTP/1.1, (http/1.1)}{0.0.0.0:0}
[main] WARN org.eclipse.jetty.util.thread.QueuedThreadPool - QueuedThreadPool[qtp661309772]@276ac94c{STOPPING,8<=0<=200,i=8,r=-1,q=0}[NO_TRY] Couldn't stop Thread[qtp661309772-148,5,]
[main] WARN org.eclipse.jetty.util.thread.QueuedThreadPool - QueuedThreadPool[qtp661309772]@276ac94c{STOPPING,8<=0<=200,i=8,r=-1,q=0}[NO_TRY] Couldn't stop Thread[qtp661309772-150,5,]
[main] INFO com.github.restdriver.clientdriver.ClientDriver - Beginning verification
[main] INFO org.eclipse.jetty.server.Server - jetty-9.4.44.v20210927; built: 2021-09-27T23:02:44.612Z; git: 8da83308eeca865e495e53ef315a249d63ba9332; jvm 1.8.0_312-b07
[main] INFO org.eclipse.jetty.server.AbstractConnector - Started ServerConnector@557fe039{HTTP/1.1, (http/1.1)}{0.0.0.0:43211}
[main] INFO org.eclipse.jetty.server.Server - Started @5842ms
[qtp1351016772-156] INFO com.github.restdriver.clientdriver.jetty.DefaultClientDriverJettyHandler - Handling: POST /departments/1/users
[main] INFO com.github.restdriver.clientdriver.ClientDriver - Beginning verification
[main] INFO org.eclipse.jetty.server.AbstractConnector - Stopped ServerConnector@557fe039{HTTP/1.1, (http/1.1)}{0.0.0.0:0}
[main] WARN org.eclipse.jetty.util.thread.QueuedThreadPool - QueuedThreadPool[qtp1351016772]@5086e144{STOPPING,8<=0<=200,i=7,r=-1,q=0}[NO_TRY] Couldn't stop Thread[qtp1351016772-154,5,]
[main] WARN org.eclipse.jetty.util.thread.QueuedThreadPool - QueuedThreadPool[qtp1351016772]@5086e144{STOPPING,8<=0<=200,i=7,r=-1,q=0}[NO_TRY] Couldn't stop Thread[qtp1351016772-160,5,]
[main] INFO com.github.restdriver.clientdriver.ClientDriver - Beginning verification
[main] INFO org.eclipse.jetty.server.Server - jetty-9.4.44.v20210927; built: 2021-09-27T23:02:44.612Z; git: 8da83308eeca865e495e53ef315a249d63ba9332; jvm 1.8.0_312-b07
[main] INFO org.eclipse.jetty.server.AbstractConnector - Started ServerConnector@22b00077{HTTP/1.1, (http/1.1)}{0.0.0.0:45813}
[main] INFO org.eclipse.jetty.server.Server - Started @5894ms
[qtp362157351-168] INFO com.github.restdriver.clientdriver.jetty.DefaultClientDriverJettyHandler - Handling: POST /departments/1/users
[main] INFO com.github.restdriver.clientdriver.ClientDriver - Beginning verification
[main] INFO org.eclipse.jetty.server.AbstractConnector - Stopped ServerConnector@22b00077{HTTP/1.1, (http/1.1)}{0.0.0.0:0}
[main] WARN org.eclipse.jetty.util.thread.QueuedThreadPool - QueuedThreadPool[qtp362157351]@15961527{STOPPING,8<=0<=200,i=7,r=-1,q=0}[NO_TRY] Couldn't stop Thread[qtp362157351-171,5,main]
[main] WARN org.eclipse.jetty.util.thread.QueuedThreadPool - QueuedThreadPool[qtp362157351]@15961527{STOPPING,8<=0<=200,i=7,r=-1,q=0}[NO_TRY] Couldn't stop Thread[qtp362157351-168,5,main]
[main] WARN org.eclipse.jetty.util.thread.QueuedThreadPool - QueuedThreadPool[qtp362157351]@15961527{STOPPING,8<=0<=200,i=7,r=-1,q=0}[NO_TRY] Couldn't stop Thread[qtp362157351-164,5,main]
[main] INFO com.github.restdriver.clientdriver.ClientDriver - Beginning verification
[main] INFO org.eclipse.jetty.server.Server - jetty-9.4.44.v20210927; built: 2021-09-27T23:02:44.612Z; git: 8da83308eeca865e495e53ef315a249d63ba9332; jvm 1.8.0_312-b07
[main] INFO org.eclipse.jetty.server.AbstractConnector - Started ServerConnector@ab7ac41{HTTP/1.1, (http/1.1)}{0.0.0.0:40107}
[main] INFO org.eclipse.jetty.server.Server - Started @5936ms
[qtp192319053-180] INFO com.github.restdriver.clientdriver.jetty.DefaultClientDriverJettyHandler - Handling: POST /departments/1/users
[main] INFO com.github.restdriver.clientdriver.ClientDriver - Beginning verification
[main] INFO org.eclipse.jetty.server.AbstractConnector - Stopped ServerConnector@ab7ac41{HTTP/1.1, (http/1.1)}{0.0.0.0:0}
[main] WARN org.eclipse.jetty.util.thread.QueuedThreadPool - QueuedThreadPool[qtp192319053]@b768e4d{STOPPING,8<=0<=200,i=8,r=-1,q=0}[NO_TRY] Couldn't stop Thread[qtp192319053-178,5,]
[main] WARN org.eclipse.jetty.util.thread.QueuedThreadPool - QueuedThreadPool[qtp192319053]@b768e4d{STOPPING,8<=0<=200,i=8,r=-1,q=0}[NO_TRY] Couldn't stop Thread[qtp192319053-174,5,]
[main] INFO com.github.restdriver.clientdriver.ClientDriver - Beginning verification
[main] INFO org.eclipse.jetty.server.Server - jetty-9.4.44.v20210927; built: 2021-09-27T23:02:44.612Z; git: 8da83308eeca865e495e53ef315a249d63ba9332; jvm 1.8.0_312-b07
[main] INFO org.eclipse.jetty.server.AbstractConnector - Started ServerConnector@5d96b0f{HTTP/1.1, (http/1.1)}{0.0.0.0:35477}
[main] INFO org.eclipse.jetty.server.Server - Started @6009ms
[qtp34412343-187] INFO com.github.restdriver.clientdriver.jetty.DefaultClientDriverJettyHandler - Handling: POST /departments/1/users
[main] INFO com.github.restdriver.clientdriver.ClientDriver - Beginning verification
[main] INFO org.eclipse.jetty.server.AbstractConnector - Stopped ServerConnector@5d96b0f{HTTP/1.1, (http/1.1)}{0.0.0.0:0}
[main] WARN org.eclipse.jetty.util.thread.QueuedThreadPool - QueuedThreadPool[qtp34412343]@20d1737{STOPPING,8<=0<=200,i=8,r=-1,q=0}[NO_TRY] Couldn't stop Thread[qtp34412343-191,5,main]
[main] WARN org.eclipse.jetty.util.thread.QueuedThreadPool - QueuedThreadPool[qtp34412343]@20d1737{STOPPING,8<=0<=200,i=8,r=-1,q=0}[NO_TRY] Couldn't stop Thread[qtp34412343-187,5,main]
[main] WARN org.eclipse.jetty.util.thread.QueuedThreadPool - QueuedThreadPool[qtp34412343]@20d1737{STOPPING,8<=0<=200,i=8,r=-1,q=0}[NO_TRY] Couldn't stop Thread[qtp34412343-190,5,main]
[main] INFO com.github.restdriver.clientdriver.ClientDriver - Beginning verification
[main] INFO org.eclipse.jetty.server.Server - jetty-9.4.44.v20210927; built: 2021-09-27T23:02:44.612Z; git: 8da83308eeca865e495e53ef315a249d63ba9332; jvm 1.8.0_312-b07
[main] INFO org.eclipse.jetty.server.AbstractConnector - Started ServerConnector@3d0f2154{HTTP/1.1, (http/1.1)}{0.0.0.0:45509}
[main] INFO org.eclipse.jetty.server.Server - Started @6022ms
[qtp1935744955-200] INFO com.github.restdriver.clientdriver.jetty.DefaultClientDriverJettyHandler - Handling: GET /departments/1/users
[main] INFO com.github.restdriver.clientdriver.ClientDriver - Beginning verification
[main] INFO org.eclipse.jetty.server.AbstractConnector - Stopped ServerConnector@3d0f2154{HTTP/1.1, (http/1.1)}{0.0.0.0:0}
[main] INFO com.github.restdriver.clientdriver.ClientDriver - Beginning verification
[main] INFO org.eclipse.jetty.server.Server - jetty-9.4.44.v20210927; built: 2021-09-27T23:02:44.612Z; git: 8da83308eeca865e495e53ef315a249d63ba9332; jvm 1.8.0_312-b07
[main] INFO org.eclipse.jetty.server.AbstractConnector - Started ServerConnector@7f50b08a{HTTP/1.1, (http/1.1)}{0.0.0.0:40815}
[main] INFO org.eclipse.jetty.server.Server - Started @6105ms
[qtp1778145283-209] INFO com.github.restdriver.clientdriver.jetty.DefaultClientDriverJettyHandler - Handling: POST /departments/1/users
[main] INFO com.github.restdriver.clientdriver.ClientDriver - Beginning verification
[main] INFO org.eclipse.jetty.server.AbstractConnector - Stopped ServerConnector@7f50b08a{HTTP/1.1, (http/1.1)}{0.0.0.0:0}
[main] INFO com.github.restdriver.clientdriver.ClientDriver - Beginning verification
[main] INFO org.eclipse.jetty.server.Server - jetty-9.4.44.v20210927; built: 2021-09-27T23:02:44.612Z; git: 8da83308eeca865e495e53ef315a249d63ba9332; jvm 1.8.0_312-b07
[main] INFO org.eclipse.jetty.server.AbstractConnector - Started ServerConnector@40f7fb45{HTTP/1.1, (http/1.1)}{0.0.0.0:39163}
[main] INFO org.eclipse.jetty.server.Server - Started @6195ms
[qtp539941005-219] INFO com.github.restdriver.clientdriver.jetty.DefaultClientDriverJettyHandler - Handling: HEAD /users/1
[main] INFO com.github.restdriver.clientdriver.ClientDriver - Beginning verification
[main] INFO org.eclipse.jetty.server.AbstractConnector - Stopped ServerConnector@40f7fb45{HTTP/1.1, (http/1.1)}{0.0.0.0:0}
[main] INFO com.github.restdriver.clientdriver.ClientDriver - Beginning verification
[main] INFO org.eclipse.jetty.server.Server - jetty-9.4.44.v20210927; built: 2021-09-27T23:02:44.612Z; git: 8da83308eeca865e495e53ef315a249d63ba9332; jvm 1.8.0_312-b07
[main] INFO org.eclipse.jetty.server.AbstractConnector - Started ServerConnector@deb0c0e{HTTP/1.1, (http/1.1)}{0.0.0.0:41705}
[main] INFO org.eclipse.jetty.server.Server - Started @6233ms
[qtp1547671064-229] INFO com.github.restdriver.clientdriver.jetty.DefaultClientDriverJettyHandler - Handling: HEAD /users/1
[main] INFO com.github.restdriver.clientdriver.ClientDriver - Beginning verification
[main] INFO org.eclipse.jetty.server.AbstractConnector - Stopped ServerConnector@deb0c0e{HTTP/1.1, (http/1.1)}{0.0.0.0:0}
[main] WARN org.eclipse.jetty.util.thread.QueuedThreadPool - QueuedThreadPool[qtp1547671064]@5c3f9618{STOPPING,8<=0<=200,i=8,r=-1,q=0}[NO_TRY] Couldn't stop Thread[qtp1547671064-224,5,]
[main] INFO com.github.restdriver.clientdriver.ClientDriver - Beginning verification
[main] INFO org.eclipse.jetty.server.Server - jetty-9.4.44.v20210927; built: 2021-09-27T23:02:44.612Z; git: 8da83308eeca865e495e53ef315a249d63ba9332; jvm 1.8.0_312-b07
[main] INFO org.eclipse.jetty.server.AbstractConnector - Started ServerConnector@c521a79{HTTP/1.1, (http/1.1)}{0.0.0.0:34849}
[main] INFO org.eclipse.jetty.server.Server - Started @6271ms
[qtp469716153-240] INFO com.github.restdriver.clientdriver.jetty.DefaultClientDriverJettyHandler - Handling: HEAD /users/1
[main] INFO com.github.restdriver.clientdriver.ClientDriver - Beginning verification
[main] INFO org.eclipse.jetty.server.AbstractConnector - Stopped ServerConnector@c521a79{HTTP/1.1, (http/1.1)}{0.0.0.0:0}
[main] WARN org.eclipse.jetty.util.thread.QueuedThreadPool - QueuedThreadPool[qtp469716153]@1bff4cb9{STOPPING,8<=0<=200,i=8,r=-1,q=0}[NO_TRY] Couldn't stop Thread[qtp469716153-238,5,]
[main] WARN org.eclipse.jetty.util.thread.QueuedThreadPool - QueuedThreadPool[qtp469716153]@1bff4cb9{STOPPING,8<=0<=200,i=8,r=-1,q=0}[NO_TRY] Couldn't stop Thread[qtp469716153-239,5,]
[main] INFO com.github.restdriver.clientdriver.ClientDriver - Beginning verification
[main] INFO org.eclipse.jetty.server.Server - jetty-9.4.44.v20210927; built: 2021-09-27T23:02:44.612Z; git: 8da83308eeca865e495e53ef315a249d63ba9332; jvm 1.8.0_312-b07
[main] INFO org.eclipse.jetty.server.AbstractConnector - Started ServerConnector@4a0e3bd{HTTP/1.1, (http/1.1)}{0.0.0.0:42805}
[main] INFO org.eclipse.jetty.server.Server - Started @6329ms
[qtp1993997862-250] INFO com.github.restdriver.clientdriver.jetty.DefaultClientDriverJettyHandler - Handling: OPTIONS /users/1
[main] INFO com.github.restdriver.clientdriver.ClientDriver - Beginning verification
[main] INFO org.eclipse.jetty.server.AbstractConnector - Stopped ServerConnector@4a0e3bd{HTTP/1.1, (http/1.1)}{0.0.0.0:0}
[main] INFO com.github.restdriver.clientdriver.ClientDriver - Beginning verification
[main] INFO org.eclipse.jetty.server.Server - jetty-9.4.44.v20210927; built: 2021-09-27T23:02:44.612Z; git: 8da83308eeca865e495e53ef315a249d63ba9332; jvm 1.8.0_312-b07
[main] INFO org.eclipse.jetty.server.AbstractConnector - Started ServerConnector@6e925a46{HTTP/1.1, (http/1.1)}{0.0.0.0:42179}
[main] INFO org.eclipse.jetty.server.Server - Started @6413ms
[qtp1108544092-260] INFO com.github.restdriver.clientdriver.jetty.DefaultClientDriverJettyHandler - Handling: OPTIONS /users/1
[main] INFO com.github.restdriver.clientdriver.ClientDriver - Beginning verification
[main] INFO org.eclipse.jetty.server.AbstractConnector - Stopped ServerConnector@6e925a46{HTTP/1.1, (http/1.1)}{0.0.0.0:0}
[main] WARN org.eclipse.jetty.util.thread.QueuedThreadPool - QueuedThreadPool[qtp1108544092]@42130a5c{STOPPING,8<=0<=200,i=8,r=-1,q=0}[NO_TRY] Couldn't stop Thread[qtp1108544092-257,5,]
[main] INFO com.github.restdriver.clientdriver.ClientDriver - Beginning verification
[main] INFO org.eclipse.jetty.server.Server - jetty-9.4.44.v20210927; built: 2021-09-27T23:02:44.612Z; git: 8da83308eeca865e495e53ef315a249d63ba9332; jvm 1.8.0_312-b07
[main] INFO org.eclipse.jetty.server.AbstractConnector - Started ServerConnector@333afc53{HTTP/1.1, (http/1.1)}{0.0.0.0:43405}
[main] INFO org.eclipse.jetty.server.Server - Started @6476ms
[qtp1386906863-270] INFO com.github.restdriver.clientdriver.jetty.DefaultClientDriverJettyHandler - Handling: OPTIONS /users/1
[main] INFO com.github.restdriver.clientdriver.ClientDriver - Beginning verification
[main] INFO org.eclipse.jetty.server.AbstractConnector - Stopped ServerConnector@333afc53{HTTP/1.1, (http/1.1)}{0.0.0.0:0}
[main] INFO com.github.restdriver.clientdriver.ClientDriver - Beginning verification
[main] INFO org.eclipse.jetty.server.Server - jetty-9.4.44.v20210927; built: 2021-09-27T23:02:44.612Z; git: 8da83308eeca865e495e53ef315a249d63ba9332; jvm 1.8.0_312-b07
[main] INFO org.eclipse.jetty.server.AbstractConnector - Started ServerConnector@68330024{HTTP/1.1, (http/1.1)}{0.0.0.0:36099}
[main] INFO org.eclipse.jetty.server.Server - Started @6548ms
[main] INFO com.github.restdriver.clientdriver.ClientDriver - Beginning verification
[main] INFO org.eclipse.jetty.server.AbstractConnector - Stopped ServerConnector@68330024{HTTP/1.1, (http/1.1)}{0.0.0.0:0}
[main] INFO com.github.restdriver.clientdriver.ClientDriver - Beginning verification
[INFO] Tests run: 27, Failures: 0, Errors: 0, Skipped: 0, Time elapsed: -1,543,010.888 s - in org.zalando.riptide.compatibility.AsyncHttpOperationsTest
[INFO] Running org.zalando.riptide.compatibility.HttpOutputMessageClientHttpRequestAdapterTest
[INFO] Tests run: 4, Failures: 0, Errors: 0, Skipped: 0, Time elapsed: 1,185,871 s - in org.zalando.riptide.compatibility.HttpOutputMessageClientHttpRequestAdapterTest
[INFO] Running org.zalando.riptide.compatibility.CompletableToListenableFutureAdapterTest
[INFO] Tests run: 4, Failures: 0, Errors: 0, Skipped: 0, Time elapsed: 396,076 s - in org.zalando.riptide.compatibility.CompletableToListenableFutureAdapterTest
[INFO] Running org.zalando.riptide.compatibility.HttpOperationsTest
[main] INFO org.eclipse.jetty.server.Server - jetty-9.4.44.v20210927; built: 2021-09-27T23:02:44.612Z; git: 8da83308eeca865e495e53ef315a249d63ba9332; jvm 1.8.0_312-b07
[main] INFO org.eclipse.jetty.server.AbstractConnector - Started ServerConnector@5981b51{HTTP/1.1, (http/1.1)}{0.0.0.0:42849}
[main] INFO org.eclipse.jetty.server.Server - Started @7286ms
[qtp1722849589-287] INFO com.github.restdriver.clientdriver.jetty.DefaultClientDriverJettyHandler - Handling: GET /users/1
[main] INFO com.github.restdriver.clientdriver.ClientDriver - Beginning verification
[main] INFO org.eclipse.jetty.server.AbstractConnector - Stopped ServerConnector@5981b51{HTTP/1.1, (http/1.1)}{0.0.0.0:0}
[main] INFO com.github.restdriver.clientdriver.ClientDriver - Beginning verification
[main] INFO org.eclipse.jetty.server.Server - jetty-9.4.44.v20210927; built: 2021-09-27T23:02:44.612Z; git: 8da83308eeca865e495e53ef315a249d63ba9332; jvm 1.8.0_312-b07
[main] INFO org.eclipse.jetty.server.AbstractConnector - Started ServerConnector@22f0d1e0{HTTP/1.1, (http/1.1)}{0.0.0.0:35957}
[main] INFO org.eclipse.jetty.server.Server - Started @7338ms
[qtp1658072759-298] INFO com.github.restdriver.clientdriver.jetty.DefaultClientDriverJettyHandler - Handling: GET /users/1
[main] INFO com.github.restdriver.clientdriver.ClientDriver - Beginning verification
[main] INFO org.eclipse.jetty.server.AbstractConnector - Stopped ServerConnector@22f0d1e0{HTTP/1.1, (http/1.1)}{0.0.0.0:0}
[main] INFO com.github.restdriver.clientdriver.ClientDriver - Beginning verification
[main] INFO org.eclipse.jetty.server.Server - jetty-9.4.44.v20210927; built: 2021-09-27T23:02:44.612Z; git: 8da83308eeca865e495e53ef315a249d63ba9332; jvm 1.8.0_312-b07
[main] INFO org.eclipse.jetty.server.AbstractConnector - Started ServerConnector@294e4c35{HTTP/1.1, (http/1.1)}{0.0.0.0:46313}
[main] INFO org.eclipse.jetty.server.Server - Started @7450ms
[qtp1498186511-306] INFO com.github.restdriver.clientdriver.jetty.DefaultClientDriverJettyHandler - Handling: GET /users/1
[main] INFO com.github.restdriver.clientdriver.ClientDriver - Beginning verification
[main] INFO org.eclipse.jetty.server.AbstractConnector - Stopped ServerConnector@294e4c35{HTTP/1.1, (http/1.1)}{0.0.0.0:0}
[main] INFO com.github.restdriver.clientdriver.ClientDriver - Beginning verification
[main] INFO org.eclipse.jetty.server.Server - jetty-9.4.44.v20210927; built: 2021-09-27T23:02:44.612Z; git: 8da83308eeca865e495e53ef315a249d63ba9332; jvm 1.8.0_312-b07
[main] INFO org.eclipse.jetty.server.AbstractConnector - Started ServerConnector@35798cd0{HTTP/1.1, (http/1.1)}{0.0.0.0:37417}
[main] INFO org.eclipse.jetty.server.Server - Started @7542ms
[qtp298284399-316] INFO com.github.restdriver.clientdriver.jetty.DefaultClientDriverJettyHandler - Handling: GET /users/1
[main] INFO com.github.restdriver.clientdriver.ClientDriver - Beginning verification
[main] INFO org.eclipse.jetty.server.AbstractConnector - Stopped ServerConnector@35798cd0{HTTP/1.1, (http/1.1)}{0.0.0.0:0}
[main] WARN org.eclipse.jetty.util.thread.QueuedThreadPool - QueuedThreadPool[qtp298284399]@11c7756f{STOPPING,8<=0<=200,i=7,r=-1,q=0}[NO_TRY] Couldn't stop Thread[qtp298284399-318,5,main]
[main] INFO com.github.restdriver.clientdriver.ClientDriver - Beginning verification
[main] INFO org.eclipse.jetty.server.Server - jetty-9.4.44.v20210927; built: 2021-09-27T23:02:44.612Z; git: 8da83308eeca865e495e53ef315a249d63ba9332; jvm 1.8.0_312-b07
[main] INFO org.eclipse.jetty.server.AbstractConnector - Started ServerConnector@25478603{HTTP/1.1, (http/1.1)}{0.0.0.0:33101}
[main] INFO org.eclipse.jetty.server.Server - Started @7610ms
[qtp397826166-327] INFO com.github.restdriver.clientdriver.jetty.DefaultClientDriverJettyHandler - Handling: GET /users/1
[main] INFO com.github.restdriver.clientdriver.ClientDriver - Beginning verification
[main] INFO org.eclipse.jetty.server.AbstractConnector - Stopped ServerConnector@25478603{HTTP/1.1, (http/1.1)}{0.0.0.0:0}
[main] INFO com.github.restdriver.clientdriver.ClientDriver - Beginning verification
[main] INFO org.eclipse.jetty.server.Server - jetty-9.4.44.v20210927; built: 2021-09-27T23:02:44.612Z; git: 8da83308eeca865e495e53ef315a249d63ba9332; jvm 1.8.0_312-b07
[main] INFO org.eclipse.jetty.server.AbstractConnector - Started ServerConnector@3e909075{HTTP/1.1, (http/1.1)}{0.0.0.0:35649}
[main] INFO org.eclipse.jetty.server.Server - Started @7672ms
[qtp269049237-338] INFO com.github.restdriver.clientdriver.jetty.DefaultClientDriverJettyHandler - Handling: GET /users/1
[main] INFO com.github.restdriver.clientdriver.ClientDriver - Beginning verification
[main] INFO org.eclipse.jetty.server.AbstractConnector - Stopped ServerConnector@3e909075{HTTP/1.1, (http/1.1)}{0.0.0.0:0}
[main] INFO com.github.restdriver.clientdriver.ClientDriver - Beginning verification
[main] INFO org.eclipse.jetty.server.Server - jetty-9.4.44.v20210927; built: 2021-09-27T23:02:44.612Z; git: 8da83308eeca865e495e53ef315a249d63ba9332; jvm 1.8.0_312-b07
[main] INFO org.eclipse.jetty.server.AbstractConnector - Started ServerConnector@24cc60ef{HTTP/1.1, (http/1.1)}{0.0.0.0:34851}
[main] INFO org.eclipse.jetty.server.Server - Started @7819ms
[qtp1312231250-348] INFO com.github.restdriver.clientdriver.jetty.DefaultClientDriverJettyHandler - Handling: PUT /users/1
[main] INFO com.github.restdriver.clientdriver.ClientDriver - Beginning verification
[main] INFO org.eclipse.jetty.server.AbstractConnector - Stopped ServerConnector@24cc60ef{HTTP/1.1, (http/1.1)}{0.0.0.0:0}
[main] WARN org.eclipse.jetty.util.thread.QueuedThreadPool - QueuedThreadPool[qtp1312231250]@4e370f52{STOPPING,8<=0<=200,i=8,r=-1,q=0}[NO_TRY] Couldn't stop Thread[qtp1312231250-346,5,]
[main] INFO com.github.restdriver.clientdriver.ClientDriver - Beginning verification
[main] INFO org.eclipse.jetty.server.Server - jetty-9.4.44.v20210927; built: 2021-09-27T23:02:44.612Z; git: 8da83308eeca865e495e53ef315a249d63ba9332; jvm 1.8.0_312-b07
[main] INFO org.eclipse.jetty.server.AbstractConnector - Started ServerConnector@1a5d08c5{HTTP/1.1, (http/1.1)}{0.0.0.0:37427}
[main] INFO org.eclipse.jetty.server.Server - Started @7900ms
[qtp1576269908-357] INFO com.github.restdriver.clientdriver.jetty.DefaultClientDriverJettyHandler - Handling: PUT /users/1
[main] INFO com.github.restdriver.clientdriver.ClientDriver - Beginning verification
[main] INFO org.eclipse.jetty.server.AbstractConnector - Stopped ServerConnector@1a5d08c5{HTTP/1.1, (http/1.1)}{0.0.0.0:0}
[main] WARN org.eclipse.jetty.util.thread.QueuedThreadPool - QueuedThreadPool[qtp1576269908]@5df3f854{STOPPING,8<=0<=200,i=8,r=-1,q=0}[NO_TRY] Couldn't stop Thread[qtp1576269908-352,5,main]
[main] WARN org.eclipse.jetty.util.thread.QueuedThreadPool - QueuedThreadPool[qtp1576269908]@5df3f854{STOPPING,8<=0<=200,i=8,r=-1,q=0}[NO_TRY] Couldn't stop Thread[qtp1576269908-356,5,main]
[main] WARN org.eclipse.jetty.util.thread.QueuedThreadPool - QueuedThreadPool[qtp1576269908]@5df3f854{STOPPING,8<=0<=200,i=8,r=-1,q=0}[NO_TRY] Couldn't stop Thread[qtp1576269908-358,5,main]
[main] INFO com.github.restdriver.clientdriver.ClientDriver - Beginning verification
[main] INFO org.eclipse.jetty.server.Server - jetty-9.4.44.v20210927; built: 2021-09-27T23:02:44.612Z; git: 8da83308eeca865e495e53ef315a249d63ba9332; jvm 1.8.0_312-b07
[main] INFO org.eclipse.jetty.server.AbstractConnector - Started ServerConnector@5922338f{HTTP/1.1, (http/1.1)}{0.0.0.0:36021}
[main] INFO org.eclipse.jetty.server.Server - Started @7986ms
[qtp1740017091-367] INFO com.github.restdriver.clientdriver.jetty.DefaultClientDriverJettyHandler - Handling: PUT /users/1
[main] INFO com.github.restdriver.clientdriver.ClientDriver - Beginning verification
[main] INFO org.eclipse.jetty.server.AbstractConnector - Stopped ServerConnector@5922338f{HTTP/1.1, (http/1.1)}{0.0.0.0:0}
[main] INFO com.github.restdriver.clientdriver.ClientDriver - Beginning verification
[main] INFO org.eclipse.jetty.server.Server - jetty-9.4.44.v20210927; built: 2021-09-27T23:02:44.612Z; git: 8da83308eeca865e495e53ef315a249d63ba9332; jvm 1.8.0_312-b07
[main] INFO org.eclipse.jetty.server.AbstractConnector - Started ServerConnector@4a9463b2{HTTP/1.1, (http/1.1)}{0.0.0.0:46309}
[main] INFO org.eclipse.jetty.server.Server - Started @8049ms
[qtp1996231083-377] INFO com.github.restdriver.clientdriver.jetty.DefaultClientDriverJettyHandler - Handling: POST /departments/1/users
[main] INFO com.github.restdriver.clientdriver.ClientDriver - Beginning verification
[main] INFO org.eclipse.jetty.server.AbstractConnector - Stopped ServerConnector@4a9463b2{HTTP/1.1, (http/1.1)}{0.0.0.0:0}
[main] INFO com.github.restdriver.clientdriver.ClientDriver - Beginning verification
[main] INFO org.eclipse.jetty.server.Server - jetty-9.4.44.v20210927; built: 2021-09-27T23:02:44.612Z; git: 8da83308eeca865e495e53ef315a249d63ba9332; jvm 1.8.0_312-b07
[main] INFO org.eclipse.jetty.server.AbstractConnector - Started ServerConnector@1e2a39b7{HTTP/1.1, (http/1.1)}{0.0.0.0:42461}
[main] INFO org.eclipse.jetty.server.Server - Started @8125ms
[qtp188747966-387] INFO com.github.restdriver.clientdriver.jetty.DefaultClientDriverJettyHandler - Handling: POST /departments/1/users
[main] INFO com.github.restdriver.clientdriver.ClientDriver - Beginning verification
[main] INFO org.eclipse.jetty.server.AbstractConnector - Stopped ServerConnector@1e2a39b7{HTTP/1.1, (http/1.1)}{0.0.0.0:0}
[main] WARN org.eclipse.jetty.util.thread.QueuedThreadPool - QueuedThreadPool[qtp188747966]@b4010be{STOPPING,8<=0<=200,i=7,r=-1,q=0}[NO_TRY] Couldn't stop Thread[qtp188747966-388,5,]
[main] INFO com.github.restdriver.clientdriver.ClientDriver - Beginning verification
[main] INFO org.eclipse.jetty.server.Server - jetty-9.4.44.v20210927; built: 2021-09-27T23:02:44.612Z; git: 8da83308eeca865e495e53ef315a249d63ba9332; jvm 1.8.0_312-b07
[main] INFO org.eclipse.jetty.server.AbstractConnector - Started ServerConnector@562b4373{HTTP/1.1, (http/1.1)}{0.0.0.0:45647}
[main] INFO org.eclipse.jetty.server.Server - Started @8198ms
[qtp466409782-394] INFO com.github.restdriver.clientdriver.jetty.DefaultClientDriverJettyHandler - Handling: POST /departments/1/users
[main] INFO com.github.restdriver.clientdriver.ClientDriver - Beginning verification
[main] INFO org.eclipse.jetty.server.AbstractConnector - Stopped ServerConnector@562b4373{HTTP/1.1, (http/1.1)}{0.0.0.0:0}
[main] WARN org.eclipse.jetty.util.thread.QueuedThreadPool - QueuedThreadPool[qtp466409782]@1bccd936{STOPPING,8<=0<=200,i=8,r=-1,q=0}[NO_TRY] Couldn't stop Thread[qtp466409782-396,5,]
[main] WARN org.eclipse.jetty.util.thread.QueuedThreadPool - QueuedThreadPool[qtp466409782]@1bccd936{STOPPING,8<=0<=200,i=8,r=-1,q=0}[NO_TRY] Couldn't stop Thread[qtp466409782-394,5,main]
[main] WARN org.eclipse.jetty.util.thread.QueuedThreadPool - QueuedThreadPool[qtp466409782]@1bccd936{STOPPING,8<=0<=200,i=8,r=-1,q=0}[NO_TRY] Couldn't stop Thread[qtp466409782-395,5,]
[main] WARN org.eclipse.jetty.util.thread.QueuedThreadPool - QueuedThreadPool[qtp466409782]@1bccd936{STOPPING,8<=0<=200,i=8,r=-1,q=0}[NO_TRY] Couldn't stop Thread[qtp466409782-393,5,main]
[main] WARN org.eclipse.jetty.util.thread.QueuedThreadPool - QueuedThreadPool[qtp466409782]@1bccd936{STOPPING,8<=0<=200,i=8,r=-1,q=0}[NO_TRY] Couldn't stop Thread[qtp466409782-398,5,main]
[main] INFO com.github.restdriver.clientdriver.ClientDriver - Beginning verification
[main] INFO org.eclipse.jetty.server.Server - jetty-9.4.44.v20210927; built: 2021-09-27T23:02:44.612Z; git: 8da83308eeca865e495e53ef315a249d63ba9332; jvm 1.8.0_312-b07
[main] INFO org.eclipse.jetty.server.AbstractConnector - Started ServerConnector@30369973{HTTP/1.1, (http/1.1)}{0.0.0.0:32967}
[main] INFO org.eclipse.jetty.server.Server - Started @8240ms
[qtp1071344356-407] INFO com.github.restdriver.clientdriver.jetty.DefaultClientDriverJettyHandler - Handling: DELETE /users/1
[main] INFO com.github.restdriver.clientdriver.ClientDriver - Beginning verification
[main] INFO org.eclipse.jetty.server.AbstractConnector - Stopped ServerConnector@30369973{HTTP/1.1, (http/1.1)}{0.0.0.0:0}
[main] INFO com.github.restdriver.clientdriver.ClientDriver - Beginning verification
[main] INFO org.eclipse.jetty.server.Server - jetty-9.4.44.v20210927; built: 2021-09-27T23:02:44.612Z; git: 8da83308eeca865e495e53ef315a249d63ba9332; jvm 1.8.0_312-b07
[main] INFO org.eclipse.jetty.server.AbstractConnector - Started ServerConnector@43b70cb6{HTTP/1.1, (http/1.1)}{0.0.0.0:40401}
[main] INFO org.eclipse.jetty.server.Server - Started @8346ms
[qtp355638521-418] INFO com.github.restdriver.clientdriver.jetty.DefaultClientDriverJettyHandler - Handling: DELETE /users/1
[main] INFO com.github.restdriver.clientdriver.ClientDriver - Beginning verification
[main] INFO org.eclipse.jetty.server.AbstractConnector - Stopped ServerConnector@43b70cb6{HTTP/1.1, (http/1.1)}{0.0.0.0:0}
[main] INFO com.github.restdriver.clientdriver.ClientDriver - Beginning verification
[main] INFO org.eclipse.jetty.server.Server - jetty-9.4.44.v20210927; built: 2021-09-27T23:02:44.612Z; git: 8da83308eeca865e495e53ef315a249d63ba9332; jvm 1.8.0_312-b07
[main] INFO org.eclipse.jetty.server.AbstractConnector - Started ServerConnector@2945a3c1{HTTP/1.1, (http/1.1)}{0.0.0.0:46483}
[main] INFO org.eclipse.jetty.server.Server - Started @8419ms
[qtp1977822284-427] INFO com.github.restdriver.clientdriver.jetty.DefaultClientDriverJettyHandler - Handling: DELETE /users/1
[main] INFO com.github.restdriver.clientdriver.ClientDriver - Beginning verification
[main] INFO org.eclipse.jetty.server.AbstractConnector - Stopped ServerConnector@2945a3c1{HTTP/1.1, (http/1.1)}{0.0.0.0:0}
[main] WARN org.eclipse.jetty.util.thread.QueuedThreadPool - QueuedThreadPool[qtp1977822284]@75e32c4c{STOPPING,8<=0<=200,i=8,r=-1,q=0}[NO_TRY] Couldn't stop Thread[qtp1977822284-426,5,]
[main] INFO com.github.restdriver.clientdriver.ClientDriver - Beginning verification
[main] INFO org.eclipse.jetty.server.Server - jetty-9.4.44.v20210927; built: 2021-09-27T23:02:44.612Z; git: 8da83308eeca865e495e53ef315a249d63ba9332; jvm 1.8.0_312-b07
[main] INFO org.eclipse.jetty.server.AbstractConnector - Started ServerConnector@1177049c{HTTP/1.1, (http/1.1)}{0.0.0.0:38775}
[main] INFO org.eclipse.jetty.server.Server - Started @8461ms
[qtp890556836-437] INFO com.github.restdriver.clientdriver.jetty.DefaultClientDriverJettyHandler - Handling: POST /departments/1/users
[main] INFO com.github.restdriver.clientdriver.ClientDriver - Beginning verification
[main] INFO org.eclipse.jetty.server.AbstractConnector - Stopped ServerConnector@1177049c{HTTP/1.1, (http/1.1)}{0.0.0.0:0}
[main] INFO com.github.restdriver.clientdriver.ClientDriver - Beginning verification
[main] INFO org.eclipse.jetty.server.Server - jetty-9.4.44.v20210927; built: 2021-09-27T23:02:44.612Z; git: 8da83308eeca865e495e53ef315a249d63ba9332; jvm 1.8.0_312-b07
[main] INFO org.eclipse.jetty.server.AbstractConnector - Started ServerConnector@29ee8374{HTTP/1.1, (http/1.1)}{0.0.0.0:36155}
[main] INFO org.eclipse.jetty.server.Server - Started @8509ms
[qtp865176901-447] INFO com.github.restdriver.clientdriver.jetty.DefaultClientDriverJettyHandler - Handling: POST /departments/1/users
[main] INFO com.github.restdriver.clientdriver.ClientDriver - Beginning verification
[main] INFO org.eclipse.jetty.server.AbstractConnector - Stopped ServerConnector@29ee8374{HTTP/1.1, (http/1.1)}{0.0.0.0:0}
[main] INFO com.github.restdriver.clientdriver.ClientDriver - Beginning verification
[main] INFO org.eclipse.jetty.server.Server - jetty-9.4.44.v20210927; built: 2021-09-27T23:02:44.612Z; git: 8da83308eeca865e495e53ef315a249d63ba9332; jvm 1.8.0_312-b07
[main] INFO org.eclipse.jetty.server.AbstractConnector - Started ServerConnector@23f31375{HTTP/1.1, (http/1.1)}{0.0.0.0:38235}
[main] INFO org.eclipse.jetty.server.Server - Started @8552ms
[qtp654125698-457] INFO com.github.restdriver.clientdriver.jetty.DefaultClientDriverJettyHandler - Handling: POST /departments/1/users
[main] INFO com.github.restdriver.clientdriver.ClientDriver - Beginning verification
[main] INFO org.eclipse.jetty.server.AbstractConnector - Stopped ServerConnector@23f31375{HTTP/1.1, (http/1.1)}{0.0.0.0:0}
[main] INFO com.github.restdriver.clientdriver.ClientDriver - Beginning verification
[main] INFO org.eclipse.jetty.server.Server - jetty-9.4.44.v20210927; built: 2021-09-27T23:02:44.612Z; git: 8da83308eeca865e495e53ef315a249d63ba9332; jvm 1.8.0_312-b07
[main] INFO org.eclipse.jetty.server.AbstractConnector - Started ServerConnector@53c1f4ae{HTTP/1.1, (http/1.1)}{0.0.0.0:35169}
[main] INFO org.eclipse.jetty.server.Server - Started @8601ms
[qtp1599602151-468] INFO com.github.restdriver.clientdriver.jetty.DefaultClientDriverJettyHandler - Handling: POST /departments/1/users
[main] INFO com.github.restdriver.clientdriver.ClientDriver - Beginning verification
[main] INFO org.eclipse.jetty.server.AbstractConnector - Stopped ServerConnector@53c1f4ae{HTTP/1.1, (http/1.1)}{0.0.0.0:0}
[main] INFO com.github.restdriver.clientdriver.ClientDriver - Beginning verification
[main] INFO org.eclipse.jetty.server.Server - jetty-9.4.44.v20210927; built: 2021-09-27T23:02:44.612Z; git: 8da83308eeca865e495e53ef315a249d63ba9332; jvm 1.8.0_312-b07
[main] INFO org.eclipse.jetty.server.AbstractConnector - Started ServerConnector@bd99c67{HTTP/1.1, (http/1.1)}{0.0.0.0:45987}
[main] INFO org.eclipse.jetty.server.Server - Started @8679ms
[qtp638615149-477] INFO com.github.restdriver.clientdriver.jetty.DefaultClientDriverJettyHandler - Handling: POST /departments/1/users
[main] INFO com.github.restdriver.clientdriver.ClientDriver - Beginning verification
[main] INFO org.eclipse.jetty.server.AbstractConnector - Stopped ServerConnector@bd99c67{HTTP/1.1, (http/1.1)}{0.0.0.0:0}
[main] INFO com.github.restdriver.clientdriver.ClientDriver - Beginning verification
[main] INFO org.eclipse.jetty.server.Server - jetty-9.4.44.v20210927; built: 2021-09-27T23:02:44.612Z; git: 8da83308eeca865e495e53ef315a249d63ba9332; jvm 1.8.0_312-b07
[main] INFO org.eclipse.jetty.server.AbstractConnector - Started ServerConnector@613b9bd9{HTTP/1.1, (http/1.1)}{0.0.0.0:42305}
[main] INFO org.eclipse.jetty.server.Server - Started @8759ms
[qtp1548315366-486] INFO com.github.restdriver.clientdriver.jetty.DefaultClientDriverJettyHandler - Handling: POST /departments/1/users
[main] INFO com.github.restdriver.clientdriver.ClientDriver - Beginning verification
[main] INFO org.eclipse.jetty.server.AbstractConnector - Stopped ServerConnector@613b9bd9{HTTP/1.1, (http/1.1)}{0.0.0.0:0}
[main] INFO com.github.restdriver.clientdriver.ClientDriver - Beginning verification
[main] INFO org.eclipse.jetty.server.Server - jetty-9.4.44.v20210927; built: 2021-09-27T23:02:44.612Z; git: 8da83308eeca865e495e53ef315a249d63ba9332; jvm 1.8.0_312-b07
[main] INFO org.eclipse.jetty.server.AbstractConnector - Started ServerConnector@2091b6b9{HTTP/1.1, (http/1.1)}{0.0.0.0:46343}
[main] INFO org.eclipse.jetty.server.Server - Started @8856ms
[qtp1250149969-498] INFO com.github.restdriver.clientdriver.jetty.DefaultClientDriverJettyHandler - Handling: GET /departments/1/users
[main] INFO com.github.restdriver.clientdriver.ClientDriver - Beginning verification
[main] INFO org.eclipse.jetty.server.AbstractConnector - Stopped ServerConnector@2091b6b9{HTTP/1.1, (http/1.1)}{0.0.0.0:0}
[main] INFO com.github.restdriver.clientdriver.ClientDriver - Beginning verification
[main] INFO org.eclipse.jetty.server.Server - jetty-9.4.44.v20210927; built: 2021-09-27T23:02:44.612Z; git: 8da83308eeca865e495e53ef315a249d63ba9332; jvm 1.8.0_312-b07
[main] INFO org.eclipse.jetty.server.AbstractConnector - Started ServerConnector@7e846cca{HTTP/1.1, (http/1.1)}{0.0.0.0:32849}
[main] INFO org.eclipse.jetty.server.Server - Started @8913ms
[main] INFO com.github.restdriver.clientdriver.ClientDriver - Beginning verification
[main] INFO org.eclipse.jetty.server.AbstractConnector - Stopped ServerConnector@7e846cca{HTTP/1.1, (http/1.1)}{0.0.0.0:0}
[main] INFO com.github.restdriver.clientdriver.ClientDriver - Beginning verification
[main] INFO org.eclipse.jetty.server.Server - jetty-9.4.44.v20210927; built: 2021-09-27T23:02:44.612Z; git: 8da83308eeca865e495e53ef315a249d63ba9332; jvm 1.8.0_312-b07
[main] INFO org.eclipse.jetty.server.AbstractConnector - Started ServerConnector@6ea04064{HTTP/1.1, (http/1.1)}{0.0.0.0:33753}
[main] INFO org.eclipse.jetty.server.Server - Started @8978ms
[qtp567386330-515] INFO com.github.restdriver.clientdriver.jetty.DefaultClientDriverJettyHandler - Handling: PATCH /users/1
[main] INFO com.github.restdriver.clientdriver.ClientDriver - Beginning verification
[main] INFO org.eclipse.jetty.server.AbstractConnector - Stopped ServerConnector@6ea04064{HTTP/1.1, (http/1.1)}{0.0.0.0:0}
[main] INFO com.github.restdriver.clientdriver.ClientDriver - Beginning verification
[main] INFO org.eclipse.jetty.server.Server - jetty-9.4.44.v20210927; built: 2021-09-27T23:02:44.612Z; git: 8da83308eeca865e495e53ef315a249d63ba9332; jvm 1.8.0_312-b07
[main] INFO org.eclipse.jetty.server.AbstractConnector - Started ServerConnector@6666410a{HTTP/1.1, (http/1.1)}{0.0.0.0:34505}
[main] INFO org.eclipse.jetty.server.Server - Started @9045ms
[qtp1328423383-526] INFO com.github.restdriver.clientdriver.jetty.DefaultClientDriverJettyHandler - Handling: PATCH /users/1
[main] INFO com.github.restdriver.clientdriver.ClientDriver - Beginning verification
[main] INFO org.eclipse.jetty.server.AbstractConnector - Stopped ServerConnector@6666410a{HTTP/1.1, (http/1.1)}{0.0.0.0:0}
[main] INFO com.github.restdriver.clientdriver.ClientDriver - Beginning verification
[main] INFO org.eclipse.jetty.server.Server - jetty-9.4.44.v20210927; built: 2021-09-27T23:02:44.612Z; git: 8da83308eeca865e495e53ef315a249d63ba9332; jvm 1.8.0_312-b07
[main] INFO org.eclipse.jetty.server.AbstractConnector - Started ServerConnector@62ee7e50{HTTP/1.1, (http/1.1)}{0.0.0.0:41285}
[main] INFO org.eclipse.jetty.server.Server - Started @9112ms
[qtp16756080-536] INFO com.github.restdriver.clientdriver.jetty.DefaultClientDriverJettyHandler - Handling: PATCH /users/1
[main] INFO com.github.restdriver.clientdriver.ClientDriver - Beginning verification
[main] INFO org.eclipse.jetty.server.AbstractConnector - Stopped ServerConnector@62ee7e50{HTTP/1.1, (http/1.1)}{0.0.0.0:0}
[main] INFO com.github.restdriver.clientdriver.ClientDriver - Beginning verification
[main] INFO org.eclipse.jetty.server.Server - jetty-9.4.44.v20210927; built: 2021-09-27T23:02:44.612Z; git: 8da83308eeca865e495e53ef315a249d63ba9332; jvm 1.8.0_312-b07
[main] INFO org.eclipse.jetty.server.AbstractConnector - Started ServerConnector@41a7445f{HTTP/1.1, (http/1.1)}{0.0.0.0:38237}
[main] INFO org.eclipse.jetty.server.Server - Started @9261ms
[qtp188442594-545] INFO com.github.restdriver.clientdriver.jetty.DefaultClientDriverJettyHandler - Handling: POST /departments/1/users
[main] INFO com.github.restdriver.clientdriver.ClientDriver - Beginning verification
[main] INFO org.eclipse.jetty.server.AbstractConnector - Stopped ServerConnector@41a7445f{HTTP/1.1, (http/1.1)}{0.0.0.0:0}
[main] INFO com.github.restdriver.clientdriver.ClientDriver - Beginning verification
[main] INFO org.eclipse.jetty.server.Server - jetty-9.4.44.v20210927; built: 2021-09-27T23:02:44.612Z; git: 8da83308eeca865e495e53ef315a249d63ba9332; jvm 1.8.0_312-b07
[main] INFO org.eclipse.jetty.server.AbstractConnector - Started ServerConnector@47828afb{HTTP/1.1, (http/1.1)}{0.0.0.0:36069}
[main] INFO org.eclipse.jetty.server.Server - Started @9377ms
[qtp1289499743-555] INFO com.github.restdriver.clientdriver.jetty.DefaultClientDriverJettyHandler - Handling: HEAD /users/1
[main] INFO com.github.restdriver.clientdriver.ClientDriver - Beginning verification
[main] INFO org.eclipse.jetty.server.AbstractConnector - Stopped ServerConnector@47828afb{HTTP/1.1, (http/1.1)}{0.0.0.0:0}
[main] INFO com.github.restdriver.clientdriver.ClientDriver - Beginning verification
[main] INFO org.eclipse.jetty.server.Server - jetty-9.4.44.v20210927; built: 2021-09-27T23:02:44.612Z; git: 8da83308eeca865e495e53ef315a249d63ba9332; jvm 1.8.0_312-b07
[main] INFO org.eclipse.jetty.server.AbstractConnector - Started ServerConnector@57c06659{HTTP/1.1, (http/1.1)}{0.0.0.0:44821}
[main] INFO org.eclipse.jetty.server.Server - Started @9460ms
[qtp1441839718-565] INFO com.github.restdriver.clientdriver.jetty.DefaultClientDriverJettyHandler - Handling: HEAD /users/1
[main] INFO com.github.restdriver.clientdriver.ClientDriver - Beginning verification
[main] INFO org.eclipse.jetty.server.AbstractConnector - Stopped ServerConnector@57c06659{HTTP/1.1, (http/1.1)}{0.0.0.0:0}
[main] INFO com.github.restdriver.clientdriver.ClientDriver - Beginning verification
[main] INFO org.eclipse.jetty.server.Server - jetty-9.4.44.v20210927; built: 2021-09-27T23:02:44.612Z; git: 8da83308eeca865e495e53ef315a249d63ba9332; jvm 1.8.0_312-b07
[main] INFO org.eclipse.jetty.server.AbstractConnector - Started ServerConnector@7dd6aa3e{HTTP/1.1, (http/1.1)}{0.0.0.0:40785}
[main] INFO org.eclipse.jetty.server.Server - Started @9557ms
[qtp1207389583-575] INFO com.github.restdriver.clientdriver.jetty.DefaultClientDriverJettyHandler - Handling: HEAD /users/1
[main] INFO com.github.restdriver.clientdriver.ClientDriver - Beginning verification
[main] INFO org.eclipse.jetty.server.AbstractConnector - Stopped ServerConnector@7dd6aa3e{HTTP/1.1, (http/1.1)}{0.0.0.0:0}
[main] INFO com.github.restdriver.clientdriver.ClientDriver - Beginning verification
[main] INFO org.eclipse.jetty.server.Server - jetty-9.4.44.v20210927; built: 2021-09-27T23:02:44.612Z; git: 8da83308eeca865e495e53ef315a249d63ba9332; jvm 1.8.0_312-b07
[main] INFO org.eclipse.jetty.server.AbstractConnector - Started ServerConnector@67898002{HTTP/1.1, (http/1.1)}{0.0.0.0:42561}
[main] INFO org.eclipse.jetty.server.Server - Started @9615ms
[qtp1006154787-585] INFO com.github.restdriver.clientdriver.jetty.DefaultClientDriverJettyHandler - Handling: OPTIONS /users/1
[main] INFO com.github.restdriver.clientdriver.ClientDriver - Beginning verification
[main] INFO org.eclipse.jetty.server.AbstractConnector - Stopped ServerConnector@67898002{HTTP/1.1, (http/1.1)}{0.0.0.0:0}
[main] INFO com.github.restdriver.clientdriver.ClientDriver - Beginning verification
[main] INFO org.eclipse.jetty.server.Server - jetty-9.4.44.v20210927; built: 2021-09-27T23:02:44.612Z; git: 8da83308eeca865e495e53ef315a249d63ba9332; jvm 1.8.0_312-b07
[main] INFO org.eclipse.jetty.server.AbstractConnector - Started ServerConnector@26a8eaaa{HTTP/1.1, (http/1.1)}{0.0.0.0:39689}
[main] INFO org.eclipse.jetty.server.Server - Started @9704ms
[qtp910260446-595] INFO com.github.restdriver.clientdriver.jetty.DefaultClientDriverJettyHandler - Handling: OPTIONS /users/1
[main] INFO com.github.restdriver.clientdriver.ClientDriver - Beginning verification
[main] INFO org.eclipse.jetty.server.AbstractConnector - Stopped ServerConnector@26a8eaaa{HTTP/1.1, (http/1.1)}{0.0.0.0:0}
[main] INFO com.github.restdriver.clientdriver.ClientDriver - Beginning verification
[main] INFO org.eclipse.jetty.server.Server - jetty-9.4.44.v20210927; built: 2021-09-27T23:02:44.612Z; git: 8da83308eeca865e495e53ef315a249d63ba9332; jvm 1.8.0_312-b07
[main] INFO org.eclipse.jetty.server.AbstractConnector - Started ServerConnector@7af8b02{HTTP/1.1, (http/1.1)}{0.0.0.0:44929}
[main] INFO org.eclipse.jetty.server.Server - Started @9749ms
[qtp148508244-605] INFO com.github.restdriver.clientdriver.jetty.DefaultClientDriverJettyHandler - Handling: OPTIONS /users/1
[main] INFO com.github.restdriver.clientdriver.ClientDriver - Beginning verification
[main] INFO org.eclipse.jetty.server.AbstractConnector - Stopped ServerConnector@7af8b02{HTTP/1.1, (http/1.1)}{0.0.0.0:0}
[main] WARN org.eclipse.jetty.util.thread.QueuedThreadPool - QueuedThreadPool[qtp148508244]@8da0e54{STOPPING,8<=0<=200,i=8,r=-1,q=0}[NO_TRY] Couldn't stop Thread[qtp148508244-600,5,]
[main] WARN org.eclipse.jetty.util.thread.QueuedThreadPool - QueuedThreadPool[qtp148508244]@8da0e54{STOPPING,8<=0<=200,i=8,r=-1,q=0}[NO_TRY] Couldn't stop Thread[qtp148508244-604,5,main]
[main] INFO com.github.restdriver.clientdriver.ClientDriver - Beginning verification
[main] INFO org.eclipse.jetty.server.Server - jetty-9.4.44.v20210927; built: 2021-09-27T23:02:44.612Z; git: 8da83308eeca865e495e53ef315a249d63ba9332; jvm 1.8.0_312-b07
[main] INFO org.eclipse.jetty.server.AbstractConnector - Started ServerConnector@31ad368a{HTTP/1.1, (http/1.1)}{0.0.0.0:36445}
[main] INFO org.eclipse.jetty.server.Server - Started @9793ms
[qtp275368946-615] INFO com.github.restdriver.clientdriver.jetty.DefaultClientDriverJettyHandler - Handling: POST /departments/1/users
[main] INFO com.github.restdriver.clientdriver.ClientDriver - Beginning verification
[main] INFO org.eclipse.jetty.server.AbstractConnector - Stopped ServerConnector@31ad368a{HTTP/1.1, (http/1.1)}{0.0.0.0:0}
[main] WARN org.eclipse.jetty.util.thread.QueuedThreadPool - QueuedThreadPool[qtp275368946]@1069cbf2{STOPPING,8<=0<=200,i=7,r=-1,q=0}[NO_TRY] Couldn't stop Thread[qtp275368946-612,5,main]
[main] WARN org.eclipse.jetty.util.thread.QueuedThreadPool - QueuedThreadPool[qtp275368946]@1069cbf2{STOPPING,8<=0<=200,i=7,r=-1,q=0}[NO_TRY] Couldn't stop Thread[qtp275368946-617,5,main]
[main] INFO com.github.restdriver.clientdriver.ClientDriver - Beginning verification
[INFO] Tests run: 34, Failures: 0, Errors: 0, Skipped: 0, Time elapsed: 1,381,554.704 s - in org.zalando.riptide.compatibility.HttpOperationsTest
[INFO] Running org.zalando.riptide.compatibility.HttpOutputMessageAsyncClientHttpRequestAdapterTest
[INFO] Tests run: 4, Failures: 0, Errors: 0, Skipped: 0, Time elapsed: 4,048 s - in org.zalando.riptide.compatibility.HttpOutputMessageAsyncClientHttpRequestAdapterTest
[INFO] 
[INFO] Results:
[INFO] 
[INFO] Tests run: 73, Failures: 0, Errors: 0, Skipped: 0
[INFO] 
[INFO] 
[INFO] ------------------------------------------------------------------------
[INFO] Skipping Riptide: Request Compression
[INFO] This project has been banned from the build due to previous failures.
[INFO] ------------------------------------------------------------------------
[INFO] 
[INFO] -------------------< org.zalando:riptide-concurrent >-------------------
[INFO] Building Riptide: Concurrent 3.1.0-SNAPSHOT                       [9/22]
[INFO] --------------------------------[ jar ]---------------------------------
[INFO] 
[INFO] --- maven-enforcer-plugin:3.0.0:enforce (enforce-maven) @ riptide-concurrent ---
[INFO] 
[INFO] --- duplicate-finder-maven-plugin:1.5.0:check (default) @ riptide-concurrent ---
[INFO] Checking compile classpath
[INFO] Checking runtime classpath
[INFO] Checking test classpath
[INFO] 
[INFO] --- jacoco-maven-plugin:0.8.7:prepare-agent (prepare-agent) @ riptide-concurrent ---
[INFO] argLine set to -javaagent:/root/.m2/repository/org/jacoco/org.jacoco.agent/0.8.7/org.jacoco.agent-0.8.7-runtime.jar=destfile=/home/target/riptide-concurrent/target/jacoco.exec
[INFO] 
[INFO] --- maven-resources-plugin:3.2.0:resources (default-resources) @ riptide-concurrent ---
[INFO] Using 'UTF-8' encoding to copy filtered resources.
[INFO] Using 'UTF-8' encoding to copy filtered properties files.
[INFO] skip non existing resourceDirectory /home/target/riptide-concurrent/src/main/resources
[INFO] 
[INFO] --- maven-compiler-plugin:3.8.1:compile (default-compile) @ riptide-concurrent ---
[INFO] Nothing to compile - all classes are up to date
[INFO] 
[INFO] --- maven-resources-plugin:3.2.0:testResources (default-testResources) @ riptide-concurrent ---
[INFO] Using 'UTF-8' encoding to copy filtered resources.
[INFO] Using 'UTF-8' encoding to copy filtered properties files.
[INFO] skip non existing resourceDirectory /home/target/riptide-concurrent/src/test/resources
[INFO] 
[INFO] --- maven-compiler-plugin:3.8.1:testCompile (default-testCompile) @ riptide-concurrent ---
[INFO] Nothing to compile - all classes are up to date
[INFO] 
[INFO] --- maven-surefire-plugin:2.22.2:test (default-test) @ riptide-concurrent ---
[INFO] 
[INFO] -------------------------------------------------------
[INFO]  T E S T S
[INFO] -------------------------------------------------------
[INFO] Running org.zalando.riptide.concurrent.ThreadPoolExecutorsTest
[INFO] Tests run: 16, Failures: 0, Errors: 0, Skipped: 0, Time elapsed: 894,034 s - in org.zalando.riptide.concurrent.ThreadPoolExecutorsTest
[INFO] Running org.zalando.riptide.concurrent.QueueFirstTest
[INFO] Tests run: 1, Failures: 0, Errors: 0, Skipped: 0, Time elapsed: 28,248 s - in org.zalando.riptide.concurrent.QueueFirstTest
[INFO] Running org.zalando.riptide.concurrent.ScaleFirstTest
[INFO] Tests run: 5, Failures: 0, Errors: 0, Skipped: 0, Time elapsed: 1,414,512 s - in org.zalando.riptide.concurrent.ScaleFirstTest
[INFO] 
[INFO] Results:
[INFO] 
[INFO] Tests run: 22, Failures: 0, Errors: 0, Skipped: 0
[INFO] 
[INFO] 
[INFO] ------------------------------------------------------------------------
[INFO] Skipping Riptide: Idempotency
[INFO] This project has been banned from the build due to previous failures.
[INFO] ------------------------------------------------------------------------
[INFO] 
[INFO] ------------------------------------------------------------------------
[INFO] Skipping Riptide: Faults
[INFO] This project has been banned from the build due to previous failures.
[INFO] ------------------------------------------------------------------------
[INFO] 
[INFO] ------------------------------------------------------------------------
[INFO] Skipping Riptide: Failsafe
[INFO] This project has been banned from the build due to previous failures.
[INFO] ------------------------------------------------------------------------
[INFO] 
[INFO] ------------------------------------------------------------------------
[INFO] Skipping Riptide: Logbook
[INFO] This project has been banned from the build due to previous failures.
[INFO] ------------------------------------------------------------------------
[INFO] 
[INFO] ------------------------------------------------------------------------
[INFO] Skipping Riptide: Micrometer
[INFO] This project has been banned from the build due to previous failures.
[INFO] ------------------------------------------------------------------------
[INFO] 
[INFO] ------------------------------------------------------------------------
[INFO] Skipping Riptide: OpenTracing
[INFO] This project has been banned from the build due to previous failures.
[INFO] ------------------------------------------------------------------------
[INFO] 
[INFO] ------------------------------------------------------------------------
[INFO] Skipping Riptide: SOAP
[INFO] This project has been banned from the build due to previous failures.
[INFO] ------------------------------------------------------------------------
[INFO] 
[INFO] ------------------------------------------------------------------------
[INFO] Skipping Riptide: Stream
[INFO] This project has been banned from the build due to previous failures.
[INFO] ------------------------------------------------------------------------
[INFO] 
[INFO] ------------------------------------------------------------------------
[INFO] Skipping Riptide: Spring Boot Auto Configuration
[INFO] This project has been banned from the build due to previous failures.
[INFO] ------------------------------------------------------------------------
[INFO] 
[INFO] ------------------------------------------------------------------------
[INFO] Skipping Riptide: Spring Boot Starter
[INFO] This project has been banned from the build due to previous failures.
[INFO] ------------------------------------------------------------------------
[INFO] ------------------------------------------------------------------------
[INFO] Reactor Summary for Riptide 3.1.0-SNAPSHOT:
[INFO] 
[INFO] Riptide ............................................ SUCCESS [9 d 03:40 h]
[INFO] Riptide: Parent .................................... SUCCESS [1 d 06:55 h]
[INFO] Riptide: Core ...................................... SUCCESS [667 d 02:52 h]
[INFO] Riptide: Capture ................................... SUCCESS [88 d 16:54 h]
[INFO] Riptide: HTTP Client ............................... FAILURE [229 d 08:02 h]
[INFO] Riptide: Authorization ............................. SKIPPED
[INFO] Riptide: Bill of Materials ......................... SUCCESS [  01:06 h]
[INFO] Riptide: Chaos ..................................... SKIPPED
[INFO] Riptide: Problem ................................... SUCCESS [99 d 19:38 h]
[INFO] Riptide: Compatibility ............................. SUCCESS [280 d 23:03 h]
[INFO] Riptide: Request Compression ....................... SKIPPED
[INFO] Riptide: Concurrent ................................ SUCCESS [63 d 14:06 h]
[INFO] Riptide: Idempotency ............................... SKIPPED
[INFO] Riptide: Faults .................................... SKIPPED
[INFO] Riptide: Failsafe .................................. SKIPPED
[INFO] Riptide: Logbook ................................... SKIPPED
[INFO] Riptide: Micrometer ................................ SKIPPED
[INFO] Riptide: OpenTracing ............................... SKIPPED
[INFO] Riptide: SOAP ...................................... SKIPPED
[INFO] Riptide: Stream .................................... SKIPPED
[INFO] Riptide: Spring Boot Auto Configuration ............ SKIPPED
[INFO] Riptide: Spring Boot Starter ....................... SKIPPED
[INFO] ------------------------------------------------------------------------
[INFO] BUILD FAILURE
[INFO] ------------------------------------------------------------------------
[INFO] Total time:  1444 d 21:12 h
[INFO] Finished at: 2025-11-10T11:57:44Z
[INFO] ------------------------------------------------------------------------
[ERROR] Failed to execute goal org.apache.maven.plugins:maven-surefire-plugin:2.22.2:test (default-test) on project riptide-httpclient: There are test failures.
[ERROR] 
[ERROR] Please refer to /home/target/riptide-httpclient/target/surefire-reports for the individual test results.
[ERROR] Please refer to dump files (if any exist) [date].dump, [date]-jvmRun[N].dump and [date].dumpstream.
[ERROR] -> [Help 1]
[ERROR] 
[ERROR] To see the full stack trace of the errors, re-run Maven with the -e switch.
[ERROR] Re-run Maven using the -X switch to enable full debug logging.
[ERROR] 
[ERROR] For more information about the errors and possible solutions, please read the following articles:
[ERROR] [Help 1] http://cwiki.apache.org/confluence/display/MAVEN/MojoFailureException
[ERROR] 
[ERROR] After correcting the problems, you can resume the build with the command
[ERROR]   mvn <args> -rf :riptide-httpclient
{'error': True, 'log_file': 'output-2021-11-14T00:51:52-4634.log', 'message': '', 'start_time': '2021-11-14T00:51:52', 'end_time': '2021-11-14T00:52:51', 'command': ['mvn', '-fae', 'test'], 'faketime_str': '+0 i1.0', 'timezone': datetime.timezone(datetime.timedelta(0), 'UTC')}
