[INFO] Scanning for projects...
[INFO] ------------------------------------------------------------------------
[INFO] Reactor Build Order:
[INFO] 
[INFO] Citrus Parent Project                                              [pom]
[INFO] Citrus Servlet API Dependencies                                    [jar]
[INFO] Citrus Log Configuration                                           [jar]
[INFO] Citrus Testing Utilities                                           [jar]
[INFO] Citrus Common Utilities                                            [jar]
[INFO] Citrus Generic Type Analyzer                                       [jar]
[INFO] Citrus Spring Extensions                                           [jar]
[INFO] SpringExt All-in-one Bundle                                        [jar]
[INFO] Simple Expression Engine                                           [jar]
[INFO] Base-classes for Service implementations                           [jar]
[INFO] Citrus Data Resolver Service                                       [jar]
[INFO] Citrus Properties-based Configuration                              [jar]
[INFO] Citrus Resource Loading Service                                    [jar]
[INFO] Citrus Upload Service                                              [jar]
[INFO] Hessian Port                                                       [jar]
[INFO] Citrus Request Context Service                                     [jar]
[INFO] Citrus Pull Service                                                [jar]
[INFO] Citrus Form Service                                                [jar]
[INFO] Citrus Pipeline Service                                            [jar]
[INFO] Citrus Template Service                                            [jar]
[INFO] Citrus Module Loading Service                                      [jar]
[INFO] citrus mapping service                                             [jar]
[INFO] Citrus JSP Template Engine                                         [jar]
[INFO] Citrus Velocity Template Engine                                    [jar]
[INFO] Citrus Freemarker Template Engine                                  [jar]
[INFO] Citrus URI Broker Service                                          [jar]
[INFO] Citrus Mail Service                                                [jar]
[INFO] Citrus Webx Framework                                              [jar]
[INFO] Citrus Testing Utilities for Webx                                  [jar]
[INFO] Citrus Webx Turbine-style Implementation                           [jar]
[INFO] Servlet 3.0 Async Support                                          [jar]
[INFO] Development mode tools for Webx                                    [jar]
[INFO] Webx All-in-one Bundle                                             [jar]
[INFO] Test Utils for Webx                                                [jar]
[INFO] 
[INFO] ------------------< com.alibaba.citrus:citrus-parent >------------------
[INFO] Building Citrus Parent Project 3.2.4                              [1/34]
[INFO] --------------------------------[ pom ]---------------------------------
[INFO] 
[INFO] --- maven-enforcer-plugin:1.0:enforce (enforce-maven) @ citrus-parent ---
[INFO] 
[INFO] --- maven-antrun-plugin:1.7:run (default) @ citrus-parent ---
[INFO] Executing tasks

main:
     [echo] project home:        /home/target
     [echo] java home:           /opt/java/openjdk/jre
     [echo] java source version: 1.6
     [echo] java target version: 1.6
     [echo] java source charset: UTF-8
[INFO] Executed tasks
[INFO] 
[INFO] --------------< com.alibaba.citrus:citrus-common-servlet >--------------
[INFO] Building Citrus Servlet API Dependencies 3.2.4                    [2/34]
[INFO] --------------------------------[ jar ]---------------------------------
[INFO] 
[INFO] --- maven-enforcer-plugin:1.0:enforce (enforce-maven) @ citrus-common-servlet ---
[INFO] 
[INFO] --- maven-resources-plugin:2.6:resources (default-resources) @ citrus-common-servlet ---
[INFO] Using 'UTF-8' encoding to copy filtered resources.
[INFO] skip non existing resourceDirectory /home/target/common/servlet/src/main/resources
[INFO] 
[INFO] --- maven-compiler-plugin:3.1:compile (default-compile) @ citrus-common-servlet ---
[INFO] Nothing to compile - all classes are up to date
[INFO] 
[INFO] --- maven-antrun-plugin:1.7:run (default) @ citrus-common-servlet ---
[INFO] Executing tasks

main:
     [echo] +----------------------------------------------------------------+
     [echo] ! Servlet 3.1.0 Profile activated                                !
     [echo] ! To test under Servlet 2, please using argument -Dservlet2      !
     [echo] ! To test under Servlet 3.0, please using argument -Dservlet30   !
     [echo] +----------------------------------------------------------------+
[INFO] Executed tasks
[INFO] 
[INFO] --- maven-resources-plugin:2.6:testResources (default-testResources) @ citrus-common-servlet ---
[INFO] Using 'UTF-8' encoding to copy filtered resources.
[INFO] skip non existing resourceDirectory /home/target/common/servlet/src/test/resources
[INFO] 
[INFO] --- maven-compiler-plugin:3.1:testCompile (default-testCompile) @ citrus-common-servlet ---
[INFO] No sources to compile
[INFO] 
[INFO] --- maven-surefire-plugin:2.16:test (default-test) @ citrus-common-servlet ---
[INFO] No tests to run.
[INFO] 
[INFO] -------------< com.alibaba.citrus:citrus-common-logconfig >-------------
[INFO] Building Citrus Log Configuration 3.2.4                           [3/34]
[INFO] --------------------------------[ jar ]---------------------------------
[INFO] 
[INFO] --- maven-enforcer-plugin:1.0:enforce (enforce-maven) @ citrus-common-logconfig ---
[INFO] 
[INFO] --- maven-resources-plugin:2.6:resources (default-resources) @ citrus-common-logconfig ---
[INFO] Using 'UTF-8' encoding to copy filtered resources.
[INFO] Copying 4 resources
[INFO] 
[INFO] --- maven-compiler-plugin:3.1:compile (default-compile) @ citrus-common-logconfig ---
[INFO] Nothing to compile - all classes are up to date
[INFO] 
[INFO] --- maven-antrun-plugin:1.7:run (default) @ citrus-common-logconfig ---
[INFO] Executing tasks

main:
     [echo] project home:        /home/target/common/logconfig
     [echo] java home:           /opt/java/openjdk/jre
     [echo] java source version: 1.6
     [echo] java target version: 1.6
     [echo] java source charset: UTF-8
[INFO] Executed tasks
[INFO] 
[INFO] --- maven-resources-plugin:2.6:testResources (default-testResources) @ citrus-common-logconfig ---
[INFO] Using 'UTF-8' encoding to copy filtered resources.
[INFO] Copying 4 resources
[INFO] 
[INFO] --- maven-compiler-plugin:3.1:testCompile (default-testCompile) @ citrus-common-logconfig ---
[INFO] Nothing to compile - all classes are up to date
[INFO] 
[INFO] --- maven-surefire-plugin:2.16:test (default-test) @ citrus-common-logconfig ---
[INFO] Surefire report directory: /home/target/common/logconfig/target/surefire-reports

-------------------------------------------------------
 T E S T S
-------------------------------------------------------
Running com.alibaba.citrus.logconfig.LogConfiguratorTests
Tests run: 6, Failures: 0, Errors: 0, Skipped: 0, Time elapsed: 398,790 sec - in com.alibaba.citrus.logconfig.LogConfiguratorTests
Running com.alibaba.citrus.logconfig.Log4jConfiguratorTests
Tests run: 7, Failures: 0, Errors: 0, Skipped: 0, Time elapsed: 746,354 sec - in com.alibaba.citrus.logconfig.Log4jConfiguratorTests
Running com.alibaba.citrus.logconfig.support.SecurityLoggerTests
Tests run: 1, Failures: 0, Errors: 0, Skipped: 0, Time elapsed: 63,324 sec - in com.alibaba.citrus.logconfig.support.SecurityLoggerTests
Running com.alibaba.citrus.logconfig.support.ConfigurableLoggerTests
Tests run: 5, Failures: 0, Errors: 0, Skipped: 0, Time elapsed: 1,312,034 sec - in com.alibaba.citrus.logconfig.support.ConfigurableLoggerTests
Running com.alibaba.citrus.logconfig.LogbackConfiguratorTests
Tests run: 7, Failures: 0, Errors: 0, Skipped: 0, Time elapsed: 921,736 sec - in com.alibaba.citrus.logconfig.LogbackConfiguratorTests
Running com.alibaba.citrus.logconfig.LogConfiguratorListenerMultiLogSystemsTests
Tests run: 1, Failures: 0, Errors: 0, Skipped: 0, Time elapsed: 509,482 sec - in com.alibaba.citrus.logconfig.LogConfiguratorListenerMultiLogSystemsTests
Running com.alibaba.citrus.logconfig.LogConfiguratorListenerTests
Tests run: 1, Failures: 0, Errors: 0, Skipped: 0, Time elapsed: 236,906 sec - in com.alibaba.citrus.logconfig.LogConfiguratorListenerTests

Results :

Tests run: 28, Failures: 0, Errors: 0, Skipped: 0

[INFO] 
[INFO] ----------------< com.alibaba.citrus:citrus-test-util >-----------------
[INFO] Building Citrus Testing Utilities 3.2.4                           [4/34]
[INFO] --------------------------------[ jar ]---------------------------------
[INFO] 
[INFO] --- maven-enforcer-plugin:1.0:enforce (enforce-maven) @ citrus-test-util ---
[INFO] 
[INFO] --- maven-resources-plugin:2.6:resources (default-resources) @ citrus-test-util ---
[INFO] Using 'UTF-8' encoding to copy filtered resources.
[INFO] Copying 1 resource
[INFO] 
[INFO] --- maven-compiler-plugin:3.1:compile (default-compile) @ citrus-test-util ---
[INFO] Nothing to compile - all classes are up to date
[INFO] 
[INFO] --- maven-antrun-plugin:1.7:run (default) @ citrus-test-util ---
[INFO] Executing tasks

main:
     [echo] project home:        /home/target/test/util
     [echo] java home:           /opt/java/openjdk/jre
     [echo] java source version: 1.6
     [echo] java target version: 1.6
     [echo] java source charset: UTF-8
[INFO] Executed tasks
[INFO] 
[INFO] --- maven-resources-plugin:2.6:testResources (default-testResources) @ citrus-test-util ---
[INFO] Using 'UTF-8' encoding to copy filtered resources.
[INFO] skip non existing resourceDirectory /home/target/test/util/src/test/resources
[INFO] 
[INFO] --- maven-compiler-plugin:3.1:testCompile (default-testCompile) @ citrus-test-util ---
[INFO] Nothing to compile - all classes are up to date
[INFO] 
[INFO] --- maven-surefire-plugin:2.16:test (default-test) @ citrus-test-util ---
[INFO] Surefire report directory: /home/target/test/util/target/surefire-reports

-------------------------------------------------------
 T E S T S
-------------------------------------------------------
Running com.alibaba.citrus.test.TestEnvStaticTests
+-----------------------------------------------------------------------------
| Set base dir to:          /home/target/test/util
| Set source dir to:        /home/target/test/util/src/test/config
| Set destination dir to:   /home/target/test/util/target/test
| Initializing log system:  file:/home/target/test/util/target/classes/com/alibaba/citrus/test/logback-test-default.xml
+-----------------------------------------------------------------------------
INFO: configuring "logback" using file:/home/target/test/util/target/classes/com/alibaba/citrus/test/logback-test-default.xml
 - with property destdir = /home/target/test/util/target/test
 - with property localAddress = 172.17.0.3
 - with property localHost = 591efda51dfc
 - with property loggingCharset = UTF-8
 - with property loggingLevel = INFO
 - with property loggingRoot = /home/target/test/util/target/test
 - with property srcdir = /home/target/test/util/src/test/config

09:15:46.189 [main] INFO  TestEnvStaticTests[] -  basedir: /home/target/test/util
11:29:54.189 [main] INFO  TestEnvStaticTests[] -   srcdir: /home/target/test/util/src/test/config
11:29:56.189 [main] INFO  TestEnvStaticTests[] -  destdir: /home/target/test/util/target/test
11:29:58.189 [main] INFO  TestEnvStaticTests[] - javaHome: /opt/java/openjdk
Tests run: 1, Failures: 0, Errors: 0, Skipped: 0, Time elapsed: 343,664 sec - in com.alibaba.citrus.test.TestEnvStaticTests
Running com.alibaba.citrus.test.TestUtilTests
Tests run: 7, Failures: 0, Errors: 0, Skipped: 0, Time elapsed: 11,032 sec - in com.alibaba.citrus.test.TestUtilTests
Running com.alibaba.citrus.test.TestNameAwareTests
15:49:24.189 [main] INFO  TestNameAwareTests[test1] - init
15:49:26.189 [main] INFO  TestNameAwareTests[test1] - test1
15:49:32.189 [main] INFO  TestNameAwareTests[test1] - dispose
16:32:38.189 [main] INFO  TestNameAwareTests[test2] - init
16:32:42.189 [main] INFO  TestNameAwareTests[test2] - test2
16:32:44.189 [main] INFO  TestNameAwareTests[test2] - dispose
Tests run: 2, Failures: 0, Errors: 0, Skipped: 0, Time elapsed: 7,164 sec - in com.alibaba.citrus.test.TestNameAwareTests
Running com.alibaba.citrus.test.PrototypedTests
18:23:50.189 [main] INFO  PrototypedTests[test1] - init
18:25:04.189 [main] INFO  PrototypedTests[test1] - test1
18:25:06.189 [main] INFO  PrototypedTests[test1] - dispose
18:27:04.189 [main] INFO  PrototypedTests[test2] - init
18:27:06.189 [main] INFO  PrototypedTests[test2] - test2
18:27:08.189 [main] INFO  PrototypedTests[test2] - dispose
18:29:14.189 [main] INFO  PrototypedTests[test1] - init
18:29:18.189 [main] INFO  PrototypedTests[test1] - test1
19:12:26.189 [main] INFO  PrototypedTests[test1] - dispose
19:36:24.189 [main] INFO  PrototypedTests[test2] - init
19:39:52.189 [main] INFO  PrototypedTests[test2] - test2
19:39:56.189 [main] INFO  PrototypedTests[test2] - dispose
Tests run: 4, Failures: 0, Errors: 0, Skipped: 0, Time elapsed: 9,916 sec - in com.alibaba.citrus.test.PrototypedTests
Running com.alibaba.citrus.test.TestEnvTests
+-----------------------------------------------------------------------------
| Set base dir to:          /home/target/test/util
| Set source dir to:        /home/target/test/util/src/test/config
| Set destination dir to:   /home/target/test/util/target/test
| Initializing log system:  file:/home/target/test/util/target/classes/com/alibaba/citrus/test/logback-test-default.xml
+-----------------------------------------------------------------------------
INFO: configuring "logback" using file:/home/target/test/util/target/classes/com/alibaba/citrus/test/logback-test-default.xml
 - with property destdir = /home/target/test/util/target/test
 - with property localAddress = 172.17.0.3
 - with property localHost = 591efda51dfc
 - with property loggingCharset = UTF-8
 - with property loggingLevel = INFO
 - with property loggingRoot = /home/target/test/util/target/test
 - with property srcdir = /home/target/test/util/src/test/config

01:02:34.189 [main] INFO  TestEnvTests[] - info message
01:02:42.189 [main] WARN  TestEnvTests[] - warn message
01:02:50.189 [main] ERROR TestEnvTests[] - error message
Tests run: 5, Failures: 0, Errors: 0, Skipped: 0, Time elapsed: 19,326 sec - in com.alibaba.citrus.test.TestEnvTests

Results :

Tests run: 19, Failures: 0, Errors: 0, Skipped: 0

[INFO] 
[INFO] ---------------< com.alibaba.citrus:citrus-common-util >----------------
[INFO] Building Citrus Common Utilities 3.2.4                            [5/34]
[INFO] --------------------------------[ jar ]---------------------------------
[INFO] 
[INFO] --- maven-enforcer-plugin:1.0:enforce (enforce-maven) @ citrus-common-util ---
[INFO] 
[INFO] --- maven-resources-plugin:2.6:resources (default-resources) @ citrus-common-util ---
[INFO] Using 'UTF-8' encoding to copy filtered resources.
[INFO] Copying 13 resources
[INFO] 
[INFO] --- maven-compiler-plugin:3.1:compile (default-compile) @ citrus-common-util ---
[INFO] Nothing to compile - all classes are up to date
[INFO] 
[INFO] --- maven-antrun-plugin:1.7:run (default) @ citrus-common-util ---
[INFO] Executing tasks

main:
     [echo] project home:        /home/target/common/util
     [echo] java home:           /opt/java/openjdk/jre
     [echo] java source version: 1.6
     [echo] java target version: 1.6
     [echo] java source charset: UTF-8
[INFO] Executed tasks
[INFO] 
[INFO] --- maven-resources-plugin:2.6:testResources (default-testResources) @ citrus-common-util ---
[INFO] Using 'UTF-8' encoding to copy filtered resources.
[INFO] Copying 14 resources
[INFO] 
[INFO] --- maven-compiler-plugin:3.1:testCompile (default-testCompile) @ citrus-common-util ---
[INFO] Nothing to compile - all classes are up to date
[INFO] 
[INFO] --- maven-surefire-plugin:2.16:test (default-test) @ citrus-common-util ---
[INFO] Surefire report directory: /home/target/common/util/target/surefire-reports

-------------------------------------------------------
 T E S T S
-------------------------------------------------------
Running com.alibaba.citrus.util.StringUtilTests
Tests run: 75, Failures: 0, Errors: 0, Skipped: 0, Time elapsed: 81,718 sec - in com.alibaba.citrus.util.StringUtilTests
Running com.alibaba.citrus.util.collection.DefaultHashMapTests
Tests run: 67, Failures: 0, Errors: 0, Skipped: 0, Time elapsed: 59,336 sec - in com.alibaba.citrus.util.collection.DefaultHashMapTests
Running com.alibaba.citrus.util.collection.IntHashMapTests
Tests run: 10, Failures: 0, Errors: 0, Skipped: 0, Time elapsed: 6,244 sec - in com.alibaba.citrus.util.collection.IntHashMapTests
Running com.alibaba.citrus.util.collection.ArrayHashMapTests
Tests run: 48, Failures: 0, Errors: 0, Skipped: 0, Time elapsed: 36,822 sec - in com.alibaba.citrus.util.collection.ArrayHashMapTests
Running com.alibaba.citrus.util.collection.ArrayHashSetTests
Tests run: 16, Failures: 0, Errors: 0, Skipped: 0, Time elapsed: 9,964 sec - in com.alibaba.citrus.util.collection.ArrayHashSetTests
Running com.alibaba.citrus.util.collection.DefaultMapEntryTests
Tests run: 4, Failures: 0, Errors: 0, Skipped: 0, Time elapsed: 86 sec - in com.alibaba.citrus.util.collection.DefaultMapEntryTests
Running com.alibaba.citrus.util.templatelite.TemplateInputSourceTests
+-----------------------------------------------------------------------------
| Set base dir to:          /home/target/common/util
| Set source dir to:        /home/target/common/util/src/test/config
| Set destination dir to:   /home/target/common/util/target/test
| Initializing log system:  file:/home/target/test/util/target/classes/com/alibaba/citrus/test/logback-test-default.xml
+-----------------------------------------------------------------------------
INFO: configuring "logback" using file:/home/target/test/util/target/classes/com/alibaba/citrus/test/logback-test-default.xml
 - with property destdir = /home/target/common/util/target/test
 - with property localAddress = 172.17.0.3
 - with property localHost = 591efda51dfc
 - with property loggingCharset = UTF-8
 - with property loggingLevel = INFO
 - with property loggingRoot = /home/target/common/util/target/test
 - with property srcdir = /home/target/common/util/src/test/config

Tests run: 8, Failures: 1, Errors: 0, Skipped: 0, Time elapsed: 434,108 sec <<< FAILURE! - in com.alibaba.citrus.util.templatelite.TemplateInputSourceTests
reloadImportedTemplate(com.alibaba.citrus.util.templatelite.TemplateInputSourceTests)  Time elapsed: 4,748 sec  <<< FAILURE!
org.junit.ComparisonFailure: expected:<[xyz
${xyz]}> but was:<[abc
${abc]}>
	at org.junit.Assert.assertEquals(Assert.java:125)
	at org.junit.Assert.assertEquals(Assert.java:147)
	at com.alibaba.citrus.util.templatelite.TemplateInputSourceTests.reloadImportedTemplate(TemplateInputSourceTests.java:292)

Running com.alibaba.citrus.util.templatelite.TemplateVisitTests
Tests run: 31, Failures: 0, Errors: 0, Skipped: 0, Time elapsed: 163,068 sec - in com.alibaba.citrus.util.templatelite.TemplateVisitTests
Running com.alibaba.citrus.util.templatelite.TemplateParserTests
Tests run: 27, Failures: 0, Errors: 0, Skipped: 0, Time elapsed: 29,102 sec - in com.alibaba.citrus.util.templatelite.TemplateParserTests
Running com.alibaba.citrus.util.templatelite.TemplateTests
Tests run: 3, Failures: 0, Errors: 0, Skipped: 0, Time elapsed: 3,422 sec - in com.alibaba.citrus.util.templatelite.TemplateTests
Running com.alibaba.citrus.util.FileUtilTests
Tests run: 13, Failures: 0, Errors: 0, Skipped: 0, Time elapsed: 10,624 sec - in com.alibaba.citrus.util.FileUtilTests
Running com.alibaba.citrus.util.ObjectUtilTests
Tests run: 11, Failures: 0, Errors: 2, Skipped: 0, Time elapsed: 1,202 sec <<< FAILURE! - in com.alibaba.citrus.util.ObjectUtilTests
identityToString(com.alibaba.citrus.util.ObjectUtilTests)  Time elapsed: 476 sec  <<< ERROR!
java.lang.NumberFormatException: For input string: "87b766ca"
	at java.lang.NumberFormatException.forInputString(NumberFormatException.java:65)
	at java.lang.Integer.parseInt(Integer.java:583)
	at com.alibaba.citrus.util.ObjectUtilTests.identityToString(ObjectUtilTests.java:194)

identityToStringNullStr(com.alibaba.citrus.util.ObjectUtilTests)  Time elapsed: 20 sec  <<< ERROR!
java.lang.NumberFormatException: For input string: "87b766ca"
	at java.lang.NumberFormatException.forInputString(NumberFormatException.java:65)
	at java.lang.Integer.parseInt(Integer.java:583)
	at com.alibaba.citrus.util.ObjectUtilTests.identityToStringNullStr(ObjectUtilTests.java:209)

Running com.alibaba.citrus.util.PaginatorTests
Tests run: 7, Failures: 0, Errors: 0, Skipped: 0, Time elapsed: 2,530 sec - in com.alibaba.citrus.util.PaginatorTests
Running com.alibaba.citrus.util.StringEscapeUtilTests
Tests run: 20, Failures: 0, Errors: 0, Skipped: 0, Time elapsed: 17,476 sec - in com.alibaba.citrus.util.StringEscapeUtilTests
Running com.alibaba.citrus.util.ExceptionUtilTests
Tests run: 11, Failures: 0, Errors: 0, Skipped: 0, Time elapsed: 3,392 sec - in com.alibaba.citrus.util.ExceptionUtilTests
Running com.alibaba.citrus.util.ClassUtilTests
Tests run: 19, Failures: 0, Errors: 0, Skipped: 0, Time elapsed: 11,872 sec - in com.alibaba.citrus.util.ClassUtilTests
Running com.alibaba.citrus.util.BasicConstantTests
Tests run: 2, Failures: 0, Errors: 0, Skipped: 0, Time elapsed: 1,960 sec - in com.alibaba.citrus.util.BasicConstantTests
Running com.alibaba.citrus.util.i18n.UnknownCharsetTests
Tests run: 5, Failures: 0, Errors: 0, Skipped: 0, Time elapsed: 836 sec - in com.alibaba.citrus.util.i18n.UnknownCharsetTests
Running com.alibaba.citrus.util.i18n.CharConverterTests
Dump all chars to /home/target/common/util/target/test/dump_all.txt
Done in 100962000ms
Tests run: 5, Failures: 0, Errors: 0, Skipped: 0, Time elapsed: 162,374 sec - in com.alibaba.citrus.util.i18n.CharConverterTests
Running com.alibaba.citrus.util.i18n.LocaleUtilTests
Tests run: 9, Failures: 0, Errors: 0, Skipped: 0, Time elapsed: 34,766 sec - in com.alibaba.citrus.util.i18n.LocaleUtilTests
Running com.alibaba.citrus.util.i18n.LocaleInfoTests
Tests run: 12, Failures: 0, Errors: 0, Skipped: 0, Time elapsed: 4,346 sec - in com.alibaba.citrus.util.i18n.LocaleInfoTests
Running com.alibaba.citrus.util.ArrayUtilTests
Tests run: 73, Failures: 0, Errors: 0, Skipped: 0, Time elapsed: 12,150 sec - in com.alibaba.citrus.util.ArrayUtilTests
Running com.alibaba.citrus.util.internal.IndentableStringBuilderTests
Tests run: 14, Failures: 0, Errors: 0, Skipped: 0, Time elapsed: 1,140 sec - in com.alibaba.citrus.util.internal.IndentableStringBuilderTests
Running com.alibaba.citrus.util.internal.NormalizableStringBuilderTests
Tests run: 4, Failures: 0, Errors: 0, Skipped: 0, Time elapsed: 2,516 sec - in com.alibaba.citrus.util.internal.NormalizableStringBuilderTests
Running com.alibaba.citrus.util.internal.Servlet3UtilTests
Tests run: 1, Failures: 0, Errors: 0, Skipped: 0, Time elapsed: 42,100 sec - in com.alibaba.citrus.util.internal.Servlet3UtilTests
Running com.alibaba.citrus.util.internal.LazyLoaderTests
SYNC_LOADER performance test, concurrency 100, loop 100,000, takes 194,156,000 ms
Creator thread: thread-4
------------------------------------
PERTHREAD_LOADER performance test, concurrency 100, loop 100,000, takes 56,326,000 ms
Creator thread: thread-5
------------------------------------
DCL_LOADER performance test, concurrency 100, loop 100,000, takes 2,828,000 ms
Creator thread: thread-1
------------------------------------
Performance Summary:
  DCL_LOADER(2,828,000 ms) > PERTHREAD_LOADER(56,326,000 ms) > SYNC_LOADER(194,156,000 ms)
  DCL_LOADER is 19.92 times faster than PERTHREAD_LOADER
  DCL_LOADER is 68.65 times faster than SYNC_LOADER
  PERTHREAD_LOADER is 3.45 times faster than SYNC_LOADER
------------------------------------
SYNC_LOADER test duration 18,292,000 ms
   2    1    0    1    0    1    0    1    0    1    0    1    0    1    0    1    0    1    0    1 
   0    1    0    1    0    1    0    1    0    1    0    1    0    1    0    1    0    1    0    1 
   1    1    0    1    0    1    0    1    0    0    1    0    1    1    0    1    0    1    0    1 
   0    1    0    1    0    1    0    1    0    1    0    1    0    1    0    1    0    1    0    1 
   0  633  301    7    0    2    0    2    1    2    0    1    2    0    2    0    0    2    0    2 

------------------------------------
PERTHREAD_LOADER test duration 66,654,000 ms
 212    0    0    0    0    0    0    0    0    0    0    0    0    0    0    0    0    0    0    0 
   0    0    0    0    0    0    0    0    0    0    0    0    0    0    0    0    0    0    0    0 
   0    0    0    0    0    0    0  340    0    0    0    0    0    0    0    0    0    0    0    0 
   0    0    0    0    0    0    0    0    0  448    0    0    0    0    0    0    0    0    0    0 
   0    0    0    0    0    0    0    0    0    0    0    0    0    0    0    0    0    0    0    0 

------------------------------------
DCL_LOADER test duration 45,300,000 ms
1000    0    0    0    0    0    0    0    0    0    0    0    0    0    0    0    0    0    0    0 
   0    0    0    0    0    0    0    0    0    0    0    0    0    0    0    0    0    0    0    0 
   0    0    0    0    0    0    0    0    0    0    0    0    0    0    0    0    0    0    0    0 
   0    0    0    0    0    0    0    0    0    0    0    0    0    0    0    0    0    0    0    0 
   0    0    0    0    0    0    0    0    0    0    0    0    0    0    0    0    0    0    0    0 

------------------------------------
Tests run: 4, Failures: 0, Errors: 0, Skipped: 0, Time elapsed: 427,162 sec - in com.alibaba.citrus.util.internal.LazyLoaderTests
Running com.alibaba.citrus.util.internal.webpagelite.myprocessor.LastModifiedTests
Tests run: 5, Failures: 0, Errors: 0, Skipped: 0, Time elapsed: 233,044 sec - in com.alibaba.citrus.util.internal.webpagelite.myprocessor.LastModifiedTests
Running com.alibaba.citrus.util.internal.webpagelite.myprocessor.RequestProcessorTests
Tests run: 7, Failures: 0, Errors: 0, Skipped: 0, Time elapsed: 1,398 sec - in com.alibaba.citrus.util.internal.webpagelite.myprocessor.RequestProcessorTests
Running com.alibaba.citrus.util.internal.webpagelite.PageComponentTests
Tests run: 10, Failures: 0, Errors: 0, Skipped: 0, Time elapsed: 9,992 sec - in com.alibaba.citrus.util.internal.webpagelite.PageComponentTests
Running com.alibaba.citrus.util.internal.EntitiesTests
Tests run: 4, Failures: 0, Errors: 0, Skipped: 0, Time elapsed: 2,760 sec - in com.alibaba.citrus.util.internal.EntitiesTests
Running com.alibaba.citrus.util.internal.InterfaceImplementorBuilderTests
Tests run: 9, Failures: 0, Errors: 0, Skipped: 0, Time elapsed: 136,412 sec - in com.alibaba.citrus.util.internal.InterfaceImplementorBuilderTests
Running com.alibaba.citrus.util.internal.StaticFunctionDelegatorBuilderTests
Tests run: 8, Failures: 0, Errors: 0, Skipped: 0, Time elapsed: 18,488 sec - in com.alibaba.citrus.util.internal.StaticFunctionDelegatorBuilderTests
Running com.alibaba.citrus.util.internal.ActionEventUtilTests
Tests run: 5, Failures: 0, Errors: 0, Skipped: 0, Time elapsed: 32,814 sec - in com.alibaba.citrus.util.internal.ActionEventUtilTests
Running com.alibaba.citrus.util.internal.impl.CitrusMessageFormatterTests
Tests run: 9, Failures: 0, Errors: 0, Skipped: 0, Time elapsed: 3,298 sec - in com.alibaba.citrus.util.internal.impl.CitrusMessageFormatterTests
Running com.alibaba.citrus.util.internal.ScreenEventUtilTests
Tests run: 2, Failures: 0, Errors: 0, Skipped: 0, Time elapsed: 3,162 sec - in com.alibaba.citrus.util.internal.ScreenEventUtilTests
Running com.alibaba.citrus.util.internal.MessageFormatterTests
Tests run: 6, Failures: 0, Errors: 0, Skipped: 0, Time elapsed: 296 sec - in com.alibaba.citrus.util.internal.MessageFormatterTests
Running com.alibaba.citrus.util.internal.apache.lang.HashCodeBuilderTests
Tests run: 31, Failures: 0, Errors: 0, Skipped: 0, Time elapsed: 5,556 sec - in com.alibaba.citrus.util.internal.apache.lang.HashCodeBuilderTests
Running com.alibaba.citrus.util.internal.apache.lang.EqualsBuilderTests
Tests run: 41, Failures: 0, Errors: 0, Skipped: 0, Time elapsed: 7,064 sec - in com.alibaba.citrus.util.internal.apache.lang.EqualsBuilderTests
Running com.alibaba.citrus.util.MessageUtilTests
Tests run: 2, Failures: 0, Errors: 0, Skipped: 0, Time elapsed: 588 sec - in com.alibaba.citrus.util.MessageUtilTests
Running com.alibaba.citrus.util.AssertTests
Tests run: 7, Failures: 0, Errors: 0, Skipped: 0, Time elapsed: 290 sec - in com.alibaba.citrus.util.AssertTests
Running com.alibaba.citrus.util.io.OutputEngineTests
Tests run: 2, Failures: 0, Errors: 0, Skipped: 0, Time elapsed: 29,876 sec - in com.alibaba.citrus.util.io.OutputEngineTests
Running com.alibaba.citrus.util.io.ByteArrayInputStreamTests
Tests run: 1, Failures: 0, Errors: 0, Skipped: 0, Time elapsed: 28 sec - in com.alibaba.citrus.util.io.ByteArrayInputStreamTests
Running com.alibaba.citrus.util.io.StreamUtilTests
Tests run: 6, Failures: 0, Errors: 0, Skipped: 0, Time elapsed: 5,374 sec - in com.alibaba.citrus.util.io.StreamUtilTests
Running com.alibaba.citrus.util.io.ByteArrayTests
Tests run: 9, Failures: 0, Errors: 0, Skipped: 0, Time elapsed: 2,874 sec - in com.alibaba.citrus.util.io.ByteArrayTests
Running com.alibaba.citrus.util.io.ByteArrayOutputStreamTests
Tests run: 1, Failures: 0, Errors: 0, Skipped: 0, Time elapsed: 28 sec - in com.alibaba.citrus.util.io.ByteArrayOutputStreamTests
Running com.alibaba.citrus.util.UtilsTests
arrayUtil => com.alibaba.citrus.util.ArrayUtil@2fd84a22
classLoaderUtil => com.alibaba.citrus.util.ClassLoaderUtil@cc3143c2
classUtil => com.alibaba.citrus.util.ClassUtil@25bf4b42
exceptionUtil => com.alibaba.citrus.util.ExceptionUtil@c280f1a0
fileUtil => com.alibaba.citrus.util.FileUtil@7ff92bc1
localeUtil => com.alibaba.citrus.util.i18n.LocaleUtil@2309f8bc
messageUtil => com.alibaba.citrus.util.MessageUtil@79aec433
objectUtil => com.alibaba.citrus.util.ObjectUtil@feab189c
streamUtil => com.alibaba.citrus.util.io.StreamUtil@aee6bbc8
stringEscapeUtil => com.alibaba.citrus.util.StringEscapeUtil@1841c775
stringUtil => com.alibaba.citrus.util.StringUtil@7258bfaa
systemUtil => com.alibaba.citrus.util.SystemUtil@e9e08ad4
mathUtil => ..StaticFunctionDelegatorBuilderByCGLIB..cab6826f..EnhancerByCGLIB..c05ce612@74d14c15
utils => ..StaticFunctionDelegatorBuilderByCGLIB..fa029f5..EnhancerByCGLIB..50732254@4244c1b6
Tests run: 2, Failures: 0, Errors: 0, Skipped: 0, Time elapsed: 115,536 sec - in com.alibaba.citrus.util.UtilsTests
Running com.alibaba.citrus.util.ClassLoaderUtilTests
Tests run: 12, Failures: 0, Errors: 0, Skipped: 0, Time elapsed: 21,058 sec - in com.alibaba.citrus.util.ClassLoaderUtilTests
Running com.alibaba.citrus.util.UUIDTests
UUID: requests=200000, concurrency=20
  Total time: 524,894,000 ms.
Average time: 2,624,470.00 μs.
Tests run: 3, Failures: 0, Errors: 0, Skipped: 0, Time elapsed: 691,074 sec - in com.alibaba.citrus.util.UUIDTests
Running com.alibaba.citrus.util.CollectionUtilTests
Tests run: 41, Failures: 0, Errors: 0, Skipped: 0, Time elapsed: 6,398 sec - in com.alibaba.citrus.util.CollectionUtilTests
Running com.alibaba.citrus.util.ToStringBuilderTests
Tests run: 24, Failures: 0, Errors: 0, Skipped: 0, Time elapsed: 5,868 sec - in com.alibaba.citrus.util.ToStringBuilderTests
Running com.alibaba.citrus.util.regex.RegexpStressTests
ORO regex - 1,604,296,000 ms for 2,500,000 matches
641718.4 μs
JDK regex - 223,340,000 ms for 2,500,000 matches
89336.0 μs
ORO regex - 15,074,000 ms for 500,000 matches
30148.0 μs
JDK regex - 182,208,000 ms for 500,000 matches
364416.0 μs
Tests run: 4, Failures: 0, Errors: 0, Skipped: 0, Time elapsed: 2,034,090 sec - in com.alibaba.citrus.util.regex.RegexpStressTests
Running com.alibaba.citrus.util.regex.WildcardCompilerTests
Thread_0 takes 4,843m 22s 0ms
Thread_3 takes 4,809m 48s 0ms
Thread_9 takes 4,933m 48s 0ms
Thread_8 takes 5,110m  0ms
Thread_2 takes 5,052m 20s 0ms
Thread_7 takes 5,147m 58s 0ms
Thread_6 takes 5,144m 56s 0ms
Thread_1 takes 5,039m 34s 0ms
Thread_4 takes 5,218m 30s 0ms
Thread_5 takes 5,218m 34s 0ms
Total time: 5,341m 22s 0ms
Tests run: 8, Failures: 0, Errors: 0, Skipped: 0, Time elapsed: 327,686 sec - in com.alibaba.citrus.util.regex.WildcardCompilerTests
Running com.alibaba.citrus.util.regex.SubstitutionTests
Tests run: 10, Failures: 0, Errors: 0, Skipped: 0, Time elapsed: 94 sec - in com.alibaba.citrus.util.regex.SubstitutionTests
Running com.alibaba.citrus.util.HumanReadableSizeTests
Tests run: 9, Failures: 0, Errors: 0, Skipped: 0, Time elapsed: 3,254 sec - in com.alibaba.citrus.util.HumanReadableSizeTests
Running com.alibaba.citrus.util.ServletUtilTests
Tests run: 120, Failures: 0, Errors: 0, Skipped: 0, Time elapsed: 15,242 sec - in com.alibaba.citrus.util.ServletUtilTests
Running com.alibaba.citrus.util.SystemUtilTests
--------------
JavaVM Spec. Name:    Java Virtual Machine Specification
JavaVM Spec. Version: 1.8
JavaVM Spec. Vendor:  Oracle Corporation

--------------
JavaVM Name:    Eclipse OpenJ9 VM
JavaVM Version: openj9-0.26.0
JavaVM Vendor:  Eclipse OpenJ9
JavaVM Info:    JRE 1.8.0 Linux amd64-64-Bit Compressed References 20210421_1000 (JIT enabled, AOT enabled)\nOpenJ9   - b4cc246d9\nOMR      - 162e6f729\nJCL      - 2a5e268814 based on jdk8u292-b10

--------------
Java Spec. Name:    Java Platform API Specification
Java Spec. Version: 1.8
Java Spec. Vendor:  Oracle Corporation

--------------
Java Version:    1.8.0_292
Java Vendor:     AdoptOpenJDK
Java Vendor URL: https://adoptopenjdk.net/

--------------
Java Runtime Name:      OpenJDK Runtime Environment
Java Runtime Version:   1.8.0_292-b10
Java Home Dir:          /opt/java/openjdk/jre
Java Extension Dirs:    /opt/java/openjdk/jre/lib/ext
Java Endorsed Dirs:     /opt/java/openjdk/jre/lib/endorsed
Java Class Path:        /home/target/common/util/target/test-classes:/home/target/common/util/target/classes:/root/.m2/repository/oro/oro/2.0.8/oro-2.0.8.jar:/root/.m2/repository/cglib/cglib-nodep/2.2.2/cglib-nodep-2.2.2.jar:/home/target/test/util/target/classes:/home/target/common/logconfig/target/classes:/root/.m2/repository/ch/qos/logback/logback-classic/1.0.13/logback-classic-1.0.13.jar:/root/.m2/repository/ch/qos/logback/logback-core/1.0.13/logback-core-1.0.13.jar:/root/.m2/repository/junit/junit/4.10/junit-4.10.jar:/root/.m2/repository/org/hamcrest/hamcrest-core/1.1/hamcrest-core-1.1.jar:/root/.m2/repository/org/hamcrest/hamcrest-library/1.1/hamcrest-library-1.1.jar:/root/.m2/repository/org/httpunit/httpunit/1.7.2/httpunit-1.7.2.jar:/root/.m2/repository/rhino/js/1.7R2/js-1.7R2.jar:/root/.m2/repository/nekohtml/nekohtml/1.9.6.2/nekohtml-1.9.6.2.jar:/root/.m2/repository/xerces/xercesImpl/2.11.0/xercesImpl-2.11.0.jar:/root/.m2/repository/xml-apis/xml-apis/1.4.01/xml-apis-1.4.01.jar:/root/.m2/repository/xalan/xalan/2.7.1/xalan-2.7.1.jar:/root/.m2/repository/xalan/serializer/2.7.1/serializer-2.7.1.jar:/root/.m2/repository/org/easymock/easymockclassextension/3.2/easymockclassextension-3.2.jar:/root/.m2/repository/org/easymock/easymock/3.2/easymock-3.2.jar:/root/.m2/repository/org/objenesis/objenesis/1.3/objenesis-1.3.jar:/home/target/common/servlet/target/classes:/root/.m2/repository/javax/servlet/javax.servlet-api/3.1.0/javax.servlet-api-3.1.0.jar:/root/.m2/repository/org/slf4j/slf4j-api/1.7.5/slf4j-api-1.7.5.jar:/root/.m2/repository/org/slf4j/jcl-over-slf4j/1.7.5/jcl-over-slf4j-1.7.5.jar:
Java Class Version:     52.0
Java Library Path:      /opt/java/openjdk/jre/lib/amd64/default:/opt/java/openjdk/jre/lib/amd64:/usr/lib64:/usr/lib
Java Protocol Packages: [n/a]

--------------
OS Arch:        amd64
OS Name:        Linux
OS Version:     5.11.0-38-generic
File Encoding:  UTF-8
File Separator: /
Line Separator: \n
Path Separator: :

--------------
User Name:        root
User Home Dir:    /root
User Current Dir: /home/target/common/util
User Temp Dir:    /tmp
User Language:    en
User Country:     US

--------------
Host Name:    591efda51dfc
Host Address: 172.17.0.3

--------------
awt.toolkit = sun.awt.X11.XToolkit
basedir = /home/target/common/util
com.ibm.cpu.endian = little
com.ibm.jcl.checkClassPath = 
com.ibm.oti.configuration = scar
com.ibm.oti.shared.enabled = true
com.ibm.oti.vm.bootstrap.library.path = /opt/java/openjdk/jre/lib/amd64/default:/opt/java/openjdk/jre/lib/amd64
com.ibm.oti.vm.library.version = 29
com.ibm.system.agent.path = /opt/java/openjdk/jre/lib/amd64
com.ibm.util.extralibs.properties = 
com.ibm.vm.bitmode = 64
com.ibm.zero.version = 2
file.encoding = UTF-8
file.encoding.pkg = sun.io
file.separator = /
ibm.signalhandling.rs = false
ibm.signalhandling.sigchain = true
ibm.signalhandling.sigint = true
ibm.system.encoding = UTF-8
java.awt.fonts = 
java.awt.graphicsenv = sun.awt.X11GraphicsEnvironment
java.awt.printerjob = sun.print.PSPrinterJob
java.class.path = /home/target/common/util/target/test-classes:/home/target/common/util/target/classes:/root/.m2/repository/oro/oro/2.0.8/oro-2.0.8.jar:/root/.m2/repository/cglib/cglib-nodep/2.2.2/cglib-nodep-2.2.2.jar:/home/target/test/util/target/classes:/home/target/common/logconfig/target/classes:/root/.m2/repository/ch/qos/logback/logback-classic/1.0.13/logback-classic-1.0.13.jar:/root/.m2/repository/ch/qos/logback/logback-core/1.0.13/logback-core-1.0.13.jar:/root/.m2/repository/junit/junit/4.10/junit-4.10.jar:/root/.m2/repository/org/hamcrest/hamcrest-core/1.1/hamcrest-core-1.1.jar:/root/.m2/repository/org/hamcrest/hamcrest-library/1.1/hamcrest-library-1.1.jar:/root/.m2/repository/org/httpunit/httpunit/1.7.2/httpunit-1.7.2.jar:/root/.m2/repository/rhino/js/1.7R2/js-1.7R2.jar:/root/.m2/repository/nekohtml/nekohtml/1.9.6.2/nekohtml-1.9.6.2.jar:/root/.m2/repository/xerces/xercesImpl/2.11.0/xercesImpl-2.11.0.jar:/root/.m2/repository/xml-apis/xml-apis/1.4.01/xml-apis-1.4.01.jar:/root/.m2/repository/xalan/xalan/2.7.1/xalan-2.7.1.jar:/root/.m2/repository/xalan/serializer/2.7.1/serializer-2.7.1.jar:/root/.m2/repository/org/easymock/easymockclassextension/3.2/easymockclassextension-3.2.jar:/root/.m2/repository/org/easymock/easymock/3.2/easymock-3.2.jar:/root/.m2/repository/org/objenesis/objenesis/1.3/objenesis-1.3.jar:/home/target/common/servlet/target/classes:/root/.m2/repository/javax/servlet/javax.servlet-api/3.1.0/javax.servlet-api-3.1.0.jar:/root/.m2/repository/org/slf4j/slf4j-api/1.7.5/slf4j-api-1.7.5.jar:/root/.m2/repository/org/slf4j/jcl-over-slf4j/1.7.5/jcl-over-slf4j-1.7.5.jar:
java.class.version = 52.0
java.compiler = j9jit29
java.endorsed.dirs = /opt/java/openjdk/jre/lib/endorsed
java.ext.dirs = /opt/java/openjdk/jre/lib/ext
java.fullversion = 1.8.0_292-b10\nJRE 1.8.0 Linux amd64-64-Bit Compressed References 20210421_1000 (JIT enabled, AOT enabled)\nOpenJ9   - b4cc246d9\nOMR      - 162e6f729\nJCL      - 2a5e268814 based on jdk8u292-b10
java.home = /opt/java/openjdk/jre
java.io.tmpdir = /tmp
java.library.path = /opt/java/openjdk/jre/lib/amd64/default:/opt/java/openjdk/jre/lib/amd64:/usr/lib64:/usr/lib
java.runtime.name = OpenJDK Runtime Environment
java.runtime.version = 1.8.0_292-b10
java.specification.name = Java Platform API Specification
java.specification.vendor = Oracle Corporation
java.specification.version = 1.8
java.vendor = AdoptOpenJDK
java.vendor.url = https://adoptopenjdk.net/
java.version = 1.8.0_292
java.vm.info = JRE 1.8.0 Linux amd64-64-Bit Compressed References 20210421_1000 (JIT enabled, AOT enabled)\nOpenJ9   - b4cc246d9\nOMR      - 162e6f729\nJCL      - 2a5e268814 based on jdk8u292-b10
java.vm.name = Eclipse OpenJ9 VM
java.vm.specification.name = Java Virtual Machine Specification
java.vm.specification.vendor = Oracle Corporation
java.vm.specification.version = 1.8
java.vm.vendor = Eclipse OpenJ9
java.vm.version = openj9-0.26.0
jdk.extensions.name = Extensions for OpenJDK for Eclipse OpenJ9
jdk.extensions.version = 8.0.292.0
line.separator = \n
localRepository = /root/.m2/repository
os.arch = amd64
os.encoding = UTF-8
os.name = Linux
os.version = 5.11.0-38-generic
path.separator = :
sun.arch.data.model = 64
sun.boot.class.path = /opt/java/openjdk/jre/lib/amd64/default/jclSC180/vm.jar:/opt/java/openjdk/jre/lib/se-service.jar:/opt/java/openjdk/jre/lib/rt.jar:/opt/java/openjdk/jre/lib/resources.jar:/opt/java/openjdk/jre/lib/jsse.jar:/opt/java/openjdk/jre/lib/charsets.jar:/opt/java/openjdk/jre/lib/jce.jar
sun.boot.library.path = /opt/java/openjdk/jre/lib/amd64/default:/opt/java/openjdk/jre/lib/amd64
sun.cpu.endian = little
sun.io.unicode.encoding = UnicodeLittle
sun.java.command = /home/target/common/util/target/surefire/surefirebooter3139654361425604683.jar /home/target/common/util/target/surefire/surefire1116908777391148553tmp /home/target/common/util/target/surefire/surefire_23291561417684044577tmp
sun.java.launcher = SUN_STANDARD
sun.java.launcher.pid = 3146
sun.jnu.encoding = UTF-8
surefire.real.class.path = /home/target/common/util/target/surefire/surefirebooter3139654361425604683.jar
surefire.test.class.path = /home/target/common/util/target/test-classes:/home/target/common/util/target/classes:/root/.m2/repository/oro/oro/2.0.8/oro-2.0.8.jar:/root/.m2/repository/cglib/cglib-nodep/2.2.2/cglib-nodep-2.2.2.jar:/home/target/test/util/target/classes:/home/target/common/logconfig/target/classes:/root/.m2/repository/ch/qos/logback/logback-classic/1.0.13/logback-classic-1.0.13.jar:/root/.m2/repository/ch/qos/logback/logback-core/1.0.13/logback-core-1.0.13.jar:/root/.m2/repository/junit/junit/4.10/junit-4.10.jar:/root/.m2/repository/org/hamcrest/hamcrest-core/1.1/hamcrest-core-1.1.jar:/root/.m2/repository/org/hamcrest/hamcrest-library/1.1/hamcrest-library-1.1.jar:/root/.m2/repository/org/httpunit/httpunit/1.7.2/httpunit-1.7.2.jar:/root/.m2/repository/rhino/js/1.7R2/js-1.7R2.jar:/root/.m2/repository/nekohtml/nekohtml/1.9.6.2/nekohtml-1.9.6.2.jar:/root/.m2/repository/xerces/xercesImpl/2.11.0/xercesImpl-2.11.0.jar:/root/.m2/repository/xml-apis/xml-apis/1.4.01/xml-apis-1.4.01.jar:/root/.m2/repository/xalan/xalan/2.7.1/xalan-2.7.1.jar:/root/.m2/repository/xalan/serializer/2.7.1/serializer-2.7.1.jar:/root/.m2/repository/org/easymock/easymockclassextension/3.2/easymockclassextension-3.2.jar:/root/.m2/repository/org/easymock/easymock/3.2/easymock-3.2.jar:/root/.m2/repository/org/objenesis/objenesis/1.3/objenesis-1.3.jar:/home/target/common/servlet/target/classes:/root/.m2/repository/javax/servlet/javax.servlet-api/3.1.0/javax.servlet-api-3.1.0.jar:/root/.m2/repository/org/slf4j/slf4j-api/1.7.5/slf4j-api-1.7.5.jar:/root/.m2/repository/org/slf4j/jcl-over-slf4j/1.7.5/jcl-over-slf4j-1.7.5.jar:
user.country = US
user.dir = /home/target/common/util
user.home = /root
user.language = en
user.name = root
user.timezone = GMT
user.variant = 
Tests run: 1, Failures: 0, Errors: 0, Skipped: 0, Time elapsed: 1,386 sec - in com.alibaba.citrus.util.SystemUtilTests

Results :

Failed tests: 
  TemplateInputSourceTests.reloadImportedTemplate:292 expected:<[xyz
${xyz]}> but was:<[abc
${abc]}>

Tests in error: 
  ObjectUtilTests.identityToString:194 » NumberFormat For input string: "87b766c...
  ObjectUtilTests.identityToStringNullStr:209 » NumberFormat For input string: "...

Tests run: 898, Failures: 1, Errors: 2, Skipped: 0

[INFO] 
[INFO] ------------------------------------------------------------------------
[INFO] Skipping Citrus Generic Type Analyzer
[INFO] This project has been banned from the build due to previous failures.
[INFO] ------------------------------------------------------------------------
[INFO] 
[INFO] ------------------------------------------------------------------------
[INFO] Skipping Citrus Spring Extensions
[INFO] This project has been banned from the build due to previous failures.
[INFO] ------------------------------------------------------------------------
[INFO] 
[INFO] ------------------------------------------------------------------------
[INFO] Skipping SpringExt All-in-one Bundle
[INFO] This project has been banned from the build due to previous failures.
[INFO] ------------------------------------------------------------------------
[INFO] 
[INFO] ------------------------------------------------------------------------
[INFO] Skipping Simple Expression Engine
[INFO] This project has been banned from the build due to previous failures.
[INFO] ------------------------------------------------------------------------
[INFO] 
[INFO] ------------------------------------------------------------------------
[INFO] Skipping Base-classes for Service implementations
[INFO] This project has been banned from the build due to previous failures.
[INFO] ------------------------------------------------------------------------
[INFO] 
[INFO] ------------------------------------------------------------------------
[INFO] Skipping Citrus Data Resolver Service
[INFO] This project has been banned from the build due to previous failures.
[INFO] ------------------------------------------------------------------------
[INFO] 
[INFO] ------------------------------------------------------------------------
[INFO] Skipping Citrus Properties-based Configuration
[INFO] This project has been banned from the build due to previous failures.
[INFO] ------------------------------------------------------------------------
[INFO] 
[INFO] ------------------------------------------------------------------------
[INFO] Skipping Citrus Resource Loading Service
[INFO] This project has been banned from the build due to previous failures.
[INFO] ------------------------------------------------------------------------
[INFO] 
[INFO] ------------------------------------------------------------------------
[INFO] Skipping Citrus Upload Service
[INFO] This project has been banned from the build due to previous failures.
[INFO] ------------------------------------------------------------------------
[INFO] 
[INFO] --------------< com.alibaba.citrus:citrus-common-hessian >--------------
[INFO] Building Hessian Port 3.2.4                                       [6/34]
[INFO] --------------------------------[ jar ]---------------------------------
[INFO] 
[INFO] --- maven-enforcer-plugin:1.0:enforce (enforce-maven) @ citrus-common-hessian ---
[INFO] 
[INFO] --- maven-resources-plugin:2.6:resources (default-resources) @ citrus-common-hessian ---
[INFO] Using 'UTF-8' encoding to copy filtered resources.
[INFO] Copying 2 resources
[INFO] 
[INFO] --- maven-compiler-plugin:3.1:compile (default-compile) @ citrus-common-hessian ---
[INFO] Nothing to compile - all classes are up to date
[INFO] 
[INFO] --- maven-antrun-plugin:1.7:run (default) @ citrus-common-hessian ---
[INFO] Executing tasks

main:
     [echo] project home:        /home/target/common/hessian
     [echo] java home:           /opt/java/openjdk/jre
     [echo] java source version: 1.6
     [echo] java target version: 1.6
     [echo] java source charset: UTF-8
[INFO] Executed tasks
[INFO] 
[INFO] --- maven-resources-plugin:2.6:testResources (default-testResources) @ citrus-common-hessian ---
[INFO] Using 'UTF-8' encoding to copy filtered resources.
[INFO] skip non existing resourceDirectory /home/target/common/hessian/src/test/resources
[INFO] 
[INFO] --- maven-compiler-plugin:3.1:testCompile (default-testCompile) @ citrus-common-hessian ---
[INFO] No sources to compile
[INFO] 
[INFO] --- maven-surefire-plugin:2.16:test (default-test) @ citrus-common-hessian ---
[INFO] Tests are skipped.
[INFO] 
[INFO] ------------------------------------------------------------------------
[INFO] Skipping Citrus Request Context Service
[INFO] This project has been banned from the build due to previous failures.
[INFO] ------------------------------------------------------------------------
[INFO] 
[INFO] ------------------------------------------------------------------------
[INFO] Skipping Citrus Pull Service
[INFO] This project has been banned from the build due to previous failures.
[INFO] ------------------------------------------------------------------------
[INFO] 
[INFO] ------------------------------------------------------------------------
[INFO] Skipping Citrus Form Service
[INFO] This project has been banned from the build due to previous failures.
[INFO] ------------------------------------------------------------------------
[INFO] 
[INFO] ------------------------------------------------------------------------
[INFO] Skipping Citrus Pipeline Service
[INFO] This project has been banned from the build due to previous failures.
[INFO] ------------------------------------------------------------------------
[INFO] 
[INFO] ------------------------------------------------------------------------
[INFO] Skipping Citrus Template Service
[INFO] This project has been banned from the build due to previous failures.
[INFO] ------------------------------------------------------------------------
[INFO] 
[INFO] ------------------------------------------------------------------------
[INFO] Skipping Citrus Module Loading Service
[INFO] This project has been banned from the build due to previous failures.
[INFO] ------------------------------------------------------------------------
[INFO] 
[INFO] ------------------------------------------------------------------------
[INFO] Skipping citrus mapping service
[INFO] This project has been banned from the build due to previous failures.
[INFO] ------------------------------------------------------------------------
[INFO] 
[INFO] ------------------------------------------------------------------------
[INFO] Skipping Citrus JSP Template Engine
[INFO] This project has been banned from the build due to previous failures.
[INFO] ------------------------------------------------------------------------
[INFO] 
[INFO] ------------------------------------------------------------------------
[INFO] Skipping Citrus Velocity Template Engine
[INFO] This project has been banned from the build due to previous failures.
[INFO] ------------------------------------------------------------------------
[INFO] 
[INFO] ------------------------------------------------------------------------
[INFO] Skipping Citrus Freemarker Template Engine
[INFO] This project has been banned from the build due to previous failures.
[INFO] ------------------------------------------------------------------------
[INFO] 
[INFO] ------------------------------------------------------------------------
[INFO] Skipping Citrus URI Broker Service
[INFO] This project has been banned from the build due to previous failures.
[INFO] ------------------------------------------------------------------------
[INFO] 
[INFO] ------------------------------------------------------------------------
[INFO] Skipping Citrus Mail Service
[INFO] This project has been banned from the build due to previous failures.
[INFO] ------------------------------------------------------------------------
[INFO] 
[INFO] ------------------------------------------------------------------------
[INFO] Skipping Citrus Webx Framework
[INFO] This project has been banned from the build due to previous failures.
[INFO] ------------------------------------------------------------------------
[INFO] 
[INFO] ------------------------------------------------------------------------
[INFO] Skipping Citrus Testing Utilities for Webx
[INFO] This project has been banned from the build due to previous failures.
[INFO] ------------------------------------------------------------------------
[INFO] 
[INFO] ------------------------------------------------------------------------
[INFO] Skipping Citrus Webx Turbine-style Implementation
[INFO] This project has been banned from the build due to previous failures.
[INFO] ------------------------------------------------------------------------
[INFO] 
[INFO] ------------------------------------------------------------------------
[INFO] Skipping Servlet 3.0 Async Support
[INFO] This project has been banned from the build due to previous failures.
[INFO] ------------------------------------------------------------------------
[INFO] 
[INFO] ------------------------------------------------------------------------
[INFO] Skipping Development mode tools for Webx
[INFO] This project has been banned from the build due to previous failures.
[INFO] ------------------------------------------------------------------------
[INFO] 
[INFO] ------------------------------------------------------------------------
[INFO] Skipping Webx All-in-one Bundle
[INFO] This project has been banned from the build due to previous failures.
[INFO] ------------------------------------------------------------------------
[INFO] 
[INFO] ------------------------------------------------------------------------
[INFO] Skipping Test Utils for Webx
[INFO] This project has been banned from the build due to previous failures.
[INFO] ------------------------------------------------------------------------
[INFO] ------------------------------------------------------------------------
[INFO] Reactor Summary for Citrus Parent Project 3.2.4:
[INFO] 
[INFO] Citrus Parent Project .............................. SUCCESS [6 d 17:01 h]
[INFO] Citrus Servlet API Dependencies .................... SUCCESS [4 d 13:17 h]
[INFO] Citrus Log Configuration ........................... SUCCESS [54 d 03:50 h]
[INFO] Citrus Testing Utilities ........................... SUCCESS [7 d 18:19 h]
[INFO] Citrus Common Utilities ............................ FAILURE [65 d 02:57 h]
[INFO] Citrus Generic Type Analyzer ....................... SKIPPED
[INFO] Citrus Spring Extensions ........................... SKIPPED
[INFO] SpringExt All-in-one Bundle ........................ SKIPPED
[INFO] Simple Expression Engine ........................... SKIPPED
[INFO] Base-classes for Service implementations ........... SKIPPED
[INFO] Citrus Data Resolver Service ....................... SKIPPED
[INFO] Citrus Properties-based Configuration .............. SKIPPED
[INFO] Citrus Resource Loading Service .................... SKIPPED
[INFO] Citrus Upload Service .............................. SKIPPED
[INFO] Hessian Port ....................................... SUCCESS [  04:40 h]
[INFO] Citrus Request Context Service ..................... SKIPPED
[INFO] Citrus Pull Service ................................ SKIPPED
[INFO] Citrus Form Service ................................ SKIPPED
[INFO] Citrus Pipeline Service ............................ SKIPPED
[INFO] Citrus Template Service ............................ SKIPPED
[INFO] Citrus Module Loading Service ...................... SKIPPED
[INFO] citrus mapping service ............................. SKIPPED
[INFO] Citrus JSP Template Engine ......................... SKIPPED
[INFO] Citrus Velocity Template Engine .................... SKIPPED
[INFO] Citrus Freemarker Template Engine .................. SKIPPED
[INFO] Citrus URI Broker Service .......................... SKIPPED
[INFO] Citrus Mail Service ................................ SKIPPED
[INFO] Citrus Webx Framework .............................. SKIPPED
[INFO] Citrus Testing Utilities for Webx .................. SKIPPED
[INFO] Citrus Webx Turbine-style Implementation ........... SKIPPED
[INFO] Servlet 3.0 Async Support .......................... SKIPPED
[INFO] Development mode tools for Webx .................... SKIPPED
[INFO] Webx All-in-one Bundle ............................. SKIPPED
[INFO] Test Utils for Webx ................................ SKIPPED
[INFO] ------------------------------------------------------------------------
[INFO] BUILD FAILURE
[INFO] ------------------------------------------------------------------------
[INFO] Total time:  142 d 17:35 h
[INFO] Finished at: 2022-04-09T12:25:58Z
[INFO] ------------------------------------------------------------------------
[ERROR] Failed to execute goal org.apache.maven.plugins:maven-surefire-plugin:2.16:test (default-test) on project citrus-common-util: There are test failures.
[ERROR] 
[ERROR] Please refer to /home/target/common/util/target/surefire-reports for the individual test results.
[ERROR] -> [Help 1]
[ERROR] 
[ERROR] To see the full stack trace of the errors, re-run Maven with the -e switch.
[ERROR] Re-run Maven using the -X switch to enable full debug logging.
[ERROR] 
[ERROR] For more information about the errors and possible solutions, please read the following articles:
[ERROR] [Help 1] http://cwiki.apache.org/confluence/display/MAVEN/MojoFailureException
[ERROR] 
[ERROR] After correcting the problems, you can resume the build with the command
[ERROR]   mvn <args> -rf :citrus-common-util
{'error': True, 'log_file': 'output-2021-11-01T03:28:36-5657.log', 'message': '', 'start_time': '2021-11-01T03:28:36', 'end_time': '2021-11-01T03:30:09', 'command': ['mvn', '-fae', 'test'], 'faketime_str': '+0 i2.0', 'timezone': datetime.timezone(datetime.timedelta(0), 'UTC')}
