[INFO] Scanning for projects...
[WARNING] 
[WARNING] Some problems were encountered while building the effective model for com.alibaba.csp:sentinel-annotation-quarkus-adapter-deployment:jar:1.8.2
[WARNING] 'dependencies.dependency.(groupId:artifactId:type:classifier)' must be unique: io.quarkus:quarkus-arc-deployment:jar -> duplicate declaration of version (?) @ line 47, column 21
[WARNING] 
[WARNING] Some problems were encountered while building the effective model for com.alibaba.csp:sentinel-demo-log-logback:jar:1.8.2
[WARNING] 'dependencies.dependency.version' for com.github.stefanbirkner:system-rules:jar is either LATEST or RELEASE (both of them are being deprecated) @ line 40, column 22
[WARNING] 
[WARNING] It is highly recommended to fix these problems because they threaten the stability of your build.
[WARNING] 
[WARNING] For this reason, future Maven versions might no longer support building such malformed projects.
[WARNING] 
[INFO] ------------------------------------------------------------------------
[INFO] Detecting the operating system and CPU architecture
[INFO] ------------------------------------------------------------------------
[INFO] os.detected.name: linux
[INFO] os.detected.arch: x86_64
[INFO] os.detected.version: 5.11
[INFO] os.detected.version.major: 5
[INFO] os.detected.version.minor: 11
[INFO] os.detected.release: ubuntu
[INFO] os.detected.release.version: 20.04
[INFO] os.detected.release.like.ubuntu: true
[INFO] os.detected.release.like.debian: true
[INFO] os.detected.classifier: linux-x86_64
[INFO] ------------------------------------------------------------------------
[INFO] Detecting the operating system and CPU architecture
[INFO] ------------------------------------------------------------------------
[INFO] os.detected.name: linux
[INFO] os.detected.arch: x86_64
[INFO] os.detected.version: 5.11
[INFO] os.detected.version.major: 5
[INFO] os.detected.version.minor: 11
[INFO] os.detected.release: ubuntu
[INFO] os.detected.release.version: 20.04
[INFO] os.detected.release.like.ubuntu: true
[INFO] os.detected.release.like.debian: true
[INFO] os.detected.classifier: linux-x86_64
[WARNING] The project com.alibaba.csp:sentinel-benchmark:jar:1.8.2 uses prerequisites which is only intended for maven-plugin projects but not for non maven-plugin projects. For such purposes you should use the maven-enforcer-plugin. See https://maven.apache.org/enforcer/enforcer-rules/requireMavenVersion.html
[INFO] ------------------------------------------------------------------------
[INFO] Reactor Build Order:
[INFO] 
[INFO] sentinel-parent                                                    [pom]
[INFO] sentinel-core                                                      [jar]
[INFO] sentinel-extension                                                 [pom]
[INFO] sentinel-datasource-extension                                      [jar]
[INFO] sentinel-datasource-nacos                                          [jar]
[INFO] sentinel-datasource-zookeeper                                      [jar]
[INFO] sentinel-datasource-apollo                                         [jar]
[INFO] sentinel-datasource-redis                                          [jar]
[INFO] sentinel-annotation-aspectj                                        [jar]
[INFO] sentinel-transport                                                 [pom]
[INFO] sentinel-transport-common                                          [jar]
[INFO] sentinel-parameter-flow-control                                    [jar]
[INFO] sentinel-datasource-spring-cloud-config                            [jar]
[INFO] sentinel-datasource-consul                                         [jar]
[INFO] sentinel-datasource-etcd                                           [jar]
[INFO] sentinel-datasource-eureka                                         [jar]
[INFO] sentinel-annotation-cdi-interceptor                                [jar]
[INFO] sentinel-metric-exporter                                           [jar]
[INFO] sentinel-transport-simple-http                                     [jar]
[INFO] sentinel-transport-netty-http                                      [jar]
[INFO] sentinel-transport-spring-mvc                                      [jar]
[INFO] sentinel-adapter                                                   [pom]
[INFO] sentinel-web-servlet                                               [jar]
[INFO] sentinel-dubbo-adapter                                             [jar]
[INFO] sentinel-apache-dubbo-adapter                                      [jar]
[INFO] sentinel-apache-httpclient-adapter                                 [jar]
[INFO] sentinel-sofa-rpc-adapter                                          [jar]
[INFO] sentinel-grpc-adapter                                              [jar]
[INFO] sentinel-api-gateway-adapter-common                                [jar]
[INFO] sentinel-zuul-adapter                                              [jar]
[INFO] sentinel-reactor-adapter                                           [jar]
[INFO] sentinel-spring-webflux-adapter                                    [jar]
[INFO] sentinel-spring-cloud-gateway-adapter                              [jar]
[INFO] sentinel-spring-webmvc-adapter                                     [jar]
[INFO] sentinel-zuul2-adapter                                             [jar]
[INFO] sentinel-okhttp-adapter                                            [jar]
[INFO] sentinel-jax-rs-adapter                                            [jar]
[INFO] sentinel-quarkus-adapter-parent                                    [pom]
[INFO] sentinel-annotation-quarkus-adapter                                [jar]
[INFO] sentinel-annotation-quarkus-adapter-deployment                     [jar]
[INFO] sentinel-jax-rs-quarkus-adapter                                    [jar]
[INFO] sentinel-jax-rs-quarkus-adapter-deployment                         [jar]
[INFO] sentinel-logging                                                   [pom]
[INFO] sentinel-logging-slf4j                                             [jar]
[INFO] sentinel-native-image-quarkus-adapter                              [jar]
[INFO] sentinel-native-image-quarkus-adapter-deployment                   [jar]
[INFO] sentinel-motan-adapter                                             [jar]
[INFO] sentinel-cluster                                                   [pom]
[INFO] sentinel-cluster-common-default                                    [jar]
[INFO] sentinel-cluster-client-default                                    [jar]
[INFO] sentinel-cluster-server-default                                    [jar]
[INFO] sentinel-cluster-server-envoy-rls                                  [jar]
[INFO] sentinel-dashboard                                                 [jar]
[INFO] sentinel-demo                                                      [pom]
[INFO] sentinel-demo-basic                                                [jar]
[INFO] sentinel-demo-dynamic-file-rule                                    [jar]
[INFO] sentinel-demo-rocketmq                                             [jar]
[INFO] sentinel-demo-dubbo                                                [jar]
[INFO] sentinel-demo-nacos-datasource                                     [jar]
[INFO] sentinel-demo-zookeeper-datasource                                 [jar]
[INFO] sentinel-demo-apollo-datasource                                    [jar]
[INFO] sentinel-demo-annotation-spring-aop                                [jar]
[INFO] sentinel-demo-parameter-flow-control                               [jar]
[INFO] sentinel-demo-slot-spi                                             [jar]
[INFO] sentinel-demo-slotchain-spi                                        [jar]
[INFO] sentinel-demo-cluster                                              [pom]
[INFO] sentinel-demo-cluster-embedded                                     [jar]
[INFO] sentinel-demo-cluster-server-alone                                 [jar]
[INFO] sentinel-demo-command-handler                                      [jar]
[INFO] sentinel-demo-spring-webflux                                       [jar]
[INFO] sentinel-demo-apache-dubbo                                         [jar]
[INFO] sentinel-demo-apache-httpclient                                    [jar]
[INFO] sentinel-demo-sofa-rpc                                             [jar]
[INFO] sentinel-demo-spring-cloud-gateway                                 [jar]
[INFO] sentinel-demo-zuul-gateway                                         [jar]
[INFO] sentinel-demo-etcd-datasource                                      [jar]
[INFO] sentinel-demo-spring-webmvc                                        [jar]
[INFO] sentinel-demo-zuul2-gateway                                        [jar]
[INFO] sentinel-demo-log-logback                                          [jar]
[INFO] sentinel-demo-okhttp                                               [jar]
[INFO] sentinel-demo-jax-rs                                               [jar]
[INFO] sentinel-demo-quarkus                                              [jar]
[INFO] sentinel-demo-annotation-cdi-interceptor                           [jar]
[INFO] sentinel-demo-motan                                                [jar]
[INFO] sentinel-demo-transport-spring-mvc                                 [jar]
[INFO] Sentinel JMH benchmark                                             [jar]
[INFO] 
[INFO] ------------------< com.alibaba.csp:sentinel-parent >-------------------
[INFO] Building sentinel-parent 1.8.2                                    [1/86]
[INFO] --------------------------------[ pom ]---------------------------------
[INFO] 
[INFO] --- jacoco-maven-plugin:0.8.3:prepare-agent (default) @ sentinel-parent ---
[WARNING] The artifact xml-apis:xml-apis:jar:2.0.2 has been relocated to xml-apis:xml-apis:jar:1.0.b2
[INFO] argLine set to -javaagent:/root/.m2/repository/org/jacoco/org.jacoco.agent/0.8.3/org.jacoco.agent-0.8.3-runtime.jar=destfile=/home/target/target/jacoco.exec
[INFO] 
[INFO] --- jacoco-maven-plugin:0.8.3:report (report) @ sentinel-parent ---
[INFO] Skipping JaCoCo execution due to missing execution data file.
[INFO] 
[INFO] -------------------< com.alibaba.csp:sentinel-core >--------------------
[INFO] Building sentinel-core 1.8.2                                      [2/86]
[INFO] --------------------------------[ jar ]---------------------------------
[INFO] 
[INFO] --- jacoco-maven-plugin:0.8.3:prepare-agent (default) @ sentinel-core ---
[INFO] argLine set to -javaagent:/root/.m2/repository/org/jacoco/org.jacoco.agent/0.8.3/org.jacoco.agent-0.8.3-runtime.jar=destfile=/home/target/sentinel-core/target/jacoco.exec
[INFO] 
[INFO] --- maven-resources-plugin:2.6:resources (default-resources) @ sentinel-core ---
[INFO] Using 'UTF-8' encoding to copy filtered resources.
[INFO] Copying 3 resources
[INFO] 
[INFO] --- maven-compiler-plugin:3.8.0:compile (default-compile) @ sentinel-core ---
[INFO] Nothing to compile - all classes are up to date
[INFO] 
[INFO] --- maven-resources-plugin:2.6:testResources (default-testResources) @ sentinel-core ---
[INFO] Using 'UTF-8' encoding to copy filtered resources.
[INFO] Copying 2 resources
[INFO] 
[INFO] --- maven-compiler-plugin:3.8.0:testCompile (default-testCompile) @ sentinel-core ---
[INFO] Nothing to compile - all classes are up to date
[INFO] 
[INFO] --- maven-surefire-plugin:2.22.1:test (default-test) @ sentinel-core ---
[INFO] 
[INFO] -------------------------------------------------------
[INFO]  T E S T S
[INFO] -------------------------------------------------------
[INFO] Running com.alibaba.csp.sentinel.slots.DefaultSlotChainBuilderTest
INFO: Sentinel log output type is: file
INFO: Sentinel log charset is: utf-8
INFO: Sentinel log base directory is: /root/logs/csp/
INFO: Sentinel log name use pid is: false
[INFO] Tests run: 1, Failures: 0, Errors: 0, Skipped: 0, Time elapsed: 23.114 s - in com.alibaba.csp.sentinel.slots.DefaultSlotChainBuilderTest
[INFO] Running com.alibaba.csp.sentinel.slots.system.SystemRuleManagerTest
[ERROR] Tests run: 4, Failures: 1, Errors: 0, Skipped: 0, Time elapsed: 13.211 s <<< FAILURE! - in com.alibaba.csp.sentinel.slots.system.SystemRuleManagerTest
[ERROR] testCheckMaxCpuUsageNotBBR(com.alibaba.csp.sentinel.slots.system.SystemRuleManagerTest)  Time elapsed: 5.932 s  <<< FAILURE!
java.lang.AssertionError: The entry should be blocked under SystemRule maxCpuUsage=0
	at com.alibaba.csp.sentinel.slots.system.SystemRuleManagerTest.testCheckMaxCpuUsageNotBBR(SystemRuleManagerTest.java:99)

[INFO] Running com.alibaba.csp.sentinel.slots.clusterbuilder.ClusterNodeBuilderTest
[INFO] Tests run: 1, Failures: 0, Errors: 0, Skipped: 0, Time elapsed: 9.872 s - in com.alibaba.csp.sentinel.slots.clusterbuilder.ClusterNodeBuilderTest
[INFO] Running com.alibaba.csp.sentinel.slots.block.authority.AuthorityRuleCheckerTest
[INFO] Tests run: 1, Failures: 0, Errors: 0, Skipped: 0, Time elapsed: 2.173 s - in com.alibaba.csp.sentinel.slots.block.authority.AuthorityRuleCheckerTest
[INFO] Running com.alibaba.csp.sentinel.slots.block.authority.AuthoritySlotTest
[INFO] Tests run: 3, Failures: 0, Errors: 0, Skipped: 0, Time elapsed: 5.345 s - in com.alibaba.csp.sentinel.slots.block.authority.AuthoritySlotTest
[INFO] Running com.alibaba.csp.sentinel.slots.block.authority.AuthorityRuleManagerTest
[INFO] Tests run: 2, Failures: 0, Errors: 0, Skipped: 0, Time elapsed: 2.534 s - in com.alibaba.csp.sentinel.slots.block.authority.AuthorityRuleManagerTest
[INFO] Running com.alibaba.csp.sentinel.slots.block.system.SystemRuleTest
[INFO] Tests run: 2, Failures: 0, Errors: 0, Skipped: 0, Time elapsed: 262.311 s - in com.alibaba.csp.sentinel.slots.block.system.SystemRuleTest
[INFO] Running com.alibaba.csp.sentinel.slots.block.degrade.circuitbreaker.ResponseTimeCircuitBreakerTest
INFO: Sentinel log output type is: file
INFO: Sentinel log charset is: utf-8
INFO: Sentinel log base directory is: /root/logs/csp/
INFO: Sentinel log name use pid is: false
[INFO] Tests run: 1, Failures: 0, Errors: 0, Skipped: 0, Time elapsed: 436.569 s - in com.alibaba.csp.sentinel.slots.block.degrade.circuitbreaker.ResponseTimeCircuitBreakerTest
[INFO] Running com.alibaba.csp.sentinel.slots.block.degrade.circuitbreaker.ExceptionCircuitBreakerTest
INFO: Sentinel log output type is: file
INFO: Sentinel log charset is: utf-8
INFO: Sentinel log base directory is: /root/logs/csp/
INFO: Sentinel log name use pid is: false
[INFO] Tests run: 1, Failures: 0, Errors: 0, Skipped: 0, Time elapsed: 349.883 s - in com.alibaba.csp.sentinel.slots.block.degrade.circuitbreaker.ExceptionCircuitBreakerTest
[INFO] Running com.alibaba.csp.sentinel.slots.block.degrade.DegradeRuleManagerTest
[INFO] Tests run: 2, Failures: 0, Errors: 0, Skipped: 0, Time elapsed: 1.918 s - in com.alibaba.csp.sentinel.slots.block.degrade.DegradeRuleManagerTest
[INFO] Running com.alibaba.csp.sentinel.slots.block.degrade.DegradeRuleTest
[INFO] Tests run: 1, Failures: 0, Errors: 0, Skipped: 0, Time elapsed: 0.364 s - in com.alibaba.csp.sentinel.slots.block.degrade.DegradeRuleTest
[INFO] Running com.alibaba.csp.sentinel.slots.block.degrade.CircuitBreakingIntegrationTest
INFO: Sentinel log output type is: file
INFO: Sentinel log charset is: utf-8
INFO: Sentinel log base directory is: /root/logs/csp/
INFO: Sentinel log name use pid is: false
[INFO] Tests run: 4, Failures: 0, Errors: 0, Skipped: 0, Time elapsed: 466.355 s - in com.alibaba.csp.sentinel.slots.block.degrade.CircuitBreakingIntegrationTest
[INFO] Running com.alibaba.csp.sentinel.slots.block.flow.FlowRuleComparatorTest
[INFO] Tests run: 1, Failures: 0, Errors: 0, Skipped: 0, Time elapsed: 1.053 s - in com.alibaba.csp.sentinel.slots.block.flow.FlowRuleComparatorTest
[INFO] Running com.alibaba.csp.sentinel.slots.block.flow.FlowSlotTest
[INFO] Tests run: 2, Failures: 0, Errors: 0, Skipped: 0, Time elapsed: 22.112 s - in com.alibaba.csp.sentinel.slots.block.flow.FlowSlotTest
[INFO] Running com.alibaba.csp.sentinel.slots.block.flow.FlowRuleManagerTest
[INFO] Tests run: 1, Failures: 0, Errors: 0, Skipped: 0, Time elapsed: 17.993 s - in com.alibaba.csp.sentinel.slots.block.flow.FlowRuleManagerTest
[INFO] Running com.alibaba.csp.sentinel.slots.block.flow.FlowPartialIntegrationTest
com.alibaba.csp.sentinel.slots.block.flow.FlowException
com.alibaba.csp.sentinel.slots.block.flow.FlowException
sleep
notify up
wake up
done
[ERROR] Tests run: 6, Failures: 3, Errors: 0, Skipped: 0, Time elapsed: 13.292 s <<< FAILURE! - in com.alibaba.csp.sentinel.slots.block.flow.FlowPartialIntegrationTest
[ERROR] testQPSGrade(com.alibaba.csp.sentinel.slots.block.flow.FlowPartialIntegrationTest)  Time elapsed: 1.702 s  <<< FAILURE!
java.lang.AssertionError
	at com.alibaba.csp.sentinel.slots.block.flow.FlowPartialIntegrationTest.testQPSGrade(FlowPartialIntegrationTest.java:68)

[ERROR] testThreadGrade(com.alibaba.csp.sentinel.slots.block.flow.FlowPartialIntegrationTest)  Time elapsed: 1.865 s  <<< FAILURE!
java.lang.AssertionError: Expected exception: com.alibaba.csp.sentinel.slots.block.BlockException

[ERROR] testOriginFlowRule(com.alibaba.csp.sentinel.slots.block.flow.FlowPartialIntegrationTest)  Time elapsed: 0.772 s  <<< FAILURE!
java.lang.AssertionError: Should had failed
	at com.alibaba.csp.sentinel.slots.block.flow.FlowPartialIntegrationTest.testOriginFlowRule(FlowPartialIntegrationTest.java:139)

[INFO] Running com.alibaba.csp.sentinel.slots.block.flow.controller.WarmUpControllerTest
[INFO] Tests run: 1, Failures: 0, Errors: 0, Skipped: 0, Time elapsed: 828.059 s - in com.alibaba.csp.sentinel.slots.block.flow.controller.WarmUpControllerTest
[INFO] Running com.alibaba.csp.sentinel.slots.block.flow.controller.WarmUpRateLimiterControllerTest
[ERROR] Tests run: 2, Failures: 2, Errors: 0, Skipped: 0, Time elapsed: 74.178 s <<< FAILURE! - in com.alibaba.csp.sentinel.slots.block.flow.controller.WarmUpRateLimiterControllerTest
[ERROR] testPace(com.alibaba.csp.sentinel.slots.block.flow.controller.WarmUpRateLimiterControllerTest)  Time elapsed: 71.875 s  <<< FAILURE!
java.lang.AssertionError
	at com.alibaba.csp.sentinel.slots.block.flow.controller.WarmUpRateLimiterControllerTest.testPace(WarmUpRateLimiterControllerTest.java:37)

[ERROR] testPaceCanNotPass(com.alibaba.csp.sentinel.slots.block.flow.controller.WarmUpRateLimiterControllerTest)  Time elapsed: 0.003 s  <<< FAILURE!
java.lang.AssertionError
	at com.alibaba.csp.sentinel.slots.block.flow.controller.WarmUpRateLimiterControllerTest.testPaceCanNotPass(WarmUpRateLimiterControllerTest.java:51)

[INFO] Running com.alibaba.csp.sentinel.slots.block.flow.controller.RateLimiterControllerTest
pass:7
block3
done10
[INFO] Tests run: 3, Failures: 0, Errors: 0, Skipped: 0, Time elapsed: 1.47 s - in com.alibaba.csp.sentinel.slots.block.flow.controller.RateLimiterControllerTest
[INFO] Running com.alibaba.csp.sentinel.slots.block.flow.controller.DefaultControllerTest
[INFO] Tests run: 3, Failures: 0, Errors: 0, Skipped: 0, Time elapsed: 0.546 s - in com.alibaba.csp.sentinel.slots.block.flow.controller.DefaultControllerTest
[INFO] Running com.alibaba.csp.sentinel.slots.block.flow.FlowRuleCheckerTest
[INFO] Tests run: 8, Failures: 0, Errors: 0, Skipped: 0, Time elapsed: 7.911 s - in com.alibaba.csp.sentinel.slots.block.flow.FlowRuleCheckerTest
[INFO] Running com.alibaba.csp.sentinel.slots.statistic.base.LeapArrayTest
[INFO] Tests run: 1, Failures: 0, Errors: 0, Skipped: 0, Time elapsed: 491.186 s - in com.alibaba.csp.sentinel.slots.statistic.base.LeapArrayTest
[INFO] Running com.alibaba.csp.sentinel.slots.statistic.metric.OccupiableBucketLeapArrayTest
1635661935960
INFO: Sentinel log output type is: file
INFO: Sentinel log charset is: utf-8
INFO: Sentinel log base directory is: /root/logs/csp/
INFO: Sentinel log name use pid is: false
1635661935960
a_Thread_1 time=1635661935960; 1635661935800:p: 1, b: 0, w: 0;
b_Thread_1 time=1635661935960; 1635661936000:p: 1, b: 0, w: 0;
1635661936160
a_Thread_1 time=1635661936160; 1635661936000:p: 2, b: 0, w: 0;1635661935800:p: 1, b: 0, w: 0;
b_Thread_1 time=1635661936160; 1635661936000:p: 1, b: 0, w: 0;1635661936200:p: 1, b: 0, w: 0;
1635661936360
a_Thread_1 time=1635661936360; 1635661936000:p: 2, b: 0, w: 0;1635661936200:p: 2, b: 0, w: 0;1635661935800:p: 1, b: 0, w: 0;
b_Thread_1 time=1635661936360; 1635661936000:p: 1, b: 0, w: 0;1635661936200:p: 1, b: 0, w: 0;1635661936400:p: 1, b: 0, w: 0;
1635661936560
a_Thread_1 time=1635661936560; 1635661936000:p: 2, b: 0, w: 0;1635661936200:p: 2, b: 0, w: 0;1635661936400:p: 2, b: 0, w: 0;1635661935800:p: 1, b: 0, w: 0;
b_Thread_1 time=1635661936560; 1635661936000:p: 1, b: 0, w: 0;1635661936200:p: 1, b: 0, w: 0;1635661936400:p: 1, b: 0, w: 0;1635661936600:p: 1, b: 0, w: 0;
1635661936760
a_Thread_1 time=1635661936760; 1635661936000:p: 2, b: 0, w: 0;1635661936200:p: 2, b: 0, w: 0;1635661936400:p: 2, b: 0, w: 0;1635661936600:p: 2, b: 0, w: 0;1635661935800:p: 1, b: 0, w: 0;
b_Thread_1 time=1635661936760; 1635661936000:p: 1, b: 0, w: 0;1635661936200:p: 1, b: 0, w: 0;1635661936400:p: 1, b: 0, w: 0;1635661936600:p: 1, b: 0, w: 0;1635661936800:p: 1, b: 0, w: 0;
1635661936960
a_Thread_1 time=1635661936960; 1635661936000:p: 2, b: 0, w: 0;1635661936200:p: 2, b: 0, w: 0;1635661936400:p: 2, b: 0, w: 0;1635661936600:p: 2, b: 0, w: 0;1635661936800:p: 2, b: 0, w: 0;1635661935800:p: 1, b: 0, w: 0;
b_Thread_1 time=1635661936960; 1635661936000:p: 1, b: 0, w: 0;1635661936200:p: 1, b: 0, w: 0;1635661936400:p: 1, b: 0, w: 0;1635661936600:p: 1, b: 0, w: 0;1635661936800:p: 1, b: 0, w: 0;1635661937000:p: 1, b: 0, w: 0;
1635661937160
a_Thread_1 time=1635661937160; 1635661936000:p: 2, b: 0, w: 0;1635661936200:p: 2, b: 0, w: 0;1635661936400:p: 2, b: 0, w: 0;1635661936600:p: 2, b: 0, w: 0;1635661936800:p: 2, b: 0, w: 0;1635661937000:p: 2, b: 0, w: 0;1635661935800:p: 1, b: 0, w: 0;
b_Thread_1 time=1635661937160; 1635661936000:p: 1, b: 0, w: 0;1635661936200:p: 1, b: 0, w: 0;1635661936400:p: 1, b: 0, w: 0;1635661936600:p: 1, b: 0, w: 0;1635661936800:p: 1, b: 0, w: 0;1635661937000:p: 1, b: 0, w: 0;1635661937200:p: 1, b: 0, w: 0;
1635661937360
a_Thread_1 time=1635661937360; 1635661936000:p: 2, b: 0, w: 0;1635661936200:p: 2, b: 0, w: 0;1635661936400:p: 2, b: 0, w: 0;1635661936600:p: 2, b: 0, w: 0;1635661936800:p: 2, b: 0, w: 0;1635661937000:p: 2, b: 0, w: 0;1635661937200:p: 2, b: 0, w: 0;1635661935800:p: 1, b: 0, w: 0;
b_Thread_1 time=1635661937360; 1635661936000:p: 1, b: 0, w: 0;1635661936200:p: 1, b: 0, w: 0;1635661936400:p: 1, b: 0, w: 0;1635661936600:p: 1, b: 0, w: 0;1635661936800:p: 1, b: 0, w: 0;1635661937000:p: 1, b: 0, w: 0;1635661937200:p: 1, b: 0, w: 0;1635661937400:p: 1, b: 0, w: 0;
1635661937560
a_Thread_1 time=1635661937560; 1635661936000:p: 2, b: 0, w: 0;1635661936200:p: 2, b: 0, w: 0;1635661936400:p: 2, b: 0, w: 0;1635661936600:p: 2, b: 0, w: 0;1635661936800:p: 2, b: 0, w: 0;1635661937000:p: 2, b: 0, w: 0;1635661937200:p: 2, b: 0, w: 0;1635661937400:p: 2, b: 0, w: 0;1635661935800:p: 1, b: 0, w: 0;
b_Thread_1 time=1635661937560; 1635661936000:p: 1, b: 0, w: 0;1635661936200:p: 1, b: 0, w: 0;1635661936400:p: 1, b: 0, w: 0;1635661936600:p: 1, b: 0, w: 0;1635661936800:p: 1, b: 0, w: 0;1635661937000:p: 1, b: 0, w: 0;1635661937200:p: 1, b: 0, w: 0;1635661937400:p: 1, b: 0, w: 0;1635661937600:p: 1, b: 0, w: 0;
1635661937760
a_Thread_1 time=1635661937760; 1635661936000:p: 2, b: 0, w: 0;1635661936200:p: 2, b: 0, w: 0;1635661936400:p: 2, b: 0, w: 0;1635661936600:p: 2, b: 0, w: 0;1635661936800:p: 2, b: 0, w: 0;1635661937000:p: 2, b: 0, w: 0;1635661937200:p: 2, b: 0, w: 0;1635661937400:p: 2, b: 0, w: 0;1635661937600:p: 2, b: 0, w: 0;1635661935800:p: 1, b: 0, w: 0;
b_Thread_1 time=1635661937760; 1635661936000:p: 1, b: 0, w: 0;1635661936200:p: 1, b: 0, w: 0;1635661936400:p: 1, b: 0, w: 0;1635661936600:p: 1, b: 0, w: 0;1635661936800:p: 1, b: 0, w: 0;1635661937000:p: 1, b: 0, w: 0;1635661937200:p: 1, b: 0, w: 0;1635661937400:p: 1, b: 0, w: 0;1635661937600:p: 1, b: 0, w: 0;1635661937800:p: 1, b: 0, w: 0;
1635661937960
a_Thread_1 time=1635661937960; 1635661936000:p: 2, b: 0, w: 0;1635661936200:p: 2, b: 0, w: 0;1635661936400:p: 2, b: 0, w: 0;1635661936600:p: 2, b: 0, w: 0;1635661936800:p: 2, b: 0, w: 0;1635661937000:p: 2, b: 0, w: 0;1635661937200:p: 2, b: 0, w: 0;1635661937400:p: 2, b: 0, w: 0;1635661937600:p: 2, b: 0, w: 0;1635661935800:p: 1, b: 0, w: 0;
b_Thread_1 time=1635661937960; 1635661936000:p: 1, b: 0, w: 0;1635661936200:p: 1, b: 0, w: 0;1635661936400:p: 1, b: 0, w: 0;1635661936600:p: 1, b: 0, w: 0;1635661936800:p: 1, b: 0, w: 0;1635661937000:p: 1, b: 0, w: 0;1635661937200:p: 1, b: 0, w: 0;1635661937400:p: 1, b: 0, w: 0;1635661937600:p: 1, b: 0, w: 0;1635661937800:p: 1, b: 0, w: 0;
[INFO] Tests run: 4, Failures: 0, Errors: 0, Skipped: 0, Time elapsed: 388.176 s - in com.alibaba.csp.sentinel.slots.statistic.metric.OccupiableBucketLeapArrayTest
[INFO] Running com.alibaba.csp.sentinel.slots.statistic.metric.ArrayMetricTest
[INFO] Tests run: 2, Failures: 0, Errors: 0, Skipped: 0, Time elapsed: 196.433 s - in com.alibaba.csp.sentinel.slots.statistic.metric.ArrayMetricTest
[INFO] Running com.alibaba.csp.sentinel.slots.statistic.metric.BucketLeapArrayTest
[INFO] Tests run: 7, Failures: 0, Errors: 0, Skipped: 0, Time elapsed: 143.903 s - in com.alibaba.csp.sentinel.slots.statistic.metric.BucketLeapArrayTest
[INFO] Running com.alibaba.csp.sentinel.slots.statistic.metric.FutureBucketLeapArrayTest
[INFO] Tests run: 1, Failures: 0, Errors: 0, Skipped: 0, Time elapsed: 0.134 s - in com.alibaba.csp.sentinel.slots.statistic.metric.FutureBucketLeapArrayTest
[INFO] Running com.alibaba.csp.sentinel.slots.logger.EagleEyeLogUtilTest
[INFO] Tests run: 1, Failures: 0, Errors: 0, Skipped: 0, Time elapsed: 8.69 s - in com.alibaba.csp.sentinel.slots.logger.EagleEyeLogUtilTest
[INFO] Running com.alibaba.csp.sentinel.slots.nodeselector.NodeSelectorTest
Single entry: sentinel_default_context
Single entry: entry3
Single entry: entry1
Single entry: entry4
Single entry: testStrategy
Single entry: entrance
[ERROR] Tests run: 2, Failures: 2, Errors: 0, Skipped: 0, Time elapsed: 0.534 s <<< FAILURE! - in com.alibaba.csp.sentinel.slots.nodeselector.NodeSelectorTest
[ERROR] testMultipleEntrance(com.alibaba.csp.sentinel.slots.nodeselector.NodeSelectorTest)  Time elapsed: 0.02 s  <<< FAILURE!
java.lang.AssertionError: expected not same
	at com.alibaba.csp.sentinel.slots.nodeselector.NodeSelectorTest.testMultipleEntrance(NodeSelectorTest.java:98)

[ERROR] testSingleEntrance(com.alibaba.csp.sentinel.slots.nodeselector.NodeSelectorTest)  Time elapsed: 0.359 s  <<< FAILURE!
java.lang.AssertionError
	at com.alibaba.csp.sentinel.slots.nodeselector.NodeSelectorTest.testSingleEntrance(NodeSelectorTest.java:56)

[INFO] Running com.alibaba.csp.sentinel.log.jul.ConsoleHandlerTest
[INFO] Tests run: 1, Failures: 0, Errors: 0, Skipped: 0, Time elapsed: 0.282 s - in com.alibaba.csp.sentinel.log.jul.ConsoleHandlerTest
[INFO] Running com.alibaba.csp.sentinel.EntryTest
[INFO] Tests run: 2, Failures: 0, Errors: 0, Skipped: 0, Time elapsed: 0.25 s - in com.alibaba.csp.sentinel.EntryTest
[INFO] Running com.alibaba.csp.sentinel.CtSphTest
[INFO] Tests run: 10, Failures: 0, Errors: 0, Skipped: 0, Time elapsed: 588.699 s - in com.alibaba.csp.sentinel.CtSphTest
[INFO] Running com.alibaba.csp.sentinel.CtEntryTest
[INFO] Tests run: 5, Failures: 0, Errors: 0, Skipped: 0, Time elapsed: 82.167 s - in com.alibaba.csp.sentinel.CtEntryTest
[INFO] Running com.alibaba.csp.sentinel.metric.extension.callback.MetricExitCallbackTest
[INFO] Tests run: 2, Failures: 0, Errors: 0, Skipped: 0, Time elapsed: 363.345 s - in com.alibaba.csp.sentinel.metric.extension.callback.MetricExitCallbackTest
[INFO] Running com.alibaba.csp.sentinel.metric.extension.callback.MetricEntryCallbackTest
[INFO] Tests run: 2, Failures: 0, Errors: 0, Skipped: 0, Time elapsed: 1.4 s - in com.alibaba.csp.sentinel.metric.extension.callback.MetricEntryCallbackTest
[INFO] Running com.alibaba.csp.sentinel.spi.SpiLoaderTest
[INFO] Tests run: 15, Failures: 0, Errors: 0, Skipped: 0, Time elapsed: 8.699 s - in com.alibaba.csp.sentinel.spi.SpiLoaderTest
[INFO] Running com.alibaba.csp.sentinel.SphOTest
[INFO] Tests run: 10, Failures: 0, Errors: 0, Skipped: 0, Time elapsed: 4.594 s - in com.alibaba.csp.sentinel.SphOTest
[INFO] Running com.alibaba.csp.sentinel.context.ContextTest
[INFO] Tests run: 5, Failures: 0, Errors: 0, Skipped: 0, Time elapsed: 202.441 s - in com.alibaba.csp.sentinel.context.ContextTest
[INFO] Running com.alibaba.csp.sentinel.node.ClusterNodeTest
[INFO] Tests run: 2, Failures: 0, Errors: 0, Skipped: 0, Time elapsed: 7.36 s - in com.alibaba.csp.sentinel.node.ClusterNodeTest
[INFO] Running com.alibaba.csp.sentinel.node.metric.MetricNodeTest
[INFO] Tests run: 1, Failures: 0, Errors: 0, Skipped: 0, Time elapsed: 0.208 s - in com.alibaba.csp.sentinel.node.metric.MetricNodeTest
[INFO] Running com.alibaba.csp.sentinel.node.metric.MetricWriterTest
[INFO] Tests run: 3, Failures: 0, Errors: 0, Skipped: 0, Time elapsed: 0.857 s - in com.alibaba.csp.sentinel.node.metric.MetricWriterTest
[INFO] Running com.alibaba.csp.sentinel.node.StatisticNodeTest
[ERROR] Tests run: 2, Failures: 1, Errors: 0, Skipped: 0, Time elapsed: 66.341 s <<< FAILURE! - in com.alibaba.csp.sentinel.node.StatisticNodeTest
[ERROR] testStatisticLongAdder(com.alibaba.csp.sentinel.node.StatisticNodeTest)  Time elapsed: 22.73 s  <<< FAILURE!
java.lang.AssertionError: expected:<24224> but was:<-17967>
	at com.alibaba.csp.sentinel.node.StatisticNodeTest.testStatisticLongAdder(StatisticNodeTest.java:234)

[INFO] Running com.alibaba.csp.sentinel.AsyncEntryTest
[INFO] Tests run: 4, Failures: 0, Errors: 0, Skipped: 0, Time elapsed: 6.602 s - in com.alibaba.csp.sentinel.AsyncEntryTest
[INFO] Running com.alibaba.csp.sentinel.AsyncEntryIntegrationTest
[INFO] Tests run: 1, Failures: 0, Errors: 0, Skipped: 0, Time elapsed: 38.787 s - in com.alibaba.csp.sentinel.AsyncEntryIntegrationTest
[INFO] Running com.alibaba.csp.sentinel.RecordLogTest
[INFO] Tests run: 4, Failures: 0, Errors: 0, Skipped: 0, Time elapsed: 73.864 s - in com.alibaba.csp.sentinel.RecordLogTest
[INFO] Running com.alibaba.csp.sentinel.SphUTest
[INFO] Tests run: 11, Failures: 0, Errors: 0, Skipped: 0, Time elapsed: 25.232 s - in com.alibaba.csp.sentinel.SphUTest
[INFO] Running com.alibaba.csp.sentinel.util.VersionUtilTest
[INFO] Tests run: 2, Failures: 0, Errors: 0, Skipped: 0, Time elapsed: 3.51 s - in com.alibaba.csp.sentinel.util.VersionUtilTest
[INFO] Running com.alibaba.csp.sentinel.util.IdUtilTest
[INFO] Tests run: 1, Failures: 0, Errors: 0, Skipped: 0, Time elapsed: 10.247 s - in com.alibaba.csp.sentinel.util.IdUtilTest
[INFO] Running com.alibaba.csp.sentinel.util.function.Tuple2Test
[INFO] Tests run: 1, Failures: 0, Errors: 0, Skipped: 0, Time elapsed: 7.362 s - in com.alibaba.csp.sentinel.util.function.Tuple2Test
[INFO] Running com.alibaba.csp.sentinel.util.MethodUtilTest
[INFO] Tests run: 2, Failures: 0, Errors: 0, Skipped: 0, Time elapsed: 0.074 s - in com.alibaba.csp.sentinel.util.MethodUtilTest
[INFO] Running com.alibaba.csp.sentinel.util.StringUtilTest
[INFO] Tests run: 9, Failures: 0, Errors: 0, Skipped: 0, Time elapsed: 5.608 s - in com.alibaba.csp.sentinel.util.StringUtilTest
[INFO] Running com.alibaba.csp.sentinel.util.ConfigUtilTest
[INFO] Tests run: 1, Failures: 0, Errors: 0, Skipped: 0, Time elapsed: 0.031 s - in com.alibaba.csp.sentinel.util.ConfigUtilTest
[INFO] Running com.alibaba.csp.sentinel.util.TimeUtilTest
[INFO] Tests run: 1, Failures: 0, Errors: 0, Skipped: 0, Time elapsed: 21.928 s - in com.alibaba.csp.sentinel.util.TimeUtilTest
[INFO] Running com.alibaba.csp.sentinel.config.SentinelConfigTest
[INFO] Tests run: 3, Failures: 0, Errors: 0, Skipped: 0, Time elapsed: 0.293 s - in com.alibaba.csp.sentinel.config.SentinelConfigTest
[INFO] Running com.alibaba.csp.sentinel.eagleeye.EagleEyeCoreUtilsTest
[INFO] Tests run: 20, Failures: 0, Errors: 0, Skipped: 0, Time elapsed: 57.909 s - in com.alibaba.csp.sentinel.eagleeye.EagleEyeCoreUtilsTest
[INFO] Running com.alibaba.csp.sentinel.eagleeye.TokenBucketTest
[INFO] Tests run: 3, Failures: 0, Errors: 0, Skipped: 0, Time elapsed: 8.92 s - in com.alibaba.csp.sentinel.eagleeye.TokenBucketTest
[INFO] Running com.alibaba.csp.sentinel.TracerTest
[INFO] Tests run: 9, Failures: 0, Errors: 0, Skipped: 0, Time elapsed: 185.466 s - in com.alibaba.csp.sentinel.TracerTest
[INFO] 
[INFO] Results:
[INFO] 
[ERROR] Failures: 
[ERROR]   StatisticNodeTest.testStatisticLongAdder:234 expected:<24224> but was:<-17967>
[ERROR]   FlowPartialIntegrationTest.testOriginFlowRule:139 Should had failed
[ERROR]   FlowPartialIntegrationTest.testQPSGrade:68
[ERROR]   FlowPartialIntegrationTest.testThreadGrade Expected exception: com.alibaba.csp.sentinel.slots.block.BlockException
[ERROR]   WarmUpRateLimiterControllerTest.testPace:37
[ERROR]   WarmUpRateLimiterControllerTest.testPaceCanNotPass:51
[ERROR]   NodeSelectorTest.testMultipleEntrance:98 expected not same
[ERROR]   NodeSelectorTest.testSingleEntrance:56
[ERROR]   SystemRuleManagerTest.testCheckMaxCpuUsageNotBBR:99 The entry should be blocked under SystemRule maxCpuUsage=0
[INFO] 
[ERROR] Tests run: 200, Failures: 9, Errors: 0, Skipped: 0
[INFO] 
[INFO] 
[INFO] -----------------< com.alibaba.csp:sentinel-extension >-----------------
[INFO] Building sentinel-extension 1.8.2                                 [3/86]
[INFO] --------------------------------[ pom ]---------------------------------
[INFO] 
[INFO] --- jacoco-maven-plugin:0.8.3:prepare-agent (default) @ sentinel-extension ---
[INFO] argLine set to -javaagent:/root/.m2/repository/org/jacoco/org.jacoco.agent/0.8.3/org.jacoco.agent-0.8.3-runtime.jar=destfile=/home/target/sentinel-extension/target/jacoco.exec
[INFO] 
[INFO] --- jacoco-maven-plugin:0.8.3:report (report) @ sentinel-extension ---
[INFO] Skipping JaCoCo execution due to missing execution data file.
[INFO] 
[INFO] ------------------------------------------------------------------------
[INFO] Skipping sentinel-datasource-extension
[INFO] This project has been banned from the build due to previous failures.
[INFO] ------------------------------------------------------------------------
[INFO] 
[INFO] ------------------------------------------------------------------------
[INFO] Skipping sentinel-datasource-nacos
[INFO] This project has been banned from the build due to previous failures.
[INFO] ------------------------------------------------------------------------
[INFO] 
[INFO] ------------------------------------------------------------------------
[INFO] Skipping sentinel-datasource-zookeeper
[INFO] This project has been banned from the build due to previous failures.
[INFO] ------------------------------------------------------------------------
[INFO] 
[INFO] ------------------------------------------------------------------------
[INFO] Skipping sentinel-datasource-apollo
[INFO] This project has been banned from the build due to previous failures.
[INFO] ------------------------------------------------------------------------
[INFO] 
[INFO] ------------------------------------------------------------------------
[INFO] Skipping sentinel-datasource-redis
[INFO] This project has been banned from the build due to previous failures.
[INFO] ------------------------------------------------------------------------
[INFO] 
[INFO] ------------------------------------------------------------------------
[INFO] Skipping sentinel-annotation-aspectj
[INFO] This project has been banned from the build due to previous failures.
[INFO] ------------------------------------------------------------------------
[INFO] 
[INFO] -----------------< com.alibaba.csp:sentinel-transport >-----------------
[INFO] Building sentinel-transport 1.8.2                                 [4/86]
[INFO] --------------------------------[ pom ]---------------------------------
[INFO] 
[INFO] --- jacoco-maven-plugin:0.8.3:prepare-agent (default) @ sentinel-transport ---
[INFO] argLine set to -javaagent:/root/.m2/repository/org/jacoco/org.jacoco.agent/0.8.3/org.jacoco.agent-0.8.3-runtime.jar=destfile=/home/target/sentinel-transport/target/jacoco.exec
[INFO] 
[INFO] --- jacoco-maven-plugin:0.8.3:report (report) @ sentinel-transport ---
[INFO] Skipping JaCoCo execution due to missing execution data file.
[INFO] 
[INFO] ------------------------------------------------------------------------
[INFO] Skipping sentinel-transport-common
[INFO] This project has been banned from the build due to previous failures.
[INFO] ------------------------------------------------------------------------
[INFO] 
[INFO] ------------------------------------------------------------------------
[INFO] Skipping sentinel-parameter-flow-control
[INFO] This project has been banned from the build due to previous failures.
[INFO] ------------------------------------------------------------------------
[INFO] 
[INFO] ------------------------------------------------------------------------
[INFO] Skipping sentinel-datasource-spring-cloud-config
[INFO] This project has been banned from the build due to previous failures.
[INFO] ------------------------------------------------------------------------
[INFO] 
[INFO] ------------------------------------------------------------------------
[INFO] Skipping sentinel-datasource-consul
[INFO] This project has been banned from the build due to previous failures.
[INFO] ------------------------------------------------------------------------
[INFO] 
[INFO] ------------------------------------------------------------------------
[INFO] Skipping sentinel-datasource-etcd
[INFO] This project has been banned from the build due to previous failures.
[INFO] ------------------------------------------------------------------------
[INFO] 
[INFO] ------------------------------------------------------------------------
[INFO] Skipping sentinel-datasource-eureka
[INFO] This project has been banned from the build due to previous failures.
[INFO] ------------------------------------------------------------------------
[INFO] 
[INFO] ------------------------------------------------------------------------
[INFO] Skipping sentinel-annotation-cdi-interceptor
[INFO] This project has been banned from the build due to previous failures.
[INFO] ------------------------------------------------------------------------
[INFO] 
[INFO] ------------------------------------------------------------------------
[INFO] Skipping sentinel-metric-exporter
[INFO] This project has been banned from the build due to previous failures.
[INFO] ------------------------------------------------------------------------
[INFO] 
[INFO] ------------------------------------------------------------------------
[INFO] Skipping sentinel-transport-simple-http
[INFO] This project has been banned from the build due to previous failures.
[INFO] ------------------------------------------------------------------------
[INFO] 
[INFO] ------------------------------------------------------------------------
[INFO] Skipping sentinel-transport-netty-http
[INFO] This project has been banned from the build due to previous failures.
[INFO] ------------------------------------------------------------------------
[INFO] 
[INFO] ------------------------------------------------------------------------
[INFO] Skipping sentinel-transport-spring-mvc
[INFO] This project has been banned from the build due to previous failures.
[INFO] ------------------------------------------------------------------------
[INFO] 
[INFO] ------------------< com.alibaba.csp:sentinel-adapter >------------------
[INFO] Building sentinel-adapter 1.8.2                                   [5/86]
[INFO] --------------------------------[ pom ]---------------------------------
[INFO] 
[INFO] --- jacoco-maven-plugin:0.8.3:prepare-agent (default) @ sentinel-adapter ---
[INFO] argLine set to -javaagent:/root/.m2/repository/org/jacoco/org.jacoco.agent/0.8.3/org.jacoco.agent-0.8.3-runtime.jar=destfile=/home/target/sentinel-adapter/target/jacoco.exec
[INFO] 
[INFO] --- jacoco-maven-plugin:0.8.3:report (report) @ sentinel-adapter ---
[INFO] Skipping JaCoCo execution due to missing execution data file.
[INFO] 
[INFO] ------------------------------------------------------------------------
[INFO] Skipping sentinel-web-servlet
[INFO] This project has been banned from the build due to previous failures.
[INFO] ------------------------------------------------------------------------
[INFO] 
[INFO] ------------------------------------------------------------------------
[INFO] Skipping sentinel-dubbo-adapter
[INFO] This project has been banned from the build due to previous failures.
[INFO] ------------------------------------------------------------------------
[INFO] 
[INFO] ------------------------------------------------------------------------
[INFO] Skipping sentinel-apache-dubbo-adapter
[INFO] This project has been banned from the build due to previous failures.
[INFO] ------------------------------------------------------------------------
[INFO] 
[INFO] ------------------------------------------------------------------------
[INFO] Skipping sentinel-apache-httpclient-adapter
[INFO] This project has been banned from the build due to previous failures.
[INFO] ------------------------------------------------------------------------
[INFO] 
[INFO] ------------------------------------------------------------------------
[INFO] Skipping sentinel-sofa-rpc-adapter
[INFO] This project has been banned from the build due to previous failures.
[INFO] ------------------------------------------------------------------------
[INFO] 
[INFO] ------------------------------------------------------------------------
[INFO] Skipping sentinel-grpc-adapter
[INFO] This project has been banned from the build due to previous failures.
[INFO] ------------------------------------------------------------------------
[INFO] 
[INFO] ------------------------------------------------------------------------
[INFO] Skipping sentinel-api-gateway-adapter-common
[INFO] This project has been banned from the build due to previous failures.
[INFO] ------------------------------------------------------------------------
[INFO] 
[INFO] ------------------------------------------------------------------------
[INFO] Skipping sentinel-zuul-adapter
[INFO] This project has been banned from the build due to previous failures.
[INFO] ------------------------------------------------------------------------
[INFO] 
[INFO] ------------------------------------------------------------------------
[INFO] Skipping sentinel-reactor-adapter
[INFO] This project has been banned from the build due to previous failures.
[INFO] ------------------------------------------------------------------------
[INFO] 
[INFO] ------------------------------------------------------------------------
[INFO] Skipping sentinel-spring-webflux-adapter
[INFO] This project has been banned from the build due to previous failures.
[INFO] ------------------------------------------------------------------------
[INFO] 
[INFO] ------------------------------------------------------------------------
[INFO] Skipping sentinel-spring-cloud-gateway-adapter
[INFO] This project has been banned from the build due to previous failures.
[INFO] ------------------------------------------------------------------------
[INFO] 
[INFO] ------------------------------------------------------------------------
[INFO] Skipping sentinel-spring-webmvc-adapter
[INFO] This project has been banned from the build due to previous failures.
[INFO] ------------------------------------------------------------------------
[INFO] 
[INFO] ------------------------------------------------------------------------
[INFO] Skipping sentinel-zuul2-adapter
[INFO] This project has been banned from the build due to previous failures.
[INFO] ------------------------------------------------------------------------
[INFO] 
[INFO] ------------------------------------------------------------------------
[INFO] Skipping sentinel-okhttp-adapter
[INFO] This project has been banned from the build due to previous failures.
[INFO] ------------------------------------------------------------------------
[INFO] 
[INFO] ------------------------------------------------------------------------
[INFO] Skipping sentinel-jax-rs-adapter
[INFO] This project has been banned from the build due to previous failures.
[INFO] ------------------------------------------------------------------------
[INFO] 
[INFO] ----------< com.alibaba.csp:sentinel-quarkus-adapter-parent >-----------
[INFO] Building sentinel-quarkus-adapter-parent 1.8.2                    [6/86]
[INFO] --------------------------------[ pom ]---------------------------------
[INFO] 
[INFO] --- jacoco-maven-plugin:0.8.3:prepare-agent (default) @ sentinel-quarkus-adapter-parent ---
[INFO] argLine set to -javaagent:/root/.m2/repository/org/jacoco/org.jacoco.agent/0.8.3/org.jacoco.agent-0.8.3-runtime.jar=destfile=/home/target/sentinel-adapter/sentinel-quarkus-adapter/target/jacoco.exec
[INFO] 
[INFO] --- jacoco-maven-plugin:0.8.3:report (report) @ sentinel-quarkus-adapter-parent ---
[INFO] Skipping JaCoCo execution due to missing execution data file.
[INFO] 
[INFO] ------------------------------------------------------------------------
[INFO] Skipping sentinel-annotation-quarkus-adapter
[INFO] This project has been banned from the build due to previous failures.
[INFO] ------------------------------------------------------------------------
[INFO] 
[INFO] ------------------------------------------------------------------------
[INFO] Skipping sentinel-annotation-quarkus-adapter-deployment
[INFO] This project has been banned from the build due to previous failures.
[INFO] ------------------------------------------------------------------------
[INFO] 
[INFO] ------------------------------------------------------------------------
[INFO] Skipping sentinel-jax-rs-quarkus-adapter
[INFO] This project has been banned from the build due to previous failures.
[INFO] ------------------------------------------------------------------------
[INFO] 
[INFO] ------------------------------------------------------------------------
[INFO] Skipping sentinel-jax-rs-quarkus-adapter-deployment
[INFO] This project has been banned from the build due to previous failures.
[INFO] ------------------------------------------------------------------------
[INFO] 
[INFO] ------------------< com.alibaba.csp:sentinel-logging >------------------
[INFO] Building sentinel-logging 1.8.2                                   [7/86]
[INFO] --------------------------------[ pom ]---------------------------------
[INFO] 
[INFO] --- jacoco-maven-plugin:0.8.3:prepare-agent (default) @ sentinel-logging ---
[INFO] argLine set to -javaagent:/root/.m2/repository/org/jacoco/org.jacoco.agent/0.8.3/org.jacoco.agent-0.8.3-runtime.jar=destfile=/home/target/sentinel-logging/target/jacoco.exec
[INFO] 
[INFO] --- jacoco-maven-plugin:0.8.3:report (report) @ sentinel-logging ---
[INFO] Skipping JaCoCo execution due to missing execution data file.
[INFO] 
[INFO] ------------------------------------------------------------------------
[INFO] Skipping sentinel-logging-slf4j
[INFO] This project has been banned from the build due to previous failures.
[INFO] ------------------------------------------------------------------------
[INFO] 
[INFO] ------------------------------------------------------------------------
[INFO] Skipping sentinel-native-image-quarkus-adapter
[INFO] This project has been banned from the build due to previous failures.
[INFO] ------------------------------------------------------------------------
[INFO] 
[INFO] ------------------------------------------------------------------------
[INFO] Skipping sentinel-native-image-quarkus-adapter-deployment
[INFO] This project has been banned from the build due to previous failures.
[INFO] ------------------------------------------------------------------------
[INFO] 
[INFO] ------------------------------------------------------------------------
[INFO] Skipping sentinel-motan-adapter
[INFO] This project has been banned from the build due to previous failures.
[INFO] ------------------------------------------------------------------------
[INFO] 
[INFO] ------------------< com.alibaba.csp:sentinel-cluster >------------------
[INFO] Building sentinel-cluster 1.8.2                                   [8/86]
[INFO] --------------------------------[ pom ]---------------------------------
[INFO] 
[INFO] --- jacoco-maven-plugin:0.8.3:prepare-agent (default) @ sentinel-cluster ---
[INFO] argLine set to -javaagent:/root/.m2/repository/org/jacoco/org.jacoco.agent/0.8.3/org.jacoco.agent-0.8.3-runtime.jar=destfile=/home/target/sentinel-cluster/target/jacoco.exec
[INFO] 
[INFO] --- jacoco-maven-plugin:0.8.3:report (report) @ sentinel-cluster ---
[INFO] Skipping JaCoCo execution due to missing execution data file.
[INFO] 
[INFO] ------------------------------------------------------------------------
[INFO] Skipping sentinel-cluster-common-default
[INFO] This project has been banned from the build due to previous failures.
[INFO] ------------------------------------------------------------------------
[INFO] 
[INFO] ------------------------------------------------------------------------
[INFO] Skipping sentinel-cluster-client-default
[INFO] This project has been banned from the build due to previous failures.
[INFO] ------------------------------------------------------------------------
[INFO] 
[INFO] ------------------------------------------------------------------------
[INFO] Skipping sentinel-cluster-server-default
[INFO] This project has been banned from the build due to previous failures.
[INFO] ------------------------------------------------------------------------
[INFO] 
[INFO] ------------------------------------------------------------------------
[INFO] Skipping sentinel-cluster-server-envoy-rls
[INFO] This project has been banned from the build due to previous failures.
[INFO] ------------------------------------------------------------------------
[INFO] 
[INFO] ------------------------------------------------------------------------
[INFO] Skipping sentinel-dashboard
[INFO] This project has been banned from the build due to previous failures.
[INFO] ------------------------------------------------------------------------
[INFO] 
[INFO] ------------------------------------------------------------------------
[INFO] Skipping sentinel-demo
[INFO] This project has been banned from the build due to previous failures.
[INFO] ------------------------------------------------------------------------
[INFO] 
[INFO] ------------------------------------------------------------------------
[INFO] Skipping sentinel-demo-basic
[INFO] This project has been banned from the build due to previous failures.
[INFO] ------------------------------------------------------------------------
[INFO] 
[INFO] ------------------------------------------------------------------------
[INFO] Skipping sentinel-demo-dynamic-file-rule
[INFO] This project has been banned from the build due to previous failures.
[INFO] ------------------------------------------------------------------------
[INFO] 
[INFO] ------------------------------------------------------------------------
[INFO] Skipping sentinel-demo-rocketmq
[INFO] This project has been banned from the build due to previous failures.
[INFO] ------------------------------------------------------------------------
[INFO] 
[INFO] ------------------------------------------------------------------------
[INFO] Skipping sentinel-demo-dubbo
[INFO] This project has been banned from the build due to previous failures.
[INFO] ------------------------------------------------------------------------
[INFO] 
[INFO] ------------------------------------------------------------------------
[INFO] Skipping sentinel-demo-nacos-datasource
[INFO] This project has been banned from the build due to previous failures.
[INFO] ------------------------------------------------------------------------
[INFO] 
[INFO] ------------------------------------------------------------------------
[INFO] Skipping sentinel-demo-zookeeper-datasource
[INFO] This project has been banned from the build due to previous failures.
[INFO] ------------------------------------------------------------------------
[INFO] 
[INFO] ------------------------------------------------------------------------
[INFO] Skipping sentinel-demo-apollo-datasource
[INFO] This project has been banned from the build due to previous failures.
[INFO] ------------------------------------------------------------------------
[INFO] 
[INFO] ------------------------------------------------------------------------
[INFO] Skipping sentinel-demo-annotation-spring-aop
[INFO] This project has been banned from the build due to previous failures.
[INFO] ------------------------------------------------------------------------
[INFO] 
[INFO] ------------------------------------------------------------------------
[INFO] Skipping sentinel-demo-parameter-flow-control
[INFO] This project has been banned from the build due to previous failures.
[INFO] ------------------------------------------------------------------------
[INFO] 
[INFO] ------------------------------------------------------------------------
[INFO] Skipping sentinel-demo-slot-spi
[INFO] This project has been banned from the build due to previous failures.
[INFO] ------------------------------------------------------------------------
[INFO] 
[INFO] ------------------------------------------------------------------------
[INFO] Skipping sentinel-demo-slotchain-spi
[INFO] This project has been banned from the build due to previous failures.
[INFO] ------------------------------------------------------------------------
[INFO] 
[INFO] ------------------------------------------------------------------------
[INFO] Skipping sentinel-demo-cluster
[INFO] This project has been banned from the build due to previous failures.
[INFO] ------------------------------------------------------------------------
[INFO] 
[INFO] ------------------------------------------------------------------------
[INFO] Skipping sentinel-demo-cluster-embedded
[INFO] This project has been banned from the build due to previous failures.
[INFO] ------------------------------------------------------------------------
[INFO] 
[INFO] ------------------------------------------------------------------------
[INFO] Skipping sentinel-demo-cluster-server-alone
[INFO] This project has been banned from the build due to previous failures.
[INFO] ------------------------------------------------------------------------
[INFO] 
[INFO] ------------------------------------------------------------------------
[INFO] Skipping sentinel-demo-command-handler
[INFO] This project has been banned from the build due to previous failures.
[INFO] ------------------------------------------------------------------------
[INFO] 
[INFO] ------------------------------------------------------------------------
[INFO] Skipping sentinel-demo-spring-webflux
[INFO] This project has been banned from the build due to previous failures.
[INFO] ------------------------------------------------------------------------
[INFO] 
[INFO] ------------------------------------------------------------------------
[INFO] Skipping sentinel-demo-apache-dubbo
[INFO] This project has been banned from the build due to previous failures.
[INFO] ------------------------------------------------------------------------
[INFO] 
[INFO] ------------------------------------------------------------------------
[INFO] Skipping sentinel-demo-apache-httpclient
[INFO] This project has been banned from the build due to previous failures.
[INFO] ------------------------------------------------------------------------
[INFO] 
[INFO] ------------------------------------------------------------------------
[INFO] Skipping sentinel-demo-sofa-rpc
[INFO] This project has been banned from the build due to previous failures.
[INFO] ------------------------------------------------------------------------
[INFO] 
[INFO] ------------------------------------------------------------------------
[INFO] Skipping sentinel-demo-spring-cloud-gateway
[INFO] This project has been banned from the build due to previous failures.
[INFO] ------------------------------------------------------------------------
[INFO] 
[INFO] ------------------------------------------------------------------------
[INFO] Skipping sentinel-demo-zuul-gateway
[INFO] This project has been banned from the build due to previous failures.
[INFO] ------------------------------------------------------------------------
[INFO] 
[INFO] ------------------------------------------------------------------------
[INFO] Skipping sentinel-demo-etcd-datasource
[INFO] This project has been banned from the build due to previous failures.
[INFO] ------------------------------------------------------------------------
[INFO] 
[INFO] ------------------------------------------------------------------------
[INFO] Skipping sentinel-demo-spring-webmvc
[INFO] This project has been banned from the build due to previous failures.
[INFO] ------------------------------------------------------------------------
[INFO] 
[INFO] ------------------------------------------------------------------------
[INFO] Skipping sentinel-demo-zuul2-gateway
[INFO] This project has been banned from the build due to previous failures.
[INFO] ------------------------------------------------------------------------
[INFO] 
[INFO] ------------------------------------------------------------------------
[INFO] Skipping sentinel-demo-log-logback
[INFO] This project has been banned from the build due to previous failures.
[INFO] ------------------------------------------------------------------------
[INFO] 
[INFO] ------------------------------------------------------------------------
[INFO] Skipping sentinel-demo-okhttp
[INFO] This project has been banned from the build due to previous failures.
[INFO] ------------------------------------------------------------------------
[INFO] 
[INFO] ------------------------------------------------------------------------
[INFO] Skipping sentinel-demo-jax-rs
[INFO] This project has been banned from the build due to previous failures.
[INFO] ------------------------------------------------------------------------
[INFO] 
[INFO] ------------------------------------------------------------------------
[INFO] Skipping sentinel-demo-quarkus
[INFO] This project has been banned from the build due to previous failures.
[INFO] ------------------------------------------------------------------------
[INFO] 
[INFO] ------------------------------------------------------------------------
[INFO] Skipping sentinel-demo-annotation-cdi-interceptor
[INFO] This project has been banned from the build due to previous failures.
[INFO] ------------------------------------------------------------------------
[INFO] 
[INFO] ------------------------------------------------------------------------
[INFO] Skipping sentinel-demo-motan
[INFO] This project has been banned from the build due to previous failures.
[INFO] ------------------------------------------------------------------------
[INFO] 
[INFO] ------------------------------------------------------------------------
[INFO] Skipping sentinel-demo-transport-spring-mvc
[INFO] This project has been banned from the build due to previous failures.
[INFO] ------------------------------------------------------------------------
[INFO] 
[INFO] ------------------------------------------------------------------------
[INFO] Skipping Sentinel JMH benchmark
[INFO] This project has been banned from the build due to previous failures.
[INFO] ------------------------------------------------------------------------
[INFO] ------------------------------------------------------------------------
[INFO] Reactor Summary for sentinel-parent 1.8.2:
[INFO] 
[INFO] sentinel-parent .................................... SUCCESS [02:02 min]
[INFO] sentinel-core ...................................... FAILURE [  01:39 h]
[INFO] sentinel-extension ................................. SUCCESS [  1.757 s]
[INFO] sentinel-datasource-extension ...................... SKIPPED
[INFO] sentinel-datasource-nacos .......................... SKIPPED
[INFO] sentinel-datasource-zookeeper ...................... SKIPPED
[INFO] sentinel-datasource-apollo ......................... SKIPPED
[INFO] sentinel-datasource-redis .......................... SKIPPED
[INFO] sentinel-annotation-aspectj ........................ SKIPPED
[INFO] sentinel-transport ................................. SUCCESS [  1.582 s]
[INFO] sentinel-transport-common .......................... SKIPPED
[INFO] sentinel-parameter-flow-control .................... SKIPPED
[INFO] sentinel-datasource-spring-cloud-config ............ SKIPPED
[INFO] sentinel-datasource-consul ......................... SKIPPED
[INFO] sentinel-datasource-etcd ........................... SKIPPED
[INFO] sentinel-datasource-eureka ......................... SKIPPED
[INFO] sentinel-annotation-cdi-interceptor ................ SKIPPED
[INFO] sentinel-metric-exporter ........................... SKIPPED
[INFO] sentinel-transport-simple-http ..................... SKIPPED
[INFO] sentinel-transport-netty-http ...................... SKIPPED
[INFO] sentinel-transport-spring-mvc ...................... SKIPPED
[INFO] sentinel-adapter ................................... SUCCESS [  1.376 s]
[INFO] sentinel-web-servlet ............................... SKIPPED
[INFO] sentinel-dubbo-adapter ............................. SKIPPED
[INFO] sentinel-apache-dubbo-adapter ...................... SKIPPED
[INFO] sentinel-apache-httpclient-adapter ................. SKIPPED
[INFO] sentinel-sofa-rpc-adapter .......................... SKIPPED
[INFO] sentinel-grpc-adapter .............................. SKIPPED
[INFO] sentinel-api-gateway-adapter-common ................ SKIPPED
[INFO] sentinel-zuul-adapter .............................. SKIPPED
[INFO] sentinel-reactor-adapter ........................... SKIPPED
[INFO] sentinel-spring-webflux-adapter .................... SKIPPED
[INFO] sentinel-spring-cloud-gateway-adapter .............. SKIPPED
[INFO] sentinel-spring-webmvc-adapter ..................... SKIPPED
[INFO] sentinel-zuul2-adapter ............................. SKIPPED
[INFO] sentinel-okhttp-adapter ............................ SKIPPED
[INFO] sentinel-jax-rs-adapter ............................ SKIPPED
[INFO] sentinel-quarkus-adapter-parent .................... SUCCESS [  3.086 s]
[INFO] sentinel-annotation-quarkus-adapter ................ SKIPPED
[INFO] sentinel-annotation-quarkus-adapter-deployment ..... SKIPPED
[INFO] sentinel-jax-rs-quarkus-adapter .................... SKIPPED
[INFO] sentinel-jax-rs-quarkus-adapter-deployment ......... SKIPPED
[INFO] sentinel-logging ................................... SUCCESS [  1.357 s]
[INFO] sentinel-logging-slf4j ............................. SKIPPED
[INFO] sentinel-native-image-quarkus-adapter .............. SKIPPED
[INFO] sentinel-native-image-quarkus-adapter-deployment ... SKIPPED
[INFO] sentinel-motan-adapter ............................. SKIPPED
[INFO] sentinel-cluster ................................... SUCCESS [  1.792 s]
[INFO] sentinel-cluster-common-default .................... SKIPPED
[INFO] sentinel-cluster-client-default .................... SKIPPED
[INFO] sentinel-cluster-server-default .................... SKIPPED
[INFO] sentinel-cluster-server-envoy-rls .................. SKIPPED
[INFO] sentinel-dashboard ................................. SKIPPED
[INFO] sentinel-demo ...................................... SKIPPED
[INFO] sentinel-demo-basic ................................ SKIPPED
[INFO] sentinel-demo-dynamic-file-rule .................... SKIPPED
[INFO] sentinel-demo-rocketmq ............................. SKIPPED
[INFO] sentinel-demo-dubbo ................................ SKIPPED
[INFO] sentinel-demo-nacos-datasource ..................... SKIPPED
[INFO] sentinel-demo-zookeeper-datasource ................. SKIPPED
[INFO] sentinel-demo-apollo-datasource .................... SKIPPED
[INFO] sentinel-demo-annotation-spring-aop ................ SKIPPED
[INFO] sentinel-demo-parameter-flow-control ............... SKIPPED
[INFO] sentinel-demo-slot-spi ............................. SKIPPED
[INFO] sentinel-demo-slotchain-spi ........................ SKIPPED
[INFO] sentinel-demo-cluster .............................. SKIPPED
[INFO] sentinel-demo-cluster-embedded ..................... SKIPPED
[INFO] sentinel-demo-cluster-server-alone ................. SKIPPED
[INFO] sentinel-demo-command-handler ...................... SKIPPED
[INFO] sentinel-demo-spring-webflux ....................... SKIPPED
[INFO] sentinel-demo-apache-dubbo ......................... SKIPPED
[INFO] sentinel-demo-apache-httpclient .................... SKIPPED
[INFO] sentinel-demo-sofa-rpc ............................. SKIPPED
[INFO] sentinel-demo-spring-cloud-gateway ................. SKIPPED
[INFO] sentinel-demo-zuul-gateway ......................... SKIPPED
[INFO] sentinel-demo-etcd-datasource ...................... SKIPPED
[INFO] sentinel-demo-spring-webmvc ........................ SKIPPED
[INFO] sentinel-demo-zuul2-gateway ........................ SKIPPED
[INFO] sentinel-demo-log-logback .......................... SKIPPED
[INFO] sentinel-demo-okhttp ............................... SKIPPED
[INFO] sentinel-demo-jax-rs ............................... SKIPPED
[INFO] sentinel-demo-quarkus .............................. SKIPPED
[INFO] sentinel-demo-annotation-cdi-interceptor ........... SKIPPED
[INFO] sentinel-demo-motan ................................ SKIPPED
[INFO] sentinel-demo-transport-spring-mvc ................. SKIPPED
[INFO] Sentinel JMH benchmark ............................. SKIPPED
[INFO] ------------------------------------------------------------------------
[INFO] BUILD FAILURE
[INFO] ------------------------------------------------------------------------
[INFO] Total time:  01:45 h
[INFO] Finished at: 2021-10-31T07:10:01Z
[INFO] ------------------------------------------------------------------------
[ERROR] Failed to execute goal org.apache.maven.plugins:maven-surefire-plugin:2.22.1:test (default-test) on project sentinel-core: There are test failures.
[ERROR] 
[ERROR] Please refer to /home/target/sentinel-core/target/surefire-reports for the individual test results.
[ERROR] Please refer to dump files (if any exist) [date].dump, [date]-jvmRun[N].dump and [date].dumpstream.
[ERROR] -> [Help 1]
[ERROR] 
[ERROR] To see the full stack trace of the errors, re-run Maven with the -e switch.
[ERROR] Re-run Maven using the -X switch to enable full debug logging.
[ERROR] 
[ERROR] For more information about the errors and possible solutions, please read the following articles:
[ERROR] [Help 1] http://cwiki.apache.org/confluence/display/MAVEN/MojoFailureException
[ERROR] 
[ERROR] After correcting the problems, you can resume the build with the command
[ERROR]   mvn <args> -rf :sentinel-core
{'error': True, 'log_file': 'output-2021-10-31T05:19:09-8586.log', 'message': '', 'start_time': '2021-10-31T05:19:09', 'end_time': '2021-10-31T05:20:16', 'command': ['mvn', '-fae', 'test'], 'faketime_str': '+0 x100.0', 'timezone': datetime.timezone(datetime.timedelta(0), 'UTC')}
