[INFO] Scanning for projects...
[INFO] ------------------------------------------------------------------------
[INFO] Reactor Build Order:
[INFO] 
[INFO] Apache Avro Toplevel                                               [pom]
[INFO] Apache Avro Java                                                   [pom]
[INFO] Apache Avro                                                     [bundle]
[INFO] Apache Avro Android Compatibility                                  [jar]
[INFO] Apache Avro Compiler                                            [bundle]
[INFO] Apache Avro Maven Plugin                                  [maven-plugin]
[INFO] Apache Avro IPC                                                 [bundle]
[INFO] Apache Avro IPC Jetty                                           [bundle]
[INFO] Apache Avro IPC Netty                                           [bundle]
[INFO] Trevni Java                                                        [pom]
[INFO] Trevni Java Core                                                   [jar]
[INFO] Apache Avro Mapred API                                          [bundle]
[INFO] Trevni Java Avro                                                   [jar]
[INFO] Trevni Specification                                               [pom]
[INFO] Apache Avro Tools                                                  [jar]
[INFO] Apache Avro Protobuf Compatibility                              [bundle]
[INFO] Apache Avro Thrift Compatibility                                [bundle]
[INFO] Apache Avro Maven Archetypes                                       [pom]
[INFO] Apache Avro Maven Service Archetype                    [maven-archetype]
[INFO] Apache Avro gRPC                                                [bundle]
[INFO] Avro Integration Tests                                             [pom]
[INFO] Apache Avro Codegen Test dependencies                              [jar]
[INFO] Apache Avro Codegen Test                                           [jar]
[INFO] Apache Avro Performance Test Suite                                 [jar]
[INFO] 
[INFO] -------------------< org.apache.avro:avro-toplevel >--------------------
[INFO] Building Apache Avro Toplevel 1.12.0-SNAPSHOT                     [1/24]
[INFO] --------------------------------[ pom ]---------------------------------
[INFO] 
[INFO] --- maven-enforcer-plugin:3.0.0-M3:enforce (enforce-maven-version) @ avro-toplevel ---
[INFO] 
[INFO] --- maven-enforcer-plugin:3.0.0-M3:enforce (default-cli) @ avro-toplevel ---
[INFO] Adding ignore: module-info
[INFO] Adding ignore: module-info
[INFO] 
[INFO] --- maven-enforcer-plugin:3.0.0-M3:enforce (enforce) @ avro-toplevel ---
[INFO] Adding ignore: module-info
[INFO] 
[INFO] --- maven-enforcer-plugin:3.0.0-M3:enforce (enforce-banned-dependencies) @ avro-toplevel ---
[INFO] 
[INFO] --- maven-remote-resources-plugin:1.7.0:process (process-resource-bundles) @ avro-toplevel ---
[INFO] Preparing remote bundle org.apache:apache-jar-resource-bundle:1.4
[INFO] Copying 3 resources from 1 bundle.
[INFO] 
[INFO] --- apache-rat-plugin:0.13:check (default) @ avro-toplevel ---
[INFO] Added 1 additional default licenses.
[INFO] Enabled default license matchers.
[INFO] Will parse SCM ignores for exclusions...
[INFO] Parsing exclusions from /home/target/.gitignore
[INFO] Finished adding exclusions from SCM ignore files.
[INFO] 87 implicit excludes (use -debug for more details).
[INFO] 124 explicit excludes (use -debug for more details).
[INFO] 1421 resources included (use -debug for more details)
[INFO] Rat check: Summary over all files. Unapproved: 0, unknown: 0, generated: 0, approved: 1364 licenses.
[INFO] 
[INFO] --------------------< org.apache.avro:avro-parent >---------------------
[INFO] Building Apache Avro Java 1.12.0-SNAPSHOT                         [2/24]
[INFO] --------------------------------[ pom ]---------------------------------
[INFO] 
[INFO] --- maven-enforcer-plugin:3.0.0-M3:enforce (enforce-maven-version) @ avro-parent ---
[INFO] 
[INFO] --- maven-enforcer-plugin:3.0.0-M3:enforce (default-cli) @ avro-parent ---
[INFO] Adding ignore: module-info
[INFO] Adding ignore: module-info
[INFO] 
[INFO] --- maven-enforcer-plugin:3.0.0-M3:enforce (enforce) @ avro-parent ---
[INFO] Adding ignore: module-info
[INFO] 
[INFO] --- maven-enforcer-plugin:3.0.0-M3:enforce (enforce-banned-dependencies) @ avro-parent ---
[INFO] 
[INFO] --- maven-remote-resources-plugin:1.7.0:process (process-resource-bundles) @ avro-parent ---
[INFO] Preparing remote bundle org.apache:apache-jar-resource-bundle:1.4
[INFO] Copying 3 resources from 1 bundle.
[INFO] 
[INFO] --- spotless-maven-plugin:2.11.1:check (spotless-check) @ avro-parent ---
[INFO] 
[INFO] --- maven-bundle-plugin:5.1.2:manifest (bundle-manifest) @ avro-parent ---
[WARNING] Ignoring project type pom - supportedProjectTypes = [bundle]
[INFO] 
[INFO] --- maven-checkstyle-plugin:3.1.2:check (checkstyle-check) @ avro-parent ---
[INFO] Starting audit...
Audit done.
[INFO] You have 0 Checkstyle violations.
[INFO] 
[INFO] ------------------------< org.apache.avro:avro >------------------------
[INFO] Building Apache Avro 1.12.0-SNAPSHOT                              [3/24]
[INFO] -------------------------------[ bundle ]-------------------------------
[INFO] 
[INFO] --- maven-enforcer-plugin:3.0.0-M3:enforce (enforce-maven-version) @ avro ---
[INFO] 
[INFO] --- maven-enforcer-plugin:3.0.0-M3:enforce (default-cli) @ avro ---
[INFO] Adding ignore: module-info
[INFO] Adding ignore: module-info
[INFO] 
[INFO] --- maven-enforcer-plugin:3.0.0-M3:enforce (enforce) @ avro ---
[INFO] Adding ignore: module-info
[INFO] 
[INFO] --- maven-enforcer-plugin:3.0.0-M3:enforce (enforce-banned-dependencies) @ avro ---
[INFO] 
[INFO] --- maven-remote-resources-plugin:1.7.0:process (process-resource-bundles) @ avro ---
[INFO] Preparing remote bundle org.apache:apache-jar-resource-bundle:1.4
[INFO] Copying 3 resources from 1 bundle.
[INFO] 
[INFO] --- maven-resources-plugin:3.1.0:resources (default-resources) @ avro ---
[INFO] Using 'UTF-8' encoding to copy filtered resources.
[INFO] Copying 1 resource
[INFO] Copying 3 resources
[INFO] 
[INFO] --- maven-compiler-plugin:3.8.1:compile (default-compile) @ avro ---
[INFO] Nothing to compile - all classes are up to date
[INFO] 
[INFO] --- spotless-maven-plugin:2.11.1:check (spotless-check) @ avro ---
[INFO] 
[INFO] --- maven-bundle-plugin:5.1.2:manifest (bundle-manifest) @ avro ---
[INFO] 
[INFO] --- maven-resources-plugin:3.1.0:testResources (default-testResources) @ avro ---
[INFO] Using 'UTF-8' encoding to copy filtered resources.
[INFO] Copying 5 resources
[INFO] Copying 3 resources
[INFO] 
[INFO] --- maven-compiler-plugin:3.8.1:testCompile (default-testCompile) @ avro ---
[INFO] Nothing to compile - all classes are up to date
[INFO] 
[INFO] --- maven-surefire-plugin:3.0.0-M5:test (default-test) @ avro ---
[INFO] 
[INFO] -------------------------------------------------------
[INFO]  T E S T S
[INFO] -------------------------------------------------------
[INFO] Running org.apache.avro.TestDataFileCustomSync
[INFO] Tests run: 3, Failures: 0, Errors: 0, Skipped: 0, Time elapsed: 7,321 s - in org.apache.avro.TestDataFileCustomSync
[INFO] Running org.apache.avro.reflect.TestByteBuffer
[INFO] Tests run: 1, Failures: 0, Errors: 0, Skipped: 0, Time elapsed: 389,367 s - in org.apache.avro.reflect.TestByteBuffer
[INFO] Running org.apache.avro.file.TestZstandardCodec
[INFO] Tests run: 1, Failures: 0, Errors: 0, Skipped: 0, Time elapsed: 198 s - in org.apache.avro.file.TestZstandardCodec
[INFO] Running org.apache.avro.TestLogicalType
[INFO] Tests run: 20, Failures: 0, Errors: 0, Skipped: 0, Time elapsed: 11,569 s - in org.apache.avro.TestLogicalType
[INFO] Running org.apache.avro.TestCircularReferences
[INFO] Tests run: 1, Failures: 0, Errors: 0, Skipped: 0, Time elapsed: 38,363 s - in org.apache.avro.TestCircularReferences
[INFO] Running org.apache.avro.file.TestSeekableByteArrayInput
[INFO] Tests run: 1, Failures: 0, Errors: 0, Skipped: 0, Time elapsed: 36,581 s - in org.apache.avro.file.TestSeekableByteArrayInput
[INFO] Running org.apache.avro.io.TestBlockingIO
[INFO] Tests run: 376, Failures: 0, Errors: 0, Skipped: 0, Time elapsed: 447,180 s - in org.apache.avro.io.TestBlockingIO
[INFO] Running org.apache.avro.TestDataFileConcat
[INFO] Tests run: 10, Failures: 0, Errors: 0, Skipped: 0, Time elapsed: 1,324,335.704 s - in org.apache.avro.TestDataFileConcat
[INFO] Running org.apache.avro.TestProtocol
[INFO] Tests run: 2, Failures: 0, Errors: 0, Skipped: 0, Time elapsed: 7 s - in org.apache.avro.TestProtocol
[INFO] Running org.apache.avro.generic.TestGenericData
[INFO] Tests run: 34, Failures: 0, Errors: 0, Skipped: 0, Time elapsed: 224,629 s - in org.apache.avro.generic.TestGenericData
[INFO] Running org.apache.avro.TestDataFileReader
[INFO] Tests run: 6, Failures: 0, Errors: 0, Skipped: 0, Time elapsed: 91,032 s - in org.apache.avro.TestDataFileReader
[INFO] Running org.apache.avro.TestSchemaCompatibilityMultiple
[INFO] Tests run: 1, Failures: 0, Errors: 0, Skipped: 0, Time elapsed: 37,950 s - in org.apache.avro.TestSchemaCompatibilityMultiple
[INFO] Running org.apache.avro.util.internal.TestJacksonUtils
[INFO] Tests run: 2, Failures: 0, Errors: 0, Skipped: 0, Time elapsed: 2,533 s - in org.apache.avro.util.internal.TestJacksonUtils
[INFO] Running org.apache.avro.io.TestResolvingIO
[INFO] Tests run: 816, Failures: 0, Errors: 0, Skipped: 0, Time elapsed: 1,791,126 s - in org.apache.avro.io.TestResolvingIO
[INFO] Running org.apache.avro.TestDecimalConversion
[INFO] Tests run: 16, Failures: 0, Errors: 0, Skipped: 0, Time elapsed: 153 s - in org.apache.avro.TestDecimalConversion
[INFO] Running org.apache.avro.reflect.TestNonStringMapKeys
[INFO] Tests run: 3, Failures: 0, Errors: 0, Skipped: 0, Time elapsed: 70,268 s - in org.apache.avro.reflect.TestNonStringMapKeys
[INFO] Running org.apache.avro.TestReadingWritingDataInEvolvedSchemas
[INFO] Tests run: 50, Failures: 0, Errors: 0, Skipped: 0, Time elapsed: 153,959 s - in org.apache.avro.TestReadingWritingDataInEvolvedSchemas
[INFO] Running org.apache.avro.file.TestAllCodecs
[INFO] Tests run: 12, Failures: 0, Errors: 0, Skipped: 0, Time elapsed: 1,424,036 s - in org.apache.avro.file.TestAllCodecs
[INFO] Running org.apache.avro.TestSchemaCompatibilityNameMismatch
[INFO] Tests run: 4, Failures: 0, Errors: 0, Skipped: 0, Time elapsed: 162 s - in org.apache.avro.TestSchemaCompatibilityNameMismatch
[INFO] Running org.apache.avro.TestSchemaCompatibilityFixedSizeMismatch
[INFO] Tests run: 4, Failures: 0, Errors: 0, Skipped: 0, Time elapsed: 10,960 s - in org.apache.avro.TestSchemaCompatibilityFixedSizeMismatch
[INFO] Running org.apache.avro.io.parsing.TestResolvingGrammarGenerator
[INFO] Tests run: 32, Failures: 0, Errors: 0, Skipped: 0, Time elapsed: 71,933 s - in org.apache.avro.io.parsing.TestResolvingGrammarGenerator
[INFO] Running org.apache.avro.io.TestBlockingIO2
[INFO] Tests run: 84, Failures: 0, Errors: 0, Skipped: 0, Time elapsed: 95,618 s - in org.apache.avro.io.TestBlockingIO2
[INFO] Running org.apache.avro.file.TestCustomCodec
[INFO] Tests run: 1, Failures: 0, Errors: 0, Skipped: 0, Time elapsed: 125 s - in org.apache.avro.file.TestCustomCodec
[INFO] Running org.apache.avro.TestDataFileMeta
[INFO] Tests run: 4, Failures: 0, Errors: 0, Skipped: 0, Time elapsed: 125 s - in org.apache.avro.TestDataFileMeta
[INFO] Running org.apache.avro.io.TestJsonDecoder
[INFO] Tests run: 5, Failures: 0, Errors: 0, Skipped: 0, Time elapsed: 172 s - in org.apache.avro.io.TestJsonDecoder
[INFO] Running org.apache.avro.TestSchemaCompatibility
[INFO] Tests run: 11, Failures: 0, Errors: 0, Skipped: 0, Time elapsed: 1,535 s - in org.apache.avro.TestSchemaCompatibility
[INFO] Running org.apache.avro.generic.TestGenericRecordBuilder
[INFO] Tests run: 4, Failures: 0, Errors: 0, Skipped: 0, Time elapsed: 77 s - in org.apache.avro.generic.TestGenericRecordBuilder
[INFO] Running org.apache.avro.file.TestIOExceptionDuringWrite
[INFO] Tests run: 1, Failures: 0, Errors: 0, Skipped: 0, Time elapsed: 64,515 s - in org.apache.avro.file.TestIOExceptionDuringWrite
[INFO] Running org.apache.avro.TestSchemaBuilder
[INFO] Tests run: 41, Failures: 0, Errors: 0, Skipped: 0, Time elapsed: 154,319 s - in org.apache.avro.TestSchemaBuilder
[INFO] Running org.apache.avro.TestDataFile
[INFO] Tests run: 60, Failures: 0, Errors: 0, Skipped: 0, Time elapsed: -104,840.296 s - in org.apache.avro.TestDataFile
[INFO] Running org.apache.avro.generic.TestGenericDatumWriter
[INFO] Tests run: 9, Failures: 0, Errors: 0, Skipped: 0, Time elapsed: 102,798 s - in org.apache.avro.generic.TestGenericDatumWriter
[INFO] Running org.apache.avro.io.TestBinaryDecoder
[INFO] Tests run: 56, Failures: 0, Errors: 0, Skipped: 0, Time elapsed: 175,527 s - in org.apache.avro.io.TestBinaryDecoder
[INFO] Running org.apache.avro.TestSchemaCompatibilityMissingUnionBranch
[INFO] Tests run: 17, Failures: 0, Errors: 0, Skipped: 0, Time elapsed: 214 s - in org.apache.avro.TestSchemaCompatibilityMissingUnionBranch
[INFO] Running org.apache.avro.data.TestTimeConversions
[INFO] Tests run: 10, Failures: 0, Errors: 0, Skipped: 0, Time elapsed: 110 s - in org.apache.avro.data.TestTimeConversions
[INFO] Running org.apache.avro.TestSchemaCompatibilityEnumDefaults
[INFO] Tests run: 5, Failures: 0, Errors: 0, Skipped: 0, Time elapsed: 94 s - in org.apache.avro.TestSchemaCompatibilityEnumDefaults
[INFO] Running org.apache.avro.TestDataFileDeflate
[INFO] Tests run: 1, Failures: 0, Errors: 0, Skipped: 0, Time elapsed: 84 s - in org.apache.avro.TestDataFileDeflate
[INFO] Running org.apache.avro.io.TestBinaryEncoderFidelity
[INFO] Tests run: 3, Failures: 0, Errors: 0, Skipped: 0, Time elapsed: 166 s - in org.apache.avro.io.TestBinaryEncoderFidelity
[INFO] Running org.apache.avro.io.TestValidatingIO
[INFO] Tests run: 972, Failures: 0, Errors: 0, Skipped: 0, Time elapsed: 346,619 s - in org.apache.avro.io.TestValidatingIO
[INFO] Running org.apache.avro.util.TestCaseFinder$NonParameterized
[INFO] Tests run: 4, Failures: 0, Errors: 0, Skipped: 0, Time elapsed: 171 s - in org.apache.avro.util.TestCaseFinder$NonParameterized
[INFO] Running org.apache.avro.util.TestCaseFinder$SimpleCases
[INFO] Tests run: 14, Failures: 0, Errors: 0, Skipped: 0, Time elapsed: 141 s - in org.apache.avro.util.TestCaseFinder$SimpleCases
[INFO] Running org.apache.avro.TestSchemaCompatibilityReaderFieldMissingDefaultValue
[INFO] Tests run: 2, Failures: 0, Errors: 0, Skipped: 0, Time elapsed: 75 s - in org.apache.avro.TestSchemaCompatibilityReaderFieldMissingDefaultValue
[INFO] Running org.apache.avro.TestSchemaCompatibilityMissingEnumSymbols
[INFO] Tests run: 3, Failures: 0, Errors: 0, Skipped: 0, Time elapsed: 79 s - in org.apache.avro.TestSchemaCompatibilityMissingEnumSymbols
[INFO] Running org.apache.avro.TestFixed
[INFO] Tests run: 1, Failures: 0, Errors: 0, Skipped: 0, Time elapsed: 94 s - in org.apache.avro.TestFixed
[INFO] Running org.apache.avro.generic.TestGenericConcreteEnum
[INFO] Tests run: 2, Failures: 0, Errors: 0, Skipped: 0, Time elapsed: 72 s - in org.apache.avro.generic.TestGenericConcreteEnum
[INFO] Running org.apache.avro.specific.TestSpecificData
[INFO] Tests run: 8, Failures: 0, Errors: 0, Skipped: 0, Time elapsed: 96,106 s - in org.apache.avro.specific.TestSpecificData
[INFO] Running org.apache.avro.TestNestedRecords
[INFO] Tests run: 2, Failures: 0, Errors: 0, Skipped: 0, Time elapsed: 94 s - in org.apache.avro.TestNestedRecords
[INFO] Running org.apache.avro.io.TestBinaryData
[INFO] Tests run: 1, Failures: 0, Errors: 0, Skipped: 0, Time elapsed: 79 s - in org.apache.avro.io.TestBinaryData
[INFO] Running org.apache.avro.reflect.TestReflectDatumReader
[INFO] Tests run: 2, Failures: 0, Errors: 0, Skipped: 0, Time elapsed: 97 s - in org.apache.avro.reflect.TestReflectDatumReader
[INFO] Running org.apache.avro.io.TestResolvingIOResolving
[INFO] Tests run: 192, Failures: 0, Errors: 0, Skipped: 0, Time elapsed: 28,137 s - in org.apache.avro.io.TestResolvingIOResolving
[INFO] Running org.apache.avro.TestSchemaWarnings
[INFO] Tests run: 2, Failures: 0, Errors: 0, Skipped: 0, Time elapsed: 155 s - in org.apache.avro.TestSchemaWarnings
[INFO] Running org.apache.avro.io.TestEncoders
[INFO] Tests run: 20, Failures: 0, Errors: 0, Skipped: 0, Time elapsed: 41,985 s - in org.apache.avro.io.TestEncoders
[INFO] Running org.apache.avro.util.TestUtf8
[INFO] Tests run: 4, Failures: 0, Errors: 0, Skipped: 0, Time elapsed: 101 s - in org.apache.avro.util.TestUtf8
[INFO] Running org.apache.avro.TestDataFileCorruption
[INFO] Tests run: 1, Failures: 0, Errors: 0, Skipped: 0, Time elapsed: 84 s - in org.apache.avro.TestDataFileCorruption
[INFO] Running org.apache.avro.reflect.TestReflectData
[INFO] Tests run: 5, Failures: 0, Errors: 0, Skipped: 0, Time elapsed: 882,269 s - in org.apache.avro.reflect.TestReflectData
[INFO] Running org.apache.avro.TestSchema
[INFO] Tests run: 37, Failures: 0, Errors: 0, Skipped: 0, Time elapsed: 10,590 s - in org.apache.avro.TestSchema
[INFO] Running org.apache.avro.util.internal.TestClassValueCache
[INFO] Tests run: 1, Failures: 0, Errors: 0, Skipped: 0, Time elapsed: 46 s - in org.apache.avro.util.internal.TestClassValueCache
[INFO] Running org.apache.avro.reflect.TestReflectLogicalTypes
[WARNING] Tests run: 17, Failures: 0, Errors: 0, Skipped: 1, Time elapsed: 194,522 s - in org.apache.avro.reflect.TestReflectLogicalTypes
[INFO] Running org.apache.avro.TestDataFileReflect
[INFO] Tests run: 4, Failures: 0, Errors: 0, Skipped: 0, Time elapsed: 71,902 s - in org.apache.avro.TestDataFileReflect
[INFO] Running org.apache.avro.reflect.TestReflectionUtil
[INFO] Tests run: 2, Failures: 0, Errors: 0, Skipped: 0, Time elapsed: 10,667 s - in org.apache.avro.reflect.TestReflectionUtil
[INFO] Running org.apache.avro.generic.TestGenericLogicalTypes
[INFO] Tests run: 17, Failures: 0, Errors: 0, Skipped: 0, Time elapsed: 117,577 s - in org.apache.avro.generic.TestGenericLogicalTypes
[INFO] Running org.apache.avro.reflect.TestReflect
[INFO] Tests run: 74, Failures: 0, Errors: 0, Skipped: 0, Time elapsed: 194,940 s - in org.apache.avro.reflect.TestReflect
[INFO] Running org.apache.avro.TestSchemaCompatibilityTypeMismatch
[INFO] Tests run: 29, Failures: 0, Errors: 0, Skipped: 0, Time elapsed: 39,898 s - in org.apache.avro.TestSchemaCompatibilityTypeMismatch
[INFO] Running org.apache.avro.TestUnionSelfReference
[INFO] Tests run: 2, Failures: 0, Errors: 0, Skipped: 0, Time elapsed: 9,045 s - in org.apache.avro.TestUnionSelfReference
[INFO] Running org.apache.avro.io.parsing.TestResolvingGrammarGenerator2
[INFO] Tests run: 7, Failures: 0, Errors: 0, Skipped: 0, Time elapsed: 132 s - in org.apache.avro.io.parsing.TestResolvingGrammarGenerator2
[INFO] Running org.apache.avro.reflect.TestReflectAllowNulls
[INFO] Tests run: 3, Failures: 0, Errors: 0, Skipped: 0, Time elapsed: 179 s - in org.apache.avro.reflect.TestReflectAllowNulls
[INFO] Running org.apache.avro.generic.TestSkipEnumSchema
[INFO] Tests run: 1, Failures: 0, Errors: 0, Skipped: 0, Time elapsed: 61 s - in org.apache.avro.generic.TestSkipEnumSchema
[INFO] Running org.apache.avro.specific.TestSpecificToFromByteArray
[INFO] Tests run: 4, Failures: 0, Errors: 0, Skipped: 0, Time elapsed: 21,519 s - in org.apache.avro.specific.TestSpecificToFromByteArray
[INFO] Running org.apache.avro.TestSchemaNormalization$TestFingerprintInternationalization
[INFO] Tests run: 26, Failures: 0, Errors: 0, Skipped: 0, Time elapsed: 368 s - in org.apache.avro.TestSchemaNormalization$TestFingerprintInternationalization
[INFO] Running org.apache.avro.TestSchemaNormalization$TestFingerprint
[INFO] Tests run: 26, Failures: 0, Errors: 0, Skipped: 0, Time elapsed: 219 s - in org.apache.avro.TestSchemaNormalization$TestFingerprint
[INFO] Running org.apache.avro.TestSchemaNormalization$TestCanonical
[INFO] Tests run: 34, Failures: 0, Errors: 0, Skipped: 0, Time elapsed: 30,776 s - in org.apache.avro.TestSchemaNormalization$TestCanonical
[INFO] Running org.apache.avro.TestSchemaValidation
[INFO] Tests run: 15, Failures: 0, Errors: 0, Skipped: 0, Time elapsed: 31 s - in org.apache.avro.TestSchemaValidation
[INFO] Running org.apache.avro.message.TestBinaryMessageEncoding
[INFO] Tests run: 13, Failures: 0, Errors: 0, Skipped: 0, Time elapsed: 99,581 s - in org.apache.avro.message.TestBinaryMessageEncoding
[INFO] 
[INFO] Results:
[INFO] 
[WARNING] Tests run: 3254, Failures: 0, Errors: 0, Skipped: 1
[INFO] 
[INFO] 
[INFO] --- maven-checkstyle-plugin:3.1.2:check (checkstyle-check) @ avro ---
[INFO] Starting audit...
Audit done.
[INFO] You have 0 Checkstyle violations.
[INFO] 
[INFO] --- maven-surefire-plugin:3.0.0-M5:test (test-with-custom-coders) @ avro ---
[INFO] 
[INFO] -------------------------------------------------------
[INFO]  T E S T S
[INFO] -------------------------------------------------------
[INFO] Running org.apache.avro.util.internal.TestClassValueCache
[INFO] Tests run: 1, Failures: 0, Errors: 0, Skipped: 0, Time elapsed: 83,020 s - in org.apache.avro.util.internal.TestClassValueCache
[INFO] Running org.apache.avro.TestProtocol
[INFO] Tests run: 2, Failures: 0, Errors: 0, Skipped: 0, Time elapsed: 276 s - in org.apache.avro.TestProtocol
[INFO] Running org.apache.avro.TestSchemaCompatibilityTypeMismatch
[INFO] Tests run: 29, Failures: 0, Errors: 0, Skipped: 0, Time elapsed: 29,269 s - in org.apache.avro.TestSchemaCompatibilityTypeMismatch
[INFO] Running org.apache.avro.TestSchemaValidation
[INFO] Tests run: 15, Failures: 0, Errors: 0, Skipped: 0, Time elapsed: 290,846 s - in org.apache.avro.TestSchemaValidation
[INFO] Running org.apache.avro.file.TestZstandardCodec
[INFO] Tests run: 1, Failures: 0, Errors: 0, Skipped: 0, Time elapsed: 106,819 s - in org.apache.avro.file.TestZstandardCodec
[INFO] Running org.apache.avro.TestDataFile
[INFO] Tests run: 60, Failures: 0, Errors: 0, Skipped: 0, Time elapsed: 1,603,798.704 s - in org.apache.avro.TestDataFile
[INFO] Running org.apache.avro.file.TestCustomCodec
[INFO] Tests run: 1, Failures: 0, Errors: 0, Skipped: 0, Time elapsed: 67 s - in org.apache.avro.file.TestCustomCodec
[INFO] Running org.apache.avro.message.TestBinaryMessageEncoding
[INFO] Tests run: 13, Failures: 0, Errors: 0, Skipped: 0, Time elapsed: 18,097 s - in org.apache.avro.message.TestBinaryMessageEncoding
[INFO] Running org.apache.avro.reflect.TestReflectionUtil
[INFO] Tests run: 2, Failures: 0, Errors: 0, Skipped: 0, Time elapsed: 32,500 s - in org.apache.avro.reflect.TestReflectionUtil
[INFO] Running org.apache.avro.TestDataFileReader
[INFO] Tests run: 6, Failures: 0, Errors: 0, Skipped: 0, Time elapsed: 71,971 s - in org.apache.avro.TestDataFileReader
[INFO] Running org.apache.avro.TestSchemaCompatibilityMissingEnumSymbols
[INFO] Tests run: 3, Failures: 0, Errors: 0, Skipped: 0, Time elapsed: 42,204 s - in org.apache.avro.TestSchemaCompatibilityMissingEnumSymbols
[INFO] Running org.apache.avro.TestSchemaCompatibilityNameMismatch
[INFO] Tests run: 4, Failures: 0, Errors: 0, Skipped: 0, Time elapsed: 28,566 s - in org.apache.avro.TestSchemaCompatibilityNameMismatch
[INFO] Running org.apache.avro.reflect.TestReflectLogicalTypes
[WARNING] Tests run: 17, Failures: 0, Errors: 0, Skipped: 1, Time elapsed: 196,623 s - in org.apache.avro.reflect.TestReflectLogicalTypes
[INFO] Running org.apache.avro.TestSchemaCompatibility
[INFO] Tests run: 11, Failures: 0, Errors: 0, Skipped: 0, Time elapsed: 25,967 s - in org.apache.avro.TestSchemaCompatibility
[INFO] Running org.apache.avro.generic.TestGenericData
[INFO] Tests run: 34, Failures: 0, Errors: 0, Skipped: 0, Time elapsed: 53,241 s - in org.apache.avro.generic.TestGenericData
[INFO] Running org.apache.avro.generic.TestGenericDatumWriter
[INFO] Tests run: 9, Failures: 0, Errors: 0, Skipped: 0, Time elapsed: 40,465 s - in org.apache.avro.generic.TestGenericDatumWriter
[INFO] Running org.apache.avro.io.TestBinaryEncoderFidelity
[INFO] Tests run: 3, Failures: 0, Errors: 0, Skipped: 0, Time elapsed: 12,990 s - in org.apache.avro.io.TestBinaryEncoderFidelity
[INFO] Running org.apache.avro.io.TestResolvingIOResolving
[INFO] Tests run: 192, Failures: 0, Errors: 0, Skipped: 0, Time elapsed: 239,021 s - in org.apache.avro.io.TestResolvingIOResolving
[INFO] Running org.apache.avro.io.TestBinaryDecoder
[INFO] Tests run: 56, Failures: 0, Errors: 0, Skipped: 0, Time elapsed: 183,281 s - in org.apache.avro.io.TestBinaryDecoder
[INFO] Running org.apache.avro.reflect.TestReflectAllowNulls
[INFO] Tests run: 3, Failures: 0, Errors: 0, Skipped: 0, Time elapsed: 42,927 s - in org.apache.avro.reflect.TestReflectAllowNulls
[INFO] Running org.apache.avro.reflect.TestNonStringMapKeys
[INFO] Tests run: 3, Failures: 0, Errors: 0, Skipped: 0, Time elapsed: 35,054 s - in org.apache.avro.reflect.TestNonStringMapKeys
[INFO] Running org.apache.avro.TestSchemaCompatibilityMissingUnionBranch
[INFO] Tests run: 17, Failures: 0, Errors: 0, Skipped: 0, Time elapsed: 12,153 s - in org.apache.avro.TestSchemaCompatibilityMissingUnionBranch
[INFO] Running org.apache.avro.io.TestResolvingIO
[INFO] Tests run: 816, Failures: 0, Errors: 0, Skipped: 0, Time elapsed: 1,228,102 s - in org.apache.avro.io.TestResolvingIO
[INFO] Running org.apache.avro.TestSchemaCompatibilityFixedSizeMismatch
[INFO] Tests run: 4, Failures: 0, Errors: 0, Skipped: 0, Time elapsed: 21 s - in org.apache.avro.TestSchemaCompatibilityFixedSizeMismatch
[INFO] Running org.apache.avro.util.internal.TestJacksonUtils
[INFO] Tests run: 2, Failures: 0, Errors: 0, Skipped: 0, Time elapsed: 5 s - in org.apache.avro.util.internal.TestJacksonUtils
[INFO] Running org.apache.avro.io.TestValidatingIO
[INFO] Tests run: 972, Failures: 0, Errors: 0, Skipped: 0, Time elapsed: 434,673 s - in org.apache.avro.io.TestValidatingIO
[INFO] Running org.apache.avro.TestDataFileMeta
[INFO] Tests run: 4, Failures: 0, Errors: 0, Skipped: 0, Time elapsed: 129 s - in org.apache.avro.TestDataFileMeta
[INFO] Running org.apache.avro.reflect.TestByteBuffer
[INFO] Tests run: 1, Failures: 0, Errors: 0, Skipped: 0, Time elapsed: 298,283 s - in org.apache.avro.reflect.TestByteBuffer
[INFO] Running org.apache.avro.file.TestIOExceptionDuringWrite
[INFO] Tests run: 1, Failures: 0, Errors: 0, Skipped: 0, Time elapsed: 48,461 s - in org.apache.avro.file.TestIOExceptionDuringWrite
[INFO] Running org.apache.avro.TestSchemaWarnings
[INFO] Tests run: 2, Failures: 0, Errors: 0, Skipped: 0, Time elapsed: 51,030 s - in org.apache.avro.TestSchemaWarnings
[INFO] Running org.apache.avro.TestDataFileReflect
[INFO] Tests run: 4, Failures: 0, Errors: 0, Skipped: 0, Time elapsed: 118 s - in org.apache.avro.TestDataFileReflect
[INFO] Running org.apache.avro.TestSchema
[INFO] Tests run: 37, Failures: 0, Errors: 0, Skipped: 0, Time elapsed: 64,564 s - in org.apache.avro.TestSchema
[INFO] Running org.apache.avro.data.TestTimeConversions
[INFO] Tests run: 10, Failures: 0, Errors: 0, Skipped: 0, Time elapsed: 3,031 s - in org.apache.avro.data.TestTimeConversions
[INFO] Running org.apache.avro.TestUnionSelfReference
[INFO] Tests run: 2, Failures: 0, Errors: 0, Skipped: 0, Time elapsed: 162 s - in org.apache.avro.TestUnionSelfReference
[INFO] Running org.apache.avro.specific.TestSpecificData
[INFO] Tests run: 8, Failures: 0, Errors: 0, Skipped: 0, Time elapsed: 29,412 s - in org.apache.avro.specific.TestSpecificData
[INFO] Running org.apache.avro.file.TestAllCodecs
[INFO] Tests run: 12, Failures: 0, Errors: 0, Skipped: 0, Time elapsed: 1,701,807 s - in org.apache.avro.file.TestAllCodecs
[INFO] Running org.apache.avro.TestDataFileConcat
[INFO] Tests run: 10, Failures: 0, Errors: 0, Skipped: 0, Time elapsed: -291,814.296 s - in org.apache.avro.TestDataFileConcat
[INFO] Running org.apache.avro.TestSchemaCompatibilityMultiple
[INFO] Tests run: 1, Failures: 0, Errors: 0, Skipped: 0, Time elapsed: 5,122 s - in org.apache.avro.TestSchemaCompatibilityMultiple
[INFO] Running org.apache.avro.TestCircularReferences
[INFO] Tests run: 1, Failures: 0, Errors: 0, Skipped: 0, Time elapsed: 35,197 s - in org.apache.avro.TestCircularReferences
[INFO] Running org.apache.avro.file.TestSeekableByteArrayInput
[INFO] Tests run: 1, Failures: 0, Errors: 0, Skipped: 0, Time elapsed: 906 s - in org.apache.avro.file.TestSeekableByteArrayInput
[INFO] Running org.apache.avro.TestReadingWritingDataInEvolvedSchemas
[INFO] Tests run: 50, Failures: 0, Errors: 0, Skipped: 0, Time elapsed: 61,226 s - in org.apache.avro.TestReadingWritingDataInEvolvedSchemas
[INFO] Running org.apache.avro.TestLogicalType
[INFO] Tests run: 20, Failures: 0, Errors: 0, Skipped: 0, Time elapsed: 20,036 s - in org.apache.avro.TestLogicalType
[INFO] Running org.apache.avro.util.TestUtf8
[INFO] Tests run: 4, Failures: 0, Errors: 0, Skipped: 0, Time elapsed: 67 s - in org.apache.avro.util.TestUtf8
[INFO] Running org.apache.avro.reflect.TestReflectData
[INFO] Tests run: 5, Failures: 0, Errors: 0, Skipped: 0, Time elapsed: 1,404,338 s - in org.apache.avro.reflect.TestReflectData
[INFO] Running org.apache.avro.generic.TestSkipEnumSchema
[INFO] Tests run: 1, Failures: 0, Errors: 0, Skipped: 0, Time elapsed: 361 s - in org.apache.avro.generic.TestSkipEnumSchema
[INFO] Running org.apache.avro.generic.TestGenericLogicalTypes
[INFO] Tests run: 17, Failures: 0, Errors: 0, Skipped: 0, Time elapsed: 105,841 s - in org.apache.avro.generic.TestGenericLogicalTypes
[INFO] Running org.apache.avro.TestDataFileDeflate
[INFO] Tests run: 1, Failures: 0, Errors: 0, Skipped: 0, Time elapsed: 29,534 s - in org.apache.avro.TestDataFileDeflate
[INFO] Running org.apache.avro.TestSchemaCompatibilityReaderFieldMissingDefaultValue
[INFO] Tests run: 2, Failures: 0, Errors: 0, Skipped: 0, Time elapsed: 6,974 s - in org.apache.avro.TestSchemaCompatibilityReaderFieldMissingDefaultValue
[INFO] Running org.apache.avro.util.TestCaseFinder$NonParameterized
[INFO] Tests run: 4, Failures: 0, Errors: 0, Skipped: 0, Time elapsed: 2,577 s - in org.apache.avro.util.TestCaseFinder$NonParameterized
[INFO] Running org.apache.avro.util.TestCaseFinder$SimpleCases
[INFO] Tests run: 14, Failures: 0, Errors: 0, Skipped: 0, Time elapsed: 44,047 s - in org.apache.avro.util.TestCaseFinder$SimpleCases
[INFO] Running org.apache.avro.reflect.TestReflect
[INFO] Tests run: 74, Failures: 0, Errors: 0, Skipped: 0, Time elapsed: 187,428 s - in org.apache.avro.reflect.TestReflect
[INFO] Running org.apache.avro.io.TestBlockingIO2
[INFO] Tests run: 84, Failures: 0, Errors: 0, Skipped: 0, Time elapsed: 20,200 s - in org.apache.avro.io.TestBlockingIO2
[INFO] Running org.apache.avro.TestDataFileCorruption
[INFO] Tests run: 1, Failures: 0, Errors: 0, Skipped: 0, Time elapsed: 66,555 s - in org.apache.avro.TestDataFileCorruption
[INFO] Running org.apache.avro.io.TestEncoders
[INFO] Tests run: 20, Failures: 0, Errors: 0, Skipped: 0, Time elapsed: 1,646 s - in org.apache.avro.io.TestEncoders
[INFO] Running org.apache.avro.io.parsing.TestResolvingGrammarGenerator2
[INFO] Tests run: 7, Failures: 0, Errors: 0, Skipped: 0, Time elapsed: 3,636 s - in org.apache.avro.io.parsing.TestResolvingGrammarGenerator2
[INFO] Running org.apache.avro.TestFixed
[INFO] Tests run: 1, Failures: 0, Errors: 0, Skipped: 0, Time elapsed: 46,528 s - in org.apache.avro.TestFixed
[INFO] Running org.apache.avro.io.TestJsonDecoder
[INFO] Tests run: 5, Failures: 0, Errors: 0, Skipped: 0, Time elapsed: 46 s - in org.apache.avro.io.TestJsonDecoder
[INFO] Running org.apache.avro.TestDecimalConversion
[INFO] Tests run: 16, Failures: 0, Errors: 0, Skipped: 0, Time elapsed: 100 s - in org.apache.avro.TestDecimalConversion
[INFO] Running org.apache.avro.specific.TestSpecificToFromByteArray
[INFO] Tests run: 4, Failures: 0, Errors: 0, Skipped: 0, Time elapsed: 50 s - in org.apache.avro.specific.TestSpecificToFromByteArray
[INFO] Running org.apache.avro.generic.TestGenericRecordBuilder
[INFO] Tests run: 4, Failures: 0, Errors: 0, Skipped: 0, Time elapsed: 63 s - in org.apache.avro.generic.TestGenericRecordBuilder
[INFO] Running org.apache.avro.io.TestBinaryData
[INFO] Tests run: 1, Failures: 0, Errors: 0, Skipped: 0, Time elapsed: 23 s - in org.apache.avro.io.TestBinaryData
[INFO] Running org.apache.avro.TestSchemaCompatibilityEnumDefaults
[INFO] Tests run: 5, Failures: 0, Errors: 0, Skipped: 0, Time elapsed: 186 s - in org.apache.avro.TestSchemaCompatibilityEnumDefaults
[INFO] Running org.apache.avro.TestSchemaNormalization$TestFingerprintInternationalization
[INFO] Tests run: 26, Failures: 0, Errors: 0, Skipped: 0, Time elapsed: 20,133 s - in org.apache.avro.TestSchemaNormalization$TestFingerprintInternationalization
[INFO] Running org.apache.avro.TestSchemaNormalization$TestFingerprint
[INFO] Tests run: 26, Failures: 0, Errors: 0, Skipped: 0, Time elapsed: 53 s - in org.apache.avro.TestSchemaNormalization$TestFingerprint
[INFO] Running org.apache.avro.TestSchemaNormalization$TestCanonical
[INFO] Tests run: 34, Failures: 0, Errors: 0, Skipped: 0, Time elapsed: 462 s - in org.apache.avro.TestSchemaNormalization$TestCanonical
[INFO] Running org.apache.avro.io.parsing.TestResolvingGrammarGenerator
[INFO] Tests run: 32, Failures: 0, Errors: 0, Skipped: 0, Time elapsed: 28,247 s - in org.apache.avro.io.parsing.TestResolvingGrammarGenerator
[INFO] Running org.apache.avro.reflect.TestReflectDatumReader
[INFO] Tests run: 2, Failures: 0, Errors: 0, Skipped: 0, Time elapsed: 35,240 s - in org.apache.avro.reflect.TestReflectDatumReader
[INFO] Running org.apache.avro.TestDataFileCustomSync
[INFO] Tests run: 3, Failures: 0, Errors: 0, Skipped: 0, Time elapsed: 15,505 s - in org.apache.avro.TestDataFileCustomSync
[INFO] Running org.apache.avro.TestNestedRecords
[INFO] Tests run: 2, Failures: 0, Errors: 0, Skipped: 0, Time elapsed: 58 s - in org.apache.avro.TestNestedRecords
[INFO] Running org.apache.avro.generic.TestGenericConcreteEnum
[INFO] Tests run: 2, Failures: 0, Errors: 0, Skipped: 0, Time elapsed: 1,139 s - in org.apache.avro.generic.TestGenericConcreteEnum
[INFO] Running org.apache.avro.TestSchemaBuilder
[INFO] Tests run: 41, Failures: 0, Errors: 0, Skipped: 0, Time elapsed: 54,952 s - in org.apache.avro.TestSchemaBuilder
[INFO] Running org.apache.avro.io.TestBlockingIO
[INFO] Tests run: 376, Failures: 0, Errors: 0, Skipped: 0, Time elapsed: 70,697 s - in org.apache.avro.io.TestBlockingIO
[INFO] 
[INFO] Results:
[INFO] 
[WARNING] Tests run: 3254, Failures: 0, Errors: 0, Skipped: 1
[INFO] 
[INFO] 
[INFO] --- maven-surefire-plugin:3.0.0-M5:test (test-with-fast-reader) @ avro ---
[INFO] 
[INFO] -------------------------------------------------------
[INFO]  T E S T S
[INFO] -------------------------------------------------------
[INFO] Running org.apache.avro.TestSchemaValidation
[INFO] Tests run: 15, Failures: 0, Errors: 0, Skipped: 0, Time elapsed: 123,751 s - in org.apache.avro.TestSchemaValidation
[INFO] Running org.apache.avro.io.TestBlockingIO2
[INFO] Tests run: 84, Failures: 0, Errors: 0, Skipped: 0, Time elapsed: 158,543 s - in org.apache.avro.io.TestBlockingIO2
[INFO] Running org.apache.avro.io.TestResolvingIO
[INFO] Tests run: 816, Failures: 0, Errors: 0, Skipped: 0, Time elapsed: -1,466,441.296 s - in org.apache.avro.io.TestResolvingIO
[INFO] Running org.apache.avro.TestProtocol
[INFO] Tests run: 2, Failures: 0, Errors: 0, Skipped: 0, Time elapsed: 3,899 s - in org.apache.avro.TestProtocol
[INFO] Running org.apache.avro.TestSchemaCompatibility
[INFO] Tests run: 11, Failures: 0, Errors: 0, Skipped: 0, Time elapsed: 123,867 s - in org.apache.avro.TestSchemaCompatibility
[INFO] Running org.apache.avro.TestDataFile
[INFO] Tests run: 60, Failures: 0, Errors: 0, Skipped: 0, Time elapsed: 258,184.704 s - in org.apache.avro.TestDataFile
[INFO] Running org.apache.avro.generic.TestGenericDatumWriter
[INFO] Tests run: 9, Failures: 0, Errors: 0, Skipped: 0, Time elapsed: 16,715 s - in org.apache.avro.generic.TestGenericDatumWriter
[INFO] Running org.apache.avro.TestSchemaCompatibilityTypeMismatch
[INFO] Tests run: 29, Failures: 0, Errors: 0, Skipped: 0, Time elapsed: 15,207 s - in org.apache.avro.TestSchemaCompatibilityTypeMismatch
[INFO] Running org.apache.avro.io.TestEncoders
[INFO] Tests run: 20, Failures: 0, Errors: 0, Skipped: 0, Time elapsed: 30,931 s - in org.apache.avro.io.TestEncoders
[INFO] Running org.apache.avro.specific.TestSpecificToFromByteArray
[INFO] Tests run: 4, Failures: 0, Errors: 0, Skipped: 0, Time elapsed: 151,585 s - in org.apache.avro.specific.TestSpecificToFromByteArray
[INFO] Running org.apache.avro.TestSchemaCompatibilityFixedSizeMismatch
[INFO] Tests run: 4, Failures: 0, Errors: 0, Skipped: 0, Time elapsed: 26,924 s - in org.apache.avro.TestSchemaCompatibilityFixedSizeMismatch
[INFO] Running org.apache.avro.TestSchemaCompatibilityMissingEnumSymbols
[INFO] Tests run: 3, Failures: 0, Errors: 0, Skipped: 0, Time elapsed: 3,752 s - in org.apache.avro.TestSchemaCompatibilityMissingEnumSymbols
[INFO] Running org.apache.avro.generic.TestGenericLogicalTypes
[INFO] Tests run: 17, Failures: 0, Errors: 0, Skipped: 0, Time elapsed: 74,708 s - in org.apache.avro.generic.TestGenericLogicalTypes
[INFO] Running org.apache.avro.file.TestZstandardCodec
[INFO] Tests run: 1, Failures: 0, Errors: 0, Skipped: 0, Time elapsed: 62 s - in org.apache.avro.file.TestZstandardCodec
[INFO] Running org.apache.avro.file.TestCustomCodec
[INFO] Tests run: 1, Failures: 0, Errors: 0, Skipped: 0, Time elapsed: 58 s - in org.apache.avro.file.TestCustomCodec
[INFO] Running org.apache.avro.TestDataFileMeta
[INFO] Tests run: 4, Failures: 0, Errors: 0, Skipped: 0, Time elapsed: 64 s - in org.apache.avro.TestDataFileMeta
[INFO] Running org.apache.avro.TestSchemaBuilder
[INFO] Tests run: 41, Failures: 0, Errors: 0, Skipped: 0, Time elapsed: 74,980 s - in org.apache.avro.TestSchemaBuilder
[INFO] Running org.apache.avro.TestDataFileDeflate
[INFO] Tests run: 1, Failures: 0, Errors: 0, Skipped: 0, Time elapsed: 2,657 s - in org.apache.avro.TestDataFileDeflate
[INFO] Running org.apache.avro.TestSchemaNormalization$TestFingerprintInternationalization
[INFO] Tests run: 26, Failures: 0, Errors: 0, Skipped: 0, Time elapsed: 78,597 s - in org.apache.avro.TestSchemaNormalization$TestFingerprintInternationalization
[INFO] Running org.apache.avro.TestSchemaNormalization$TestFingerprint
[INFO] Tests run: 26, Failures: 0, Errors: 0, Skipped: 0, Time elapsed: 57,396 s - in org.apache.avro.TestSchemaNormalization$TestFingerprint
[INFO] Running org.apache.avro.TestSchemaNormalization$TestCanonical
[INFO] Tests run: 34, Failures: 0, Errors: 0, Skipped: 0, Time elapsed: 1,448 s - in org.apache.avro.TestSchemaNormalization$TestCanonical
[INFO] Running org.apache.avro.TestSchemaWarnings
[INFO] Tests run: 2, Failures: 0, Errors: 0, Skipped: 0, Time elapsed: 5,032 s - in org.apache.avro.TestSchemaWarnings
[INFO] Running org.apache.avro.io.TestBlockingIO
[INFO] Tests run: 376, Failures: 0, Errors: 0, Skipped: 0, Time elapsed: 162,915 s - in org.apache.avro.io.TestBlockingIO
[INFO] Running org.apache.avro.io.TestJsonDecoder
[INFO] Tests run: 5, Failures: 0, Errors: 0, Skipped: 0, Time elapsed: 19,723 s - in org.apache.avro.io.TestJsonDecoder
[INFO] Running org.apache.avro.generic.TestSkipEnumSchema
[INFO] Tests run: 1, Failures: 0, Errors: 0, Skipped: 0, Time elapsed: 1,305 s - in org.apache.avro.generic.TestSkipEnumSchema
[INFO] Running org.apache.avro.reflect.TestNonStringMapKeys
[INFO] Tests run: 3, Failures: 0, Errors: 0, Skipped: 0, Time elapsed: 92,071 s - in org.apache.avro.reflect.TestNonStringMapKeys
[INFO] Running org.apache.avro.file.TestSeekableByteArrayInput
[INFO] Tests run: 1, Failures: 0, Errors: 0, Skipped: 0, Time elapsed: 99 s - in org.apache.avro.file.TestSeekableByteArrayInput
[INFO] Running org.apache.avro.util.TestUtf8
[INFO] Tests run: 4, Failures: 0, Errors: 0, Skipped: 0, Time elapsed: 3,731 s - in org.apache.avro.util.TestUtf8
[INFO] Running org.apache.avro.io.TestValidatingIO
[INFO] Tests run: 972, Failures: 0, Errors: 0, Skipped: 0, Time elapsed: 374,426 s - in org.apache.avro.io.TestValidatingIO
[INFO] Running org.apache.avro.file.TestIOExceptionDuringWrite
[INFO] Tests run: 1, Failures: 0, Errors: 0, Skipped: 0, Time elapsed: 70,625 s - in org.apache.avro.file.TestIOExceptionDuringWrite
[INFO] Running org.apache.avro.message.TestBinaryMessageEncoding
[INFO] Tests run: 13, Failures: 0, Errors: 0, Skipped: 0, Time elapsed: 17,144 s - in org.apache.avro.message.TestBinaryMessageEncoding
[INFO] Running org.apache.avro.TestDataFileCustomSync
[INFO] Tests run: 3, Failures: 0, Errors: 0, Skipped: 0, Time elapsed: 76 s - in org.apache.avro.TestDataFileCustomSync
[INFO] Running org.apache.avro.TestSchemaCompatibilityMultiple
[INFO] Tests run: 1, Failures: 0, Errors: 0, Skipped: 0, Time elapsed: 2,717 s - in org.apache.avro.TestSchemaCompatibilityMultiple
[INFO] Running org.apache.avro.TestDataFileReader
[INFO] Tests run: 6, Failures: 0, Errors: 0, Skipped: 0, Time elapsed: 63,936 s - in org.apache.avro.TestDataFileReader
[INFO] Running org.apache.avro.io.TestResolvingIOResolving
[INFO] Tests run: 192, Failures: 0, Errors: 0, Skipped: 0, Time elapsed: 56,998 s - in org.apache.avro.io.TestResolvingIOResolving
[INFO] Running org.apache.avro.generic.TestGenericConcreteEnum
[INFO] Tests run: 2, Failures: 0, Errors: 0, Skipped: 0, Time elapsed: 3,717 s - in org.apache.avro.generic.TestGenericConcreteEnum
[INFO] Running org.apache.avro.TestSchemaCompatibilityEnumDefaults
[INFO] Tests run: 5, Failures: 0, Errors: 0, Skipped: 0, Time elapsed: 1,583 s - in org.apache.avro.TestSchemaCompatibilityEnumDefaults
[INFO] Running org.apache.avro.file.TestAllCodecs
[INFO] Tests run: 12, Failures: 0, Errors: 0, Skipped: 0, Time elapsed: 1,618,688 s - in org.apache.avro.file.TestAllCodecs
[INFO] Running org.apache.avro.util.internal.TestClassValueCache
[INFO] Tests run: 1, Failures: 0, Errors: 0, Skipped: 0, Time elapsed: 16,611 s - in org.apache.avro.util.internal.TestClassValueCache
[INFO] Running org.apache.avro.TestSchemaCompatibilityReaderFieldMissingDefaultValue
[INFO] Tests run: 2, Failures: 0, Errors: 0, Skipped: 0, Time elapsed: 37,223 s - in org.apache.avro.TestSchemaCompatibilityReaderFieldMissingDefaultValue
[INFO] Running org.apache.avro.util.internal.TestJacksonUtils
[INFO] Tests run: 2, Failures: 0, Errors: 0, Skipped: 0, Time elapsed: 653 s - in org.apache.avro.util.internal.TestJacksonUtils
[INFO] Running org.apache.avro.TestDecimalConversion
[INFO] Tests run: 16, Failures: 0, Errors: 0, Skipped: 0, Time elapsed: 192 s - in org.apache.avro.TestDecimalConversion
[INFO] Running org.apache.avro.io.TestBinaryDecoder
[INFO] Tests run: 56, Failures: 0, Errors: 0, Skipped: 0, Time elapsed: 204,405 s - in org.apache.avro.io.TestBinaryDecoder
[INFO] Running org.apache.avro.TestFixed
[INFO] Tests run: 1, Failures: 0, Errors: 0, Skipped: 0, Time elapsed: 53 s - in org.apache.avro.TestFixed
[INFO] Running org.apache.avro.TestSchema
[INFO] Tests run: 37, Failures: 0, Errors: 0, Skipped: 0, Time elapsed: 142,823 s - in org.apache.avro.TestSchema
[INFO] Running org.apache.avro.util.TestCaseFinder$NonParameterized
[INFO] Tests run: 4, Failures: 0, Errors: 0, Skipped: 0, Time elapsed: 9 s - in org.apache.avro.util.TestCaseFinder$NonParameterized
[INFO] Running org.apache.avro.util.TestCaseFinder$SimpleCases
[INFO] Tests run: 14, Failures: 0, Errors: 0, Skipped: 0, Time elapsed: 105 s - in org.apache.avro.util.TestCaseFinder$SimpleCases
[INFO] Running org.apache.avro.specific.TestSpecificData
[INFO] Tests run: 8, Failures: 0, Errors: 0, Skipped: 0, Time elapsed: 18 s - in org.apache.avro.specific.TestSpecificData
[INFO] Running org.apache.avro.TestSchemaCompatibilityMissingUnionBranch
[INFO] Tests run: 17, Failures: 0, Errors: 0, Skipped: 0, Time elapsed: 3,401 s - in org.apache.avro.TestSchemaCompatibilityMissingUnionBranch
[INFO] Running org.apache.avro.TestNestedRecords
[INFO] Tests run: 2, Failures: 0, Errors: 0, Skipped: 0, Time elapsed: 5 s - in org.apache.avro.TestNestedRecords
[INFO] Running org.apache.avro.TestLogicalType
[INFO] Tests run: 20, Failures: 0, Errors: 0, Skipped: 0, Time elapsed: 37,846 s - in org.apache.avro.TestLogicalType
[INFO] Running org.apache.avro.data.TestTimeConversions
[INFO] Tests run: 10, Failures: 0, Errors: 0, Skipped: 0, Time elapsed: 32,953 s - in org.apache.avro.data.TestTimeConversions
[INFO] Running org.apache.avro.TestCircularReferences
[INFO] Tests run: 1, Failures: 0, Errors: 0, Skipped: 0, Time elapsed: 321 s - in org.apache.avro.TestCircularReferences
[INFO] Running org.apache.avro.reflect.TestReflectData
[INFO] Tests run: 5, Failures: 0, Errors: 0, Skipped: 0, Time elapsed: 1,437,934 s - in org.apache.avro.reflect.TestReflectData
[INFO] Running org.apache.avro.reflect.TestByteBuffer
[INFO] Tests run: 1, Failures: 0, Errors: 0, Skipped: 0, Time elapsed: 410,409 s - in org.apache.avro.reflect.TestByteBuffer
[INFO] Running org.apache.avro.generic.TestGenericData
[INFO] Tests run: 34, Failures: 0, Errors: 0, Skipped: 0, Time elapsed: 142,635 s - in org.apache.avro.generic.TestGenericData
[INFO] Running org.apache.avro.TestDataFileCorruption
[INFO] Tests run: 1, Failures: 0, Errors: 0, Skipped: 0, Time elapsed: 68 s - in org.apache.avro.TestDataFileCorruption
[INFO] Running org.apache.avro.reflect.TestReflectDatumReader
[INFO] Tests run: 2, Failures: 0, Errors: 0, Skipped: 0, Time elapsed: 57 s - in org.apache.avro.reflect.TestReflectDatumReader
[INFO] Running org.apache.avro.io.TestBinaryEncoderFidelity
[INFO] Tests run: 3, Failures: 0, Errors: 0, Skipped: 0, Time elapsed: 15 s - in org.apache.avro.io.TestBinaryEncoderFidelity
[INFO] Running org.apache.avro.reflect.TestReflectionUtil
[INFO] Tests run: 2, Failures: 0, Errors: 0, Skipped: 0, Time elapsed: 43 s - in org.apache.avro.reflect.TestReflectionUtil
[INFO] Running org.apache.avro.TestUnionSelfReference
[INFO] Tests run: 2, Failures: 0, Errors: 0, Skipped: 0, Time elapsed: 46 s - in org.apache.avro.TestUnionSelfReference
[INFO] Running org.apache.avro.TestDataFileReflect
[INFO] Tests run: 4, Failures: 0, Errors: 0, Skipped: 0, Time elapsed: 52,575 s - in org.apache.avro.TestDataFileReflect
[INFO] Running org.apache.avro.reflect.TestReflectLogicalTypes
[WARNING] Tests run: 17, Failures: 0, Errors: 0, Skipped: 1, Time elapsed: 176,362 s - in org.apache.avro.reflect.TestReflectLogicalTypes
[INFO] Running org.apache.avro.io.parsing.TestResolvingGrammarGenerator
[INFO] Tests run: 32, Failures: 0, Errors: 0, Skipped: 0, Time elapsed: 371 s - in org.apache.avro.io.parsing.TestResolvingGrammarGenerator
[INFO] Running org.apache.avro.io.TestBinaryData
[INFO] Tests run: 1, Failures: 0, Errors: 0, Skipped: 0, Time elapsed: 40 s - in org.apache.avro.io.TestBinaryData
[INFO] Running org.apache.avro.reflect.TestReflect
[INFO] Tests run: 74, Failures: 0, Errors: 0, Skipped: 0, Time elapsed: 270,610 s - in org.apache.avro.reflect.TestReflect
[INFO] Running org.apache.avro.generic.TestGenericRecordBuilder
[INFO] Tests run: 4, Failures: 0, Errors: 0, Skipped: 0, Time elapsed: 8,286 s - in org.apache.avro.generic.TestGenericRecordBuilder
[INFO] Running org.apache.avro.TestSchemaCompatibilityNameMismatch
[INFO] Tests run: 4, Failures: 0, Errors: 0, Skipped: 0, Time elapsed: 3,364 s - in org.apache.avro.TestSchemaCompatibilityNameMismatch
[INFO] Running org.apache.avro.TestReadingWritingDataInEvolvedSchemas
[INFO] Tests run: 50, Failures: 0, Errors: 0, Skipped: 0, Time elapsed: 35,420 s - in org.apache.avro.TestReadingWritingDataInEvolvedSchemas
[INFO] Running org.apache.avro.io.parsing.TestResolvingGrammarGenerator2
[INFO] Tests run: 7, Failures: 0, Errors: 0, Skipped: 0, Time elapsed: 163,912 s - in org.apache.avro.io.parsing.TestResolvingGrammarGenerator2
[INFO] Running org.apache.avro.TestDataFileConcat
[INFO] Tests run: 10, Failures: 0, Errors: 0, Skipped: 0, Time elapsed: 430,410.704 s - in org.apache.avro.TestDataFileConcat
[INFO] Running org.apache.avro.reflect.TestReflectAllowNulls
[INFO] Tests run: 3, Failures: 0, Errors: 0, Skipped: 0, Time elapsed: 35,405 s - in org.apache.avro.reflect.TestReflectAllowNulls
[INFO] 
[INFO] Results:
[INFO] 
[WARNING] Tests run: 3254, Failures: 0, Errors: 0, Skipped: 1
[INFO] 
[INFO] 
[INFO] --------------------< org.apache.avro:avro-android >--------------------
[INFO] Building Apache Avro Android Compatibility 1.12.0-SNAPSHOT        [4/24]
[INFO] --------------------------------[ jar ]---------------------------------
[INFO] 
[INFO] --- maven-enforcer-plugin:3.0.0-M3:enforce (enforce-maven-version) @ avro-android ---
[INFO] 
[INFO] --- maven-enforcer-plugin:3.0.0-M3:enforce (default-cli) @ avro-android ---
[INFO] Adding ignore: module-info
[INFO] Adding ignore: module-info
[INFO] 
[INFO] --- maven-enforcer-plugin:3.0.0-M3:enforce (enforce) @ avro-android ---
[INFO] Adding ignore: module-info
[INFO] 
[INFO] --- maven-enforcer-plugin:3.0.0-M3:enforce (enforce-banned-dependencies) @ avro-android ---
[INFO] 
[INFO] --- maven-remote-resources-plugin:1.7.0:process (process-resource-bundles) @ avro-android ---
[INFO] Preparing remote bundle org.apache:apache-jar-resource-bundle:1.4
[INFO] Copying 3 resources from 1 bundle.
[INFO] 
[INFO] --- maven-resources-plugin:3.1.0:resources (default-resources) @ avro-android ---
[INFO] Using 'UTF-8' encoding to copy filtered resources.
[INFO] skip non existing resourceDirectory /home/target/lang/java/android/src/main/resources
[INFO] Copying 3 resources
[INFO] 
[INFO] --- maven-compiler-plugin:3.8.1:compile (default-compile) @ avro-android ---
[INFO] Nothing to compile - all classes are up to date
[INFO] 
[INFO] --- spotless-maven-plugin:2.11.1:check (spotless-check) @ avro-android ---
[INFO] 
[INFO] --- maven-bundle-plugin:5.1.2:manifest (bundle-manifest) @ avro-android ---
[WARNING] Ignoring project type jar - supportedProjectTypes = [bundle]
[INFO] 
[INFO] --- maven-resources-plugin:3.1.0:testResources (default-testResources) @ avro-android ---
[INFO] Using 'UTF-8' encoding to copy filtered resources.
[INFO] skip non existing resourceDirectory /home/target/lang/java/android/src/test/resources
[INFO] Copying 3 resources
[INFO] 
[INFO] --- maven-compiler-plugin:3.8.1:testCompile (default-testCompile) @ avro-android ---
[INFO] Nothing to compile - all classes are up to date
[INFO] 
[INFO] --- maven-surefire-plugin:3.0.0-M5:test (default-test) @ avro-android ---
[INFO] 
[INFO] -------------------------------------------------------
[INFO]  T E S T S
[INFO] -------------------------------------------------------
[INFO] Running org.apache.avro.util.internal.TestClassValueCache
[INFO] Tests run: 1, Failures: 0, Errors: 0, Skipped: 0, Time elapsed: 111,254 s - in org.apache.avro.util.internal.TestClassValueCache
[INFO] 
[INFO] Results:
[INFO] 
[INFO] Tests run: 1, Failures: 0, Errors: 0, Skipped: 0
[INFO] 
[INFO] 
[INFO] --- maven-checkstyle-plugin:3.1.2:check (checkstyle-check) @ avro-android ---
[INFO] Starting audit...
Audit done.
[INFO] You have 0 Checkstyle violations.
[INFO] 
[INFO] -------------------< org.apache.avro:avro-compiler >--------------------
[INFO] Building Apache Avro Compiler 1.12.0-SNAPSHOT                     [5/24]
[INFO] -------------------------------[ bundle ]-------------------------------
[INFO] 
[INFO] --- maven-enforcer-plugin:3.0.0-M3:enforce (enforce-maven-version) @ avro-compiler ---
[INFO] 
[INFO] --- maven-enforcer-plugin:3.0.0-M3:enforce (default-cli) @ avro-compiler ---
[INFO] Adding ignore: module-info
[INFO] Adding ignore: module-info
[INFO] 
[INFO] --- maven-enforcer-plugin:3.0.0-M3:enforce (enforce) @ avro-compiler ---
[INFO] Adding ignore: module-info
[INFO] 
[INFO] --- maven-enforcer-plugin:3.0.0-M3:enforce (enforce-banned-dependencies) @ avro-compiler ---
[INFO] 
[INFO] --- javacc-maven-plugin:2.6:javacc (javacc) @ avro-compiler ---
[WARNING] The artifact xml-apis:xml-apis:jar:2.0.2 has been relocated to xml-apis:xml-apis:jar:1.0.b2
[INFO] Skipping - all parsers are up to date
[INFO] 
[INFO] --- build-helper-maven-plugin:3.2.0:add-source (add-source) @ avro-compiler ---
[INFO] Source directory: /home/target/lang/java/compiler/target/generated-sources/javacc added.
[INFO] 
[INFO] --- maven-remote-resources-plugin:1.7.0:process (process-resource-bundles) @ avro-compiler ---
[INFO] Preparing remote bundle org.apache:apache-jar-resource-bundle:1.4
[INFO] Copying 3 resources from 1 bundle.
[INFO] 
[INFO] --- maven-resources-plugin:3.1.0:resources (default-resources) @ avro-compiler ---
[INFO] Using 'UTF-8' encoding to copy filtered resources.
[INFO] Copying 0 resource
[INFO] Copying 4 resources
[INFO] Copying 3 resources
[INFO] 
[INFO] --- maven-compiler-plugin:3.8.1:compile (default-compile) @ avro-compiler ---
[INFO] Nothing to compile - all classes are up to date
[INFO] 
[INFO] --- spotless-maven-plugin:2.11.1:check (spotless-check) @ avro-compiler ---
[INFO] 
[INFO] --- maven-bundle-plugin:5.1.2:manifest (bundle-manifest) @ avro-compiler ---
[INFO] 
[INFO] --- exec-maven-plugin:3.0.0:exec (default) @ avro-compiler ---
[INFO] 
[INFO] --- build-helper-maven-plugin:3.2.0:add-test-source (add-test-source) @ avro-compiler ---
[INFO] Test Source directory: /home/target/lang/java/compiler/target/generated-test-sources added.
[INFO] 
[INFO] --- maven-jar-plugin:3.2.0:test-jar (prepare-test-jar) @ avro-compiler ---
[INFO] 
[INFO] --- maven-resources-plugin:3.1.0:testResources (default-testResources) @ avro-compiler ---
[INFO] Using 'UTF-8' encoding to copy filtered resources.
[INFO] Copying 4 resources
[INFO] Copying 35 resources
[INFO] Copying 3 resources
[INFO] 
[INFO] --- maven-compiler-plugin:3.8.1:testCompile (default-testCompile) @ avro-compiler ---
[INFO] Nothing to compile - all classes are up to date
[INFO] 
[INFO] --- maven-surefire-plugin:3.0.0-M5:test (default-test) @ avro-compiler ---
[INFO] 
[INFO] -------------------------------------------------------
[INFO]  T E S T S
[INFO] -------------------------------------------------------
[INFO] Running org.apache.avro.compiler.idl.TestSchemaResolver
[INFO] Tests run: 5, Failures: 0, Errors: 0, Skipped: 0, Time elapsed: 700,262 s - in org.apache.avro.compiler.idl.TestSchemaResolver
[INFO] Running org.apache.avro.compiler.idl.TestIdl
[INFO] Tests run: 2, Failures: 0, Errors: 0, Skipped: 0, Time elapsed: 1,115,145 s - in org.apache.avro.compiler.idl.TestIdl
[INFO] Running org.apache.avro.compiler.specific.TestSpecificCompiler
[INFO] Tests run: 45, Failures: 0, Errors: 0, Skipped: 0, Time elapsed: -1,326,490.96 s - in org.apache.avro.compiler.specific.TestSpecificCompiler
[INFO] Running org.apache.avro.specific.TestSpecificData
[INFO] Tests run: 1, Failures: 0, Errors: 0, Skipped: 0, Time elapsed: -1,654,047.296 s - in org.apache.avro.specific.TestSpecificData
[INFO] Running org.apache.avro.specific.TestGeneratedCode
[INFO] Tests run: 2, Failures: 0, Errors: 0, Skipped: 0, Time elapsed: 808,588 s - in org.apache.avro.specific.TestGeneratedCode
[INFO] Running org.apache.avro.compiler.idl.TestCycle
[INFO] Tests run: 1, Failures: 0, Errors: 0, Skipped: 0, Time elapsed: -1,947,859.296 s - in org.apache.avro.compiler.idl.TestCycle
[INFO] Running org.apache.avro.compiler.schema.TestSchemas
[INFO] Tests run: 19, Failures: 0, Errors: 0, Skipped: 0, Time elapsed: 818,965 s - in org.apache.avro.compiler.schema.TestSchemas
[INFO] 
[INFO] Results:
[INFO] 
[INFO] Tests run: 75, Failures: 0, Errors: 0, Skipped: 0
[INFO] 
[INFO] 
[INFO] --- maven-checkstyle-plugin:3.1.2:check (checkstyle-check) @ avro-compiler ---
[INFO] Starting audit...
Audit done.
[INFO] You have 0 Checkstyle violations.
[INFO] 
[INFO] -----------------< org.apache.avro:avro-maven-plugin >------------------
[INFO] Building Apache Avro Maven Plugin 1.12.0-SNAPSHOT                 [6/24]
[INFO] ----------------------------[ maven-plugin ]----------------------------
[INFO] 
[INFO] --- maven-enforcer-plugin:3.0.0-M3:enforce (enforce-maven-version) @ avro-maven-plugin ---
[INFO] 
[INFO] --- maven-enforcer-plugin:3.0.0-M3:enforce (default-cli) @ avro-maven-plugin ---
[INFO] Adding ignore: module-info
[INFO] Adding ignore: module-info
[INFO] 
[INFO] --- maven-enforcer-plugin:3.0.0-M3:enforce (enforce) @ avro-maven-plugin ---
[INFO] Adding ignore: module-info
[INFO] 
[INFO] --- maven-enforcer-plugin:3.0.0-M3:enforce (enforce-banned-dependencies) @ avro-maven-plugin ---
[INFO] 
[INFO] --- maven-plugin-plugin:3.6.1:helpmojo (generated-helpmojo) @ avro-maven-plugin ---
[INFO] Using 'UTF-8' encoding to read mojo source files.
[INFO] java-javadoc mojo extractor found 5 mojo descriptors.
[INFO] ant mojo extractor found 0 mojo descriptor.
[INFO] bsh mojo extractor found 0 mojo descriptor.
[INFO] java-annotations mojo extractor found 0 mojo descriptor.
[INFO] 
[INFO] --- maven-remote-resources-plugin:1.7.0:process (process-resource-bundles) @ avro-maven-plugin ---
[INFO] Preparing remote bundle org.apache:apache-jar-resource-bundle:1.4
[INFO] Copying 3 resources from 1 bundle.
[INFO] 
[INFO] --- maven-resources-plugin:3.1.0:resources (default-resources) @ avro-maven-plugin ---
[INFO] Using 'UTF-8' encoding to copy filtered resources.
[INFO] Copying 1 resource
[INFO] Copying 3 resources
[INFO] 
[INFO] --- maven-compiler-plugin:3.8.1:compile (default-compile) @ avro-maven-plugin ---
[INFO] Changes detected - recompiling the module!
[INFO] Compiling 6 source files to /home/target/lang/java/maven-plugin/target/classes
[INFO] /home/target/lang/java/maven-plugin/src/main/java/org/apache/avro/mojo/AbstractAvroMojo.java: /home/target/lang/java/maven-plugin/src/main/java/org/apache/avro/mojo/AbstractAvroMojo.java uses unchecked or unsafe operations.
[INFO] /home/target/lang/java/maven-plugin/src/main/java/org/apache/avro/mojo/AbstractAvroMojo.java: Recompile with -Xlint:unchecked for details.
[INFO] 
[INFO] --- spotless-maven-plugin:2.11.1:check (spotless-check) @ avro-maven-plugin ---
[INFO] 
[INFO] --- maven-plugin-plugin:3.6.1:descriptor (default-descriptor) @ avro-maven-plugin ---
[INFO] Using 'UTF-8' encoding to read mojo source files.
[INFO] java-javadoc mojo extractor found 5 mojo descriptors.
[INFO] ant mojo extractor found 0 mojo descriptor.
[INFO] bsh mojo extractor found 0 mojo descriptor.
[INFO] java-annotations mojo extractor found 0 mojo descriptor.
[INFO] 
[INFO] --- maven-bundle-plugin:5.1.2:manifest (bundle-manifest) @ avro-maven-plugin ---
[WARNING] Ignoring project type maven-plugin - supportedProjectTypes = [bundle]
[INFO] 
[INFO] --- maven-resources-plugin:3.1.0:testResources (default-testResources) @ avro-maven-plugin ---
[INFO] Using 'UTF-8' encoding to copy filtered resources.
[INFO] Copying 11 resources
[INFO] Copying 3 resources
[INFO] 
[INFO] --- maven-compiler-plugin:3.8.1:testCompile (default-testCompile) @ avro-maven-plugin ---
[INFO] Nothing to compile - all classes are up to date
[INFO] 
[INFO] --- maven-surefire-plugin:3.0.0-M5:test (default-test) @ avro-maven-plugin ---
[INFO] 
[INFO] -------------------------------------------------------
[INFO]  T E S T S
[INFO] -------------------------------------------------------
[INFO] Running org.apache.avro.mojo.TestProtocolMojo
[INFO] Tests run: 2, Failures: 0, Errors: 0, Skipped: 0, Time elapsed: 250,398.704 s - in org.apache.avro.mojo.TestProtocolMojo
[INFO] Running org.apache.avro.mojo.TestIDLProtocolMojo
[INFO] Tests run: 2, Failures: 0, Errors: 0, Skipped: 0, Time elapsed: 1,475,143 s - in org.apache.avro.mojo.TestIDLProtocolMojo
[INFO] Running org.apache.avro.mojo.TestSchemaMojo
[INFO] Tests run: 2, Failures: 0, Errors: 0, Skipped: 0, Time elapsed: 792,345 s - in org.apache.avro.mojo.TestSchemaMojo
[INFO] Running org.apache.avro.mojo.TestInduceMojo
[INFO] Tests run: 5, Failures: 0, Errors: 0, Skipped: 0, Time elapsed: 1,485,705 s - in org.apache.avro.mojo.TestInduceMojo
[INFO] 
[INFO] Results:
[INFO] 
[INFO] Tests run: 11, Failures: 0, Errors: 0, Skipped: 0
[INFO] 
[INFO] 
[INFO] --- maven-checkstyle-plugin:3.1.2:check (checkstyle-check) @ avro-maven-plugin ---
[INFO] Starting audit...
Audit done.
[INFO] You have 0 Checkstyle violations.
[INFO] 
[INFO] ----------------------< org.apache.avro:avro-ipc >----------------------
[INFO] Building Apache Avro IPC 1.12.0-SNAPSHOT                          [7/24]
[INFO] -------------------------------[ bundle ]-------------------------------
[INFO] 
[INFO] --- maven-enforcer-plugin:3.0.0-M3:enforce (enforce-maven-version) @ avro-ipc ---
[INFO] 
[INFO] --- maven-enforcer-plugin:3.0.0-M3:enforce (default-cli) @ avro-ipc ---
[INFO] Adding ignore: module-info
[INFO] Adding ignore: module-info
[INFO] 
[INFO] --- maven-enforcer-plugin:3.0.0-M3:enforce (enforce) @ avro-ipc ---
[INFO] Adding ignore: module-info
[INFO] 
[INFO] --- maven-enforcer-plugin:3.0.0-M3:enforce (enforce-banned-dependencies) @ avro-ipc ---
[INFO] 
[INFO] --- avro-maven-plugin:1.12.0-SNAPSHOT:schema (schemas) @ avro-ipc ---
[INFO] 
[INFO] --- avro-maven-plugin:1.12.0-SNAPSHOT:protocol (schemas) @ avro-ipc ---
[INFO] 
[INFO] --- avro-maven-plugin:1.12.0-SNAPSHOT:idl-protocol (schemas) @ avro-ipc ---
[INFO] 
[INFO] --- build-helper-maven-plugin:3.2.0:add-source (add-source) @ avro-ipc ---
[INFO] Source directory: /home/target/lang/java/ipc/target/generated-sources/java added.
[INFO] 
[INFO] --- maven-remote-resources-plugin:1.7.0:process (process-resource-bundles) @ avro-ipc ---
[INFO] Preparing remote bundle org.apache:apache-jar-resource-bundle:1.4
[INFO] Copying 3 resources from 1 bundle.
[INFO] 
[INFO] --- maven-resources-plugin:3.1.0:resources (default-resources) @ avro-ipc ---
[INFO] Using 'UTF-8' encoding to copy filtered resources.
[INFO] Copying 9 resources
[INFO] Copying 3 resources
[INFO] 
[INFO] --- maven-compiler-plugin:3.8.1:compile (default-compile) @ avro-ipc ---
[INFO] Nothing to compile - all classes are up to date
[INFO] 
[INFO] --- spotless-maven-plugin:2.11.1:check (spotless-check) @ avro-ipc ---
[INFO] 
[INFO] --- maven-bundle-plugin:5.1.2:manifest (bundle-manifest) @ avro-ipc ---
[INFO] 
[INFO] --- build-helper-maven-plugin:3.2.0:add-test-source (add-test-source) @ avro-ipc ---
[INFO] Test Source directory: /home/target/lang/java/ipc/target/generated-test-sources/java added.
[INFO] 
[INFO] --- maven-resources-plugin:3.1.0:testResources (default-testResources) @ avro-ipc ---
[INFO] Using 'UTF-8' encoding to copy filtered resources.
[INFO] Copying 1 resource
[INFO] Copying 3 resources
[INFO] 
[INFO] --- maven-compiler-plugin:3.8.1:testCompile (default-testCompile) @ avro-ipc ---
[INFO] Changes detected - recompiling the module!
[INFO] Compiling 107 source files to /home/target/lang/java/ipc/target/test-classes
[WARNING] /home/target/lang/java/ipc/src/test/java/org/apache/avro/TestProtocolSpecific.java:[48,27] org.apache.avro.ipc.SocketServer in org.apache.avro.ipc has been deprecated
[WARNING] /home/target/lang/java/ipc/src/test/java/org/apache/avro/TestProtocolSpecific.java:[49,27] org.apache.avro.ipc.SocketTransceiver in org.apache.avro.ipc has been deprecated
[WARNING] /home/target/lang/java/ipc/src/test/java/org/apache/avro/TestNamespaceReflect.java:[20,27] org.apache.avro.ipc.SocketServer in org.apache.avro.ipc has been deprecated
[WARNING] /home/target/lang/java/ipc/src/test/java/org/apache/avro/TestNamespaceReflect.java:[21,27] org.apache.avro.ipc.SocketTransceiver in org.apache.avro.ipc has been deprecated
[WARNING] /home/target/lang/java/ipc/src/test/java/org/apache/avro/TestNamespaceSpecific.java:[20,27] org.apache.avro.ipc.SocketServer in org.apache.avro.ipc has been deprecated
[WARNING] /home/target/lang/java/ipc/src/test/java/org/apache/avro/TestNamespaceSpecific.java:[21,27] org.apache.avro.ipc.SocketTransceiver in org.apache.avro.ipc has been deprecated
[WARNING] /home/target/lang/java/ipc/src/test/java/org/apache/avro/TestProtocolGeneric.java:[24,27] org.apache.avro.ipc.SocketServer in org.apache.avro.ipc has been deprecated
[WARNING] /home/target/lang/java/ipc/src/test/java/org/apache/avro/TestProtocolGeneric.java:[25,27] org.apache.avro.ipc.SocketTransceiver in org.apache.avro.ipc has been deprecated
[WARNING] /home/target/lang/java/ipc/src/test/java/org/apache/avro/TestProtocolReflect.java:[23,27] org.apache.avro.ipc.SocketServer in org.apache.avro.ipc has been deprecated
[WARNING] /home/target/lang/java/ipc/src/test/java/org/apache/avro/TestProtocolReflect.java:[24,27] org.apache.avro.ipc.SocketTransceiver in org.apache.avro.ipc has been deprecated
[WARNING] /home/target/lang/java/ipc/src/test/java/org/apache/avro/TestProtocolReflectMeta.java:[20,27] org.apache.avro.ipc.SocketServer in org.apache.avro.ipc has been deprecated
[WARNING] /home/target/lang/java/ipc/src/test/java/org/apache/avro/TestProtocolReflectMeta.java:[21,27] org.apache.avro.ipc.SocketTransceiver in org.apache.avro.ipc has been deprecated
[WARNING] /home/target/lang/java/ipc/src/test/java/org/apache/avro/TestProtocolGenericMeta.java:[23,27] org.apache.avro.ipc.SocketServer in org.apache.avro.ipc has been deprecated
[WARNING] /home/target/lang/java/ipc/src/test/java/org/apache/avro/TestProtocolGenericMeta.java:[24,27] org.apache.avro.ipc.SocketTransceiver in org.apache.avro.ipc has been deprecated
[WARNING] /home/target/lang/java/ipc/src/test/java/org/apache/avro/TestProtocolSpecificMeta.java:[25,27] org.apache.avro.ipc.SocketServer in org.apache.avro.ipc has been deprecated
[WARNING] /home/target/lang/java/ipc/src/test/java/org/apache/avro/TestProtocolSpecificMeta.java:[26,27] org.apache.avro.ipc.SocketTransceiver in org.apache.avro.ipc has been deprecated
[WARNING] /home/target/lang/java/ipc/src/test/java/org/apache/avro/TestProtocolSpecific.java:[129,25] org.apache.avro.ipc.SocketServer in org.apache.avro.ipc has been deprecated
[WARNING] /home/target/lang/java/ipc/src/test/java/org/apache/avro/TestProtocolSpecific.java:[133,16] org.apache.avro.ipc.SocketTransceiver in org.apache.avro.ipc has been deprecated
[WARNING] /home/target/lang/java/ipc/src/test/java/org/apache/avro/TestProtocolSpecific.java:[268,15] createRecord(java.util.List<org.apache.avro.Schema.Field>) in org.apache.avro.Schema has been deprecated
[WARNING] /home/target/lang/java/ipc/src/test/java/org/apache/avro/TestProtocolSpecific.java:[344,36] org.apache.avro.ipc.SocketTransceiver in org.apache.avro.ipc has been deprecated
[WARNING] /home/target/lang/java/ipc/src/test/java/org/apache/avro/TestProtocolSpecific.java:[360,7] org.apache.avro.ipc.SocketServer in org.apache.avro.ipc has been deprecated
[WARNING] /home/target/lang/java/ipc/src/test/java/org/apache/avro/TestProtocolSpecific.java:[360,33] org.apache.avro.ipc.SocketServer in org.apache.avro.ipc has been deprecated
[WARNING] /home/target/lang/java/ipc/src/test/java/org/apache/avro/TestNamespaceSpecific.java:[50,20] org.apache.avro.ipc.SocketServer in org.apache.avro.ipc has been deprecated
[WARNING] /home/target/lang/java/ipc/src/test/java/org/apache/avro/TestNamespaceSpecific.java:[58,18] org.apache.avro.ipc.SocketServer in org.apache.avro.ipc has been deprecated
[WARNING] /home/target/lang/java/ipc/src/test/java/org/apache/avro/TestNamespaceSpecific.java:[60,18] org.apache.avro.ipc.SocketTransceiver in org.apache.avro.ipc has been deprecated
[WARNING] /home/target/lang/java/ipc/src/test/java/org/apache/avro/TestNamespaceReflect.java:[36,18] org.apache.avro.ipc.SocketServer in org.apache.avro.ipc has been deprecated
[WARNING] /home/target/lang/java/ipc/src/test/java/org/apache/avro/TestNamespaceReflect.java:[38,18] org.apache.avro.ipc.SocketTransceiver in org.apache.avro.ipc has been deprecated
[WARNING] /home/target/lang/java/ipc/src/test/java/org/apache/avro/TestProtocolGeneric.java:[101,20] org.apache.avro.ipc.SocketServer in org.apache.avro.ipc has been deprecated
[WARNING] /home/target/lang/java/ipc/src/test/java/org/apache/avro/TestProtocolGeneric.java:[109,18] org.apache.avro.ipc.SocketServer in org.apache.avro.ipc has been deprecated
[WARNING] /home/target/lang/java/ipc/src/test/java/org/apache/avro/TestProtocolGeneric.java:[111,18] org.apache.avro.ipc.SocketTransceiver in org.apache.avro.ipc has been deprecated
[WARNING] /home/target/lang/java/ipc/src/test/java/org/apache/avro/TestProtocolGeneric.java:[189,15] createRecord(java.util.List<org.apache.avro.Schema.Field>) in org.apache.avro.Schema has been deprecated
[WARNING] /home/target/lang/java/ipc/src/test/java/org/apache/avro/TestProtocolGeneric.java:[191,30] org.apache.avro.ipc.SocketTransceiver in org.apache.avro.ipc has been deprecated
[WARNING] /home/target/lang/java/ipc/src/test/java/org/apache/avro/TestProtocolGeneric.java:[220,15] createRecord(java.util.List<org.apache.avro.Schema.Field>) in org.apache.avro.Schema has been deprecated
[WARNING] /home/target/lang/java/ipc/src/test/java/org/apache/avro/TestProtocolGeneric.java:[222,30] org.apache.avro.ipc.SocketTransceiver in org.apache.avro.ipc has been deprecated
[WARNING] /home/target/lang/java/ipc/src/test/java/org/apache/avro/TestProtocolReflect.java:[100,18] org.apache.avro.ipc.SocketServer in org.apache.avro.ipc has been deprecated
[WARNING] /home/target/lang/java/ipc/src/test/java/org/apache/avro/TestProtocolReflect.java:[102,18] org.apache.avro.ipc.SocketTransceiver in org.apache.avro.ipc has been deprecated
[WARNING] /home/target/lang/java/ipc/src/test/java/org/apache/avro/TestProtocolReflectMeta.java:[38,18] org.apache.avro.ipc.SocketServer in org.apache.avro.ipc has been deprecated
[WARNING] /home/target/lang/java/ipc/src/test/java/org/apache/avro/TestProtocolReflectMeta.java:[41,18] org.apache.avro.ipc.SocketTransceiver in org.apache.avro.ipc has been deprecated
[WARNING] /home/target/lang/java/ipc/src/test/java/org/apache/avro/TestProtocolGenericMeta.java:[38,18] org.apache.avro.ipc.SocketServer in org.apache.avro.ipc has been deprecated
[WARNING] /home/target/lang/java/ipc/src/test/java/org/apache/avro/TestProtocolGenericMeta.java:[41,18] org.apache.avro.ipc.SocketTransceiver in org.apache.avro.ipc has been deprecated
[WARNING] /home/target/lang/java/ipc/src/test/java/org/apache/avro/TestProtocolSpecificMeta.java:[35,16] org.apache.avro.ipc.SocketServer in org.apache.avro.ipc has been deprecated
[WARNING] /home/target/lang/java/ipc/src/test/java/org/apache/avro/TestProtocolSpecificMeta.java:[40,16] org.apache.avro.ipc.SocketTransceiver in org.apache.avro.ipc has been deprecated
[INFO] 
[INFO] --- maven-surefire-plugin:3.0.0-M5:test (default-test) @ avro-ipc ---
[INFO] 
[INFO] -------------------------------------------------------
[INFO]  T E S T S
[INFO] -------------------------------------------------------
[INFO] Running org.apache.avro.TestProtocolReflectMeta
[INFO] Tests run: 7, Failures: 0, Errors: 0, Skipped: 0, Time elapsed: 901,421 s - in org.apache.avro.TestProtocolReflectMeta
[INFO] Running org.apache.avro.TestCompare
[INFO] Tests run: 14, Failures: 0, Errors: 0, Skipped: 0, Time elapsed: 862,773 s - in org.apache.avro.TestCompare
[INFO] Running org.apache.avro.ipc.TestRpcPluginOrdering
[INFO] Tests run: 1, Failures: 0, Errors: 0, Skipped: 0, Time elapsed: 1,040,194 s - in org.apache.avro.ipc.TestRpcPluginOrdering
[INFO] Running org.apache.avro.TestDataFileSpecific
[INFO] Tests run: 1, Failures: 0, Errors: 0, Skipped: 0, Time elapsed: 1,279,170 s - in org.apache.avro.TestDataFileSpecific
[INFO] Running org.apache.avro.ipc.stats.TestStopwatch
[INFO] Tests run: 6, Failures: 0, Errors: 0, Skipped: 0, Time elapsed: 49,260 s - in org.apache.avro.ipc.stats.TestStopwatch
[INFO] Running org.apache.avro.TestNamespaceSpecific
[INFO] Tests run: 2, Failures: 0, Errors: 0, Skipped: 0, Time elapsed: 1,149,993 s - in org.apache.avro.TestNamespaceSpecific
[INFO] Running org.apache.avro.ipc.stats.TestHistogram
[INFO] Tests run: 3, Failures: 0, Errors: 0, Skipped: 0, Time elapsed: 17,998 s - in org.apache.avro.ipc.stats.TestHistogram
[INFO] Running org.apache.avro.TestNamespaceReflect
[INFO] Tests run: 2, Failures: 0, Errors: 0, Skipped: 0, Time elapsed: 870,801 s - in org.apache.avro.TestNamespaceReflect
[INFO] Running org.apache.avro.TestProtocolGeneric
[INFO] Tests run: 7, Failures: 0, Errors: 0, Skipped: 0, Time elapsed: 1,007,934 s - in org.apache.avro.TestProtocolGeneric
[INFO] Running org.apache.avro.specific.TestSpecificRecordBuilder
[WARNING] Tests run: 10, Failures: 0, Errors: 0, Skipped: 3, Time elapsed: 1,045,680 s - in org.apache.avro.specific.TestSpecificRecordBuilder
[INFO] Running org.apache.avro.TestSchema
[INFO] Tests run: 58, Failures: 0, Errors: 0, Skipped: 0, Time elapsed: 1,309,146.112 s - in org.apache.avro.TestSchema
[INFO] Running org.apache.avro.ipc.specific.TestSpecificRequestor
[INFO] Tests run: 3, Failures: 0, Errors: 0, Skipped: 0, Time elapsed: 26,255 s - in org.apache.avro.ipc.specific.TestSpecificRequestor
[INFO] Running org.apache.avro.ipc.TestLocalTransceiver
[INFO] Tests run: 1, Failures: 0, Errors: 0, Skipped: 0, Time elapsed: 767,417 s - in org.apache.avro.ipc.TestLocalTransceiver
[INFO] Running org.apache.avro.generic.TestDeepCopy
[INFO] Tests run: 2, Failures: 0, Errors: 0, Skipped: 0, Time elapsed: 756,667 s - in org.apache.avro.generic.TestDeepCopy
[INFO] Running org.apache.avro.specific.TestSpecificBuilderTree
[INFO] Tests run: 11, Failures: 0, Errors: 0, Skipped: 0, Time elapsed: 846,124 s - in org.apache.avro.specific.TestSpecificBuilderTree
[INFO] Running org.apache.avro.ipc.TestSaslAnonymous
[INFO] Tests run: 8, Failures: 0, Errors: 0, Skipped: 0, Time elapsed: 1,134,947 s - in org.apache.avro.ipc.TestSaslAnonymous
[INFO] Running org.apache.avro.TestProtocolParsing
[INFO] Tests run: 6, Failures: 0, Errors: 0, Skipped: 0, Time elapsed: 664,031 s - in org.apache.avro.TestProtocolParsing
[INFO] Running org.apache.avro.specific.TestSpecificData
[INFO] Tests run: 9, Failures: 0, Errors: 0, Skipped: 0, Time elapsed: 881,511 s - in org.apache.avro.specific.TestSpecificData
[INFO] Running org.apache.avro.compiler.specific.TestSpecificCompiler
[INFO] Tests run: 20, Failures: 0, Errors: 0, Skipped: 0, Time elapsed: -863,311.888 s - in org.apache.avro.compiler.specific.TestSpecificCompiler
[INFO] Running org.apache.avro.TestProtocolSpecific
[INFO] Tests run: 14, Failures: 0, Errors: 0, Skipped: 0, Time elapsed: -1,595,727.296 s - in org.apache.avro.TestProtocolSpecific
[INFO] Running org.apache.avro.specific.TestSpecificErrorBuilder
[INFO] Tests run: 2, Failures: 0, Errors: 0, Skipped: 0, Time elapsed: 655,446 s - in org.apache.avro.specific.TestSpecificErrorBuilder
[INFO] Running org.apache.avro.ipc.TestSaslDigestMd5
[INFO] Tests run: 9, Failures: 0, Errors: 0, Skipped: 0, Time elapsed: 945,764 s - in org.apache.avro.ipc.TestSaslDigestMd5
[INFO] Running org.apache.avro.message.TestCustomSchemaStore
[INFO] Tests run: 2, Failures: 0, Errors: 0, Skipped: 0, Time elapsed: 710,052 s - in org.apache.avro.message.TestCustomSchemaStore
[INFO] Running org.apache.avro.TestProtocolGenericMeta
[INFO] Tests run: 7, Failures: 0, Errors: 0, Skipped: 0, Time elapsed: 879,940 s - in org.apache.avro.TestProtocolGenericMeta
[INFO] Running org.apache.avro.generic.TestBuilderCopy
[INFO] Tests run: 1, Failures: 0, Errors: 0, Skipped: 0, Time elapsed: 822,935 s - in org.apache.avro.generic.TestBuilderCopy
[INFO] Running org.apache.avro.specific.TestSpecificDatumWriter
[INFO] Tests run: 2, Failures: 0, Errors: 0, Skipped: 0, Time elapsed: 782,843 s - in org.apache.avro.specific.TestSpecificDatumWriter
[INFO] Running org.apache.avro.TestProtocolDatagram
[INFO] Tests run: 14, Failures: 0, Errors: 0, Skipped: 0, Time elapsed: -1,789,631.296 s - in org.apache.avro.TestProtocolDatagram
[INFO] Running org.apache.avro.specific.TestSpecificDatumReader
[INFO] Tests run: 2, Failures: 0, Errors: 0, Skipped: 0, Time elapsed: 648,967 s - in org.apache.avro.specific.TestSpecificDatumReader
[INFO] Running org.apache.avro.TestProtocolReflect
[INFO] Tests run: 7, Failures: 0, Errors: 0, Skipped: 0, Time elapsed: 1,203,534 s - in org.apache.avro.TestProtocolReflect
[INFO] Running org.apache.avro.TestProtocolSpecificMeta
[INFO] Tests run: 14, Failures: 0, Errors: 0, Skipped: 0, Time elapsed: -2,003,147.296 s - in org.apache.avro.TestProtocolSpecificMeta
[INFO] 
[INFO] Results:
[INFO] 
[WARNING] Tests run: 245, Failures: 0, Errors: 0, Skipped: 3
[INFO] 
[INFO] 
[INFO] --- maven-checkstyle-plugin:3.1.2:check (checkstyle-check) @ avro-ipc ---
[INFO] Starting audit...
Audit done.
[INFO] You have 0 Checkstyle violations.
[INFO] 
[INFO] -------------------< org.apache.avro:avro-ipc-jetty >-------------------
[INFO] Building Apache Avro IPC Jetty 1.12.0-SNAPSHOT                    [8/24]
[INFO] -------------------------------[ bundle ]-------------------------------
[INFO] 
[INFO] --- maven-enforcer-plugin:3.0.0-M3:enforce (enforce-maven-version) @ avro-ipc-jetty ---
[INFO] 
[INFO] --- maven-enforcer-plugin:3.0.0-M3:enforce (default-cli) @ avro-ipc-jetty ---
[INFO] Adding ignore: module-info
[INFO] Adding ignore: module-info
[INFO] 
[INFO] --- maven-enforcer-plugin:3.0.0-M3:enforce (enforce) @ avro-ipc-jetty ---
[INFO] Adding ignore: module-info
[INFO] 
[INFO] --- maven-enforcer-plugin:3.0.0-M3:enforce (enforce-banned-dependencies) @ avro-ipc-jetty ---
[INFO] 
[INFO] --- maven-remote-resources-plugin:1.7.0:process (process-resource-bundles) @ avro-ipc-jetty ---
[INFO] Preparing remote bundle org.apache:apache-jar-resource-bundle:1.4
[INFO] Copying 3 resources from 1 bundle.
[INFO] 
[INFO] --- maven-resources-plugin:3.1.0:resources (default-resources) @ avro-ipc-jetty ---
[INFO] Using 'UTF-8' encoding to copy filtered resources.
[INFO] skip non existing resourceDirectory /home/target/lang/java/ipc-jetty/src/main/resources
[INFO] Copying 3 resources
[INFO] 
[INFO] --- maven-compiler-plugin:3.8.1:compile (default-compile) @ avro-ipc-jetty ---
[INFO] Nothing to compile - all classes are up to date
[INFO] 
[INFO] --- spotless-maven-plugin:2.11.1:check (spotless-check) @ avro-ipc-jetty ---
[INFO] 
[INFO] --- maven-bundle-plugin:5.1.2:manifest (bundle-manifest) @ avro-ipc-jetty ---
[INFO] 
[INFO] --- maven-resources-plugin:3.1.0:testResources (default-testResources) @ avro-ipc-jetty ---
[INFO] Using 'UTF-8' encoding to copy filtered resources.
[INFO] Copying 1 resource
[INFO] Copying 3 resources
[INFO] 
[INFO] --- maven-compiler-plugin:3.8.1:testCompile (default-testCompile) @ avro-ipc-jetty ---
[INFO] Nothing to compile - all classes are up to date
[INFO] 
[INFO] --- maven-surefire-plugin:3.0.0-M5:test (default-test) @ avro-ipc-jetty ---
[INFO] 
[INFO] -------------------------------------------------------
[INFO]  T E S T S
[INFO] -------------------------------------------------------
[INFO] Running org.apache.avro.ipc.jetty.TestProtocolHttp
[INFO] Tests run: 16, Failures: 0, Errors: 0, Skipped: 0, Time elapsed: 609,809.928 s - in org.apache.avro.ipc.jetty.TestProtocolHttp
[INFO] Running org.apache.avro.ipc.jetty.TestStatsPluginAndServlet
[INFO] Tests run: 3, Failures: 0, Errors: 0, Skipped: 0, Time elapsed: 1,463,422 s - in org.apache.avro.ipc.jetty.TestStatsPluginAndServlet
[INFO] Running org.apache.avro.ipc.jetty.TestBulkData
[INFO] Tests run: 2, Failures: 0, Errors: 0, Skipped: 0, Time elapsed: 1,914,572 s - in org.apache.avro.ipc.jetty.TestBulkData
[INFO] Running org.apache.avro.ipc.jetty.TestProtocolHttps
[INFO] Tests run: 14, Failures: 0, Errors: 0, Skipped: 0, Time elapsed: -1,979,112.736 s - in org.apache.avro.ipc.jetty.TestProtocolHttps
[INFO] 
[INFO] Results:
[INFO] 
[INFO] Tests run: 35, Failures: 0, Errors: 0, Skipped: 0
[INFO] 
[INFO] 
[INFO] --- maven-checkstyle-plugin:3.1.2:check (checkstyle-check) @ avro-ipc-jetty ---
[INFO] Starting audit...
Audit done.
[INFO] You have 0 Checkstyle violations.
[INFO] 
[INFO] -------------------< org.apache.avro:avro-ipc-netty >-------------------
[INFO] Building Apache Avro IPC Netty 1.12.0-SNAPSHOT                    [9/24]
[INFO] -------------------------------[ bundle ]-------------------------------
[INFO] 
[INFO] --- maven-enforcer-plugin:3.0.0-M3:enforce (enforce-maven-version) @ avro-ipc-netty ---
[INFO] 
[INFO] --- maven-enforcer-plugin:3.0.0-M3:enforce (default-cli) @ avro-ipc-netty ---
[INFO] Adding ignore: module-info
[INFO] Adding ignore: module-info
[INFO] 
[INFO] --- maven-enforcer-plugin:3.0.0-M3:enforce (enforce) @ avro-ipc-netty ---
[INFO] Adding ignore: module-info
[INFO] 
[INFO] --- maven-enforcer-plugin:3.0.0-M3:enforce (enforce-banned-dependencies) @ avro-ipc-netty ---
[INFO] 
[INFO] --- maven-remote-resources-plugin:1.7.0:process (process-resource-bundles) @ avro-ipc-netty ---
[INFO] Preparing remote bundle org.apache:apache-jar-resource-bundle:1.4
[INFO] Copying 3 resources from 1 bundle.
[INFO] 
[INFO] --- maven-resources-plugin:3.1.0:resources (default-resources) @ avro-ipc-netty ---
[INFO] Using 'UTF-8' encoding to copy filtered resources.
[INFO] skip non existing resourceDirectory /home/target/lang/java/ipc-netty/src/main/resources
[INFO] Copying 3 resources
[INFO] 
[INFO] --- maven-compiler-plugin:3.8.1:compile (default-compile) @ avro-ipc-netty ---
[INFO] Nothing to compile - all classes are up to date
[INFO] 
[INFO] --- spotless-maven-plugin:2.11.1:check (spotless-check) @ avro-ipc-netty ---
[INFO] 
[INFO] --- maven-bundle-plugin:5.1.2:manifest (bundle-manifest) @ avro-ipc-netty ---
[INFO] 
[INFO] --- maven-resources-plugin:3.1.0:testResources (default-testResources) @ avro-ipc-netty ---
[INFO] Using 'UTF-8' encoding to copy filtered resources.
[INFO] Copying 1 resource
[INFO] Copying 3 resources
[INFO] 
[INFO] --- maven-compiler-plugin:3.8.1:testCompile (default-testCompile) @ avro-ipc-netty ---
[INFO] Nothing to compile - all classes are up to date
[INFO] 
[INFO] --- maven-surefire-plugin:3.0.0-M5:test (default-test) @ avro-ipc-netty ---
[INFO] 
[INFO] -------------------------------------------------------
[INFO]  T E S T S
[INFO] -------------------------------------------------------
[INFO] Running org.apache.avro.ipc.netty.TestNettyServerWithCompression
[INFO] Tests run: 5, Failures: 0, Errors: 0, Skipped: 0, Time elapsed: 197,639.408 s - in org.apache.avro.ipc.netty.TestNettyServerWithCompression
[INFO] Running org.apache.avro.ipc.netty.TestNettyServerConcurrentExecution
[INFO] Tests run: 1, Failures: 0, Errors: 0, Skipped: 0, Time elapsed: 969,529.816 s - in org.apache.avro.ipc.netty.TestNettyServerConcurrentExecution
[INFO] Running org.apache.avro.ipc.netty.TestNettyServerWithCallbacks
[WARNING] Tests run: 11, Failures: 0, Errors: 0, Skipped: 1, Time elapsed: -1,270,580.736 s - in org.apache.avro.ipc.netty.TestNettyServerWithCallbacks
[INFO] Running org.apache.avro.ipc.netty.TestNettyTransceiverWhenFailsToConnect
[INFO] Tests run: 1, Failures: 0, Errors: 0, Skipped: 0, Time elapsed: 692,673 s - in org.apache.avro.ipc.netty.TestNettyTransceiverWhenFailsToConnect
[INFO] Running org.apache.avro.ipc.netty.TestNettyServerWithSSL
[INFO] Tests run: 5, Failures: 0, Errors: 0, Skipped: 0, Time elapsed: 2,042,055.408 s - in org.apache.avro.ipc.netty.TestNettyServerWithSSL
[INFO] Running org.apache.avro.ipc.netty.TestNettyServer
[INFO] Tests run: 5, Failures: 0, Errors: 0, Skipped: 0, Time elapsed: 1,319,578.408 s - in org.apache.avro.ipc.netty.TestNettyServer
[INFO] Running org.apache.avro.ipc.netty.TestProtocolNetty
[INFO] Tests run: 14, Failures: 0, Errors: 0, Skipped: 0, Time elapsed: 1,598,635.112 s - in org.apache.avro.ipc.netty.TestProtocolNetty
[INFO] 
[INFO] Results:
[INFO] 
[WARNING] Tests run: 42, Failures: 0, Errors: 0, Skipped: 1
[INFO] 
[INFO] 
[INFO] --- maven-checkstyle-plugin:3.1.2:check (checkstyle-check) @ avro-ipc-netty ---
[INFO] Starting audit...
Audit done.
[INFO] You have 0 Checkstyle violations.
[INFO] 
[INFO] --------------------< org.apache.avro:trevni-java >---------------------
[INFO] Building Trevni Java 1.12.0-SNAPSHOT                             [10/24]
[INFO] --------------------------------[ pom ]---------------------------------
[INFO] 
[INFO] --- maven-enforcer-plugin:3.0.0-M3:enforce (enforce-maven-version) @ trevni-java ---
[INFO] 
[INFO] --- maven-enforcer-plugin:3.0.0-M3:enforce (default-cli) @ trevni-java ---
[INFO] Adding ignore: module-info
[INFO] Adding ignore: module-info
[INFO] 
[INFO] --- maven-enforcer-plugin:3.0.0-M3:enforce (enforce) @ trevni-java ---
[INFO] Adding ignore: module-info
[INFO] 
[INFO] --- maven-enforcer-plugin:3.0.0-M3:enforce (enforce-banned-dependencies) @ trevni-java ---
[INFO] 
[INFO] --- maven-remote-resources-plugin:1.7.0:process (process-resource-bundles) @ trevni-java ---
[INFO] Preparing remote bundle org.apache:apache-jar-resource-bundle:1.4
[INFO] Copying 3 resources from 1 bundle.
[INFO] 
[INFO] --- spotless-maven-plugin:2.11.1:check (spotless-check) @ trevni-java ---
[INFO] 
[INFO] --- maven-bundle-plugin:5.1.2:manifest (bundle-manifest) @ trevni-java ---
[WARNING] Ignoring project type pom - supportedProjectTypes = [bundle]
[INFO] 
[INFO] --- maven-checkstyle-plugin:3.1.2:check (checkstyle-check) @ trevni-java ---
[INFO] Starting audit...
Audit done.
[INFO] You have 0 Checkstyle violations.
[INFO] 
[INFO] --------------------< org.apache.avro:trevni-core >---------------------
[INFO] Building Trevni Java Core 1.12.0-SNAPSHOT                        [11/24]
[INFO] --------------------------------[ jar ]---------------------------------
[INFO] 
[INFO] --- maven-enforcer-plugin:3.0.0-M3:enforce (enforce-maven-version) @ trevni-core ---
[INFO] 
[INFO] --- maven-enforcer-plugin:3.0.0-M3:enforce (default-cli) @ trevni-core ---
[INFO] Adding ignore: module-info
[INFO] Adding ignore: module-info
[INFO] 
[INFO] --- maven-enforcer-plugin:3.0.0-M3:enforce (enforce) @ trevni-core ---
[INFO] Adding ignore: module-info
[INFO] 
[INFO] --- maven-enforcer-plugin:3.0.0-M3:enforce (enforce-banned-dependencies) @ trevni-core ---
[INFO] 
[INFO] --- maven-remote-resources-plugin:1.7.0:process (process-resource-bundles) @ trevni-core ---
[INFO] Preparing remote bundle org.apache:apache-jar-resource-bundle:1.4
[INFO] Copying 3 resources from 1 bundle.
[INFO] 
[INFO] --- maven-resources-plugin:3.1.0:resources (default-resources) @ trevni-core ---
[INFO] Using 'UTF-8' encoding to copy filtered resources.
[INFO] skip non existing resourceDirectory /home/target/lang/java/trevni/core/src/main/resources
[INFO] Copying 3 resources
[INFO] 
[INFO] --- maven-compiler-plugin:3.8.1:compile (default-compile) @ trevni-core ---
[INFO] Nothing to compile - all classes are up to date
[INFO] 
[INFO] --- spotless-maven-plugin:2.11.1:check (spotless-check) @ trevni-core ---
[INFO] 
[INFO] --- maven-bundle-plugin:5.1.2:manifest (bundle-manifest) @ trevni-core ---
[WARNING] Ignoring project type jar - supportedProjectTypes = [bundle]
[INFO] 
[INFO] --- maven-resources-plugin:3.1.0:testResources (default-testResources) @ trevni-core ---
[INFO] Using 'UTF-8' encoding to copy filtered resources.
[INFO] skip non existing resourceDirectory /home/target/lang/java/trevni/core/src/test/resources
[INFO] Copying 3 resources
[INFO] 
[INFO] --- maven-compiler-plugin:3.8.1:testCompile (default-testCompile) @ trevni-core ---
[INFO] Nothing to compile - all classes are up to date
[INFO] 
[INFO] --- maven-surefire-plugin:3.0.0-M5:test (default-test) @ trevni-core ---
[INFO] 
[INFO] -------------------------------------------------------
[INFO]  T E S T S
[INFO] -------------------------------------------------------
[INFO] Running org.apache.trevni.TestAllCodecs
[INFO] Tests run: 8, Failures: 0, Errors: 0, Skipped: 0, Time elapsed: 1,066,460 s - in org.apache.trevni.TestAllCodecs
[INFO] Running org.apache.trevni.TestInputBytes
[INFO] Tests run: 1, Failures: 0, Errors: 0, Skipped: 0, Time elapsed: 301 s - in org.apache.trevni.TestInputBytes
[INFO] Running org.apache.trevni.TestUtil
[INFO] Tests run: 1, Failures: 0, Errors: 0, Skipped: 0, Time elapsed: 58,290 s - in org.apache.trevni.TestUtil
[INFO] Running org.apache.trevni.TestIOBuffers
[INFO] Tests run: 22, Failures: 0, Errors: 0, Skipped: 0, Time elapsed: 176,197 s - in org.apache.trevni.TestIOBuffers
[INFO] Running org.apache.trevni.TestColumnFile
[INFO] Tests run: 24, Failures: 0, Errors: 0, Skipped: 0, Time elapsed: 114,474.704 s - in org.apache.trevni.TestColumnFile
[INFO] 
[INFO] Results:
[INFO] 
[INFO] Tests run: 56, Failures: 0, Errors: 0, Skipped: 0
[INFO] 
[INFO] 
[INFO] --- maven-checkstyle-plugin:3.1.2:check (checkstyle-check) @ trevni-core ---
[INFO] Starting audit...
Audit done.
[INFO] You have 0 Checkstyle violations.
[INFO] 
[INFO] --------------------< org.apache.avro:avro-mapred >---------------------
[INFO] Building Apache Avro Mapred API 1.12.0-SNAPSHOT                  [12/24]
[INFO] -------------------------------[ bundle ]-------------------------------
[INFO] 
[INFO] --- maven-enforcer-plugin:3.0.0-M3:enforce (enforce-maven-version) @ avro-mapred ---
[INFO] 
[INFO] --- maven-enforcer-plugin:3.0.0-M3:enforce (default-cli) @ avro-mapred ---
[INFO] Adding ignore: module-info
[INFO] Adding ignore: module-info
[INFO] 
[INFO] --- maven-enforcer-plugin:3.0.0-M3:enforce (enforce) @ avro-mapred ---
[INFO] Adding ignore: module-info
[INFO] 
[INFO] --- maven-enforcer-plugin:3.0.0-M3:enforce (enforce-banned-dependencies) @ avro-mapred ---
[INFO] 
[INFO] --- avro-maven-plugin:1.12.0-SNAPSHOT:schema (default) @ avro-mapred ---
[INFO] 
[INFO] --- avro-maven-plugin:1.12.0-SNAPSHOT:schema (test-schemas) @ avro-mapred ---
[INFO] 
[INFO] --- avro-maven-plugin:1.12.0-SNAPSHOT:protocol (test-schemas) @ avro-mapred ---
[INFO] 
[INFO] --- avro-maven-plugin:1.12.0-SNAPSHOT:protocol (mapred-schema) @ avro-mapred ---
[INFO] 
[INFO] --- build-helper-maven-plugin:3.2.0:add-source (add-source) @ avro-mapred ---
[INFO] Source directory: /home/target/lang/java/mapred/target/generated-sources/java added.
[INFO] 
[INFO] --- maven-remote-resources-plugin:1.7.0:process (process-resource-bundles) @ avro-mapred ---
[INFO] Preparing remote bundle org.apache:apache-jar-resource-bundle:1.4
[INFO] Copying 3 resources from 1 bundle.
[INFO] 
[INFO] --- maven-resources-plugin:3.1.0:resources (default-resources) @ avro-mapred ---
[INFO] Using 'UTF-8' encoding to copy filtered resources.
[INFO] Copying 0 resource
[INFO] Copying 3 resources
[INFO] 
[INFO] --- maven-compiler-plugin:3.8.1:compile (default-compile) @ avro-mapred ---
[INFO] Nothing to compile - all classes are up to date
[INFO] 
[INFO] --- spotless-maven-plugin:2.11.1:check (spotless-check) @ avro-mapred ---
[INFO] 
[INFO] --- maven-bundle-plugin:5.1.2:manifest (bundle-manifest) @ avro-mapred ---
[INFO] 
[INFO] --- build-helper-maven-plugin:3.2.0:add-test-source (add-test-source) @ avro-mapred ---
[INFO] Test Source directory: /home/target/lang/java/mapred/target/generated-test-sources/java added.
[INFO] Test Source directory: /home/target/lang/java/mapred/target/generated-test-sources/avro added.
[INFO] 
[INFO] --- maven-resources-plugin:3.1.0:testResources (default-testResources) @ avro-mapred ---
[INFO] Using 'UTF-8' encoding to copy filtered resources.
[INFO] Copying 5 resources
[INFO] Copying 3 resources
[INFO] 
[INFO] --- maven-compiler-plugin:3.8.1:testCompile (default-testCompile) @ avro-mapred ---
[INFO] Nothing to compile - all classes are up to date
[INFO] 
[INFO] --- maven-surefire-plugin:3.0.0-M5:test (default-test) @ avro-mapred ---
[INFO] 
[INFO] -------------------------------------------------------
[INFO]  T E S T S
[INFO] -------------------------------------------------------
[INFO] Running org.apache.avro.mapred.TestAvroMultipleInputs
[INFO] Tests run: 1, Failures: 0, Errors: 0, Skipped: 0, Time elapsed: -2,092,479.592 s - in org.apache.avro.mapred.TestAvroMultipleInputs
[INFO] Running org.apache.avro.mapreduce.TestWordCount
[INFO] Tests run: 7, Failures: 0, Errors: 0, Skipped: 0, Time elapsed: 2,010,122.928 s - in org.apache.avro.mapreduce.TestWordCount
[INFO] Running org.apache.avro.mapred.TestAvroOutputFormat
[INFO] Tests run: 9, Failures: 0, Errors: 0, Skipped: 0, Time elapsed: 904,669 s - in org.apache.avro.mapred.TestAvroOutputFormat
[INFO] Running org.apache.avro.mapred.TestAvroTextSort
[INFO] Tests run: 1, Failures: 0, Errors: 0, Skipped: 0, Time elapsed: -1,452,883.592 s - in org.apache.avro.mapred.TestAvroTextSort
[INFO] Running org.apache.avro.hadoop.util.TestAvroCharSequenceComparator
[INFO] Tests run: 3, Failures: 0, Errors: 0, Skipped: 0, Time elapsed: 57,140 s - in org.apache.avro.hadoop.util.TestAvroCharSequenceComparator
[INFO] Running org.apache.avro.mapred.TestSequenceFileReader
[INFO] Tests run: 5, Failures: 0, Errors: 0, Skipped: 0, Time elapsed: 1,901,370.816 s - in org.apache.avro.mapred.TestSequenceFileReader
[INFO] Running org.apache.avro.mapred.TestReflectJob
[INFO] Tests run: 1, Failures: 0, Errors: 0, Skipped: 0, Time elapsed: -1,112,465.592 s - in org.apache.avro.mapred.TestReflectJob
[INFO] Running org.apache.avro.hadoop.file.TestHadoopCodecFactory
[INFO] Tests run: 5, Failures: 0, Errors: 0, Skipped: 0, Time elapsed: 269,351 s - in org.apache.avro.hadoop.file.TestHadoopCodecFactory
[INFO] Running org.apache.avro.mapreduce.TestAvroKeyRecordWriter
[INFO] Tests run: 2, Failures: 0, Errors: 0, Skipped: 0, Time elapsed: 1,941,312 s - in org.apache.avro.mapreduce.TestAvroKeyRecordWriter
[INFO] Running org.apache.avro.mapreduce.TestAvroKeyValueRecordWriter
[INFO] Tests run: 3, Failures: 0, Errors: 0, Skipped: 0, Time elapsed: -1,984,289.296 s - in org.apache.avro.mapreduce.TestAvroKeyValueRecordWriter
[INFO] Running org.apache.avro.mapred.tether.TestWordCountTether
[ERROR] Tests run: 2, Failures: 0, Errors: 2, Skipped: 0, Time elapsed: -1,364,214.888 s <<< FAILURE! - in org.apache.avro.mapred.tether.TestWordCountTether
[ERROR] org.apache.avro.mapred.tether.TestWordCountTether.testJob  Time elapsed: -1,256,722.592 s  <<< ERROR!
java.io.IOException: Job failed!
	at org.apache.hadoop.mapred.JobClient.runJob(JobClient.java:876)
	at org.apache.avro.mapred.tether.TetherJob.runJob(TetherJob.java:114)
	at org.apache.avro.mapred.tether.TestWordCountTether._runjob(TestWordCountTether.java:93)
	at org.apache.avro.mapred.tether.TestWordCountTether.testJob(TestWordCountTether.java:118)
	at sun.reflect.NativeMethodAccessorImpl.invoke0(Native Method)
	at sun.reflect.NativeMethodAccessorImpl.invoke(NativeMethodAccessorImpl.java:62)
	at sun.reflect.DelegatingMethodAccessorImpl.invoke(DelegatingMethodAccessorImpl.java:43)
	at java.lang.reflect.Method.invoke(Method.java:498)
	at org.junit.runners.model.FrameworkMethod$1.runReflectiveCall(FrameworkMethod.java:59)
	at org.junit.internal.runners.model.ReflectiveCallable.run(ReflectiveCallable.java:12)
	at org.junit.runners.model.FrameworkMethod.invokeExplosively(FrameworkMethod.java:56)
	at org.junit.internal.runners.statements.InvokeMethod.evaluate(InvokeMethod.java:17)
	at org.junit.rules.ExternalResource$1.evaluate(ExternalResource.java:54)
	at org.junit.rules.ExternalResource$1.evaluate(ExternalResource.java:54)
	at org.junit.runners.ParentRunner$3.evaluate(ParentRunner.java:306)
	at org.junit.runners.BlockJUnit4ClassRunner$1.evaluate(BlockJUnit4ClassRunner.java:100)
	at org.junit.runners.ParentRunner.runLeaf(ParentRunner.java:366)
	at org.junit.runners.BlockJUnit4ClassRunner.runChild(BlockJUnit4ClassRunner.java:103)
	at org.junit.runners.BlockJUnit4ClassRunner.runChild(BlockJUnit4ClassRunner.java:63)
	at org.junit.runners.ParentRunner$4.run(ParentRunner.java:331)
	at org.junit.runners.ParentRunner$1.schedule(ParentRunner.java:79)
	at org.junit.runners.ParentRunner.runChildren(ParentRunner.java:329)
	at org.junit.runners.ParentRunner.access$100(ParentRunner.java:66)
	at org.junit.runners.ParentRunner$2.evaluate(ParentRunner.java:293)
	at org.junit.runners.ParentRunner$3.evaluate(ParentRunner.java:306)
	at org.junit.runners.ParentRunner.run(ParentRunner.java:413)
	at org.junit.runners.Suite.runChild(Suite.java:128)
	at org.junit.runners.Suite.runChild(Suite.java:27)
	at org.junit.runners.ParentRunner$4.run(ParentRunner.java:331)
	at org.junit.runners.ParentRunner$1.schedule(ParentRunner.java:79)
	at org.junit.runners.ParentRunner.runChildren(ParentRunner.java:329)
	at org.junit.runners.ParentRunner.access$100(ParentRunner.java:66)
	at org.junit.runners.ParentRunner$2.evaluate(ParentRunner.java:293)
	at org.junit.runners.ParentRunner$3.evaluate(ParentRunner.java:306)
	at org.junit.runners.ParentRunner.run(ParentRunner.java:413)
	at org.apache.maven.surefire.junitcore.JUnitCore.run(JUnitCore.java:55)
	at org.apache.maven.surefire.junitcore.JUnitCoreWrapper.createRequestAndRun(JUnitCoreWrapper.java:137)
	at org.apache.maven.surefire.junitcore.JUnitCoreWrapper.executeEager(JUnitCoreWrapper.java:107)
	at org.apache.maven.surefire.junitcore.JUnitCoreWrapper.execute(JUnitCoreWrapper.java:83)
	at org.apache.maven.surefire.junitcore.JUnitCoreWrapper.execute(JUnitCoreWrapper.java:75)
	at org.apache.maven.surefire.junitcore.JUnitCoreProvider.invoke(JUnitCoreProvider.java:157)
	at org.apache.maven.surefire.booter.ForkedBooter.runSuitesInProcess(ForkedBooter.java:428)
	at org.apache.maven.surefire.booter.ForkedBooter.execute(ForkedBooter.java:162)
	at org.apache.maven.surefire.booter.ForkedBooter.run(ForkedBooter.java:562)
	at org.apache.maven.surefire.booter.ForkedBooter.main(ForkedBooter.java:548)

[ERROR] org.apache.avro.mapred.tether.TestWordCountTether.testhtp  Time elapsed: -126,967.296 s  <<< ERROR!
java.io.IOException: Job failed!
	at org.apache.hadoop.mapred.JobClient.runJob(JobClient.java:876)
	at org.apache.avro.mapred.tether.TetherJob.runJob(TetherJob.java:114)
	at org.apache.avro.mapred.tether.TestWordCountTether._runjob(TestWordCountTether.java:93)
	at org.apache.avro.mapred.tether.TestWordCountTether.testhtp(TestWordCountTether.java:129)
	at sun.reflect.NativeMethodAccessorImpl.invoke0(Native Method)
	at sun.reflect.NativeMethodAccessorImpl.invoke(NativeMethodAccessorImpl.java:62)
	at sun.reflect.DelegatingMethodAccessorImpl.invoke(DelegatingMethodAccessorImpl.java:43)
	at java.lang.reflect.Method.invoke(Method.java:498)
	at org.junit.runners.model.FrameworkMethod$1.runReflectiveCall(FrameworkMethod.java:59)
	at org.junit.internal.runners.model.ReflectiveCallable.run(ReflectiveCallable.java:12)
	at org.junit.runners.model.FrameworkMethod.invokeExplosively(FrameworkMethod.java:56)
	at org.junit.internal.runners.statements.InvokeMethod.evaluate(InvokeMethod.java:17)
	at org.junit.rules.ExternalResource$1.evaluate(ExternalResource.java:54)
	at org.junit.rules.ExternalResource$1.evaluate(ExternalResource.java:54)
	at org.junit.runners.ParentRunner$3.evaluate(ParentRunner.java:306)
	at org.junit.runners.BlockJUnit4ClassRunner$1.evaluate(BlockJUnit4ClassRunner.java:100)
	at org.junit.runners.ParentRunner.runLeaf(ParentRunner.java:366)
	at org.junit.runners.BlockJUnit4ClassRunner.runChild(BlockJUnit4ClassRunner.java:103)
	at org.junit.runners.BlockJUnit4ClassRunner.runChild(BlockJUnit4ClassRunner.java:63)
	at org.junit.runners.ParentRunner$4.run(ParentRunner.java:331)
	at org.junit.runners.ParentRunner$1.schedule(ParentRunner.java:79)
	at org.junit.runners.ParentRunner.runChildren(ParentRunner.java:329)
	at org.junit.runners.ParentRunner.access$100(ParentRunner.java:66)
	at org.junit.runners.ParentRunner$2.evaluate(ParentRunner.java:293)
	at org.junit.runners.ParentRunner$3.evaluate(ParentRunner.java:306)
	at org.junit.runners.ParentRunner.run(ParentRunner.java:413)
	at org.junit.runners.Suite.runChild(Suite.java:128)
	at org.junit.runners.Suite.runChild(Suite.java:27)
	at org.junit.runners.ParentRunner$4.run(ParentRunner.java:331)
	at org.junit.runners.ParentRunner$1.schedule(ParentRunner.java:79)
	at org.junit.runners.ParentRunner.runChildren(ParentRunner.java:329)
	at org.junit.runners.ParentRunner.access$100(ParentRunner.java:66)
	at org.junit.runners.ParentRunner$2.evaluate(ParentRunner.java:293)
	at org.junit.runners.ParentRunner$3.evaluate(ParentRunner.java:306)
	at org.junit.runners.ParentRunner.run(ParentRunner.java:413)
	at org.apache.maven.surefire.junitcore.JUnitCore.run(JUnitCore.java:55)
	at org.apache.maven.surefire.junitcore.JUnitCoreWrapper.createRequestAndRun(JUnitCoreWrapper.java:137)
	at org.apache.maven.surefire.junitcore.JUnitCoreWrapper.executeEager(JUnitCoreWrapper.java:107)
	at org.apache.maven.surefire.junitcore.JUnitCoreWrapper.execute(JUnitCoreWrapper.java:83)
	at org.apache.maven.surefire.junitcore.JUnitCoreWrapper.execute(JUnitCoreWrapper.java:75)
	at org.apache.maven.surefire.junitcore.JUnitCoreProvider.invoke(JUnitCoreProvider.java:157)
	at org.apache.maven.surefire.booter.ForkedBooter.runSuitesInProcess(ForkedBooter.java:428)
	at org.apache.maven.surefire.booter.ForkedBooter.execute(ForkedBooter.java:162)
	at org.apache.maven.surefire.booter.ForkedBooter.run(ForkedBooter.java:562)
	at org.apache.maven.surefire.booter.ForkedBooter.main(ForkedBooter.java:548)

[INFO] Running org.apache.avro.mapred.TestAvroMultipleOutputs
[INFO] Tests run: 1, Failures: 0, Errors: 0, Skipped: 0, Time elapsed: -795,788.888 s - in org.apache.avro.mapred.TestAvroMultipleOutputs
[INFO] Running org.apache.avro.mapred.TestWeather
[INFO] Tests run: 2, Failures: 0, Errors: 0, Skipped: 0, Time elapsed: -258,224.888 s - in org.apache.avro.mapred.TestWeather
[INFO] Running org.apache.avro.mapreduce.TestFsInput
[INFO] Tests run: 6, Failures: 0, Errors: 0, Skipped: 0, Time elapsed: 1,776,779 s - in org.apache.avro.mapreduce.TestFsInput
[INFO] Running org.apache.avro.mapred.TestPair
[INFO] Tests run: 1, Failures: 0, Errors: 0, Skipped: 0, Time elapsed: 573,046 s - in org.apache.avro.mapred.TestPair
[INFO] Running org.apache.avro.mapreduce.TestAvroKeyInputFormat
[INFO] Tests run: 1, Failures: 0, Errors: 0, Skipped: 0, Time elapsed: 1,597,271 s - in org.apache.avro.mapreduce.TestAvroKeyInputFormat
[INFO] Running org.apache.avro.mapreduce.TestKeyValueInput
[INFO] Tests run: 2, Failures: 0, Errors: 0, Skipped: 0, Time elapsed: -1,232,675.888 s - in org.apache.avro.mapreduce.TestKeyValueInput
[INFO] Running org.apache.avro.mapred.TestAvroTextOutputFormat
[INFO] Tests run: 1, Failures: 0, Errors: 0, Skipped: 0, Time elapsed: 762,710 s - in org.apache.avro.mapred.TestAvroTextOutputFormat
[INFO] Running org.apache.avro.hadoop.io.TestAvroKeyDeserializer
[INFO] Tests run: 1, Failures: 0, Errors: 0, Skipped: 0, Time elapsed: 509,554 s - in org.apache.avro.hadoop.io.TestAvroKeyDeserializer
[INFO] Running org.apache.avro.mapreduce.TestKeyValueWordCount
[INFO] Tests run: 1, Failures: 0, Errors: 0, Skipped: 0, Time elapsed: 1,049,024.704 s - in org.apache.avro.mapreduce.TestKeyValueWordCount
[INFO] Running org.apache.avro.mapreduce.TestAvroKeyValueRecordReader
[INFO] Tests run: 1, Failures: 0, Errors: 0, Skipped: 0, Time elapsed: 1,158,488 s - in org.apache.avro.mapreduce.TestAvroKeyValueRecordReader
[INFO] Running org.apache.avro.mapreduce.TestCombineAvroKeyValueFileInputFormat
[INFO] Tests run: 1, Failures: 0, Errors: 0, Skipped: 0, Time elapsed: -2,099,766.592 s - in org.apache.avro.mapreduce.TestCombineAvroKeyValueFileInputFormat
[INFO] Running org.apache.avro.hadoop.io.TestAvroSerializer
[INFO] Tests run: 1, Failures: 0, Errors: 0, Skipped: 0, Time elapsed: 552,009 s - in org.apache.avro.hadoop.io.TestAvroSerializer
[INFO] Running org.apache.avro.hadoop.io.TestAvroSerialization
[INFO] Tests run: 7, Failures: 0, Errors: 0, Skipped: 0, Time elapsed: 1,420,242 s - in org.apache.avro.hadoop.io.TestAvroSerialization
[INFO] Running org.apache.avro.hadoop.file.TestSortedKeyValueFile
[INFO] Tests run: 7, Failures: 0, Errors: 0, Skipped: 0, Time elapsed: -1,927,348.296 s - in org.apache.avro.hadoop.file.TestSortedKeyValueFile
[INFO] Running org.apache.avro.mapreduce.TestAvroMultipleOutputsSyncable
[INFO] Tests run: 4, Failures: 0, Errors: 0, Skipped: 0, Time elapsed: -1,620,597.48 s - in org.apache.avro.mapreduce.TestAvroMultipleOutputsSyncable
[INFO] Running org.apache.avro.mapred.TestGenericJob
[INFO] Tests run: 1, Failures: 0, Errors: 0, Skipped: 0, Time elapsed: -2,081,019.592 s - in org.apache.avro.mapred.TestGenericJob
[INFO] Running org.apache.avro.hadoop.io.TestAvroDatumConverterFactory
[INFO] Tests run: 11, Failures: 0, Errors: 0, Skipped: 0, Time elapsed: 1,586,375 s - in org.apache.avro.hadoop.io.TestAvroDatumConverterFactory
[INFO] Running org.apache.avro.mapreduce.TestAvroKeyOutputFormat
[INFO] Tests run: 8, Failures: 0, Errors: 0, Skipped: 0, Time elapsed: -1,700,591.296 s - in org.apache.avro.mapreduce.TestAvroKeyOutputFormat
[INFO] Running org.apache.avro.mapreduce.TestAvroMultipleOutputs
[INFO] Tests run: 4, Failures: 0, Errors: 0, Skipped: 0, Time elapsed: 1,748,880.816 s - in org.apache.avro.mapreduce.TestAvroMultipleOutputs
[INFO] Running org.apache.avro.mapred.TestAvroWrapper
[INFO] Tests run: 1, Failures: 0, Errors: 0, Skipped: 0, Time elapsed: 7,162 s - in org.apache.avro.mapred.TestAvroWrapper
[INFO] Running org.apache.avro.mapred.TestAvroInputFormat
[INFO] Tests run: 1, Failures: 0, Errors: 0, Skipped: 0, Time elapsed: 1,620,086 s - in org.apache.avro.mapred.TestAvroInputFormat
[INFO] Running org.apache.avro.mapreduce.TestAvroKeyRecordReader
[INFO] Tests run: 1, Failures: 0, Errors: 0, Skipped: 0, Time elapsed: 1,216,385 s - in org.apache.avro.mapreduce.TestAvroKeyRecordReader
[INFO] Running org.apache.avro.mapred.TestWordCount
[INFO] Tests run: 1, Failures: 0, Errors: 0, Skipped: 0, Time elapsed: -1,847,374.592 s - in org.apache.avro.mapred.TestWordCount
[INFO] Running org.apache.avro.hadoop.io.TestAvroValueDeserializer
[INFO] Tests run: 1, Failures: 0, Errors: 0, Skipped: 0, Time elapsed: 746,167 s - in org.apache.avro.hadoop.io.TestAvroValueDeserializer
[INFO] Running org.apache.avro.hadoop.io.TestAvroSequenceFile
[INFO] Tests run: 3, Failures: 0, Errors: 0, Skipped: 0, Time elapsed: 1,991,654 s - in org.apache.avro.hadoop.io.TestAvroSequenceFile
[INFO] 
[INFO] Results:
[INFO] 
[ERROR] Errors: 
[ERROR]   TestWordCountTether.testJob:118->_runjob:93 » IO Job failed!
[ERROR]   TestWordCountTether.testhtp:129->_runjob:93 » IO Job failed!
[INFO] 
[ERROR] Tests run: 108, Failures: 0, Errors: 2, Skipped: 0
[INFO] 
[INFO] 
[INFO] ------------------------------------------------------------------------
[INFO] Skipping Trevni Java Avro
[INFO] This project has been banned from the build due to previous failures.
[INFO] ------------------------------------------------------------------------
[INFO] 
[INFO] ---------------------< org.apache.avro:trevni-doc >---------------------
[INFO] Building Trevni Specification 1.12.0-SNAPSHOT                    [13/24]
[INFO] --------------------------------[ pom ]---------------------------------
[INFO] 
[INFO] --- maven-enforcer-plugin:3.0.0-M3:enforce (enforce-maven-version) @ trevni-doc ---
[INFO] 
[INFO] --- maven-enforcer-plugin:3.0.0-M3:enforce (default-cli) @ trevni-doc ---
[INFO] Adding ignore: module-info
[INFO] Adding ignore: module-info
[INFO] 
[INFO] --- maven-enforcer-plugin:3.0.0-M3:enforce (enforce) @ trevni-doc ---
[INFO] Adding ignore: module-info
[INFO] 
[INFO] --- maven-enforcer-plugin:3.0.0-M3:enforce (enforce-banned-dependencies) @ trevni-doc ---
[INFO] 
[INFO] --- maven-remote-resources-plugin:1.7.0:process (process-resource-bundles) @ trevni-doc ---
[INFO] Preparing remote bundle org.apache:apache-jar-resource-bundle:1.4
[INFO] Copying 3 resources from 1 bundle.
[INFO] 
[INFO] --- spotless-maven-plugin:2.11.1:check (spotless-check) @ trevni-doc ---
[INFO] 
[INFO] --- maven-bundle-plugin:5.1.2:manifest (bundle-manifest) @ trevni-doc ---
[WARNING] Ignoring project type pom - supportedProjectTypes = [bundle]
[INFO] 
[INFO] --- maven-checkstyle-plugin:3.1.2:check (checkstyle-check) @ trevni-doc ---
[INFO] Starting audit...
Audit done.
[INFO] You have 0 Checkstyle violations.
[INFO] 
[INFO] ------------------------------------------------------------------------
[INFO] Skipping Apache Avro Tools
[INFO] This project has been banned from the build due to previous failures.
[INFO] ------------------------------------------------------------------------
[INFO] 
[INFO] -------------------< org.apache.avro:avro-protobuf >--------------------
[INFO] Building Apache Avro Protobuf Compatibility 1.12.0-SNAPSHOT      [14/24]
[INFO] -------------------------------[ bundle ]-------------------------------
[INFO] 
[INFO] --- maven-enforcer-plugin:3.0.0-M3:enforce (enforce-maven-version) @ avro-protobuf ---
[INFO] 
[INFO] --- maven-enforcer-plugin:3.0.0-M3:enforce (default-cli) @ avro-protobuf ---
[INFO] Adding ignore: module-info
[INFO] Adding ignore: module-info
[INFO] 
[INFO] --- maven-enforcer-plugin:3.0.0-M3:enforce (enforce) @ avro-protobuf ---
[INFO] Adding ignore: module-info
[INFO] 
[INFO] --- maven-enforcer-plugin:3.0.0-M3:enforce (enforce-banned-dependencies) @ avro-protobuf ---
[INFO] 
[INFO] --- maven-remote-resources-plugin:1.7.0:process (process-resource-bundles) @ avro-protobuf ---
[INFO] Preparing remote bundle org.apache:apache-jar-resource-bundle:1.4
[INFO] Copying 3 resources from 1 bundle.
[INFO] 
[INFO] --- maven-resources-plugin:3.1.0:resources (default-resources) @ avro-protobuf ---
[INFO] Using 'UTF-8' encoding to copy filtered resources.
[INFO] skip non existing resourceDirectory /home/target/lang/java/protobuf/src/main/resources
[INFO] Copying 3 resources
[INFO] 
[INFO] --- maven-compiler-plugin:3.8.1:compile (default-compile) @ avro-protobuf ---
[INFO] Nothing to compile - all classes are up to date
[INFO] 
[INFO] --- spotless-maven-plugin:2.11.1:check (spotless-check) @ avro-protobuf ---
[INFO] 
[INFO] --- maven-bundle-plugin:5.1.2:manifest (bundle-manifest) @ avro-protobuf ---
[INFO] 
[INFO] --- maven-resources-plugin:3.1.0:testResources (default-testResources) @ avro-protobuf ---
[INFO] Using 'UTF-8' encoding to copy filtered resources.
[INFO] skip non existing resourceDirectory /home/target/lang/java/protobuf/src/test/resources
[INFO] Copying 3 resources
[INFO] 
[INFO] --- maven-compiler-plugin:3.8.1:testCompile (default-testCompile) @ avro-protobuf ---
[INFO] Nothing to compile - all classes are up to date
[INFO] 
[INFO] --- maven-surefire-plugin:3.0.0-M5:test (default-test) @ avro-protobuf ---
[INFO] 
[INFO] -------------------------------------------------------
[INFO]  T E S T S
[INFO] -------------------------------------------------------
[INFO] Running org.apache.avro.protobuf.TestProtoConversions
[INFO] Tests run: 8, Failures: 0, Errors: 0, Skipped: 0, Time elapsed: 77,514 s - in org.apache.avro.protobuf.TestProtoConversions
[INFO] Running org.apache.avro.protobuf.TestProtobuf
[INFO] Tests run: 7, Failures: 0, Errors: 0, Skipped: 0, Time elapsed: 682,311 s - in org.apache.avro.protobuf.TestProtobuf
[INFO] 
[INFO] Results:
[INFO] 
[INFO] Tests run: 15, Failures: 0, Errors: 0, Skipped: 0
[INFO] 
[INFO] 
[INFO] --- maven-checkstyle-plugin:3.1.2:check (checkstyle-check) @ avro-protobuf ---
[INFO] Starting audit...
Audit done.
[INFO] You have 0 Checkstyle violations.
[INFO] 
[INFO] --------------------< org.apache.avro:avro-thrift >---------------------
[INFO] Building Apache Avro Thrift Compatibility 1.12.0-SNAPSHOT        [15/24]
[INFO] -------------------------------[ bundle ]-------------------------------
[INFO] 
[INFO] --- maven-enforcer-plugin:3.0.0-M3:enforce (enforce-maven-version) @ avro-thrift ---
[INFO] 
[INFO] --- maven-enforcer-plugin:3.0.0-M3:enforce (default-cli) @ avro-thrift ---
[INFO] Adding ignore: module-info
[INFO] Adding ignore: module-info
[INFO] 
[INFO] --- maven-enforcer-plugin:3.0.0-M3:enforce (enforce) @ avro-thrift ---
[INFO] Adding ignore: module-info
[INFO] 
[INFO] --- maven-enforcer-plugin:3.0.0-M3:enforce (enforce-banned-dependencies) @ avro-thrift ---
[INFO] 
[INFO] --- maven-remote-resources-plugin:1.7.0:process (process-resource-bundles) @ avro-thrift ---
[INFO] Preparing remote bundle org.apache:apache-jar-resource-bundle:1.4
[INFO] Copying 3 resources from 1 bundle.
[INFO] 
[INFO] --- maven-resources-plugin:3.1.0:resources (default-resources) @ avro-thrift ---
[INFO] Using 'UTF-8' encoding to copy filtered resources.
[INFO] skip non existing resourceDirectory /home/target/lang/java/thrift/src/main/resources
[INFO] Copying 3 resources
[INFO] 
[INFO] --- maven-compiler-plugin:3.8.1:compile (default-compile) @ avro-thrift ---
[INFO] Nothing to compile - all classes are up to date
[INFO] 
[INFO] --- spotless-maven-plugin:2.11.1:check (spotless-check) @ avro-thrift ---
[INFO] 
[INFO] --- maven-bundle-plugin:5.1.2:manifest (bundle-manifest) @ avro-thrift ---
[INFO] 
[INFO] --- maven-resources-plugin:3.1.0:testResources (default-testResources) @ avro-thrift ---
[INFO] Using 'UTF-8' encoding to copy filtered resources.
[INFO] skip non existing resourceDirectory /home/target/lang/java/thrift/src/test/resources
[INFO] Copying 3 resources
[INFO] 
[INFO] --- maven-compiler-plugin:3.8.1:testCompile (default-testCompile) @ avro-thrift ---
[INFO] Nothing to compile - all classes are up to date
[INFO] 
[INFO] --- maven-surefire-plugin:3.0.0-M5:test (default-test) @ avro-thrift ---
[INFO] 
[INFO] -------------------------------------------------------
[INFO]  T E S T S
[INFO] -------------------------------------------------------
[INFO] Running org.apache.avro.thrift.TestThrift
[INFO] Tests run: 2, Failures: 0, Errors: 0, Skipped: 0, Time elapsed: 457,924 s - in org.apache.avro.thrift.TestThrift
[INFO] 
[INFO] Results:
[INFO] 
[INFO] Tests run: 2, Failures: 0, Errors: 0, Skipped: 0
[INFO] 
[INFO] 
[INFO] --- maven-checkstyle-plugin:3.1.2:check (checkstyle-check) @ avro-thrift ---
[INFO] Starting audit...
Audit done.
[INFO] You have 0 Checkstyle violations.
[INFO] 
[INFO] ---------------< org.apache.avro:avro-archetypes-parent >---------------
[INFO] Building Apache Avro Maven Archetypes 1.12.0-SNAPSHOT            [16/24]
[INFO] --------------------------------[ pom ]---------------------------------
[INFO] 
[INFO] --- maven-enforcer-plugin:3.0.0-M3:enforce (enforce-maven-version) @ avro-archetypes-parent ---
[INFO] 
[INFO] --- maven-enforcer-plugin:3.0.0-M3:enforce (default-cli) @ avro-archetypes-parent ---
[INFO] Adding ignore: module-info
[INFO] Adding ignore: module-info
[INFO] 
[INFO] --- maven-enforcer-plugin:3.0.0-M3:enforce (enforce) @ avro-archetypes-parent ---
[INFO] Adding ignore: module-info
[INFO] 
[INFO] --- maven-enforcer-plugin:3.0.0-M3:enforce (enforce-banned-dependencies) @ avro-archetypes-parent ---
[INFO] 
[INFO] --- maven-remote-resources-plugin:1.7.0:process (process-resource-bundles) @ avro-archetypes-parent ---
[INFO] Preparing remote bundle org.apache:apache-jar-resource-bundle:1.4
[INFO] Copying 3 resources from 1 bundle.
[INFO] 
[INFO] --- maven-resources-plugin:3.1.0:copy-resources (copy-pom-with-building-version) @ avro-archetypes-parent ---
[INFO] Using 'UTF-8' encoding to copy filtered resources.
[INFO] skip non existing resourceDirectory /home/target/lang/java/archetypes/src/main/pom
[INFO] 
[INFO] --- spotless-maven-plugin:2.11.1:check (spotless-check) @ avro-archetypes-parent ---
[INFO] 
[INFO] --- maven-bundle-plugin:5.1.2:manifest (bundle-manifest) @ avro-archetypes-parent ---
[WARNING] Ignoring project type pom - supportedProjectTypes = [bundle]
[INFO] 
[INFO] --- maven-checkstyle-plugin:3.1.2:check (checkstyle-check) @ avro-archetypes-parent ---
[INFO] Starting audit...
Audit done.
[INFO] You have 0 Checkstyle violations.
[INFO] 
[INFO] ---------------< org.apache.avro:avro-service-archetype >---------------
[INFO] Building Apache Avro Maven Service Archetype 1.12.0-SNAPSHOT     [17/24]
[INFO] --------------------------[ maven-archetype ]---------------------------
[INFO] 
[INFO] --- maven-enforcer-plugin:3.0.0-M3:enforce (enforce-maven-version) @ avro-service-archetype ---
[INFO] 
[INFO] --- maven-enforcer-plugin:3.0.0-M3:enforce (default-cli) @ avro-service-archetype ---
[INFO] Adding ignore: module-info
[INFO] Adding ignore: module-info
[INFO] 
[INFO] --- maven-enforcer-plugin:3.0.0-M3:enforce (enforce) @ avro-service-archetype ---
[INFO] Adding ignore: module-info
[INFO] 
[INFO] --- maven-enforcer-plugin:3.0.0-M3:enforce (enforce-banned-dependencies) @ avro-service-archetype ---
[INFO] 
[INFO] --- maven-remote-resources-plugin:1.7.0:process (process-resource-bundles) @ avro-service-archetype ---
[INFO] Preparing remote bundle org.apache:apache-jar-resource-bundle:1.4
[INFO] Copying 3 resources from 1 bundle.
[INFO] 
[INFO] --- maven-resources-plugin:3.1.0:copy-resources (copy-pom-with-building-version) @ avro-service-archetype ---
[INFO] Using 'UTF-8' encoding to copy filtered resources.
[INFO] Copying 1 resource
[INFO] 
[INFO] --- maven-resources-plugin:3.1.0:resources (default-resources) @ avro-service-archetype ---
[INFO] Using 'UTF-8' encoding to copy filtered resources.
[INFO] Copying 7 resources
[INFO] Copying 1 resource to archetype-resources
[INFO] Copying 3 resources
[INFO] 
[INFO] --- spotless-maven-plugin:2.11.1:check (spotless-check) @ avro-service-archetype ---
[INFO] 
[INFO] --- maven-bundle-plugin:5.1.2:manifest (bundle-manifest) @ avro-service-archetype ---
[WARNING] Ignoring project type maven-archetype - supportedProjectTypes = [bundle]
[INFO] 
[INFO] --- maven-resources-plugin:3.1.0:testResources (default-testResources) @ avro-service-archetype ---
[INFO] Using 'UTF-8' encoding to copy filtered resources.
[INFO] skip non existing resourceDirectory /home/target/lang/java/archetypes/avro-service-archetype/src/test/resources
[INFO] Copying 3 resources
[INFO] 
[INFO] --- maven-checkstyle-plugin:3.1.2:check (checkstyle-check) @ avro-service-archetype ---
[INFO] Starting audit...
Audit done.
[INFO] You have 0 Checkstyle violations.
[INFO] 
[INFO] ---------------------< org.apache.avro:avro-grpc >----------------------
[INFO] Building Apache Avro gRPC 1.12.0-SNAPSHOT                        [18/24]
[INFO] -------------------------------[ bundle ]-------------------------------
Downloading from apache.snapshots: https://repository.apache.org/snapshots/io/grpc/grpc-api/maven-metadata.xml
Downloading from central: https://repo.maven.apache.org/maven2/io/grpc/grpc-api/maven-metadata.xml
[WARNING] Could not transfer metadata io.grpc:grpc-api/maven-metadata.xml from/to apache.snapshots (https://repository.apache.org/snapshots): transfer failed for https://repository.apache.org/snapshots/io/grpc/grpc-api/maven-metadata.xml
[WARNING] Could not transfer metadata io.grpc:grpc-api/maven-metadata.xml from/to central (https://repo.maven.apache.org/maven2): transfer failed for https://repo.maven.apache.org/maven2/io/grpc/grpc-api/maven-metadata.xml
[INFO] 
[INFO] --- maven-enforcer-plugin:3.0.0-M3:enforce (enforce-maven-version) @ avro-grpc ---
[INFO] 
[INFO] --- maven-enforcer-plugin:3.0.0-M3:enforce (default-cli) @ avro-grpc ---
[INFO] artifact io.grpc:grpc-api: checking for updates from central
[WARNING] repository metadata for: 'artifact io.grpc:grpc-api' could not be retrieved from repository: central due to an error: transfer failed for https://repo.maven.apache.org/maven2/io/grpc/grpc-api/maven-metadata.xml
[INFO] Adding ignore: module-info
[INFO] Adding ignore: module-info
[INFO] 
[INFO] --- maven-enforcer-plugin:3.0.0-M3:enforce (enforce) @ avro-grpc ---
[INFO] artifact io.grpc:grpc-api: checking for updates from central
[WARNING] repository metadata for: 'artifact io.grpc:grpc-api' could not be retrieved from repository: central due to an error: transfer failed for https://repo.maven.apache.org/maven2/io/grpc/grpc-api/maven-metadata.xml
[INFO] Adding ignore: module-info
[INFO] 
[INFO] --- maven-enforcer-plugin:3.0.0-M3:enforce (enforce-banned-dependencies) @ avro-grpc ---
[WARNING] io.grpc:grpc-api/maven-metadata.xmlfailed to transfer from https://repository.apache.org/snapshots during a previous attempt. This failure was cached in the local repository and resolution will not be reattempted until the update interval of apache.snapshots has elapsed or updates are forced. Original error: Could not transfer metadata io.grpc:grpc-api/maven-metadata.xml from/to apache.snapshots (https://repository.apache.org/snapshots): transfer failed for https://repository.apache.org/snapshots/io/grpc/grpc-api/maven-metadata.xml
[WARNING] io.grpc:grpc-api/maven-metadata.xmlfailed to transfer from https://repo.maven.apache.org/maven2 during a previous attempt. This failure was cached in the local repository and resolution will not be reattempted until the update interval of central has elapsed or updates are forced. Original error: Could not transfer metadata io.grpc:grpc-api/maven-metadata.xml from/to central (https://repo.maven.apache.org/maven2): transfer failed for https://repo.maven.apache.org/maven2/io/grpc/grpc-api/maven-metadata.xml
[INFO] 
[INFO] --- avro-maven-plugin:1.12.0-SNAPSHOT:schema (schemas) @ avro-grpc ---
[INFO] 
[INFO] --- avro-maven-plugin:1.12.0-SNAPSHOT:protocol (schemas) @ avro-grpc ---
[INFO] 
[INFO] --- avro-maven-plugin:1.12.0-SNAPSHOT:idl-protocol (schemas) @ avro-grpc ---
[INFO] 
[INFO] --- maven-remote-resources-plugin:1.7.0:process (process-resource-bundles) @ avro-grpc ---
[INFO] Preparing remote bundle org.apache:apache-jar-resource-bundle:1.4
[INFO] Copying 3 resources from 1 bundle.
[INFO] artifact io.grpc:grpc-api: checking for updates from central
[WARNING] repository metadata for: 'artifact io.grpc:grpc-api' could not be retrieved from repository: central due to an error: transfer failed for https://repo.maven.apache.org/maven2/io/grpc/grpc-api/maven-metadata.xml
[INFO] 
[INFO] --- maven-resources-plugin:3.1.0:resources (default-resources) @ avro-grpc ---
[INFO] Using 'UTF-8' encoding to copy filtered resources.
[INFO] skip non existing resourceDirectory /home/target/lang/java/grpc/src/main/velocity
[INFO] Copying 3 resources
[INFO] 
[INFO] --- maven-compiler-plugin:3.8.1:compile (default-compile) @ avro-grpc ---
[INFO] Nothing to compile - all classes are up to date
[INFO] 
[INFO] --- spotless-maven-plugin:2.11.1:check (spotless-check) @ avro-grpc ---
[INFO] 
[INFO] --- maven-bundle-plugin:5.1.2:manifest (bundle-manifest) @ avro-grpc ---
[INFO] 
[INFO] --- maven-resources-plugin:3.1.0:testResources (default-testResources) @ avro-grpc ---
[INFO] Using 'UTF-8' encoding to copy filtered resources.
[INFO] skip non existing resourceDirectory /home/target/lang/java/grpc/src/test/resources
[INFO] Copying 3 resources
[INFO] 
[INFO] --- maven-compiler-plugin:3.8.1:testCompile (default-testCompile) @ avro-grpc ---
[INFO] Changes detected - recompiling the module!
[INFO] Compiling 7 source files to /home/target/lang/java/grpc/target/test-classes
[INFO] /home/target/lang/java/grpc/src/test/java/org/apache/avro/grpc/TestAvroProtocolGrpc.java: /home/target/lang/java/grpc/src/test/java/org/apache/avro/grpc/TestAvroProtocolGrpc.java uses unchecked or unsafe operations.
[INFO] /home/target/lang/java/grpc/src/test/java/org/apache/avro/grpc/TestAvroProtocolGrpc.java: Recompile with -Xlint:unchecked for details.
[INFO] 
[INFO] --- maven-surefire-plugin:3.0.0-M5:test (default-test) @ avro-grpc ---
[INFO] 
[INFO] -------------------------------------------------------
[INFO]  T E S T S
[INFO] -------------------------------------------------------
[INFO] Running org.apache.avro.grpc.TestAvroProtocolGrpc
[INFO] Tests run: 12, Failures: 0, Errors: 0, Skipped: 0, Time elapsed: 512,251.704 s - in org.apache.avro.grpc.TestAvroProtocolGrpc
[INFO] Running org.apache.avro.grpc.TestAvroMarshaller
[INFO] Tests run: 2, Failures: 0, Errors: 0, Skipped: 0, Time elapsed: 826,207 s - in org.apache.avro.grpc.TestAvroMarshaller
[INFO] 
[INFO] Results:
[INFO] 
[INFO] Tests run: 14, Failures: 0, Errors: 0, Skipped: 0
[INFO] 
[INFO] 
[INFO] --- maven-checkstyle-plugin:3.1.2:check (checkstyle-check) @ avro-grpc ---
[INFO] Starting audit...
Audit done.
[INFO] You have 0 Checkstyle violations.
[INFO] 
[INFO] ---------------< org.apache.avro:avro-integration-test >----------------
[INFO] Building Avro Integration Tests 1.12.0-SNAPSHOT                  [19/24]
[INFO] --------------------------------[ pom ]---------------------------------
[INFO] 
[INFO] --- maven-enforcer-plugin:3.0.0-M3:enforce (enforce-maven-version) @ avro-integration-test ---
[INFO] 
[INFO] --- maven-enforcer-plugin:3.0.0-M3:enforce (default-cli) @ avro-integration-test ---
[INFO] Adding ignore: module-info
[INFO] Adding ignore: module-info
[INFO] 
[INFO] --- maven-enforcer-plugin:3.0.0-M3:enforce (enforce) @ avro-integration-test ---
[INFO] Adding ignore: module-info
[INFO] 
[INFO] --- maven-enforcer-plugin:3.0.0-M3:enforce (enforce-banned-dependencies) @ avro-integration-test ---
[INFO] 
[INFO] --- maven-remote-resources-plugin:1.7.0:process (process-resource-bundles) @ avro-integration-test ---
[INFO] Preparing remote bundle org.apache:apache-jar-resource-bundle:1.4
[INFO] Copying 3 resources from 1 bundle.
[INFO] 
[INFO] --- spotless-maven-plugin:2.11.1:check (spotless-check) @ avro-integration-test ---
[INFO] 
[INFO] --- maven-bundle-plugin:5.1.2:manifest (bundle-manifest) @ avro-integration-test ---
[WARNING] Ignoring project type pom - supportedProjectTypes = [bundle]
[INFO] 
[INFO] --- maven-checkstyle-plugin:3.1.2:check (checkstyle-check) @ avro-integration-test ---
[INFO] Starting audit...
Audit done.
[INFO] You have 0 Checkstyle violations.
[INFO] 
[INFO] ------------< org.apache.avro:avro-test-custom-conversions >------------
[INFO] Building Apache Avro Codegen Test dependencies 1.12.0-SNAPSHOT   [20/24]
[INFO] --------------------------------[ jar ]---------------------------------
[INFO] 
[INFO] --- maven-enforcer-plugin:3.0.0-M3:enforce (enforce-maven-version) @ avro-test-custom-conversions ---
[INFO] 
[INFO] --- maven-enforcer-plugin:3.0.0-M3:enforce (default-cli) @ avro-test-custom-conversions ---
[INFO] Adding ignore: module-info
[INFO] Adding ignore: module-info
[INFO] 
[INFO] --- maven-enforcer-plugin:3.0.0-M3:enforce (enforce) @ avro-test-custom-conversions ---
[INFO] Adding ignore: module-info
[INFO] 
[INFO] --- maven-enforcer-plugin:3.0.0-M3:enforce (enforce-banned-dependencies) @ avro-test-custom-conversions ---
[INFO] 
[INFO] --- maven-remote-resources-plugin:1.7.0:process (process-resource-bundles) @ avro-test-custom-conversions ---
[INFO] Preparing remote bundle org.apache:apache-jar-resource-bundle:1.4
[INFO] Copying 3 resources from 1 bundle.
[INFO] 
[INFO] --- maven-resources-plugin:3.1.0:resources (default-resources) @ avro-test-custom-conversions ---
[INFO] Using 'UTF-8' encoding to copy filtered resources.
[INFO] skip non existing resourceDirectory /home/target/lang/java/integration-test/test-custom-conversions/src/main/resources
[INFO] Copying 3 resources
[INFO] 
[INFO] --- maven-compiler-plugin:3.8.1:compile (default-compile) @ avro-test-custom-conversions ---
[INFO] Nothing to compile - all classes are up to date
[INFO] 
[INFO] --- spotless-maven-plugin:2.11.1:check (spotless-check) @ avro-test-custom-conversions ---
[INFO] 
[INFO] --- maven-bundle-plugin:5.1.2:manifest (bundle-manifest) @ avro-test-custom-conversions ---
[WARNING] Ignoring project type jar - supportedProjectTypes = [bundle]
[INFO] 
[INFO] --- maven-resources-plugin:3.1.0:testResources (default-testResources) @ avro-test-custom-conversions ---
[INFO] Using 'UTF-8' encoding to copy filtered resources.
[INFO] skip non existing resourceDirectory /home/target/lang/java/integration-test/test-custom-conversions/src/test/resources
[INFO] Copying 3 resources
[INFO] 
[INFO] --- maven-compiler-plugin:3.8.1:testCompile (default-testCompile) @ avro-test-custom-conversions ---
[INFO] No sources to compile
[INFO] 
[INFO] --- maven-surefire-plugin:3.0.0-M5:test (default-test) @ avro-test-custom-conversions ---
[INFO] 
[INFO] --- maven-checkstyle-plugin:3.1.2:check (checkstyle-check) @ avro-test-custom-conversions ---
[INFO] Starting audit...
Audit done.
[INFO] You have 0 Checkstyle violations.
[INFO] 
[INFO] -----------------< org.apache.avro:avro-codegen-test >------------------
[INFO] Building Apache Avro Codegen Test 1.12.0-SNAPSHOT                [21/24]
[INFO] --------------------------------[ jar ]---------------------------------
[INFO] 
[INFO] --- maven-enforcer-plugin:3.0.0-M3:enforce (enforce-maven-version) @ avro-codegen-test ---
[INFO] 
[INFO] --- maven-enforcer-plugin:3.0.0-M3:enforce (default-cli) @ avro-codegen-test ---
[INFO] Adding ignore: module-info
[INFO] Adding ignore: module-info
[INFO] 
[INFO] --- maven-enforcer-plugin:3.0.0-M3:enforce (enforce) @ avro-codegen-test ---
[INFO] Adding ignore: module-info
[INFO] 
[INFO] --- maven-enforcer-plugin:3.0.0-M3:enforce (enforce-banned-dependencies) @ avro-codegen-test ---
[INFO] 
[INFO] --- maven-remote-resources-plugin:1.7.0:process (process-resource-bundles) @ avro-codegen-test ---
[INFO] Preparing remote bundle org.apache:apache-jar-resource-bundle:1.4
[INFO] Copying 3 resources from 1 bundle.
[INFO] 
[INFO] --- maven-resources-plugin:3.1.0:resources (default-resources) @ avro-codegen-test ---
[INFO] Using 'UTF-8' encoding to copy filtered resources.
[INFO] skip non existing resourceDirectory /home/target/lang/java/integration-test/codegen-test/src/main/resources
[INFO] Copying 3 resources
[INFO] 
[INFO] --- maven-compiler-plugin:3.8.1:compile (default-compile) @ avro-codegen-test ---
[INFO] No sources to compile
[INFO] 
[INFO] --- spotless-maven-plugin:2.11.1:check (spotless-check) @ avro-codegen-test ---
[INFO] 
[INFO] --- maven-bundle-plugin:5.1.2:manifest (bundle-manifest) @ avro-codegen-test ---
[WARNING] Ignoring project type jar - supportedProjectTypes = [bundle]
[INFO] 
[INFO] --- avro-maven-plugin:1.12.0-SNAPSHOT:schema (default) @ avro-codegen-test ---
[INFO] 
[INFO] --- avro-maven-plugin:1.12.0-SNAPSHOT:protocol (default) @ avro-codegen-test ---
[INFO] 
[INFO] --- avro-maven-plugin:1.12.0-SNAPSHOT:idl-protocol (default) @ avro-codegen-test ---
[INFO] 
[INFO] --- build-helper-maven-plugin:3.2.0:add-test-source (add-test-source) @ avro-codegen-test ---
[INFO] Test Source directory: /home/target/lang/java/integration-test/codegen-test/target/generated-test-sources/java added.
[INFO] 
[INFO] --- maven-resources-plugin:3.1.0:testResources (default-testResources) @ avro-codegen-test ---
[INFO] Using 'UTF-8' encoding to copy filtered resources.
[INFO] Copying 13 resources
[INFO] Copying 3 resources
[INFO] 
[INFO] --- maven-compiler-plugin:3.8.1:testCompile (default-testCompile) @ avro-codegen-test ---
[INFO] Changes detected - recompiling the module!
[INFO] Compiling 28 source files to /home/target/lang/java/integration-test/codegen-test/target/test-classes
[INFO] 
[INFO] --- maven-surefire-plugin:3.0.0-M5:test (default-test) @ avro-codegen-test ---
[INFO] 
[INFO] -------------------------------------------------------
[INFO]  T E S T S
[INFO] -------------------------------------------------------
[INFO] Running org.apache.avro.codegentest.TestNestedRecordsWithDifferentNamespaces
[INFO] Tests run: 1, Failures: 0, Errors: 0, Skipped: 0, Time elapsed: 671,008 s - in org.apache.avro.codegentest.TestNestedRecordsWithDifferentNamespaces
[INFO] Running org.apache.avro.codegentest.TestCustomConversion
[INFO] Tests run: 5, Failures: 0, Errors: 0, Skipped: 0, Time elapsed: 479,322 s - in org.apache.avro.codegentest.TestCustomConversion
[INFO] Running org.apache.avro.codegentest.TestNullableLogicalTypes
[INFO] Tests run: 2, Failures: 0, Errors: 0, Skipped: 0, Time elapsed: 490,333 s - in org.apache.avro.codegentest.TestNullableLogicalTypes
[INFO] Running org.apache.avro.codegentest.TestLogicalTypeForStringType
[INFO] Tests run: 1, Failures: 0, Errors: 0, Skipped: 0, Time elapsed: 486,116 s - in org.apache.avro.codegentest.TestLogicalTypeForStringType
[INFO] Running org.apache.avro.codegentest.TestNestedLogicalTypes
[INFO] Tests run: 6, Failures: 0, Errors: 0, Skipped: 0, Time elapsed: 553,334 s - in org.apache.avro.codegentest.TestNestedLogicalTypes
[INFO] Running org.apache.avro.codegentest.TestLogicalTypesWithDefaults
[INFO] Tests run: 3, Failures: 0, Errors: 0, Skipped: 0, Time elapsed: 533,876 s - in org.apache.avro.codegentest.TestLogicalTypesWithDefaults
[INFO] 
[INFO] Results:
[INFO] 
[INFO] Tests run: 18, Failures: 0, Errors: 0, Skipped: 0
[INFO] 
[INFO] 
[INFO] --- maven-checkstyle-plugin:3.1.2:check (checkstyle-check) @ avro-codegen-test ---
[INFO] Starting audit...
Audit done.
[INFO] You have 0 Checkstyle violations.
[INFO] 
[INFO] ---------------------< org.apache.avro:avro-perf >----------------------
[INFO] Building Apache Avro Performance Test Suite 1.12.0-SNAPSHOT      [22/24]
[INFO] --------------------------------[ jar ]---------------------------------
[INFO] 
[INFO] --- maven-enforcer-plugin:3.0.0-M3:enforce (enforce-maven-version) @ avro-perf ---
[INFO] 
[INFO] --- maven-enforcer-plugin:3.0.0-M3:enforce (default-cli) @ avro-perf ---
[INFO] Adding ignore: module-info
[INFO] Adding ignore: module-info
[INFO] 
[INFO] --- maven-enforcer-plugin:3.0.0-M3:enforce (enforce) @ avro-perf ---
[INFO] Adding ignore: module-info
[INFO] 
[INFO] --- maven-enforcer-plugin:3.0.0-M3:enforce (enforce-banned-dependencies) @ avro-perf ---
[INFO] 
[INFO] --- maven-remote-resources-plugin:1.7.0:process (process-resource-bundles) @ avro-perf ---
[INFO] Preparing remote bundle org.apache:apache-jar-resource-bundle:1.4
[INFO] Copying 3 resources from 1 bundle.
[INFO] 
[INFO] --- maven-resources-plugin:3.1.0:resources (default-resources) @ avro-perf ---
[INFO] Using 'UTF-8' encoding to copy filtered resources.
[INFO] skip non existing resourceDirectory /home/target/lang/java/perf/src/main/resources
[INFO] Copying 3 resources
[INFO] 
[INFO] --- maven-compiler-plugin:3.8.1:compile (default-compile) @ avro-perf ---
[INFO] Nothing to compile - all classes are up to date
[INFO] 
[INFO] --- spotless-maven-plugin:2.11.1:check (spotless-check) @ avro-perf ---
[INFO] 
[INFO] --- maven-bundle-plugin:5.1.2:manifest (bundle-manifest) @ avro-perf ---
[WARNING] Ignoring project type jar - supportedProjectTypes = [bundle]
[INFO] 
[INFO] --- maven-resources-plugin:3.1.0:testResources (default-testResources) @ avro-perf ---
[INFO] Using 'UTF-8' encoding to copy filtered resources.
[INFO] skip non existing resourceDirectory /home/target/lang/java/perf/src/test/resources
[INFO] Copying 3 resources
[INFO] 
[INFO] --- maven-compiler-plugin:3.8.1:testCompile (default-testCompile) @ avro-perf ---
[INFO] No sources to compile
[INFO] 
[INFO] --- maven-surefire-plugin:3.0.0-M5:test (default-test) @ avro-perf ---
[INFO] 
[INFO] --- maven-checkstyle-plugin:3.1.2:check (checkstyle-check) @ avro-perf ---
[INFO] Starting audit...
Audit done.
[INFO] You have 0 Checkstyle violations.
[INFO] ------------------------------------------------------------------------
[INFO] Reactor Summary for Apache Avro Toplevel 1.12.0-SNAPSHOT:
[INFO] 
[INFO] Apache Avro Toplevel ............................... SUCCESS [27 d 12:55 h]
[INFO] Apache Avro Java ................................... SUCCESS [19 d 01:16 h]
[INFO] Apache Avro ........................................ SUCCESS [876 d 16:23 h]
[INFO] Apache Avro Android Compatibility .................. SUCCESS [14 d 11:16 h]
[INFO] Apache Avro Compiler ............................... SUCCESS [685 d 04:51 h]
[INFO] Apache Avro Maven Plugin ........................... SUCCESS [197 d 02:30 h]
[INFO] Apache Avro IPC .................................... SUCCESS [1107 d 21:34 h]
[INFO] Apache Avro IPC Jetty .............................. SUCCESS [1211 d 20:49 h]
[INFO] Apache Avro IPC Netty .............................. SUCCESS [1623 d 21:58 h]
[INFO] Trevni Java ........................................ SUCCESS [1 d 02:16 h]
[INFO] Trevni Java Core ................................... SUCCESS [104 d 09:47 h]
[INFO] Apache Avro Mapred API ............................. FAILURE [2858 d 20:33 h]
[INFO] Trevni Java Avro ................................... SKIPPED
[INFO] Trevni Specification ............................... SUCCESS [2 d 15:07 h]
[INFO] Apache Avro Tools .................................. SKIPPED
[INFO] Apache Avro Protobuf Compatibility ................. SUCCESS [32 d 08:42 h]
[INFO] Apache Avro Thrift Compatibility ................... SUCCESS [20 d 22:24 h]
[INFO] Apache Avro Maven Archetypes ....................... SUCCESS [12 d 14:30 h]
[INFO] Apache Avro Maven Service Archetype ................ SUCCESS [2 d 08:58 h]
[INFO] Apache Avro gRPC ................................... SUCCESS [99 d 03:06 h]
[INFO] Avro Integration Tests ............................. SUCCESS [1 d 11:24 h]
[INFO] Apache Avro Codegen Test dependencies .............. SUCCESS [3 d 04:16 h]
[INFO] Apache Avro Codegen Test ........................... SUCCESS [45 d 23:46 h]
[INFO] Apache Avro Performance Test Suite ................. SUCCESS [7 d 07:25 h]
[INFO] ------------------------------------------------------------------------
[INFO] BUILD FAILURE
[INFO] ------------------------------------------------------------------------
[INFO] Total time:  8976 d 18:00 h
[INFO] Finished at: 2046-06-24T19:53:20Z
[INFO] ------------------------------------------------------------------------
[ERROR] Failed to execute goal org.apache.maven.plugins:maven-surefire-plugin:3.0.0-M5:test (default-test) on project avro-mapred: There are test failures.
[ERROR] 
[ERROR] Please refer to /home/target/lang/java/mapred/target/surefire-reports for the individual test results.
[ERROR] Please refer to dump files (if any exist) [date].dump, [date]-jvmRun[N].dump and [date].dumpstream.
[ERROR] -> [Help 1]
[ERROR] 
[ERROR] To see the full stack trace of the errors, re-run Maven with the -e switch.
[ERROR] Re-run Maven using the -X switch to enable full debug logging.
[ERROR] 
[ERROR] For more information about the errors and possible solutions, please read the following articles:
[ERROR] [Help 1] http://cwiki.apache.org/confluence/display/MAVEN/MojoFailureException
[ERROR] 
[ERROR] After correcting the problems, you can resume the build with the command
[ERROR]   mvn <args> -rf :avro-mapred
{'error': True, 'log_file': 'output-2021-11-13T22:16:12-2853.log', 'message': '', 'start_time': '2021-11-13T22:16:12', 'end_time': '2021-11-13T22:22:28', 'command': ['mvn', '-fae', 'test'], 'faketime_str': '+0 i1.0', 'timezone': datetime.timezone(datetime.timedelta(0), 'UTC')}
