[INFO] Scanning for projects...
[INFO] ------------------------------------------------------------------------
[INFO] Reactor Build Order:
[INFO] 
[INFO] Riptide                                                            [pom]
[INFO] Riptide: Parent                                                    [pom]
[INFO] Riptide: Core                                                      [jar]
[INFO] Riptide: Capture                                                   [jar]
[INFO] Riptide: HTTP Client                                               [jar]
[INFO] Riptide: Authorization                                             [jar]
[INFO] Riptide: Bill of Materials                                         [pom]
[INFO] Riptide: Chaos                                                     [jar]
[INFO] Riptide: Problem                                                   [jar]
[INFO] Riptide: Compatibility                                             [jar]
[INFO] Riptide: Request Compression                                       [jar]
[INFO] Riptide: Concurrent                                                [jar]
[INFO] Riptide: Idempotency                                               [jar]
[INFO] Riptide: Faults                                                    [jar]
[INFO] Riptide: Failsafe                                                  [jar]
[INFO] Riptide: Logbook                                                   [jar]
[INFO] Riptide: Micrometer                                                [jar]
[INFO] Riptide: OpenTracing                                               [jar]
[INFO] Riptide: SOAP                                                      [jar]
[INFO] Riptide: Stream                                                    [jar]
[INFO] Riptide: Spring Boot Auto Configuration                            [jar]
[INFO] Riptide: Spring Boot Starter                                       [jar]
[INFO] 
[INFO] ------------------------< org.zalando:riptide >-------------------------
[INFO] Building Riptide 3.1.0-SNAPSHOT                                   [1/22]
[INFO] --------------------------------[ pom ]---------------------------------
[INFO] 
[INFO] --- maven-enforcer-plugin:3.0.0:enforce (enforce-maven) @ riptide ---
[INFO] 
[INFO] --- duplicate-finder-maven-plugin:1.5.0:check (default) @ riptide ---
[INFO] Ignoring POM project!
[INFO] 
[INFO] --- jacoco-maven-plugin:0.8.7:prepare-agent (prepare-agent) @ riptide ---
[INFO] argLine set to -javaagent:/root/.m2/repository/org/jacoco/org.jacoco.agent/0.8.7/org.jacoco.agent-0.8.7-runtime.jar=destfile=/home/target/target/jacoco.exec
[INFO] 
[INFO] ---------------------< org.zalando:riptide-parent >---------------------
[INFO] Building Riptide: Parent 3.1.0-SNAPSHOT                           [2/22]
[INFO] --------------------------------[ pom ]---------------------------------
[INFO] 
[INFO] --- maven-enforcer-plugin:3.0.0:enforce (enforce-maven) @ riptide-parent ---
[INFO] 
[INFO] --- duplicate-finder-maven-plugin:1.5.0:check (default) @ riptide-parent ---
[INFO] Ignoring POM project!
[INFO] 
[INFO] --- jacoco-maven-plugin:0.8.7:prepare-agent (prepare-agent) @ riptide-parent ---
[INFO] argLine set to -javaagent:/root/.m2/repository/org/jacoco/org.jacoco.agent/0.8.7/org.jacoco.agent-0.8.7-runtime.jar=destfile=/home/target/riptide-parent/target/jacoco.exec
[INFO] 
[INFO] ----------------------< org.zalando:riptide-core >----------------------
[INFO] Building Riptide: Core 3.1.0-SNAPSHOT                             [3/22]
[INFO] --------------------------------[ jar ]---------------------------------
[INFO] 
[INFO] --- maven-enforcer-plugin:3.0.0:enforce (enforce-maven) @ riptide-core ---
[INFO] 
[INFO] --- duplicate-finder-maven-plugin:1.5.0:check (default) @ riptide-core ---
[INFO] Checking compile classpath
[INFO] Checking runtime classpath
[INFO] Checking test classpath
[INFO] 
[INFO] --- jacoco-maven-plugin:0.8.7:prepare-agent (prepare-agent) @ riptide-core ---
[INFO] argLine set to -javaagent:/root/.m2/repository/org/jacoco/org.jacoco.agent/0.8.7/org.jacoco.agent-0.8.7-runtime.jar=destfile=/home/target/riptide-core/target/jacoco.exec
[INFO] 
[INFO] --- maven-resources-plugin:3.2.0:resources (default-resources) @ riptide-core ---
[INFO] Using 'UTF-8' encoding to copy filtered resources.
[INFO] Using 'UTF-8' encoding to copy filtered properties files.
[INFO] Copying 1 resource
[INFO] 
[INFO] --- maven-compiler-plugin:3.8.1:compile (default-compile) @ riptide-core ---
[INFO] Nothing to compile - all classes are up to date
[INFO] 
[INFO] --- maven-resources-plugin:3.2.0:testResources (default-testResources) @ riptide-core ---
[INFO] Using 'UTF-8' encoding to copy filtered resources.
[INFO] Using 'UTF-8' encoding to copy filtered properties files.
[INFO] Copying 6 resources
[INFO] 
[INFO] --- maven-compiler-plugin:3.8.1:testCompile (default-testCompile) @ riptide-core ---
[INFO] Nothing to compile - all classes are up to date
[INFO] 
[INFO] --- maven-surefire-plugin:2.22.2:test (default-test) @ riptide-core ---
[INFO] 
[INFO] -------------------------------------------------------
[INFO]  T E S T S
[INFO] -------------------------------------------------------
[INFO] Running org.zalando.riptide.EmptyEntityTest
[main] INFO org.eclipse.jetty.util.log - Logging initialized @4170ms to org.eclipse.jetty.util.log.Slf4jLog
[main] INFO org.eclipse.jetty.server.Server - jetty-9.4.44.v20210927; built: 2021-09-27T23:02:44.612Z; git: 8da83308eeca865e495e53ef315a249d63ba9332; jvm 1.8.0_312-b07
[main] INFO org.eclipse.jetty.server.AbstractConnector - Started ServerConnector@104dc1a2{HTTP/1.1, (http/1.1)}{0.0.0.0:45613}
[main] INFO org.eclipse.jetty.server.Server - Started @5092ms
[qtp1517266286-19] INFO com.github.restdriver.clientdriver.jetty.DefaultClientDriverJettyHandler - Handling: GET /
[main] INFO com.github.restdriver.clientdriver.ClientDriver - Beginning verification
[main] INFO org.eclipse.jetty.server.AbstractConnector - Stopped ServerConnector@104dc1a2{HTTP/1.1, (http/1.1)}{0.0.0.0:0}
[main] INFO com.github.restdriver.clientdriver.ClientDriver - Beginning verification
[main] INFO org.eclipse.jetty.server.Server - jetty-9.4.44.v20210927; built: 2021-09-27T23:02:44.612Z; git: 8da83308eeca865e495e53ef315a249d63ba9332; jvm 1.8.0_312-b07
[main] INFO org.eclipse.jetty.server.AbstractConnector - Started ServerConnector@57f83dc7{HTTP/1.1, (http/1.1)}{0.0.0.0:44761}
[main] INFO org.eclipse.jetty.server.Server - Started @10435ms
[qtp2103548875-31] INFO com.github.restdriver.clientdriver.jetty.DefaultClientDriverJettyHandler - Handling: POST /
[main] INFO com.github.restdriver.clientdriver.ClientDriver - Beginning verification
[main] INFO org.eclipse.jetty.server.AbstractConnector - Stopped ServerConnector@57f83dc7{HTTP/1.1, (http/1.1)}{0.0.0.0:0}
[main] INFO com.github.restdriver.clientdriver.ClientDriver - Beginning verification
[main] INFO org.eclipse.jetty.server.Server - jetty-9.4.44.v20210927; built: 2021-09-27T23:02:44.612Z; git: 8da83308eeca865e495e53ef315a249d63ba9332; jvm 1.8.0_312-b07
[main] INFO org.eclipse.jetty.server.AbstractConnector - Started ServerConnector@4eb69e8d{HTTP/1.1, (http/1.1)}{0.0.0.0:42017}
[main] INFO org.eclipse.jetty.server.Server - Started @11209ms
[qtp319541262-40] INFO com.github.restdriver.clientdriver.jetty.DefaultClientDriverJettyHandler - Handling: POST /
[main] INFO com.github.restdriver.clientdriver.ClientDriver - Beginning verification
[main] INFO org.eclipse.jetty.server.AbstractConnector - Stopped ServerConnector@4eb69e8d{HTTP/1.1, (http/1.1)}{0.0.0.0:0}
[main] INFO com.github.restdriver.clientdriver.ClientDriver - Beginning verification
[INFO] Tests run: 3, Failures: 0, Errors: 0, Skipped: 0, Time elapsed: 15.238 s - in org.zalando.riptide.EmptyEntityTest
[INFO] Running org.zalando.riptide.RequesterImmutabilityTest
[INFO] Tests run: 1, Failures: 0, Errors: 0, Skipped: 0, Time elapsed: 0.264 s - in org.zalando.riptide.RequesterImmutabilityTest
[INFO] Running org.zalando.riptide.StatusDispatchTest
[INFO] Tests run: 63, Failures: 0, Errors: 0, Skipped: 0, Time elapsed: 4.491 s - in org.zalando.riptide.StatusDispatchTest
[INFO] Running org.zalando.riptide.InputStreamTest
[INFO] Tests run: 1, Failures: 0, Errors: 0, Skipped: 0, Time elapsed: 0.001 s - in org.zalando.riptide.InputStreamTest
[INFO] Running org.zalando.riptide.IOTest
[main] INFO org.eclipse.jetty.server.Server - jetty-9.4.44.v20210927; built: 2021-09-27T23:02:44.612Z; git: 8da83308eeca865e495e53ef315a249d63ba9332; jvm 1.8.0_312-b07
[main] INFO org.eclipse.jetty.server.AbstractConnector - Started ServerConnector@347770a9{HTTP/1.1, (http/1.1)}{0.0.0.0:36603}
[main] INFO org.eclipse.jetty.server.Server - Started @14465ms
[qtp882181333-114] INFO com.github.restdriver.clientdriver.jetty.DefaultClientDriverJettyHandler - Handling: GET /repos/zalando/riptide/contributors
[main] INFO org.eclipse.jetty.server.Server - jetty-9.4.44.v20210927; built: 2021-09-27T23:02:44.612Z; git: 8da83308eeca865e495e53ef315a249d63ba9332; jvm 1.8.0_312-b07
[main] INFO org.eclipse.jetty.server.AbstractConnector - Started ServerConnector@424ebf5b{HTTP/1.1, (http/1.1)}{0.0.0.0:41579}
[main] INFO org.eclipse.jetty.server.Server - Started @15073ms
[qtp2037189443-124] INFO com.github.restdriver.clientdriver.jetty.DefaultClientDriverJettyHandler - Handling: GET /repos/zalando/riptide/contributors
[INFO] Tests run: 2, Failures: 0, Errors: 0, Skipped: 0, Time elapsed: 2.064 s - in org.zalando.riptide.IOTest
[INFO] Running org.zalando.riptide.ExecuteTest
[INFO] Tests run: 8, Failures: 0, Errors: 0, Skipped: 0, Time elapsed: 0.864 s - in org.zalando.riptide.ExecuteTest
[INFO] Running org.zalando.riptide.NIOTest
[main] INFO org.eclipse.jetty.server.Server - jetty-9.4.44.v20210927; built: 2021-09-27T23:02:44.612Z; git: 8da83308eeca865e495e53ef315a249d63ba9332; jvm 1.8.0_312-b07
[main] INFO org.eclipse.jetty.server.AbstractConnector - Started ServerConnector@63f093a{HTTP/1.1, (http/1.1)}{0.0.0.0:35341}
[main] INFO org.eclipse.jetty.server.Server - Started @15961ms
[qtp1565138220-143] INFO com.github.restdriver.clientdriver.jetty.DefaultClientDriverJettyHandler - Handling: GET /repos/zalando/riptide/contributors
[INFO] Tests run: 1, Failures: 0, Errors: 0, Skipped: 0, Time elapsed: 4.542 s - in org.zalando.riptide.NIOTest
[INFO] Running org.zalando.riptide.CallTest
[INFO] Tests run: 4, Failures: 0, Errors: 0, Skipped: 0, Time elapsed: 6.977 s - in org.zalando.riptide.CallTest
[INFO] Running org.zalando.riptide.RoutingTreeTest
[INFO] Tests run: 17, Failures: 0, Errors: 0, Skipped: 0, Time elapsed: 0.377 s - in org.zalando.riptide.RoutingTreeTest
[INFO] Running org.zalando.riptide.NestedDispatchTest
[INFO] Tests run: 3, Failures: 0, Errors: 0, Skipped: 0, Time elapsed: 2.636 s - in org.zalando.riptide.NestedDispatchTest
[INFO] Running org.zalando.riptide.DynamicBaseUrlTest
[INFO] Tests run: 1, Failures: 0, Errors: 0, Skipped: 0, Time elapsed: 0.734 s - in org.zalando.riptide.DynamicBaseUrlTest
[INFO] Running org.zalando.riptide.SeriesDispatchTest
[INFO] Tests run: 5, Failures: 0, Errors: 0, Skipped: 0, Time elapsed: 0.415 s - in org.zalando.riptide.SeriesDispatchTest
[INFO] Running org.zalando.riptide.RouteTest
[INFO] Tests run: 4, Failures: 0, Errors: 0, Skipped: 0, Time elapsed: 1.03 s - in org.zalando.riptide.RouteTest
[INFO] Running org.zalando.riptide.AnyDispatchTest
[INFO] Tests run: 1, Failures: 0, Errors: 0, Skipped: 0, Time elapsed: 0 s - in org.zalando.riptide.AnyDispatchTest
[INFO] Running org.zalando.riptide.AttributeTest
[INFO] Tests run: 2, Failures: 0, Errors: 0, Skipped: 0, Time elapsed: 0.025 s - in org.zalando.riptide.AttributeTest
[INFO] Running org.zalando.riptide.ReasonPhraseDispatchTest
[INFO] Tests run: 63, Failures: 0, Errors: 0, Skipped: 0, Time elapsed: 11.376 s - in org.zalando.riptide.ReasonPhraseDispatchTest
[INFO] Running org.zalando.riptide.StatusCodeDispatchTest
[INFO] Tests run: 63, Failures: 0, Errors: 0, Skipped: 0, Time elapsed: 11.69 s - in org.zalando.riptide.StatusCodeDispatchTest
[INFO] Running org.zalando.riptide.RequesterTest
[INFO] Tests run: 13, Failures: 0, Errors: 0, Skipped: 0, Time elapsed: 1.16 s - in org.zalando.riptide.RequesterTest
[INFO] Running org.zalando.riptide.OriginalStackTracePluginTest
[main] INFO org.eclipse.jetty.server.Server - jetty-9.4.44.v20210927; built: 2021-09-27T23:02:44.612Z; git: 8da83308eeca865e495e53ef315a249d63ba9332; jvm 1.8.0_312-b07
[main] INFO org.eclipse.jetty.server.AbstractConnector - Started ServerConnector@7d32399a{HTTP/1.1, (http/1.1)}{0.0.0.0:44781}
[main] INFO org.eclipse.jetty.server.Server - Started @37161ms
[qtp1956193042-315] INFO com.github.restdriver.clientdriver.jetty.DefaultClientDriverJettyHandler - Handling: GET /
[main] INFO org.eclipse.jetty.server.Server - jetty-9.4.44.v20210927; built: 2021-09-27T23:02:44.612Z; git: 8da83308eeca865e495e53ef315a249d63ba9332; jvm 1.8.0_312-b07
[main] INFO org.eclipse.jetty.server.AbstractConnector - Started ServerConnector@2839ac4c{HTTP/1.1, (http/1.1)}{0.0.0.0:41269}
[main] INFO org.eclipse.jetty.server.Server - Started @39213ms
[qtp1335697931-326] INFO com.github.restdriver.clientdriver.jetty.DefaultClientDriverJettyHandler - Handling: GET /
[INFO] Tests run: 2, Failures: 0, Errors: 0, Skipped: 0, Time elapsed: 6.453 s - in org.zalando.riptide.OriginalStackTracePluginTest
[INFO] Running org.zalando.riptide.HttpResponseExceptionTest
[INFO] Tests run: 1, Failures: 0, Errors: 0, Skipped: 0, Time elapsed: 0 s - in org.zalando.riptide.HttpResponseExceptionTest
[INFO] Running org.zalando.riptide.UriTemplateArgTest
[INFO] Tests run: 5, Failures: 0, Errors: 0, Skipped: 0, Time elapsed: 0.686 s - in org.zalando.riptide.UriTemplateArgTest
[INFO] Running org.zalando.riptide.HandlesIOExceptionTest
[INFO] Tests run: 1, Failures: 0, Errors: 0, Skipped: 0, Time elapsed: 0.485 s - in org.zalando.riptide.HandlesIOExceptionTest
[INFO] Running org.zalando.riptide.ForwardingClientHttpResponseTest
[INFO] Tests run: 2, Failures: 0, Errors: 0, Skipped: 0, Time elapsed: 0 s - in org.zalando.riptide.ForwardingClientHttpResponseTest
[INFO] Running org.zalando.riptide.DefaultRequestArgumentsTest
[INFO] Tests run: 22, Failures: 0, Errors: 0, Skipped: 0, Time elapsed: 0.376 s - in org.zalando.riptide.DefaultRequestArgumentsTest
[INFO] Running org.zalando.riptide.AsyncTest
[INFO] Tests run: 10, Failures: 0, Errors: 0, Skipped: 0, Time elapsed: 6.049 s - in org.zalando.riptide.AsyncTest
[INFO] Running org.zalando.riptide.FailedDispatchTest
[INFO] Tests run: 7, Failures: 0, Errors: 0, Skipped: 0, Time elapsed: 3.334 s - in org.zalando.riptide.FailedDispatchTest
[INFO] Running org.zalando.riptide.ExceptionHandlingTest
[INFO] Tests run: 4, Failures: 0, Errors: 0, Skipped: 0, Time elapsed: 1.716 s - in org.zalando.riptide.ExceptionHandlingTest
[INFO] Running org.zalando.riptide.PluginTest
[INFO] Tests run: 3, Failures: 0, Errors: 0, Skipped: 0, Time elapsed: 0.961 s - in org.zalando.riptide.PluginTest
[INFO] Running org.zalando.riptide.NavigatorsTest
[INFO] Tests run: 5, Failures: 0, Errors: 0, Skipped: 0, Time elapsed: 0.005 s - in org.zalando.riptide.NavigatorsTest
[INFO] Running org.zalando.riptide.RequestUriTest
[WARNING] Tests run: 864, Failures: 0, Errors: 0, Skipped: 336, Time elapsed: 71.902 s - in org.zalando.riptide.RequestUriTest
[INFO] Running org.zalando.riptide.ThreadAffinityTest
[main] INFO org.eclipse.jetty.server.Server - jetty-9.4.44.v20210927; built: 2021-09-27T23:02:44.612Z; git: 8da83308eeca865e495e53ef315a249d63ba9332; jvm 1.8.0_312-b07
[main] INFO org.eclipse.jetty.server.AbstractConnector - Started ServerConnector@62e099d7{HTTP/1.1, (http/1.1)}{0.0.0.0:41617}
[main] INFO org.eclipse.jetty.server.Server - Started @83489ms
[qtp368792881-860] INFO com.github.restdriver.clientdriver.jetty.DefaultClientDriverJettyHandler - Handling: GET /
[main] INFO com.github.restdriver.clientdriver.ClientDriver - Beginning verification
[main] INFO org.eclipse.jetty.server.Server - jetty-9.4.44.v20210927; built: 2021-09-27T23:02:44.612Z; git: 8da83308eeca865e495e53ef315a249d63ba9332; jvm 1.8.0_312-b07
[main] INFO org.eclipse.jetty.server.AbstractConnector - Started ServerConnector@31813ea8{HTTP/1.1, (http/1.1)}{0.0.0.0:34173}
[main] INFO org.eclipse.jetty.server.Server - Started @83957ms
[qtp1573989633-874] INFO com.github.restdriver.clientdriver.jetty.DefaultClientDriverJettyHandler - Handling: GET /
[main] INFO com.github.restdriver.clientdriver.ClientDriver - Beginning verification
[main] INFO org.eclipse.jetty.server.Server - jetty-9.4.44.v20210927; built: 2021-09-27T23:02:44.612Z; git: 8da83308eeca865e495e53ef315a249d63ba9332; jvm 1.8.0_312-b07
[main] INFO org.eclipse.jetty.server.AbstractConnector - Started ServerConnector@fc3fd5b{HTTP/1.1, (http/1.1)}{0.0.0.0:37985}
[main] INFO org.eclipse.jetty.server.Server - Started @84801ms
[qtp807903288-884] INFO com.github.restdriver.clientdriver.jetty.DefaultClientDriverJettyHandler - Handling: GET /
[main] INFO com.github.restdriver.clientdriver.ClientDriver - Beginning verification
[main] INFO org.eclipse.jetty.server.Server - jetty-9.4.44.v20210927; built: 2021-09-27T23:02:44.612Z; git: 8da83308eeca865e495e53ef315a249d63ba9332; jvm 1.8.0_312-b07
[main] INFO org.eclipse.jetty.server.AbstractConnector - Started ServerConnector@163f56c{HTTP/1.1, (http/1.1)}{0.0.0.0:43643}
[main] INFO org.eclipse.jetty.server.Server - Started @87617ms
[qtp1643819107-893] INFO com.github.restdriver.clientdriver.jetty.DefaultClientDriverJettyHandler - Handling: GET /
[main] INFO com.github.restdriver.clientdriver.ClientDriver - Beginning verification
[INFO] Tests run: 4, Failures: 0, Errors: 0, Skipped: 0, Time elapsed: 14.178 s - in org.zalando.riptide.ThreadAffinityTest
[INFO] Running org.zalando.riptide.NoopRouteTest
[INFO] Tests run: 1, Failures: 0, Errors: 0, Skipped: 0, Time elapsed: 0.025 s - in org.zalando.riptide.NoopRouteTest
[INFO] Running org.zalando.riptide.NoBaseUrlTest
[INFO] Tests run: 3, Failures: 0, Errors: 0, Skipped: 0, Time elapsed: 0.163 s - in org.zalando.riptide.NoBaseUrlTest
[INFO] Running org.zalando.riptide.ContentTypeDispatchTest
[INFO] Tests run: 6, Failures: 0, Errors: 0, Skipped: 0, Time elapsed: 0.143 s - in org.zalando.riptide.ContentTypeDispatchTest
[INFO] Running org.zalando.riptide.MethodDelegateTest
[INFO] Tests run: 24, Failures: 0, Errors: 0, Skipped: 0, Time elapsed: 0.597 s - in org.zalando.riptide.MethodDelegateTest
[INFO] Running org.zalando.riptide.CompletableFuturesTest
[INFO] Tests run: 3, Failures: 0, Errors: 0, Skipped: 0, Time elapsed: 0.001 s - in org.zalando.riptide.CompletableFuturesTest
[INFO] 
[INFO] Results:
[INFO] 
[WARNING] Tests run: 1222, Failures: 0, Errors: 0, Skipped: 336
[INFO] 
[INFO] 
[INFO] --------------------< org.zalando:riptide-capture >---------------------
[INFO] Building Riptide: Capture 3.1.0-SNAPSHOT                          [4/22]
[INFO] --------------------------------[ jar ]---------------------------------
[INFO] 
[INFO] --- maven-enforcer-plugin:3.0.0:enforce (enforce-maven) @ riptide-capture ---
[INFO] 
[INFO] --- duplicate-finder-maven-plugin:1.5.0:check (default) @ riptide-capture ---
[INFO] Checking compile classpath
[INFO] Checking runtime classpath
[INFO] Checking test classpath
[INFO] 
[INFO] --- jacoco-maven-plugin:0.8.7:prepare-agent (prepare-agent) @ riptide-capture ---
[INFO] argLine set to -javaagent:/root/.m2/repository/org/jacoco/org.jacoco.agent/0.8.7/org.jacoco.agent-0.8.7-runtime.jar=destfile=/home/target/riptide-capture/target/jacoco.exec
[INFO] 
[INFO] --- maven-resources-plugin:3.2.0:resources (default-resources) @ riptide-capture ---
[INFO] Using 'UTF-8' encoding to copy filtered resources.
[INFO] Using 'UTF-8' encoding to copy filtered properties files.
[INFO] skip non existing resourceDirectory /home/target/riptide-capture/src/main/resources
[INFO] 
[INFO] --- maven-compiler-plugin:3.8.1:compile (default-compile) @ riptide-capture ---
[INFO] Nothing to compile - all classes are up to date
[INFO] 
[INFO] --- maven-resources-plugin:3.2.0:testResources (default-testResources) @ riptide-capture ---
[INFO] Using 'UTF-8' encoding to copy filtered resources.
[INFO] Using 'UTF-8' encoding to copy filtered properties files.
[INFO] Copying 1 resource
[INFO] 
[INFO] --- maven-compiler-plugin:3.8.1:testCompile (default-testCompile) @ riptide-capture ---
[INFO] Nothing to compile - all classes are up to date
[INFO] 
[INFO] --- maven-surefire-plugin:2.22.2:test (default-test) @ riptide-capture ---
[INFO] 
[INFO] -------------------------------------------------------
[INFO]  T E S T S
[INFO] -------------------------------------------------------
[INFO] Running org.zalando.riptide.capture.CaptureTest
[INFO] Tests run: 4, Failures: 0, Errors: 0, Skipped: 0, Time elapsed: 5.421 s - in org.zalando.riptide.capture.CaptureTest
[INFO] 
[INFO] Results:
[INFO] 
[INFO] Tests run: 4, Failures: 0, Errors: 0, Skipped: 0
[INFO] 
[INFO] 
[INFO] -------------------< org.zalando:riptide-httpclient >-------------------
[INFO] Building Riptide: HTTP Client 3.1.0-SNAPSHOT                      [5/22]
[INFO] --------------------------------[ jar ]---------------------------------
[INFO] 
[INFO] --- maven-enforcer-plugin:3.0.0:enforce (enforce-maven) @ riptide-httpclient ---
[INFO] 
[INFO] --- duplicate-finder-maven-plugin:1.5.0:check (default) @ riptide-httpclient ---
[INFO] Checking compile classpath
[INFO] Checking runtime classpath
[INFO] Checking test classpath
[INFO] 
[INFO] --- jacoco-maven-plugin:0.8.7:prepare-agent (prepare-agent) @ riptide-httpclient ---
[INFO] argLine set to -javaagent:/root/.m2/repository/org/jacoco/org.jacoco.agent/0.8.7/org.jacoco.agent-0.8.7-runtime.jar=destfile=/home/target/riptide-httpclient/target/jacoco.exec
[INFO] 
[INFO] --- maven-resources-plugin:3.2.0:resources (default-resources) @ riptide-httpclient ---
[INFO] Using 'UTF-8' encoding to copy filtered resources.
[INFO] Using 'UTF-8' encoding to copy filtered properties files.
[INFO] skip non existing resourceDirectory /home/target/riptide-httpclient/src/main/resources
[INFO] 
[INFO] --- maven-compiler-plugin:3.8.1:compile (default-compile) @ riptide-httpclient ---
[INFO] Nothing to compile - all classes are up to date
[INFO] 
[INFO] --- maven-resources-plugin:3.2.0:testResources (default-testResources) @ riptide-httpclient ---
[INFO] Using 'UTF-8' encoding to copy filtered resources.
[INFO] Using 'UTF-8' encoding to copy filtered properties files.
[INFO] Copying 1 resource
[INFO] 
[INFO] --- maven-compiler-plugin:3.8.1:testCompile (default-testCompile) @ riptide-httpclient ---
[INFO] Nothing to compile - all classes are up to date
[INFO] 
[INFO] --- maven-surefire-plugin:2.22.2:test (default-test) @ riptide-httpclient ---
[INFO] 
[INFO] -------------------------------------------------------
[INFO]  T E S T S
[INFO] -------------------------------------------------------
[INFO] Running org.zalando.riptide.httpclient.ClosingTest
[main] WARN org.zalando.riptide.httpclient.Closing - IOException thrown while closing Closeable.
java.io.IOException
	at org.zalando.riptide.httpclient.Closing.closeQuietly(Closing.java:21)
	at org.zalando.riptide.httpclient.ClosingTest.swallowsException(ClosingTest.java:36)
	at sun.reflect.NativeMethodAccessorImpl.invoke0(Native Method)
	at sun.reflect.NativeMethodAccessorImpl.invoke(NativeMethodAccessorImpl.java:62)
	at sun.reflect.DelegatingMethodAccessorImpl.invoke(DelegatingMethodAccessorImpl.java:43)
	at java.lang.reflect.Method.invoke(Method.java:498)
	at org.junit.platform.commons.util.ReflectionUtils.invokeMethod(ReflectionUtils.java:725)
	at org.junit.jupiter.engine.execution.MethodInvocation.proceed(MethodInvocation.java:60)
	at org.junit.jupiter.engine.execution.InvocationInterceptorChain$ValidatingInvocation.proceed(InvocationInterceptorChain.java:131)
	at org.junit.jupiter.engine.extension.TimeoutExtension.intercept(TimeoutExtension.java:149)
	at org.junit.jupiter.engine.extension.TimeoutExtension.interceptTestableMethod(TimeoutExtension.java:140)
	at org.junit.jupiter.engine.extension.TimeoutExtension.interceptTestMethod(TimeoutExtension.java:84)
	at org.junit.jupiter.engine.execution.ExecutableInvoker$ReflectiveInterceptorCall.lambda$ofVoidMethod$0(ExecutableInvoker.java:115)
	at org.junit.jupiter.engine.execution.ExecutableInvoker.lambda$invoke$0(ExecutableInvoker.java:105)
	at org.junit.jupiter.engine.execution.InvocationInterceptorChain$InterceptedInvocation.proceed(InvocationInterceptorChain.java:106)
	at org.junit.jupiter.engine.execution.InvocationInterceptorChain.proceed(InvocationInterceptorChain.java:64)
	at org.junit.jupiter.engine.execution.InvocationInterceptorChain.chainAndInvoke(InvocationInterceptorChain.java:45)
	at org.junit.jupiter.engine.execution.InvocationInterceptorChain.invoke(InvocationInterceptorChain.java:37)
	at org.junit.jupiter.engine.execution.ExecutableInvoker.invoke(ExecutableInvoker.java:104)
	at org.junit.jupiter.engine.execution.ExecutableInvoker.invoke(ExecutableInvoker.java:98)
	at org.junit.jupiter.engine.descriptor.TestMethodTestDescriptor.lambda$invokeTestMethod$7(TestMethodTestDescriptor.java:214)
	at org.junit.platform.engine.support.hierarchical.ThrowableCollector.execute(ThrowableCollector.java:73)
	at org.junit.jupiter.engine.descriptor.TestMethodTestDescriptor.invokeTestMethod(TestMethodTestDescriptor.java:210)
	at org.junit.jupiter.engine.descriptor.TestMethodTestDescriptor.execute(TestMethodTestDescriptor.java:135)
	at org.junit.jupiter.engine.descriptor.TestMethodTestDescriptor.execute(TestMethodTestDescriptor.java:66)
	at org.junit.platform.engine.support.hierarchical.NodeTestTask.lambda$executeRecursively$6(NodeTestTask.java:151)
	at org.junit.platform.engine.support.hierarchical.ThrowableCollector.execute(ThrowableCollector.java:73)
	at org.junit.platform.engine.support.hierarchical.NodeTestTask.lambda$executeRecursively$8(NodeTestTask.java:141)
	at org.junit.platform.engine.support.hierarchical.Node.around(Node.java:137)
	at org.junit.platform.engine.support.hierarchical.NodeTestTask.lambda$executeRecursively$9(NodeTestTask.java:139)
	at org.junit.platform.engine.support.hierarchical.ThrowableCollector.execute(ThrowableCollector.java:73)
	at org.junit.platform.engine.support.hierarchical.NodeTestTask.executeRecursively(NodeTestTask.java:138)
	at org.junit.platform.engine.support.hierarchical.NodeTestTask.execute(NodeTestTask.java:95)
	at java.util.ArrayList.forEach(ArrayList.java:1259)
	at org.junit.platform.engine.support.hierarchical.SameThreadHierarchicalTestExecutorService.invokeAll(SameThreadHierarchicalTestExecutorService.java:41)
	at org.junit.platform.engine.support.hierarchical.NodeTestTask.lambda$executeRecursively$6(NodeTestTask.java:155)
	at org.junit.platform.engine.support.hierarchical.ThrowableCollector.execute(ThrowableCollector.java:73)
	at org.junit.platform.engine.support.hierarchical.NodeTestTask.lambda$executeRecursively$8(NodeTestTask.java:141)
	at org.junit.platform.engine.support.hierarchical.Node.around(Node.java:137)
	at org.junit.platform.engine.support.hierarchical.NodeTestTask.lambda$executeRecursively$9(NodeTestTask.java:139)
	at org.junit.platform.engine.support.hierarchical.ThrowableCollector.execute(ThrowableCollector.java:73)
	at org.junit.platform.engine.support.hierarchical.NodeTestTask.executeRecursively(NodeTestTask.java:138)
	at org.junit.platform.engine.support.hierarchical.NodeTestTask.execute(NodeTestTask.java:95)
	at java.util.ArrayList.forEach(ArrayList.java:1259)
	at org.junit.platform.engine.support.hierarchical.SameThreadHierarchicalTestExecutorService.invokeAll(SameThreadHierarchicalTestExecutorService.java:41)
	at org.junit.platform.engine.support.hierarchical.NodeTestTask.lambda$executeRecursively$6(NodeTestTask.java:155)
	at org.junit.platform.engine.support.hierarchical.ThrowableCollector.execute(ThrowableCollector.java:73)
	at org.junit.platform.engine.support.hierarchical.NodeTestTask.lambda$executeRecursively$8(NodeTestTask.java:141)
	at org.junit.platform.engine.support.hierarchical.Node.around(Node.java:137)
	at org.junit.platform.engine.support.hierarchical.NodeTestTask.lambda$executeRecursively$9(NodeTestTask.java:139)
	at org.junit.platform.engine.support.hierarchical.ThrowableCollector.execute(ThrowableCollector.java:73)
	at org.junit.platform.engine.support.hierarchical.NodeTestTask.executeRecursively(NodeTestTask.java:138)
	at org.junit.platform.engine.support.hierarchical.NodeTestTask.execute(NodeTestTask.java:95)
	at org.junit.platform.engine.support.hierarchical.SameThreadHierarchicalTestExecutorService.submit(SameThreadHierarchicalTestExecutorService.java:35)
	at org.junit.platform.engine.support.hierarchical.HierarchicalTestExecutor.execute(HierarchicalTestExecutor.java:57)
	at org.junit.platform.engine.support.hierarchical.HierarchicalTestEngine.execute(HierarchicalTestEngine.java:54)
	at org.junit.platform.launcher.core.DefaultLauncher.execute(DefaultLauncher.java:220)
	at org.junit.platform.launcher.core.DefaultLauncher.lambda$execute$6(DefaultLauncher.java:188)
	at org.junit.platform.launcher.core.DefaultLauncher.withInterceptedStreams(DefaultLauncher.java:202)
	at org.junit.platform.launcher.core.DefaultLauncher.execute(DefaultLauncher.java:181)
	at org.junit.platform.launcher.core.DefaultLauncher.execute(DefaultLauncher.java:128)
	at org.apache.maven.surefire.junitplatform.JUnitPlatformProvider.invokeAllTests(JUnitPlatformProvider.java:150)
	at org.apache.maven.surefire.junitplatform.JUnitPlatformProvider.invoke(JUnitPlatformProvider.java:124)
	at org.apache.maven.surefire.booter.ForkedBooter.invokeProviderInSameClassLoader(ForkedBooter.java:384)
	at org.apache.maven.surefire.booter.ForkedBooter.runSuitesInProcess(ForkedBooter.java:345)
	at org.apache.maven.surefire.booter.ForkedBooter.execute(ForkedBooter.java:126)
	at org.apache.maven.surefire.booter.ForkedBooter.main(ForkedBooter.java:418)
[INFO] Tests run: 4, Failures: 0, Errors: 0, Skipped: 0, Time elapsed: 3.852 s - in org.zalando.riptide.httpclient.ClosingTest
[INFO] Running org.zalando.riptide.httpclient.EmptyInputStreamTest
[INFO] Tests run: 1, Failures: 0, Errors: 0, Skipped: 0, Time elapsed: 0.041 s - in org.zalando.riptide.httpclient.EmptyInputStreamTest
[INFO] Running org.zalando.riptide.httpclient.ApacheClientHttpResponseBodyTest
[INFO] Tests run: 2, Failures: 0, Errors: 0, Skipped: 0, Time elapsed: 1.361 s - in org.zalando.riptide.httpclient.ApacheClientHttpResponseBodyTest
[INFO] Running org.zalando.riptide.httpclient.metrics.HttpConnectionPoolMetricsTest
[main] INFO org.eclipse.jetty.util.log - Logging initialized @5631ms to org.eclipse.jetty.util.log.Slf4jLog
[main] INFO org.eclipse.jetty.server.Server - jetty-9.4.44.v20210927; built: 2021-09-27T23:02:44.612Z; git: 8da83308eeca865e495e53ef315a249d63ba9332; jvm 1.8.0_312-b07
[main] INFO org.eclipse.jetty.server.AbstractConnector - Started ServerConnector@14d1032a{HTTP/1.1, (http/1.1)}{0.0.0.0:41129}
[main] INFO org.eclipse.jetty.server.Server - Started @6676ms
[qtp467925240-19] INFO com.github.restdriver.clientdriver.jetty.DefaultClientDriverJettyHandler - Handling: GET /
[INFO] Tests run: 1, Failures: 0, Errors: 0, Skipped: 0, Time elapsed: 11.062 s - in org.zalando.riptide.httpclient.metrics.HttpConnectionPoolMetricsTest
[INFO] Running org.zalando.riptide.httpclient.BufferingApacheClientHttpRequestFactoryTest
[main] INFO org.eclipse.jetty.server.Server - jetty-9.4.44.v20210927; built: 2021-09-27T23:02:44.612Z; git: 8da83308eeca865e495e53ef315a249d63ba9332; jvm 1.8.0_312-b07
[main] INFO org.eclipse.jetty.server.AbstractConnector - Started ServerConnector@537231c1{HTTP/1.1, (http/1.1)}{0.0.0.0:46035}
[main] INFO org.eclipse.jetty.server.Server - Started @11360ms
[qtp214857672-30] INFO com.github.restdriver.clientdriver.jetty.DefaultClientDriverJettyHandler - Handling: GET /
[qtp214857672-25] INFO com.github.restdriver.clientdriver.jetty.DefaultClientDriverJettyHandler - Handling: GET /
[main] INFO org.eclipse.jetty.server.Server - jetty-9.4.44.v20210927; built: 2021-09-27T23:02:44.612Z; git: 8da83308eeca865e495e53ef315a249d63ba9332; jvm 1.8.0_312-b07
[main] INFO org.eclipse.jetty.server.AbstractConnector - Started ServerConnector@5708b827{HTTP/1.1, (http/1.1)}{0.0.0.0:41247}
[main] INFO org.eclipse.jetty.server.Server - Started @12944ms
[qtp2054611385-40] INFO com.github.restdriver.clientdriver.jetty.DefaultClientDriverJettyHandler - Handling: POST /repos/zalando/riptide/contributors
[main] INFO org.eclipse.jetty.server.Server - jetty-9.4.44.v20210927; built: 2021-09-27T23:02:44.612Z; git: 8da83308eeca865e495e53ef315a249d63ba9332; jvm 1.8.0_312-b07
[main] INFO org.eclipse.jetty.server.AbstractConnector - Started ServerConnector@16c90eac{HTTP/1.1, (http/1.1)}{0.0.0.0:41017}
[main] INFO org.eclipse.jetty.server.Server - Started @14953ms
[qtp200550954-49] INFO com.github.restdriver.clientdriver.jetty.DefaultClientDriverJettyHandler - Handling: GET /repos/zalando/riptide/contributors
[main] INFO org.eclipse.jetty.server.Server - jetty-9.4.44.v20210927; built: 2021-09-27T23:02:44.612Z; git: 8da83308eeca865e495e53ef315a249d63ba9332; jvm 1.8.0_312-b07
[main] INFO org.eclipse.jetty.server.AbstractConnector - Started ServerConnector@2ff19416{HTTP/1.1, (http/1.1)}{0.0.0.0:41861}
[main] INFO org.eclipse.jetty.server.Server - Started @16100ms
[main] INFO org.eclipse.jetty.server.Server - jetty-9.4.44.v20210927; built: 2021-09-27T23:02:44.612Z; git: 8da83308eeca865e495e53ef315a249d63ba9332; jvm 1.8.0_312-b07
[main] INFO org.eclipse.jetty.server.AbstractConnector - Started ServerConnector@21833d72{HTTP/1.1, (http/1.1)}{0.0.0.0:45247}
[main] INFO org.eclipse.jetty.server.Server - Started @17261ms
[qtp1486395980-64] INFO com.github.restdriver.clientdriver.jetty.DefaultClientDriverJettyHandler - Handling: GET /wrong-content-type
[qtp1486395980-60] INFO com.github.restdriver.clientdriver.jetty.DefaultClientDriverJettyHandler - Handling: GET /wrong-content-type
[main] INFO org.eclipse.jetty.server.Server - jetty-9.4.44.v20210927; built: 2021-09-27T23:02:44.612Z; git: 8da83308eeca865e495e53ef315a249d63ba9332; jvm 1.8.0_312-b07
[main] INFO org.eclipse.jetty.server.AbstractConnector - Started ServerConnector@986deaf{HTTP/1.1, (http/1.1)}{0.0.0.0:37853}
[main] INFO org.eclipse.jetty.server.Server - Started @20216ms
[qtp736497727-76] INFO com.github.restdriver.clientdriver.jetty.DefaultClientDriverJettyHandler - Handling: GET /repos/zalando/riptide/contributors
[ERROR] Tests run: 6, Failures: 1, Errors: 0, Skipped: 0, Time elapsed: 20.555 s <<< FAILURE! - in org.zalando.riptide.httpclient.BufferingApacheClientHttpRequestFactoryTest
[ERROR] shouldReleaseConnection  Time elapsed: 2.446 s  <<< FAILURE!
org.opentest4j.AssertionFailedError: execution exceeded timeout of 750 ms by 844 ms
	at org.junit.jupiter.api.AssertionUtils.fail(AssertionUtils.java:39)
	at org.junit.jupiter.api.Assertions.fail(Assertions.java:134)
	at org.junit.jupiter.api.AssertTimeout.assertTimeout(AssertTimeout.java:90)
	at org.junit.jupiter.api.AssertTimeout.assertTimeout(AssertTimeout.java:70)
	at org.junit.jupiter.api.AssertTimeout.assertTimeout(AssertTimeout.java:52)
	at org.junit.jupiter.api.AssertTimeout.assertTimeout(AssertTimeout.java:48)
	at org.junit.jupiter.api.Assertions.assertTimeout(Assertions.java:3261)
	at org.zalando.riptide.httpclient.AbstractApacheClientHttpRequestFactoryTest.shouldReleaseConnection(AbstractApacheClientHttpRequestFactoryTest.java:184)
	at sun.reflect.NativeMethodAccessorImpl.invoke0(Native Method)
	at sun.reflect.NativeMethodAccessorImpl.invoke(NativeMethodAccessorImpl.java:62)
	at sun.reflect.DelegatingMethodAccessorImpl.invoke(DelegatingMethodAccessorImpl.java:43)
	at java.lang.reflect.Method.invoke(Method.java:498)
	at org.junit.platform.commons.util.ReflectionUtils.invokeMethod(ReflectionUtils.java:725)
	at org.junit.jupiter.engine.execution.MethodInvocation.proceed(MethodInvocation.java:60)
	at org.junit.jupiter.engine.execution.InvocationInterceptorChain$ValidatingInvocation.proceed(InvocationInterceptorChain.java:131)
	at org.junit.jupiter.engine.extension.TimeoutExtension.intercept(TimeoutExtension.java:149)
	at org.junit.jupiter.engine.extension.TimeoutExtension.interceptTestableMethod(TimeoutExtension.java:140)
	at org.junit.jupiter.engine.extension.TimeoutExtension.interceptTestMethod(TimeoutExtension.java:84)
	at org.junit.jupiter.engine.execution.ExecutableInvoker$ReflectiveInterceptorCall.lambda$ofVoidMethod$0(ExecutableInvoker.java:115)
	at org.junit.jupiter.engine.execution.ExecutableInvoker.lambda$invoke$0(ExecutableInvoker.java:105)
	at org.junit.jupiter.engine.execution.InvocationInterceptorChain$InterceptedInvocation.proceed(InvocationInterceptorChain.java:106)
	at org.junit.jupiter.engine.execution.InvocationInterceptorChain.proceed(InvocationInterceptorChain.java:64)
	at org.junit.jupiter.engine.execution.InvocationInterceptorChain.chainAndInvoke(InvocationInterceptorChain.java:45)
	at org.junit.jupiter.engine.execution.InvocationInterceptorChain.invoke(InvocationInterceptorChain.java:37)
	at org.junit.jupiter.engine.execution.ExecutableInvoker.invoke(ExecutableInvoker.java:104)
	at org.junit.jupiter.engine.execution.ExecutableInvoker.invoke(ExecutableInvoker.java:98)
	at org.junit.jupiter.engine.descriptor.TestMethodTestDescriptor.lambda$invokeTestMethod$7(TestMethodTestDescriptor.java:214)
	at org.junit.platform.engine.support.hierarchical.ThrowableCollector.execute(ThrowableCollector.java:73)
	at org.junit.jupiter.engine.descriptor.TestMethodTestDescriptor.invokeTestMethod(TestMethodTestDescriptor.java:210)
	at org.junit.jupiter.engine.descriptor.TestMethodTestDescriptor.execute(TestMethodTestDescriptor.java:135)
	at org.junit.jupiter.engine.descriptor.TestMethodTestDescriptor.execute(TestMethodTestDescriptor.java:66)
	at org.junit.platform.engine.support.hierarchical.NodeTestTask.lambda$executeRecursively$6(NodeTestTask.java:151)
	at org.junit.platform.engine.support.hierarchical.ThrowableCollector.execute(ThrowableCollector.java:73)
	at org.junit.platform.engine.support.hierarchical.NodeTestTask.lambda$executeRecursively$8(NodeTestTask.java:141)
	at org.junit.platform.engine.support.hierarchical.Node.around(Node.java:137)
	at org.junit.platform.engine.support.hierarchical.NodeTestTask.lambda$executeRecursively$9(NodeTestTask.java:139)
	at org.junit.platform.engine.support.hierarchical.ThrowableCollector.execute(ThrowableCollector.java:73)
	at org.junit.platform.engine.support.hierarchical.NodeTestTask.executeRecursively(NodeTestTask.java:138)
	at org.junit.platform.engine.support.hierarchical.NodeTestTask.execute(NodeTestTask.java:95)
	at java.util.ArrayList.forEach(ArrayList.java:1259)
	at org.junit.platform.engine.support.hierarchical.SameThreadHierarchicalTestExecutorService.invokeAll(SameThreadHierarchicalTestExecutorService.java:41)
	at org.junit.platform.engine.support.hierarchical.NodeTestTask.lambda$executeRecursively$6(NodeTestTask.java:155)
	at org.junit.platform.engine.support.hierarchical.ThrowableCollector.execute(ThrowableCollector.java:73)
	at org.junit.platform.engine.support.hierarchical.NodeTestTask.lambda$executeRecursively$8(NodeTestTask.java:141)
	at org.junit.platform.engine.support.hierarchical.Node.around(Node.java:137)
	at org.junit.platform.engine.support.hierarchical.NodeTestTask.lambda$executeRecursively$9(NodeTestTask.java:139)
	at org.junit.platform.engine.support.hierarchical.ThrowableCollector.execute(ThrowableCollector.java:73)
	at org.junit.platform.engine.support.hierarchical.NodeTestTask.executeRecursively(NodeTestTask.java:138)
	at org.junit.platform.engine.support.hierarchical.NodeTestTask.execute(NodeTestTask.java:95)
	at java.util.ArrayList.forEach(ArrayList.java:1259)
	at org.junit.platform.engine.support.hierarchical.SameThreadHierarchicalTestExecutorService.invokeAll(SameThreadHierarchicalTestExecutorService.java:41)
	at org.junit.platform.engine.support.hierarchical.NodeTestTask.lambda$executeRecursively$6(NodeTestTask.java:155)
	at org.junit.platform.engine.support.hierarchical.ThrowableCollector.execute(ThrowableCollector.java:73)
	at org.junit.platform.engine.support.hierarchical.NodeTestTask.lambda$executeRecursively$8(NodeTestTask.java:141)
	at org.junit.platform.engine.support.hierarchical.Node.around(Node.java:137)
	at org.junit.platform.engine.support.hierarchical.NodeTestTask.lambda$executeRecursively$9(NodeTestTask.java:139)
	at org.junit.platform.engine.support.hierarchical.ThrowableCollector.execute(ThrowableCollector.java:73)
	at org.junit.platform.engine.support.hierarchical.NodeTestTask.executeRecursively(NodeTestTask.java:138)
	at org.junit.platform.engine.support.hierarchical.NodeTestTask.execute(NodeTestTask.java:95)
	at org.junit.platform.engine.support.hierarchical.SameThreadHierarchicalTestExecutorService.submit(SameThreadHierarchicalTestExecutorService.java:35)
	at org.junit.platform.engine.support.hierarchical.HierarchicalTestExecutor.execute(HierarchicalTestExecutor.java:57)
	at org.junit.platform.engine.support.hierarchical.HierarchicalTestEngine.execute(HierarchicalTestEngine.java:54)
	at org.junit.platform.launcher.core.DefaultLauncher.execute(DefaultLauncher.java:220)
	at org.junit.platform.launcher.core.DefaultLauncher.lambda$execute$6(DefaultLauncher.java:188)
	at org.junit.platform.launcher.core.DefaultLauncher.withInterceptedStreams(DefaultLauncher.java:202)
	at org.junit.platform.launcher.core.DefaultLauncher.execute(DefaultLauncher.java:181)
	at org.junit.platform.launcher.core.DefaultLauncher.execute(DefaultLauncher.java:128)
	at org.apache.maven.surefire.junitplatform.JUnitPlatformProvider.invokeAllTests(JUnitPlatformProvider.java:150)
	at org.apache.maven.surefire.junitplatform.JUnitPlatformProvider.invoke(JUnitPlatformProvider.java:124)
	at org.apache.maven.surefire.booter.ForkedBooter.invokeProviderInSameClassLoader(ForkedBooter.java:384)
	at org.apache.maven.surefire.booter.ForkedBooter.runSuitesInProcess(ForkedBooter.java:345)
	at org.apache.maven.surefire.booter.ForkedBooter.execute(ForkedBooter.java:126)
	at org.apache.maven.surefire.booter.ForkedBooter.main(ForkedBooter.java:418)

[INFO] Running org.zalando.riptide.httpclient.EndOfStreamAwareInputStreamTest
[INFO] Tests run: 6, Failures: 0, Errors: 0, Skipped: 0, Time elapsed: 1.539 s - in org.zalando.riptide.httpclient.EndOfStreamAwareInputStreamTest
[INFO] Running org.zalando.riptide.httpclient.StreamingApacheClientHttpRequestTest
[INFO] Tests run: 3, Failures: 0, Errors: 0, Skipped: 0, Time elapsed: 0.016 s - in org.zalando.riptide.httpclient.StreamingApacheClientHttpRequestTest
[INFO] Running org.zalando.riptide.httpclient.StreamingApacheClientHttpRequestFactoryTest
[main] INFO org.eclipse.jetty.server.Server - jetty-9.4.44.v20210927; built: 2021-09-27T23:02:44.612Z; git: 8da83308eeca865e495e53ef315a249d63ba9332; jvm 1.8.0_312-b07
[main] INFO org.eclipse.jetty.server.AbstractConnector - Started ServerConnector@3a657773{HTTP/1.1, (http/1.1)}{0.0.0.0:34015}
[main] INFO org.eclipse.jetty.server.Server - Started @23624ms
[qtp839576787-85] INFO com.github.restdriver.clientdriver.jetty.DefaultClientDriverJettyHandler - Handling: GET /
[qtp839576787-81] INFO com.github.restdriver.clientdriver.jetty.DefaultClientDriverJettyHandler - Handling: GET /
[main] INFO org.eclipse.jetty.server.Server - jetty-9.4.44.v20210927; built: 2021-09-27T23:02:44.612Z; git: 8da83308eeca865e495e53ef315a249d63ba9332; jvm 1.8.0_312-b07
[main] INFO org.eclipse.jetty.server.AbstractConnector - Started ServerConnector@1bd5577e{HTTP/1.1, (http/1.1)}{0.0.0.0:39011}
[main] INFO org.eclipse.jetty.server.Server - Started @25288ms
[qtp429130019-91] INFO com.github.restdriver.clientdriver.jetty.DefaultClientDriverJettyHandler - Handling: POST /repos/zalando/riptide/contributors
[main] INFO org.eclipse.jetty.server.Server - jetty-9.4.44.v20210927; built: 2021-09-27T23:02:44.612Z; git: 8da83308eeca865e495e53ef315a249d63ba9332; jvm 1.8.0_312-b07
[main] INFO org.eclipse.jetty.server.AbstractConnector - Started ServerConnector@7ba92958{HTTP/1.1, (http/1.1)}{0.0.0.0:34539}
[main] INFO org.eclipse.jetty.server.Server - Started @27952ms
[qtp763204263-104] INFO com.github.restdriver.clientdriver.jetty.DefaultClientDriverJettyHandler - Handling: GET /repos/zalando/riptide/contributors
[main] INFO org.eclipse.jetty.server.Server - jetty-9.4.44.v20210927; built: 2021-09-27T23:02:44.612Z; git: 8da83308eeca865e495e53ef315a249d63ba9332; jvm 1.8.0_312-b07
[main] INFO org.eclipse.jetty.server.AbstractConnector - Started ServerConnector@5aa345a5{HTTP/1.1, (http/1.1)}{0.0.0.0:36489}
[main] INFO org.eclipse.jetty.server.Server - Started @30213ms
[main] INFO org.eclipse.jetty.server.Server - jetty-9.4.44.v20210927; built: 2021-09-27T23:02:44.612Z; git: 8da83308eeca865e495e53ef315a249d63ba9332; jvm 1.8.0_312-b07
[main] INFO org.eclipse.jetty.server.AbstractConnector - Started ServerConnector@6c430548{HTTP/1.1, (http/1.1)}{0.0.0.0:40949}
[main] INFO org.eclipse.jetty.server.Server - Started @33044ms
[qtp1060100403-121] INFO com.github.restdriver.clientdriver.jetty.DefaultClientDriverJettyHandler - Handling: GET /wrong-content-type
[qtp1060100403-123] INFO com.github.restdriver.clientdriver.jetty.DefaultClientDriverJettyHandler - Handling: GET /wrong-content-type
[main] INFO org.eclipse.jetty.server.Server - jetty-9.4.44.v20210927; built: 2021-09-27T23:02:44.612Z; git: 8da83308eeca865e495e53ef315a249d63ba9332; jvm 1.8.0_312-b07
[main] INFO org.eclipse.jetty.server.AbstractConnector - Started ServerConnector@2d45db20{HTTP/1.1, (http/1.1)}{0.0.0.0:37691}
[main] INFO org.eclipse.jetty.server.Server - Started @36932ms
[qtp1601868063-127] INFO com.github.restdriver.clientdriver.jetty.DefaultClientDriverJettyHandler - Handling: GET /repos/zalando/riptide/contributors
[ERROR] Tests run: 6, Failures: 1, Errors: 0, Skipped: 0, Time elapsed: 31.385 s <<< FAILURE! - in org.zalando.riptide.httpclient.StreamingApacheClientHttpRequestFactoryTest
[ERROR] shouldReleaseConnection  Time elapsed: 2.649 s  <<< FAILURE!
org.opentest4j.AssertionFailedError: execution exceeded timeout of 750 ms by 1687 ms
	at org.junit.jupiter.api.AssertionUtils.fail(AssertionUtils.java:39)
	at org.junit.jupiter.api.Assertions.fail(Assertions.java:134)
	at org.junit.jupiter.api.AssertTimeout.assertTimeout(AssertTimeout.java:90)
	at org.junit.jupiter.api.AssertTimeout.assertTimeout(AssertTimeout.java:70)
	at org.junit.jupiter.api.AssertTimeout.assertTimeout(AssertTimeout.java:52)
	at org.junit.jupiter.api.AssertTimeout.assertTimeout(AssertTimeout.java:48)
	at org.junit.jupiter.api.Assertions.assertTimeout(Assertions.java:3261)
	at org.zalando.riptide.httpclient.AbstractApacheClientHttpRequestFactoryTest.shouldReleaseConnection(AbstractApacheClientHttpRequestFactoryTest.java:184)
	at sun.reflect.NativeMethodAccessorImpl.invoke0(Native Method)
	at sun.reflect.NativeMethodAccessorImpl.invoke(NativeMethodAccessorImpl.java:62)
	at sun.reflect.DelegatingMethodAccessorImpl.invoke(DelegatingMethodAccessorImpl.java:43)
	at java.lang.reflect.Method.invoke(Method.java:498)
	at org.junit.platform.commons.util.ReflectionUtils.invokeMethod(ReflectionUtils.java:725)
	at org.junit.jupiter.engine.execution.MethodInvocation.proceed(MethodInvocation.java:60)
	at org.junit.jupiter.engine.execution.InvocationInterceptorChain$ValidatingInvocation.proceed(InvocationInterceptorChain.java:131)
	at org.junit.jupiter.engine.extension.TimeoutExtension.intercept(TimeoutExtension.java:149)
	at org.junit.jupiter.engine.extension.TimeoutExtension.interceptTestableMethod(TimeoutExtension.java:140)
	at org.junit.jupiter.engine.extension.TimeoutExtension.interceptTestMethod(TimeoutExtension.java:84)
	at org.junit.jupiter.engine.execution.ExecutableInvoker$ReflectiveInterceptorCall.lambda$ofVoidMethod$0(ExecutableInvoker.java:115)
	at org.junit.jupiter.engine.execution.ExecutableInvoker.lambda$invoke$0(ExecutableInvoker.java:105)
	at org.junit.jupiter.engine.execution.InvocationInterceptorChain$InterceptedInvocation.proceed(InvocationInterceptorChain.java:106)
	at org.junit.jupiter.engine.execution.InvocationInterceptorChain.proceed(InvocationInterceptorChain.java:64)
	at org.junit.jupiter.engine.execution.InvocationInterceptorChain.chainAndInvoke(InvocationInterceptorChain.java:45)
	at org.junit.jupiter.engine.execution.InvocationInterceptorChain.invoke(InvocationInterceptorChain.java:37)
	at org.junit.jupiter.engine.execution.ExecutableInvoker.invoke(ExecutableInvoker.java:104)
	at org.junit.jupiter.engine.execution.ExecutableInvoker.invoke(ExecutableInvoker.java:98)
	at org.junit.jupiter.engine.descriptor.TestMethodTestDescriptor.lambda$invokeTestMethod$7(TestMethodTestDescriptor.java:214)
	at org.junit.platform.engine.support.hierarchical.ThrowableCollector.execute(ThrowableCollector.java:73)
	at org.junit.jupiter.engine.descriptor.TestMethodTestDescriptor.invokeTestMethod(TestMethodTestDescriptor.java:210)
	at org.junit.jupiter.engine.descriptor.TestMethodTestDescriptor.execute(TestMethodTestDescriptor.java:135)
	at org.junit.jupiter.engine.descriptor.TestMethodTestDescriptor.execute(TestMethodTestDescriptor.java:66)
	at org.junit.platform.engine.support.hierarchical.NodeTestTask.lambda$executeRecursively$6(NodeTestTask.java:151)
	at org.junit.platform.engine.support.hierarchical.ThrowableCollector.execute(ThrowableCollector.java:73)
	at org.junit.platform.engine.support.hierarchical.NodeTestTask.lambda$executeRecursively$8(NodeTestTask.java:141)
	at org.junit.platform.engine.support.hierarchical.Node.around(Node.java:137)
	at org.junit.platform.engine.support.hierarchical.NodeTestTask.lambda$executeRecursively$9(NodeTestTask.java:139)
	at org.junit.platform.engine.support.hierarchical.ThrowableCollector.execute(ThrowableCollector.java:73)
	at org.junit.platform.engine.support.hierarchical.NodeTestTask.executeRecursively(NodeTestTask.java:138)
	at org.junit.platform.engine.support.hierarchical.NodeTestTask.execute(NodeTestTask.java:95)
	at java.util.ArrayList.forEach(ArrayList.java:1259)
	at org.junit.platform.engine.support.hierarchical.SameThreadHierarchicalTestExecutorService.invokeAll(SameThreadHierarchicalTestExecutorService.java:41)
	at org.junit.platform.engine.support.hierarchical.NodeTestTask.lambda$executeRecursively$6(NodeTestTask.java:155)
	at org.junit.platform.engine.support.hierarchical.ThrowableCollector.execute(ThrowableCollector.java:73)
	at org.junit.platform.engine.support.hierarchical.NodeTestTask.lambda$executeRecursively$8(NodeTestTask.java:141)
	at org.junit.platform.engine.support.hierarchical.Node.around(Node.java:137)
	at org.junit.platform.engine.support.hierarchical.NodeTestTask.lambda$executeRecursively$9(NodeTestTask.java:139)
	at org.junit.platform.engine.support.hierarchical.ThrowableCollector.execute(ThrowableCollector.java:73)
	at org.junit.platform.engine.support.hierarchical.NodeTestTask.executeRecursively(NodeTestTask.java:138)
	at org.junit.platform.engine.support.hierarchical.NodeTestTask.execute(NodeTestTask.java:95)
	at java.util.ArrayList.forEach(ArrayList.java:1259)
	at org.junit.platform.engine.support.hierarchical.SameThreadHierarchicalTestExecutorService.invokeAll(SameThreadHierarchicalTestExecutorService.java:41)
	at org.junit.platform.engine.support.hierarchical.NodeTestTask.lambda$executeRecursively$6(NodeTestTask.java:155)
	at org.junit.platform.engine.support.hierarchical.ThrowableCollector.execute(ThrowableCollector.java:73)
	at org.junit.platform.engine.support.hierarchical.NodeTestTask.lambda$executeRecursively$8(NodeTestTask.java:141)
	at org.junit.platform.engine.support.hierarchical.Node.around(Node.java:137)
	at org.junit.platform.engine.support.hierarchical.NodeTestTask.lambda$executeRecursively$9(NodeTestTask.java:139)
	at org.junit.platform.engine.support.hierarchical.ThrowableCollector.execute(ThrowableCollector.java:73)
	at org.junit.platform.engine.support.hierarchical.NodeTestTask.executeRecursively(NodeTestTask.java:138)
	at org.junit.platform.engine.support.hierarchical.NodeTestTask.execute(NodeTestTask.java:95)
	at org.junit.platform.engine.support.hierarchical.SameThreadHierarchicalTestExecutorService.submit(SameThreadHierarchicalTestExecutorService.java:35)
	at org.junit.platform.engine.support.hierarchical.HierarchicalTestExecutor.execute(HierarchicalTestExecutor.java:57)
	at org.junit.platform.engine.support.hierarchical.HierarchicalTestEngine.execute(HierarchicalTestEngine.java:54)
	at org.junit.platform.launcher.core.DefaultLauncher.execute(DefaultLauncher.java:220)
	at org.junit.platform.launcher.core.DefaultLauncher.lambda$execute$6(DefaultLauncher.java:188)
	at org.junit.platform.launcher.core.DefaultLauncher.withInterceptedStreams(DefaultLauncher.java:202)
	at org.junit.platform.launcher.core.DefaultLauncher.execute(DefaultLauncher.java:181)
	at org.junit.platform.launcher.core.DefaultLauncher.execute(DefaultLauncher.java:128)
	at org.apache.maven.surefire.junitplatform.JUnitPlatformProvider.invokeAllTests(JUnitPlatformProvider.java:150)
	at org.apache.maven.surefire.junitplatform.JUnitPlatformProvider.invoke(JUnitPlatformProvider.java:124)
	at org.apache.maven.surefire.booter.ForkedBooter.invokeProviderInSameClassLoader(ForkedBooter.java:384)
	at org.apache.maven.surefire.booter.ForkedBooter.runSuitesInProcess(ForkedBooter.java:345)
	at org.apache.maven.surefire.booter.ForkedBooter.execute(ForkedBooter.java:126)
	at org.apache.maven.surefire.booter.ForkedBooter.main(ForkedBooter.java:418)

[INFO] 
[INFO] Results:
[INFO] 
[ERROR] Failures: 
[ERROR]   BufferingApacheClientHttpRequestFactoryTest>AbstractApacheClientHttpRequestFactoryTest.shouldReleaseConnection:184 execution exceeded timeout of 750 ms by 844 ms
[ERROR]   StreamingApacheClientHttpRequestFactoryTest>AbstractApacheClientHttpRequestFactoryTest.shouldReleaseConnection:184 execution exceeded timeout of 750 ms by 1687 ms
[INFO] 
[ERROR] Tests run: 29, Failures: 2, Errors: 0, Skipped: 0
[INFO] 
[INFO] 
[INFO] ------------------------------------------------------------------------
[INFO] Skipping Riptide: Authorization
[INFO] This project has been banned from the build due to previous failures.
[INFO] ------------------------------------------------------------------------
[INFO] 
[INFO] ----------------------< org.zalando:riptide-bom >-----------------------
[INFO] Building Riptide: Bill of Materials 3.1.0-SNAPSHOT                [6/22]
[INFO] --------------------------------[ pom ]---------------------------------
[INFO] 
[INFO] --- maven-enforcer-plugin:3.0.0:enforce (enforce-maven) @ riptide-bom ---
[INFO] 
[INFO] --- duplicate-finder-maven-plugin:1.5.0:check (default) @ riptide-bom ---
[INFO] Ignoring POM project!
[INFO] 
[INFO] --- jacoco-maven-plugin:0.8.7:prepare-agent (prepare-agent) @ riptide-bom ---
[INFO] argLine set to -javaagent:/root/.m2/repository/org/jacoco/org.jacoco.agent/0.8.7/org.jacoco.agent-0.8.7-runtime.jar=destfile=/home/target/riptide-bom/target/jacoco.exec
[INFO] 
[INFO] ------------------------------------------------------------------------
[INFO] Skipping Riptide: Chaos
[INFO] This project has been banned from the build due to previous failures.
[INFO] ------------------------------------------------------------------------
[INFO] 
[INFO] --------------------< org.zalando:riptide-problem >---------------------
[INFO] Building Riptide: Problem 3.1.0-SNAPSHOT                          [7/22]
[INFO] --------------------------------[ jar ]---------------------------------
[INFO] 
[INFO] --- maven-enforcer-plugin:3.0.0:enforce (enforce-maven) @ riptide-problem ---
[INFO] 
[INFO] --- duplicate-finder-maven-plugin:1.5.0:check (default) @ riptide-problem ---
[INFO] Checking compile classpath
[INFO] Checking runtime classpath
[INFO] Checking test classpath
[INFO] 
[INFO] --- jacoco-maven-plugin:0.8.7:prepare-agent (prepare-agent) @ riptide-problem ---
[INFO] argLine set to -javaagent:/root/.m2/repository/org/jacoco/org.jacoco.agent/0.8.7/org.jacoco.agent-0.8.7-runtime.jar=destfile=/home/target/riptide-problem/target/jacoco.exec
[INFO] 
[INFO] --- maven-resources-plugin:3.2.0:resources (default-resources) @ riptide-problem ---
[INFO] Using 'UTF-8' encoding to copy filtered resources.
[INFO] Using 'UTF-8' encoding to copy filtered properties files.
[INFO] skip non existing resourceDirectory /home/target/riptide-problem/src/main/resources
[INFO] 
[INFO] --- maven-compiler-plugin:3.8.1:compile (default-compile) @ riptide-problem ---
[INFO] Nothing to compile - all classes are up to date
[INFO] 
[INFO] --- maven-resources-plugin:3.2.0:testResources (default-testResources) @ riptide-problem ---
[INFO] Using 'UTF-8' encoding to copy filtered resources.
[INFO] Using 'UTF-8' encoding to copy filtered properties files.
[INFO] Copying 1 resource
[INFO] 
[INFO] --- maven-compiler-plugin:3.8.1:testCompile (default-testCompile) @ riptide-problem ---
[INFO] Nothing to compile - all classes are up to date
[INFO] 
[INFO] --- maven-surefire-plugin:2.22.2:test (default-test) @ riptide-problem ---
[INFO] 
[INFO] -------------------------------------------------------
[INFO]  T E S T S
[INFO] -------------------------------------------------------
[INFO] Running org.zalando.riptide.problem.ProblemRouteTest
[INFO] Tests run: 7, Failures: 0, Errors: 0, Skipped: 0, Time elapsed: 11.214 s - in org.zalando.riptide.problem.ProblemRouteTest
[INFO] 
[INFO] Results:
[INFO] 
[INFO] Tests run: 7, Failures: 0, Errors: 0, Skipped: 0
[INFO] 
[INFO] 
[INFO] -----------------< org.zalando:riptide-compatibility >------------------
[INFO] Building Riptide: Compatibility 3.1.0-SNAPSHOT                    [8/22]
[INFO] --------------------------------[ jar ]---------------------------------
[INFO] 
[INFO] --- maven-enforcer-plugin:3.0.0:enforce (enforce-maven) @ riptide-compatibility ---
[INFO] 
[INFO] --- duplicate-finder-maven-plugin:1.5.0:check (default) @ riptide-compatibility ---
[INFO] Checking compile classpath
[INFO] Checking runtime classpath
[INFO] Checking test classpath
[INFO] 
[INFO] --- jacoco-maven-plugin:0.8.7:prepare-agent (prepare-agent) @ riptide-compatibility ---
[INFO] argLine set to -javaagent:/root/.m2/repository/org/jacoco/org.jacoco.agent/0.8.7/org.jacoco.agent-0.8.7-runtime.jar=destfile=/home/target/riptide-compatibility/target/jacoco.exec
[INFO] 
[INFO] --- maven-resources-plugin:3.2.0:resources (default-resources) @ riptide-compatibility ---
[INFO] Using 'UTF-8' encoding to copy filtered resources.
[INFO] Using 'UTF-8' encoding to copy filtered properties files.
[INFO] skip non existing resourceDirectory /home/target/riptide-compatibility/src/main/resources
[INFO] 
[INFO] --- maven-compiler-plugin:3.8.1:compile (default-compile) @ riptide-compatibility ---
[INFO] Nothing to compile - all classes are up to date
[INFO] 
[INFO] --- maven-resources-plugin:3.2.0:testResources (default-testResources) @ riptide-compatibility ---
[INFO] Using 'UTF-8' encoding to copy filtered resources.
[INFO] Using 'UTF-8' encoding to copy filtered properties files.
[INFO] skip non existing resourceDirectory /home/target/riptide-compatibility/src/test/resources
[INFO] 
[INFO] --- maven-compiler-plugin:3.8.1:testCompile (default-testCompile) @ riptide-compatibility ---
[INFO] Nothing to compile - all classes are up to date
[INFO] 
[INFO] --- maven-surefire-plugin:2.22.2:test (default-test) @ riptide-compatibility ---
[INFO] 
[INFO] -------------------------------------------------------
[INFO]  T E S T S
[INFO] -------------------------------------------------------
[INFO] Running org.zalando.riptide.compatibility.AsyncHttpOperationsTest
[main] INFO org.eclipse.jetty.util.log - Logging initialized @3395ms to org.eclipse.jetty.util.log.Slf4jLog
[main] INFO org.eclipse.jetty.server.Server - jetty-9.4.44.v20210927; built: 2021-09-27T23:02:44.612Z; git: 8da83308eeca865e495e53ef315a249d63ba9332; jvm 1.8.0_312-b07
[main] INFO org.eclipse.jetty.server.AbstractConnector - Started ServerConnector@58606c91{HTTP/1.1, (http/1.1)}{0.0.0.0:33017}
[main] INFO org.eclipse.jetty.server.Server - Started @4148ms
[qtp252247502-19] INFO com.github.restdriver.clientdriver.jetty.DefaultClientDriverJettyHandler - Handling: GET /users/1
[main] INFO com.github.restdriver.clientdriver.ClientDriver - Beginning verification
[main] INFO org.eclipse.jetty.server.AbstractConnector - Stopped ServerConnector@58606c91{HTTP/1.1, (http/1.1)}{0.0.0.0:0}
[main] INFO com.github.restdriver.clientdriver.ClientDriver - Beginning verification
[main] INFO org.eclipse.jetty.server.Server - jetty-9.4.44.v20210927; built: 2021-09-27T23:02:44.612Z; git: 8da83308eeca865e495e53ef315a249d63ba9332; jvm 1.8.0_312-b07
[main] INFO org.eclipse.jetty.server.AbstractConnector - Started ServerConnector@5b6789cf{HTTP/1.1, (http/1.1)}{0.0.0.0:43139}
[main] INFO org.eclipse.jetty.server.Server - Started @11112ms
[qtp1558549436-30] INFO com.github.restdriver.clientdriver.jetty.DefaultClientDriverJettyHandler - Handling: GET /users/1
[main] INFO com.github.restdriver.clientdriver.ClientDriver - Beginning verification
[main] INFO org.eclipse.jetty.server.AbstractConnector - Stopped ServerConnector@5b6789cf{HTTP/1.1, (http/1.1)}{0.0.0.0:0}
[main] INFO com.github.restdriver.clientdriver.ClientDriver - Beginning verification
[main] INFO org.eclipse.jetty.server.Server - jetty-9.4.44.v20210927; built: 2021-09-27T23:02:44.612Z; git: 8da83308eeca865e495e53ef315a249d63ba9332; jvm 1.8.0_312-b07
[main] INFO org.eclipse.jetty.server.AbstractConnector - Started ServerConnector@340f4723{HTTP/1.1, (http/1.1)}{0.0.0.0:32821}
[main] INFO org.eclipse.jetty.server.Server - Started @11952ms
[qtp462914986-38] INFO com.github.restdriver.clientdriver.jetty.DefaultClientDriverJettyHandler - Handling: GET /users/1
[main] INFO com.github.restdriver.clientdriver.ClientDriver - Beginning verification
[main] INFO org.eclipse.jetty.server.AbstractConnector - Stopped ServerConnector@340f4723{HTTP/1.1, (http/1.1)}{0.0.0.0:0}
[main] INFO com.github.restdriver.clientdriver.ClientDriver - Beginning verification
[main] INFO org.eclipse.jetty.server.Server - jetty-9.4.44.v20210927; built: 2021-09-27T23:02:44.612Z; git: 8da83308eeca865e495e53ef315a249d63ba9332; jvm 1.8.0_312-b07
[main] INFO org.eclipse.jetty.server.AbstractConnector - Started ServerConnector@542aba71{HTTP/1.1, (http/1.1)}{0.0.0.0:42127}
[main] INFO org.eclipse.jetty.server.Server - Started @12807ms
[qtp371613997-49] INFO com.github.restdriver.clientdriver.jetty.DefaultClientDriverJettyHandler - Handling: PUT /users/1
[main] INFO com.github.restdriver.clientdriver.ClientDriver - Beginning verification
[main] INFO org.eclipse.jetty.server.AbstractConnector - Stopped ServerConnector@542aba71{HTTP/1.1, (http/1.1)}{0.0.0.0:0}
[main] INFO com.github.restdriver.clientdriver.ClientDriver - Beginning verification
[main] INFO org.eclipse.jetty.server.Server - jetty-9.4.44.v20210927; built: 2021-09-27T23:02:44.612Z; git: 8da83308eeca865e495e53ef315a249d63ba9332; jvm 1.8.0_312-b07
[main] INFO org.eclipse.jetty.server.AbstractConnector - Started ServerConnector@466d6ea5{HTTP/1.1, (http/1.1)}{0.0.0.0:43825}
[main] INFO org.eclipse.jetty.server.Server - Started @13460ms
[qtp846382515-59] INFO com.github.restdriver.clientdriver.jetty.DefaultClientDriverJettyHandler - Handling: PUT /users/1
[main] INFO com.github.restdriver.clientdriver.ClientDriver - Beginning verification
[main] INFO org.eclipse.jetty.server.AbstractConnector - Stopped ServerConnector@466d6ea5{HTTP/1.1, (http/1.1)}{0.0.0.0:0}
[main] INFO com.github.restdriver.clientdriver.ClientDriver - Beginning verification
[main] INFO org.eclipse.jetty.server.Server - jetty-9.4.44.v20210927; built: 2021-09-27T23:02:44.612Z; git: 8da83308eeca865e495e53ef315a249d63ba9332; jvm 1.8.0_312-b07
[main] INFO org.eclipse.jetty.server.AbstractConnector - Started ServerConnector@5e79bdf6{HTTP/1.1, (http/1.1)}{0.0.0.0:36419}
[main] INFO org.eclipse.jetty.server.Server - Started @14139ms
[qtp1036613338-71] INFO com.github.restdriver.clientdriver.jetty.DefaultClientDriverJettyHandler - Handling: PUT /users/1
[main] INFO com.github.restdriver.clientdriver.ClientDriver - Beginning verification
[main] INFO org.eclipse.jetty.server.AbstractConnector - Stopped ServerConnector@5e79bdf6{HTTP/1.1, (http/1.1)}{0.0.0.0:0}
[main] INFO com.github.restdriver.clientdriver.ClientDriver - Beginning verification
[main] INFO org.eclipse.jetty.server.Server - jetty-9.4.44.v20210927; built: 2021-09-27T23:02:44.612Z; git: 8da83308eeca865e495e53ef315a249d63ba9332; jvm 1.8.0_312-b07
[main] INFO org.eclipse.jetty.server.AbstractConnector - Started ServerConnector@5acf51d7{HTTP/1.1, (http/1.1)}{0.0.0.0:43595}
[main] INFO org.eclipse.jetty.server.Server - Started @14724ms
[qtp347805422-79] INFO com.github.restdriver.clientdriver.jetty.DefaultClientDriverJettyHandler - Handling: POST /departments/1/users
[main] INFO com.github.restdriver.clientdriver.ClientDriver - Beginning verification
[main] INFO org.eclipse.jetty.server.AbstractConnector - Stopped ServerConnector@5acf51d7{HTTP/1.1, (http/1.1)}{0.0.0.0:0}
[main] INFO com.github.restdriver.clientdriver.ClientDriver - Beginning verification
[main] INFO org.eclipse.jetty.server.Server - jetty-9.4.44.v20210927; built: 2021-09-27T23:02:44.612Z; git: 8da83308eeca865e495e53ef315a249d63ba9332; jvm 1.8.0_312-b07
[main] INFO org.eclipse.jetty.server.AbstractConnector - Started ServerConnector@7bb6a1f4{HTTP/1.1, (http/1.1)}{0.0.0.0:45639}
[main] INFO org.eclipse.jetty.server.Server - Started @15219ms
[qtp90778062-89] INFO com.github.restdriver.clientdriver.jetty.DefaultClientDriverJettyHandler - Handling: POST /departments/1/users
[main] INFO com.github.restdriver.clientdriver.ClientDriver - Beginning verification
[main] INFO org.eclipse.jetty.server.AbstractConnector - Stopped ServerConnector@7bb6a1f4{HTTP/1.1, (http/1.1)}{0.0.0.0:0}
[main] INFO com.github.restdriver.clientdriver.ClientDriver - Beginning verification
[main] INFO org.eclipse.jetty.server.Server - jetty-9.4.44.v20210927; built: 2021-09-27T23:02:44.612Z; git: 8da83308eeca865e495e53ef315a249d63ba9332; jvm 1.8.0_312-b07
[main] INFO org.eclipse.jetty.server.AbstractConnector - Started ServerConnector@3e94a6f6{HTTP/1.1, (http/1.1)}{0.0.0.0:39441}
[main] INFO org.eclipse.jetty.server.Server - Started @15952ms
[qtp663202788-99] INFO com.github.restdriver.clientdriver.jetty.DefaultClientDriverJettyHandler - Handling: POST /departments/1/users
[main] INFO com.github.restdriver.clientdriver.ClientDriver - Beginning verification
[main] INFO org.eclipse.jetty.server.AbstractConnector - Stopped ServerConnector@3e94a6f6{HTTP/1.1, (http/1.1)}{0.0.0.0:0}
[main] INFO com.github.restdriver.clientdriver.ClientDriver - Beginning verification
[main] INFO org.eclipse.jetty.server.Server - jetty-9.4.44.v20210927; built: 2021-09-27T23:02:44.612Z; git: 8da83308eeca865e495e53ef315a249d63ba9332; jvm 1.8.0_312-b07
[main] INFO org.eclipse.jetty.server.AbstractConnector - Started ServerConnector@7a68818c{HTTP/1.1, (http/1.1)}{0.0.0.0:45897}
[main] INFO org.eclipse.jetty.server.Server - Started @16882ms
[qtp1564215093-109] INFO com.github.restdriver.clientdriver.jetty.DefaultClientDriverJettyHandler - Handling: DELETE /users/1
[main] INFO com.github.restdriver.clientdriver.ClientDriver - Beginning verification
[main] INFO org.eclipse.jetty.server.AbstractConnector - Stopped ServerConnector@7a68818c{HTTP/1.1, (http/1.1)}{0.0.0.0:0}
[main] INFO com.github.restdriver.clientdriver.ClientDriver - Beginning verification
[main] INFO org.eclipse.jetty.server.Server - jetty-9.4.44.v20210927; built: 2021-09-27T23:02:44.612Z; git: 8da83308eeca865e495e53ef315a249d63ba9332; jvm 1.8.0_312-b07
[main] INFO org.eclipse.jetty.server.AbstractConnector - Started ServerConnector@6ccf06f1{HTTP/1.1, (http/1.1)}{0.0.0.0:46475}
[main] INFO org.eclipse.jetty.server.Server - Started @17760ms
[qtp397143823-116] INFO com.github.restdriver.clientdriver.jetty.DefaultClientDriverJettyHandler - Handling: DELETE /users/1
[main] INFO com.github.restdriver.clientdriver.ClientDriver - Beginning verification
[main] INFO org.eclipse.jetty.server.AbstractConnector - Stopped ServerConnector@6ccf06f1{HTTP/1.1, (http/1.1)}{0.0.0.0:0}
[main] INFO com.github.restdriver.clientdriver.ClientDriver - Beginning verification
[main] INFO org.eclipse.jetty.server.Server - jetty-9.4.44.v20210927; built: 2021-09-27T23:02:44.612Z; git: 8da83308eeca865e495e53ef315a249d63ba9332; jvm 1.8.0_312-b07
[main] INFO org.eclipse.jetty.server.AbstractConnector - Started ServerConnector@56554e7{HTTP/1.1, (http/1.1)}{0.0.0.0:44043}
[main] INFO org.eclipse.jetty.server.Server - Started @18479ms
[qtp679971410-129] INFO com.github.restdriver.clientdriver.jetty.DefaultClientDriverJettyHandler - Handling: DELETE /users/1
[main] INFO com.github.restdriver.clientdriver.ClientDriver - Beginning verification
[main] INFO org.eclipse.jetty.server.AbstractConnector - Stopped ServerConnector@56554e7{HTTP/1.1, (http/1.1)}{0.0.0.0:0}
[main] INFO com.github.restdriver.clientdriver.ClientDriver - Beginning verification
[main] INFO org.eclipse.jetty.server.Server - jetty-9.4.44.v20210927; built: 2021-09-27T23:02:44.612Z; git: 8da83308eeca865e495e53ef315a249d63ba9332; jvm 1.8.0_312-b07
[main] INFO org.eclipse.jetty.server.AbstractConnector - Started ServerConnector@6ecf239d{HTTP/1.1, (http/1.1)}{0.0.0.0:37075}
[main] INFO org.eclipse.jetty.server.Server - Started @19180ms
[qtp877907751-134] INFO com.github.restdriver.clientdriver.jetty.DefaultClientDriverJettyHandler - Handling: POST /departments/1/users
[main] INFO com.github.restdriver.clientdriver.ClientDriver - Beginning verification
[main] INFO org.eclipse.jetty.server.AbstractConnector - Stopped ServerConnector@6ecf239d{HTTP/1.1, (http/1.1)}{0.0.0.0:0}
[main] INFO com.github.restdriver.clientdriver.ClientDriver - Beginning verification
[main] INFO org.eclipse.jetty.server.Server - jetty-9.4.44.v20210927; built: 2021-09-27T23:02:44.612Z; git: 8da83308eeca865e495e53ef315a249d63ba9332; jvm 1.8.0_312-b07
[main] INFO org.eclipse.jetty.server.AbstractConnector - Started ServerConnector@3f1b4a14{HTTP/1.1, (http/1.1)}{0.0.0.0:41511}
[main] INFO org.eclipse.jetty.server.Server - Started @19852ms
[qtp694065903-151] INFO com.github.restdriver.clientdriver.jetty.DefaultClientDriverJettyHandler - Handling: POST /departments/1/users
[main] INFO com.github.restdriver.clientdriver.ClientDriver - Beginning verification
[main] INFO org.eclipse.jetty.server.AbstractConnector - Stopped ServerConnector@3f1b4a14{HTTP/1.1, (http/1.1)}{0.0.0.0:0}
[main] INFO com.github.restdriver.clientdriver.ClientDriver - Beginning verification
[main] INFO org.eclipse.jetty.server.Server - jetty-9.4.44.v20210927; built: 2021-09-27T23:02:44.612Z; git: 8da83308eeca865e495e53ef315a249d63ba9332; jvm 1.8.0_312-b07
[main] INFO org.eclipse.jetty.server.AbstractConnector - Started ServerConnector@198c97d0{HTTP/1.1, (http/1.1)}{0.0.0.0:39227}
[main] INFO org.eclipse.jetty.server.Server - Started @20312ms
[qtp1913195136-156] INFO com.github.restdriver.clientdriver.jetty.DefaultClientDriverJettyHandler - Handling: POST /departments/1/users
[main] INFO com.github.restdriver.clientdriver.ClientDriver - Beginning verification
[main] INFO org.eclipse.jetty.server.AbstractConnector - Stopped ServerConnector@198c97d0{HTTP/1.1, (http/1.1)}{0.0.0.0:0}
[main] INFO com.github.restdriver.clientdriver.ClientDriver - Beginning verification
[main] INFO org.eclipse.jetty.server.Server - jetty-9.4.44.v20210927; built: 2021-09-27T23:02:44.612Z; git: 8da83308eeca865e495e53ef315a249d63ba9332; jvm 1.8.0_312-b07
[main] INFO org.eclipse.jetty.server.AbstractConnector - Started ServerConnector@4acae4c7{HTTP/1.1, (http/1.1)}{0.0.0.0:34225}
[main] INFO org.eclipse.jetty.server.Server - Started @20966ms
[qtp1563981194-168] INFO com.github.restdriver.clientdriver.jetty.DefaultClientDriverJettyHandler - Handling: POST /departments/1/users
[main] INFO com.github.restdriver.clientdriver.ClientDriver - Beginning verification
[main] INFO org.eclipse.jetty.server.AbstractConnector - Stopped ServerConnector@4acae4c7{HTTP/1.1, (http/1.1)}{0.0.0.0:0}
[main] INFO com.github.restdriver.clientdriver.ClientDriver - Beginning verification
[main] INFO org.eclipse.jetty.server.Server - jetty-9.4.44.v20210927; built: 2021-09-27T23:02:44.612Z; git: 8da83308eeca865e495e53ef315a249d63ba9332; jvm 1.8.0_312-b07
[main] INFO org.eclipse.jetty.server.AbstractConnector - Started ServerConnector@450b99f2{HTTP/1.1, (http/1.1)}{0.0.0.0:43793}
[main] INFO org.eclipse.jetty.server.Server - Started @21683ms
[qtp407577812-179] INFO com.github.restdriver.clientdriver.jetty.DefaultClientDriverJettyHandler - Handling: POST /departments/1/users
[main] INFO com.github.restdriver.clientdriver.ClientDriver - Beginning verification
[main] INFO org.eclipse.jetty.server.AbstractConnector - Stopped ServerConnector@450b99f2{HTTP/1.1, (http/1.1)}{0.0.0.0:0}
[main] INFO com.github.restdriver.clientdriver.ClientDriver - Beginning verification
[main] INFO org.eclipse.jetty.server.Server - jetty-9.4.44.v20210927; built: 2021-09-27T23:02:44.612Z; git: 8da83308eeca865e495e53ef315a249d63ba9332; jvm 1.8.0_312-b07
[main] INFO org.eclipse.jetty.server.AbstractConnector - Started ServerConnector@168f447d{HTTP/1.1, (http/1.1)}{0.0.0.0:45491}
[main] INFO org.eclipse.jetty.server.Server - Started @22279ms
[qtp841966211-189] INFO com.github.restdriver.clientdriver.jetty.DefaultClientDriverJettyHandler - Handling: POST /departments/1/users
[main] INFO com.github.restdriver.clientdriver.ClientDriver - Beginning verification
[main] INFO org.eclipse.jetty.server.AbstractConnector - Stopped ServerConnector@168f447d{HTTP/1.1, (http/1.1)}{0.0.0.0:0}
[main] INFO com.github.restdriver.clientdriver.ClientDriver - Beginning verification
[main] INFO org.eclipse.jetty.server.Server - jetty-9.4.44.v20210927; built: 2021-09-27T23:02:44.612Z; git: 8da83308eeca865e495e53ef315a249d63ba9332; jvm 1.8.0_312-b07
[main] INFO org.eclipse.jetty.server.AbstractConnector - Started ServerConnector@621c7b91{HTTP/1.1, (http/1.1)}{0.0.0.0:43919}
[main] INFO org.eclipse.jetty.server.Server - Started @22719ms
[qtp2090675927-199] INFO com.github.restdriver.clientdriver.jetty.DefaultClientDriverJettyHandler - Handling: GET /departments/1/users
[main] INFO com.github.restdriver.clientdriver.ClientDriver - Beginning verification
[main] INFO org.eclipse.jetty.server.AbstractConnector - Stopped ServerConnector@621c7b91{HTTP/1.1, (http/1.1)}{0.0.0.0:0}
[main] INFO com.github.restdriver.clientdriver.ClientDriver - Beginning verification
[main] INFO org.eclipse.jetty.server.Server - jetty-9.4.44.v20210927; built: 2021-09-27T23:02:44.612Z; git: 8da83308eeca865e495e53ef315a249d63ba9332; jvm 1.8.0_312-b07
[main] INFO org.eclipse.jetty.server.AbstractConnector - Started ServerConnector@71c9c7f3{HTTP/1.1, (http/1.1)}{0.0.0.0:40233}
[main] INFO org.eclipse.jetty.server.Server - Started @23547ms
[qtp817788877-210] INFO com.github.restdriver.clientdriver.jetty.DefaultClientDriverJettyHandler - Handling: POST /departments/1/users
[main] INFO com.github.restdriver.clientdriver.ClientDriver - Beginning verification
[main] INFO org.eclipse.jetty.server.AbstractConnector - Stopped ServerConnector@71c9c7f3{HTTP/1.1, (http/1.1)}{0.0.0.0:0}
[main] INFO com.github.restdriver.clientdriver.ClientDriver - Beginning verification
[main] INFO org.eclipse.jetty.server.Server - jetty-9.4.44.v20210927; built: 2021-09-27T23:02:44.612Z; git: 8da83308eeca865e495e53ef315a249d63ba9332; jvm 1.8.0_312-b07
[main] INFO org.eclipse.jetty.server.AbstractConnector - Started ServerConnector@42b6acc2{HTTP/1.1, (http/1.1)}{0.0.0.0:43089}
[main] INFO org.eclipse.jetty.server.Server - Started @24095ms
[qtp1513395780-221] INFO com.github.restdriver.clientdriver.jetty.DefaultClientDriverJettyHandler - Handling: HEAD /users/1
[main] INFO com.github.restdriver.clientdriver.ClientDriver - Beginning verification
[main] INFO org.eclipse.jetty.server.AbstractConnector - Stopped ServerConnector@42b6acc2{HTTP/1.1, (http/1.1)}{0.0.0.0:0}
[main] INFO com.github.restdriver.clientdriver.ClientDriver - Beginning verification
[main] INFO org.eclipse.jetty.server.Server - jetty-9.4.44.v20210927; built: 2021-09-27T23:02:44.612Z; git: 8da83308eeca865e495e53ef315a249d63ba9332; jvm 1.8.0_312-b07
[main] INFO org.eclipse.jetty.server.AbstractConnector - Started ServerConnector@5c96cbe7{HTTP/1.1, (http/1.1)}{0.0.0.0:38419}
[main] INFO org.eclipse.jetty.server.Server - Started @24927ms
[qtp126862827-229] INFO com.github.restdriver.clientdriver.jetty.DefaultClientDriverJettyHandler - Handling: HEAD /users/1
[main] INFO com.github.restdriver.clientdriver.ClientDriver - Beginning verification
[main] INFO org.eclipse.jetty.server.AbstractConnector - Stopped ServerConnector@5c96cbe7{HTTP/1.1, (http/1.1)}{0.0.0.0:0}
[main] INFO com.github.restdriver.clientdriver.ClientDriver - Beginning verification
[main] INFO org.eclipse.jetty.server.Server - jetty-9.4.44.v20210927; built: 2021-09-27T23:02:44.612Z; git: 8da83308eeca865e495e53ef315a249d63ba9332; jvm 1.8.0_312-b07
[main] INFO org.eclipse.jetty.server.AbstractConnector - Started ServerConnector@4c3c1963{HTTP/1.1, (http/1.1)}{0.0.0.0:41523}
[main] INFO org.eclipse.jetty.server.Server - Started @25423ms
[qtp1089993541-240] INFO com.github.restdriver.clientdriver.jetty.DefaultClientDriverJettyHandler - Handling: HEAD /users/1
[main] INFO com.github.restdriver.clientdriver.ClientDriver - Beginning verification
[main] INFO org.eclipse.jetty.server.AbstractConnector - Stopped ServerConnector@4c3c1963{HTTP/1.1, (http/1.1)}{0.0.0.0:0}
[main] INFO com.github.restdriver.clientdriver.ClientDriver - Beginning verification
[main] INFO org.eclipse.jetty.server.Server - jetty-9.4.44.v20210927; built: 2021-09-27T23:02:44.612Z; git: 8da83308eeca865e495e53ef315a249d63ba9332; jvm 1.8.0_312-b07
[main] INFO org.eclipse.jetty.server.AbstractConnector - Started ServerConnector@6942ff10{HTTP/1.1, (http/1.1)}{0.0.0.0:37439}
[main] INFO org.eclipse.jetty.server.Server - Started @26119ms
[qtp1669705853-249] INFO com.github.restdriver.clientdriver.jetty.DefaultClientDriverJettyHandler - Handling: OPTIONS /users/1
[main] INFO com.github.restdriver.clientdriver.ClientDriver - Beginning verification
[main] INFO org.eclipse.jetty.server.AbstractConnector - Stopped ServerConnector@6942ff10{HTTP/1.1, (http/1.1)}{0.0.0.0:0}
[main] INFO com.github.restdriver.clientdriver.ClientDriver - Beginning verification
[main] INFO org.eclipse.jetty.server.Server - jetty-9.4.44.v20210927; built: 2021-09-27T23:02:44.612Z; git: 8da83308eeca865e495e53ef315a249d63ba9332; jvm 1.8.0_312-b07
[main] INFO org.eclipse.jetty.server.AbstractConnector - Started ServerConnector@1c8e1233{HTTP/1.1, (http/1.1)}{0.0.0.0:46133}
[main] INFO org.eclipse.jetty.server.Server - Started @26630ms
[qtp1512891480-260] INFO com.github.restdriver.clientdriver.jetty.DefaultClientDriverJettyHandler - Handling: OPTIONS /users/1
[main] INFO com.github.restdriver.clientdriver.ClientDriver - Beginning verification
[main] INFO org.eclipse.jetty.server.AbstractConnector - Stopped ServerConnector@1c8e1233{HTTP/1.1, (http/1.1)}{0.0.0.0:0}
[main] INFO com.github.restdriver.clientdriver.ClientDriver - Beginning verification
[main] INFO org.eclipse.jetty.server.Server - jetty-9.4.44.v20210927; built: 2021-09-27T23:02:44.612Z; git: 8da83308eeca865e495e53ef315a249d63ba9332; jvm 1.8.0_312-b07
[main] INFO org.eclipse.jetty.server.AbstractConnector - Started ServerConnector@6da53709{HTTP/1.1, (http/1.1)}{0.0.0.0:45091}
[main] INFO org.eclipse.jetty.server.Server - Started @27247ms
[qtp175186756-269] INFO com.github.restdriver.clientdriver.jetty.DefaultClientDriverJettyHandler - Handling: OPTIONS /users/1
[main] INFO com.github.restdriver.clientdriver.ClientDriver - Beginning verification
[main] INFO org.eclipse.jetty.server.AbstractConnector - Stopped ServerConnector@6da53709{HTTP/1.1, (http/1.1)}{0.0.0.0:0}
[main] INFO com.github.restdriver.clientdriver.ClientDriver - Beginning verification
[main] INFO org.eclipse.jetty.server.Server - jetty-9.4.44.v20210927; built: 2021-09-27T23:02:44.612Z; git: 8da83308eeca865e495e53ef315a249d63ba9332; jvm 1.8.0_312-b07
[main] INFO org.eclipse.jetty.server.AbstractConnector - Started ServerConnector@504ccf42{HTTP/1.1, (http/1.1)}{0.0.0.0:36141}
[main] INFO org.eclipse.jetty.server.Server - Started @27692ms
[main] INFO com.github.restdriver.clientdriver.ClientDriver - Beginning verification
[main] INFO org.eclipse.jetty.server.AbstractConnector - Stopped ServerConnector@504ccf42{HTTP/1.1, (http/1.1)}{0.0.0.0:0}
[main] INFO com.github.restdriver.clientdriver.ClientDriver - Beginning verification
[INFO] Tests run: 27, Failures: 0, Errors: 0, Skipped: 0, Time elapsed: 49.668 s - in org.zalando.riptide.compatibility.AsyncHttpOperationsTest
[INFO] Running org.zalando.riptide.compatibility.HttpOutputMessageClientHttpRequestAdapterTest
[INFO] Tests run: 4, Failures: 0, Errors: 0, Skipped: 0, Time elapsed: 2.894 s - in org.zalando.riptide.compatibility.HttpOutputMessageClientHttpRequestAdapterTest
[INFO] Running org.zalando.riptide.compatibility.CompletableToListenableFutureAdapterTest
[INFO] Tests run: 4, Failures: 0, Errors: 0, Skipped: 0, Time elapsed: 0.775 s - in org.zalando.riptide.compatibility.CompletableToListenableFutureAdapterTest
[INFO] Running org.zalando.riptide.compatibility.HttpOperationsTest
[main] INFO org.eclipse.jetty.server.Server - jetty-9.4.44.v20210927; built: 2021-09-27T23:02:44.612Z; git: 8da83308eeca865e495e53ef315a249d63ba9332; jvm 1.8.0_312-b07
[main] INFO org.eclipse.jetty.server.AbstractConnector - Started ServerConnector@6dcf902{HTTP/1.1, (http/1.1)}{0.0.0.0:43967}
[main] INFO org.eclipse.jetty.server.Server - Started @29847ms
[qtp617412264-287] INFO com.github.restdriver.clientdriver.jetty.DefaultClientDriverJettyHandler - Handling: GET /users/1
[main] INFO com.github.restdriver.clientdriver.ClientDriver - Beginning verification
[main] INFO org.eclipse.jetty.server.AbstractConnector - Stopped ServerConnector@6dcf902{HTTP/1.1, (http/1.1)}{0.0.0.0:0}
[main] INFO com.github.restdriver.clientdriver.ClientDriver - Beginning verification
[main] INFO org.eclipse.jetty.server.Server - jetty-9.4.44.v20210927; built: 2021-09-27T23:02:44.612Z; git: 8da83308eeca865e495e53ef315a249d63ba9332; jvm 1.8.0_312-b07
[main] INFO org.eclipse.jetty.server.AbstractConnector - Started ServerConnector@3e84c698{HTTP/1.1, (http/1.1)}{0.0.0.0:44169}
[main] INFO org.eclipse.jetty.server.Server - Started @30491ms
[qtp1912703909-298] INFO com.github.restdriver.clientdriver.jetty.DefaultClientDriverJettyHandler - Handling: GET /users/1
[main] INFO com.github.restdriver.clientdriver.ClientDriver - Beginning verification
[main] INFO org.eclipse.jetty.server.AbstractConnector - Stopped ServerConnector@3e84c698{HTTP/1.1, (http/1.1)}{0.0.0.0:0}
[main] INFO com.github.restdriver.clientdriver.ClientDriver - Beginning verification
[main] INFO org.eclipse.jetty.server.Server - jetty-9.4.44.v20210927; built: 2021-09-27T23:02:44.612Z; git: 8da83308eeca865e495e53ef315a249d63ba9332; jvm 1.8.0_312-b07
[main] INFO org.eclipse.jetty.server.AbstractConnector - Started ServerConnector@32d00eea{HTTP/1.1, (http/1.1)}{0.0.0.0:43927}
[main] INFO org.eclipse.jetty.server.Server - Started @31363ms
[qtp1987664533-308] INFO com.github.restdriver.clientdriver.jetty.DefaultClientDriverJettyHandler - Handling: GET /users/1
[main] INFO com.github.restdriver.clientdriver.ClientDriver - Beginning verification
[main] INFO org.eclipse.jetty.server.AbstractConnector - Stopped ServerConnector@32d00eea{HTTP/1.1, (http/1.1)}{0.0.0.0:0}
[main] INFO com.github.restdriver.clientdriver.ClientDriver - Beginning verification
[main] INFO org.eclipse.jetty.server.Server - jetty-9.4.44.v20210927; built: 2021-09-27T23:02:44.612Z; git: 8da83308eeca865e495e53ef315a249d63ba9332; jvm 1.8.0_312-b07
[main] INFO org.eclipse.jetty.server.AbstractConnector - Started ServerConnector@14a82ea{HTTP/1.1, (http/1.1)}{0.0.0.0:37521}
[main] INFO org.eclipse.jetty.server.Server - Started @31987ms
[qtp114874250-318] INFO com.github.restdriver.clientdriver.jetty.DefaultClientDriverJettyHandler - Handling: GET /users/1
[main] INFO com.github.restdriver.clientdriver.ClientDriver - Beginning verification
[main] INFO org.eclipse.jetty.server.AbstractConnector - Stopped ServerConnector@14a82ea{HTTP/1.1, (http/1.1)}{0.0.0.0:0}
[main] INFO com.github.restdriver.clientdriver.ClientDriver - Beginning verification
[main] INFO org.eclipse.jetty.server.Server - jetty-9.4.44.v20210927; built: 2021-09-27T23:02:44.612Z; git: 8da83308eeca865e495e53ef315a249d63ba9332; jvm 1.8.0_312-b07
[main] INFO org.eclipse.jetty.server.AbstractConnector - Started ServerConnector@31d5ce58{HTTP/1.1, (http/1.1)}{0.0.0.0:45169}
[main] INFO org.eclipse.jetty.server.Server - Started @32520ms
[qtp1283956389-327] INFO com.github.restdriver.clientdriver.jetty.DefaultClientDriverJettyHandler - Handling: GET /users/1
[main] INFO com.github.restdriver.clientdriver.ClientDriver - Beginning verification
[main] INFO org.eclipse.jetty.server.AbstractConnector - Stopped ServerConnector@31d5ce58{HTTP/1.1, (http/1.1)}{0.0.0.0:0}
[main] INFO com.github.restdriver.clientdriver.ClientDriver - Beginning verification
[main] INFO org.eclipse.jetty.server.Server - jetty-9.4.44.v20210927; built: 2021-09-27T23:02:44.612Z; git: 8da83308eeca865e495e53ef315a249d63ba9332; jvm 1.8.0_312-b07
[main] INFO org.eclipse.jetty.server.AbstractConnector - Started ServerConnector@22271065{HTTP/1.1, (http/1.1)}{0.0.0.0:36237}
[main] INFO org.eclipse.jetty.server.Server - Started @33251ms
[qtp177586678-337] INFO com.github.restdriver.clientdriver.jetty.DefaultClientDriverJettyHandler - Handling: GET /users/1
[main] INFO com.github.restdriver.clientdriver.ClientDriver - Beginning verification
[main] INFO org.eclipse.jetty.server.AbstractConnector - Stopped ServerConnector@22271065{HTTP/1.1, (http/1.1)}{0.0.0.0:0}
[main] INFO com.github.restdriver.clientdriver.ClientDriver - Beginning verification
[main] INFO org.eclipse.jetty.server.Server - jetty-9.4.44.v20210927; built: 2021-09-27T23:02:44.612Z; git: 8da83308eeca865e495e53ef315a249d63ba9332; jvm 1.8.0_312-b07
[main] INFO org.eclipse.jetty.server.AbstractConnector - Started ServerConnector@25478603{HTTP/1.1, (http/1.1)}{0.0.0.0:37109}
[main] INFO org.eclipse.jetty.server.Server - Started @33829ms
[qtp397826166-342] INFO com.github.restdriver.clientdriver.jetty.DefaultClientDriverJettyHandler - Handling: PUT /users/1
[main] INFO com.github.restdriver.clientdriver.ClientDriver - Beginning verification
[main] INFO org.eclipse.jetty.server.AbstractConnector - Stopped ServerConnector@25478603{HTTP/1.1, (http/1.1)}{0.0.0.0:0}
[main] INFO com.github.restdriver.clientdriver.ClientDriver - Beginning verification
[main] INFO org.eclipse.jetty.server.Server - jetty-9.4.44.v20210927; built: 2021-09-27T23:02:44.612Z; git: 8da83308eeca865e495e53ef315a249d63ba9332; jvm 1.8.0_312-b07
[main] INFO org.eclipse.jetty.server.AbstractConnector - Started ServerConnector@3e909075{HTTP/1.1, (http/1.1)}{0.0.0.0:46845}
[main] INFO org.eclipse.jetty.server.Server - Started @34436ms
[qtp269049237-357] INFO com.github.restdriver.clientdriver.jetty.DefaultClientDriverJettyHandler - Handling: PUT /users/1
[main] INFO com.github.restdriver.clientdriver.ClientDriver - Beginning verification
[main] INFO org.eclipse.jetty.server.AbstractConnector - Stopped ServerConnector@3e909075{HTTP/1.1, (http/1.1)}{0.0.0.0:0}
[main] INFO com.github.restdriver.clientdriver.ClientDriver - Beginning verification
[main] INFO org.eclipse.jetty.server.Server - jetty-9.4.44.v20210927; built: 2021-09-27T23:02:44.612Z; git: 8da83308eeca865e495e53ef315a249d63ba9332; jvm 1.8.0_312-b07
[main] INFO org.eclipse.jetty.server.AbstractConnector - Started ServerConnector@5876bdbb{HTTP/1.1, (http/1.1)}{0.0.0.0:45051}
[main] INFO org.eclipse.jetty.server.Server - Started @35171ms
[qtp581506828-367] INFO com.github.restdriver.clientdriver.jetty.DefaultClientDriverJettyHandler - Handling: PUT /users/1
[main] INFO com.github.restdriver.clientdriver.ClientDriver - Beginning verification
[main] INFO org.eclipse.jetty.server.AbstractConnector - Stopped ServerConnector@5876bdbb{HTTP/1.1, (http/1.1)}{0.0.0.0:0}
[main] INFO com.github.restdriver.clientdriver.ClientDriver - Beginning verification
[main] INFO org.eclipse.jetty.server.Server - jetty-9.4.44.v20210927; built: 2021-09-27T23:02:44.612Z; git: 8da83308eeca865e495e53ef315a249d63ba9332; jvm 1.8.0_312-b07
[main] INFO org.eclipse.jetty.server.AbstractConnector - Started ServerConnector@1a5d08c5{HTTP/1.1, (http/1.1)}{0.0.0.0:36321}
[main] INFO org.eclipse.jetty.server.Server - Started @35612ms
[qtp1576269908-377] INFO com.github.restdriver.clientdriver.jetty.DefaultClientDriverJettyHandler - Handling: POST /departments/1/users
[main] INFO com.github.restdriver.clientdriver.ClientDriver - Beginning verification
[main] INFO org.eclipse.jetty.server.AbstractConnector - Stopped ServerConnector@1a5d08c5{HTTP/1.1, (http/1.1)}{0.0.0.0:0}
[main] INFO com.github.restdriver.clientdriver.ClientDriver - Beginning verification
[main] INFO org.eclipse.jetty.server.Server - jetty-9.4.44.v20210927; built: 2021-09-27T23:02:44.612Z; git: 8da83308eeca865e495e53ef315a249d63ba9332; jvm 1.8.0_312-b07
[main] INFO org.eclipse.jetty.server.AbstractConnector - Started ServerConnector@5922338f{HTTP/1.1, (http/1.1)}{0.0.0.0:40145}
[main] INFO org.eclipse.jetty.server.Server - Started @36151ms
[qtp1740017091-388] INFO com.github.restdriver.clientdriver.jetty.DefaultClientDriverJettyHandler - Handling: POST /departments/1/users
[main] INFO com.github.restdriver.clientdriver.ClientDriver - Beginning verification
[main] INFO org.eclipse.jetty.server.AbstractConnector - Stopped ServerConnector@5922338f{HTTP/1.1, (http/1.1)}{0.0.0.0:0}
[main] INFO com.github.restdriver.clientdriver.ClientDriver - Beginning verification
[main] INFO org.eclipse.jetty.server.Server - jetty-9.4.44.v20210927; built: 2021-09-27T23:02:44.612Z; git: 8da83308eeca865e495e53ef315a249d63ba9332; jvm 1.8.0_312-b07
[main] INFO org.eclipse.jetty.server.AbstractConnector - Started ServerConnector@4cf2b47a{HTTP/1.1, (http/1.1)}{0.0.0.0:42355}
[main] INFO org.eclipse.jetty.server.Server - Started @36824ms
[qtp571721982-397] INFO com.github.restdriver.clientdriver.jetty.DefaultClientDriverJettyHandler - Handling: POST /departments/1/users
[main] INFO com.github.restdriver.clientdriver.ClientDriver - Beginning verification
[main] INFO org.eclipse.jetty.server.AbstractConnector - Stopped ServerConnector@4cf2b47a{HTTP/1.1, (http/1.1)}{0.0.0.0:0}
[main] INFO com.github.restdriver.clientdriver.ClientDriver - Beginning verification
[main] INFO org.eclipse.jetty.server.Server - jetty-9.4.44.v20210927; built: 2021-09-27T23:02:44.612Z; git: 8da83308eeca865e495e53ef315a249d63ba9332; jvm 1.8.0_312-b07
[main] INFO org.eclipse.jetty.server.AbstractConnector - Started ServerConnector@1e2a39b7{HTTP/1.1, (http/1.1)}{0.0.0.0:35887}
[main] INFO org.eclipse.jetty.server.Server - Started @37743ms
[qtp188747966-407] INFO com.github.restdriver.clientdriver.jetty.DefaultClientDriverJettyHandler - Handling: DELETE /users/1
[main] INFO com.github.restdriver.clientdriver.ClientDriver - Beginning verification
[main] INFO org.eclipse.jetty.server.AbstractConnector - Stopped ServerConnector@1e2a39b7{HTTP/1.1, (http/1.1)}{0.0.0.0:0}
[main] INFO com.github.restdriver.clientdriver.ClientDriver - Beginning verification
[main] INFO org.eclipse.jetty.server.Server - jetty-9.4.44.v20210927; built: 2021-09-27T23:02:44.612Z; git: 8da83308eeca865e495e53ef315a249d63ba9332; jvm 1.8.0_312-b07
[main] INFO org.eclipse.jetty.server.AbstractConnector - Started ServerConnector@562b4373{HTTP/1.1, (http/1.1)}{0.0.0.0:39235}
[main] INFO org.eclipse.jetty.server.Server - Started @38264ms
[qtp466409782-418] INFO com.github.restdriver.clientdriver.jetty.DefaultClientDriverJettyHandler - Handling: DELETE /users/1
[main] INFO com.github.restdriver.clientdriver.ClientDriver - Beginning verification
[main] INFO org.eclipse.jetty.server.AbstractConnector - Stopped ServerConnector@562b4373{HTTP/1.1, (http/1.1)}{0.0.0.0:0}
[main] INFO com.github.restdriver.clientdriver.ClientDriver - Beginning verification
[main] INFO org.eclipse.jetty.server.Server - jetty-9.4.44.v20210927; built: 2021-09-27T23:02:44.612Z; git: 8da83308eeca865e495e53ef315a249d63ba9332; jvm 1.8.0_312-b07
[main] INFO org.eclipse.jetty.server.AbstractConnector - Started ServerConnector@3e3b5ff5{HTTP/1.1, (http/1.1)}{0.0.0.0:42349}
[main] INFO org.eclipse.jetty.server.Server - Started @38561ms
[qtp89216618-427] INFO com.github.restdriver.clientdriver.jetty.DefaultClientDriverJettyHandler - Handling: DELETE /users/1
[main] INFO com.github.restdriver.clientdriver.ClientDriver - Beginning verification
[main] INFO org.eclipse.jetty.server.AbstractConnector - Stopped ServerConnector@3e3b5ff5{HTTP/1.1, (http/1.1)}{0.0.0.0:0}
[main] INFO com.github.restdriver.clientdriver.ClientDriver - Beginning verification
[main] INFO org.eclipse.jetty.server.Server - jetty-9.4.44.v20210927; built: 2021-09-27T23:02:44.612Z; git: 8da83308eeca865e495e53ef315a249d63ba9332; jvm 1.8.0_312-b07
[main] INFO org.eclipse.jetty.server.AbstractConnector - Started ServerConnector@4203d164{HTTP/1.1, (http/1.1)}{0.0.0.0:45267}
[main] INFO org.eclipse.jetty.server.Server - Started @39129ms
[qtp1136069814-438] INFO com.github.restdriver.clientdriver.jetty.DefaultClientDriverJettyHandler - Handling: POST /departments/1/users
[main] INFO com.github.restdriver.clientdriver.ClientDriver - Beginning verification
[main] INFO org.eclipse.jetty.server.AbstractConnector - Stopped ServerConnector@4203d164{HTTP/1.1, (http/1.1)}{0.0.0.0:0}
[main] INFO com.github.restdriver.clientdriver.ClientDriver - Beginning verification
[main] INFO org.eclipse.jetty.server.Server - jetty-9.4.44.v20210927; built: 2021-09-27T23:02:44.612Z; git: 8da83308eeca865e495e53ef315a249d63ba9332; jvm 1.8.0_312-b07
[main] INFO org.eclipse.jetty.server.AbstractConnector - Started ServerConnector@40a7c0cc{HTTP/1.1, (http/1.1)}{0.0.0.0:41213}
[main] INFO org.eclipse.jetty.server.Server - Started @39743ms
[qtp626878677-448] INFO com.github.restdriver.clientdriver.jetty.DefaultClientDriverJettyHandler - Handling: POST /departments/1/users
[main] INFO com.github.restdriver.clientdriver.ClientDriver - Beginning verification
[main] INFO org.eclipse.jetty.server.AbstractConnector - Stopped ServerConnector@40a7c0cc{HTTP/1.1, (http/1.1)}{0.0.0.0:0}
[main] INFO com.github.restdriver.clientdriver.ClientDriver - Beginning verification
[main] INFO org.eclipse.jetty.server.Server - jetty-9.4.44.v20210927; built: 2021-09-27T23:02:44.612Z; git: 8da83308eeca865e495e53ef315a249d63ba9332; jvm 1.8.0_312-b07
[main] INFO org.eclipse.jetty.server.AbstractConnector - Started ServerConnector@428b852b{HTTP/1.1, (http/1.1)}{0.0.0.0:38279}
[main] INFO org.eclipse.jetty.server.Server - Started @40308ms
[qtp989907446-456] INFO com.github.restdriver.clientdriver.jetty.DefaultClientDriverJettyHandler - Handling: POST /departments/1/users
[main] INFO com.github.restdriver.clientdriver.ClientDriver - Beginning verification
[main] INFO org.eclipse.jetty.server.AbstractConnector - Stopped ServerConnector@428b852b{HTTP/1.1, (http/1.1)}{0.0.0.0:0}
[main] INFO com.github.restdriver.clientdriver.ClientDriver - Beginning verification
[main] INFO org.eclipse.jetty.server.Server - jetty-9.4.44.v20210927; built: 2021-09-27T23:02:44.612Z; git: 8da83308eeca865e495e53ef315a249d63ba9332; jvm 1.8.0_312-b07
[main] INFO org.eclipse.jetty.server.AbstractConnector - Started ServerConnector@4bc76331{HTTP/1.1, (http/1.1)}{0.0.0.0:46539}
[main] INFO org.eclipse.jetty.server.Server - Started @40823ms
[qtp376416171-467] INFO com.github.restdriver.clientdriver.jetty.DefaultClientDriverJettyHandler - Handling: POST /departments/1/users
[main] INFO com.github.restdriver.clientdriver.ClientDriver - Beginning verification
[main] INFO org.eclipse.jetty.server.AbstractConnector - Stopped ServerConnector@4bc76331{HTTP/1.1, (http/1.1)}{0.0.0.0:0}
[main] INFO com.github.restdriver.clientdriver.ClientDriver - Beginning verification
[main] INFO org.eclipse.jetty.server.Server - jetty-9.4.44.v20210927; built: 2021-09-27T23:02:44.612Z; git: 8da83308eeca865e495e53ef315a249d63ba9332; jvm 1.8.0_312-b07
[main] INFO org.eclipse.jetty.server.AbstractConnector - Started ServerConnector@69a0e285{HTTP/1.1, (http/1.1)}{0.0.0.0:40039}
[main] INFO org.eclipse.jetty.server.Server - Started @41559ms
[qtp798700529-476] INFO com.github.restdriver.clientdriver.jetty.DefaultClientDriverJettyHandler - Handling: POST /departments/1/users
[main] INFO com.github.restdriver.clientdriver.ClientDriver - Beginning verification
[main] INFO org.eclipse.jetty.server.AbstractConnector - Stopped ServerConnector@69a0e285{HTTP/1.1, (http/1.1)}{0.0.0.0:0}
[main] INFO com.github.restdriver.clientdriver.ClientDriver - Beginning verification
[main] INFO org.eclipse.jetty.server.Server - jetty-9.4.44.v20210927; built: 2021-09-27T23:02:44.612Z; git: 8da83308eeca865e495e53ef315a249d63ba9332; jvm 1.8.0_312-b07
[main] INFO org.eclipse.jetty.server.AbstractConnector - Started ServerConnector@78ab6103{HTTP/1.1, (http/1.1)}{0.0.0.0:44489}
[main] INFO org.eclipse.jetty.server.Server - Started @42196ms
[qtp332262981-488] INFO com.github.restdriver.clientdriver.jetty.DefaultClientDriverJettyHandler - Handling: POST /departments/1/users
[main] INFO com.github.restdriver.clientdriver.ClientDriver - Beginning verification
[main] INFO org.eclipse.jetty.server.AbstractConnector - Stopped ServerConnector@78ab6103{HTTP/1.1, (http/1.1)}{0.0.0.0:0}
[main] INFO com.github.restdriver.clientdriver.ClientDriver - Beginning verification
[main] INFO org.eclipse.jetty.server.Server - jetty-9.4.44.v20210927; built: 2021-09-27T23:02:44.612Z; git: 8da83308eeca865e495e53ef315a249d63ba9332; jvm 1.8.0_312-b07
[main] INFO org.eclipse.jetty.server.AbstractConnector - Started ServerConnector@1bf6d24a{HTTP/1.1, (http/1.1)}{0.0.0.0:43909}
[main] INFO org.eclipse.jetty.server.Server - Started @42648ms
[qtp892453434-497] INFO com.github.restdriver.clientdriver.jetty.DefaultClientDriverJettyHandler - Handling: GET /departments/1/users
[main] INFO com.github.restdriver.clientdriver.ClientDriver - Beginning verification
[main] INFO org.eclipse.jetty.server.AbstractConnector - Stopped ServerConnector@1bf6d24a{HTTP/1.1, (http/1.1)}{0.0.0.0:0}
[main] INFO com.github.restdriver.clientdriver.ClientDriver - Beginning verification
[main] INFO org.eclipse.jetty.server.Server - jetty-9.4.44.v20210927; built: 2021-09-27T23:02:44.612Z; git: 8da83308eeca865e495e53ef315a249d63ba9332; jvm 1.8.0_312-b07
[main] INFO org.eclipse.jetty.server.AbstractConnector - Started ServerConnector@850579f{HTTP/1.1, (http/1.1)}{0.0.0.0:45611}
[main] INFO org.eclipse.jetty.server.Server - Started @43455ms
[main] INFO com.github.restdriver.clientdriver.ClientDriver - Beginning verification
[main] INFO org.eclipse.jetty.server.AbstractConnector - Stopped ServerConnector@850579f{HTTP/1.1, (http/1.1)}{0.0.0.0:0}
[main] INFO com.github.restdriver.clientdriver.ClientDriver - Beginning verification
[main] INFO org.eclipse.jetty.server.Server - jetty-9.4.44.v20210927; built: 2021-09-27T23:02:44.612Z; git: 8da83308eeca865e495e53ef315a249d63ba9332; jvm 1.8.0_312-b07
[main] INFO org.eclipse.jetty.server.AbstractConnector - Started ServerConnector@67091f3b{HTTP/1.1, (http/1.1)}{0.0.0.0:44215}
[main] INFO org.eclipse.jetty.server.Server - Started @43817ms
[qtp546420409-515] INFO com.github.restdriver.clientdriver.jetty.DefaultClientDriverJettyHandler - Handling: PATCH /users/1
[main] INFO com.github.restdriver.clientdriver.ClientDriver - Beginning verification
[main] INFO org.eclipse.jetty.server.AbstractConnector - Stopped ServerConnector@67091f3b{HTTP/1.1, (http/1.1)}{0.0.0.0:0}
[main] INFO com.github.restdriver.clientdriver.ClientDriver - Beginning verification
[main] INFO org.eclipse.jetty.server.Server - jetty-9.4.44.v20210927; built: 2021-09-27T23:02:44.612Z; git: 8da83308eeca865e495e53ef315a249d63ba9332; jvm 1.8.0_312-b07
[main] INFO org.eclipse.jetty.server.AbstractConnector - Started ServerConnector@7e846cca{HTTP/1.1, (http/1.1)}{0.0.0.0:42635}
[main] INFO org.eclipse.jetty.server.Server - Started @44395ms
[qtp532949290-525] INFO com.github.restdriver.clientdriver.jetty.DefaultClientDriverJettyHandler - Handling: PATCH /users/1
[main] INFO com.github.restdriver.clientdriver.ClientDriver - Beginning verification
[main] INFO org.eclipse.jetty.server.AbstractConnector - Stopped ServerConnector@7e846cca{HTTP/1.1, (http/1.1)}{0.0.0.0:0}
[main] INFO com.github.restdriver.clientdriver.ClientDriver - Beginning verification
[main] INFO org.eclipse.jetty.server.Server - jetty-9.4.44.v20210927; built: 2021-09-27T23:02:44.612Z; git: 8da83308eeca865e495e53ef315a249d63ba9332; jvm 1.8.0_312-b07
[main] INFO org.eclipse.jetty.server.AbstractConnector - Started ServerConnector@6a24b9e2{HTTP/1.1, (http/1.1)}{0.0.0.0:36029}
[main] INFO org.eclipse.jetty.server.Server - Started @44979ms
[qtp183020254-535] INFO com.github.restdriver.clientdriver.jetty.DefaultClientDriverJettyHandler - Handling: PATCH /users/1
[main] INFO com.github.restdriver.clientdriver.ClientDriver - Beginning verification
[main] INFO org.eclipse.jetty.server.AbstractConnector - Stopped ServerConnector@6a24b9e2{HTTP/1.1, (http/1.1)}{0.0.0.0:0}
[main] INFO com.github.restdriver.clientdriver.ClientDriver - Beginning verification
[main] INFO org.eclipse.jetty.server.Server - jetty-9.4.44.v20210927; built: 2021-09-27T23:02:44.612Z; git: 8da83308eeca865e495e53ef315a249d63ba9332; jvm 1.8.0_312-b07
[main] INFO org.eclipse.jetty.server.AbstractConnector - Started ServerConnector@29a01820{HTTP/1.1, (http/1.1)}{0.0.0.0:44727}
[main] INFO org.eclipse.jetty.server.Server - Started @45676ms
[qtp1348481811-545] INFO com.github.restdriver.clientdriver.jetty.DefaultClientDriverJettyHandler - Handling: POST /departments/1/users
[main] INFO com.github.restdriver.clientdriver.ClientDriver - Beginning verification
[main] INFO org.eclipse.jetty.server.AbstractConnector - Stopped ServerConnector@29a01820{HTTP/1.1, (http/1.1)}{0.0.0.0:0}
[main] INFO com.github.restdriver.clientdriver.ClientDriver - Beginning verification
[main] INFO org.eclipse.jetty.server.Server - jetty-9.4.44.v20210927; built: 2021-09-27T23:02:44.612Z; git: 8da83308eeca865e495e53ef315a249d63ba9332; jvm 1.8.0_312-b07
[main] INFO org.eclipse.jetty.server.AbstractConnector - Started ServerConnector@b939971{HTTP/1.1, (http/1.1)}{0.0.0.0:35143}
[main] INFO org.eclipse.jetty.server.Server - Started @46228ms
[qtp1659797072-556] INFO com.github.restdriver.clientdriver.jetty.DefaultClientDriverJettyHandler - Handling: HEAD /users/1
[main] INFO com.github.restdriver.clientdriver.ClientDriver - Beginning verification
[main] INFO org.eclipse.jetty.server.AbstractConnector - Stopped ServerConnector@b939971{HTTP/1.1, (http/1.1)}{0.0.0.0:0}
[main] INFO com.github.restdriver.clientdriver.ClientDriver - Beginning verification
[main] INFO org.eclipse.jetty.server.Server - jetty-9.4.44.v20210927; built: 2021-09-27T23:02:44.612Z; git: 8da83308eeca865e495e53ef315a249d63ba9332; jvm 1.8.0_312-b07
[main] INFO org.eclipse.jetty.server.AbstractConnector - Started ServerConnector@2428eadb{HTTP/1.1, (http/1.1)}{0.0.0.0:45973}
[main] INFO org.eclipse.jetty.server.Server - Started @46787ms
[qtp1962706897-565] INFO com.github.restdriver.clientdriver.jetty.DefaultClientDriverJettyHandler - Handling: HEAD /users/1
[main] INFO com.github.restdriver.clientdriver.ClientDriver - Beginning verification
[main] INFO org.eclipse.jetty.server.AbstractConnector - Stopped ServerConnector@2428eadb{HTTP/1.1, (http/1.1)}{0.0.0.0:0}
[main] INFO com.github.restdriver.clientdriver.ClientDriver - Beginning verification
[main] INFO org.eclipse.jetty.server.Server - jetty-9.4.44.v20210927; built: 2021-09-27T23:02:44.612Z; git: 8da83308eeca865e495e53ef315a249d63ba9332; jvm 1.8.0_312-b07
[main] INFO org.eclipse.jetty.server.AbstractConnector - Started ServerConnector@4cdc345f{HTTP/1.1, (http/1.1)}{0.0.0.0:36259}
[main] INFO org.eclipse.jetty.server.Server - Started @47480ms
[qtp799142795-574] INFO com.github.restdriver.clientdriver.jetty.DefaultClientDriverJettyHandler - Handling: HEAD /users/1
[main] INFO com.github.restdriver.clientdriver.ClientDriver - Beginning verification
[main] INFO org.eclipse.jetty.server.AbstractConnector - Stopped ServerConnector@4cdc345f{HTTP/1.1, (http/1.1)}{0.0.0.0:0}
[main] INFO com.github.restdriver.clientdriver.ClientDriver - Beginning verification
[main] INFO org.eclipse.jetty.server.Server - jetty-9.4.44.v20210927; built: 2021-09-27T23:02:44.612Z; git: 8da83308eeca865e495e53ef315a249d63ba9332; jvm 1.8.0_312-b07
[main] INFO org.eclipse.jetty.server.AbstractConnector - Started ServerConnector@5eab0592{HTTP/1.1, (http/1.1)}{0.0.0.0:42561}
[main] INFO org.eclipse.jetty.server.Server - Started @48112ms
[qtp1595530920-585] INFO com.github.restdriver.clientdriver.jetty.DefaultClientDriverJettyHandler - Handling: OPTIONS /users/1
[main] INFO com.github.restdriver.clientdriver.ClientDriver - Beginning verification
[main] INFO org.eclipse.jetty.server.AbstractConnector - Stopped ServerConnector@5eab0592{HTTP/1.1, (http/1.1)}{0.0.0.0:0}
[main] INFO com.github.restdriver.clientdriver.ClientDriver - Beginning verification
[main] INFO org.eclipse.jetty.server.Server - jetty-9.4.44.v20210927; built: 2021-09-27T23:02:44.612Z; git: 8da83308eeca865e495e53ef315a249d63ba9332; jvm 1.8.0_312-b07
[main] INFO org.eclipse.jetty.server.AbstractConnector - Started ServerConnector@1d5522e4{HTTP/1.1, (http/1.1)}{0.0.0.0:43979}
[main] INFO org.eclipse.jetty.server.Server - Started @49224ms
[qtp965236728-595] INFO com.github.restdriver.clientdriver.jetty.DefaultClientDriverJettyHandler - Handling: OPTIONS /users/1
[main] INFO com.github.restdriver.clientdriver.ClientDriver - Beginning verification
[main] INFO org.eclipse.jetty.server.AbstractConnector - Stopped ServerConnector@1d5522e4{HTTP/1.1, (http/1.1)}{0.0.0.0:0}
[main] INFO com.github.restdriver.clientdriver.ClientDriver - Beginning verification
[main] INFO org.eclipse.jetty.server.Server - jetty-9.4.44.v20210927; built: 2021-09-27T23:02:44.612Z; git: 8da83308eeca865e495e53ef315a249d63ba9332; jvm 1.8.0_312-b07
[main] INFO org.eclipse.jetty.server.AbstractConnector - Started ServerConnector@3bf8b423{HTTP/1.1, (http/1.1)}{0.0.0.0:35479}
[main] INFO org.eclipse.jetty.server.Server - Started @49892ms
[qtp437674843-605] INFO com.github.restdriver.clientdriver.jetty.DefaultClientDriverJettyHandler - Handling: OPTIONS /users/1
[main] INFO com.github.restdriver.clientdriver.ClientDriver - Beginning verification
[main] INFO org.eclipse.jetty.server.AbstractConnector - Stopped ServerConnector@3bf8b423{HTTP/1.1, (http/1.1)}{0.0.0.0:0}
[main] INFO com.github.restdriver.clientdriver.ClientDriver - Beginning verification
[main] INFO org.eclipse.jetty.server.Server - jetty-9.4.44.v20210927; built: 2021-09-27T23:02:44.612Z; git: 8da83308eeca865e495e53ef315a249d63ba9332; jvm 1.8.0_312-b07
[main] INFO org.eclipse.jetty.server.AbstractConnector - Started ServerConnector@159e7734{HTTP/1.1, (http/1.1)}{0.0.0.0:36923}
[main] INFO org.eclipse.jetty.server.Server - Started @50579ms
[qtp495840051-615] INFO com.github.restdriver.clientdriver.jetty.DefaultClientDriverJettyHandler - Handling: POST /departments/1/users
[main] INFO com.github.restdriver.clientdriver.ClientDriver - Beginning verification
[main] INFO org.eclipse.jetty.server.AbstractConnector - Stopped ServerConnector@159e7734{HTTP/1.1, (http/1.1)}{0.0.0.0:0}
[main] INFO com.github.restdriver.clientdriver.ClientDriver - Beginning verification
[INFO] Tests run: 34, Failures: 0, Errors: 0, Skipped: 0, Time elapsed: 42.489 s - in org.zalando.riptide.compatibility.HttpOperationsTest
[INFO] Running org.zalando.riptide.compatibility.HttpOutputMessageAsyncClientHttpRequestAdapterTest
[INFO] Tests run: 4, Failures: 0, Errors: 0, Skipped: 0, Time elapsed: 0.013 s - in org.zalando.riptide.compatibility.HttpOutputMessageAsyncClientHttpRequestAdapterTest
[INFO] 
[INFO] Results:
[INFO] 
[INFO] Tests run: 73, Failures: 0, Errors: 0, Skipped: 0
[INFO] 
[INFO] 
[INFO] ------------------------------------------------------------------------
[INFO] Skipping Riptide: Request Compression
[INFO] This project has been banned from the build due to previous failures.
[INFO] ------------------------------------------------------------------------
[INFO] 
[INFO] -------------------< org.zalando:riptide-concurrent >-------------------
[INFO] Building Riptide: Concurrent 3.1.0-SNAPSHOT                       [9/22]
[INFO] --------------------------------[ jar ]---------------------------------
[INFO] 
[INFO] --- maven-enforcer-plugin:3.0.0:enforce (enforce-maven) @ riptide-concurrent ---
[INFO] 
[INFO] --- duplicate-finder-maven-plugin:1.5.0:check (default) @ riptide-concurrent ---
[INFO] Checking compile classpath
[INFO] Checking runtime classpath
[INFO] Checking test classpath
[INFO] 
[INFO] --- jacoco-maven-plugin:0.8.7:prepare-agent (prepare-agent) @ riptide-concurrent ---
[INFO] argLine set to -javaagent:/root/.m2/repository/org/jacoco/org.jacoco.agent/0.8.7/org.jacoco.agent-0.8.7-runtime.jar=destfile=/home/target/riptide-concurrent/target/jacoco.exec
[INFO] 
[INFO] --- maven-resources-plugin:3.2.0:resources (default-resources) @ riptide-concurrent ---
[INFO] Using 'UTF-8' encoding to copy filtered resources.
[INFO] Using 'UTF-8' encoding to copy filtered properties files.
[INFO] skip non existing resourceDirectory /home/target/riptide-concurrent/src/main/resources
[INFO] 
[INFO] --- maven-compiler-plugin:3.8.1:compile (default-compile) @ riptide-concurrent ---
[INFO] Nothing to compile - all classes are up to date
[INFO] 
[INFO] --- maven-resources-plugin:3.2.0:testResources (default-testResources) @ riptide-concurrent ---
[INFO] Using 'UTF-8' encoding to copy filtered resources.
[INFO] Using 'UTF-8' encoding to copy filtered properties files.
[INFO] skip non existing resourceDirectory /home/target/riptide-concurrent/src/test/resources
[INFO] 
[INFO] --- maven-compiler-plugin:3.8.1:testCompile (default-testCompile) @ riptide-concurrent ---
[INFO] Nothing to compile - all classes are up to date
[INFO] 
[INFO] --- maven-surefire-plugin:2.22.2:test (default-test) @ riptide-concurrent ---
[INFO] 
[INFO] -------------------------------------------------------
[INFO]  T E S T S
[INFO] -------------------------------------------------------
[INFO] Running org.zalando.riptide.concurrent.ThreadPoolExecutorsTest
[INFO] Tests run: 16, Failures: 0, Errors: 0, Skipped: 0, Time elapsed: 1.242 s - in org.zalando.riptide.concurrent.ThreadPoolExecutorsTest
[INFO] Running org.zalando.riptide.concurrent.QueueFirstTest
[INFO] Tests run: 1, Failures: 0, Errors: 0, Skipped: 0, Time elapsed: 0.014 s - in org.zalando.riptide.concurrent.QueueFirstTest
[INFO] Running org.zalando.riptide.concurrent.ScaleFirstTest
[INFO] Tests run: 5, Failures: 0, Errors: 0, Skipped: 0, Time elapsed: 1.752 s - in org.zalando.riptide.concurrent.ScaleFirstTest
[INFO] 
[INFO] Results:
[INFO] 
[INFO] Tests run: 22, Failures: 0, Errors: 0, Skipped: 0
[INFO] 
[INFO] 
[INFO] ------------------------------------------------------------------------
[INFO] Skipping Riptide: Idempotency
[INFO] This project has been banned from the build due to previous failures.
[INFO] ------------------------------------------------------------------------
[INFO] 
[INFO] ------------------------------------------------------------------------
[INFO] Skipping Riptide: Faults
[INFO] This project has been banned from the build due to previous failures.
[INFO] ------------------------------------------------------------------------
[INFO] 
[INFO] ------------------------------------------------------------------------
[INFO] Skipping Riptide: Failsafe
[INFO] This project has been banned from the build due to previous failures.
[INFO] ------------------------------------------------------------------------
[INFO] 
[INFO] ------------------------------------------------------------------------
[INFO] Skipping Riptide: Logbook
[INFO] This project has been banned from the build due to previous failures.
[INFO] ------------------------------------------------------------------------
[INFO] 
[INFO] ------------------------------------------------------------------------
[INFO] Skipping Riptide: Micrometer
[INFO] This project has been banned from the build due to previous failures.
[INFO] ------------------------------------------------------------------------
[INFO] 
[INFO] ------------------------------------------------------------------------
[INFO] Skipping Riptide: OpenTracing
[INFO] This project has been banned from the build due to previous failures.
[INFO] ------------------------------------------------------------------------
[INFO] 
[INFO] ------------------------------------------------------------------------
[INFO] Skipping Riptide: SOAP
[INFO] This project has been banned from the build due to previous failures.
[INFO] ------------------------------------------------------------------------
[INFO] 
[INFO] ------------------------------------------------------------------------
[INFO] Skipping Riptide: Stream
[INFO] This project has been banned from the build due to previous failures.
[INFO] ------------------------------------------------------------------------
[INFO] 
[INFO] ------------------------------------------------------------------------
[INFO] Skipping Riptide: Spring Boot Auto Configuration
[INFO] This project has been banned from the build due to previous failures.
[INFO] ------------------------------------------------------------------------
[INFO] 
[INFO] ------------------------------------------------------------------------
[INFO] Skipping Riptide: Spring Boot Starter
[INFO] This project has been banned from the build due to previous failures.
[INFO] ------------------------------------------------------------------------
[INFO] ------------------------------------------------------------------------
[INFO] Reactor Summary for Riptide 3.1.0-SNAPSHOT:
[INFO] 
[INFO] Riptide ............................................ SUCCESS [  2.735 s]
[INFO] Riptide: Parent .................................... SUCCESS [  0.252 s]
[INFO] Riptide: Core ...................................... SUCCESS [03:11 min]
[INFO] Riptide: Capture ................................... SUCCESS [ 11.501 s]
[INFO] Riptide: HTTP Client ............................... FAILURE [01:19 min]
[INFO] Riptide: Authorization ............................. SKIPPED
[INFO] Riptide: Bill of Materials ......................... SUCCESS [  0.054 s]
[INFO] Riptide: Chaos ..................................... SKIPPED
[INFO] Riptide: Problem ................................... SUCCESS [ 18.534 s]
[INFO] Riptide: Compatibility ............................. SUCCESS [01:44 min]
[INFO] Riptide: Request Compression ....................... SKIPPED
[INFO] Riptide: Concurrent ................................ SUCCESS [ 10.375 s]
[INFO] Riptide: Idempotency ............................... SKIPPED
[INFO] Riptide: Faults .................................... SKIPPED
[INFO] Riptide: Failsafe .................................. SKIPPED
[INFO] Riptide: Logbook ................................... SKIPPED
[INFO] Riptide: Micrometer ................................ SKIPPED
[INFO] Riptide: OpenTracing ............................... SKIPPED
[INFO] Riptide: SOAP ...................................... SKIPPED
[INFO] Riptide: Stream .................................... SKIPPED
[INFO] Riptide: Spring Boot Auto Configuration ............ SKIPPED
[INFO] Riptide: Spring Boot Starter ....................... SKIPPED
[INFO] ------------------------------------------------------------------------
[INFO] BUILD FAILURE
[INFO] ------------------------------------------------------------------------
[INFO] Total time:  06:59 min
[INFO] Finished at: 2021-11-11T23:04:12Z
[INFO] ------------------------------------------------------------------------
[ERROR] Failed to execute goal org.apache.maven.plugins:maven-surefire-plugin:2.22.2:test (default-test) on project riptide-httpclient: There are test failures.
[ERROR] 
[ERROR] Please refer to /home/target/riptide-httpclient/target/surefire-reports for the individual test results.
[ERROR] Please refer to dump files (if any exist) [date].dump, [date]-jvmRun[N].dump and [date].dumpstream.
[ERROR] -> [Help 1]
[ERROR] 
[ERROR] To see the full stack trace of the errors, re-run Maven with the -e switch.
[ERROR] Re-run Maven using the -X switch to enable full debug logging.
[ERROR] 
[ERROR] For more information about the errors and possible solutions, please read the following articles:
[ERROR] [Help 1] http://cwiki.apache.org/confluence/display/MAVEN/MojoFailureException
[ERROR] 
[ERROR] After correcting the problems, you can resume the build with the command
[ERROR]   mvn <args> -rf :riptide-httpclient
{'error': True, 'log_file': 'output-2021-11-11T22:57:10-6240.log', 'message': '', 'start_time': '2021-11-11T22:57:10', 'end_time': '2021-11-11T23:00:41', 'command': ['mvn', '-fae', 'test'], 'faketime_str': '+0 x2.0', 'timezone': datetime.timezone(datetime.timedelta(0), 'UTC')}
