[INFO] Scanning for projects...
[INFO] ------------------------------------------------------------------------
[INFO] Reactor Build Order:
[INFO] 
[INFO] Riptide                                                            [pom]
[INFO] Riptide: Parent                                                    [pom]
[INFO] Riptide: Core                                                      [jar]
[INFO] Riptide: Capture                                                   [jar]
[INFO] Riptide: HTTP Client                                               [jar]
[INFO] Riptide: Authorization                                             [jar]
[INFO] Riptide: Bill of Materials                                         [pom]
[INFO] Riptide: Chaos                                                     [jar]
[INFO] Riptide: Problem                                                   [jar]
[INFO] Riptide: Compatibility                                             [jar]
[INFO] Riptide: Request Compression                                       [jar]
[INFO] Riptide: Concurrent                                                [jar]
[INFO] Riptide: Idempotency                                               [jar]
[INFO] Riptide: Faults                                                    [jar]
[INFO] Riptide: Failsafe                                                  [jar]
[INFO] Riptide: Logbook                                                   [jar]
[INFO] Riptide: Micrometer                                                [jar]
[INFO] Riptide: OpenTracing                                               [jar]
[INFO] Riptide: SOAP                                                      [jar]
[INFO] Riptide: Stream                                                    [jar]
[INFO] Riptide: Spring Boot Auto Configuration                            [jar]
[INFO] Riptide: Spring Boot Starter                                       [jar]
[INFO] 
[INFO] ------------------------< org.zalando:riptide >-------------------------
[INFO] Building Riptide 3.1.0-SNAPSHOT                                   [1/22]
[INFO] --------------------------------[ pom ]---------------------------------
[INFO] 
[INFO] --- maven-enforcer-plugin:3.0.0:enforce (enforce-maven) @ riptide ---
[INFO] 
[INFO] --- duplicate-finder-maven-plugin:1.5.0:check (default) @ riptide ---
[INFO] Ignoring POM project!
[INFO] 
[INFO] --- jacoco-maven-plugin:0.8.7:prepare-agent (prepare-agent) @ riptide ---
[INFO] argLine set to -javaagent:/root/.m2/repository/org/jacoco/org.jacoco.agent/0.8.7/org.jacoco.agent-0.8.7-runtime.jar=destfile=/home/target/target/jacoco.exec
[INFO] 
[INFO] ---------------------< org.zalando:riptide-parent >---------------------
[INFO] Building Riptide: Parent 3.1.0-SNAPSHOT                           [2/22]
[INFO] --------------------------------[ pom ]---------------------------------
[INFO] 
[INFO] --- maven-enforcer-plugin:3.0.0:enforce (enforce-maven) @ riptide-parent ---
[INFO] 
[INFO] --- duplicate-finder-maven-plugin:1.5.0:check (default) @ riptide-parent ---
[INFO] Ignoring POM project!
[INFO] 
[INFO] --- jacoco-maven-plugin:0.8.7:prepare-agent (prepare-agent) @ riptide-parent ---
[INFO] argLine set to -javaagent:/root/.m2/repository/org/jacoco/org.jacoco.agent/0.8.7/org.jacoco.agent-0.8.7-runtime.jar=destfile=/home/target/riptide-parent/target/jacoco.exec
[INFO] 
[INFO] ----------------------< org.zalando:riptide-core >----------------------
[INFO] Building Riptide: Core 3.1.0-SNAPSHOT                             [3/22]
[INFO] --------------------------------[ jar ]---------------------------------
[INFO] 
[INFO] --- maven-enforcer-plugin:3.0.0:enforce (enforce-maven) @ riptide-core ---
[INFO] 
[INFO] --- duplicate-finder-maven-plugin:1.5.0:check (default) @ riptide-core ---
[INFO] Checking compile classpath
[INFO] Checking runtime classpath
[INFO] Checking test classpath
[INFO] 
[INFO] --- jacoco-maven-plugin:0.8.7:prepare-agent (prepare-agent) @ riptide-core ---
[INFO] argLine set to -javaagent:/root/.m2/repository/org/jacoco/org.jacoco.agent/0.8.7/org.jacoco.agent-0.8.7-runtime.jar=destfile=/home/target/riptide-core/target/jacoco.exec
[INFO] 
[INFO] --- maven-resources-plugin:3.2.0:resources (default-resources) @ riptide-core ---
[INFO] Using 'UTF-8' encoding to copy filtered resources.
[INFO] Using 'UTF-8' encoding to copy filtered properties files.
[INFO] Copying 1 resource
[INFO] 
[INFO] --- maven-compiler-plugin:3.8.1:compile (default-compile) @ riptide-core ---
[INFO] Nothing to compile - all classes are up to date
[INFO] 
[INFO] --- maven-resources-plugin:3.2.0:testResources (default-testResources) @ riptide-core ---
[INFO] Using 'UTF-8' encoding to copy filtered resources.
[INFO] Using 'UTF-8' encoding to copy filtered properties files.
[INFO] Copying 6 resources
[INFO] 
[INFO] --- maven-compiler-plugin:3.8.1:testCompile (default-testCompile) @ riptide-core ---
[INFO] Nothing to compile - all classes are up to date
[INFO] 
[INFO] --- maven-surefire-plugin:2.22.2:test (default-test) @ riptide-core ---
[INFO] 
[INFO] -------------------------------------------------------
[INFO]  T E S T S
[INFO] -------------------------------------------------------
[INFO] Running org.zalando.riptide.EmptyEntityTest
[main] INFO org.eclipse.jetty.util.log - Logging initialized @2414ms to org.eclipse.jetty.util.log.Slf4jLog
[main] INFO org.eclipse.jetty.server.Server - jetty-9.4.44.v20210927; built: 2021-09-27T23:02:44.612Z; git: 8da83308eeca865e495e53ef315a249d63ba9332; jvm 1.8.0_312-b07
[main] INFO org.eclipse.jetty.server.AbstractConnector - Started ServerConnector@104dc1a2{HTTP/1.1, (http/1.1)}{0.0.0.0:45151}
[main] INFO org.eclipse.jetty.server.Server - Started @2755ms
[qtp1517266286-19] INFO com.github.restdriver.clientdriver.jetty.DefaultClientDriverJettyHandler - Handling: GET /
[main] INFO com.github.restdriver.clientdriver.ClientDriver - Beginning verification
[main] INFO org.eclipse.jetty.server.AbstractConnector - Stopped ServerConnector@104dc1a2{HTTP/1.1, (http/1.1)}{0.0.0.0:0}
[main] INFO com.github.restdriver.clientdriver.ClientDriver - Beginning verification
[main] INFO org.eclipse.jetty.server.Server - jetty-9.4.44.v20210927; built: 2021-09-27T23:02:44.612Z; git: 8da83308eeca865e495e53ef315a249d63ba9332; jvm 1.8.0_312-b07
[main] INFO org.eclipse.jetty.server.AbstractConnector - Started ServerConnector@57f83dc7{HTTP/1.1, (http/1.1)}{0.0.0.0:36587}
[main] INFO org.eclipse.jetty.server.Server - Started @4368ms
[qtp2103548875-31] INFO com.github.restdriver.clientdriver.jetty.DefaultClientDriverJettyHandler - Handling: POST /
[main] INFO com.github.restdriver.clientdriver.ClientDriver - Beginning verification
[main] INFO org.eclipse.jetty.server.AbstractConnector - Stopped ServerConnector@57f83dc7{HTTP/1.1, (http/1.1)}{0.0.0.0:0}
[main] INFO com.github.restdriver.clientdriver.ClientDriver - Beginning verification
[main] INFO org.eclipse.jetty.server.Server - jetty-9.4.44.v20210927; built: 2021-09-27T23:02:44.612Z; git: 8da83308eeca865e495e53ef315a249d63ba9332; jvm 1.8.0_312-b07
[main] INFO org.eclipse.jetty.server.AbstractConnector - Started ServerConnector@4eb69e8d{HTTP/1.1, (http/1.1)}{0.0.0.0:43903}
[main] INFO org.eclipse.jetty.server.Server - Started @4513ms
[qtp319541262-38] INFO com.github.restdriver.clientdriver.jetty.DefaultClientDriverJettyHandler - Handling: POST /
[main] INFO com.github.restdriver.clientdriver.ClientDriver - Beginning verification
[main] INFO org.eclipse.jetty.server.AbstractConnector - Stopped ServerConnector@4eb69e8d{HTTP/1.1, (http/1.1)}{0.0.0.0:0}
[main] INFO com.github.restdriver.clientdriver.ClientDriver - Beginning verification
[INFO] Tests run: 3, Failures: 0, Errors: 0, Skipped: 0, Time elapsed: 956,214.704 s - in org.zalando.riptide.EmptyEntityTest
[INFO] Running org.zalando.riptide.RequesterImmutabilityTest
[INFO] Tests run: 1, Failures: 0, Errors: 0, Skipped: 0, Time elapsed: 291,808 s - in org.zalando.riptide.RequesterImmutabilityTest
[INFO] Running org.zalando.riptide.StatusDispatchTest
[INFO] Tests run: 63, Failures: 0, Errors: 0, Skipped: 0, Time elapsed: 1,574,830 s - in org.zalando.riptide.StatusDispatchTest
[INFO] Running org.zalando.riptide.InputStreamTest
[INFO] Tests run: 1, Failures: 0, Errors: 0, Skipped: 0, Time elapsed: 56,846 s - in org.zalando.riptide.InputStreamTest
[INFO] Running org.zalando.riptide.IOTest
[main] INFO org.eclipse.jetty.server.Server - jetty-9.4.44.v20210927; built: 2021-09-27T23:02:44.612Z; git: 8da83308eeca865e495e53ef315a249d63ba9332; jvm 1.8.0_312-b07
[main] INFO org.eclipse.jetty.server.AbstractConnector - Started ServerConnector@347770a9{HTTP/1.1, (http/1.1)}{0.0.0.0:45577}
[main] INFO org.eclipse.jetty.server.Server - Started @5455ms
[qtp882181333-114] INFO com.github.restdriver.clientdriver.jetty.DefaultClientDriverJettyHandler - Handling: GET /repos/zalando/riptide/contributors
[main] INFO org.eclipse.jetty.server.Server - jetty-9.4.44.v20210927; built: 2021-09-27T23:02:44.612Z; git: 8da83308eeca865e495e53ef315a249d63ba9332; jvm 1.8.0_312-b07
[main] INFO org.eclipse.jetty.server.AbstractConnector - Started ServerConnector@424ebf5b{HTTP/1.1, (http/1.1)}{0.0.0.0:42061}
[main] INFO org.eclipse.jetty.server.Server - Started @5611ms
[qtp2037189443-124] INFO com.github.restdriver.clientdriver.jetty.DefaultClientDriverJettyHandler - Handling: GET /repos/zalando/riptide/contributors
[INFO] Tests run: 2, Failures: 0, Errors: 0, Skipped: 0, Time elapsed: 712,397 s - in org.zalando.riptide.IOTest
[INFO] Running org.zalando.riptide.ExecuteTest
[INFO] Tests run: 8, Failures: 0, Errors: 0, Skipped: 0, Time elapsed: 348,833 s - in org.zalando.riptide.ExecuteTest
[INFO] Running org.zalando.riptide.NIOTest
[main] INFO org.eclipse.jetty.server.Server - jetty-9.4.44.v20210927; built: 2021-09-27T23:02:44.612Z; git: 8da83308eeca865e495e53ef315a249d63ba9332; jvm 1.8.0_312-b07
[main] INFO org.eclipse.jetty.server.AbstractConnector - Started ServerConnector@63f093a{HTTP/1.1, (http/1.1)}{0.0.0.0:45499}
[main] INFO org.eclipse.jetty.server.Server - Started @5925ms
[qtp1565138220-142] INFO com.github.restdriver.clientdriver.jetty.DefaultClientDriverJettyHandler - Handling: GET /repos/zalando/riptide/contributors
[INFO] Tests run: 1, Failures: 0, Errors: 0, Skipped: 0, Time elapsed: 1,877,120 s - in org.zalando.riptide.NIOTest
[INFO] Running org.zalando.riptide.CallTest
[INFO] Tests run: 4, Failures: 0, Errors: 0, Skipped: 0, Time elapsed: -1,588,616.296 s - in org.zalando.riptide.CallTest
[INFO] Running org.zalando.riptide.RoutingTreeTest
[INFO] Tests run: 17, Failures: 0, Errors: 0, Skipped: 0, Time elapsed: 950,562 s - in org.zalando.riptide.RoutingTreeTest
[INFO] Running org.zalando.riptide.NestedDispatchTest
[INFO] Tests run: 3, Failures: 0, Errors: 0, Skipped: 0, Time elapsed: 599,199 s - in org.zalando.riptide.NestedDispatchTest
[INFO] Running org.zalando.riptide.DynamicBaseUrlTest
[INFO] Tests run: 1, Failures: 0, Errors: 0, Skipped: 0, Time elapsed: 27,136 s - in org.zalando.riptide.DynamicBaseUrlTest
[INFO] Running org.zalando.riptide.SeriesDispatchTest
[INFO] Tests run: 5, Failures: 0, Errors: 0, Skipped: 0, Time elapsed: 16,380 s - in org.zalando.riptide.SeriesDispatchTest
[INFO] Running org.zalando.riptide.RouteTest
[INFO] Tests run: 4, Failures: 0, Errors: 0, Skipped: 0, Time elapsed: 227,991 s - in org.zalando.riptide.RouteTest
[INFO] Running org.zalando.riptide.AnyDispatchTest
[INFO] Tests run: 1, Failures: 0, Errors: 0, Skipped: 0, Time elapsed: 13,640 s - in org.zalando.riptide.AnyDispatchTest
[INFO] Running org.zalando.riptide.AttributeTest
[INFO] Tests run: 2, Failures: 0, Errors: 0, Skipped: 0, Time elapsed: 5,035 s - in org.zalando.riptide.AttributeTest
[INFO] Running org.zalando.riptide.ReasonPhraseDispatchTest
[INFO] Tests run: 63, Failures: 0, Errors: 0, Skipped: 0, Time elapsed: 2,106,345 s - in org.zalando.riptide.ReasonPhraseDispatchTest
[INFO] Running org.zalando.riptide.StatusCodeDispatchTest
[INFO] Tests run: 63, Failures: 0, Errors: 0, Skipped: 0, Time elapsed: 1,240,792 s - in org.zalando.riptide.StatusCodeDispatchTest
[INFO] Running org.zalando.riptide.RequesterTest
[INFO] Tests run: 13, Failures: 0, Errors: 0, Skipped: 0, Time elapsed: 625,322 s - in org.zalando.riptide.RequesterTest
[INFO] Running org.zalando.riptide.OriginalStackTracePluginTest
[main] INFO org.eclipse.jetty.server.Server - jetty-9.4.44.v20210927; built: 2021-09-27T23:02:44.612Z; git: 8da83308eeca865e495e53ef315a249d63ba9332; jvm 1.8.0_312-b07
[main] INFO org.eclipse.jetty.server.AbstractConnector - Started ServerConnector@a2dfad{HTTP/1.1, (http/1.1)}{0.0.0.0:37827}
[main] INFO org.eclipse.jetty.server.Server - Started @10576ms
[qtp1708288129-312] INFO com.github.restdriver.clientdriver.jetty.DefaultClientDriverJettyHandler - Handling: GET /
[main] INFO org.eclipse.jetty.server.Server - jetty-9.4.44.v20210927; built: 2021-09-27T23:02:44.612Z; git: 8da83308eeca865e495e53ef315a249d63ba9332; jvm 1.8.0_312-b07
[main] INFO org.eclipse.jetty.server.AbstractConnector - Started ServerConnector@4d37a098{HTTP/1.1, (http/1.1)}{0.0.0.0:39031}
[main] INFO org.eclipse.jetty.server.Server - Started @10782ms
[qtp160077130-326] INFO com.github.restdriver.clientdriver.jetty.DefaultClientDriverJettyHandler - Handling: GET /
[INFO] Tests run: 2, Failures: 0, Errors: 0, Skipped: 0, Time elapsed: 1,268,440 s - in org.zalando.riptide.OriginalStackTracePluginTest
[INFO] Running org.zalando.riptide.HttpResponseExceptionTest
[INFO] Tests run: 1, Failures: 0, Errors: 0, Skipped: 0, Time elapsed: 3 s - in org.zalando.riptide.HttpResponseExceptionTest
[INFO] Running org.zalando.riptide.UriTemplateArgTest
[INFO] Tests run: 5, Failures: 0, Errors: 0, Skipped: 0, Time elapsed: 207,645 s - in org.zalando.riptide.UriTemplateArgTest
[INFO] Running org.zalando.riptide.HandlesIOExceptionTest
[INFO] Tests run: 1, Failures: 0, Errors: 0, Skipped: 0, Time elapsed: 41,306 s - in org.zalando.riptide.HandlesIOExceptionTest
[INFO] Running org.zalando.riptide.ForwardingClientHttpResponseTest
[INFO] Tests run: 2, Failures: 0, Errors: 0, Skipped: 0, Time elapsed: 107 s - in org.zalando.riptide.ForwardingClientHttpResponseTest
[INFO] Running org.zalando.riptide.DefaultRequestArgumentsTest
[INFO] Tests run: 22, Failures: 0, Errors: 0, Skipped: 0, Time elapsed: 92,866 s - in org.zalando.riptide.DefaultRequestArgumentsTest
[INFO] Running org.zalando.riptide.AsyncTest
[INFO] Tests run: 10, Failures: 0, Errors: 0, Skipped: 0, Time elapsed: 1,762,486 s - in org.zalando.riptide.AsyncTest
[INFO] Running org.zalando.riptide.FailedDispatchTest
[INFO] Tests run: 7, Failures: 0, Errors: 0, Skipped: 0, Time elapsed: 1,621,414 s - in org.zalando.riptide.FailedDispatchTest
[INFO] Running org.zalando.riptide.ExceptionHandlingTest
[INFO] Tests run: 4, Failures: 0, Errors: 0, Skipped: 0, Time elapsed: 355,584 s - in org.zalando.riptide.ExceptionHandlingTest
[INFO] Running org.zalando.riptide.PluginTest
[INFO] Tests run: 3, Failures: 0, Errors: 0, Skipped: 0, Time elapsed: 156,636 s - in org.zalando.riptide.PluginTest
[INFO] Running org.zalando.riptide.NavigatorsTest
[INFO] Tests run: 5, Failures: 0, Errors: 0, Skipped: 0, Time elapsed: 131,848 s - in org.zalando.riptide.NavigatorsTest
[INFO] Running org.zalando.riptide.RequestUriTest
[WARNING] Tests run: 864, Failures: 0, Errors: 0, Skipped: 336, Time elapsed: 1,846,062.52 s - in org.zalando.riptide.RequestUriTest
[INFO] Running org.zalando.riptide.ThreadAffinityTest
[main] INFO org.eclipse.jetty.server.Server - jetty-9.4.44.v20210927; built: 2021-09-27T23:02:44.612Z; git: 8da83308eeca865e495e53ef315a249d63ba9332; jvm 1.8.0_312-b07
[main] INFO org.eclipse.jetty.server.AbstractConnector - Started ServerConnector@ffd66e1{HTTP/1.1, (http/1.1)}{0.0.0.0:42381}
[main] INFO org.eclipse.jetty.server.Server - Started @24353ms
[qtp1776341789-860] INFO com.github.restdriver.clientdriver.jetty.DefaultClientDriverJettyHandler - Handling: GET /
[main] INFO com.github.restdriver.clientdriver.ClientDriver - Beginning verification
[main] INFO org.eclipse.jetty.server.Server - jetty-9.4.44.v20210927; built: 2021-09-27T23:02:44.612Z; git: 8da83308eeca865e495e53ef315a249d63ba9332; jvm 1.8.0_312-b07
[main] INFO org.eclipse.jetty.server.AbstractConnector - Started ServerConnector@11fcf35{HTTP/1.1, (http/1.1)}{0.0.0.0:35237}
[main] INFO org.eclipse.jetty.server.Server - Started @24504ms
[qtp1641811952-875] INFO com.github.restdriver.clientdriver.jetty.DefaultClientDriverJettyHandler - Handling: GET /
[main] INFO com.github.restdriver.clientdriver.ClientDriver - Beginning verification
[main] INFO org.eclipse.jetty.server.Server - jetty-9.4.44.v20210927; built: 2021-09-27T23:02:44.612Z; git: 8da83308eeca865e495e53ef315a249d63ba9332; jvm 1.8.0_312-b07
[main] INFO org.eclipse.jetty.server.AbstractConnector - Started ServerConnector@79f3d15f{HTTP/1.1, (http/1.1)}{0.0.0.0:45807}
[main] INFO org.eclipse.jetty.server.Server - Started @24766ms
[qtp830553768-884] INFO com.github.restdriver.clientdriver.jetty.DefaultClientDriverJettyHandler - Handling: GET /
[main] INFO com.github.restdriver.clientdriver.ClientDriver - Beginning verification
[main] INFO org.eclipse.jetty.server.Server - jetty-9.4.44.v20210927; built: 2021-09-27T23:02:44.612Z; git: 8da83308eeca865e495e53ef315a249d63ba9332; jvm 1.8.0_312-b07
[main] INFO org.eclipse.jetty.server.AbstractConnector - Started ServerConnector@1c08cd61{HTTP/1.1, (http/1.1)}{0.0.0.0:39125}
[main] INFO org.eclipse.jetty.server.Server - Started @25331ms
[qtp1063520668-894] INFO com.github.restdriver.clientdriver.jetty.DefaultClientDriverJettyHandler - Handling: GET /
[main] INFO com.github.restdriver.clientdriver.ClientDriver - Beginning verification
[INFO] Tests run: 4, Failures: 0, Errors: 0, Skipped: 0, Time elapsed: 251,942.704 s - in org.zalando.riptide.ThreadAffinityTest
[INFO] Running org.zalando.riptide.NoopRouteTest
[INFO] Tests run: 1, Failures: 0, Errors: 0, Skipped: 0, Time elapsed: 92 s - in org.zalando.riptide.NoopRouteTest
[INFO] Running org.zalando.riptide.NoBaseUrlTest
[INFO] Tests run: 3, Failures: 0, Errors: 0, Skipped: 0, Time elapsed: 10,999 s - in org.zalando.riptide.NoBaseUrlTest
[INFO] Running org.zalando.riptide.ContentTypeDispatchTest
[INFO] Tests run: 6, Failures: 0, Errors: 0, Skipped: 0, Time elapsed: 143,588 s - in org.zalando.riptide.ContentTypeDispatchTest
[INFO] Running org.zalando.riptide.MethodDelegateTest
[INFO] Tests run: 24, Failures: 0, Errors: 0, Skipped: 0, Time elapsed: 121,184 s - in org.zalando.riptide.MethodDelegateTest
[INFO] Running org.zalando.riptide.CompletableFuturesTest
[INFO] Tests run: 3, Failures: 0, Errors: 0, Skipped: 0, Time elapsed: 75,830 s - in org.zalando.riptide.CompletableFuturesTest
[INFO] 
[INFO] Results:
[INFO] 
[WARNING] Tests run: 1222, Failures: 0, Errors: 0, Skipped: 336
[INFO] 
[INFO] 
[INFO] --------------------< org.zalando:riptide-capture >---------------------
[INFO] Building Riptide: Capture 3.1.0-SNAPSHOT                          [4/22]
[INFO] --------------------------------[ jar ]---------------------------------
[INFO] 
[INFO] --- maven-enforcer-plugin:3.0.0:enforce (enforce-maven) @ riptide-capture ---
[INFO] 
[INFO] --- duplicate-finder-maven-plugin:1.5.0:check (default) @ riptide-capture ---
[INFO] Checking compile classpath
[INFO] Checking runtime classpath
[INFO] Checking test classpath
[INFO] 
[INFO] --- jacoco-maven-plugin:0.8.7:prepare-agent (prepare-agent) @ riptide-capture ---
[INFO] argLine set to -javaagent:/root/.m2/repository/org/jacoco/org.jacoco.agent/0.8.7/org.jacoco.agent-0.8.7-runtime.jar=destfile=/home/target/riptide-capture/target/jacoco.exec
[INFO] 
[INFO] --- maven-resources-plugin:3.2.0:resources (default-resources) @ riptide-capture ---
[INFO] Using 'UTF-8' encoding to copy filtered resources.
[INFO] Using 'UTF-8' encoding to copy filtered properties files.
[INFO] skip non existing resourceDirectory /home/target/riptide-capture/src/main/resources
[INFO] 
[INFO] --- maven-compiler-plugin:3.8.1:compile (default-compile) @ riptide-capture ---
[INFO] Nothing to compile - all classes are up to date
[INFO] 
[INFO] --- maven-resources-plugin:3.2.0:testResources (default-testResources) @ riptide-capture ---
[INFO] Using 'UTF-8' encoding to copy filtered resources.
[INFO] Using 'UTF-8' encoding to copy filtered properties files.
[INFO] Copying 1 resource
[INFO] 
[INFO] --- maven-compiler-plugin:3.8.1:testCompile (default-testCompile) @ riptide-capture ---
[INFO] Nothing to compile - all classes are up to date
[INFO] 
[INFO] --- maven-surefire-plugin:2.22.2:test (default-test) @ riptide-capture ---
[INFO] 
[INFO] -------------------------------------------------------
[INFO]  T E S T S
[INFO] -------------------------------------------------------
[INFO] Running org.zalando.riptide.capture.CaptureTest
[INFO] Tests run: 4, Failures: 0, Errors: 0, Skipped: 0, Time elapsed: -1,175,620.296 s - in org.zalando.riptide.capture.CaptureTest
[INFO] 
[INFO] Results:
[INFO] 
[INFO] Tests run: 4, Failures: 0, Errors: 0, Skipped: 0
[INFO] 
[INFO] 
[INFO] -------------------< org.zalando:riptide-httpclient >-------------------
[INFO] Building Riptide: HTTP Client 3.1.0-SNAPSHOT                      [5/22]
[INFO] --------------------------------[ jar ]---------------------------------
[INFO] 
[INFO] --- maven-enforcer-plugin:3.0.0:enforce (enforce-maven) @ riptide-httpclient ---
[INFO] 
[INFO] --- duplicate-finder-maven-plugin:1.5.0:check (default) @ riptide-httpclient ---
[INFO] Checking compile classpath
[INFO] Checking runtime classpath
[INFO] Checking test classpath
[INFO] 
[INFO] --- jacoco-maven-plugin:0.8.7:prepare-agent (prepare-agent) @ riptide-httpclient ---
[INFO] argLine set to -javaagent:/root/.m2/repository/org/jacoco/org.jacoco.agent/0.8.7/org.jacoco.agent-0.8.7-runtime.jar=destfile=/home/target/riptide-httpclient/target/jacoco.exec
[INFO] 
[INFO] --- maven-resources-plugin:3.2.0:resources (default-resources) @ riptide-httpclient ---
[INFO] Using 'UTF-8' encoding to copy filtered resources.
[INFO] Using 'UTF-8' encoding to copy filtered properties files.
[INFO] skip non existing resourceDirectory /home/target/riptide-httpclient/src/main/resources
[INFO] 
[INFO] --- maven-compiler-plugin:3.8.1:compile (default-compile) @ riptide-httpclient ---
[INFO] Nothing to compile - all classes are up to date
[INFO] 
[INFO] --- maven-resources-plugin:3.2.0:testResources (default-testResources) @ riptide-httpclient ---
[INFO] Using 'UTF-8' encoding to copy filtered resources.
[INFO] Using 'UTF-8' encoding to copy filtered properties files.
[INFO] Copying 1 resource
[INFO] 
[INFO] --- maven-compiler-plugin:3.8.1:testCompile (default-testCompile) @ riptide-httpclient ---
[INFO] Nothing to compile - all classes are up to date
[INFO] 
[INFO] --- maven-surefire-plugin:2.22.2:test (default-test) @ riptide-httpclient ---
[INFO] 
[INFO] -------------------------------------------------------
[INFO]  T E S T S
[INFO] -------------------------------------------------------
[INFO] Running org.zalando.riptide.httpclient.ClosingTest
[main] WARN org.zalando.riptide.httpclient.Closing - IOException thrown while closing Closeable.
java.io.IOException
	at org.zalando.riptide.httpclient.Closing.closeQuietly(Closing.java:21)
	at org.zalando.riptide.httpclient.ClosingTest.swallowsException(ClosingTest.java:36)
	at sun.reflect.NativeMethodAccessorImpl.invoke0(Native Method)
	at sun.reflect.NativeMethodAccessorImpl.invoke(NativeMethodAccessorImpl.java:62)
	at sun.reflect.DelegatingMethodAccessorImpl.invoke(DelegatingMethodAccessorImpl.java:43)
	at java.lang.reflect.Method.invoke(Method.java:498)
	at org.junit.platform.commons.util.ReflectionUtils.invokeMethod(ReflectionUtils.java:725)
	at org.junit.jupiter.engine.execution.MethodInvocation.proceed(MethodInvocation.java:60)
	at org.junit.jupiter.engine.execution.InvocationInterceptorChain$ValidatingInvocation.proceed(InvocationInterceptorChain.java:131)
	at org.junit.jupiter.engine.extension.TimeoutExtension.intercept(TimeoutExtension.java:149)
	at org.junit.jupiter.engine.extension.TimeoutExtension.interceptTestableMethod(TimeoutExtension.java:140)
	at org.junit.jupiter.engine.extension.TimeoutExtension.interceptTestMethod(TimeoutExtension.java:84)
	at org.junit.jupiter.engine.execution.ExecutableInvoker$ReflectiveInterceptorCall.lambda$ofVoidMethod$0(ExecutableInvoker.java:115)
	at org.junit.jupiter.engine.execution.ExecutableInvoker.lambda$invoke$0(ExecutableInvoker.java:105)
	at org.junit.jupiter.engine.execution.InvocationInterceptorChain$InterceptedInvocation.proceed(InvocationInterceptorChain.java:106)
	at org.junit.jupiter.engine.execution.InvocationInterceptorChain.proceed(InvocationInterceptorChain.java:64)
	at org.junit.jupiter.engine.execution.InvocationInterceptorChain.chainAndInvoke(InvocationInterceptorChain.java:45)
	at org.junit.jupiter.engine.execution.InvocationInterceptorChain.invoke(InvocationInterceptorChain.java:37)
	at org.junit.jupiter.engine.execution.ExecutableInvoker.invoke(ExecutableInvoker.java:104)
	at org.junit.jupiter.engine.execution.ExecutableInvoker.invoke(ExecutableInvoker.java:98)
	at org.junit.jupiter.engine.descriptor.TestMethodTestDescriptor.lambda$invokeTestMethod$7(TestMethodTestDescriptor.java:214)
	at org.junit.platform.engine.support.hierarchical.ThrowableCollector.execute(ThrowableCollector.java:73)
	at org.junit.jupiter.engine.descriptor.TestMethodTestDescriptor.invokeTestMethod(TestMethodTestDescriptor.java:210)
	at org.junit.jupiter.engine.descriptor.TestMethodTestDescriptor.execute(TestMethodTestDescriptor.java:135)
	at org.junit.jupiter.engine.descriptor.TestMethodTestDescriptor.execute(TestMethodTestDescriptor.java:66)
	at org.junit.platform.engine.support.hierarchical.NodeTestTask.lambda$executeRecursively$6(NodeTestTask.java:151)
	at org.junit.platform.engine.support.hierarchical.ThrowableCollector.execute(ThrowableCollector.java:73)
	at org.junit.platform.engine.support.hierarchical.NodeTestTask.lambda$executeRecursively$8(NodeTestTask.java:141)
	at org.junit.platform.engine.support.hierarchical.Node.around(Node.java:137)
	at org.junit.platform.engine.support.hierarchical.NodeTestTask.lambda$executeRecursively$9(NodeTestTask.java:139)
	at org.junit.platform.engine.support.hierarchical.ThrowableCollector.execute(ThrowableCollector.java:73)
	at org.junit.platform.engine.support.hierarchical.NodeTestTask.executeRecursively(NodeTestTask.java:138)
	at org.junit.platform.engine.support.hierarchical.NodeTestTask.execute(NodeTestTask.java:95)
	at java.util.ArrayList.forEach(ArrayList.java:1259)
	at org.junit.platform.engine.support.hierarchical.SameThreadHierarchicalTestExecutorService.invokeAll(SameThreadHierarchicalTestExecutorService.java:41)
	at org.junit.platform.engine.support.hierarchical.NodeTestTask.lambda$executeRecursively$6(NodeTestTask.java:155)
	at org.junit.platform.engine.support.hierarchical.ThrowableCollector.execute(ThrowableCollector.java:73)
	at org.junit.platform.engine.support.hierarchical.NodeTestTask.lambda$executeRecursively$8(NodeTestTask.java:141)
	at org.junit.platform.engine.support.hierarchical.Node.around(Node.java:137)
	at org.junit.platform.engine.support.hierarchical.NodeTestTask.lambda$executeRecursively$9(NodeTestTask.java:139)
	at org.junit.platform.engine.support.hierarchical.ThrowableCollector.execute(ThrowableCollector.java:73)
	at org.junit.platform.engine.support.hierarchical.NodeTestTask.executeRecursively(NodeTestTask.java:138)
	at org.junit.platform.engine.support.hierarchical.NodeTestTask.execute(NodeTestTask.java:95)
	at java.util.ArrayList.forEach(ArrayList.java:1259)
	at org.junit.platform.engine.support.hierarchical.SameThreadHierarchicalTestExecutorService.invokeAll(SameThreadHierarchicalTestExecutorService.java:41)
	at org.junit.platform.engine.support.hierarchical.NodeTestTask.lambda$executeRecursively$6(NodeTestTask.java:155)
	at org.junit.platform.engine.support.hierarchical.ThrowableCollector.execute(ThrowableCollector.java:73)
	at org.junit.platform.engine.support.hierarchical.NodeTestTask.lambda$executeRecursively$8(NodeTestTask.java:141)
	at org.junit.platform.engine.support.hierarchical.Node.around(Node.java:137)
	at org.junit.platform.engine.support.hierarchical.NodeTestTask.lambda$executeRecursively$9(NodeTestTask.java:139)
	at org.junit.platform.engine.support.hierarchical.ThrowableCollector.execute(ThrowableCollector.java:73)
	at org.junit.platform.engine.support.hierarchical.NodeTestTask.executeRecursively(NodeTestTask.java:138)
	at org.junit.platform.engine.support.hierarchical.NodeTestTask.execute(NodeTestTask.java:95)
	at org.junit.platform.engine.support.hierarchical.SameThreadHierarchicalTestExecutorService.submit(SameThreadHierarchicalTestExecutorService.java:35)
	at org.junit.platform.engine.support.hierarchical.HierarchicalTestExecutor.execute(HierarchicalTestExecutor.java:57)
	at org.junit.platform.engine.support.hierarchical.HierarchicalTestEngine.execute(HierarchicalTestEngine.java:54)
	at org.junit.platform.launcher.core.DefaultLauncher.execute(DefaultLauncher.java:220)
	at org.junit.platform.launcher.core.DefaultLauncher.lambda$execute$6(DefaultLauncher.java:188)
	at org.junit.platform.launcher.core.DefaultLauncher.withInterceptedStreams(DefaultLauncher.java:202)
	at org.junit.platform.launcher.core.DefaultLauncher.execute(DefaultLauncher.java:181)
	at org.junit.platform.launcher.core.DefaultLauncher.execute(DefaultLauncher.java:128)
	at org.apache.maven.surefire.junitplatform.JUnitPlatformProvider.invokeAllTests(JUnitPlatformProvider.java:150)
	at org.apache.maven.surefire.junitplatform.JUnitPlatformProvider.invoke(JUnitPlatformProvider.java:124)
	at org.apache.maven.surefire.booter.ForkedBooter.invokeProviderInSameClassLoader(ForkedBooter.java:384)
	at org.apache.maven.surefire.booter.ForkedBooter.runSuitesInProcess(ForkedBooter.java:345)
	at org.apache.maven.surefire.booter.ForkedBooter.execute(ForkedBooter.java:126)
	at org.apache.maven.surefire.booter.ForkedBooter.main(ForkedBooter.java:418)
[INFO] Tests run: 4, Failures: 0, Errors: 0, Skipped: 0, Time elapsed: 1,824,458 s - in org.zalando.riptide.httpclient.ClosingTest
[INFO] Running org.zalando.riptide.httpclient.EmptyInputStreamTest
[INFO] Tests run: 1, Failures: 0, Errors: 0, Skipped: 0, Time elapsed: 102 s - in org.zalando.riptide.httpclient.EmptyInputStreamTest
[INFO] Running org.zalando.riptide.httpclient.ApacheClientHttpResponseBodyTest
[INFO] Tests run: 2, Failures: 0, Errors: 0, Skipped: 0, Time elapsed: 645,435 s - in org.zalando.riptide.httpclient.ApacheClientHttpResponseBodyTest
[INFO] Running org.zalando.riptide.httpclient.metrics.HttpConnectionPoolMetricsTest
[main] INFO org.eclipse.jetty.util.log - Logging initialized @2678ms to org.eclipse.jetty.util.log.Slf4jLog
[main] INFO org.eclipse.jetty.server.Server - jetty-9.4.44.v20210927; built: 2021-09-27T23:02:44.612Z; git: 8da83308eeca865e495e53ef315a249d63ba9332; jvm 1.8.0_312-b07
[main] INFO org.eclipse.jetty.server.AbstractConnector - Started ServerConnector@14d1032a{HTTP/1.1, (http/1.1)}{0.0.0.0:43209}
[main] INFO org.eclipse.jetty.server.Server - Started @3016ms
[qtp467925240-19] INFO com.github.restdriver.clientdriver.jetty.DefaultClientDriverJettyHandler - Handling: GET /
[INFO] Tests run: 1, Failures: 0, Errors: 0, Skipped: 0, Time elapsed: 1,333,310.704 s - in org.zalando.riptide.httpclient.metrics.HttpConnectionPoolMetricsTest
[INFO] Running org.zalando.riptide.httpclient.BufferingApacheClientHttpRequestFactoryTest
[main] INFO org.eclipse.jetty.server.Server - jetty-9.4.44.v20210927; built: 2021-09-27T23:02:44.612Z; git: 8da83308eeca865e495e53ef315a249d63ba9332; jvm 1.8.0_312-b07
[main] INFO org.eclipse.jetty.server.AbstractConnector - Started ServerConnector@537231c1{HTTP/1.1, (http/1.1)}{0.0.0.0:39175}
[main] INFO org.eclipse.jetty.server.Server - Started @5128ms
[qtp214857672-30] INFO com.github.restdriver.clientdriver.jetty.DefaultClientDriverJettyHandler - Handling: GET /
[qtp214857672-27] INFO com.github.restdriver.clientdriver.jetty.DefaultClientDriverJettyHandler - Handling: GET /
[main] INFO org.eclipse.jetty.server.Server - jetty-9.4.44.v20210927; built: 2021-09-27T23:02:44.612Z; git: 8da83308eeca865e495e53ef315a249d63ba9332; jvm 1.8.0_312-b07
[main] INFO org.eclipse.jetty.server.AbstractConnector - Started ServerConnector@5708b827{HTTP/1.1, (http/1.1)}{0.0.0.0:40719}
[main] INFO org.eclipse.jetty.server.Server - Started @5335ms
[qtp2054611385-39] INFO com.github.restdriver.clientdriver.jetty.DefaultClientDriverJettyHandler - Handling: POST /repos/zalando/riptide/contributors
[main] INFO org.eclipse.jetty.server.Server - jetty-9.4.44.v20210927; built: 2021-09-27T23:02:44.612Z; git: 8da83308eeca865e495e53ef315a249d63ba9332; jvm 1.8.0_312-b07
[main] INFO org.eclipse.jetty.server.AbstractConnector - Started ServerConnector@2e82188{HTTP/1.1, (http/1.1)}{0.0.0.0:45087}
[main] INFO org.eclipse.jetty.server.Server - Started @5585ms
[qtp686291908-48] INFO com.github.restdriver.clientdriver.jetty.DefaultClientDriverJettyHandler - Handling: GET /repos/zalando/riptide/contributors
[main] INFO org.eclipse.jetty.server.Server - jetty-9.4.44.v20210927; built: 2021-09-27T23:02:44.612Z; git: 8da83308eeca865e495e53ef315a249d63ba9332; jvm 1.8.0_312-b07
[main] INFO org.eclipse.jetty.server.AbstractConnector - Started ServerConnector@32865c35{HTTP/1.1, (http/1.1)}{0.0.0.0:37301}
[main] INFO org.eclipse.jetty.server.Server - Started @5657ms
[main] INFO org.eclipse.jetty.server.Server - jetty-9.4.44.v20210927; built: 2021-09-27T23:02:44.612Z; git: 8da83308eeca865e495e53ef315a249d63ba9332; jvm 1.8.0_312-b07
[main] INFO org.eclipse.jetty.server.AbstractConnector - Started ServerConnector@2fb37f92{HTTP/1.1, (http/1.1)}{0.0.0.0:45609}
[main] INFO org.eclipse.jetty.server.Server - Started @5793ms
[qtp392407201-65] INFO com.github.restdriver.clientdriver.jetty.DefaultClientDriverJettyHandler - Handling: GET /wrong-content-type
[qtp392407201-60] INFO com.github.restdriver.clientdriver.jetty.DefaultClientDriverJettyHandler - Handling: GET /wrong-content-type
[main] INFO org.eclipse.jetty.server.Server - jetty-9.4.44.v20210927; built: 2021-09-27T23:02:44.612Z; git: 8da83308eeca865e495e53ef315a249d63ba9332; jvm 1.8.0_312-b07
[main] INFO org.eclipse.jetty.server.AbstractConnector - Started ServerConnector@1fc52b51{HTTP/1.1, (http/1.1)}{0.0.0.0:42527}
[main] INFO org.eclipse.jetty.server.Server - Started @6701ms
[qtp545909321-75] INFO com.github.restdriver.clientdriver.jetty.DefaultClientDriverJettyHandler - Handling: GET /repos/zalando/riptide/contributors
[ERROR] Tests run: 6, Failures: 1, Errors: 0, Skipped: 0, Time elapsed: -466,559.296 s <<< FAILURE! - in org.zalando.riptide.httpclient.BufferingApacheClientHttpRequestFactoryTest
[ERROR] shouldReleaseConnection  Time elapsed: 203,453 s  <<< FAILURE!
org.opentest4j.AssertionFailedError: execution exceeded timeout of 750 ms by 183423250 ms
	at org.junit.jupiter.api.AssertionUtils.fail(AssertionUtils.java:39)
	at org.junit.jupiter.api.Assertions.fail(Assertions.java:134)
	at org.junit.jupiter.api.AssertTimeout.assertTimeout(AssertTimeout.java:90)
	at org.junit.jupiter.api.AssertTimeout.assertTimeout(AssertTimeout.java:70)
	at org.junit.jupiter.api.AssertTimeout.assertTimeout(AssertTimeout.java:52)
	at org.junit.jupiter.api.AssertTimeout.assertTimeout(AssertTimeout.java:48)
	at org.junit.jupiter.api.Assertions.assertTimeout(Assertions.java:3261)
	at org.zalando.riptide.httpclient.AbstractApacheClientHttpRequestFactoryTest.shouldReleaseConnection(AbstractApacheClientHttpRequestFactoryTest.java:184)
	at sun.reflect.NativeMethodAccessorImpl.invoke0(Native Method)
	at sun.reflect.NativeMethodAccessorImpl.invoke(NativeMethodAccessorImpl.java:62)
	at sun.reflect.DelegatingMethodAccessorImpl.invoke(DelegatingMethodAccessorImpl.java:43)
	at java.lang.reflect.Method.invoke(Method.java:498)
	at org.junit.platform.commons.util.ReflectionUtils.invokeMethod(ReflectionUtils.java:725)
	at org.junit.jupiter.engine.execution.MethodInvocation.proceed(MethodInvocation.java:60)
	at org.junit.jupiter.engine.execution.InvocationInterceptorChain$ValidatingInvocation.proceed(InvocationInterceptorChain.java:131)
	at org.junit.jupiter.engine.extension.TimeoutExtension.intercept(TimeoutExtension.java:149)
	at org.junit.jupiter.engine.extension.TimeoutExtension.interceptTestableMethod(TimeoutExtension.java:140)
	at org.junit.jupiter.engine.extension.TimeoutExtension.interceptTestMethod(TimeoutExtension.java:84)
	at org.junit.jupiter.engine.execution.ExecutableInvoker$ReflectiveInterceptorCall.lambda$ofVoidMethod$0(ExecutableInvoker.java:115)
	at org.junit.jupiter.engine.execution.ExecutableInvoker.lambda$invoke$0(ExecutableInvoker.java:105)
	at org.junit.jupiter.engine.execution.InvocationInterceptorChain$InterceptedInvocation.proceed(InvocationInterceptorChain.java:106)
	at org.junit.jupiter.engine.execution.InvocationInterceptorChain.proceed(InvocationInterceptorChain.java:64)
	at org.junit.jupiter.engine.execution.InvocationInterceptorChain.chainAndInvoke(InvocationInterceptorChain.java:45)
	at org.junit.jupiter.engine.execution.InvocationInterceptorChain.invoke(InvocationInterceptorChain.java:37)
	at org.junit.jupiter.engine.execution.ExecutableInvoker.invoke(ExecutableInvoker.java:104)
	at org.junit.jupiter.engine.execution.ExecutableInvoker.invoke(ExecutableInvoker.java:98)
	at org.junit.jupiter.engine.descriptor.TestMethodTestDescriptor.lambda$invokeTestMethod$7(TestMethodTestDescriptor.java:214)
	at org.junit.platform.engine.support.hierarchical.ThrowableCollector.execute(ThrowableCollector.java:73)
	at org.junit.jupiter.engine.descriptor.TestMethodTestDescriptor.invokeTestMethod(TestMethodTestDescriptor.java:210)
	at org.junit.jupiter.engine.descriptor.TestMethodTestDescriptor.execute(TestMethodTestDescriptor.java:135)
	at org.junit.jupiter.engine.descriptor.TestMethodTestDescriptor.execute(TestMethodTestDescriptor.java:66)
	at org.junit.platform.engine.support.hierarchical.NodeTestTask.lambda$executeRecursively$6(NodeTestTask.java:151)
	at org.junit.platform.engine.support.hierarchical.ThrowableCollector.execute(ThrowableCollector.java:73)
	at org.junit.platform.engine.support.hierarchical.NodeTestTask.lambda$executeRecursively$8(NodeTestTask.java:141)
	at org.junit.platform.engine.support.hierarchical.Node.around(Node.java:137)
	at org.junit.platform.engine.support.hierarchical.NodeTestTask.lambda$executeRecursively$9(NodeTestTask.java:139)
	at org.junit.platform.engine.support.hierarchical.ThrowableCollector.execute(ThrowableCollector.java:73)
	at org.junit.platform.engine.support.hierarchical.NodeTestTask.executeRecursively(NodeTestTask.java:138)
	at org.junit.platform.engine.support.hierarchical.NodeTestTask.execute(NodeTestTask.java:95)
	at java.util.ArrayList.forEach(ArrayList.java:1259)
	at org.junit.platform.engine.support.hierarchical.SameThreadHierarchicalTestExecutorService.invokeAll(SameThreadHierarchicalTestExecutorService.java:41)
	at org.junit.platform.engine.support.hierarchical.NodeTestTask.lambda$executeRecursively$6(NodeTestTask.java:155)
	at org.junit.platform.engine.support.hierarchical.ThrowableCollector.execute(ThrowableCollector.java:73)
	at org.junit.platform.engine.support.hierarchical.NodeTestTask.lambda$executeRecursively$8(NodeTestTask.java:141)
	at org.junit.platform.engine.support.hierarchical.Node.around(Node.java:137)
	at org.junit.platform.engine.support.hierarchical.NodeTestTask.lambda$executeRecursively$9(NodeTestTask.java:139)
	at org.junit.platform.engine.support.hierarchical.ThrowableCollector.execute(ThrowableCollector.java:73)
	at org.junit.platform.engine.support.hierarchical.NodeTestTask.executeRecursively(NodeTestTask.java:138)
	at org.junit.platform.engine.support.hierarchical.NodeTestTask.execute(NodeTestTask.java:95)
	at java.util.ArrayList.forEach(ArrayList.java:1259)
	at org.junit.platform.engine.support.hierarchical.SameThreadHierarchicalTestExecutorService.invokeAll(SameThreadHierarchicalTestExecutorService.java:41)
	at org.junit.platform.engine.support.hierarchical.NodeTestTask.lambda$executeRecursively$6(NodeTestTask.java:155)
	at org.junit.platform.engine.support.hierarchical.ThrowableCollector.execute(ThrowableCollector.java:73)
	at org.junit.platform.engine.support.hierarchical.NodeTestTask.lambda$executeRecursively$8(NodeTestTask.java:141)
	at org.junit.platform.engine.support.hierarchical.Node.around(Node.java:137)
	at org.junit.platform.engine.support.hierarchical.NodeTestTask.lambda$executeRecursively$9(NodeTestTask.java:139)
	at org.junit.platform.engine.support.hierarchical.ThrowableCollector.execute(ThrowableCollector.java:73)
	at org.junit.platform.engine.support.hierarchical.NodeTestTask.executeRecursively(NodeTestTask.java:138)
	at org.junit.platform.engine.support.hierarchical.NodeTestTask.execute(NodeTestTask.java:95)
	at org.junit.platform.engine.support.hierarchical.SameThreadHierarchicalTestExecutorService.submit(SameThreadHierarchicalTestExecutorService.java:35)
	at org.junit.platform.engine.support.hierarchical.HierarchicalTestExecutor.execute(HierarchicalTestExecutor.java:57)
	at org.junit.platform.engine.support.hierarchical.HierarchicalTestEngine.execute(HierarchicalTestEngine.java:54)
	at org.junit.platform.launcher.core.DefaultLauncher.execute(DefaultLauncher.java:220)
	at org.junit.platform.launcher.core.DefaultLauncher.lambda$execute$6(DefaultLauncher.java:188)
	at org.junit.platform.launcher.core.DefaultLauncher.withInterceptedStreams(DefaultLauncher.java:202)
	at org.junit.platform.launcher.core.DefaultLauncher.execute(DefaultLauncher.java:181)
	at org.junit.platform.launcher.core.DefaultLauncher.execute(DefaultLauncher.java:128)
	at org.apache.maven.surefire.junitplatform.JUnitPlatformProvider.invokeAllTests(JUnitPlatformProvider.java:150)
	at org.apache.maven.surefire.junitplatform.JUnitPlatformProvider.invoke(JUnitPlatformProvider.java:124)
	at org.apache.maven.surefire.booter.ForkedBooter.invokeProviderInSameClassLoader(ForkedBooter.java:384)
	at org.apache.maven.surefire.booter.ForkedBooter.runSuitesInProcess(ForkedBooter.java:345)
	at org.apache.maven.surefire.booter.ForkedBooter.execute(ForkedBooter.java:126)
	at org.apache.maven.surefire.booter.ForkedBooter.main(ForkedBooter.java:418)

[INFO] Running org.zalando.riptide.httpclient.EndOfStreamAwareInputStreamTest
[INFO] Tests run: 6, Failures: 0, Errors: 0, Skipped: 0, Time elapsed: 137,781 s - in org.zalando.riptide.httpclient.EndOfStreamAwareInputStreamTest
[INFO] Running org.zalando.riptide.httpclient.StreamingApacheClientHttpRequestTest
[INFO] Tests run: 3, Failures: 0, Errors: 0, Skipped: 0, Time elapsed: 306,658 s - in org.zalando.riptide.httpclient.StreamingApacheClientHttpRequestTest
[INFO] Running org.zalando.riptide.httpclient.StreamingApacheClientHttpRequestFactoryTest
[main] INFO org.eclipse.jetty.server.Server - jetty-9.4.44.v20210927; built: 2021-09-27T23:02:44.612Z; git: 8da83308eeca865e495e53ef315a249d63ba9332; jvm 1.8.0_312-b07
[main] INFO org.eclipse.jetty.server.AbstractConnector - Started ServerConnector@179b88a6{HTTP/1.1, (http/1.1)}{0.0.0.0:36945}
[main] INFO org.eclipse.jetty.server.Server - Started @7306ms
[qtp106215920-83] INFO com.github.restdriver.clientdriver.jetty.DefaultClientDriverJettyHandler - Handling: GET /
[qtp106215920-83] INFO com.github.restdriver.clientdriver.jetty.DefaultClientDriverJettyHandler - Handling: GET /
[main] INFO org.eclipse.jetty.server.Server - jetty-9.4.44.v20210927; built: 2021-09-27T23:02:44.612Z; git: 8da83308eeca865e495e53ef315a249d63ba9332; jvm 1.8.0_312-b07
[main] INFO org.eclipse.jetty.server.AbstractConnector - Started ServerConnector@523c4a6d{HTTP/1.1, (http/1.1)}{0.0.0.0:46209}
[main] INFO org.eclipse.jetty.server.Server - Started @7630ms
[qtp1675857864-93] INFO com.github.restdriver.clientdriver.jetty.DefaultClientDriverJettyHandler - Handling: POST /repos/zalando/riptide/contributors
[main] INFO org.eclipse.jetty.server.Server - jetty-9.4.44.v20210927; built: 2021-09-27T23:02:44.612Z; git: 8da83308eeca865e495e53ef315a249d63ba9332; jvm 1.8.0_312-b07
[main] INFO org.eclipse.jetty.server.AbstractConnector - Started ServerConnector@7af66b8a{HTTP/1.1, (http/1.1)}{0.0.0.0:33211}
[main] INFO org.eclipse.jetty.server.Server - Started @7941ms
[qtp282234594-104] INFO com.github.restdriver.clientdriver.jetty.DefaultClientDriverJettyHandler - Handling: GET /repos/zalando/riptide/contributors
[main] INFO org.eclipse.jetty.server.Server - jetty-9.4.44.v20210927; built: 2021-09-27T23:02:44.612Z; git: 8da83308eeca865e495e53ef315a249d63ba9332; jvm 1.8.0_312-b07
[main] INFO org.eclipse.jetty.server.AbstractConnector - Started ServerConnector@71d85b53{HTTP/1.1, (http/1.1)}{0.0.0.0:38929}
[main] INFO org.eclipse.jetty.server.Server - Started @8232ms
[main] INFO org.eclipse.jetty.server.Server - jetty-9.4.44.v20210927; built: 2021-09-27T23:02:44.612Z; git: 8da83308eeca865e495e53ef315a249d63ba9332; jvm 1.8.0_312-b07
[main] INFO org.eclipse.jetty.server.AbstractConnector - Started ServerConnector@faa592b{HTTP/1.1, (http/1.1)}{0.0.0.0:40721}
[main] INFO org.eclipse.jetty.server.Server - Started @8322ms
[qtp1967172181-121] INFO com.github.restdriver.clientdriver.jetty.DefaultClientDriverJettyHandler - Handling: GET /wrong-content-type
[qtp1967172181-123] INFO com.github.restdriver.clientdriver.jetty.DefaultClientDriverJettyHandler - Handling: GET /wrong-content-type
[main] INFO org.eclipse.jetty.server.Server - jetty-9.4.44.v20210927; built: 2021-09-27T23:02:44.612Z; git: 8da83308eeca865e495e53ef315a249d63ba9332; jvm 1.8.0_312-b07
[main] INFO org.eclipse.jetty.server.AbstractConnector - Started ServerConnector@5bfa2801{HTTP/1.1, (http/1.1)}{0.0.0.0:44265}
[main] INFO org.eclipse.jetty.server.Server - Started @8757ms
[qtp1312185395-131] INFO com.github.restdriver.clientdriver.jetty.DefaultClientDriverJettyHandler - Handling: GET /repos/zalando/riptide/contributors
[ERROR] Tests run: 6, Failures: 1, Errors: 0, Skipped: 0, Time elapsed: -411,419.296 s <<< FAILURE! - in org.zalando.riptide.httpclient.StreamingApacheClientHttpRequestFactoryTest
[ERROR] shouldReleaseConnection  Time elapsed: 559,692 s  <<< FAILURE!
org.opentest4j.AssertionFailedError: execution exceeded timeout of 750 ms by 447085250 ms
	at org.junit.jupiter.api.AssertionUtils.fail(AssertionUtils.java:39)
	at org.junit.jupiter.api.Assertions.fail(Assertions.java:134)
	at org.junit.jupiter.api.AssertTimeout.assertTimeout(AssertTimeout.java:90)
	at org.junit.jupiter.api.AssertTimeout.assertTimeout(AssertTimeout.java:70)
	at org.junit.jupiter.api.AssertTimeout.assertTimeout(AssertTimeout.java:52)
	at org.junit.jupiter.api.AssertTimeout.assertTimeout(AssertTimeout.java:48)
	at org.junit.jupiter.api.Assertions.assertTimeout(Assertions.java:3261)
	at org.zalando.riptide.httpclient.AbstractApacheClientHttpRequestFactoryTest.shouldReleaseConnection(AbstractApacheClientHttpRequestFactoryTest.java:184)
	at sun.reflect.NativeMethodAccessorImpl.invoke0(Native Method)
	at sun.reflect.NativeMethodAccessorImpl.invoke(NativeMethodAccessorImpl.java:62)
	at sun.reflect.DelegatingMethodAccessorImpl.invoke(DelegatingMethodAccessorImpl.java:43)
	at java.lang.reflect.Method.invoke(Method.java:498)
	at org.junit.platform.commons.util.ReflectionUtils.invokeMethod(ReflectionUtils.java:725)
	at org.junit.jupiter.engine.execution.MethodInvocation.proceed(MethodInvocation.java:60)
	at org.junit.jupiter.engine.execution.InvocationInterceptorChain$ValidatingInvocation.proceed(InvocationInterceptorChain.java:131)
	at org.junit.jupiter.engine.extension.TimeoutExtension.intercept(TimeoutExtension.java:149)
	at org.junit.jupiter.engine.extension.TimeoutExtension.interceptTestableMethod(TimeoutExtension.java:140)
	at org.junit.jupiter.engine.extension.TimeoutExtension.interceptTestMethod(TimeoutExtension.java:84)
	at org.junit.jupiter.engine.execution.ExecutableInvoker$ReflectiveInterceptorCall.lambda$ofVoidMethod$0(ExecutableInvoker.java:115)
	at org.junit.jupiter.engine.execution.ExecutableInvoker.lambda$invoke$0(ExecutableInvoker.java:105)
	at org.junit.jupiter.engine.execution.InvocationInterceptorChain$InterceptedInvocation.proceed(InvocationInterceptorChain.java:106)
	at org.junit.jupiter.engine.execution.InvocationInterceptorChain.proceed(InvocationInterceptorChain.java:64)
	at org.junit.jupiter.engine.execution.InvocationInterceptorChain.chainAndInvoke(InvocationInterceptorChain.java:45)
	at org.junit.jupiter.engine.execution.InvocationInterceptorChain.invoke(InvocationInterceptorChain.java:37)
	at org.junit.jupiter.engine.execution.ExecutableInvoker.invoke(ExecutableInvoker.java:104)
	at org.junit.jupiter.engine.execution.ExecutableInvoker.invoke(ExecutableInvoker.java:98)
	at org.junit.jupiter.engine.descriptor.TestMethodTestDescriptor.lambda$invokeTestMethod$7(TestMethodTestDescriptor.java:214)
	at org.junit.platform.engine.support.hierarchical.ThrowableCollector.execute(ThrowableCollector.java:73)
	at org.junit.jupiter.engine.descriptor.TestMethodTestDescriptor.invokeTestMethod(TestMethodTestDescriptor.java:210)
	at org.junit.jupiter.engine.descriptor.TestMethodTestDescriptor.execute(TestMethodTestDescriptor.java:135)
	at org.junit.jupiter.engine.descriptor.TestMethodTestDescriptor.execute(TestMethodTestDescriptor.java:66)
	at org.junit.platform.engine.support.hierarchical.NodeTestTask.lambda$executeRecursively$6(NodeTestTask.java:151)
	at org.junit.platform.engine.support.hierarchical.ThrowableCollector.execute(ThrowableCollector.java:73)
	at org.junit.platform.engine.support.hierarchical.NodeTestTask.lambda$executeRecursively$8(NodeTestTask.java:141)
	at org.junit.platform.engine.support.hierarchical.Node.around(Node.java:137)
	at org.junit.platform.engine.support.hierarchical.NodeTestTask.lambda$executeRecursively$9(NodeTestTask.java:139)
	at org.junit.platform.engine.support.hierarchical.ThrowableCollector.execute(ThrowableCollector.java:73)
	at org.junit.platform.engine.support.hierarchical.NodeTestTask.executeRecursively(NodeTestTask.java:138)
	at org.junit.platform.engine.support.hierarchical.NodeTestTask.execute(NodeTestTask.java:95)
	at java.util.ArrayList.forEach(ArrayList.java:1259)
	at org.junit.platform.engine.support.hierarchical.SameThreadHierarchicalTestExecutorService.invokeAll(SameThreadHierarchicalTestExecutorService.java:41)
	at org.junit.platform.engine.support.hierarchical.NodeTestTask.lambda$executeRecursively$6(NodeTestTask.java:155)
	at org.junit.platform.engine.support.hierarchical.ThrowableCollector.execute(ThrowableCollector.java:73)
	at org.junit.platform.engine.support.hierarchical.NodeTestTask.lambda$executeRecursively$8(NodeTestTask.java:141)
	at org.junit.platform.engine.support.hierarchical.Node.around(Node.java:137)
	at org.junit.platform.engine.support.hierarchical.NodeTestTask.lambda$executeRecursively$9(NodeTestTask.java:139)
	at org.junit.platform.engine.support.hierarchical.ThrowableCollector.execute(ThrowableCollector.java:73)
	at org.junit.platform.engine.support.hierarchical.NodeTestTask.executeRecursively(NodeTestTask.java:138)
	at org.junit.platform.engine.support.hierarchical.NodeTestTask.execute(NodeTestTask.java:95)
	at java.util.ArrayList.forEach(ArrayList.java:1259)
	at org.junit.platform.engine.support.hierarchical.SameThreadHierarchicalTestExecutorService.invokeAll(SameThreadHierarchicalTestExecutorService.java:41)
	at org.junit.platform.engine.support.hierarchical.NodeTestTask.lambda$executeRecursively$6(NodeTestTask.java:155)
	at org.junit.platform.engine.support.hierarchical.ThrowableCollector.execute(ThrowableCollector.java:73)
	at org.junit.platform.engine.support.hierarchical.NodeTestTask.lambda$executeRecursively$8(NodeTestTask.java:141)
	at org.junit.platform.engine.support.hierarchical.Node.around(Node.java:137)
	at org.junit.platform.engine.support.hierarchical.NodeTestTask.lambda$executeRecursively$9(NodeTestTask.java:139)
	at org.junit.platform.engine.support.hierarchical.ThrowableCollector.execute(ThrowableCollector.java:73)
	at org.junit.platform.engine.support.hierarchical.NodeTestTask.executeRecursively(NodeTestTask.java:138)
	at org.junit.platform.engine.support.hierarchical.NodeTestTask.execute(NodeTestTask.java:95)
	at org.junit.platform.engine.support.hierarchical.SameThreadHierarchicalTestExecutorService.submit(SameThreadHierarchicalTestExecutorService.java:35)
	at org.junit.platform.engine.support.hierarchical.HierarchicalTestExecutor.execute(HierarchicalTestExecutor.java:57)
	at org.junit.platform.engine.support.hierarchical.HierarchicalTestEngine.execute(HierarchicalTestEngine.java:54)
	at org.junit.platform.launcher.core.DefaultLauncher.execute(DefaultLauncher.java:220)
	at org.junit.platform.launcher.core.DefaultLauncher.lambda$execute$6(DefaultLauncher.java:188)
	at org.junit.platform.launcher.core.DefaultLauncher.withInterceptedStreams(DefaultLauncher.java:202)
	at org.junit.platform.launcher.core.DefaultLauncher.execute(DefaultLauncher.java:181)
	at org.junit.platform.launcher.core.DefaultLauncher.execute(DefaultLauncher.java:128)
	at org.apache.maven.surefire.junitplatform.JUnitPlatformProvider.invokeAllTests(JUnitPlatformProvider.java:150)
	at org.apache.maven.surefire.junitplatform.JUnitPlatformProvider.invoke(JUnitPlatformProvider.java:124)
	at org.apache.maven.surefire.booter.ForkedBooter.invokeProviderInSameClassLoader(ForkedBooter.java:384)
	at org.apache.maven.surefire.booter.ForkedBooter.runSuitesInProcess(ForkedBooter.java:345)
	at org.apache.maven.surefire.booter.ForkedBooter.execute(ForkedBooter.java:126)
	at org.apache.maven.surefire.booter.ForkedBooter.main(ForkedBooter.java:418)

[INFO] 
[INFO] Results:
[INFO] 
[ERROR] Failures: 
[ERROR]   BufferingApacheClientHttpRequestFactoryTest>AbstractApacheClientHttpRequestFactoryTest.shouldReleaseConnection:184 execution exceeded timeout of 750 ms by 183423250 ms
[ERROR]   StreamingApacheClientHttpRequestFactoryTest>AbstractApacheClientHttpRequestFactoryTest.shouldReleaseConnection:184 execution exceeded timeout of 750 ms by 447085250 ms
[INFO] 
[ERROR] Tests run: 29, Failures: 2, Errors: 0, Skipped: 0
[INFO] 
[INFO] 
[INFO] ------------------------------------------------------------------------
[INFO] Skipping Riptide: Authorization
[INFO] This project has been banned from the build due to previous failures.
[INFO] ------------------------------------------------------------------------
[INFO] 
[INFO] ----------------------< org.zalando:riptide-bom >-----------------------
[INFO] Building Riptide: Bill of Materials 3.1.0-SNAPSHOT                [6/22]
[INFO] --------------------------------[ pom ]---------------------------------
[INFO] 
[INFO] --- maven-enforcer-plugin:3.0.0:enforce (enforce-maven) @ riptide-bom ---
[INFO] 
[INFO] --- duplicate-finder-maven-plugin:1.5.0:check (default) @ riptide-bom ---
[INFO] Ignoring POM project!
[INFO] 
[INFO] --- jacoco-maven-plugin:0.8.7:prepare-agent (prepare-agent) @ riptide-bom ---
[INFO] argLine set to -javaagent:/root/.m2/repository/org/jacoco/org.jacoco.agent/0.8.7/org.jacoco.agent-0.8.7-runtime.jar=destfile=/home/target/riptide-bom/target/jacoco.exec
[INFO] 
[INFO] ------------------------------------------------------------------------
[INFO] Skipping Riptide: Chaos
[INFO] This project has been banned from the build due to previous failures.
[INFO] ------------------------------------------------------------------------
[INFO] 
[INFO] --------------------< org.zalando:riptide-problem >---------------------
[INFO] Building Riptide: Problem 3.1.0-SNAPSHOT                          [7/22]
[INFO] --------------------------------[ jar ]---------------------------------
[INFO] 
[INFO] --- maven-enforcer-plugin:3.0.0:enforce (enforce-maven) @ riptide-problem ---
[INFO] 
[INFO] --- duplicate-finder-maven-plugin:1.5.0:check (default) @ riptide-problem ---
[INFO] Checking compile classpath
[INFO] Checking runtime classpath
[INFO] Checking test classpath
[INFO] 
[INFO] --- jacoco-maven-plugin:0.8.7:prepare-agent (prepare-agent) @ riptide-problem ---
[INFO] argLine set to -javaagent:/root/.m2/repository/org/jacoco/org.jacoco.agent/0.8.7/org.jacoco.agent-0.8.7-runtime.jar=destfile=/home/target/riptide-problem/target/jacoco.exec
[INFO] 
[INFO] --- maven-resources-plugin:3.2.0:resources (default-resources) @ riptide-problem ---
[INFO] Using 'UTF-8' encoding to copy filtered resources.
[INFO] Using 'UTF-8' encoding to copy filtered properties files.
[INFO] skip non existing resourceDirectory /home/target/riptide-problem/src/main/resources
[INFO] 
[INFO] --- maven-compiler-plugin:3.8.1:compile (default-compile) @ riptide-problem ---
[INFO] Nothing to compile - all classes are up to date
[INFO] 
[INFO] --- maven-resources-plugin:3.2.0:testResources (default-testResources) @ riptide-problem ---
[INFO] Using 'UTF-8' encoding to copy filtered resources.
[INFO] Using 'UTF-8' encoding to copy filtered properties files.
[INFO] Copying 1 resource
[INFO] 
[INFO] --- maven-compiler-plugin:3.8.1:testCompile (default-testCompile) @ riptide-problem ---
[INFO] Nothing to compile - all classes are up to date
[INFO] 
[INFO] --- maven-surefire-plugin:2.22.2:test (default-test) @ riptide-problem ---
[INFO] 
[INFO] -------------------------------------------------------
[INFO]  T E S T S
[INFO] -------------------------------------------------------
[INFO] Running org.zalando.riptide.problem.ProblemRouteTest
[INFO] Tests run: 7, Failures: 0, Errors: 0, Skipped: 0, Time elapsed: 933,434.704 s - in org.zalando.riptide.problem.ProblemRouteTest
[INFO] 
[INFO] Results:
[INFO] 
[INFO] Tests run: 7, Failures: 0, Errors: 0, Skipped: 0
[INFO] 
[INFO] 
[INFO] -----------------< org.zalando:riptide-compatibility >------------------
[INFO] Building Riptide: Compatibility 3.1.0-SNAPSHOT                    [8/22]
[INFO] --------------------------------[ jar ]---------------------------------
[INFO] 
[INFO] --- maven-enforcer-plugin:3.0.0:enforce (enforce-maven) @ riptide-compatibility ---
[INFO] 
[INFO] --- duplicate-finder-maven-plugin:1.5.0:check (default) @ riptide-compatibility ---
[INFO] Checking compile classpath
[INFO] Checking runtime classpath
[INFO] Checking test classpath
[INFO] 
[INFO] --- jacoco-maven-plugin:0.8.7:prepare-agent (prepare-agent) @ riptide-compatibility ---
[INFO] argLine set to -javaagent:/root/.m2/repository/org/jacoco/org.jacoco.agent/0.8.7/org.jacoco.agent-0.8.7-runtime.jar=destfile=/home/target/riptide-compatibility/target/jacoco.exec
[INFO] 
[INFO] --- maven-resources-plugin:3.2.0:resources (default-resources) @ riptide-compatibility ---
[INFO] Using 'UTF-8' encoding to copy filtered resources.
[INFO] Using 'UTF-8' encoding to copy filtered properties files.
[INFO] skip non existing resourceDirectory /home/target/riptide-compatibility/src/main/resources
[INFO] 
[INFO] --- maven-compiler-plugin:3.8.1:compile (default-compile) @ riptide-compatibility ---
[INFO] Nothing to compile - all classes are up to date
[INFO] 
[INFO] --- maven-resources-plugin:3.2.0:testResources (default-testResources) @ riptide-compatibility ---
[INFO] Using 'UTF-8' encoding to copy filtered resources.
[INFO] Using 'UTF-8' encoding to copy filtered properties files.
[INFO] skip non existing resourceDirectory /home/target/riptide-compatibility/src/test/resources
[INFO] 
[INFO] --- maven-compiler-plugin:3.8.1:testCompile (default-testCompile) @ riptide-compatibility ---
[INFO] Nothing to compile - all classes are up to date
[INFO] 
[INFO] --- maven-surefire-plugin:2.22.2:test (default-test) @ riptide-compatibility ---
[INFO] 
[INFO] -------------------------------------------------------
[INFO]  T E S T S
[INFO] -------------------------------------------------------
[INFO] Running org.zalando.riptide.compatibility.AsyncHttpOperationsTest
[main] INFO org.eclipse.jetty.util.log - Logging initialized @1721ms to org.eclipse.jetty.util.log.Slf4jLog
[main] INFO org.eclipse.jetty.server.Server - jetty-9.4.44.v20210927; built: 2021-09-27T23:02:44.612Z; git: 8da83308eeca865e495e53ef315a249d63ba9332; jvm 1.8.0_312-b07
[main] INFO org.eclipse.jetty.server.AbstractConnector - Started ServerConnector@31120021{HTTP/1.1, (http/1.1)}{0.0.0.0:43583}
[main] INFO org.eclipse.jetty.server.Server - Started @2154ms
[qtp2010546406-19] INFO com.github.restdriver.clientdriver.jetty.DefaultClientDriverJettyHandler - Handling: GET /users/1
[main] INFO com.github.restdriver.clientdriver.ClientDriver - Beginning verification
[main] INFO org.eclipse.jetty.server.AbstractConnector - Stopped ServerConnector@31120021{HTTP/1.1, (http/1.1)}{0.0.0.0:0}
[main] INFO com.github.restdriver.clientdriver.ClientDriver - Beginning verification
[main] INFO org.eclipse.jetty.server.Server - jetty-9.4.44.v20210927; built: 2021-09-27T23:02:44.612Z; git: 8da83308eeca865e495e53ef315a249d63ba9332; jvm 1.8.0_312-b07
[main] INFO org.eclipse.jetty.server.AbstractConnector - Started ServerConnector@51f91d19{HTTP/1.1, (http/1.1)}{0.0.0.0:42993}
[main] INFO org.eclipse.jetty.server.Server - Started @4838ms
[qtp387422846-26] INFO com.github.restdriver.clientdriver.jetty.DefaultClientDriverJettyHandler - Handling: GET /users/1
[main] INFO com.github.restdriver.clientdriver.ClientDriver - Beginning verification
[main] INFO org.eclipse.jetty.server.AbstractConnector - Stopped ServerConnector@51f91d19{HTTP/1.1, (http/1.1)}{0.0.0.0:0}
[main] WARN org.eclipse.jetty.util.thread.QueuedThreadPool - QueuedThreadPool[qtp387422846]@17179a7e{STOPPING,8<=0<=200,i=8,r=-1,q=0}[NO_TRY] Couldn't stop Thread[qtp387422846-31,5,main]
[main] WARN org.eclipse.jetty.util.thread.QueuedThreadPool - QueuedThreadPool[qtp387422846]@17179a7e{STOPPING,8<=0<=200,i=8,r=-1,q=0}[NO_TRY] Couldn't stop Thread[qtp387422846-29,5,main]
[main] WARN org.eclipse.jetty.util.thread.QueuedThreadPool - QueuedThreadPool[qtp387422846]@17179a7e{STOPPING,8<=0<=200,i=8,r=-1,q=0}[NO_TRY] Couldn't stop Thread[qtp387422846-28,5,main]
[main] INFO com.github.restdriver.clientdriver.ClientDriver - Beginning verification
[main] INFO org.eclipse.jetty.server.Server - jetty-9.4.44.v20210927; built: 2021-09-27T23:02:44.612Z; git: 8da83308eeca865e495e53ef315a249d63ba9332; jvm 1.8.0_312-b07
[main] INFO org.eclipse.jetty.server.AbstractConnector - Started ServerConnector@210e971e{HTTP/1.1, (http/1.1)}{0.0.0.0:46679}
[main] INFO org.eclipse.jetty.server.Server - Started @4936ms
[qtp1686518257-39] INFO com.github.restdriver.clientdriver.jetty.DefaultClientDriverJettyHandler - Handling: GET /users/1
[main] INFO com.github.restdriver.clientdriver.ClientDriver - Beginning verification
[main] INFO org.eclipse.jetty.server.AbstractConnector - Stopped ServerConnector@210e971e{HTTP/1.1, (http/1.1)}{0.0.0.0:0}
[main] WARN org.eclipse.jetty.util.thread.QueuedThreadPool - QueuedThreadPool[qtp1686518257]@648639f1{STOPPING,8<=0<=200,i=7,r=-1,q=0}[NO_TRY] Couldn't stop Thread[qtp1686518257-34,5,main]
[main] WARN org.eclipse.jetty.util.thread.QueuedThreadPool - QueuedThreadPool[qtp1686518257]@648639f1{STOPPING,8<=0<=200,i=7,r=-1,q=0}[NO_TRY] Couldn't stop Thread[qtp1686518257-39,5,]
[main] WARN org.eclipse.jetty.util.thread.QueuedThreadPool - QueuedThreadPool[qtp1686518257]@648639f1{STOPPING,8<=0<=200,i=7,r=-1,q=0}[NO_TRY] Couldn't stop Thread[qtp1686518257-40,5,]
[main] INFO com.github.restdriver.clientdriver.ClientDriver - Beginning verification
[main] INFO org.eclipse.jetty.server.Server - jetty-9.4.44.v20210927; built: 2021-09-27T23:02:44.612Z; git: 8da83308eeca865e495e53ef315a249d63ba9332; jvm 1.8.0_312-b07
[main] INFO org.eclipse.jetty.server.AbstractConnector - Started ServerConnector@796434a3{HTTP/1.1, (http/1.1)}{0.0.0.0:45453}
[main] INFO org.eclipse.jetty.server.Server - Started @4965ms
[qtp355539698-49] INFO com.github.restdriver.clientdriver.jetty.DefaultClientDriverJettyHandler - Handling: PUT /users/1
[main] INFO com.github.restdriver.clientdriver.ClientDriver - Beginning verification
[main] INFO org.eclipse.jetty.server.AbstractConnector - Stopped ServerConnector@796434a3{HTTP/1.1, (http/1.1)}{0.0.0.0:0}
[main] INFO com.github.restdriver.clientdriver.ClientDriver - Beginning verification
[main] INFO org.eclipse.jetty.server.Server - jetty-9.4.44.v20210927; built: 2021-09-27T23:02:44.612Z; git: 8da83308eeca865e495e53ef315a249d63ba9332; jvm 1.8.0_312-b07
[main] INFO org.eclipse.jetty.server.AbstractConnector - Started ServerConnector@b45e264{HTTP/1.1, (http/1.1)}{0.0.0.0:46689}
[main] INFO org.eclipse.jetty.server.Server - Started @5096ms
[qtp75629578-54] INFO com.github.restdriver.clientdriver.jetty.DefaultClientDriverJettyHandler - Handling: PUT /users/1
[main] INFO com.github.restdriver.clientdriver.ClientDriver - Beginning verification
[main] INFO org.eclipse.jetty.server.AbstractConnector - Stopped ServerConnector@b45e264{HTTP/1.1, (http/1.1)}{0.0.0.0:0}
[main] INFO com.github.restdriver.clientdriver.ClientDriver - Beginning verification
[main] INFO org.eclipse.jetty.server.Server - jetty-9.4.44.v20210927; built: 2021-09-27T23:02:44.612Z; git: 8da83308eeca865e495e53ef315a249d63ba9332; jvm 1.8.0_312-b07
[main] INFO org.eclipse.jetty.server.AbstractConnector - Started ServerConnector@270a113f{HTTP/1.1, (http/1.1)}{0.0.0.0:33705}
[main] INFO org.eclipse.jetty.server.Server - Started @5233ms
[qtp7530502-65] INFO com.github.restdriver.clientdriver.jetty.DefaultClientDriverJettyHandler - Handling: PUT /users/1
[main] INFO com.github.restdriver.clientdriver.ClientDriver - Beginning verification
[main] INFO org.eclipse.jetty.server.AbstractConnector - Stopped ServerConnector@270a113f{HTTP/1.1, (http/1.1)}{0.0.0.0:0}
[main] INFO com.github.restdriver.clientdriver.ClientDriver - Beginning verification
[main] INFO org.eclipse.jetty.server.Server - jetty-9.4.44.v20210927; built: 2021-09-27T23:02:44.612Z; git: 8da83308eeca865e495e53ef315a249d63ba9332; jvm 1.8.0_312-b07
[main] INFO org.eclipse.jetty.server.AbstractConnector - Started ServerConnector@3e3b41cb{HTTP/1.1, (http/1.1)}{0.0.0.0:36057}
[main] INFO org.eclipse.jetty.server.Server - Started @5285ms
[qtp2141994208-80] INFO com.github.restdriver.clientdriver.jetty.DefaultClientDriverJettyHandler - Handling: POST /departments/1/users
[main] INFO com.github.restdriver.clientdriver.ClientDriver - Beginning verification
[main] INFO org.eclipse.jetty.server.AbstractConnector - Stopped ServerConnector@3e3b41cb{HTTP/1.1, (http/1.1)}{0.0.0.0:0}
[main] INFO com.github.restdriver.clientdriver.ClientDriver - Beginning verification
[main] INFO org.eclipse.jetty.server.Server - jetty-9.4.44.v20210927; built: 2021-09-27T23:02:44.612Z; git: 8da83308eeca865e495e53ef315a249d63ba9332; jvm 1.8.0_312-b07
[main] INFO org.eclipse.jetty.server.AbstractConnector - Started ServerConnector@6e1d939e{HTTP/1.1, (http/1.1)}{0.0.0.0:41241}
[main] INFO org.eclipse.jetty.server.Server - Started @5352ms
[qtp1607476060-89] INFO com.github.restdriver.clientdriver.jetty.DefaultClientDriverJettyHandler - Handling: POST /departments/1/users
[main] INFO com.github.restdriver.clientdriver.ClientDriver - Beginning verification
[main] INFO org.eclipse.jetty.server.AbstractConnector - Stopped ServerConnector@6e1d939e{HTTP/1.1, (http/1.1)}{0.0.0.0:0}
[main] INFO com.github.restdriver.clientdriver.ClientDriver - Beginning verification
[main] INFO org.eclipse.jetty.server.Server - jetty-9.4.44.v20210927; built: 2021-09-27T23:02:44.612Z; git: 8da83308eeca865e495e53ef315a249d63ba9332; jvm 1.8.0_312-b07
[main] INFO org.eclipse.jetty.server.AbstractConnector - Started ServerConnector@7ae5f795{HTTP/1.1, (http/1.1)}{0.0.0.0:38809}
[main] INFO org.eclipse.jetty.server.Server - Started @5464ms
[qtp800724421-99] INFO com.github.restdriver.clientdriver.jetty.DefaultClientDriverJettyHandler - Handling: POST /departments/1/users
[main] INFO com.github.restdriver.clientdriver.ClientDriver - Beginning verification
[main] INFO org.eclipse.jetty.server.AbstractConnector - Stopped ServerConnector@7ae5f795{HTTP/1.1, (http/1.1)}{0.0.0.0:0}
[main] WARN org.eclipse.jetty.util.thread.QueuedThreadPool - QueuedThreadPool[qtp800724421]@2fba15c5{STOPPING,8<=0<=200,i=8,r=-1,q=0}[NO_TRY] Couldn't stop Thread[qtp800724421-95,5,]
[main] WARN org.eclipse.jetty.util.thread.QueuedThreadPool - QueuedThreadPool[qtp800724421]@2fba15c5{STOPPING,8<=0<=200,i=8,r=-1,q=0}[NO_TRY] Couldn't stop Thread[qtp800724421-99,5,]
[main] INFO com.github.restdriver.clientdriver.ClientDriver - Beginning verification
[main] INFO org.eclipse.jetty.server.Server - jetty-9.4.44.v20210927; built: 2021-09-27T23:02:44.612Z; git: 8da83308eeca865e495e53ef315a249d63ba9332; jvm 1.8.0_312-b07
[main] INFO org.eclipse.jetty.server.AbstractConnector - Started ServerConnector@4c1f4817{HTTP/1.1, (http/1.1)}{0.0.0.0:43599}
[main] INFO org.eclipse.jetty.server.Server - Started @5548ms
[qtp466491867-110] INFO com.github.restdriver.clientdriver.jetty.DefaultClientDriverJettyHandler - Handling: DELETE /users/1
[main] INFO com.github.restdriver.clientdriver.ClientDriver - Beginning verification
[main] INFO org.eclipse.jetty.server.AbstractConnector - Stopped ServerConnector@4c1f4817{HTTP/1.1, (http/1.1)}{0.0.0.0:0}
[main] INFO com.github.restdriver.clientdriver.ClientDriver - Beginning verification
[main] INFO org.eclipse.jetty.server.Server - jetty-9.4.44.v20210927; built: 2021-09-27T23:02:44.612Z; git: 8da83308eeca865e495e53ef315a249d63ba9332; jvm 1.8.0_312-b07
[main] INFO org.eclipse.jetty.server.AbstractConnector - Started ServerConnector@2f5a23c1{HTTP/1.1, (http/1.1)}{0.0.0.0:39081}
[main] INFO org.eclipse.jetty.server.Server - Started @5602ms
[qtp1604007861-119] INFO com.github.restdriver.clientdriver.jetty.DefaultClientDriverJettyHandler - Handling: DELETE /users/1
[main] INFO com.github.restdriver.clientdriver.ClientDriver - Beginning verification
[main] INFO org.eclipse.jetty.server.AbstractConnector - Stopped ServerConnector@2f5a23c1{HTTP/1.1, (http/1.1)}{0.0.0.0:0}
[main] WARN org.eclipse.jetty.util.thread.QueuedThreadPool - QueuedThreadPool[qtp1604007861]@5f9b37b5{STOPPING,8<=0<=200,i=8,r=-1,q=0}[NO_TRY] Couldn't stop Thread[qtp1604007861-121,5,main]
[main] WARN org.eclipse.jetty.util.thread.QueuedThreadPool - QueuedThreadPool[qtp1604007861]@5f9b37b5{STOPPING,8<=0<=200,i=8,r=-1,q=0}[NO_TRY] Couldn't stop Thread[qtp1604007861-114,5,main]
[main] WARN org.eclipse.jetty.util.thread.QueuedThreadPool - QueuedThreadPool[qtp1604007861]@5f9b37b5{STOPPING,8<=0<=200,i=8,r=-1,q=0}[NO_TRY] Couldn't stop Thread[qtp1604007861-118,5,main]
[main] INFO com.github.restdriver.clientdriver.ClientDriver - Beginning verification
[main] INFO org.eclipse.jetty.server.Server - jetty-9.4.44.v20210927; built: 2021-09-27T23:02:44.612Z; git: 8da83308eeca865e495e53ef315a249d63ba9332; jvm 1.8.0_312-b07
[main] INFO org.eclipse.jetty.server.AbstractConnector - Started ServerConnector@550ce3a9{HTTP/1.1, (http/1.1)}{0.0.0.0:45865}
[main] INFO org.eclipse.jetty.server.Server - Started @5660ms
[qtp1375395104-129] INFO com.github.restdriver.clientdriver.jetty.DefaultClientDriverJettyHandler - Handling: DELETE /users/1
[main] INFO com.github.restdriver.clientdriver.ClientDriver - Beginning verification
[main] INFO org.eclipse.jetty.server.AbstractConnector - Stopped ServerConnector@550ce3a9{HTTP/1.1, (http/1.1)}{0.0.0.0:0}
[main] WARN org.eclipse.jetty.util.thread.QueuedThreadPool - QueuedThreadPool[qtp1375395104]@51fadd20{STOPPING,8<=0<=200,i=8,r=-1,q=0}[NO_TRY] Couldn't stop Thread[qtp1375395104-124,5,]
[main] WARN org.eclipse.jetty.util.thread.QueuedThreadPool - QueuedThreadPool[qtp1375395104]@51fadd20{STOPPING,8<=0<=200,i=8,r=-1,q=0}[NO_TRY] Couldn't stop Thread[qtp1375395104-125,5,]
[main] INFO com.github.restdriver.clientdriver.ClientDriver - Beginning verification
[main] INFO org.eclipse.jetty.server.Server - jetty-9.4.44.v20210927; built: 2021-09-27T23:02:44.612Z; git: 8da83308eeca865e495e53ef315a249d63ba9332; jvm 1.8.0_312-b07
[main] INFO org.eclipse.jetty.server.AbstractConnector - Started ServerConnector@4d5aeea7{HTTP/1.1, (http/1.1)}{0.0.0.0:46549}
[main] INFO org.eclipse.jetty.server.Server - Started @5714ms
[qtp1976075614-139] INFO com.github.restdriver.clientdriver.jetty.DefaultClientDriverJettyHandler - Handling: POST /departments/1/users
[main] INFO com.github.restdriver.clientdriver.ClientDriver - Beginning verification
[main] INFO org.eclipse.jetty.server.AbstractConnector - Stopped ServerConnector@4d5aeea7{HTTP/1.1, (http/1.1)}{0.0.0.0:0}
[main] INFO com.github.restdriver.clientdriver.ClientDriver - Beginning verification
[main] INFO org.eclipse.jetty.server.Server - jetty-9.4.44.v20210927; built: 2021-09-27T23:02:44.612Z; git: 8da83308eeca865e495e53ef315a249d63ba9332; jvm 1.8.0_312-b07
[main] INFO org.eclipse.jetty.server.AbstractConnector - Started ServerConnector@fbc1de9{HTTP/1.1, (http/1.1)}{0.0.0.0:38445}
[main] INFO org.eclipse.jetty.server.Server - Started @5807ms
[qtp952647931-149] INFO com.github.restdriver.clientdriver.jetty.DefaultClientDriverJettyHandler - Handling: POST /departments/1/users
[main] INFO com.github.restdriver.clientdriver.ClientDriver - Beginning verification
[main] INFO org.eclipse.jetty.server.AbstractConnector - Stopped ServerConnector@fbc1de9{HTTP/1.1, (http/1.1)}{0.0.0.0:0}
[main] INFO com.github.restdriver.clientdriver.ClientDriver - Beginning verification
[main] INFO org.eclipse.jetty.server.Server - jetty-9.4.44.v20210927; built: 2021-09-27T23:02:44.612Z; git: 8da83308eeca865e495e53ef315a249d63ba9332; jvm 1.8.0_312-b07
[main] INFO org.eclipse.jetty.server.AbstractConnector - Started ServerConnector@16cc5e51{HTTP/1.1, (http/1.1)}{0.0.0.0:37561}
[main] INFO org.eclipse.jetty.server.Server - Started @5872ms
[qtp1516032175-157] INFO com.github.restdriver.clientdriver.jetty.DefaultClientDriverJettyHandler - Handling: POST /departments/1/users
[main] INFO com.github.restdriver.clientdriver.ClientDriver - Beginning verification
[main] INFO org.eclipse.jetty.server.AbstractConnector - Stopped ServerConnector@16cc5e51{HTTP/1.1, (http/1.1)}{0.0.0.0:0}
[main] INFO com.github.restdriver.clientdriver.ClientDriver - Beginning verification
[main] INFO org.eclipse.jetty.server.Server - jetty-9.4.44.v20210927; built: 2021-09-27T23:02:44.612Z; git: 8da83308eeca865e495e53ef315a249d63ba9332; jvm 1.8.0_312-b07
[main] INFO org.eclipse.jetty.server.AbstractConnector - Started ServerConnector@54c15e{HTTP/1.1, (http/1.1)}{0.0.0.0:45413}
[main] INFO org.eclipse.jetty.server.Server - Started @5925ms
[qtp227072471-169] INFO com.github.restdriver.clientdriver.jetty.DefaultClientDriverJettyHandler - Handling: POST /departments/1/users
[main] INFO com.github.restdriver.clientdriver.ClientDriver - Beginning verification
[main] INFO org.eclipse.jetty.server.AbstractConnector - Stopped ServerConnector@54c15e{HTTP/1.1, (http/1.1)}{0.0.0.0:0}
[main] INFO com.github.restdriver.clientdriver.ClientDriver - Beginning verification
[main] INFO org.eclipse.jetty.server.Server - jetty-9.4.44.v20210927; built: 2021-09-27T23:02:44.612Z; git: 8da83308eeca865e495e53ef315a249d63ba9332; jvm 1.8.0_312-b07
[main] INFO org.eclipse.jetty.server.AbstractConnector - Started ServerConnector@121ec5c2{HTTP/1.1, (http/1.1)}{0.0.0.0:37765}
[main] INFO org.eclipse.jetty.server.Server - Started @6013ms
[qtp319123198-175] INFO com.github.restdriver.clientdriver.jetty.DefaultClientDriverJettyHandler - Handling: POST /departments/1/users
[main] INFO com.github.restdriver.clientdriver.ClientDriver - Beginning verification
[main] INFO org.eclipse.jetty.server.AbstractConnector - Stopped ServerConnector@121ec5c2{HTTP/1.1, (http/1.1)}{0.0.0.0:0}
[main] WARN org.eclipse.jetty.util.thread.QueuedThreadPool - QueuedThreadPool[qtp319123198]@13056efe{STOPPING,8<=0<=200,i=7,r=-1,q=0}[NO_TRY] Couldn't stop Thread[qtp319123198-178,5,main]
[main] INFO com.github.restdriver.clientdriver.ClientDriver - Beginning verification
[main] INFO org.eclipse.jetty.server.Server - jetty-9.4.44.v20210927; built: 2021-09-27T23:02:44.612Z; git: 8da83308eeca865e495e53ef315a249d63ba9332; jvm 1.8.0_312-b07
[main] INFO org.eclipse.jetty.server.AbstractConnector - Started ServerConnector@1ef4179{HTTP/1.1, (http/1.1)}{0.0.0.0:44979}
[main] INFO org.eclipse.jetty.server.Server - Started @6054ms
[qtp595480281-189] INFO com.github.restdriver.clientdriver.jetty.DefaultClientDriverJettyHandler - Handling: POST /departments/1/users
[main] INFO com.github.restdriver.clientdriver.ClientDriver - Beginning verification
[main] INFO org.eclipse.jetty.server.AbstractConnector - Stopped ServerConnector@1ef4179{HTTP/1.1, (http/1.1)}{0.0.0.0:0}
[main] WARN org.eclipse.jetty.util.thread.QueuedThreadPool - QueuedThreadPool[qtp595480281]@237e4ed9{STOPPING,8<=0<=200,i=8,r=-1,q=0}[NO_TRY] Couldn't stop Thread[qtp595480281-184,5,main]
[main] WARN org.eclipse.jetty.util.thread.QueuedThreadPool - QueuedThreadPool[qtp595480281]@237e4ed9{STOPPING,8<=0<=200,i=8,r=-1,q=0}[NO_TRY] Couldn't stop Thread[qtp595480281-188,5,main]
[main] WARN org.eclipse.jetty.util.thread.QueuedThreadPool - QueuedThreadPool[qtp595480281]@237e4ed9{STOPPING,8<=0<=200,i=8,r=-1,q=0}[NO_TRY] Couldn't stop Thread[qtp595480281-190,5,]
[main] INFO com.github.restdriver.clientdriver.ClientDriver - Beginning verification
[main] INFO org.eclipse.jetty.server.Server - jetty-9.4.44.v20210927; built: 2021-09-27T23:02:44.612Z; git: 8da83308eeca865e495e53ef315a249d63ba9332; jvm 1.8.0_312-b07
[main] INFO org.eclipse.jetty.server.AbstractConnector - Started ServerConnector@1934a7c1{HTTP/1.1, (http/1.1)}{0.0.0.0:45797}
[main] INFO org.eclipse.jetty.server.Server - Started @6123ms
[qtp1858454754-199] INFO com.github.restdriver.clientdriver.jetty.DefaultClientDriverJettyHandler - Handling: GET /departments/1/users
[main] INFO com.github.restdriver.clientdriver.ClientDriver - Beginning verification
[main] INFO org.eclipse.jetty.server.AbstractConnector - Stopped ServerConnector@1934a7c1{HTTP/1.1, (http/1.1)}{0.0.0.0:0}
[main] INFO com.github.restdriver.clientdriver.ClientDriver - Beginning verification
[main] INFO org.eclipse.jetty.server.Server - jetty-9.4.44.v20210927; built: 2021-09-27T23:02:44.612Z; git: 8da83308eeca865e495e53ef315a249d63ba9332; jvm 1.8.0_312-b07
[main] INFO org.eclipse.jetty.server.AbstractConnector - Started ServerConnector@6dbe6891{HTTP/1.1, (http/1.1)}{0.0.0.0:37087}
[main] INFO org.eclipse.jetty.server.Server - Started @6172ms
[qtp1189861498-209] INFO com.github.restdriver.clientdriver.jetty.DefaultClientDriverJettyHandler - Handling: POST /departments/1/users
[main] INFO com.github.restdriver.clientdriver.ClientDriver - Beginning verification
[main] INFO org.eclipse.jetty.server.AbstractConnector - Stopped ServerConnector@6dbe6891{HTTP/1.1, (http/1.1)}{0.0.0.0:0}
[main] WARN org.eclipse.jetty.util.thread.QueuedThreadPool - QueuedThreadPool[qtp1189861498]@46ebd87a{STOPPING,8<=0<=200,i=7,r=-1,q=0}[NO_TRY] Couldn't stop Thread[qtp1189861498-209,5,main]
[main] INFO com.github.restdriver.clientdriver.ClientDriver - Beginning verification
[main] INFO org.eclipse.jetty.server.Server - jetty-9.4.44.v20210927; built: 2021-09-27T23:02:44.612Z; git: 8da83308eeca865e495e53ef315a249d63ba9332; jvm 1.8.0_312-b07
[main] INFO org.eclipse.jetty.server.AbstractConnector - Started ServerConnector@4c0d7878{HTTP/1.1, (http/1.1)}{0.0.0.0:41323}
[main] INFO org.eclipse.jetty.server.Server - Started @6241ms
[qtp218004451-219] INFO com.github.restdriver.clientdriver.jetty.DefaultClientDriverJettyHandler - Handling: HEAD /users/1
[main] INFO com.github.restdriver.clientdriver.ClientDriver - Beginning verification
[main] INFO org.eclipse.jetty.server.AbstractConnector - Stopped ServerConnector@4c0d7878{HTTP/1.1, (http/1.1)}{0.0.0.0:0}
[main] INFO com.github.restdriver.clientdriver.ClientDriver - Beginning verification
[main] INFO org.eclipse.jetty.server.Server - jetty-9.4.44.v20210927; built: 2021-09-27T23:02:44.612Z; git: 8da83308eeca865e495e53ef315a249d63ba9332; jvm 1.8.0_312-b07
[main] INFO org.eclipse.jetty.server.AbstractConnector - Started ServerConnector@3a7deba5{HTTP/1.1, (http/1.1)}{0.0.0.0:46047}
[main] INFO org.eclipse.jetty.server.Server - Started @6293ms
[qtp21387540-228] INFO com.github.restdriver.clientdriver.jetty.DefaultClientDriverJettyHandler - Handling: HEAD /users/1
[main] INFO com.github.restdriver.clientdriver.ClientDriver - Beginning verification
[main] INFO org.eclipse.jetty.server.AbstractConnector - Stopped ServerConnector@3a7deba5{HTTP/1.1, (http/1.1)}{0.0.0.0:0}
[main] WARN org.eclipse.jetty.util.thread.QueuedThreadPool - QueuedThreadPool[qtp21387540]@1465914{STOPPING,8<=0<=200,i=8,r=-1,q=0}[NO_TRY] Couldn't stop Thread[qtp21387540-224,5,main]
[main] WARN org.eclipse.jetty.util.thread.QueuedThreadPool - QueuedThreadPool[qtp21387540]@1465914{STOPPING,8<=0<=200,i=8,r=-1,q=0}[NO_TRY] Couldn't stop Thread[qtp21387540-230,5,]
[main] WARN org.eclipse.jetty.util.thread.QueuedThreadPool - QueuedThreadPool[qtp21387540]@1465914{STOPPING,8<=0<=200,i=8,r=-1,q=0}[NO_TRY] Couldn't stop Thread[qtp21387540-225,5,]
[main] WARN org.eclipse.jetty.util.thread.QueuedThreadPool - QueuedThreadPool[qtp21387540]@1465914{STOPPING,8<=0<=200,i=8,r=-1,q=0}[NO_TRY] Couldn't stop Thread[qtp21387540-231,5,]
[main] INFO com.github.restdriver.clientdriver.ClientDriver - Beginning verification
[main] INFO org.eclipse.jetty.server.Server - jetty-9.4.44.v20210927; built: 2021-09-27T23:02:44.612Z; git: 8da83308eeca865e495e53ef315a249d63ba9332; jvm 1.8.0_312-b07
[main] INFO org.eclipse.jetty.server.AbstractConnector - Started ServerConnector@202ed88d{HTTP/1.1, (http/1.1)}{0.0.0.0:35171}
[main] INFO org.eclipse.jetty.server.Server - Started @6354ms
[qtp22051779-239] INFO com.github.restdriver.clientdriver.jetty.DefaultClientDriverJettyHandler - Handling: HEAD /users/1
[main] INFO com.github.restdriver.clientdriver.ClientDriver - Beginning verification
[main] INFO org.eclipse.jetty.server.AbstractConnector - Stopped ServerConnector@202ed88d{HTTP/1.1, (http/1.1)}{0.0.0.0:0}
[main] WARN org.eclipse.jetty.util.thread.QueuedThreadPool - QueuedThreadPool[qtp22051779]@1507bc3{STOPPING,8<=0<=200,i=8,r=-1,q=0}[NO_TRY] Couldn't stop Thread[qtp22051779-240,5,]
[main] INFO com.github.restdriver.clientdriver.ClientDriver - Beginning verification
[main] INFO org.eclipse.jetty.server.Server - jetty-9.4.44.v20210927; built: 2021-09-27T23:02:44.612Z; git: 8da83308eeca865e495e53ef315a249d63ba9332; jvm 1.8.0_312-b07
[main] INFO org.eclipse.jetty.server.AbstractConnector - Started ServerConnector@deb0c0e{HTTP/1.1, (http/1.1)}{0.0.0.0:42189}
[main] INFO org.eclipse.jetty.server.Server - Started @6388ms
[qtp1547671064-249] INFO com.github.restdriver.clientdriver.jetty.DefaultClientDriverJettyHandler - Handling: OPTIONS /users/1
[main] INFO com.github.restdriver.clientdriver.ClientDriver - Beginning verification
[main] INFO org.eclipse.jetty.server.AbstractConnector - Stopped ServerConnector@deb0c0e{HTTP/1.1, (http/1.1)}{0.0.0.0:0}
[main] INFO com.github.restdriver.clientdriver.ClientDriver - Beginning verification
[main] INFO org.eclipse.jetty.server.Server - jetty-9.4.44.v20210927; built: 2021-09-27T23:02:44.612Z; git: 8da83308eeca865e495e53ef315a249d63ba9332; jvm 1.8.0_312-b07
[main] INFO org.eclipse.jetty.server.AbstractConnector - Started ServerConnector@4e8e0052{HTTP/1.1, (http/1.1)}{0.0.0.0:37625}
[main] INFO org.eclipse.jetty.server.Server - Started @6452ms
[qtp432990189-259] INFO com.github.restdriver.clientdriver.jetty.DefaultClientDriverJettyHandler - Handling: OPTIONS /users/1
[main] INFO com.github.restdriver.clientdriver.ClientDriver - Beginning verification
[main] INFO org.eclipse.jetty.server.AbstractConnector - Stopped ServerConnector@4e8e0052{HTTP/1.1, (http/1.1)}{0.0.0.0:0}
[main] INFO com.github.restdriver.clientdriver.ClientDriver - Beginning verification
[main] INFO org.eclipse.jetty.server.Server - jetty-9.4.44.v20210927; built: 2021-09-27T23:02:44.612Z; git: 8da83308eeca865e495e53ef315a249d63ba9332; jvm 1.8.0_312-b07
[main] INFO org.eclipse.jetty.server.AbstractConnector - Started ServerConnector@26bd2d7d{HTTP/1.1, (http/1.1)}{0.0.0.0:39749}
[main] INFO org.eclipse.jetty.server.Server - Started @6537ms
[qtp2102828048-270] INFO com.github.restdriver.clientdriver.jetty.DefaultClientDriverJettyHandler - Handling: OPTIONS /users/1
[main] INFO com.github.restdriver.clientdriver.ClientDriver - Beginning verification
[main] INFO org.eclipse.jetty.server.AbstractConnector - Stopped ServerConnector@26bd2d7d{HTTP/1.1, (http/1.1)}{0.0.0.0:0}
[main] INFO com.github.restdriver.clientdriver.ClientDriver - Beginning verification
[main] INFO org.eclipse.jetty.server.Server - jetty-9.4.44.v20210927; built: 2021-09-27T23:02:44.612Z; git: 8da83308eeca865e495e53ef315a249d63ba9332; jvm 1.8.0_312-b07
[main] INFO org.eclipse.jetty.server.AbstractConnector - Started ServerConnector@cc41d2d{HTTP/1.1, (http/1.1)}{0.0.0.0:44701}
[main] INFO org.eclipse.jetty.server.Server - Started @6575ms
[main] INFO com.github.restdriver.clientdriver.ClientDriver - Beginning verification
[main] INFO org.eclipse.jetty.server.AbstractConnector - Stopped ServerConnector@cc41d2d{HTTP/1.1, (http/1.1)}{0.0.0.0:0}
[main] INFO com.github.restdriver.clientdriver.ClientDriver - Beginning verification
[INFO] Tests run: 27, Failures: 0, Errors: 0, Skipped: 0, Time elapsed: 1,161,495.408 s - in org.zalando.riptide.compatibility.AsyncHttpOperationsTest
[INFO] Running org.zalando.riptide.compatibility.HttpOutputMessageClientHttpRequestAdapterTest
[INFO] Tests run: 4, Failures: 0, Errors: 0, Skipped: 0, Time elapsed: 903,840 s - in org.zalando.riptide.compatibility.HttpOutputMessageClientHttpRequestAdapterTest
[INFO] Running org.zalando.riptide.compatibility.CompletableToListenableFutureAdapterTest
[INFO] Tests run: 4, Failures: 0, Errors: 0, Skipped: 0, Time elapsed: 244,008 s - in org.zalando.riptide.compatibility.CompletableToListenableFutureAdapterTest
[INFO] Running org.zalando.riptide.compatibility.HttpOperationsTest
[main] INFO org.eclipse.jetty.server.Server - jetty-9.4.44.v20210927; built: 2021-09-27T23:02:44.612Z; git: 8da83308eeca865e495e53ef315a249d63ba9332; jvm 1.8.0_312-b07
[main] INFO org.eclipse.jetty.server.AbstractConnector - Started ServerConnector@652f3a8c{HTTP/1.1, (http/1.1)}{0.0.0.0:40365}
[main] INFO org.eclipse.jetty.server.Server - Started @7280ms
[qtp118112620-288] INFO com.github.restdriver.clientdriver.jetty.DefaultClientDriverJettyHandler - Handling: GET /users/1
[main] INFO com.github.restdriver.clientdriver.ClientDriver - Beginning verification
[main] INFO org.eclipse.jetty.server.AbstractConnector - Stopped ServerConnector@652f3a8c{HTTP/1.1, (http/1.1)}{0.0.0.0:0}
[main] WARN org.eclipse.jetty.util.thread.QueuedThreadPool - QueuedThreadPool[qtp118112620]@70a416c{STOPPING,8<=0<=200,i=7,r=-1,q=0}[NO_TRY] Couldn't stop Thread[qtp118112620-284,5,main]
[main] INFO com.github.restdriver.clientdriver.ClientDriver - Beginning verification
[main] INFO org.eclipse.jetty.server.Server - jetty-9.4.44.v20210927; built: 2021-09-27T23:02:44.612Z; git: 8da83308eeca865e495e53ef315a249d63ba9332; jvm 1.8.0_312-b07
[main] INFO org.eclipse.jetty.server.AbstractConnector - Started ServerConnector@751661b{HTTP/1.1, (http/1.1)}{0.0.0.0:38987}
[main] INFO org.eclipse.jetty.server.Server - Started @7348ms
[qtp1121364616-298] INFO com.github.restdriver.clientdriver.jetty.DefaultClientDriverJettyHandler - Handling: GET /users/1
[main] INFO com.github.restdriver.clientdriver.ClientDriver - Beginning verification
[main] INFO org.eclipse.jetty.server.AbstractConnector - Stopped ServerConnector@751661b{HTTP/1.1, (http/1.1)}{0.0.0.0:0}
[main] INFO com.github.restdriver.clientdriver.ClientDriver - Beginning verification
[main] INFO org.eclipse.jetty.server.Server - jetty-9.4.44.v20210927; built: 2021-09-27T23:02:44.612Z; git: 8da83308eeca865e495e53ef315a249d63ba9332; jvm 1.8.0_312-b07
[main] INFO org.eclipse.jetty.server.AbstractConnector - Started ServerConnector@60a07d77{HTTP/1.1, (http/1.1)}{0.0.0.0:41733}
[main] INFO org.eclipse.jetty.server.Server - Started @7464ms
[qtp421115312-308] INFO com.github.restdriver.clientdriver.jetty.DefaultClientDriverJettyHandler - Handling: GET /users/1
[main] INFO com.github.restdriver.clientdriver.ClientDriver - Beginning verification
[main] INFO org.eclipse.jetty.server.AbstractConnector - Stopped ServerConnector@60a07d77{HTTP/1.1, (http/1.1)}{0.0.0.0:0}
[main] INFO com.github.restdriver.clientdriver.ClientDriver - Beginning verification
[main] INFO org.eclipse.jetty.server.Server - jetty-9.4.44.v20210927; built: 2021-09-27T23:02:44.612Z; git: 8da83308eeca865e495e53ef315a249d63ba9332; jvm 1.8.0_312-b07
[main] INFO org.eclipse.jetty.server.AbstractConnector - Started ServerConnector@119aabf3{HTTP/1.1, (http/1.1)}{0.0.0.0:43097}
[main] INFO org.eclipse.jetty.server.Server - Started @7506ms
[qtp1644733976-314] INFO com.github.restdriver.clientdriver.jetty.DefaultClientDriverJettyHandler - Handling: GET /users/1
[main] INFO com.github.restdriver.clientdriver.ClientDriver - Beginning verification
[main] INFO org.eclipse.jetty.server.AbstractConnector - Stopped ServerConnector@119aabf3{HTTP/1.1, (http/1.1)}{0.0.0.0:0}
[main] WARN org.eclipse.jetty.util.thread.QueuedThreadPool - QueuedThreadPool[qtp1644733976]@6208a618{STOPPING,8<=0<=200,i=8,r=-1,q=0}[NO_TRY] Couldn't stop Thread[qtp1644733976-319,5,main]
[main] WARN org.eclipse.jetty.util.thread.QueuedThreadPool - Stopped without executing or closing null
[main] INFO com.github.restdriver.clientdriver.ClientDriver - Beginning verification
[main] INFO org.eclipse.jetty.server.Server - jetty-9.4.44.v20210927; built: 2021-09-27T23:02:44.612Z; git: 8da83308eeca865e495e53ef315a249d63ba9332; jvm 1.8.0_312-b07
[main] INFO org.eclipse.jetty.server.AbstractConnector - Started ServerConnector@4d12e75d{HTTP/1.1, (http/1.1)}{0.0.0.0:37689}
[main] INFO org.eclipse.jetty.server.Server - Started @7617ms
[qtp70704621-327] INFO com.github.restdriver.clientdriver.jetty.DefaultClientDriverJettyHandler - Handling: GET /users/1
[main] INFO com.github.restdriver.clientdriver.ClientDriver - Beginning verification
[main] INFO org.eclipse.jetty.server.AbstractConnector - Stopped ServerConnector@4d12e75d{HTTP/1.1, (http/1.1)}{0.0.0.0:0}
[main] WARN org.eclipse.jetty.util.thread.QueuedThreadPool - QueuedThreadPool[qtp70704621]@436dded{STOPPING,8<=0<=200,i=8,r=-1,q=0}[NO_TRY] Couldn't stop Thread[qtp70704621-328,5,main]
[main] WARN org.eclipse.jetty.util.thread.QueuedThreadPool - QueuedThreadPool[qtp70704621]@436dded{STOPPING,8<=0<=200,i=8,r=-1,q=0}[NO_TRY] Couldn't stop Thread[qtp70704621-322,5,main]
[main] WARN org.eclipse.jetty.util.thread.QueuedThreadPool - QueuedThreadPool[qtp70704621]@436dded{STOPPING,8<=0<=200,i=8,r=-1,q=0}[NO_TRY] Couldn't stop Thread[qtp70704621-326,5,main]
[main] WARN org.eclipse.jetty.util.thread.QueuedThreadPool - QueuedThreadPool[qtp70704621]@436dded{STOPPING,8<=0<=200,i=8,r=-1,q=0}[NO_TRY] Couldn't stop Thread[qtp70704621-324,5,main]
[main] INFO com.github.restdriver.clientdriver.ClientDriver - Beginning verification
[main] INFO org.eclipse.jetty.server.Server - jetty-9.4.44.v20210927; built: 2021-09-27T23:02:44.612Z; git: 8da83308eeca865e495e53ef315a249d63ba9332; jvm 1.8.0_312-b07
[main] INFO org.eclipse.jetty.server.AbstractConnector - Started ServerConnector@6f46764d{HTTP/1.1, (http/1.1)}{0.0.0.0:33107}
[main] INFO org.eclipse.jetty.server.Server - Started @7676ms
[qtp927669637-338] INFO com.github.restdriver.clientdriver.jetty.DefaultClientDriverJettyHandler - Handling: GET /users/1
[main] INFO com.github.restdriver.clientdriver.ClientDriver - Beginning verification
[main] INFO org.eclipse.jetty.server.AbstractConnector - Stopped ServerConnector@6f46764d{HTTP/1.1, (http/1.1)}{0.0.0.0:0}
[main] INFO com.github.restdriver.clientdriver.ClientDriver - Beginning verification
[main] INFO org.eclipse.jetty.server.Server - jetty-9.4.44.v20210927; built: 2021-09-27T23:02:44.612Z; git: 8da83308eeca865e495e53ef315a249d63ba9332; jvm 1.8.0_312-b07
[main] INFO org.eclipse.jetty.server.AbstractConnector - Started ServerConnector@6fffad6d{HTTP/1.1, (http/1.1)}{0.0.0.0:37021}
[main] INFO org.eclipse.jetty.server.Server - Started @7772ms
[qtp189947450-347] INFO com.github.restdriver.clientdriver.jetty.DefaultClientDriverJettyHandler - Handling: PUT /users/1
[main] INFO com.github.restdriver.clientdriver.ClientDriver - Beginning verification
[main] INFO org.eclipse.jetty.server.AbstractConnector - Stopped ServerConnector@6fffad6d{HTTP/1.1, (http/1.1)}{0.0.0.0:0}
[main] INFO com.github.restdriver.clientdriver.ClientDriver - Beginning verification
[main] INFO org.eclipse.jetty.server.Server - jetty-9.4.44.v20210927; built: 2021-09-27T23:02:44.612Z; git: 8da83308eeca865e495e53ef315a249d63ba9332; jvm 1.8.0_312-b07
[main] INFO org.eclipse.jetty.server.AbstractConnector - Started ServerConnector@19507769{HTTP/1.1, (http/1.1)}{0.0.0.0:41883}
[main] INFO org.eclipse.jetty.server.Server - Started @7836ms
[qtp673064503-357] INFO com.github.restdriver.clientdriver.jetty.DefaultClientDriverJettyHandler - Handling: PUT /users/1
[main] INFO com.github.restdriver.clientdriver.ClientDriver - Beginning verification
[main] INFO org.eclipse.jetty.server.AbstractConnector - Stopped ServerConnector@19507769{HTTP/1.1, (http/1.1)}{0.0.0.0:0}
[main] WARN org.eclipse.jetty.util.thread.QueuedThreadPool - QueuedThreadPool[qtp673064503]@281e2637{STOPPING,8<=0<=200,i=8,r=-1,q=0}[NO_TRY] Couldn't stop Thread[qtp673064503-356,5,main]
[main] WARN org.eclipse.jetty.util.thread.QueuedThreadPool - QueuedThreadPool[qtp673064503]@281e2637{STOPPING,8<=0<=200,i=8,r=-1,q=0}[NO_TRY] Couldn't stop Thread[qtp673064503-352,5,]
[main] WARN org.eclipse.jetty.util.thread.QueuedThreadPool - QueuedThreadPool[qtp673064503]@281e2637{STOPPING,8<=0<=200,i=8,r=-1,q=0}[NO_TRY] Couldn't stop Thread[qtp673064503-357,5,]
[main] INFO com.github.restdriver.clientdriver.ClientDriver - Beginning verification
[main] INFO org.eclipse.jetty.server.Server - jetty-9.4.44.v20210927; built: 2021-09-27T23:02:44.612Z; git: 8da83308eeca865e495e53ef315a249d63ba9332; jvm 1.8.0_312-b07
[main] INFO org.eclipse.jetty.server.AbstractConnector - Started ServerConnector@39b704f7{HTTP/1.1, (http/1.1)}{0.0.0.0:39549}
[main] INFO org.eclipse.jetty.server.Server - Started @7874ms
[qtp1843348227-367] INFO com.github.restdriver.clientdriver.jetty.DefaultClientDriverJettyHandler - Handling: PUT /users/1
[main] INFO com.github.restdriver.clientdriver.ClientDriver - Beginning verification
[main] INFO org.eclipse.jetty.server.AbstractConnector - Stopped ServerConnector@39b704f7{HTTP/1.1, (http/1.1)}{0.0.0.0:0}
[main] INFO com.github.restdriver.clientdriver.ClientDriver - Beginning verification
[main] INFO org.eclipse.jetty.server.Server - jetty-9.4.44.v20210927; built: 2021-09-27T23:02:44.612Z; git: 8da83308eeca865e495e53ef315a249d63ba9332; jvm 1.8.0_312-b07
[main] INFO org.eclipse.jetty.server.AbstractConnector - Started ServerConnector@6c303cdc{HTTP/1.1, (http/1.1)}{0.0.0.0:45759}
[main] INFO org.eclipse.jetty.server.Server - Started @7944ms
[qtp270929666-374] INFO com.github.restdriver.clientdriver.jetty.DefaultClientDriverJettyHandler - Handling: POST /departments/1/users
[main] INFO com.github.restdriver.clientdriver.ClientDriver - Beginning verification
[main] INFO org.eclipse.jetty.server.AbstractConnector - Stopped ServerConnector@6c303cdc{HTTP/1.1, (http/1.1)}{0.0.0.0:0}
[main] WARN org.eclipse.jetty.util.thread.QueuedThreadPool - QueuedThreadPool[qtp270929666]@10260f02{STOPPING,8<=0<=200,i=8,r=-1,q=0}[NO_TRY] Couldn't stop Thread[qtp270929666-375,5,main]
[main] WARN org.eclipse.jetty.util.thread.QueuedThreadPool - QueuedThreadPool[qtp270929666]@10260f02{STOPPING,8<=0<=200,i=8,r=-1,q=0}[NO_TRY] Couldn't stop Thread[qtp270929666-379,5,main]
[main] WARN org.eclipse.jetty.util.thread.QueuedThreadPool - QueuedThreadPool[qtp270929666]@10260f02{STOPPING,8<=0<=200,i=8,r=-1,q=0}[NO_TRY] Couldn't stop Thread[qtp270929666-373,5,main]
[main] INFO com.github.restdriver.clientdriver.ClientDriver - Beginning verification
[main] INFO org.eclipse.jetty.server.Server - jetty-9.4.44.v20210927; built: 2021-09-27T23:02:44.612Z; git: 8da83308eeca865e495e53ef315a249d63ba9332; jvm 1.8.0_312-b07
[main] INFO org.eclipse.jetty.server.AbstractConnector - Started ServerConnector@7ec00f98{HTTP/1.1, (http/1.1)}{0.0.0.0:43357}
[main] INFO org.eclipse.jetty.server.Server - Started @8044ms
[qtp2058855659-387] INFO com.github.restdriver.clientdriver.jetty.DefaultClientDriverJettyHandler - Handling: POST /departments/1/users
[main] INFO com.github.restdriver.clientdriver.ClientDriver - Beginning verification
[main] INFO org.eclipse.jetty.server.AbstractConnector - Stopped ServerConnector@7ec00f98{HTTP/1.1, (http/1.1)}{0.0.0.0:0}
[main] INFO com.github.restdriver.clientdriver.ClientDriver - Beginning verification
[main] INFO org.eclipse.jetty.server.Server - jetty-9.4.44.v20210927; built: 2021-09-27T23:02:44.612Z; git: 8da83308eeca865e495e53ef315a249d63ba9332; jvm 1.8.0_312-b07
[main] INFO org.eclipse.jetty.server.AbstractConnector - Started ServerConnector@196e494d{HTTP/1.1, (http/1.1)}{0.0.0.0:33953}
[main] INFO org.eclipse.jetty.server.Server - Started @8140ms
[qtp2131088063-396] INFO com.github.restdriver.clientdriver.jetty.DefaultClientDriverJettyHandler - Handling: POST /departments/1/users
[main] INFO com.github.restdriver.clientdriver.ClientDriver - Beginning verification
[main] INFO org.eclipse.jetty.server.AbstractConnector - Stopped ServerConnector@196e494d{HTTP/1.1, (http/1.1)}{0.0.0.0:0}
[main] WARN org.eclipse.jetty.util.thread.QueuedThreadPool - QueuedThreadPool[qtp2131088063]@7f05d2bf{STOPPING,8<=0<=200,i=7,r=-1,q=0}[NO_TRY] Couldn't stop Thread[qtp2131088063-396,5,main]
[main] INFO com.github.restdriver.clientdriver.ClientDriver - Beginning verification
[main] INFO org.eclipse.jetty.server.Server - jetty-9.4.44.v20210927; built: 2021-09-27T23:02:44.612Z; git: 8da83308eeca865e495e53ef315a249d63ba9332; jvm 1.8.0_312-b07
[main] INFO org.eclipse.jetty.server.AbstractConnector - Started ServerConnector@1fc892c{HTTP/1.1, (http/1.1)}{0.0.0.0:34833}
[main] INFO org.eclipse.jetty.server.Server - Started @8226ms
[qtp1846728894-406] INFO com.github.restdriver.clientdriver.jetty.DefaultClientDriverJettyHandler - Handling: DELETE /users/1
[main] INFO com.github.restdriver.clientdriver.ClientDriver - Beginning verification
[main] INFO org.eclipse.jetty.server.AbstractConnector - Stopped ServerConnector@1fc892c{HTTP/1.1, (http/1.1)}{0.0.0.0:0}
[main] WARN org.eclipse.jetty.util.thread.QueuedThreadPool - QueuedThreadPool[qtp1846728894]@6e12d8be{STOPPING,8<=0<=200,i=8,r=-1,q=0}[NO_TRY] Couldn't stop Thread[qtp1846728894-408,5,main]
[main] WARN org.eclipse.jetty.util.thread.QueuedThreadPool - QueuedThreadPool[qtp1846728894]@6e12d8be{STOPPING,8<=0<=200,i=8,r=-1,q=0}[NO_TRY] Couldn't stop Thread[qtp1846728894-403,5,main]
[main] WARN org.eclipse.jetty.util.thread.QueuedThreadPool - QueuedThreadPool[qtp1846728894]@6e12d8be{STOPPING,8<=0<=200,i=8,r=-1,q=0}[NO_TRY] Couldn't stop Thread[qtp1846728894-407,5,main]
[main] INFO com.github.restdriver.clientdriver.ClientDriver - Beginning verification
[main] INFO org.eclipse.jetty.server.Server - jetty-9.4.44.v20210927; built: 2021-09-27T23:02:44.612Z; git: 8da83308eeca865e495e53ef315a249d63ba9332; jvm 1.8.0_312-b07
[main] INFO org.eclipse.jetty.server.AbstractConnector - Started ServerConnector@42a4e5cb{HTTP/1.1, (http/1.1)}{0.0.0.0:41195}
[main] INFO org.eclipse.jetty.server.Server - Started @8320ms
[qtp178210337-418] INFO com.github.restdriver.clientdriver.jetty.DefaultClientDriverJettyHandler - Handling: DELETE /users/1
[main] INFO com.github.restdriver.clientdriver.ClientDriver - Beginning verification
[main] INFO org.eclipse.jetty.server.AbstractConnector - Stopped ServerConnector@42a4e5cb{HTTP/1.1, (http/1.1)}{0.0.0.0:0}
[main] INFO com.github.restdriver.clientdriver.ClientDriver - Beginning verification
[main] INFO org.eclipse.jetty.server.Server - jetty-9.4.44.v20210927; built: 2021-09-27T23:02:44.612Z; git: 8da83308eeca865e495e53ef315a249d63ba9332; jvm 1.8.0_312-b07
[main] INFO org.eclipse.jetty.server.AbstractConnector - Started ServerConnector@709de434{HTTP/1.1, (http/1.1)}{0.0.0.0:41873}
[main] INFO org.eclipse.jetty.server.Server - Started @8376ms
[qtp473977770-427] INFO com.github.restdriver.clientdriver.jetty.DefaultClientDriverJettyHandler - Handling: DELETE /users/1
[main] INFO com.github.restdriver.clientdriver.ClientDriver - Beginning verification
[main] INFO org.eclipse.jetty.server.AbstractConnector - Stopped ServerConnector@709de434{HTTP/1.1, (http/1.1)}{0.0.0.0:0}
[main] INFO com.github.restdriver.clientdriver.ClientDriver - Beginning verification
[main] INFO org.eclipse.jetty.server.Server - jetty-9.4.44.v20210927; built: 2021-09-27T23:02:44.612Z; git: 8da83308eeca865e495e53ef315a249d63ba9332; jvm 1.8.0_312-b07
[main] INFO org.eclipse.jetty.server.AbstractConnector - Started ServerConnector@15329cf9{HTTP/1.1, (http/1.1)}{0.0.0.0:39221}
[main] INFO org.eclipse.jetty.server.Server - Started @8453ms
[qtp228068780-438] INFO com.github.restdriver.clientdriver.jetty.DefaultClientDriverJettyHandler - Handling: POST /departments/1/users
[main] INFO com.github.restdriver.clientdriver.ClientDriver - Beginning verification
[main] INFO org.eclipse.jetty.server.AbstractConnector - Stopped ServerConnector@15329cf9{HTTP/1.1, (http/1.1)}{0.0.0.0:0}
[main] WARN org.eclipse.jetty.util.thread.QueuedThreadPool - QueuedThreadPool[qtp228068780]@d980dac{STOPPING,8<=0<=200,i=7,r=-1,q=0}[NO_TRY] Couldn't stop Thread[qtp228068780-437,5,]
[main] WARN org.eclipse.jetty.util.thread.QueuedThreadPool - QueuedThreadPool[qtp228068780]@d980dac{STOPPING,8<=0<=200,i=7,r=-1,q=0}[NO_TRY] Couldn't stop Thread[qtp228068780-439,5,main]
[main] WARN org.eclipse.jetty.util.thread.QueuedThreadPool - QueuedThreadPool[qtp228068780]@d980dac{STOPPING,8<=0<=200,i=7,r=-1,q=0}[NO_TRY] Couldn't stop Thread[qtp228068780-432,5,main]
[main] WARN org.eclipse.jetty.util.thread.QueuedThreadPool - QueuedThreadPool[qtp228068780]@d980dac{STOPPING,8<=0<=200,i=7,r=-1,q=0}[NO_TRY] Couldn't stop Thread[qtp228068780-434,5,main]
[main] INFO com.github.restdriver.clientdriver.ClientDriver - Beginning verification
[main] INFO org.eclipse.jetty.server.Server - jetty-9.4.44.v20210927; built: 2021-09-27T23:02:44.612Z; git: 8da83308eeca865e495e53ef315a249d63ba9332; jvm 1.8.0_312-b07
[main] INFO org.eclipse.jetty.server.AbstractConnector - Started ServerConnector@2945a3c1{HTTP/1.1, (http/1.1)}{0.0.0.0:40201}
[main] INFO org.eclipse.jetty.server.Server - Started @8516ms
[qtp1977822284-447] INFO com.github.restdriver.clientdriver.jetty.DefaultClientDriverJettyHandler - Handling: POST /departments/1/users
[main] INFO com.github.restdriver.clientdriver.ClientDriver - Beginning verification
[main] INFO org.eclipse.jetty.server.AbstractConnector - Stopped ServerConnector@2945a3c1{HTTP/1.1, (http/1.1)}{0.0.0.0:0}
[main] INFO com.github.restdriver.clientdriver.ClientDriver - Beginning verification
[main] INFO org.eclipse.jetty.server.Server - jetty-9.4.44.v20210927; built: 2021-09-27T23:02:44.612Z; git: 8da83308eeca865e495e53ef315a249d63ba9332; jvm 1.8.0_312-b07
[main] INFO org.eclipse.jetty.server.AbstractConnector - Started ServerConnector@3b63f49e{HTTP/1.1, (http/1.1)}{0.0.0.0:37713}
[main] INFO org.eclipse.jetty.server.Server - Started @8605ms
[qtp743142522-455] INFO com.github.restdriver.clientdriver.jetty.DefaultClientDriverJettyHandler - Handling: POST /departments/1/users
[main] INFO com.github.restdriver.clientdriver.ClientDriver - Beginning verification
[main] INFO org.eclipse.jetty.server.AbstractConnector - Stopped ServerConnector@3b63f49e{HTTP/1.1, (http/1.1)}{0.0.0.0:0}
[main] WARN org.eclipse.jetty.util.thread.QueuedThreadPool - QueuedThreadPool[qtp743142522]@2c4b747a{STOPPING,8<=0<=200,i=8,r=-1,q=0}[NO_TRY] Couldn't stop Thread[qtp743142522-452,5,main]
[main] WARN org.eclipse.jetty.util.thread.QueuedThreadPool - QueuedThreadPool[qtp743142522]@2c4b747a{STOPPING,8<=0<=200,i=8,r=-1,q=0}[NO_TRY] Couldn't stop Thread[qtp743142522-457,5,main]
[main] INFO com.github.restdriver.clientdriver.ClientDriver - Beginning verification
[main] INFO org.eclipse.jetty.server.Server - jetty-9.4.44.v20210927; built: 2021-09-27T23:02:44.612Z; git: 8da83308eeca865e495e53ef315a249d63ba9332; jvm 1.8.0_312-b07
[main] INFO org.eclipse.jetty.server.AbstractConnector - Started ServerConnector@29abec7e{HTTP/1.1, (http/1.1)}{0.0.0.0:36641}
[main] INFO org.eclipse.jetty.server.Server - Started @8669ms
[qtp1512097170-467] INFO com.github.restdriver.clientdriver.jetty.DefaultClientDriverJettyHandler - Handling: POST /departments/1/users
[main] INFO com.github.restdriver.clientdriver.ClientDriver - Beginning verification
[main] INFO org.eclipse.jetty.server.AbstractConnector - Stopped ServerConnector@29abec7e{HTTP/1.1, (http/1.1)}{0.0.0.0:0}
[main] INFO com.github.restdriver.clientdriver.ClientDriver - Beginning verification
[main] INFO org.eclipse.jetty.server.Server - jetty-9.4.44.v20210927; built: 2021-09-27T23:02:44.612Z; git: 8da83308eeca865e495e53ef315a249d63ba9332; jvm 1.8.0_312-b07
[main] INFO org.eclipse.jetty.server.AbstractConnector - Started ServerConnector@1448e2b6{HTTP/1.1, (http/1.1)}{0.0.0.0:42241}
[main] INFO org.eclipse.jetty.server.Server - Started @8712ms
[qtp1538161275-477] INFO com.github.restdriver.clientdriver.jetty.DefaultClientDriverJettyHandler - Handling: POST /departments/1/users
[main] INFO com.github.restdriver.clientdriver.ClientDriver - Beginning verification
[main] INFO org.eclipse.jetty.server.AbstractConnector - Stopped ServerConnector@1448e2b6{HTTP/1.1, (http/1.1)}{0.0.0.0:0}
[main] INFO com.github.restdriver.clientdriver.ClientDriver - Beginning verification
[main] INFO org.eclipse.jetty.server.Server - jetty-9.4.44.v20210927; built: 2021-09-27T23:02:44.612Z; git: 8da83308eeca865e495e53ef315a249d63ba9332; jvm 1.8.0_312-b07
[main] INFO org.eclipse.jetty.server.AbstractConnector - Started ServerConnector@721fc0bb{HTTP/1.1, (http/1.1)}{0.0.0.0:46305}
[main] INFO org.eclipse.jetty.server.Server - Started @8797ms
[qtp1407090873-487] INFO com.github.restdriver.clientdriver.jetty.DefaultClientDriverJettyHandler - Handling: POST /departments/1/users
[main] INFO com.github.restdriver.clientdriver.ClientDriver - Beginning verification
[main] INFO org.eclipse.jetty.server.AbstractConnector - Stopped ServerConnector@721fc0bb{HTTP/1.1, (http/1.1)}{0.0.0.0:0}
[main] WARN org.eclipse.jetty.util.thread.QueuedThreadPool - QueuedThreadPool[qtp1407090873]@53de80b9{STOPPING,8<=0<=200,i=7,r=-1,q=0}[NO_TRY] Couldn't stop Thread[qtp1407090873-482,5,main]
[main] WARN org.eclipse.jetty.util.thread.QueuedThreadPool - QueuedThreadPool[qtp1407090873]@53de80b9{STOPPING,8<=0<=200,i=7,r=-1,q=0}[NO_TRY] Couldn't stop Thread[qtp1407090873-489,5,main]
[main] INFO com.github.restdriver.clientdriver.ClientDriver - Beginning verification
[main] INFO org.eclipse.jetty.server.Server - jetty-9.4.44.v20210927; built: 2021-09-27T23:02:44.612Z; git: 8da83308eeca865e495e53ef315a249d63ba9332; jvm 1.8.0_312-b07
[main] INFO org.eclipse.jetty.server.AbstractConnector - Started ServerConnector@17b4d5ab{HTTP/1.1, (http/1.1)}{0.0.0.0:32799}
[main] INFO org.eclipse.jetty.server.Server - Started @8844ms
[qtp1204684191-497] INFO com.github.restdriver.clientdriver.jetty.DefaultClientDriverJettyHandler - Handling: GET /departments/1/users
[main] INFO com.github.restdriver.clientdriver.ClientDriver - Beginning verification
[main] INFO org.eclipse.jetty.server.AbstractConnector - Stopped ServerConnector@17b4d5ab{HTTP/1.1, (http/1.1)}{0.0.0.0:0}
[main] WARN org.eclipse.jetty.util.thread.QueuedThreadPool - QueuedThreadPool[qtp1204684191]@47ce059f{STOPPING,8<=0<=200,i=8,r=-1,q=0}[NO_TRY] Couldn't stop Thread[qtp1204684191-498,5,main]
[main] INFO com.github.restdriver.clientdriver.ClientDriver - Beginning verification
[main] INFO org.eclipse.jetty.server.Server - jetty-9.4.44.v20210927; built: 2021-09-27T23:02:44.612Z; git: 8da83308eeca865e495e53ef315a249d63ba9332; jvm 1.8.0_312-b07
[main] INFO org.eclipse.jetty.server.AbstractConnector - Started ServerConnector@6bb01b34{HTTP/1.1, (http/1.1)}{0.0.0.0:35105}
[main] INFO org.eclipse.jetty.server.Server - Started @8904ms
[main] INFO com.github.restdriver.clientdriver.ClientDriver - Beginning verification
[main] INFO org.eclipse.jetty.server.AbstractConnector - Stopped ServerConnector@6bb01b34{HTTP/1.1, (http/1.1)}{0.0.0.0:0}
[main] INFO com.github.restdriver.clientdriver.ClientDriver - Beginning verification
[main] INFO org.eclipse.jetty.server.Server - jetty-9.4.44.v20210927; built: 2021-09-27T23:02:44.612Z; git: 8da83308eeca865e495e53ef315a249d63ba9332; jvm 1.8.0_312-b07
[main] INFO org.eclipse.jetty.server.AbstractConnector - Started ServerConnector@4a83c651{HTTP/1.1, (http/1.1)}{0.0.0.0:37507}
[main] INFO org.eclipse.jetty.server.Server - Started @8952ms
[qtp1884170233-515] INFO com.github.restdriver.clientdriver.jetty.DefaultClientDriverJettyHandler - Handling: PATCH /users/1
[main] INFO com.github.restdriver.clientdriver.ClientDriver - Beginning verification
[main] INFO org.eclipse.jetty.server.AbstractConnector - Stopped ServerConnector@4a83c651{HTTP/1.1, (http/1.1)}{0.0.0.0:0}
[main] WARN org.eclipse.jetty.util.thread.QueuedThreadPool - QueuedThreadPool[qtp1884170233]@704e27f9{STOPPING,8<=0<=200,i=8,r=-1,q=0}[NO_TRY] Couldn't stop Thread[qtp1884170233-514,5,main]
[main] INFO com.github.restdriver.clientdriver.ClientDriver - Beginning verification
[main] INFO org.eclipse.jetty.server.Server - jetty-9.4.44.v20210927; built: 2021-09-27T23:02:44.612Z; git: 8da83308eeca865e495e53ef315a249d63ba9332; jvm 1.8.0_312-b07
[main] INFO org.eclipse.jetty.server.AbstractConnector - Started ServerConnector@7a54fc29{HTTP/1.1, (http/1.1)}{0.0.0.0:36811}
[main] INFO org.eclipse.jetty.server.Server - Started @9020ms
[qtp701317023-525] INFO com.github.restdriver.clientdriver.jetty.DefaultClientDriverJettyHandler - Handling: PATCH /users/1
[main] INFO com.github.restdriver.clientdriver.ClientDriver - Beginning verification
[main] INFO org.eclipse.jetty.server.AbstractConnector - Stopped ServerConnector@7a54fc29{HTTP/1.1, (http/1.1)}{0.0.0.0:0}
[main] INFO com.github.restdriver.clientdriver.ClientDriver - Beginning verification
[main] INFO org.eclipse.jetty.server.Server - jetty-9.4.44.v20210927; built: 2021-09-27T23:02:44.612Z; git: 8da83308eeca865e495e53ef315a249d63ba9332; jvm 1.8.0_312-b07
[main] INFO org.eclipse.jetty.server.AbstractConnector - Started ServerConnector@46f322ab{HTTP/1.1, (http/1.1)}{0.0.0.0:33711}
[main] INFO org.eclipse.jetty.server.Server - Started @9057ms
[qtp1030039487-536] INFO com.github.restdriver.clientdriver.jetty.DefaultClientDriverJettyHandler - Handling: PATCH /users/1
[main] INFO com.github.restdriver.clientdriver.ClientDriver - Beginning verification
[main] INFO org.eclipse.jetty.server.AbstractConnector - Stopped ServerConnector@46f322ab{HTTP/1.1, (http/1.1)}{0.0.0.0:0}
[main] INFO com.github.restdriver.clientdriver.ClientDriver - Beginning verification
[main] INFO org.eclipse.jetty.server.Server - jetty-9.4.44.v20210927; built: 2021-09-27T23:02:44.612Z; git: 8da83308eeca865e495e53ef315a249d63ba9332; jvm 1.8.0_312-b07
[main] INFO org.eclipse.jetty.server.AbstractConnector - Started ServerConnector@2c238bbf{HTTP/1.1, (http/1.1)}{0.0.0.0:41311}
[main] INFO org.eclipse.jetty.server.Server - Started @9105ms
[qtp2118072884-544] INFO com.github.restdriver.clientdriver.jetty.DefaultClientDriverJettyHandler - Handling: POST /departments/1/users
[main] INFO com.github.restdriver.clientdriver.ClientDriver - Beginning verification
[main] INFO org.eclipse.jetty.server.AbstractConnector - Stopped ServerConnector@2c238bbf{HTTP/1.1, (http/1.1)}{0.0.0.0:0}
[main] INFO com.github.restdriver.clientdriver.ClientDriver - Beginning verification
[main] INFO org.eclipse.jetty.server.Server - jetty-9.4.44.v20210927; built: 2021-09-27T23:02:44.612Z; git: 8da83308eeca865e495e53ef315a249d63ba9332; jvm 1.8.0_312-b07
[main] INFO org.eclipse.jetty.server.AbstractConnector - Started ServerConnector@ffad70{HTTP/1.1, (http/1.1)}{0.0.0.0:38415}
[main] INFO org.eclipse.jetty.server.Server - Started @9149ms
[qtp855411265-555] INFO com.github.restdriver.clientdriver.jetty.DefaultClientDriverJettyHandler - Handling: HEAD /users/1
[main] INFO com.github.restdriver.clientdriver.ClientDriver - Beginning verification
[main] INFO org.eclipse.jetty.server.AbstractConnector - Stopped ServerConnector@ffad70{HTTP/1.1, (http/1.1)}{0.0.0.0:0}
[main] INFO com.github.restdriver.clientdriver.ClientDriver - Beginning verification
[main] INFO org.eclipse.jetty.server.Server - jetty-9.4.44.v20210927; built: 2021-09-27T23:02:44.612Z; git: 8da83308eeca865e495e53ef315a249d63ba9332; jvm 1.8.0_312-b07
[main] INFO org.eclipse.jetty.server.AbstractConnector - Started ServerConnector@59de440b{HTTP/1.1, (http/1.1)}{0.0.0.0:33617}
[main] INFO org.eclipse.jetty.server.Server - Started @9280ms
[qtp1101481055-566] INFO com.github.restdriver.clientdriver.jetty.DefaultClientDriverJettyHandler - Handling: HEAD /users/1
[main] INFO com.github.restdriver.clientdriver.ClientDriver - Beginning verification
[main] INFO org.eclipse.jetty.server.AbstractConnector - Stopped ServerConnector@59de440b{HTTP/1.1, (http/1.1)}{0.0.0.0:0}
[main] INFO com.github.restdriver.clientdriver.ClientDriver - Beginning verification
[main] INFO org.eclipse.jetty.server.Server - jetty-9.4.44.v20210927; built: 2021-09-27T23:02:44.612Z; git: 8da83308eeca865e495e53ef315a249d63ba9332; jvm 1.8.0_312-b07
[main] INFO org.eclipse.jetty.server.AbstractConnector - Started ServerConnector@739fcd31{HTTP/1.1, (http/1.1)}{0.0.0.0:44415}
[main] INFO org.eclipse.jetty.server.Server - Started @9390ms
[qtp394500813-575] INFO com.github.restdriver.clientdriver.jetty.DefaultClientDriverJettyHandler - Handling: HEAD /users/1
[main] INFO com.github.restdriver.clientdriver.ClientDriver - Beginning verification
[main] INFO org.eclipse.jetty.server.AbstractConnector - Stopped ServerConnector@739fcd31{HTTP/1.1, (http/1.1)}{0.0.0.0:0}
[main] INFO com.github.restdriver.clientdriver.ClientDriver - Beginning verification
[main] INFO org.eclipse.jetty.server.Server - jetty-9.4.44.v20210927; built: 2021-09-27T23:02:44.612Z; git: 8da83308eeca865e495e53ef315a249d63ba9332; jvm 1.8.0_312-b07
[main] INFO org.eclipse.jetty.server.AbstractConnector - Started ServerConnector@57c06659{HTTP/1.1, (http/1.1)}{0.0.0.0:45959}
[main] INFO org.eclipse.jetty.server.Server - Started @9444ms
[qtp1441839718-585] INFO com.github.restdriver.clientdriver.jetty.DefaultClientDriverJettyHandler - Handling: OPTIONS /users/1
[main] INFO com.github.restdriver.clientdriver.ClientDriver - Beginning verification
[main] INFO org.eclipse.jetty.server.AbstractConnector - Stopped ServerConnector@57c06659{HTTP/1.1, (http/1.1)}{0.0.0.0:0}
[main] INFO com.github.restdriver.clientdriver.ClientDriver - Beginning verification
[main] INFO org.eclipse.jetty.server.Server - jetty-9.4.44.v20210927; built: 2021-09-27T23:02:44.612Z; git: 8da83308eeca865e495e53ef315a249d63ba9332; jvm 1.8.0_312-b07
[main] INFO org.eclipse.jetty.server.AbstractConnector - Started ServerConnector@7dd6aa3e{HTTP/1.1, (http/1.1)}{0.0.0.0:38463}
[main] INFO org.eclipse.jetty.server.Server - Started @9526ms
[qtp1207389583-592] INFO com.github.restdriver.clientdriver.jetty.DefaultClientDriverJettyHandler - Handling: OPTIONS /users/1
[main] INFO com.github.restdriver.clientdriver.ClientDriver - Beginning verification
[main] INFO org.eclipse.jetty.server.AbstractConnector - Stopped ServerConnector@7dd6aa3e{HTTP/1.1, (http/1.1)}{0.0.0.0:0}
[main] WARN org.eclipse.jetty.util.thread.QueuedThreadPool - QueuedThreadPool[qtp1207389583]@47f74d8f{STOPPING,8<=0<=200,i=8,r=-1,q=0}[NO_TRY] Couldn't stop Thread[qtp1207389583-595,5,main]
[main] WARN org.eclipse.jetty.util.thread.QueuedThreadPool - Stopped without executing or closing null
[main] INFO com.github.restdriver.clientdriver.ClientDriver - Beginning verification
[main] INFO org.eclipse.jetty.server.Server - jetty-9.4.44.v20210927; built: 2021-09-27T23:02:44.612Z; git: 8da83308eeca865e495e53ef315a249d63ba9332; jvm 1.8.0_312-b07
[main] INFO org.eclipse.jetty.server.AbstractConnector - Started ServerConnector@b9aca74{HTTP/1.1, (http/1.1)}{0.0.0.0:41521}
[main] INFO org.eclipse.jetty.server.Server - Started @9590ms
[qtp6004416-605] INFO com.github.restdriver.clientdriver.jetty.DefaultClientDriverJettyHandler - Handling: OPTIONS /users/1
[main] INFO com.github.restdriver.clientdriver.ClientDriver - Beginning verification
[main] INFO org.eclipse.jetty.server.AbstractConnector - Stopped ServerConnector@b9aca74{HTTP/1.1, (http/1.1)}{0.0.0.0:0}
[main] INFO com.github.restdriver.clientdriver.ClientDriver - Beginning verification
[main] INFO org.eclipse.jetty.server.Server - jetty-9.4.44.v20210927; built: 2021-09-27T23:02:44.612Z; git: 8da83308eeca865e495e53ef315a249d63ba9332; jvm 1.8.0_312-b07
[main] INFO org.eclipse.jetty.server.AbstractConnector - Started ServerConnector@b536551{HTTP/1.1, (http/1.1)}{0.0.0.0:45161}
[main] INFO org.eclipse.jetty.server.Server - Started @9666ms
[qtp242590008-615] INFO com.github.restdriver.clientdriver.jetty.DefaultClientDriverJettyHandler - Handling: POST /departments/1/users
[main] INFO com.github.restdriver.clientdriver.ClientDriver - Beginning verification
[main] INFO org.eclipse.jetty.server.AbstractConnector - Stopped ServerConnector@b536551{HTTP/1.1, (http/1.1)}{0.0.0.0:0}
[main] INFO com.github.restdriver.clientdriver.ClientDriver - Beginning verification
[INFO] Tests run: 34, Failures: 0, Errors: 0, Skipped: 0, Time elapsed: 300,413.704 s - in org.zalando.riptide.compatibility.HttpOperationsTest
[INFO] Running org.zalando.riptide.compatibility.HttpOutputMessageAsyncClientHttpRequestAdapterTest
[INFO] Tests run: 4, Failures: 0, Errors: 0, Skipped: 0, Time elapsed: 81 s - in org.zalando.riptide.compatibility.HttpOutputMessageAsyncClientHttpRequestAdapterTest
[INFO] 
[INFO] Results:
[INFO] 
[INFO] Tests run: 73, Failures: 0, Errors: 0, Skipped: 0
[INFO] 
[INFO] 
[INFO] ------------------------------------------------------------------------
[INFO] Skipping Riptide: Request Compression
[INFO] This project has been banned from the build due to previous failures.
[INFO] ------------------------------------------------------------------------
[INFO] 
[INFO] -------------------< org.zalando:riptide-concurrent >-------------------
[INFO] Building Riptide: Concurrent 3.1.0-SNAPSHOT                       [9/22]
[INFO] --------------------------------[ jar ]---------------------------------
[INFO] 
[INFO] --- maven-enforcer-plugin:3.0.0:enforce (enforce-maven) @ riptide-concurrent ---
[INFO] 
[INFO] --- duplicate-finder-maven-plugin:1.5.0:check (default) @ riptide-concurrent ---
[INFO] Checking compile classpath
[INFO] Checking runtime classpath
[INFO] Checking test classpath
[INFO] 
[INFO] --- jacoco-maven-plugin:0.8.7:prepare-agent (prepare-agent) @ riptide-concurrent ---
[INFO] argLine set to -javaagent:/root/.m2/repository/org/jacoco/org.jacoco.agent/0.8.7/org.jacoco.agent-0.8.7-runtime.jar=destfile=/home/target/riptide-concurrent/target/jacoco.exec
[INFO] 
[INFO] --- maven-resources-plugin:3.2.0:resources (default-resources) @ riptide-concurrent ---
[INFO] Using 'UTF-8' encoding to copy filtered resources.
[INFO] Using 'UTF-8' encoding to copy filtered properties files.
[INFO] skip non existing resourceDirectory /home/target/riptide-concurrent/src/main/resources
[INFO] 
[INFO] --- maven-compiler-plugin:3.8.1:compile (default-compile) @ riptide-concurrent ---
[INFO] Nothing to compile - all classes are up to date
[INFO] 
[INFO] --- maven-resources-plugin:3.2.0:testResources (default-testResources) @ riptide-concurrent ---
[INFO] Using 'UTF-8' encoding to copy filtered resources.
[INFO] Using 'UTF-8' encoding to copy filtered properties files.
[INFO] skip non existing resourceDirectory /home/target/riptide-concurrent/src/test/resources
[INFO] 
[INFO] --- maven-compiler-plugin:3.8.1:testCompile (default-testCompile) @ riptide-concurrent ---
[INFO] Nothing to compile - all classes are up to date
[INFO] 
[INFO] --- maven-surefire-plugin:2.22.2:test (default-test) @ riptide-concurrent ---
[INFO] 
[INFO] -------------------------------------------------------
[INFO]  T E S T S
[INFO] -------------------------------------------------------
[INFO] Running org.zalando.riptide.concurrent.ThreadPoolExecutorsTest
[INFO] Tests run: 16, Failures: 0, Errors: 0, Skipped: 0, Time elapsed: 786,062 s - in org.zalando.riptide.concurrent.ThreadPoolExecutorsTest
[INFO] Running org.zalando.riptide.concurrent.QueueFirstTest
[INFO] Tests run: 1, Failures: 0, Errors: 0, Skipped: 0, Time elapsed: 45,466 s - in org.zalando.riptide.concurrent.QueueFirstTest
[INFO] Running org.zalando.riptide.concurrent.ScaleFirstTest
[INFO] Tests run: 5, Failures: 0, Errors: 0, Skipped: 0, Time elapsed: 1,114,492 s - in org.zalando.riptide.concurrent.ScaleFirstTest
[INFO] 
[INFO] Results:
[INFO] 
[INFO] Tests run: 22, Failures: 0, Errors: 0, Skipped: 0
[INFO] 
[INFO] 
[INFO] ------------------------------------------------------------------------
[INFO] Skipping Riptide: Idempotency
[INFO] This project has been banned from the build due to previous failures.
[INFO] ------------------------------------------------------------------------
[INFO] 
[INFO] ------------------------------------------------------------------------
[INFO] Skipping Riptide: Faults
[INFO] This project has been banned from the build due to previous failures.
[INFO] ------------------------------------------------------------------------
[INFO] 
[INFO] ------------------------------------------------------------------------
[INFO] Skipping Riptide: Failsafe
[INFO] This project has been banned from the build due to previous failures.
[INFO] ------------------------------------------------------------------------
[INFO] 
[INFO] ------------------------------------------------------------------------
[INFO] Skipping Riptide: Logbook
[INFO] This project has been banned from the build due to previous failures.
[INFO] ------------------------------------------------------------------------
[INFO] 
[INFO] ------------------------------------------------------------------------
[INFO] Skipping Riptide: Micrometer
[INFO] This project has been banned from the build due to previous failures.
[INFO] ------------------------------------------------------------------------
[INFO] 
[INFO] ------------------------------------------------------------------------
[INFO] Skipping Riptide: OpenTracing
[INFO] This project has been banned from the build due to previous failures.
[INFO] ------------------------------------------------------------------------
[INFO] 
[INFO] ------------------------------------------------------------------------
[INFO] Skipping Riptide: SOAP
[INFO] This project has been banned from the build due to previous failures.
[INFO] ------------------------------------------------------------------------
[INFO] 
[INFO] ------------------------------------------------------------------------
[INFO] Skipping Riptide: Stream
[INFO] This project has been banned from the build due to previous failures.
[INFO] ------------------------------------------------------------------------
[INFO] 
[INFO] ------------------------------------------------------------------------
[INFO] Skipping Riptide: Spring Boot Auto Configuration
[INFO] This project has been banned from the build due to previous failures.
[INFO] ------------------------------------------------------------------------
[INFO] 
[INFO] ------------------------------------------------------------------------
[INFO] Skipping Riptide: Spring Boot Starter
[INFO] This project has been banned from the build due to previous failures.
[INFO] ------------------------------------------------------------------------
[INFO] ------------------------------------------------------------------------
[INFO] Reactor Summary for Riptide 3.1.0-SNAPSHOT:
[INFO] 
[INFO] Riptide ............................................ SUCCESS [8 d 06:16 h]
[INFO] Riptide: Parent .................................... SUCCESS [1 d 12:36 h]
[INFO] Riptide: Core ...................................... SUCCESS [821 d 01:24 h]
[INFO] Riptide: Capture ................................... SUCCESS [77 d 17:58 h]
[INFO] Riptide: HTTP Client ............................... FAILURE [242 d 18:02 h]
[INFO] Riptide: Authorization ............................. SKIPPED
[INFO] Riptide: Bill of Materials ......................... SUCCESS [54:17 min]
[INFO] Riptide: Chaos ..................................... SKIPPED
[INFO] Riptide: Problem ................................... SUCCESS [107 d 04:55 h]
[INFO] Riptide: Compatibility ............................. SUCCESS [238 d 20:39 h]
[INFO] Riptide: Request Compression ....................... SKIPPED
[INFO] Riptide: Concurrent ................................ SUCCESS [57 d 01:06 h]
[INFO] Riptide: Idempotency ............................... SKIPPED
[INFO] Riptide: Faults .................................... SKIPPED
[INFO] Riptide: Failsafe .................................. SKIPPED
[INFO] Riptide: Logbook ................................... SKIPPED
[INFO] Riptide: Micrometer ................................ SKIPPED
[INFO] Riptide: OpenTracing ............................... SKIPPED
[INFO] Riptide: SOAP ...................................... SKIPPED
[INFO] Riptide: Stream .................................... SKIPPED
[INFO] Riptide: Spring Boot Auto Configuration ............ SKIPPED
[INFO] Riptide: Spring Boot Starter ....................... SKIPPED
[INFO] ------------------------------------------------------------------------
[INFO] BUILD FAILURE
[INFO] ------------------------------------------------------------------------
[INFO] Total time:  1559 d 18:01 h
[INFO] Finished at: 2026-03-02T21:41:29Z
[INFO] ------------------------------------------------------------------------
[ERROR] Failed to execute goal org.apache.maven.plugins:maven-surefire-plugin:2.22.2:test (default-test) on project riptide-httpclient: There are test failures.
[ERROR] 
[ERROR] Please refer to /home/target/riptide-httpclient/target/surefire-reports for the individual test results.
[ERROR] Please refer to dump files (if any exist) [date].dump, [date]-jvmRun[N].dump and [date].dumpstream.
[ERROR] -> [Help 1]
[ERROR] 
[ERROR] To see the full stack trace of the errors, re-run Maven with the -e switch.
[ERROR] Re-run Maven using the -X switch to enable full debug logging.
[ERROR] 
[ERROR] For more information about the errors and possible solutions, please read the following articles:
[ERROR] [Help 1] http://cwiki.apache.org/confluence/display/MAVEN/MojoFailureException
[ERROR] 
[ERROR] After correcting the problems, you can resume the build with the command
[ERROR]   mvn <args> -rf :riptide-httpclient
{'error': True, 'log_file': 'output-2021-11-11T22:25:14-9467.log', 'message': '', 'start_time': '2021-11-11T22:25:14', 'end_time': '2021-11-11T22:26:21', 'command': ['mvn', '-fae', 'test'], 'faketime_str': '+0 i1.0', 'timezone': datetime.timezone(datetime.timedelta(0), 'UTC')}
