[INFO] Scanning for projects...
[WARNING] 
[WARNING] Some problems were encountered while building the effective model for io.yawp:yawp-postgresql:jar:2.09alpha
[WARNING] 'build.plugins.plugin.version' for org.apache.maven.plugins:maven-surefire-plugin is missing. @ line 54, column 21
[WARNING] 
[WARNING] Some problems were encountered while building the effective model for io.yawp:yawp-testing-postgresql:jar:2.09alpha
[WARNING] 'profiles.profile[it].plugins.plugin.(groupId:artifactId)' must be unique but found duplicate declaration of plugin org.apache.maven.plugins:maven-surefire-plugin @ line 99, column 29
[WARNING] 'build.plugins.plugin.version' for org.apache.maven.plugins:maven-surefire-plugin is missing. @ line 66, column 21
[WARNING] 
[WARNING] It is highly recommended to fix these problems because they threaten the stability of your build.
[WARNING] 
[WARNING] For this reason, future Maven versions might no longer support building such malformed projects.
[WARNING] 
[INFO] ------------------------------------------------------------------------
[INFO] Reactor Build Order:
[INFO] 
[INFO] YAWP! root                                                         [pom]
[INFO] YAWP! core                                                         [jar]
[INFO] YAWP! appengine                                                    [jar]
[INFO] YAWP! postgresql                                                   [jar]
[INFO] YAWP! testing root                                                 [pom]
[INFO] YAWP! testing core                                                 [jar]
[INFO] YAWP! maven plugin root                                            [pom]
[INFO] YAWP! devserver runtime                                            [jar]
[INFO] YAWP! maven plugin                                        [maven-plugin]
[INFO] YAWP! testing appengine                                            [jar]
[INFO] YAWP! testing postgresql                                           [jar]
[INFO] 
[INFO] -------------------------< io.yawp:yawp-root >--------------------------
[INFO] Building YAWP! root 2.09alpha                                     [1/11]
[INFO] --------------------------------[ pom ]---------------------------------
[INFO] 
[INFO] --- jacoco-maven-plugin:0.7.5.201505241946:prepare-agent (default) @ yawp-root ---
[WARNING] The artifact xml-apis:xml-apis:jar:2.0.2 has been relocated to xml-apis:xml-apis:jar:1.0.b2
[INFO] argLine set to -javaagent:/root/.m2/repository/org/jacoco/org.jacoco.agent/0.7.5.201505241946/org.jacoco.agent-0.7.5.201505241946-runtime.jar=destfile=/home/target/target/jacoco.exec
[INFO] 
[INFO] --- jacoco-maven-plugin:0.7.5.201505241946:report (report) @ yawp-root ---
[INFO] Skipping JaCoCo execution due to missing execution data file:/home/target/target/jacoco.exec
[INFO] 
[INFO] -------------------------< io.yawp:yawp-core >--------------------------
[INFO] Building YAWP! core 2.09alpha                                     [2/11]
[INFO] --------------------------------[ jar ]---------------------------------
[INFO] 
[INFO] --- jacoco-maven-plugin:0.7.5.201505241946:prepare-agent (default) @ yawp-core ---
[INFO] argLine set to -javaagent:/root/.m2/repository/org/jacoco/org.jacoco.agent/0.7.5.201505241946/org.jacoco.agent-0.7.5.201505241946-runtime.jar=destfile=/home/target/yawp-core/target/jacoco.exec
[INFO] 
[INFO] --- maven-resources-plugin:2.6:resources (default-resources) @ yawp-core ---
[INFO] Using 'UTF-8' encoding to copy filtered resources.
[INFO] Copying 1 resource
[INFO] 
[INFO] --- maven-compiler-plugin:2.5.1:compile (default-compile) @ yawp-core ---
[INFO] Nothing to compile - all classes are up to date
[INFO] 
[INFO] --- maven-resources-plugin:2.6:testResources (default-testResources) @ yawp-core ---
[INFO] Using 'UTF-8' encoding to copy filtered resources.
[INFO] Copying 3 resources
[INFO] 
[INFO] --- maven-compiler-plugin:2.5.1:testCompile (default-testCompile) @ yawp-core ---
[INFO] Nothing to compile - all classes are up to date
[INFO] 
[INFO] --- maven-surefire-plugin:2.12.4:test (default-test) @ yawp-core ---
[INFO] Surefire report directory: /home/target/yawp-core/target/surefire-reports

-------------------------------------------------------
 T E S T S
-------------------------------------------------------
Running io.yawp.repository.IdRefAsStringTest
Nov 07, 2021 1:45:15 PM io.yawp.repository.features.scanner.ClassloaderScanner scan
INFO: YAWP! classloader scanner started in 18018880 ms - packages: io.yawp.repository.models,io.yawp.repository.cache,io.yawp.repository.actions,io.yawp.repository.hooks,io.yawp.repository.pipes,io.yawp.repository.shields,io.yawp.repository.transformers
Tests run: 16, Failures: 0, Errors: 0, Skipped: 0, Time elapsed: 123,839.03 sec
Running io.yawp.repository.YawpTest
Tests run: 2, Failures: 0, Errors: 0, Skipped: 0, Time elapsed: 8,356.29 sec
Running io.yawp.repository.query.DatastoreQueryTest
Tests run: 49, Failures: 0, Errors: 0, Skipped: 0, Time elapsed: 32,897.4 sec
Running io.yawp.repository.query.DatastoreQueryForcedResponseTest
Tests run: 7, Failures: 0, Errors: 0, Skipped: 0, Time elapsed: 3,622.1 sec
Running io.yawp.repository.query.DatastoreQueryOptionsTest
Tests run: 7, Failures: 0, Errors: 0, Skipped: 0, Time elapsed: 788.58 sec
Running io.yawp.repository.query.condition.ConditionTest
Tests run: 4, Failures: 0, Errors: 0, Skipped: 0, Time elapsed: 1,453.99 sec
Running io.yawp.repository.FeatureTest
Tests run: 1, Failures: 0, Errors: 0, Skipped: 0, Time elapsed: 44.2 sec
Running io.yawp.repository.IdRefHelpersTest
Tests run: 2, Failures: 0, Errors: 0, Skipped: 0, Time elapsed: 47.99 sec
Running io.yawp.repository.cache.CachedEntityTest
Tests run: 3, Failures: 0, Errors: 0, Skipped: 0, Time elapsed: 3,106.55 sec
Running io.yawp.repository.shields.basic.RuleConditionsTest
Tests run: 12, Failures: 0, Errors: 0, Skipped: 0, Time elapsed: 6,647.37 sec
Running io.yawp.repository.shields.basic.ShieldTest
Tests run: 29, Failures: 0, Errors: 0, Skipped: 0, Time elapsed: 16,981.89 sec
Running io.yawp.repository.AsyncRepositoryTest
Tests run: 6, Failures: 0, Errors: 0, Skipped: 0, Time elapsed: 2,405.94 sec
Running io.yawp.repository.NamespaceTest
Tests run: 3, Failures: 0, Errors: 0, Skipped: 0, Time elapsed: 1,432.27 sec
Running io.yawp.repository.hooks.basic.HookTest
Tests run: 6, Failures: 0, Errors: 0, Skipped: 0, Time elapsed: 3,660.5 sec
Running io.yawp.repository.features.RepositoryFeaturesTest
Tests run: 2, Failures: 0, Errors: 0, Skipped: 0, Time elapsed: 75.58 sec
Running io.yawp.repository.features.FeatureTreeTest
Tests run: 4, Failures: 0, Errors: 0, Skipped: 0, Time elapsed: 34.07 sec
Running io.yawp.repository.features.FeaturesConfigTest
Tests run: 1, Failures: 0, Errors: 0, Skipped: 1, Time elapsed: 115.02 sec
Running io.yawp.repository.actions.basic.ActionMethodTest
Tests run: 16, Failures: 0, Errors: 0, Skipped: 0, Time elapsed: 1,323.98 sec
Running io.yawp.repository.RequestCacheTest
Tests run: 2, Failures: 0, Errors: 0, Skipped: 0, Time elapsed: 472.38 sec
Running io.yawp.repository.transformers.basic.DefaultsTest
Tests run: 2, Failures: 0, Errors: 0, Skipped: 0, Time elapsed: 963.66 sec
Running io.yawp.repository.transformers.basic.TransformerTest
Tests run: 4, Failures: 0, Errors: 0, Skipped: 0, Time elapsed: 1,980.11 sec
Running io.yawp.repository.pipes.pump.IdPumpTest
Tests run: 6, Failures: 0, Errors: 0, Skipped: 0, Time elapsed: 23,793.67 sec
Running io.yawp.repository.pipes.pump.ObjectPumpTest
Tests run: 6, Failures: 0, Errors: 0, Skipped: 0, Time elapsed: 10,706.29 sec
Running io.yawp.repository.pipes.basic.CounterSumPipeTest
Tests run: 1, Failures: 0, Errors: 0, Skipped: 0, Time elapsed: 119.97 sec
Running io.yawp.repository.pipes.basic.CounterPipeTest
Tests run: 7, Failures: 0, Errors: 0, Skipped: 0, Time elapsed: 3,490.6 sec
Running io.yawp.repository.pipes.parents.ChildSumPipeTest
Tests run: 1, Failures: 0, Errors: 0, Skipped: 0, Time elapsed: 2.55 sec
Running io.yawp.repository.LazyJsonTest
Tests run: 10, Failures: 0, Errors: 0, Skipped: 0, Time elapsed: 274.28 sec
Running io.yawp.repository.RepositoryTest
Tests run: 14, Failures: 0, Errors: 0, Skipped: 0, Time elapsed: 2,941.01 sec
Running io.yawp.repository.IdRefAsLongTest
Tests run: 18, Failures: 0, Errors: 0, Skipped: 0, Time elapsed: 4,006.34 sec
Running io.yawp.repository.SerializeTest
Tests run: 1, Failures: 0, Errors: 0, Skipped: 0, Time elapsed: 3,521.3 sec
Running io.yawp.servlet.hierarchy.HierarchyHookTest
Tests run: 3, Failures: 0, Errors: 0, Skipped: 0, Time elapsed: 567.75 sec
Running io.yawp.servlet.hierarchy.HierarchyTransformerTest
Tests run: 3, Failures: 0, Errors: 0, Skipped: 0, Time elapsed: 7,911.02 sec
Running io.yawp.servlet.hierarchy.HierarchyShieldTest
Tests run: 2, Failures: 0, Errors: 0, Skipped: 0, Time elapsed: 4.69 sec
Running io.yawp.servlet.hierarchy.HierarchyActionTest
Tests run: 3, Failures: 0, Errors: 0, Skipped: 0, Time elapsed: 105.17 sec
Running io.yawp.servlet.child.ChildCustomActionTest
Tests run: 3, Failures: 0, Errors: 0, Skipped: 0, Time elapsed: 2,995.04 sec
Running io.yawp.servlet.child.ChildRestActionTest
Tests run: 10, Failures: 0, Errors: 0, Skipped: 0, Time elapsed: 3,638.75 sec
Running io.yawp.servlet.child.ChildShieldTest
Tests run: 4, Failures: 0, Errors: 0, Skipped: 0, Time elapsed: 4,485.26 sec
Running io.yawp.servlet.child.ChildQueryTest
Tests run: 2, Failures: 0, Errors: 0, Skipped: 0, Time elapsed: 29.06 sec
Running io.yawp.servlet.child.ChildTransformerTest
Tests run: 5, Failures: 0, Errors: 0, Skipped: 0, Time elapsed: 2,619.15 sec
Running io.yawp.servlet.grandchild.GrandchildRestActionTest
Tests run: 7, Failures: 0, Errors: 0, Skipped: 0, Time elapsed: 5,913.86 sec
Running io.yawp.servlet.grandchild.GrandchildCustomActionTest
Tests run: 2, Failures: 0, Errors: 0, Skipped: 0, Time elapsed: 719.41 sec
Running io.yawp.servlet.grandchild.GrandchildQueryTest
Tests run: 3, Failures: 0, Errors: 0, Skipped: 0, Time elapsed: 1,981.92 sec
Running io.yawp.servlet.parent.ParentCustomActionTest
Tests run: 14, Failures: 0, Errors: 0, Skipped: 0, Time elapsed: 5,378.5 sec
Running io.yawp.servlet.parent.ParentQueryTest
Tests run: 2, Failures: 0, Errors: 0, Skipped: 0, Time elapsed: 2,180.98 sec
Running io.yawp.servlet.parent.ParentRestActionTest
Tests run: 11, Failures: 0, Errors: 0, Skipped: 0, Time elapsed: 3,419.55 sec
Running io.yawp.servlet.EndpointRouterTest
Tests run: 17, Failures: 0, Errors: 0, Skipped: 0, Time elapsed: 3,303.83 sec
Running io.yawp.servlet.CrossDomainManagerTest
Tests run: 3, Failures: 0, Errors: 0, Skipped: 0, Time elapsed: 533.22 sec
Running io.yawp.commons.http.HttpVerbTest
Tests run: 6, Failures: 0, Errors: 0, Skipped: 0, Time elapsed: 1,283.71 sec
Running io.yawp.commons.http.JsonResponseTest
Tests run: 2, Failures: 0, Errors: 0, Skipped: 0, Time elapsed: 228.39 sec
Running io.yawp.commons.http.ImageResponseTest
Tests run: 1, Failures: 0, Errors: 0, Skipped: 0, Time elapsed: 125.6 sec
Running io.yawp.commons.utils.FacadeUtilsTest
Tests run: 2, Failures: 0, Errors: 0, Skipped: 0, Time elapsed: 3,724.11 sec
Running io.yawp.commons.utils.JsonUtilsTest
Tests run: 8, Failures: 0, Errors: 0, Skipped: 0, Time elapsed: 235.99 sec
Running io.yawp.commons.utils.NameGeneratorTest
Tests run: 1, Failures: 0, Errors: 0, Skipped: 0, Time elapsed: 35.26 sec
Running io.yawp.commons.config.ConfigTest
Tests run: 1, Failures: 0, Errors: 0, Skipped: 0, Time elapsed: 50.38 sec

Results :

Tests run: 357, Failures: 0, Errors: 0, Skipped: 1

[INFO] 
[INFO] --- jacoco-maven-plugin:0.7.5.201505241946:report (report) @ yawp-core ---
[INFO] Analyzed bundle 'YAWP! core' with 145 classes
[INFO] 
[INFO] ----------------------------< io.yawp:yawp >----------------------------
[INFO] Building YAWP! appengine 2.09alpha                                [3/11]
[INFO] --------------------------------[ jar ]---------------------------------
[INFO] 
[INFO] --- jacoco-maven-plugin:0.7.5.201505241946:prepare-agent (default) @ yawp ---
[INFO] argLine set to -javaagent:/root/.m2/repository/org/jacoco/org.jacoco.agent/0.7.5.201505241946/org.jacoco.agent-0.7.5.201505241946-runtime.jar=destfile=/home/target/yawp-appengine/target/jacoco.exec
[INFO] 
[INFO] --- maven-resources-plugin:2.6:resources (default-resources) @ yawp ---
[INFO] Using 'UTF-8' encoding to copy filtered resources.
[INFO] Copying 1 resource
[INFO] Copying 18 resources
[INFO] 
[INFO] --- maven-compiler-plugin:2.5.1:compile (default-compile) @ yawp ---
[INFO] Nothing to compile - all classes are up to date
[INFO] 
[INFO] --- maven-resources-plugin:2.6:testResources (default-testResources) @ yawp ---
[INFO] Using 'UTF-8' encoding to copy filtered resources.
[INFO] skip non existing resourceDirectory /home/target/yawp-appengine/src/test/resources
[INFO] 
[INFO] --- maven-compiler-plugin:2.5.1:testCompile (default-testCompile) @ yawp ---
[INFO] No sources to compile
[INFO] 
[INFO] --- maven-surefire-plugin:2.12.4:test (default-test) @ yawp ---
[INFO] No tests to run.
[INFO] 
[INFO] --- jacoco-maven-plugin:0.7.5.201505241946:report (report) @ yawp ---
[INFO] Skipping JaCoCo execution due to missing execution data file:/home/target/yawp-appengine/target/jacoco.exec
[INFO] 
[INFO] ----------------------< io.yawp:yawp-postgresql >-----------------------
[INFO] Building YAWP! postgresql 2.09alpha                               [4/11]
[INFO] --------------------------------[ jar ]---------------------------------
[INFO] 
[INFO] --- jacoco-maven-plugin:0.7.5.201505241946:prepare-agent (default) @ yawp-postgresql ---
[INFO] argLine set to -javaagent:/root/.m2/repository/org/jacoco/org.jacoco.agent/0.7.5.201505241946/org.jacoco.agent-0.7.5.201505241946-runtime.jar=destfile=/home/target/yawp-postgresql/target/jacoco.exec
[INFO] 
[INFO] --- maven-resources-plugin:2.6:resources (default-resources) @ yawp-postgresql ---
[INFO] Using 'UTF-8' encoding to copy filtered resources.
[INFO] Copying 1 resource
[INFO] 
[INFO] --- maven-compiler-plugin:2.5.1:compile (default-compile) @ yawp-postgresql ---
[INFO] Nothing to compile - all classes are up to date
[INFO] 
[INFO] --- maven-resources-plugin:2.6:testResources (default-testResources) @ yawp-postgresql ---
[INFO] Using 'UTF-8' encoding to copy filtered resources.
[INFO] Copying 2 resources
[INFO] 
[INFO] --- maven-compiler-plugin:2.5.1:testCompile (default-testCompile) @ yawp-postgresql ---
[INFO] Nothing to compile - all classes are up to date
[INFO] 
[INFO] --- maven-surefire-plugin:2.12.4:test (default-test) @ yawp-postgresql ---
[INFO] Tests are skipped.
[INFO] 
[INFO] --- jacoco-maven-plugin:0.7.5.201505241946:report (report) @ yawp-postgresql ---
[INFO] Skipping JaCoCo execution due to missing execution data file:/home/target/yawp-postgresql/target/jacoco.exec
[INFO] 
[INFO] ---------------------< io.yawp:yawp-testing-root >----------------------
[INFO] Building YAWP! testing root 2.09alpha                             [5/11]
[INFO] --------------------------------[ pom ]---------------------------------
[INFO] 
[INFO] --- jacoco-maven-plugin:0.7.5.201505241946:prepare-agent (default) @ yawp-testing-root ---
[INFO] argLine set to -javaagent:/root/.m2/repository/org/jacoco/org.jacoco.agent/0.7.5.201505241946/org.jacoco.agent-0.7.5.201505241946-runtime.jar=destfile=/home/target/yawp-testing/target/jacoco.exec
[INFO] 
[INFO] --- jacoco-maven-plugin:0.7.5.201505241946:report (report) @ yawp-testing-root ---
[INFO] Skipping JaCoCo execution due to missing execution data file:/home/target/yawp-testing/target/jacoco.exec
[INFO] 
[INFO] ---------------------< io.yawp:yawp-testing-core >----------------------
[INFO] Building YAWP! testing core 2.09alpha                             [6/11]
[INFO] --------------------------------[ jar ]---------------------------------
[INFO] 
[INFO] --- jacoco-maven-plugin:0.7.5.201505241946:prepare-agent (default) @ yawp-testing-core ---
[INFO] argLine set to -javaagent:/root/.m2/repository/org/jacoco/org.jacoco.agent/0.7.5.201505241946/org.jacoco.agent-0.7.5.201505241946-runtime.jar=destfile=/home/target/yawp-testing/yawp-testing-core/target/jacoco.exec
[INFO] 
[INFO] --- maven-resources-plugin:2.6:resources (default-resources) @ yawp-testing-core ---
[INFO] Using 'UTF-8' encoding to copy filtered resources.
[INFO] skip non existing resourceDirectory /home/target/yawp-testing/yawp-testing-core/src/main/resources
[INFO] 
[INFO] --- maven-compiler-plugin:2.5.1:compile (default-compile) @ yawp-testing-core ---
[INFO] Nothing to compile - all classes are up to date
[INFO] 
[INFO] --- maven-resources-plugin:2.6:testResources (default-testResources) @ yawp-testing-core ---
[INFO] Using 'UTF-8' encoding to copy filtered resources.
[INFO] skip non existing resourceDirectory /home/target/yawp-testing/yawp-testing-core/src/test/resources
[INFO] 
[INFO] --- maven-compiler-plugin:2.5.1:testCompile (default-testCompile) @ yawp-testing-core ---
[INFO] No sources to compile
[INFO] 
[INFO] --- maven-surefire-plugin:2.12.4:test (default-test) @ yawp-testing-core ---
[INFO] No tests to run.
[INFO] 
[INFO] --- jacoco-maven-plugin:0.7.5.201505241946:report (report) @ yawp-testing-core ---
[INFO] Skipping JaCoCo execution due to missing execution data file:/home/target/yawp-testing/yawp-testing-core/target/jacoco.exec
[INFO] 
[INFO] -------------------< io.yawp:yawp-maven-plugin-root >-------------------
[INFO] Building YAWP! maven plugin root 2.09alpha                        [7/11]
[INFO] --------------------------------[ pom ]---------------------------------
[INFO] 
[INFO] --- jacoco-maven-plugin:0.7.5.201505241946:prepare-agent (default) @ yawp-maven-plugin-root ---
[INFO] argLine set to -javaagent:/root/.m2/repository/org/jacoco/org.jacoco.agent/0.7.5.201505241946/org.jacoco.agent-0.7.5.201505241946-runtime.jar=destfile=/home/target/yawp-maven-plugin/target/jacoco.exec
[INFO] 
[INFO] --- jacoco-maven-plugin:0.7.5.201505241946:report (report) @ yawp-maven-plugin-root ---
[INFO] Skipping JaCoCo execution due to missing execution data file:/home/target/yawp-maven-plugin/target/jacoco.exec
[INFO] 
[INFO] -------------------< io.yawp:yawp-devserver-runtime >-------------------
[INFO] Building YAWP! devserver runtime 2.09alpha                        [8/11]
[INFO] --------------------------------[ jar ]---------------------------------
[INFO] 
[INFO] --- jacoco-maven-plugin:0.7.5.201505241946:prepare-agent (default) @ yawp-devserver-runtime ---
[INFO] argLine set to -javaagent:/root/.m2/repository/org/jacoco/org.jacoco.agent/0.7.5.201505241946/org.jacoco.agent-0.7.5.201505241946-runtime.jar=destfile=/home/target/yawp-maven-plugin/yawp-devserver-runtime/target/jacoco.exec
[INFO] 
[INFO] --- maven-resources-plugin:2.6:resources (default-resources) @ yawp-devserver-runtime ---
[INFO] Using 'UTF-8' encoding to copy filtered resources.
[INFO] Copying 2 resources
[INFO] 
[INFO] --- maven-compiler-plugin:2.5.1:compile (default-compile) @ yawp-devserver-runtime ---
[INFO] Nothing to compile - all classes are up to date
[INFO] 
[INFO] --- maven-resources-plugin:2.6:testResources (default-testResources) @ yawp-devserver-runtime ---
[INFO] Using 'UTF-8' encoding to copy filtered resources.
[INFO] skip non existing resourceDirectory /home/target/yawp-maven-plugin/yawp-devserver-runtime/src/test/resources
[INFO] 
[INFO] --- maven-compiler-plugin:2.5.1:testCompile (default-testCompile) @ yawp-devserver-runtime ---
[INFO] No sources to compile
[INFO] 
[INFO] --- maven-surefire-plugin:2.12.4:test (default-test) @ yawp-devserver-runtime ---
[INFO] No tests to run.
[INFO] 
[INFO] --- jacoco-maven-plugin:0.7.5.201505241946:report (report) @ yawp-devserver-runtime ---
[INFO] Skipping JaCoCo execution due to missing execution data file:/home/target/yawp-maven-plugin/yawp-devserver-runtime/target/jacoco.exec
[INFO] 
[INFO] ---------------------< io.yawp:yawp-maven-plugin >----------------------
[INFO] Building YAWP! maven plugin 2.09alpha                             [9/11]
[INFO] ----------------------------[ maven-plugin ]----------------------------
[INFO] 
[INFO] --- jacoco-maven-plugin:0.7.5.201505241946:prepare-agent (default) @ yawp-maven-plugin ---
[INFO] argLine set to -javaagent:/root/.m2/repository/org/jacoco/org.jacoco.agent/0.7.5.201505241946/org.jacoco.agent-0.7.5.201505241946-runtime.jar=destfile=/home/target/yawp-maven-plugin/yawp-maven-plugin/target/jacoco.exec
[INFO] 
[INFO] --- maven-resources-plugin:2.6:resources (default-resources) @ yawp-maven-plugin ---
[INFO] Using 'UTF-8' encoding to copy filtered resources.
[INFO] Copying 13 resources
[INFO] 
[INFO] --- maven-compiler-plugin:2.5.1:compile (default-compile) @ yawp-maven-plugin ---
[INFO] Nothing to compile - all classes are up to date
[INFO] 
[INFO] --- maven-plugin-plugin:3.4:descriptor (default-descriptor) @ yawp-maven-plugin ---
[INFO] Using 'UTF-8' encoding to read mojo metadata.
[INFO] Mojo extractor with id: java-javadoc found 0 mojo descriptors.
[INFO] Mojo extractor with id: java-annotations found 10 mojo descriptors.
[INFO] 
[INFO] --- maven-resources-plugin:2.6:testResources (default-testResources) @ yawp-maven-plugin ---
[INFO] Using 'UTF-8' encoding to copy filtered resources.
[INFO] Copying 3 resources
[INFO] 
[INFO] --- maven-compiler-plugin:2.5.1:testCompile (default-testCompile) @ yawp-maven-plugin ---
[INFO] Nothing to compile - all classes are up to date
[INFO] 
[INFO] --- maven-surefire-plugin:2.12.4:test (default-test) @ yawp-maven-plugin ---
[INFO] Surefire report directory: /home/target/yawp-maven-plugin/yawp-maven-plugin/target/surefire-reports

-------------------------------------------------------
 T E S T S
-------------------------------------------------------
Running io.yawp.plugin.mojos.scaffolding.mojo.HookMojoTest
SLF4J: Failed to load class "org.slf4j.impl.StaticLoggerBinder".
SLF4J: Defaulting to no-operation (NOP) logger implementation
SLF4J: See http://www.slf4j.org/codes.html#StaticLoggerBinder for further details.
[INFO] Scaffolding to ./target/scaffolding-test
[INFO] Scaffold src/main/java/yawpapp/models/person/PersonValidateHook.java created.
Tests run: 1, Failures: 0, Errors: 0, Skipped: 0, Time elapsed: 446,870.59 sec
Running io.yawp.plugin.mojos.scaffolding.mojo.TransformerMojoTest
[INFO] Scaffolding to ./target/scaffolding-test
[INFO] Scaffold src/main/java/yawpapp/models/person/PersonUpperCaseTransformer.java created.
Tests run: 1, Failures: 0, Errors: 0, Skipped: 0, Time elapsed: 74,778.49 sec
Running io.yawp.plugin.mojos.scaffolding.mojo.ActionMojoTest
[INFO] Scaffolding to ./target/scaffolding-test
[INFO] Scaffold src/main/java/yawpapp/models/person/PersonActivateAction.java created.
Tests run: 1, Failures: 0, Errors: 0, Skipped: 0, Time elapsed: 41,270.28 sec
Running io.yawp.plugin.mojos.scaffolding.mojo.EndpointMojoTest
[INFO] Scaffolding to ./target/scaffolding-test
[INFO] Scaffold src/main/kotlin/yawpapp/models/person/Person.kt created.
[INFO] Scaffold src/test/kotlin/yawpapp/models/person/PersonTest.kt created.
[INFO] Scaffold src/main/kotlin/yawpapp/models/person/PersonShield.kt created.
[INFO] Scaffolding to ./target/scaffolding-test
[INFO] Scaffold src/main/java/yawpapp/models/person/Person.java created.
[INFO] Scaffold src/test/java/yawpapp/models/person/PersonTest.java created.
[INFO] Scaffold src/main/java/yawpapp/models/person/PersonShield.java created.
Tests run: 2, Failures: 0, Errors: 0, Skipped: 0, Time elapsed: 184,241.64 sec
Running io.yawp.plugin.mojos.scaffolding.mojo.ShieldMojoTest
[INFO] Scaffolding to ./target/scaffolding-test
[INFO] Scaffold src/main/java/yawpapp/models/person/PersonShield.java created.
Tests run: 1, Failures: 0, Errors: 0, Skipped: 0, Time elapsed: 22,181.66 sec
Running io.yawp.plugin.mojos.scaffolding.mojo.PipeMojoTest
[INFO] Scaffolding to ./target/scaffolding-test
[INFO] Scaffold src/main/java/yawpapp/models/person/PersonCounterPipe.java created.
Tests run: 1, Failures: 0, Errors: 0, Skipped: 0, Time elapsed: 29,452.12 sec
Running io.yawp.plugin.mojos.scaffolding.EndpointNamingTest
Tests run: 15, Failures: 0, Errors: 0, Skipped: 0, Time elapsed: 25,481.2 sec

Results :

Tests run: 22, Failures: 0, Errors: 0, Skipped: 0

[INFO] 
[INFO] --- jacoco-maven-plugin:0.7.5.201505241946:report (report) @ yawp-maven-plugin ---
[INFO] Analyzed bundle 'YAWP! maven plugin' with 25 classes
[INFO] 
[INFO] ------------------------< io.yawp:yawp-testing >------------------------
[INFO] Building YAWP! testing appengine 2.09alpha                       [10/11]
[INFO] --------------------------------[ jar ]---------------------------------
[INFO] 
[INFO] --- jacoco-maven-plugin:0.7.5.201505241946:prepare-agent (default) @ yawp-testing ---
[INFO] argLine set to -javaagent:/root/.m2/repository/org/jacoco/org.jacoco.agent/0.7.5.201505241946/org.jacoco.agent-0.7.5.201505241946-runtime.jar=destfile=/home/target/yawp-testing/yawp-testing-appengine/target/jacoco.exec
[INFO] 
[INFO] --- maven-resources-plugin:2.6:resources (default-resources) @ yawp-testing ---
[INFO] Using 'UTF-8' encoding to copy filtered resources.
[INFO] Copying 1 resource
[INFO] 
[INFO] --- maven-compiler-plugin:2.5.1:compile (default-compile) @ yawp-testing ---
[INFO] Nothing to compile - all classes are up to date
[INFO] 
[INFO] --- maven-resources-plugin:2.6:testResources (default-testResources) @ yawp-testing ---
[INFO] Using 'UTF-8' encoding to copy filtered resources.
[INFO] Copying 1 resource
[INFO] 
[INFO] --- maven-compiler-plugin:2.5.1:testCompile (default-testCompile) @ yawp-testing ---
[INFO] Nothing to compile - all classes are up to date
[INFO] 
[INFO] --- maven-surefire-plugin:2.12.4:test (default-test) @ yawp-testing ---
[INFO] Surefire report directory: /home/target/yawp-testing/yawp-testing-appengine/target/surefire-reports

-------------------------------------------------------
 T E S T S
-------------------------------------------------------
JVMJ9VM090I Slow response to network query (155 secs), check your IP DNS configuration
Running io.yawp.testing.appengine.pipes.flow.FlowDropsTest
Nov 29, 2021 7:21:42 AM io.yawp.repository.features.scanner.ClassloaderScanner scan
INFO: YAWP! classloader scanner started in 3791790 ms - packages: io.yawp
Nov 29, 2021 3:54:58 PM com.google.appengine.api.datastore.dev.LocalDatastoreService init
INFO: Local Datastore initialized: 
	Type: High Replication
	Storage: In-memory
Nov 30, 2021 1:29:12 PM com.google.appengine.api.taskqueue.dev.LocalTaskQueue init
INFO: LocalTaskQueue is initialized
Dec 01, 2021 11:59:50 AM org.quartz.simpl.SimpleThreadPool initialize
INFO: Job execution threads will use class loader of thread: pool-1-thread-3
Dec 01, 2021 12:48:43 PM org.quartz.core.QuartzScheduler <init>
INFO: Quartz Scheduler v.UNKNOWN.UNKNOWN.UNKNOWN created.
Dec 01, 2021 1:04:44 PM org.quartz.simpl.RAMJobStore initialize
INFO: RAMJobStore initialized.
Dec 01, 2021 1:11:55 PM org.quartz.impl.StdSchedulerFactory instantiate
INFO: Quartz scheduler 'DefaultQuartzScheduler' initialized from default resource file in Quartz package: 'quartz.properties'
Dec 01, 2021 1:15:01 PM org.quartz.impl.StdSchedulerFactory instantiate
INFO: Quartz scheduler version: UNKNOWN.UNKNOWN.UNKNOWN
Dec 01, 2021 1:20:10 PM org.quartz.core.QuartzScheduler start
INFO: Scheduler DefaultQuartzScheduler_$_NON_CLUSTERED started.
Dec 01, 2021 1:51:07 PM com.google.appengine.api.taskqueue.dev.LocalTaskQueue start_
INFO: Local task queue initialized with base url http://localhost:8080
Dec 01, 2021 3:38:30 PM org.quartz.core.QuartzScheduler shutdown
INFO: Scheduler DefaultQuartzScheduler_$_NON_CLUSTERED shutting down.
Dec 01, 2021 3:42:59 PM org.quartz.core.QuartzScheduler standby
INFO: Scheduler DefaultQuartzScheduler_$_NON_CLUSTERED paused.
Dec 01, 2021 3:43:42 PM org.quartz.core.QuartzScheduler shutdown
INFO: Scheduler DefaultQuartzScheduler_$_NON_CLUSTERED shutdown complete.
Tests run: 1, Failures: 0, Errors: 1, Skipped: 0, Time elapsed: 271,281.75 sec <<< FAILURE!
testFlowDropsToSameSink(io.yawp.testing.appengine.pipes.flow.FlowDropsTest)  Time elapsed: 257,770.15 sec  <<< ERROR!
java.lang.RuntimeException: await timout
	at io.yawp.testing.appengine.AsyncHelper.awaitAsync(AsyncHelper.java:20)
	at io.yawp.testing.appengine.AppengineTestHelper.awaitAsync(AppengineTestHelper.java:54)
	at io.yawp.testing.EndpointTestCaseBase.awaitAsync(EndpointTestCaseBase.java:334)
	at io.yawp.testing.appengine.pipes.flow.FlowDropsTest.testFlowDropsToSameSink(FlowDropsTest.java:35)
	at sun.reflect.NativeMethodAccessorImpl.invoke0(Native Method)
	at sun.reflect.NativeMethodAccessorImpl.invoke(NativeMethodAccessorImpl.java:62)
	at sun.reflect.DelegatingMethodAccessorImpl.invoke(DelegatingMethodAccessorImpl.java:43)
	at java.lang.reflect.Method.invoke(Method.java:498)
	at org.junit.runners.model.FrameworkMethod$1.runReflectiveCall(FrameworkMethod.java:47)
	at org.junit.internal.runners.model.ReflectiveCallable.run(ReflectiveCallable.java:12)
	at org.junit.runners.model.FrameworkMethod.invokeExplosively(FrameworkMethod.java:44)
	at org.junit.internal.runners.statements.InvokeMethod.evaluate(InvokeMethod.java:17)
	at org.junit.internal.runners.statements.RunBefores.evaluate(RunBefores.java:26)
	at org.junit.internal.runners.statements.RunAfters.evaluate(RunAfters.java:27)
	at org.junit.runners.ParentRunner.runLeaf(ParentRunner.java:271)
	at org.junit.runners.BlockJUnit4ClassRunner.runChild(BlockJUnit4ClassRunner.java:70)
	at org.junit.runners.BlockJUnit4ClassRunner.runChild(BlockJUnit4ClassRunner.java:50)
	at org.junit.runners.ParentRunner$3.run(ParentRunner.java:238)
	at org.junit.runners.ParentRunner$1.schedule(ParentRunner.java:63)
	at org.junit.runners.ParentRunner.runChildren(ParentRunner.java:236)
	at org.junit.runners.ParentRunner.access$000(ParentRunner.java:53)
	at org.junit.runners.ParentRunner$2.evaluate(ParentRunner.java:229)
	at org.junit.runners.ParentRunner.run(ParentRunner.java:309)
	at org.apache.maven.surefire.junit4.JUnit4Provider.execute(JUnit4Provider.java:252)
	at org.apache.maven.surefire.junit4.JUnit4Provider.executeTestSet(JUnit4Provider.java:141)
	at org.apache.maven.surefire.junit4.JUnit4Provider.invoke(JUnit4Provider.java:112)
	at sun.reflect.NativeMethodAccessorImpl.invoke0(Native Method)
	at sun.reflect.NativeMethodAccessorImpl.invoke(NativeMethodAccessorImpl.java:62)
	at sun.reflect.DelegatingMethodAccessorImpl.invoke(DelegatingMethodAccessorImpl.java:43)
	at java.lang.reflect.Method.invoke(Method.java:498)
	at org.apache.maven.surefire.util.ReflectionUtils.invokeMethodWithArray(ReflectionUtils.java:189)
	at org.apache.maven.surefire.booter.ProviderFactory$ProviderProxy.invoke(ProviderFactory.java:165)
	at org.apache.maven.surefire.booter.ProviderFactory.invokeProvider(ProviderFactory.java:85)
	at org.apache.maven.surefire.booter.ForkedBooter.runSuitesInProcess(ForkedBooter.java:115)
	at org.apache.maven.surefire.booter.ForkedBooter.main(ForkedBooter.java:75)


Results :

Tests in error: 
  testFlowDropsToSameSink(io.yawp.testing.appengine.pipes.flow.FlowDropsTest): await timout

Tests run: 1, Failures: 0, Errors: 1, Skipped: 0

[INFO] 
[INFO] ------------------< io.yawp:yawp-testing-postgresql >-------------------
[INFO] Building YAWP! testing postgresql 2.09alpha                      [11/11]
[INFO] --------------------------------[ jar ]---------------------------------
[INFO] 
[INFO] --- jacoco-maven-plugin:0.7.5.201505241946:prepare-agent (default) @ yawp-testing-postgresql ---
[INFO] argLine set to -javaagent:/root/.m2/repository/org/jacoco/org.jacoco.agent/0.7.5.201505241946/org.jacoco.agent-0.7.5.201505241946-runtime.jar=destfile=/home/target/yawp-testing/yawp-testing-postgresql/target/jacoco.exec
[INFO] 
[INFO] --- maven-resources-plugin:2.6:resources (default-resources) @ yawp-testing-postgresql ---
[INFO] Using 'UTF-8' encoding to copy filtered resources.
[INFO] Copying 1 resource
[INFO] 
[INFO] --- maven-compiler-plugin:2.5.1:compile (default-compile) @ yawp-testing-postgresql ---
[INFO] Nothing to compile - all classes are up to date
[INFO] 
[INFO] --- maven-resources-plugin:2.6:testResources (default-testResources) @ yawp-testing-postgresql ---
[INFO] Using 'UTF-8' encoding to copy filtered resources.
[INFO] Copying 1 resource
[INFO] 
[INFO] --- maven-compiler-plugin:2.5.1:testCompile (default-testCompile) @ yawp-testing-postgresql ---
[INFO] No sources to compile
[INFO] 
[INFO] --- maven-surefire-plugin:2.12.4:test (default-test) @ yawp-testing-postgresql ---
[INFO] Tests are skipped.
[INFO] 
[INFO] --- jacoco-maven-plugin:0.7.5.201505241946:report (report) @ yawp-testing-postgresql ---
[INFO] Skipping JaCoCo execution due to missing execution data file:/home/target/yawp-testing/yawp-testing-postgresql/target/jacoco.exec
[INFO] ------------------------------------------------------------------------
[INFO] Reactor Summary for YAWP! root 2.09alpha:
[INFO] 
[INFO] YAWP! root ......................................... SUCCESS [  17:12 h]
[INFO] YAWP! core ......................................... SUCCESS [8 d 22:42 h]
[INFO] YAWP! appengine .................................... SUCCESS [  08:37 h]
[INFO] YAWP! postgresql ................................... SUCCESS [  01:09 h]
[INFO] YAWP! testing root ................................. SUCCESS [07:51 min]
[INFO] YAWP! testing core ................................. SUCCESS [51:26 min]
[INFO] YAWP! maven plugin root ............................ SUCCESS [06:19 min]
[INFO] YAWP! devserver runtime ............................ SUCCESS [  02:25 h]
[INFO] YAWP! maven plugin ................................. SUCCESS [13 d 07:51 h]
[INFO] YAWP! testing appengine ............................ FAILURE [5 d 23:56 h]
[INFO] YAWP! testing postgresql ........................... SUCCESS [24:30 min]
[INFO] ------------------------------------------------------------------------
[INFO] BUILD FAILURE
[INFO] ------------------------------------------------------------------------
[INFO] Total time:  29 d 16:48 h
[INFO] Finished at: 2021-12-01T17:19:49Z
[INFO] ------------------------------------------------------------------------
[ERROR] Failed to execute goal org.apache.maven.plugins:maven-surefire-plugin:2.12.4:test (default-test) on project yawp-testing: There are test failures.
[ERROR] 
[ERROR] Please refer to /home/target/yawp-testing/yawp-testing-appengine/target/surefire-reports for the individual test results.
[ERROR] -> [Help 1]
[ERROR] 
[ERROR] To see the full stack trace of the errors, re-run Maven with the -e switch.
[ERROR] Re-run Maven using the -X switch to enable full debug logging.
[ERROR] 
[ERROR] For more information about the errors and possible solutions, please read the following articles:
[ERROR] [Help 1] http://cwiki.apache.org/confluence/display/MAVEN/MojoFailureException
[ERROR] 
[ERROR] After correcting the problems, you can resume the build with the command
[ERROR]   mvn <args> -rf :yawp-testing
{'error': True, 'log_file': 'output-2021-10-31T22:32:48-7772.log', 'message': '', 'start_time': '2021-10-31T22:32:48', 'end_time': '2021-10-31T22:37:14', 'command': ['mvn', '-fae', 'test'], 'faketime_str': '+0 x10000.0', 'timezone': datetime.timezone(datetime.timedelta(0), 'UTC')}
