[INFO] Scanning for projects...
[INFO] ------------------------------------------------------------------------
[INFO] Detecting the operating system and CPU architecture
[INFO] ------------------------------------------------------------------------
[INFO] os.detected.name: linux
[INFO] os.detected.arch: aarch_64
[INFO] os.detected.bitness: 64
[INFO] os.detected.version: 5.11
[INFO] os.detected.version.major: 5
[INFO] os.detected.version.minor: 11
[INFO] os.detected.release: debian
[INFO] os.detected.release.version: 11
[INFO] os.detected.release.like.debian: true
[INFO] os.detected.classifier: linux-aarch_64
[INFO] ------------------------------------------------------------------------
[INFO] Detecting the operating system and CPU architecture
[INFO] ------------------------------------------------------------------------
[INFO] os.detected.name: linux
[INFO] os.detected.arch: aarch_64
[INFO] os.detected.version: 5.11
[INFO] os.detected.version.major: 5
[INFO] os.detected.version.minor: 11
[INFO] os.detected.release: debian
[INFO] os.detected.release.version: 11
[INFO] os.detected.release.like.debian: true
[INFO] os.detected.classifier: linux-aarch_64
[WARNING] The project com.alibaba.rsocket:alibaba-rsocket-broker-parent:pom:1.1.2-SNAPSHOT uses prerequisites which is only intended for maven-plugin projects but not for non maven-plugin projects. For such purposes you should use the maven-enforcer-plugin. See https://maven.apache.org/enforcer/enforcer-rules/requireMavenVersion.html
[INFO] ------------------------------------------------------------------------
[INFO] Reactor Build Order:
[INFO] 
[INFO] Alibaba RSocket Broker Parent                                      [pom]
[INFO] alibaba-rsocket-service-common                                     [jar]
[INFO] Alibaba RSocket Core                                               [jar]
[INFO] Alibaba RSocket Spring Boot Starter                                [jar]
[INFO] Alibaba RSocket Broker Spring Boot Starter                         [jar]
[INFO] Alibaba RSocket Broker Server                                      [jar]
[INFO] Alibaba RSocket Broker for Spring Cloud Registry                   [jar]
[INFO] Alibaba RSocket Broker for Spring Cloud Config                     [jar]
[INFO] Alibaba RSocket Broker Gateway for HTTP                            [jar]
[INFO] Alibaba RSocket Broker Gateway for gRPC                            [jar]
[INFO] Alibaba RSocket Broker Example Parent                              [pom]
[INFO] user-service-api                                                   [jar]
[INFO] user-service-spring-boot-starter                                   [jar]
[INFO] rsocket-requester                                                  [jar]
[INFO] RSocket Responder                                                  [jar]
[INFO] rsocket-cloud-function                                             [jar]
[INFO] 
[INFO] ---------< com.alibaba.rsocket:alibaba-rsocket-broker-parent >----------
[INFO] Building Alibaba RSocket Broker Parent 1.1.2-SNAPSHOT             [1/16]
[INFO] --------------------------------[ pom ]---------------------------------
[INFO] 
[INFO] --- git-commit-id-plugin:4.0.5:revision (default) @ alibaba-rsocket-broker-parent ---
[INFO] skip is enabled, skipping execution!
[INFO] 
[INFO] ---------< com.alibaba.rsocket:alibaba-rsocket-service-common >---------
[INFO] Building alibaba-rsocket-service-common 1.1.2-SNAPSHOT            [2/16]
[INFO] --------------------------------[ jar ]---------------------------------
[INFO] 
[INFO] --- git-commit-id-plugin:4.0.5:revision (default) @ alibaba-rsocket-service-common ---
[INFO] skip is enabled, skipping execution!
[INFO] 
[INFO] --- maven-resources-plugin:2.6:resources (default-resources) @ alibaba-rsocket-service-common ---
[INFO] Using 'UTF-8' encoding to copy filtered resources.
[INFO] skip non existing resourceDirectory /home/target/alibaba-rsocket-service-common/src/main/resources
[INFO] 
[INFO] --- maven-compiler-plugin:3.8.1:compile (default-compile) @ alibaba-rsocket-service-common ---
[INFO] Nothing to compile - all classes are up to date
[INFO] 
[INFO] --- maven-resources-plugin:2.6:testResources (default-testResources) @ alibaba-rsocket-service-common ---
[INFO] Using 'UTF-8' encoding to copy filtered resources.
[INFO] skip non existing resourceDirectory /home/target/alibaba-rsocket-service-common/src/test/resources
[INFO] 
[INFO] --- maven-compiler-plugin:3.8.1:testCompile (default-testCompile) @ alibaba-rsocket-service-common ---
[INFO] No sources to compile
[INFO] 
[INFO] --- maven-surefire-plugin:2.22.2:test (default-test) @ alibaba-rsocket-service-common ---
[INFO] No tests to run.
[INFO] 
[INFO] --------------< com.alibaba.rsocket:alibaba-rsocket-core >--------------
[INFO] Building Alibaba RSocket Core 1.1.2-SNAPSHOT                      [3/16]
[INFO] --------------------------------[ jar ]---------------------------------
[INFO] 
[INFO] --- git-commit-id-plugin:4.0.5:revision (default) @ alibaba-rsocket-core ---
[INFO] skip is enabled, skipping execution!
[INFO] 
[INFO] --- kotlin-maven-plugin:1.5.31:compile (compile) @ alibaba-rsocket-core ---
[INFO] Applied plugin: 'spring'
[INFO] 
[INFO] --- kotlin-maven-plugin:1.5.31:test-compile (test-compile) @ alibaba-rsocket-core ---
[WARNING] No sources found skipping Kotlin compile
[INFO] 
[INFO] --- maven-resources-plugin:2.6:resources (default-resources) @ alibaba-rsocket-core ---
[INFO] Using 'UTF-8' encoding to copy filtered resources.
[INFO] Copying 8 resources
[INFO] 
[INFO] --- maven-compiler-plugin:3.8.1:compile (default-compile) @ alibaba-rsocket-core ---
[INFO] Changes detected - recompiling the module!
[INFO] Compiling 148 source files to /home/target/alibaba-rsocket-core/target/classes
[INFO] /home/target/alibaba-rsocket-core/src/main/java/com/alibaba/rsocket/upstream/UpstreamCluster.java: Some input files use or override a deprecated API.
[INFO] /home/target/alibaba-rsocket-core/src/main/java/com/alibaba/rsocket/upstream/UpstreamCluster.java: Recompile with -Xlint:deprecation for details.
[INFO] /home/target/alibaba-rsocket-core/src/main/java/com/alibaba/rsocket/events/CloudEventSupport.java: Some input files use unchecked or unsafe operations.
[INFO] /home/target/alibaba-rsocket-core/src/main/java/com/alibaba/rsocket/events/CloudEventSupport.java: Recompile with -Xlint:unchecked for details.
[INFO] 
[INFO] --- maven-resources-plugin:2.6:testResources (default-testResources) @ alibaba-rsocket-core ---
[INFO] Using 'UTF-8' encoding to copy filtered resources.
[INFO] Copying 2 resources
[INFO] 
[INFO] --- maven-compiler-plugin:3.8.1:testCompile (default-testCompile) @ alibaba-rsocket-core ---
[INFO] Changes detected - recompiling the module!
[INFO] Compiling 18 source files to /home/target/alibaba-rsocket-core/target/test-classes
[INFO] /home/target/alibaba-rsocket-core/src/test/java/com/alibaba/rsocket/encoding/hessian/io/HessianTest.java: Some input files use or override a deprecated API.
[INFO] /home/target/alibaba-rsocket-core/src/test/java/com/alibaba/rsocket/encoding/hessian/io/HessianTest.java: Recompile with -Xlint:deprecation for details.
[INFO] 
[INFO] --- maven-surefire-plugin:2.22.2:test (default-test) @ alibaba-rsocket-core ---
[INFO] 
[INFO] -------------------------------------------------------
[INFO]  T E S T S
[INFO] -------------------------------------------------------
[INFO] Running com.alibaba.rsocket.loadbalance.RandomSelectorTest
3
2
2
1
1
2
1
3
3
2
2
3
2
2
2
2
1
2
3
2
3
1
1
1
2
1
3
2
1
3
2
1
1
1
1
2
3
3
2
3
1
1
1
2
3
1
3
3
1
1
3
3
2
2
1
1
1
1
1
2
1
1
1
1
1
3
2
1
3
3
2
1
1
2
3
1
3
1
1
1
3
2
3
3
1
3
1
3
1
1
2
3
3
1
2
3
3
2
2
1
[INFO] Tests run: 1, Failures: 0, Errors: 0, Skipped: 0, Time elapsed: 945.48 s - in com.alibaba.rsocket.loadbalance.RandomSelectorTest
[INFO] Running com.alibaba.rsocket.invocation.ReactiveMethodMetadataTest
SLF4J: Failed to load class "org.slf4j.impl.StaticLoggerBinder".
SLF4J: Defaulting to no-operation (NOP) logger implementation
SLF4J: See http://www.slf4j.org/codes.html#StaticLoggerBinder for further details.
[INFO] Tests run: 2, Failures: 0, Errors: 0, Skipped: 0, Time elapsed: 3,548.99 s - in com.alibaba.rsocket.invocation.ReactiveMethodMetadataTest
[INFO] Running com.alibaba.rsocket.invocation.RSocketRequesterRpcProxyTest
args1 hashcode:-1335391363
args1 Deep hashcode:-1335391363
args2 hashcode:-1335391363
args2 Deep hashcode:-1335391363
Null Deep hashcode:0
Empty Array Deep hashcode:1
Array2 with all Null Deep hashcode:961
Array2 with all Null Deep hashcode:961
Array4 with all Null Deep hashcode:923521
Hashcode for 'good morning': -1001961631
Hashcode for 'good morning': -1001961631
[INFO] Tests run: 1, Failures: 0, Errors: 0, Skipped: 0, Time elapsed: 1.86 s - in com.alibaba.rsocket.invocation.RSocketRequesterRpcProxyTest
[INFO] Running com.alibaba.rsocket.MutableContextTest
[INFO] Tests run: 1, Failures: 0, Errors: 0, Skipped: 0, Time elapsed: 4,435.27 s - in com.alibaba.rsocket.MutableContextTest
[INFO] Running com.alibaba.rsocket.encoding.hessian.io.HessianTest
ÊàëÊòØüêª
[INFO] Tests run: 1, Failures: 0, Errors: 0, Skipped: 0, Time elapsed: 1,929.2 s - in com.alibaba.rsocket.encoding.hessian.io.HessianTest
[INFO] Running com.alibaba.rsocket.encoding.impl.RSocketEncodingFacadeImplTest
leijuan
leijuan
leijuan
[INFO] Tests run: 1, Failures: 0, Errors: 0, Skipped: 0, Time elapsed: 10,406.37 s - in com.alibaba.rsocket.encoding.impl.RSocketEncodingFacadeImplTest
[INFO] Running com.alibaba.rsocket.encoding.impl.ObjectEncodingHandlerJsonImplTest
[INFO] Tests run: 2, Failures: 0, Errors: 0, Skipped: 0, Time elapsed: 978.24 s - in com.alibaba.rsocket.encoding.impl.ObjectEncodingHandlerJsonImplTest
[INFO] Running com.alibaba.rsocket.rpc.LocalReactiveServiceCallerImplTest
=======Reactive Service Interface=====
com.alibaba.rsocket.rpc
DemoReactiveService
===============Operations=====================
findNickById
reactor.core.publisher.Mono
java.lang.String
deprecated: false
===============Parameters=====================
id
int
null
================================
findNickByEmail
reactor.core.publisher.Mono
java.lang.String
deprecated: true
===============Parameters=====================
email
java.lang.String
null
================================
findNicks
reactor.core.publisher.Flux
java.lang.String
deprecated: false
===============Parameters=====================
ids
reactor.core.publisher.Flux
java.lang.Integer
================================
[INFO] Tests run: 1, Failures: 0, Errors: 0, Skipped: 0, Time elapsed: 2.64 s - in com.alibaba.rsocket.rpc.LocalReactiveServiceCallerImplTest
[INFO] Running com.alibaba.rsocket.transport.NetworkUtilTest
[INFO] Tests run: 1, Failures: 0, Errors: 0, Skipped: 0, Time elapsed: 352.52 s - in com.alibaba.rsocket.transport.NetworkUtilTest
[INFO] Running com.alibaba.rsocket.metadata.RSocketCompositeMetadataTest
null
Json
-48
message/x.rsocket.mime-type.v0
[ERROR] Tests run: 5, Failures: 1, Errors: 0, Skipped: 0, Time elapsed: 1,821 s <<< FAILURE! - in com.alibaba.rsocket.metadata.RSocketCompositeMetadataTest
[ERROR] testServiceIdRoutingMetadata  Time elapsed: 180.85 s  <<< FAILURE!
org.opentest4j.AssertionFailedError: expected: <12> but was: <8>
	at com.alibaba.rsocket.metadata.RSocketCompositeMetadataTest.testServiceIdRoutingMetadata(RSocketCompositeMetadataTest.java:85)

[INFO] Running com.alibaba.rsocket.metadata.GSVRoutingMetadataTest
dc1!com.alibaba.UserService:1.0.0
com.alibaba.UserService
[INFO] Tests run: 3, Failures: 0, Errors: 0, Skipped: 0, Time elapsed: 1.48 s - in com.alibaba.rsocket.metadata.GSVRoutingMetadataTest
[INFO] Running com.alibaba.rsocket.metadata.BearerTokenMetadataTest
[INFO] Tests run: 2, Failures: 0, Errors: 0, Skipped: 0, Time elapsed: 0.82 s - in com.alibaba.rsocket.metadata.BearerTokenMetadataTest
[INFO] Running com.alibaba.rsocket.event.CloudEventTest
{"specversion":"1.0","id":"ebcfdc0b-fe1a-49b6-aa22-15e8cafbdcdd","source":"/trigger","type":"java.util.HashMap","datacontenttype":"application/json","time":"2021-11-10T23:52:25.07Z","data":{"id":1,"welcome":"Ê¨¢Ëøé"}}
{"id":1,"welcome":"leijuan"}
{"specversion":"1.0","id":"e2d5a1e9-b5b2-4b8a-873a-942c15052c86","source":"app://cd56a20e-708b-4764-85c4-7c39dc569cc4/?ip=172.17.0.7","type":"java.lang.String","datacontenttype":"application/json","time":"2021-11-11T00:23:23.79Z","data":"Hello"}
Hello
[INFO] Tests run: 3, Failures: 0, Errors: 0, Skipped: 0, Time elapsed: 1,815.88 s - in com.alibaba.rsocket.event.CloudEventTest
[INFO] Running com.alibaba.rsocket.cloudevents.CloudEventRSocketTest
[INFO] Tests run: 1, Failures: 0, Errors: 0, Skipped: 0, Time elapsed: 235.79 s - in com.alibaba.rsocket.cloudevents.CloudEventRSocketTest
[INFO] 
[INFO] Results:
[INFO] 
[ERROR] Failures: 
[ERROR]   RSocketCompositeMetadataTest.testServiceIdRoutingMetadata:85 expected: <12> but was: <8>
[INFO] 
[ERROR] Tests run: 25, Failures: 1, Errors: 0, Skipped: 0
[INFO] 
[INFO] 
[INFO] ------------------------------------------------------------------------
[INFO] Skipping Alibaba RSocket Spring Boot Starter
[INFO] This project has been banned from the build due to previous failures.
[INFO] ------------------------------------------------------------------------
[INFO] 
[INFO] ------------------------------------------------------------------------
[INFO] Skipping Alibaba RSocket Broker Spring Boot Starter
[INFO] This project has been banned from the build due to previous failures.
[INFO] ------------------------------------------------------------------------
[INFO] 
[INFO] ------------------------------------------------------------------------
[INFO] Skipping Alibaba RSocket Broker Server
[INFO] This project has been banned from the build due to previous failures.
[INFO] ------------------------------------------------------------------------
[INFO] 
[INFO] ------------------------------------------------------------------------
[INFO] Skipping Alibaba RSocket Broker for Spring Cloud Registry
[INFO] This project has been banned from the build due to previous failures.
[INFO] ------------------------------------------------------------------------
[INFO] 
[INFO] ------------------------------------------------------------------------
[INFO] Skipping Alibaba RSocket Broker for Spring Cloud Config
[INFO] This project has been banned from the build due to previous failures.
[INFO] ------------------------------------------------------------------------
[INFO] 
[INFO] ------------------------------------------------------------------------
[INFO] Skipping Alibaba RSocket Broker Gateway for HTTP
[INFO] This project has been banned from the build due to previous failures.
[INFO] ------------------------------------------------------------------------
[INFO] 
[INFO] ------------------------------------------------------------------------
[INFO] Skipping Alibaba RSocket Broker Gateway for gRPC
[INFO] This project has been banned from the build due to previous failures.
[INFO] ------------------------------------------------------------------------
[INFO] 
[INFO] ------< com.alibaba.broker.example:alibaba-broker-example-parent >------
[INFO] Building Alibaba RSocket Broker Example Parent 1.0.0-SNAPSHOT     [4/16]
[INFO] --------------------------------[ pom ]---------------------------------
[INFO] 
[INFO] ------------< com.alibaba.broker.example:user-service-api >-------------
[INFO] Building user-service-api 1.0.0-SNAPSHOT                          [5/16]
[INFO] --------------------------------[ jar ]---------------------------------
[INFO] 
[INFO] --- protobuf-maven-plugin:0.6.1:compile (default) @ user-service-api ---
[INFO] Compiling 1 proto file(s) to /home/target/example/user-service-api/target/generated-sources/protobuf/java
[WARNING] PROTOC: account.proto:9:1: warning: Import google/protobuf/wrappers.proto is unused.
account.proto:8:1: warning: Import google/protobuf/any.proto is unused.

[INFO] 
[INFO] --- maven-resources-plugin:2.6:resources (default-resources) @ user-service-api ---
[INFO] Using 'UTF-8' encoding to copy filtered resources.
[INFO] skip non existing resourceDirectory /home/target/example/user-service-api/src/main/resources
[INFO] Copying 1 resource
[INFO] 
[INFO] --- maven-compiler-plugin:3.8.1:compile (default-compile) @ user-service-api ---
[INFO] Changes detected - recompiling the module!
[INFO] Compiling 9 source files to /home/target/example/user-service-api/target/classes
[INFO] 
[INFO] --- maven-resources-plugin:2.6:testResources (default-testResources) @ user-service-api ---
[INFO] Using 'UTF-8' encoding to copy filtered resources.
[INFO] skip non existing resourceDirectory /home/target/example/user-service-api/src/test/resources
[INFO] 
[INFO] --- maven-compiler-plugin:3.8.1:testCompile (default-testCompile) @ user-service-api ---
[INFO] No sources to compile
[INFO] 
[INFO] --- maven-surefire-plugin:2.22.2:test (default-test) @ user-service-api ---
[INFO] No tests to run.
[INFO] 
[INFO] ------------------------------------------------------------------------
[INFO] Skipping user-service-spring-boot-starter
[INFO] This project has been banned from the build due to previous failures.
[INFO] ------------------------------------------------------------------------
[INFO] 
[INFO] ------------------------------------------------------------------------
[INFO] Skipping rsocket-requester
[INFO] This project has been banned from the build due to previous failures.
[INFO] ------------------------------------------------------------------------
[INFO] 
[INFO] ------------------------------------------------------------------------
[INFO] Skipping RSocket Responder
[INFO] This project has been banned from the build due to previous failures.
[INFO] ------------------------------------------------------------------------
[INFO] 
[INFO] ------------------------------------------------------------------------
[INFO] Skipping rsocket-cloud-function
[INFO] This project has been banned from the build due to previous failures.
[INFO] ------------------------------------------------------------------------
[INFO] ------------------------------------------------------------------------
[INFO] Reactor Summary:
[INFO] 
[INFO] Alibaba RSocket Broker Parent 1.1.2-SNAPSHOT ....... SUCCESS [  01:03 h]
[INFO] alibaba-rsocket-service-common 1.1.2-SNAPSHOT ...... SUCCESS [  02:31 h]
[INFO] Alibaba RSocket Core 1.1.2-SNAPSHOT ................ FAILURE [2 d 01:35 h]
[INFO] Alibaba RSocket Spring Boot Starter 1.1.2-SNAPSHOT . SKIPPED
[INFO] Alibaba RSocket Broker Spring Boot Starter 1.1.2-SNAPSHOT SKIPPED
[INFO] Alibaba RSocket Broker Server 1.1.2-SNAPSHOT ....... SKIPPED
[INFO] Alibaba RSocket Broker for Spring Cloud Registry 1.1.2-SNAPSHOT SKIPPED
[INFO] Alibaba RSocket Broker for Spring Cloud Config 1.1.2-SNAPSHOT SKIPPED
[INFO] Alibaba RSocket Broker Gateway for HTTP 1.1.2-SNAPSHOT SKIPPED
[INFO] Alibaba RSocket Broker Gateway for gRPC 1.1.2-SNAPSHOT SKIPPED
[INFO] Alibaba RSocket Broker Example Parent 1.0.0-SNAPSHOT SUCCESS [  1.490 s]
[INFO] user-service-api 1.0.0-SNAPSHOT .................... SUCCESS [  06:13 h]
[INFO] user-service-spring-boot-starter 1.0.0-SNAPSHOT .... SKIPPED
[INFO] rsocket-requester 1.0.0-SNAPSHOT ................... SKIPPED
[INFO] RSocket Responder 1.0.0-SNAPSHOT ................... SKIPPED
[INFO] rsocket-cloud-function 1.0.0-SNAPSHOT .............. SKIPPED
[INFO] ------------------------------------------------------------------------
[INFO] BUILD FAILURE
[INFO] ------------------------------------------------------------------------
[INFO] Total time:  3 d 03:26 h
[INFO] Finished at: 2021-11-11T07:00:03Z
[INFO] ------------------------------------------------------------------------
[ERROR] Failed to execute goal org.apache.maven.plugins:maven-surefire-plugin:2.22.2:test (default-test) on project alibaba-rsocket-core: There are test failures.
[ERROR] 
[ERROR] Please refer to /home/target/alibaba-rsocket-core/target/surefire-reports for the individual test results.
[ERROR] Please refer to dump files (if any exist) [date].dump, [date]-jvmRun[N].dump and [date].dumpstream.
[ERROR] -> [Help 1]
[ERROR] 
[ERROR] To see the full stack trace of the errors, re-run Maven with the -e switch.
[ERROR] Re-run Maven using the -X switch to enable full debug logging.
[ERROR] 
[ERROR] For more information about the errors and possible solutions, please read the following articles:
[ERROR] [Help 1] http://cwiki.apache.org/confluence/display/MAVEN/MojoFailureException
[ERROR] 
[ERROR] After correcting the problems, you can resume the build with the command
[ERROR]   mvn <args> -rf :alibaba-rsocket-core
{'error': True, 'log_file': 'output-2021-11-08T01:25:30-2159.log', 'message': '', 'start_time': '2021-11-08T01:25:30', 'end_time': '2021-11-08T01:25:58', 'command': ['mvn', '-fae', 'test'], 'faketime_str': '+0 x10000.0', 'timezone': datetime.timezone(datetime.timedelta(0), 'UTC')}
