[INFO] Scanning for projects...
[INFO] 
[INFO] -------------< cn.edu.hfut.dmic.webcollector:WebCollector >-------------
[INFO] Building WebCollector 2.73-alpha
[INFO] --------------------------------[ jar ]---------------------------------
[INFO] 
[INFO] --- maven-resources-plugin:2.6:resources (default-resources) @ WebCollector ---
[INFO] Using 'UTF-8' encoding to copy filtered resources.
[INFO] Copying 1 resource
[INFO] 
[INFO] --- maven-compiler-plugin:3.1:compile (default-compile) @ WebCollector ---
[INFO] Changes detected - recompiling the module!
[INFO] Compiling 87 source files to /home/target/target/classes
[WARNING] /home/target/src/main/java/cn/edu/hfut/dmic/webcollector/fetcher/Fetcher.java: /home/target/src/main/java/cn/edu/hfut/dmic/webcollector/fetcher/Fetcher.java uses or overrides a deprecated API.
[WARNING] /home/target/src/main/java/cn/edu/hfut/dmic/webcollector/fetcher/Fetcher.java: Recompile with -Xlint:deprecation for details.
[WARNING] /home/target/src/main/java/cn/edu/hfut/dmic/webcollector/model/Page.java: Some input files use unchecked or unsafe operations.
[WARNING] /home/target/src/main/java/cn/edu/hfut/dmic/webcollector/model/Page.java: Recompile with -Xlint:unchecked for details.
[INFO] 
[INFO] --- maven-resources-plugin:2.6:testResources (default-testResources) @ WebCollector ---
[INFO] Using 'UTF-8' encoding to copy filtered resources.
[INFO] skip non existing resourceDirectory /home/target/src/test/resources
[INFO] 
[INFO] --- maven-compiler-plugin:3.1:testCompile (default-testCompile) @ WebCollector ---
[INFO] Changes detected - recompiling the module!
[INFO] Compiling 7 source files to /home/target/target/test-classes
[INFO] 
[INFO] --- maven-surefire-plugin:2.7.2:test (default-test) @ WebCollector ---
[INFO] Surefire report directory: /home/target/target/surefire-reports

-------------------------------------------------------
 T E S T S
-------------------------------------------------------
Running cn.edu.hfut.dmic.webcollector.util.CrawlDatumsTest
Tests run: 2, Failures: 0, Errors: 0, Skipped: 0, Time elapsed: 0.047 sec
Running cn.edu.hfut.dmic.webcollector.util.DBManagerTest
clear
clear
Tests run: 2, Failures: 0, Errors: 0, Skipped: 0, Time elapsed: 0.396 sec
Running cn.edu.hfut.dmic.webcollector.util.OkHttpRequesterTest
Tests run: 1, Failures: 1, Errors: 0, Skipped: 0, Time elapsed: 1.297 sec <<< FAILURE!
Running cn.edu.hfut.dmic.webcollector.util.MetaTest
Tests run: 1, Failures: 0, Errors: 0, Skipped: 0, Time elapsed: 0.001 sec
Running cn.edu.hfut.dmic.webcollector.util.CrawlDatumTest
Tests run: 1, Failures: 0, Errors: 0, Skipped: 0, Time elapsed: 0.004 sec
Running cn.edu.hfut.dmic.webcollector.util.CharsetDetectorTest
Tests run: 2, Failures: 0, Errors: 0, Skipped: 0, Time elapsed: 0.031 sec

Results :

Failed tests: 
  testHttpCode(cn.edu.hfut.dmic.webcollector.util.OkHttpRequesterTest): expected:<200> but was:<302>

Tests run: 9, Failures: 1, Errors: 0, Skipped: 0

[INFO] ------------------------------------------------------------------------
[INFO] BUILD FAILURE
[INFO] ------------------------------------------------------------------------
[INFO] Total time:  6.636 s
[INFO] Finished at: 2021-10-31T22:03:22Z
[INFO] ------------------------------------------------------------------------
[ERROR] Failed to execute goal org.apache.maven.plugins:maven-surefire-plugin:2.7.2:test (default-test) on project WebCollector: There are test failures.
[ERROR] 
[ERROR] Please refer to /home/target/target/surefire-reports for the individual test results.
[ERROR] -> [Help 1]
[ERROR] 
[ERROR] To see the full stack trace of the errors, re-run Maven with the -e switch.
[ERROR] Re-run Maven using the -X switch to enable full debug logging.
[ERROR] 
[ERROR] For more information about the errors and possible solutions, please read the following articles:
[ERROR] [Help 1] http://cwiki.apache.org/confluence/display/MAVEN/MojoFailureException
{'error': True, 'log_file': 'output-2021-10-31T22:03:13-1297.log', 'message': '', 'start_time': '2021-10-31T22:03:13', 'end_time': '2021-10-31T22:03:22', 'command': ['mvn', '-fae', 'test'], 'faketime_str': '', 'timezone': datetime.timezone(datetime.timedelta(0), 'UTC')}
