[INFO] Scanning for projects...
[INFO] ------------------------------------------------------------------------
[INFO] Reactor Build Order:
[INFO] 
[INFO] biojava                                                            [pom]
[INFO] biojava-core                                                       [jar]
[INFO] biojava-alignment                                                  [jar]
[INFO] biojava-structure                                                  [jar]
[INFO] biojava-structure-gui                                              [jar]
[INFO] biojava-genome                                                     [jar]
[INFO] biojava-modfinder                                                  [jar]
[INFO] biojava-ws                                                         [jar]
[INFO] biojava-protein-disorder                                           [jar]
[INFO] biojava-aa-prop                                                    [jar]
[INFO] biojava-survival                                                   [jar]
[INFO] biojava-ontology                                                   [jar]
[INFO] biojava-protein-comparison-tool                                    [jar]
[INFO] biojava-integrationtest                                            [jar]
[INFO] 
[INFO] ------------------------< org.biojava:biojava >-------------------------
[INFO] Building biojava 6.0.1-SNAPSHOT                                   [1/14]
[INFO] --------------------------------[ pom ]---------------------------------
[INFO] 
[INFO] --- maven-enforcer-plugin:1.2:enforce (enforce-java) @ biojava ---
[INFO] 
[INFO] --- maven-enforcer-plugin:1.2:enforce (enforce-maven) @ biojava ---
[INFO] 
[INFO] ----------------------< org.biojava:biojava-core >----------------------
[INFO] Building biojava-core 6.0.1-SNAPSHOT                              [2/14]
[INFO] --------------------------------[ jar ]---------------------------------
[INFO] 
[INFO] --- maven-enforcer-plugin:1.2:enforce (enforce-java) @ biojava-core ---
[INFO] 
[INFO] --- maven-enforcer-plugin:1.2:enforce (enforce-maven) @ biojava-core ---
[INFO] 
[INFO] --- maven-resources-plugin:3.2.0:resources (default-resources) @ biojava-core ---
[INFO] Using 'UTF-8' encoding to copy filtered resources.
[INFO] Using 'UTF-8' encoding to copy filtered properties files.
[INFO] Copying 24 resources
[INFO] 
[INFO] --- maven-compiler-plugin:3.8.1:compile (default-compile) @ biojava-core ---
[INFO] Nothing to compile - all classes are up to date
[INFO] 
[INFO] --- maven-resources-plugin:3.2.0:testResources (default-testResources) @ biojava-core ---
[INFO] Using 'UTF-8' encoding to copy filtered resources.
[INFO] Using 'UTF-8' encoding to copy filtered properties files.
[INFO] Copying 47 resources
[INFO] 
[INFO] --- maven-compiler-plugin:3.8.1:testCompile (default-testCompile) @ biojava-core ---
[INFO] Nothing to compile - all classes are up to date
[INFO] 
[INFO] --- maven-surefire-plugin:3.0.0-M5:test (default-test) @ biojava-core ---
[INFO] 
[INFO] -------------------------------------------------------
[INFO]  T E S T S
[INFO] -------------------------------------------------------
[INFO] Running org.biojava.nbio.core.search.io.SearchIOTest
[INFO] Tests run: 3, Failures: 0, Errors: 0, Skipped: 0, Time elapsed: 2,114,024.928 s - in org.biojava.nbio.core.search.io.SearchIOTest
[INFO] Running org.biojava.nbio.core.search.io.HspTest
getAlignment
hashCode
equals
[INFO] Tests run: 3, Failures: 0, Errors: 0, Skipped: 0, Time elapsed: -1,697,891.296 s - in org.biojava.nbio.core.search.io.HspTest
[INFO] Running org.biojava.nbio.core.search.io.blast.BlastTabularParserTest
createObjects
getFileExtensions
setFile
[INFO] Tests run: 3, Failures: 0, Errors: 0, Skipped: 0, Time elapsed: 1,958,830.704 s - in org.biojava.nbio.core.search.io.blast.BlastTabularParserTest
[INFO] Running org.biojava.nbio.core.search.io.blast.BlastXMLParserTest
createObjects
getFileExtensions
setFile
[ERROR] Tests run: 6, Failures: 0, Errors: 1, Skipped: 2, Time elapsed: -204,823.296 s <<< FAILURE! - in org.biojava.nbio.core.search.io.blast.BlastXMLParserTest
[ERROR] org.biojava.nbio.core.search.io.blast.BlastXMLParserTest.testCreateObjects  Time elapsed: -294,409.296 s  <<< ERROR!
javax.net.ssl.SSLHandshakeException: PKIX path validation failed: java.security.cert.CertPathValidatorException: validity check failed
	at org.biojava.nbio.core.search.io.blast.BlastXMLParserTest.testCreateObjects(BlastXMLParserTest.java:101)
Caused by: sun.security.validator.ValidatorException: PKIX path validation failed: java.security.cert.CertPathValidatorException: validity check failed
	at org.biojava.nbio.core.search.io.blast.BlastXMLParserTest.testCreateObjects(BlastXMLParserTest.java:101)
Caused by: java.security.cert.CertPathValidatorException: validity check failed
	at org.biojava.nbio.core.search.io.blast.BlastXMLParserTest.testCreateObjects(BlastXMLParserTest.java:101)
Caused by: java.security.cert.CertificateExpiredException: NotAfter: Wed Aug 10 23:59:59 UTC 2022
	at org.biojava.nbio.core.search.io.blast.BlastXMLParserTest.testCreateObjects(BlastXMLParserTest.java:101)

[INFO] Running org.biojava.nbio.core.alignment.SimpleProfileTest
[WARNING] Tests run: 54, Failures: 0, Errors: 0, Skipped: 1, Time elapsed: -1,281,837.296 s - in org.biojava.nbio.core.alignment.SimpleProfileTest
[INFO] Running org.biojava.nbio.core.alignment.SimpleAlignedSequenceTest
[WARNING] Tests run: 35, Failures: 0, Errors: 0, Skipped: 1, Time elapsed: 1,743,190 s - in org.biojava.nbio.core.alignment.SimpleAlignedSequenceTest
[INFO] Running org.biojava.nbio.core.alignment.matrices.SubstitutionMatrixHelperTest
[INFO] Tests run: 23, Failures: 0, Errors: 0, Skipped: 0, Time elapsed: -975,187.296 s - in org.biojava.nbio.core.alignment.matrices.SubstitutionMatrixHelperTest
[INFO] Running org.biojava.nbio.core.alignment.matrices.DefaultAAIndexProviderTest
[INFO] Tests run: 2, Failures: 0, Errors: 0, Skipped: 0, Time elapsed: -1,559,837.296 s - in org.biojava.nbio.core.alignment.matrices.DefaultAAIndexProviderTest
[INFO] Running org.biojava.nbio.core.alignment.matrices.SubstitutionMatrixTest
[INFO] Tests run: 5, Failures: 0, Errors: 0, Skipped: 0, Time elapsed: 2,145,446 s - in org.biojava.nbio.core.alignment.matrices.SubstitutionMatrixTest
[INFO] Running org.biojava.nbio.core.alignment.matrices.AAindexFactoryTest
[INFO] Tests run: 2, Failures: 0, Errors: 0, Skipped: 0, Time elapsed: -1,242,927.296 s - in org.biojava.nbio.core.alignment.matrices.AAindexFactoryTest
[INFO] Running org.biojava.nbio.core.alignment.SimpleSequencePairTest
[INFO] Tests run: 35, Failures: 0, Errors: 0, Skipped: 0, Time elapsed: -2,005,957.296 s - in org.biojava.nbio.core.alignment.SimpleSequencePairTest
[INFO] Running org.biojava.nbio.core.fasta.TestFASTAReader
[INFO] Tests run: 6, Failures: 0, Errors: 0, Skipped: 0, Time elapsed: 1,965,108 s - in org.biojava.nbio.core.fasta.TestFASTAReader
[INFO] Running org.biojava.nbio.core.util.TestUncompressInputStream
[INFO] Tests run: 1, Failures: 0, Errors: 0, Skipped: 0, Time elapsed: -2,055,995.296 s - in org.biojava.nbio.core.util.TestUncompressInputStream
[INFO] Running org.biojava.nbio.core.util.XMLHelperTest
[INFO] Running org.biojava.nbio.core.util.XMLHelperTest$SelectElements
[INFO] Tests run: 10, Failures: 0, Errors: 0, Skipped: 0, Time elapsed: 149,324 s - in org.biojava.nbio.core.util.XMLHelperTest$SelectElements
[INFO] Running org.biojava.nbio.core.util.XMLHelperTest$SelectSingleElement
[INFO] Tests run: 2, Failures: 0, Errors: 0, Skipped: 0, Time elapsed: 38,788 s - in org.biojava.nbio.core.util.XMLHelperTest$SelectSingleElement
[INFO] Tests run: 0, Failures: 0, Errors: 0, Skipped: 0, Time elapsed: -1,560,141.296 s - in org.biojava.nbio.core.util.XMLHelperTest
[INFO] Running org.biojava.nbio.core.util.CRC64ChecksumTest
[INFO] Tests run: 17, Failures: 0, Errors: 0, Skipped: 0, Time elapsed: 586,634 s - in org.biojava.nbio.core.util.CRC64ChecksumTest
[INFO] Running org.biojava.nbio.core.util.FlatFileCacheTest
[INFO] Tests run: 4, Failures: 0, Errors: 0, Skipped: 0, Time elapsed: 2,064,592 s - in org.biojava.nbio.core.util.FlatFileCacheTest
[INFO] Running org.biojava.nbio.core.util.StringManipulationHelperTest
[INFO] Running org.biojava.nbio.core.util.StringManipulationHelperTest$EqualsToXml
[INFO] Tests run: 1, Failures: 0, Errors: 0, Skipped: 0, Time elapsed: 1,860,200 s - in org.biojava.nbio.core.util.StringManipulationHelperTest$EqualsToXml
[INFO] Running org.biojava.nbio.core.util.StringManipulationHelperTest$JoinString
[INFO] Tests run: 2, Failures: 0, Errors: 0, Skipped: 0, Time elapsed: 18,582 s - in org.biojava.nbio.core.util.StringManipulationHelperTest$JoinString
[INFO] Running org.biojava.nbio.core.util.StringManipulationHelperTest$equalsToIgnoreEndline
[INFO] Tests run: 6, Failures: 0, Errors: 0, Skipped: 0, Time elapsed: 133,086 s - in org.biojava.nbio.core.util.StringManipulationHelperTest$equalsToIgnoreEndline
[INFO] Running org.biojava.nbio.core.util.StringManipulationHelperTest$InputStreamToString
[INFO] Tests run: 6, Failures: 0, Errors: 0, Skipped: 0, Time elapsed: 561,326 s - in org.biojava.nbio.core.util.StringManipulationHelperTest$InputStreamToString
[INFO] Running org.biojava.nbio.core.util.StringManipulationHelperTest$PaddingTest
[INFO] Tests run: 5, Failures: 0, Errors: 0, Skipped: 0, Time elapsed: 129,068 s - in org.biojava.nbio.core.util.StringManipulationHelperTest$PaddingTest
[INFO] Tests run: 0, Failures: 0, Errors: 0, Skipped: 0, Time elapsed: -1,478,891.296 s - in org.biojava.nbio.core.util.StringManipulationHelperTest
[INFO] Running org.biojava.nbio.core.util.EqualsTest
[INFO] Running org.biojava.nbio.core.util.EqualsTest$ClassEquals
[INFO] Tests run: 5, Failures: 0, Errors: 0, Skipped: 0, Time elapsed: 51,954 s - in org.biojava.nbio.core.util.EqualsTest$ClassEquals
[INFO] Running org.biojava.nbio.core.util.EqualsTest$ObjectEquals
[INFO] Tests run: 4, Failures: 0, Errors: 0, Skipped: 0, Time elapsed: 95,720 s - in org.biojava.nbio.core.util.EqualsTest$ObjectEquals
[INFO] Tests run: 0, Failures: 0, Errors: 0, Skipped: 0, Time elapsed: 646,628 s - in org.biojava.nbio.core.util.EqualsTest
[INFO] Running org.biojava.nbio.core.util.SoftHashMapTest
[WARNING] Tests run: 3, Failures: 0, Errors: 0, Skipped: 1, Time elapsed: 1,676,078 s - in org.biojava.nbio.core.util.SoftHashMapTest
[INFO] Running org.biojava.nbio.core.util.HashcoderTest
[INFO] Tests run: 21, Failures: 0, Errors: 0, Skipped: 0, Time elapsed: 678,524 s - in org.biojava.nbio.core.util.HashcoderTest
[INFO] Running org.biojava.nbio.core.util.PrettyXMLWriterTest
<to>
  <a>22</a>
  <b>43.22</b>
  <text>some text</text>
  <dt tz="UTC">2021-08-15</dt>
</to>

[INFO] Tests run: 3, Failures: 0, Errors: 0, Skipped: 0, Time elapsed: 1,982,080 s - in org.biojava.nbio.core.util.PrettyXMLWriterTest
[INFO] Running org.biojava.nbio.core.util.SequenceToolsTest
[INFO] Running org.biojava.nbio.core.util.SequenceToolsTest$SequenceFromString
[INFO] Tests run: 7, Failures: 0, Errors: 0, Skipped: 0, Time elapsed: -2,140,689.296 s - in org.biojava.nbio.core.util.SequenceToolsTest$SequenceFromString
[INFO] Running org.biojava.nbio.core.util.SequenceToolsTest$PercentNucleotideContent
[INFO] Tests run: 6, Failures: 0, Errors: 0, Skipped: 0, Time elapsed: 529,508 s - in org.biojava.nbio.core.util.SequenceToolsTest$PercentNucleotideContent
[INFO] Running org.biojava.nbio.core.util.SequenceToolsTest$PermuteCyclic
6648978000
1128942000
[ERROR] Tests run: 9, Failures: 1, Errors: 0, Skipped: 1, Time elapsed: -245,650.592 s <<< FAILURE! - in org.biojava.nbio.core.util.SequenceToolsTest$PermuteCyclic
[ERROR] org.biojava.nbio.core.util.SequenceToolsTest$PermuteCyclic.permuteCyclicPerformance  Time elapsed: -522,224.592 s  <<< FAILURE!
org.opentest4j.AssertionFailedError: expected: <true> but was: <false>
	at org.biojava.nbio.core.util.SequenceToolsTest$PermuteCyclic.permuteCyclicPerformance(SequenceToolsTest.java:77)

[INFO] Tests run: 0, Failures: 0, Errors: 0, Skipped: 0, Time elapsed: -1,791,405.888 s - in org.biojava.nbio.core.util.SequenceToolsTest
[INFO] Running org.biojava.nbio.core.util.SingleLinkageClustererTest
[INFO] Tests run: 3, Failures: 0, Errors: 0, Skipped: 0, Time elapsed: 1,944,536 s - in org.biojava.nbio.core.util.SingleLinkageClustererTest
[INFO] Running org.biojava.nbio.core.util.FileDownloadUtilsTest
[INFO] Running org.biojava.nbio.core.util.FileDownloadUtilsTest$DeleteDirectory
[INFO] Tests run: 1, Failures: 0, Errors: 0, Skipped: 0, Time elapsed: 1,915,772 s - in org.biojava.nbio.core.util.FileDownloadUtilsTest$DeleteDirectory
[INFO] Running org.biojava.nbio.core.util.FileDownloadUtilsTest$URLMethods
[ERROR] Tests run: 2, Failures: 1, Errors: 0, Skipped: 0, Time elapsed: 1,955,218.336 s <<< FAILURE! - in org.biojava.nbio.core.util.FileDownloadUtilsTest$URLMethods
[ERROR] org.biojava.nbio.core.util.FileDownloadUtilsTest$URLMethods.pingGoogleOK  Time elapsed: 877,998 s  <<< FAILURE!
org.opentest4j.AssertionFailedError: expected: <true> but was: <false>
	at org.biojava.nbio.core.util.FileDownloadUtilsTest$URLMethods.pingGoogleOK(FileDownloadUtilsTest.java:161)

[INFO] Running org.biojava.nbio.core.util.FileDownloadUtilsTest$ExpandUserHome
[INFO] Tests run: 3, Failures: 0, Errors: 0, Skipped: 0, Time elapsed: 13,024 s - in org.biojava.nbio.core.util.FileDownloadUtilsTest$ExpandUserHome
[INFO] Running org.biojava.nbio.core.util.FileDownloadUtilsTest$ToUnixPath
[INFO] Tests run: 2, Failures: 0, Errors: 0, Skipped: 0, Time elapsed: 7,304 s - in org.biojava.nbio.core.util.FileDownloadUtilsTest$ToUnixPath
[INFO] Running org.biojava.nbio.core.util.FileDownloadUtilsTest$GetFilePrefix
[INFO] Tests run: 4, Failures: 0, Errors: 0, Skipped: 0, Time elapsed: 79,566 s - in org.biojava.nbio.core.util.FileDownloadUtilsTest$GetFilePrefix
[INFO] Running org.biojava.nbio.core.util.FileDownloadUtilsTest$FileExtension
[INFO] Tests run: 5, Failures: 0, Errors: 0, Skipped: 0, Time elapsed: 200,940 s - in org.biojava.nbio.core.util.FileDownloadUtilsTest$FileExtension
[INFO] Running org.biojava.nbio.core.util.FileDownloadUtilsTest$FileCopy
[INFO] Tests run: 1, Failures: 0, Errors: 0, Skipped: 0, Time elapsed: 5,584 s - in org.biojava.nbio.core.util.FileDownloadUtilsTest$FileCopy
[INFO] Tests run: 0, Failures: 0, Errors: 0, Skipped: 0, Time elapsed: 301,619.04 s - in org.biojava.nbio.core.util.FileDownloadUtilsTest
[INFO] Running org.biojava.nbio.core.sequence.MultipleSequenceAlignmentTest
[INFO] Tests run: 1, Failures: 0, Errors: 0, Skipped: 0, Time elapsed: 1,894,778 s - in org.biojava.nbio.core.sequence.MultipleSequenceAlignmentTest
[INFO] Running org.biojava.nbio.core.sequence.TranslationTest
[INFO] Tests run: 12, Failures: 0, Errors: 0, Skipped: 0, Time elapsed: -1,520,101.296 s - in org.biojava.nbio.core.sequence.TranslationTest
[INFO] Running org.biojava.nbio.core.sequence.loader.GenbankProxySequenceReaderTest
16:56:36 [main] ERROR org.biojava.nbio.core.sequence.ProteinSequence - Caught IOException when getting DNA sequence for id CP001663.1. Error: PKIX path validation failed: java.security.cert.CertPathValidatorException: validity check failed
02:37:46 [main] ERROR org.biojava.nbio.core.sequence.ProteinSequence - Caught IOException when getting DNA sequence for id CP001663.1. Error: PKIX path validation failed: java.security.cert.CertPathValidatorException: validity check failed
11:51:24 [main] ERROR org.biojava.nbio.core.sequence.ProteinSequence - Caught IOException when getting DNA sequence for id NC_000932.1. Error: PKIX path validation failed: java.security.cert.CertPathValidatorException: validity check failed
14:33:30 [main] ERROR org.biojava.nbio.core.sequence.ProteinSequence - Caught IOException when getting DNA sequence for id NC_000932.1. Error: PKIX path validation failed: java.security.cert.CertPathValidatorException: validity check failed
18:10:14 [main] ERROR org.biojava.nbio.core.sequence.ProteinSequence - Caught IOException when getting DNA sequence for id NC_000932.1. Error: PKIX path validation failed: java.security.cert.CertPathValidatorException: validity check failed
19:09:50 [main] ERROR org.biojava.nbio.core.sequence.ProteinSequence - Caught IOException when getting DNA sequence for id NC_000932.1. Error: PKIX path validation failed: java.security.cert.CertPathValidatorException: validity check failed
05:33:52 [main] ERROR org.biojava.nbio.core.sequence.ProteinSequence - Caught IOException when getting DNA sequence for id NC_000932.1. Error: PKIX path validation failed: java.security.cert.CertPathValidatorException: validity check failed
15:21:28 [main] ERROR org.biojava.nbio.core.sequence.ProteinSequence - Caught IOException when getting DNA sequence for id NC_000932.1. Error: PKIX path validation failed: java.security.cert.CertPathValidatorException: validity check failed
14:50:00 [main] ERROR org.biojava.nbio.core.sequence.ProteinSequence - Caught IOException when getting DNA sequence for id NC_016912.1. Error: PKIX path validation failed: java.security.cert.CertPathValidatorException: validity check failed
17:19:00 [main] ERROR org.biojava.nbio.core.sequence.ProteinSequence - Caught IOException when getting DNA sequence for id NC_016912.1. Error: PKIX path validation failed: java.security.cert.CertPathValidatorException: validity check failed
08:40:42 [main] ERROR org.biojava.nbio.core.sequence.ProteinSequence - Caught IOException when getting DNA sequence for id NC_009648.1. Error: PKIX path validation failed: java.security.cert.CertPathValidatorException: validity check failed
07:18:44 [main] ERROR org.biojava.nbio.core.sequence.ProteinSequence - Caught IOException when getting DNA sequence for id NC_009648.1. Error: PKIX path validation failed: java.security.cert.CertPathValidatorException: validity check failed
[ERROR] Tests run: 16, Failures: 1, Errors: 6, Skipped: 0, Time elapsed: -630,854.848 s <<< FAILURE! - in org.biojava.nbio.core.sequence.loader.GenbankProxySequenceReaderTest
[ERROR] GenbankProxySequenceReaderTest.testProteinSequenceFactoring  Time elapsed: 1,064,572.704 s  <<< ERROR!
java.lang.NullPointerException

[ERROR] GenbankProxySequenceReaderTest.testFeatures  Time elapsed: 386,038 s  <<< ERROR!
java.lang.NullPointerException

[ERROR] GenbankProxySequenceReaderTest.testProteinSequenceFactoring  Time elapsed: 1,174,186 s  <<< FAILURE!
java.lang.AssertionError

[ERROR] GenbankProxySequenceReaderTest.testProteinSequenceFactoring  Time elapsed: 351,090 s  <<< ERROR!
java.lang.NullPointerException

[ERROR] GenbankProxySequenceReaderTest.testFeatures  Time elapsed: 351,422 s  <<< ERROR!
java.lang.NullPointerException

[ERROR] GenbankProxySequenceReaderTest.testProteinSequenceFactoring  Time elapsed: 335,210 s  <<< ERROR!
java.lang.NullPointerException

[ERROR] GenbankProxySequenceReaderTest.testFeatures  Time elapsed: 339,588 s  <<< ERROR!
java.lang.NullPointerException

[INFO] Running org.biojava.nbio.core.sequence.loader.SimpleGenbankProxySequenceReaderTest
[INFO] Tests run: 1, Failures: 0, Errors: 0, Skipped: 0, Time elapsed: -1,320,279.296 s - in org.biojava.nbio.core.sequence.loader.SimpleGenbankProxySequenceReaderTest
[INFO] Running org.biojava.nbio.core.sequence.location.InsdcParserTest
[INFO] Tests run: 2, Failures: 0, Errors: 0, Skipped: 0, Time elapsed: 1,567,550 s - in org.biojava.nbio.core.sequence.location.InsdcParserTest
[INFO] Running org.biojava.nbio.core.sequence.location.LocationTest
[INFO] Tests run: 7, Failures: 0, Errors: 0, Skipped: 0, Time elapsed: 1,786,784 s - in org.biojava.nbio.core.sequence.location.LocationTest
[INFO] Running org.biojava.nbio.core.sequence.location.LocationParserTest
[WARNING] Tests run: 2, Failures: 0, Errors: 0, Skipped: 2, Time elapsed: 38,422 s - in org.biojava.nbio.core.sequence.location.LocationParserTest
[INFO] Running org.biojava.nbio.core.sequence.location.TargetedLocationParserTest
[INFO] Tests run: 4, Failures: 0, Errors: 0, Skipped: 0, Time elapsed: 154,678 s - in org.biojava.nbio.core.sequence.location.TargetedLocationParserTest
[INFO] Running org.biojava.nbio.core.sequence.SequenceViewTest
[INFO] Tests run: 3, Failures: 0, Errors: 0, Skipped: 0, Time elapsed: 1,872,770 s - in org.biojava.nbio.core.sequence.SequenceViewTest
[INFO] Running org.biojava.nbio.core.sequence.JoiningSequenceReaderTest
[INFO] Tests run: 2, Failures: 0, Errors: 0, Skipped: 0, Time elapsed: 1,577,768 s - in org.biojava.nbio.core.sequence.JoiningSequenceReaderTest
[INFO] Running org.biojava.nbio.core.sequence.DNATest
[INFO] Tests run: 20, Failures: 0, Errors: 0, Skipped: 0, Time elapsed: 1,826,134 s - in org.biojava.nbio.core.sequence.DNATest
[INFO] Running org.biojava.nbio.core.sequence.compound.AmbiguityDNACompoundTest
[INFO] Tests run: 2, Failures: 0, Errors: 0, Skipped: 0, Time elapsed: 1,697,106 s - in org.biojava.nbio.core.sequence.compound.AmbiguityDNACompoundTest
[INFO] Running org.biojava.nbio.core.sequence.EditSequenceTest
[INFO] Tests run: 4, Failures: 0, Errors: 0, Skipped: 0, Time elapsed: 1,771,126 s - in org.biojava.nbio.core.sequence.EditSequenceTest
[INFO] Running org.biojava.nbio.core.sequence.TestSequenceEquals
[INFO] Tests run: 1, Failures: 0, Errors: 0, Skipped: 0, Time elapsed: 1,445,740 s - in org.biojava.nbio.core.sequence.TestSequenceEquals
[INFO] Running org.biojava.nbio.core.sequence.views.WindowViewTests
[INFO] Tests run: 2, Failures: 0, Errors: 0, Skipped: 0, Time elapsed: 1,443,768 s - in org.biojava.nbio.core.sequence.views.WindowViewTests
[INFO] Running org.biojava.nbio.core.sequence.io.ABITracerTest
[INFO] Tests run: 7, Failures: 0, Errors: 0, Skipped: 0, Time elapsed: -923,465.296 s - in org.biojava.nbio.core.sequence.io.ABITracerTest
[INFO] Running org.biojava.nbio.core.sequence.io.FastaWriterTest
[INFO] Tests run: 2, Failures: 0, Errors: 0, Skipped: 0, Time elapsed: 1,753,500 s - in org.biojava.nbio.core.sequence.io.FastaWriterTest
[INFO] Running org.biojava.nbio.core.sequence.io.FastaReaderTest
[INFO] Tests run: 4, Failures: 0, Errors: 0, Skipped: 0, Time elapsed: 1,800,950 s - in org.biojava.nbio.core.sequence.io.FastaReaderTest
[INFO] Running org.biojava.nbio.core.sequence.io.embl.EmblReaderTest
[INFO] Tests run: 3, Failures: 0, Errors: 0, Skipped: 0, Time elapsed: 189,868 s - in org.biojava.nbio.core.sequence.io.embl.EmblReaderTest
[INFO] Running org.biojava.nbio.core.sequence.io.GenbankCookbookTest
05:39:30 [main] ERROR org.biojava.nbio.core.sequence.ProteinSequence - Caught IOException when getting DNA sequence for id NM_000266.4. Error: PKIX path validation failed: java.security.cert.CertPathValidatorException: validity check failed
[ERROR] Tests run: 1, Failures: 0, Errors: 1, Skipped: 0, Time elapsed: 1,255,130.704 s <<< FAILURE! - in org.biojava.nbio.core.sequence.io.GenbankCookbookTest
[ERROR] org.biojava.nbio.core.sequence.io.GenbankCookbookTest.testProcess  Time elapsed: 1,852,812 s  <<< ERROR!
java.lang.NullPointerException
	at org.biojava.nbio.core.sequence.io.GenbankCookbookTest.testProcess(GenbankCookbookTest.java:75)

[INFO] Running org.biojava.nbio.core.sequence.io.GenbankWriterTest
[INFO] Tests run: 1, Failures: 0, Errors: 0, Skipped: 0, Time elapsed: 1,963,464 s - in org.biojava.nbio.core.sequence.io.GenbankWriterTest
[INFO] Running org.biojava.nbio.core.sequence.io.GenbankReaderTest
[INFO] Tests run: 7, Failures: 0, Errors: 0, Skipped: 0, Time elapsed: 1,617,264 s - in org.biojava.nbio.core.sequence.io.GenbankReaderTest
[INFO] Running org.biojava.nbio.core.sequence.io.GenericFastaHeaderParserTest
[INFO] Tests run: 1, Failures: 0, Errors: 0, Skipped: 0, Time elapsed: 1,438,748 s - in org.biojava.nbio.core.sequence.io.GenericFastaHeaderParserTest
[INFO] Running org.biojava.nbio.core.sequence.io.CasePreservingProteinSequenceCreatorTest
[INFO] Tests run: 1, Failures: 0, Errors: 0, Skipped: 0, Time elapsed: 1,635,830 s - in org.biojava.nbio.core.sequence.io.CasePreservingProteinSequenceCreatorTest
[INFO] Running org.biojava.nbio.core.TestAmbiguityCompoundSet
[INFO] Tests run: 1, Failures: 0, Errors: 0, Skipped: 0, Time elapsed: 1,715,176 s - in org.biojava.nbio.core.TestAmbiguityCompoundSet
[INFO] 
[INFO] Results:
[INFO] 
[ERROR] Failures: 
[ERROR]   FileDownloadUtilsTest$URLMethods.pingGoogleOK:161 expected: <true> but was: <false>
[ERROR]   SequenceToolsTest$PermuteCyclic.permuteCyclicPerformance:77 expected: <true> but was: <false>
[ERROR] Errors: 
[ERROR] GenbankProxySequenceReaderTest.testFeatures
[ERROR]   Run 1: null
[INFO]   Run 2: PASS
[ERROR]   Run 3: null
[INFO]   Run 4: PASS
[INFO]   Run 5: PASS
[ERROR]   Run 6: null
[INFO]   Run 7: PASS
[INFO]   Run 8: PASS
[INFO] 
[ERROR] GenbankProxySequenceReaderTest.testProteinSequenceFactoring
[ERROR]   Run 1: null
[ERROR]   Run 2: null
[ERROR]   Run 3: null
[INFO]   Run 4: PASS
[INFO]   Run 5: PASS
[ERROR]   Run 6: null
[INFO]   Run 7: PASS
[INFO]   Run 8: PASS
[INFO] 
[ERROR]   BlastXMLParserTest.testCreateObjects:101 » SSLHandshake PKIX path validation f...
[ERROR]   GenbankCookbookTest.testProcess:75 » NullPointer
[INFO] 
[ERROR] Tests run: 403, Failures: 2, Errors: 4, Skipped: 8
[INFO] 
[INFO] 
[INFO] ------------------------------------------------------------------------
[INFO] Skipping biojava-alignment
[INFO] This project has been banned from the build due to previous failures.
[INFO] ------------------------------------------------------------------------
[INFO] 
[INFO] ------------------------------------------------------------------------
[INFO] Skipping biojava-structure
[INFO] This project has been banned from the build due to previous failures.
[INFO] ------------------------------------------------------------------------
[INFO] 
[INFO] ------------------------------------------------------------------------
[INFO] Skipping biojava-structure-gui
[INFO] This project has been banned from the build due to previous failures.
[INFO] ------------------------------------------------------------------------
[INFO] 
[INFO] ------------------------------------------------------------------------
[INFO] Skipping biojava-genome
[INFO] This project has been banned from the build due to previous failures.
[INFO] ------------------------------------------------------------------------
[INFO] 
[INFO] ------------------------------------------------------------------------
[INFO] Skipping biojava-modfinder
[INFO] This project has been banned from the build due to previous failures.
[INFO] ------------------------------------------------------------------------
[INFO] 
[INFO] ------------------------------------------------------------------------
[INFO] Skipping biojava-ws
[INFO] This project has been banned from the build due to previous failures.
[INFO] ------------------------------------------------------------------------
[INFO] 
[INFO] ------------------------------------------------------------------------
[INFO] Skipping biojava-protein-disorder
[INFO] This project has been banned from the build due to previous failures.
[INFO] ------------------------------------------------------------------------
[INFO] 
[INFO] ------------------------------------------------------------------------
[INFO] Skipping biojava-aa-prop
[INFO] This project has been banned from the build due to previous failures.
[INFO] ------------------------------------------------------------------------
[INFO] 
[INFO] --------------------< org.biojava:biojava-survival >--------------------
[INFO] Building biojava-survival 6.0.1-SNAPSHOT                          [3/14]
[INFO] --------------------------------[ jar ]---------------------------------
[INFO] 
[INFO] --- maven-enforcer-plugin:1.2:enforce (enforce-java) @ biojava-survival ---
[INFO] 
[INFO] --- maven-enforcer-plugin:1.2:enforce (enforce-maven) @ biojava-survival ---
[INFO] 
[INFO] --- maven-resources-plugin:3.2.0:resources (default-resources) @ biojava-survival ---
[INFO] Using 'UTF-8' encoding to copy filtered resources.
[INFO] Using 'UTF-8' encoding to copy filtered properties files.
[INFO] Copying 1 resource
[INFO] 
[INFO] --- maven-compiler-plugin:3.8.1:compile (default-compile) @ biojava-survival ---
[INFO] Nothing to compile - all classes are up to date
[INFO] 
[INFO] --- maven-resources-plugin:3.2.0:testResources (default-testResources) @ biojava-survival ---
[INFO] Using 'UTF-8' encoding to copy filtered resources.
[INFO] Using 'UTF-8' encoding to copy filtered properties files.
[INFO] skip non existing resourceDirectory /home/target/biojava-survival/src/test/resources
[INFO] 
[INFO] --- maven-compiler-plugin:3.8.1:testCompile (default-testCompile) @ biojava-survival ---
[INFO] No sources to compile
[INFO] 
[INFO] --- maven-surefire-plugin:3.0.0-M5:test (default-test) @ biojava-survival ---
[INFO] No tests to run.
[INFO] 
[INFO] --------------------< org.biojava:biojava-ontology >--------------------
[INFO] Building biojava-ontology 6.0.1-SNAPSHOT                          [4/14]
[INFO] --------------------------------[ jar ]---------------------------------
[INFO] 
[INFO] --- maven-enforcer-plugin:1.2:enforce (enforce-java) @ biojava-ontology ---
[INFO] 
[INFO] --- maven-enforcer-plugin:1.2:enforce (enforce-maven) @ biojava-ontology ---
[INFO] 
[INFO] --- maven-resources-plugin:3.2.0:resources (default-resources) @ biojava-ontology ---
[INFO] Using 'UTF-8' encoding to copy filtered resources.
[INFO] Using 'UTF-8' encoding to copy filtered properties files.
[INFO] Copying 3 resources
[INFO] 
[INFO] --- maven-compiler-plugin:3.8.1:compile (default-compile) @ biojava-ontology ---
[INFO] Changes detected - recompiling the module!
[INFO] Compiling 36 source files to /home/target/biojava-ontology/target/classes
[INFO] /home/target/biojava-ontology/src/main/java/org/biojava/nbio/ontology/Ontology.java: Some input files use unchecked or unsafe operations.
[INFO] /home/target/biojava-ontology/src/main/java/org/biojava/nbio/ontology/Ontology.java: Recompile with -Xlint:unchecked for details.
[INFO] 
[INFO] --- maven-resources-plugin:3.2.0:testResources (default-testResources) @ biojava-ontology ---
[INFO] Using 'UTF-8' encoding to copy filtered resources.
[INFO] Using 'UTF-8' encoding to copy filtered properties files.
[INFO] Copying 6 resources
[INFO] 
[INFO] --- maven-compiler-plugin:3.8.1:testCompile (default-testCompile) @ biojava-ontology ---
[INFO] Nothing to compile - all classes are up to date
[INFO] 
[INFO] --- maven-surefire-plugin:3.0.0-M5:test (default-test) @ biojava-ontology ---
[INFO] 
[INFO] -------------------------------------------------------
[INFO]  T E S T S
[INFO] -------------------------------------------------------
[INFO] Running org.biojava.nbio.ontology.TestParseOBO
[INFO] Tests run: 2, Failures: 0, Errors: 0, Skipped: 0, Time elapsed: 1,875,568 s - in org.biojava.nbio.ontology.TestParseOBO
[INFO] Running org.biojava.nbio.ontology.TestOboFileParsing
[INFO] Tests run: 2, Failures: 0, Errors: 0, Skipped: 0, Time elapsed: -1,289,029.296 s - in org.biojava.nbio.ontology.TestOboFileParsing
[INFO] Running org.biojava.nbio.ontology.TestParseSBO
[INFO] Tests run: 1, Failures: 0, Errors: 0, Skipped: 0, Time elapsed: -1,905,245.296 s - in org.biojava.nbio.ontology.TestParseSBO
[INFO] 
[INFO] Results:
[INFO] 
[INFO] Tests run: 5, Failures: 0, Errors: 0, Skipped: 0
[INFO] 
[INFO] 
[INFO] ------------------------------------------------------------------------
[INFO] Skipping biojava-protein-comparison-tool
[INFO] This project has been banned from the build due to previous failures.
[INFO] ------------------------------------------------------------------------
[INFO] 
[INFO] ------------------------------------------------------------------------
[INFO] Skipping biojava-integrationtest
[INFO] This project has been banned from the build due to previous failures.
[INFO] ------------------------------------------------------------------------
[INFO] ------------------------------------------------------------------------
[INFO] Reactor Summary for biojava 6.0.1-SNAPSHOT:
[INFO] 
[INFO] biojava ............................................ SUCCESS [6 d 14:24 h]
[INFO] biojava-core ....................................... FAILURE [4089 d 03:14 h]
[INFO] biojava-alignment .................................. SKIPPED
[INFO] biojava-structure .................................. SKIPPED
[INFO] biojava-structure-gui .............................. SKIPPED
[INFO] biojava-genome ..................................... SKIPPED
[INFO] biojava-modfinder .................................. SKIPPED
[INFO] biojava-ws ......................................... SKIPPED
[INFO] biojava-protein-disorder ........................... SKIPPED
[INFO] biojava-aa-prop .................................... SKIPPED
[INFO] biojava-survival ................................... SUCCESS [  15:42 h]
[INFO] biojava-ontology ................................... SUCCESS [138 d 02:57 h]
[INFO] biojava-protein-comparison-tool .................... SKIPPED
[INFO] biojava-integrationtest ............................ SKIPPED
[INFO] ------------------------------------------------------------------------
[INFO] BUILD FAILURE
[INFO] ------------------------------------------------------------------------
[INFO] Total time:  4244 d 15:38 h
[INFO] Finished at: 2033-07-17T19:19:26Z
[INFO] ------------------------------------------------------------------------
[ERROR] Failed to execute goal org.apache.maven.plugins:maven-surefire-plugin:3.0.0-M5:test (default-test) on project biojava-core: There are test failures.
[ERROR] 
[ERROR] Please refer to /home/target/biojava-core/target/surefire-reports for the individual test results.
[ERROR] Please refer to dump files (if any exist) [date].dump, [date]-jvmRun[N].dump and [date].dumpstream.
[ERROR] -> [Help 1]
[ERROR] 
[ERROR] To see the full stack trace of the errors, re-run Maven with the -e switch.
[ERROR] Re-run Maven using the -X switch to enable full debug logging.
[ERROR] 
[ERROR] For more information about the errors and possible solutions, please read the following articles:
[ERROR] [Help 1] http://cwiki.apache.org/confluence/display/MAVEN/MojoFailureException
[ERROR] 
[ERROR] After correcting the problems, you can resume the build with the command
[ERROR]   mvn <args> -rf :biojava-core
{'error': True, 'log_file': 'output-2021-11-08T22:44:24-5897.log', 'message': '', 'start_time': '2021-11-08T22:44:24', 'end_time': '2021-11-08T22:45:53', 'command': ['mvn', '-fae', 'test'], 'faketime_str': '+0 i2.0', 'timezone': datetime.timezone(datetime.timedelta(0), 'UTC')}
