[INFO] Scanning for projects...
[INFO] 
[INFO] -------------------< nl.hsac:hsac-fitnesse-fixtures >-------------------
[INFO] Building HSAC's FitNesse Fixtures 4.30-SNAPSHOT
[INFO] --------------------------------[ jar ]---------------------------------
[INFO] 
[INFO] --- webdriverextensions-maven-plugin:3.1.2:install-drivers (default) @ hsac-fitnesse-fixtures ---
[INFO] Installation directory "/home/target/wiki/webdrivers"
[INFO] Installing drivers from configuration
[INFO] internetexplorerdriver-windows-32bit version 3.150.1
[INFO]   Already installed
[INFO] edgedriver-windows-64bit version 95.0.1020.30
[INFO]   Already installed
[INFO] chromedriver-windows-32bit version 95.0.4638.17
[INFO]   Already installed
[INFO] chromedriver-mac-64bit version 95.0.4638.17
[INFO]   Already installed
[INFO] chromedriver-linux-64bit version 95.0.4638.17
[INFO]   Already installed
[INFO] geckodriver-windows-64bit version 0.30.0
[INFO]   Already installed
[INFO] geckodriver-mac-64bit version 0.30.0
[INFO]   Already installed
[INFO] 
[INFO] --- maven-dependency-plugin:3.1.1:copy (copy-fitnesse-standalone) @ hsac-fitnesse-fixtures ---
[INFO] Configured Artifact: org.fitnesse:fitnesse:standalone:?:jar
[INFO] Copying fitnesse-20211006-standalone.jar to /home/target/wiki/fitnesse-standalone.jar
[INFO] 
[INFO] --- maven-dependency-plugin:3.1.1:copy (copy-plugins) @ hsac-fitnesse-fixtures ---
[INFO] Configured Artifact: nl.hsac:hsac-fitnesse-plugin:1.31.0:jar
[INFO] Configured Artifact: nl.praegus:toolchain-fitnesse-plugin:jar-with-dependencies:2.0.14:jar
[INFO] Copying hsac-fitnesse-plugin-1.31.0.jar to /home/target/wiki/plugins/hsac-fitnesse-plugin-1.31.0.jar
[INFO] Copying toolchain-fitnesse-plugin-2.0.14-jar-with-dependencies.jar to /home/target/wiki/plugins/toolchain-fitnesse-plugin-2.0.14-jar-with-dependencies.jar
[INFO] 
[INFO] >>> maven-javadoc-plugin:3.1.1:javadoc (default) > generate-sources @ hsac-fitnesse-fixtures >>>
[INFO] 
[INFO] --- webdriverextensions-maven-plugin:3.1.2:install-drivers (default) @ hsac-fitnesse-fixtures ---
[INFO] Installation directory "/home/target/wiki/webdrivers"
[INFO] Installing drivers from configuration
[INFO] internetexplorerdriver-windows-32bit version 3.150.1
[INFO]   Already installed
[INFO] edgedriver-windows-64bit version 95.0.1020.30
[INFO]   Already installed
[INFO] chromedriver-windows-32bit version 95.0.4638.17
[INFO]   Already installed
[INFO] chromedriver-mac-64bit version 95.0.4638.17
[INFO]   Already installed
[INFO] chromedriver-linux-64bit version 95.0.4638.17
[INFO]   Already installed
[INFO] geckodriver-windows-64bit version 0.30.0
[INFO]   Already installed
[INFO] geckodriver-mac-64bit version 0.30.0
[INFO]   Already installed
[INFO] 
[INFO] <<< maven-javadoc-plugin:3.1.1:javadoc (default) < generate-sources @ hsac-fitnesse-fixtures <<<
[INFO] 
[INFO] 
[INFO] --- maven-javadoc-plugin:3.1.1:javadoc (default) @ hsac-fitnesse-fixtures ---
[INFO] 
Loading source files for package nl.hsac.fitnesse.fixture.slim...
Loading source files for package nl.hsac.fitnesse.fixture.slim.web...
Loading source files for package nl.hsac.fitnesse.fixture.leanapps...
Loading source files for package nl.hsac.fitnesse.fixture.fit...
Constructing Javadoc information...
[INFO] 
[INFO] --- maven-resources-plugin:3.1.0:resources (default-resources) @ hsac-fitnesse-fixtures ---
[INFO] Using 'UTF-8' encoding to copy filtered resources.
[INFO] Copying 70 resources
[INFO] 
[INFO] --- maven-compiler-plugin:3.6.1:compile (default-compile) @ hsac-fitnesse-fixtures ---
[INFO] Nothing to compile - all classes are up to date
[INFO] 
[INFO] --- maven-resources-plugin:3.1.0:testResources (default-testResources) @ hsac-fitnesse-fixtures ---
[INFO] Using 'UTF-8' encoding to copy filtered resources.
[INFO] Copying 64 resources
[INFO] 
[INFO] --- maven-compiler-plugin:3.6.1:testCompile (default-testCompile) @ hsac-fitnesse-fixtures ---
[INFO] Nothing to compile - all classes are up to date
[INFO] 
[INFO] --- maven-surefire-plugin:2.22.1:test (default-test) @ hsac-fitnesse-fixtures ---
[INFO] 
[INFO] -------------------------------------------------------
[INFO]  T E S T S
[INFO] -------------------------------------------------------
[INFO] Running nl.hsac.fitnesse.slim.interaction.FixtureFactoryTest
[INFO] Tests run: 3, Failures: 0, Errors: 0, Skipped: 0, Time elapsed: 138,964.69 s - in nl.hsac.fitnesse.slim.interaction.FixtureFactoryTest
[INFO] Running nl.hsac.fitnesse.slim.converter.NumberedListConverterTest
[INFO] Tests run: 8, Failures: 0, Errors: 0, Skipped: 0, Time elapsed: 29.57 s - in nl.hsac.fitnesse.slim.converter.NumberedListConverterTest
[INFO] Running nl.hsac.fitnesse.junit.selenium.LocalSeleniumDriverFactoryFactoryTest
[INFO] Tests run: 4, Failures: 0, Errors: 0, Skipped: 0, Time elapsed: 29.02 s - in nl.hsac.fitnesse.junit.selenium.LocalSeleniumDriverFactoryFactoryTest
[INFO] Running nl.hsac.fitnesse.junit.selenium.SeleniumGridDriverFactoryFactoryTest
[INFO] Tests run: 3, Failures: 0, Errors: 0, Skipped: 0, Time elapsed: 28.47 s - in nl.hsac.fitnesse.junit.selenium.SeleniumGridDriverFactoryFactoryTest
[INFO] Running nl.hsac.fitnesse.junit.reportmerge.TestReportHtmlTest
[INFO] Tests run: 3, Failures: 0, Errors: 0, Skipped: 0, Time elapsed: 43.97 s - in nl.hsac.fitnesse.junit.reportmerge.TestReportHtmlTest
[INFO] Running nl.hsac.fitnesse.junit.reportmerge.ReportFinderTest
[INFO] Tests run: 1, Failures: 0, Errors: 0, Skipped: 0, Time elapsed: 14,837.43 s - in nl.hsac.fitnesse.junit.reportmerge.ReportFinderTest
[INFO] Running nl.hsac.fitnesse.junit.reportmerge.HtmlReportIndexGeneratorTest
[INFO] Tests run: 3, Failures: 0, Errors: 0, Skipped: 0, Time elapsed: 30,130.43 s - in nl.hsac.fitnesse.junit.reportmerge.HtmlReportIndexGeneratorTest
[INFO] Running nl.hsac.fitnesse.reportgen.GenerateFitSampleReportTest
[WARNING] Tests run: 1, Failures: 0, Errors: 0, Skipped: 1, Time elapsed: 68.7 s - in nl.hsac.fitnesse.reportgen.GenerateFitSampleReportTest
[INFO] Running nl.hsac.fitnesse.reportgen.GenerateHttpSampleReportTest
[WARNING] Tests run: 1, Failures: 0, Errors: 0, Skipped: 1, Time elapsed: 1.43 s - in nl.hsac.fitnesse.reportgen.GenerateHttpSampleReportTest
[INFO] Running nl.hsac.fitnesse.reportgen.GenerateMockXmlServerSampleReportTest
[WARNING] Tests run: 1, Failures: 0, Errors: 0, Skipped: 1, Time elapsed: 34.9 s - in nl.hsac.fitnesse.reportgen.GenerateMockXmlServerSampleReportTest
[INFO] Running nl.hsac.fitnesse.reportgen.GenerateUtilSampleReportTest
[WARNING] Tests run: 1, Failures: 0, Errors: 0, Skipped: 1, Time elapsed: 24.7 s - in nl.hsac.fitnesse.reportgen.GenerateUtilSampleReportTest
[INFO] Running nl.hsac.fitnesse.fixture.slim.HttpTestTest
Nov 08, 2021 11:09:42 AM sun.net.httpserver.ExchangeImpl sendResponseHeaders
WARNING: sendResponseHeaders: being invoked with a content length for a HEAD request
Nov 08, 2021 12:27:40 PM sun.net.httpserver.ExchangeImpl sendResponseHeaders
WARNING: sendResponseHeaders: being invoked with a content length for a HEAD request
Nov 08, 2021 12:32:01 PM sun.net.httpserver.ExchangeImpl sendResponseHeaders
WARNING: sendResponseHeaders: being invoked with a content length for a HEAD request
Nov 08, 2021 12:34:44 PM sun.net.httpserver.ExchangeImpl sendResponseHeaders
WARNING: sendResponseHeaders: being invoked with a content length for a HEAD request
[INFO] Tests run: 29, Failures: 0, Errors: 0, Skipped: 0, Time elapsed: 69,971.93 s - in nl.hsac.fitnesse.fixture.slim.HttpTestTest
[INFO] Running nl.hsac.fitnesse.fixture.slim.SlimFixtureTest
[INFO] Tests run: 1, Failures: 0, Errors: 0, Skipped: 0, Time elapsed: 65.37 s - in nl.hsac.fitnesse.fixture.slim.SlimFixtureTest
[INFO] Running nl.hsac.fitnesse.fixture.slim.SlimFixtureExceptionTest
[INFO] Tests run: 2, Failures: 0, Errors: 0, Skipped: 0, Time elapsed: 19.6 s - in nl.hsac.fitnesse.fixture.slim.SlimFixtureExceptionTest
[INFO] Running nl.hsac.fitnesse.fixture.slim.JsonFixtureTest
[INFO] Tests run: 2, Failures: 0, Errors: 0, Skipped: 0, Time elapsed: 3.24 s - in nl.hsac.fitnesse.fixture.slim.JsonFixtureTest
[INFO] Running nl.hsac.fitnesse.fixture.slim.JsonHttpTestTest
[INFO] Tests run: 10, Failures: 0, Errors: 0, Skipped: 0, Time elapsed: 22.89 s - in nl.hsac.fitnesse.fixture.slim.JsonHttpTestTest
[INFO] Running nl.hsac.fitnesse.fixture.slim.XmlHttpTestTest
[INFO] Tests run: 2, Failures: 0, Errors: 0, Skipped: 0, Time elapsed: 74.29 s - in nl.hsac.fitnesse.fixture.slim.XmlHttpTestTest
[INFO] Running nl.hsac.fitnesse.fixture.slim.MapFixtureTest
[INFO] Tests run: 2, Failures: 0, Errors: 0, Skipped: 0, Time elapsed: 70.92 s - in nl.hsac.fitnesse.fixture.slim.MapFixtureTest
[INFO] Running nl.hsac.fitnesse.fixture.slim.StringFixtureTest
[INFO] Tests run: 12, Failures: 0, Errors: 0, Skipped: 0, Time elapsed: 12.25 s - in nl.hsac.fitnesse.fixture.slim.StringFixtureTest
[INFO] Running nl.hsac.fitnesse.fixture.slim.DateTimeCalculatorFixtureTest
[INFO] Tests run: 2, Failures: 0, Errors: 0, Skipped: 0, Time elapsed: 21.58 s - in nl.hsac.fitnesse.fixture.slim.DateTimeCalculatorFixtureTest
[INFO] Running nl.hsac.fitnesse.fixture.slim.ScriptLanguageFixtureTest
[INFO] Tests run: 19, Failures: 0, Errors: 0, Skipped: 0, Time elapsed: 46,542.49 s - in nl.hsac.fitnesse.fixture.slim.ScriptLanguageFixtureTest
[INFO] Running nl.hsac.fitnesse.fixture.slim.FileFixtureTest
[INFO] Tests run: 10, Failures: 0, Errors: 0, Skipped: 0, Time elapsed: 2,717.08 s - in nl.hsac.fitnesse.fixture.slim.FileFixtureTest
[INFO] Running nl.hsac.fitnesse.fixture.slim.StopTestFixtureTest
[INFO] Tests run: 4, Failures: 0, Errors: 0, Skipped: 0, Time elapsed: 1,579.54 s - in nl.hsac.fitnesse.fixture.slim.StopTestFixtureTest
[INFO] Running nl.hsac.fitnesse.fixture.slim.CompareFixtureTest
[ERROR] Tests run: 7, Failures: 1, Errors: 0, Skipped: 0, Time elapsed: 357.08 s <<< FAILURE! - in nl.hsac.fitnesse.fixture.slim.CompareFixtureTest
[ERROR] testShowDiffWithExplicitWhitespace(nl.hsac.fitnesse.fixture.slim.CompareFixtureTest)  Time elapsed: 12.77 s  <<< FAILURE!
org.junit.ComparisonFailure: 
Different strings expected:<...span>Hello 
</span><[ins class="collapse_rim">&para;<br/></ins><span>sir</span><ins class="collapse_rim">&rarr;</ins><span>
Bye</span><del class="collapse_rim">&#8629;</del><span>
See</span><del class="collapse_rim">&bull;</del><ins class="collapse_rim">]&middot;</ins><span>...> but was:<...span>Hello 
</span><[del class="collapse_rim">sir&para;<br/>Bye&#8629;&para;<br/>See&bull;</del><ins class="collapse_rim">&para;<br/>sir&rarr;&para;<br/>Bye&para;<br/>See]&middot;</ins><span>...>
	at nl.hsac.fitnesse.fixture.slim.CompareFixtureTest.testShowDiffWithExplicitWhitespace(CompareFixtureTest.java:62)

[INFO] Running nl.hsac.fitnesse.fixture.leanapps.ReportXmlFixtureTest
[INFO] Tests run: 2, Failures: 0, Errors: 0, Skipped: 0, Time elapsed: 16,890.42 s - in nl.hsac.fitnesse.fixture.leanapps.ReportXmlFixtureTest
[INFO] Running nl.hsac.fitnesse.fixture.util.ContentTypeTests
[INFO] Tests run: 2, Failures: 0, Errors: 0, Skipped: 0, Time elapsed: 342.36 s - in nl.hsac.fitnesse.fixture.util.ContentTypeTests
[INFO] Running nl.hsac.fitnesse.fixture.util.DatesHelperTest
[INFO] Tests run: 4, Failures: 0, Errors: 0, Skipped: 0, Time elapsed: 476.78 s - in nl.hsac.fitnesse.fixture.util.DatesHelperTest
[INFO] Running nl.hsac.fitnesse.fixture.util.CalendarUtilFailTest
[INFO] Tests run: 4, Failures: 0, Errors: 0, Skipped: 0, Time elapsed: 735.69 s - in nl.hsac.fitnesse.fixture.util.CalendarUtilFailTest
[INFO] Running nl.hsac.fitnesse.fixture.util.HttpResponseTest
[INFO] Tests run: 9, Failures: 0, Errors: 0, Skipped: 0, Time elapsed: 1,608.05 s - in nl.hsac.fitnesse.fixture.util.HttpResponseTest
[INFO] Running nl.hsac.fitnesse.fixture.util.CalendarUtilTest
[INFO] Tests run: 10, Failures: 0, Errors: 0, Skipped: 0, Time elapsed: 804.68 s - in nl.hsac.fitnesse.fixture.util.CalendarUtilTest
[INFO] Running nl.hsac.fitnesse.fixture.util.JsonPathHelperTest
[INFO] Tests run: 7, Failures: 0, Errors: 0, Skipped: 0, Time elapsed: 3,925 s - in nl.hsac.fitnesse.fixture.util.JsonPathHelperTest
[INFO] Running nl.hsac.fitnesse.fixture.util.JsonHelperTest
[INFO] Tests run: 6, Failures: 0, Errors: 0, Skipped: 0, Time elapsed: 6.51 s - in nl.hsac.fitnesse.fixture.util.JsonHelperTest
[INFO] Running nl.hsac.fitnesse.fixture.util.NamespaceContextImplTest
[INFO] Tests run: 6, Failures: 0, Errors: 0, Skipped: 0, Time elapsed: 13.56 s - in nl.hsac.fitnesse.fixture.util.NamespaceContextImplTest
[INFO] Running nl.hsac.fitnesse.fixture.util.XPathHelperTest
[Fatal Error] :1:5: XML document structures must start and end within the same entity.
[INFO] Tests run: 6, Failures: 0, Errors: 0, Skipped: 0, Time elapsed: 8,202.38 s - in nl.hsac.fitnesse.fixture.util.XPathHelperTest
[INFO] Running nl.hsac.fitnesse.fixture.util.ThrowingFunctionTest
[INFO] Tests run: 3, Failures: 0, Errors: 0, Skipped: 0, Time elapsed: 305.07 s - in nl.hsac.fitnesse.fixture.util.ThrowingFunctionTest
[INFO] Running nl.hsac.fitnesse.fixture.util.HttpClientFactoryTest
[INFO] Tests run: 2, Failures: 0, Errors: 0, Skipped: 0, Time elapsed: 88.96 s - in nl.hsac.fitnesse.fixture.util.HttpClientFactoryTest
[INFO] Running nl.hsac.fitnesse.fixture.util.BsnUtilTest
[INFO] Tests run: 2, Failures: 0, Errors: 0, Skipped: 0, Time elapsed: 1,854.65 s - in nl.hsac.fitnesse.fixture.util.BsnUtilTest
[INFO] Running nl.hsac.fitnesse.fixture.util.selenium.PageSourceSaverTest
[INFO] Tests run: 1, Failures: 0, Errors: 0, Skipped: 0, Time elapsed: 3,683.68 s - in nl.hsac.fitnesse.fixture.util.selenium.PageSourceSaverTest
[INFO] Running nl.hsac.fitnesse.fixture.util.selenium.driverfactory.DriverManagerTest
[INFO] Tests run: 2, Failures: 0, Errors: 0, Skipped: 0, Time elapsed: 109,106.04 s - in nl.hsac.fitnesse.fixture.util.selenium.driverfactory.DriverManagerTest
[INFO] Running nl.hsac.fitnesse.fixture.util.selenium.driverfactory.ProjectDriverFactoryFactoryTest
[INFO] Tests run: 1, Failures: 0, Errors: 0, Skipped: 0, Time elapsed: 281.02 s - in nl.hsac.fitnesse.fixture.util.selenium.driverfactory.ProjectDriverFactoryFactoryTest
[INFO] Running nl.hsac.fitnesse.fixture.util.selenium.by.XPathByTest
[INFO] Tests run: 1, Failures: 0, Errors: 0, Skipped: 0, Time elapsed: 261.67 s - in nl.hsac.fitnesse.fixture.util.selenium.by.XPathByTest
[INFO] Running nl.hsac.fitnesse.fixture.util.selenium.SeleniumHelperTest
[INFO] Tests run: 4, Failures: 0, Errors: 0, Skipped: 0, Time elapsed: 1,801.46 s - in nl.hsac.fitnesse.fixture.util.selenium.SeleniumHelperTest
[INFO] Running nl.hsac.fitnesse.fixture.util.ReflectionHelperTest
[INFO] Tests run: 6, Failures: 0, Errors: 0, Skipped: 0, Time elapsed: 1.99 s - in nl.hsac.fitnesse.fixture.util.ReflectionHelperTest
[INFO] Running nl.hsac.fitnesse.fixture.util.ZipHelperTest
[INFO] Tests run: 3, Failures: 0, Errors: 0, Skipped: 0, Time elapsed: 2,047.79 s - in nl.hsac.fitnesse.fixture.util.ZipHelperTest
[INFO] Running nl.hsac.fitnesse.fixture.util.StreamUtilTest
[INFO] Tests run: 3, Failures: 0, Errors: 0, Skipped: 0, Time elapsed: 3,421.61 s - in nl.hsac.fitnesse.fixture.util.StreamUtilTest
[INFO] Running nl.hsac.fitnesse.fixture.util.RandomUtilTest
[INFO] Tests run: 3, Failures: 0, Errors: 0, Skipped: 0, Time elapsed: 4,449.79 s - in nl.hsac.fitnesse.fixture.util.RandomUtilTest
[INFO] Running nl.hsac.fitnesse.fixture.util.LambdaMetaHelperTest
[INFO] Tests run: 3, Failures: 0, Errors: 0, Skipped: 0, Time elapsed: 1.98 s - in nl.hsac.fitnesse.fixture.util.LambdaMetaHelperTest
[INFO] Running nl.hsac.fitnesse.fixture.util.SecretMaskerTest
[INFO] Tests run: 6, Failures: 0, Errors: 0, Skipped: 0, Time elapsed: 37.02 s - in nl.hsac.fitnesse.fixture.util.SecretMaskerTest
[INFO] Running nl.hsac.fitnesse.fixture.util.XMLFormatterTest
[INFO] Tests run: 3, Failures: 0, Errors: 0, Skipped: 0, Time elapsed: 839.24 s - in nl.hsac.fitnesse.fixture.util.XMLFormatterTest
[INFO] Running nl.hsac.fitnesse.fixture.util.BinaryHttpResponseTest
[INFO] Tests run: 3, Failures: 0, Errors: 0, Skipped: 0, Time elapsed: 261.96 s - in nl.hsac.fitnesse.fixture.util.BinaryHttpResponseTest
[INFO] Running nl.hsac.fitnesse.fixture.util.XPathCheckResultTest
[INFO] Tests run: 2, Failures: 0, Errors: 0, Skipped: 0, Time elapsed: 53.69 s - in nl.hsac.fitnesse.fixture.util.XPathCheckResultTest
[INFO] Running nl.hsac.fitnesse.fixture.util.HtmlCleanerTest
[INFO] Tests run: 4, Failures: 0, Errors: 0, Skipped: 0, Time elapsed: 651.21 s - in nl.hsac.fitnesse.fixture.util.HtmlCleanerTest
[INFO] Running nl.hsac.fitnesse.fixture.util.JsonFormatterTest
[INFO] Tests run: 3, Failures: 0, Errors: 0, Skipped: 0, Time elapsed: 204.51 s - in nl.hsac.fitnesse.fixture.util.JsonFormatterTest
[INFO] Running nl.hsac.fitnesse.fixture.util.HttpServerTest
[INFO] Tests run: 7, Failures: 0, Errors: 0, Skipped: 0, Time elapsed: 5,430.93 s - in nl.hsac.fitnesse.fixture.util.HttpServerTest
[INFO] Running nl.hsac.fitnesse.fixture.util.MapHelperTest
[INFO] Tests run: 4, Failures: 0, Errors: 0, Skipped: 0, Time elapsed: 4,063.17 s - in nl.hsac.fitnesse.fixture.util.MapHelperTest
[INFO] Running nl.hsac.fitnesse.fixture.util.DataUrlHelperTest
[INFO] Tests run: 2, Failures: 0, Errors: 0, Skipped: 0, Time elapsed: 0.98 s - in nl.hsac.fitnesse.fixture.util.DataUrlHelperTest
[INFO] Running nl.hsac.fitnesse.fixture.util.XMLValidatorTest
[INFO] Tests run: 5, Failures: 0, Errors: 0, Skipped: 0, Time elapsed: 9,901.06 s - in nl.hsac.fitnesse.fixture.util.XMLValidatorTest
[INFO] Running nl.hsac.fitnesse.fixture.util.LineEndingHelperTest
[INFO] Tests run: 5, Failures: 0, Errors: 0, Skipped: 0, Time elapsed: 1,734.43 s - in nl.hsac.fitnesse.fixture.util.LineEndingHelperTest
[INFO] Running nl.hsac.fitnesse.fixture.util.FirstNonNullHelperTest
[INFO] Tests run: 6, Failures: 0, Errors: 0, Skipped: 0, Time elapsed: 1.74 s - in nl.hsac.fitnesse.fixture.util.FirstNonNullHelperTest
[INFO] Running nl.hsac.fitnesse.fixture.util.XmlHttpResponseTest
[INFO] Tests run: 10, Failures: 0, Errors: 0, Skipped: 0, Time elapsed: 12,053.92 s - in nl.hsac.fitnesse.fixture.util.XmlHttpResponseTest
[INFO] 
[INFO] Results:
[INFO] 
[ERROR] Failures: 
[ERROR]   CompareFixtureTest.testShowDiffWithExplicitWhitespace:62 Different strings expected:<...span>Hello 
</span><[ins class="collapse_rim">&para;<br/></ins><span>sir</span><ins class="collapse_rim">&rarr;</ins><span>
Bye</span><del class="collapse_rim">&#8629;</del><span>
See</span><del class="collapse_rim">&bull;</del><ins class="collapse_rim">]&middot;</ins><span>...> but was:<...span>Hello 
</span><[del class="collapse_rim">sir&para;<br/>Bye&#8629;&para;<br/>See&bull;</del><ins class="collapse_rim">&para;<br/>sir&rarr;&para;<br/>Bye&para;<br/>See]&middot;</ins><span>...>
[INFO] 
[ERROR] Tests run: 281, Failures: 1, Errors: 0, Skipped: 4
[INFO] 
[INFO] ------------------------------------------------------------------------
[INFO] BUILD FAILURE
[INFO] ------------------------------------------------------------------------
[INFO] Total time:  10 d 10:03 h
[INFO] Finished at: 2021-11-12T00:52:07Z
[INFO] ------------------------------------------------------------------------
[ERROR] Failed to execute goal org.apache.maven.plugins:maven-surefire-plugin:2.22.1:test (default-test) on project hsac-fitnesse-fixtures: There are test failures.
[ERROR] 
[ERROR] Please refer to /home/target/target/surefire-reports for the individual test results.
[ERROR] Please refer to dump files (if any exist) [date].dump, [date]-jvmRun[N].dump and [date].dumpstream.
[ERROR] -> [Help 1]
[ERROR] 
[ERROR] To see the full stack trace of the errors, re-run Maven with the -e switch.
[ERROR] Re-run Maven using the -X switch to enable full debug logging.
[ERROR] 
[ERROR] For more information about the errors and possible solutions, please read the following articles:
[ERROR] [Help 1] http://cwiki.apache.org/confluence/display/MAVEN/MojoFailureException
{'error': True, 'log_file': 'output-2021-11-01T02:21:39-8294.log', 'message': '', 'start_time': '2021-11-01T02:21:39', 'end_time': '2021-11-01T02:23:13', 'command': ['mvn', '-fae', 'test'], 'faketime_str': '+0 x10000.0', 'timezone': datetime.timezone(datetime.timedelta(0), 'UTC')}
