[INFO] Scanning for projects...
[WARNING] 
[WARNING] Some problems were encountered while building the effective model for com.ververica:flink-connector-debezium:jar:2.1-SNAPSHOT
[WARNING] 'build.plugins.plugin.(groupId:artifactId)' must be unique but found duplicate declaration of plugin org.apache.maven.plugins:maven-enforcer-plugin @ com.ververica:flink-cdc-connectors:2.1-SNAPSHOT, /home/target/pom.xml, line 378, column 21
[WARNING] 
[WARNING] Some problems were encountered while building the effective model for com.ververica:flink-cdc-connectors:pom:2.1-SNAPSHOT
[WARNING] 'build.plugins.plugin.(groupId:artifactId)' must be unique but found duplicate declaration of plugin org.apache.maven.plugins:maven-enforcer-plugin @ line 378, column 21
[WARNING] 
[WARNING] It is highly recommended to fix these problems because they threaten the stability of your build.
[WARNING] 
[WARNING] For this reason, future Maven versions might no longer support building such malformed projects.
[WARNING] 
[INFO] ------------------------------------------------------------------------
[INFO] Reactor Build Order:
[INFO] 
[INFO] flink-cdc-connectors                                               [pom]
[INFO] flink-connector-debezium                                           [jar]
[INFO] flink-connector-test-util                                          [jar]
[INFO] flink-connector-mysql-cdc                                          [jar]
[INFO] flink-connector-postgres-cdc                                       [jar]
[INFO] flink-connector-oracle-cdc                                         [jar]
[INFO] flink-connector-mongodb-cdc                                        [jar]
[INFO] flink-sql-connector-mysql-cdc                                      [jar]
[INFO] flink-sql-connector-postgres-cdc                                   [jar]
[INFO] flink-sql-connector-mongodb-cdc                                    [jar]
[INFO] flink-sql-connector-oracle-cdc                                     [jar]
[INFO] flink-format-changelog-json                                        [jar]
[INFO] 
[INFO] -----------------< com.ververica:flink-cdc-connectors >-----------------
[INFO] Building flink-cdc-connectors 2.1-SNAPSHOT                        [1/12]
[INFO] --------------------------------[ pom ]---------------------------------
[INFO] 
[INFO] --- spotless-maven-plugin:2.4.2:check (spotless-check) @ flink-cdc-connectors ---
[INFO] 
[INFO] --- maven-checkstyle-plugin:2.17:check (validate) @ flink-cdc-connectors ---
[INFO] 
[INFO] --- maven-enforcer-plugin:3.0.0-M1:enforce (enforce-maven-version) @ flink-cdc-connectors ---
[INFO] 
[INFO] --- maven-remote-resources-plugin:1.5:process (process-resource-bundles) @ flink-cdc-connectors ---
[INFO] 
[INFO] --- maven-surefire-plugin:2.22.0:test (default-test) @ flink-cdc-connectors ---
[INFO] No tests to run.
[INFO] 
[INFO] ---------------< com.ververica:flink-connector-debezium >---------------
[INFO] Building flink-connector-debezium 2.1-SNAPSHOT                    [2/12]
[INFO] --------------------------------[ jar ]---------------------------------
[INFO] 
[INFO] --- spotless-maven-plugin:2.4.2:check (spotless-check) @ flink-connector-debezium ---
[INFO] 
[INFO] --- maven-checkstyle-plugin:2.17:check (validate) @ flink-connector-debezium ---
[INFO] 
[INFO] --- maven-enforcer-plugin:3.0.0-M1:enforce (enforce-maven-version) @ flink-connector-debezium ---
[INFO] 
[INFO] --- maven-remote-resources-plugin:1.5:process (process-resource-bundles) @ flink-connector-debezium ---
[INFO] 
[INFO] --- maven-resources-plugin:3.1.0:resources (default-resources) @ flink-connector-debezium ---
[INFO] Using 'UTF-8' encoding to copy filtered resources.
[INFO] skip non existing resourceDirectory /home/target/flink-connector-debezium/src/main/resources
[INFO] Copying 3 resources
[INFO] 
[INFO] --- maven-compiler-plugin:3.7.0:compile (default-compile) @ flink-connector-debezium ---
[INFO] Nothing to compile - all classes are up to date
[INFO] 
[INFO] --- maven-resources-plugin:3.1.0:testResources (default-testResources) @ flink-connector-debezium ---
[INFO] Using 'UTF-8' encoding to copy filtered resources.
[INFO] skip non existing resourceDirectory /home/target/flink-connector-debezium/src/test/resources
[INFO] Copying 3 resources
[INFO] 
[INFO] --- maven-compiler-plugin:3.7.0:testCompile (default-testCompile) @ flink-connector-debezium ---
[INFO] No sources to compile
[INFO] 
[INFO] --- maven-surefire-plugin:2.22.0:test (default-test) @ flink-connector-debezium ---
[INFO] 
[INFO] --------------< com.ververica:flink-connector-test-util >---------------
[INFO] Building flink-connector-test-util 2.1-SNAPSHOT                   [3/12]
[INFO] --------------------------------[ jar ]---------------------------------
[INFO] 
[INFO] --- spotless-maven-plugin:2.4.2:check (spotless-check) @ flink-connector-test-util ---
[INFO] 
[INFO] --- maven-checkstyle-plugin:2.17:check (validate) @ flink-connector-test-util ---
[INFO] 
[INFO] --- maven-enforcer-plugin:3.0.0-M1:enforce (enforce-maven-version) @ flink-connector-test-util ---
[INFO] 
[INFO] --- maven-remote-resources-plugin:1.5:process (process-resource-bundles) @ flink-connector-test-util ---
[INFO] 
[INFO] --- maven-resources-plugin:3.1.0:resources (default-resources) @ flink-connector-test-util ---
[INFO] Using 'UTF-8' encoding to copy filtered resources.
[INFO] skip non existing resourceDirectory /home/target/flink-connector-test-util/src/main/resources
[INFO] Copying 3 resources
[INFO] 
[INFO] --- maven-compiler-plugin:3.7.0:compile (default-compile) @ flink-connector-test-util ---
[INFO] Nothing to compile - all classes are up to date
[INFO] 
[INFO] --- maven-resources-plugin:3.1.0:testResources (default-testResources) @ flink-connector-test-util ---
[INFO] Using 'UTF-8' encoding to copy filtered resources.
[INFO] skip non existing resourceDirectory /home/target/flink-connector-test-util/src/test/resources
[INFO] Copying 3 resources
[INFO] 
[INFO] --- maven-compiler-plugin:3.7.0:testCompile (default-testCompile) @ flink-connector-test-util ---
[INFO] No sources to compile
[INFO] 
[INFO] --- maven-surefire-plugin:2.22.0:test (default-test) @ flink-connector-test-util ---
[INFO] 
[INFO] --------------< com.ververica:flink-connector-mysql-cdc >---------------
[INFO] Building flink-connector-mysql-cdc 2.1-SNAPSHOT                   [4/12]
[INFO] --------------------------------[ jar ]---------------------------------
[INFO] 
[INFO] --- spotless-maven-plugin:2.4.2:check (spotless-check) @ flink-connector-mysql-cdc ---
[INFO] 
[INFO] --- maven-checkstyle-plugin:2.17:check (validate) @ flink-connector-mysql-cdc ---
[INFO] 
[INFO] --- maven-enforcer-plugin:3.0.0-M1:enforce (enforce-maven-version) @ flink-connector-mysql-cdc ---
[INFO] 
[INFO] --- maven-remote-resources-plugin:1.5:process (process-resource-bundles) @ flink-connector-mysql-cdc ---
[INFO] 
[INFO] --- maven-resources-plugin:3.1.0:resources (default-resources) @ flink-connector-mysql-cdc ---
[INFO] Using 'UTF-8' encoding to copy filtered resources.
[INFO] Copying 1 resource
[INFO] Copying 3 resources
[INFO] 
[INFO] --- maven-compiler-plugin:3.7.0:compile (default-compile) @ flink-connector-mysql-cdc ---
[INFO] Nothing to compile - all classes are up to date
[INFO] 
[INFO] --- maven-resources-plugin:3.1.0:testResources (default-testResources) @ flink-connector-mysql-cdc ---
[INFO] Using 'UTF-8' encoding to copy filtered resources.
[INFO] Copying 11 resources
[INFO] Copying 3 resources
[INFO] 
[INFO] --- maven-compiler-plugin:3.7.0:testCompile (default-testCompile) @ flink-connector-mysql-cdc ---
[INFO] Nothing to compile - all classes are up to date
[INFO] 
[INFO] --- maven-surefire-plugin:2.22.0:test (default-test) @ flink-connector-mysql-cdc ---
[INFO] 
[INFO] -------------------------------------------------------
[INFO]  T E S T S
[INFO] -------------------------------------------------------
[INFO] Running com.ververica.cdc.connectors.mysql.table.MySqlTableSourceFactoryTest
[INFO] Tests run: 12, Failures: 0, Errors: 0, Skipped: 0, Time elapsed: 0.9 s - in com.ververica.cdc.connectors.mysql.table.MySqlTableSourceFactoryTest
[INFO] Running com.ververica.cdc.connectors.mysql.LegacyMySqlSourceExampleTest
[WARNING] Tests run: 1, Failures: 0, Errors: 0, Skipped: 1, Time elapsed: 0.001 s - in com.ververica.cdc.connectors.mysql.LegacyMySqlSourceExampleTest
[INFO] Running com.ververica.cdc.connectors.mysql.source.assigners.MySqlHybridSplitAssignerTest
1305 [main] INFO  com.ververica.cdc.connectors.mysql.source.MySqlSourceTestBase - Starting containers...
1341 [testcontainers-lifecycle-0] WARN  org.testcontainers.utility.TestcontainersConfiguration - Attempted to read Testcontainers configuration file at file:/root/.testcontainers.properties but the file was not found. Exception message: FileNotFoundException: /root/.testcontainers.properties (No such file or directory)
1450 [testcontainers-lifecycle-0] INFO  org.testcontainers.dockerclient.DockerMachineClientProviderStrategy - docker-machine executable was not found on PATH ([/usr/local/openjdk-8/bin, /usr/local/sbin, /usr/local/bin, /usr/sbin, /usr/bin, /sbin, /bin])
1450 [testcontainers-lifecycle-0] ERROR org.testcontainers.dockerclient.DockerClientProviderStrategy - Could not find a valid Docker environment. Please check configuration. Attempted configurations were:
1450 [testcontainers-lifecycle-0] ERROR org.testcontainers.dockerclient.DockerClientProviderStrategy -     UnixSocketClientProviderStrategy: failed with exception InvalidConfigurationException (Could not find unix domain socket). Root cause NoSuchFileException (/var/run/docker.sock)
1450 [testcontainers-lifecycle-0] ERROR org.testcontainers.dockerclient.DockerClientProviderStrategy - As no valid configuration was found, execution cannot continue
[ERROR] Tests run: 1, Failures: 0, Errors: 1, Skipped: 0, Time elapsed: 0.108 s <<< FAILURE! - in com.ververica.cdc.connectors.mysql.source.assigners.MySqlHybridSplitAssignerTest
[ERROR] com.ververica.cdc.connectors.mysql.source.assigners.MySqlHybridSplitAssignerTest  Time elapsed: 0.108 s  <<< ERROR!
java.util.concurrent.CompletionException: java.lang.IllegalStateException: Could not find a valid Docker environment. Please see logs and check configuration
Caused by: java.lang.IllegalStateException: Could not find a valid Docker environment. Please see logs and check configuration

[INFO] Running com.ververica.cdc.connectors.mysql.source.assigners.MySqlSnapshotSplitAssignerTest
1454 [main] INFO  com.ververica.cdc.connectors.mysql.source.MySqlSourceTestBase - Starting containers...
[ERROR] Tests run: 1, Failures: 0, Errors: 1, Skipped: 0, Time elapsed: 0 s <<< FAILURE! - in com.ververica.cdc.connectors.mysql.source.assigners.MySqlSnapshotSplitAssignerTest
[ERROR] com.ververica.cdc.connectors.mysql.source.assigners.MySqlSnapshotSplitAssignerTest  Time elapsed: 0 s  <<< ERROR!
java.util.concurrent.CompletionException: java.lang.IllegalStateException: Previous attempts to find a Docker environment failed. Will not retry. Please see logs and check configuration
Caused by: java.lang.IllegalStateException: Previous attempts to find a Docker environment failed. Will not retry. Please see logs and check configuration

[INFO] Running com.ververica.cdc.connectors.mysql.source.assigners.state.PendingSplitsStateSerializerTest
[INFO] Tests run: 6, Failures: 0, Errors: 0, Skipped: 0, Time elapsed: 1.287 s - in com.ververica.cdc.connectors.mysql.source.assigners.state.PendingSplitsStateSerializerTest
[INFO] Running com.ververica.cdc.connectors.mysql.source.MySqlSourceExampleTest
[WARNING] Tests run: 1, Failures: 0, Errors: 0, Skipped: 1, Time elapsed: 0 s - in com.ververica.cdc.connectors.mysql.source.MySqlSourceExampleTest
[INFO] Running com.ververica.cdc.connectors.mysql.source.utils.RecordUtilsTest
[INFO] Tests run: 1, Failures: 0, Errors: 0, Skipped: 0, Time elapsed: 0.001 s - in com.ververica.cdc.connectors.mysql.source.utils.RecordUtilsTest
[INFO] Running com.ververica.cdc.connectors.mysql.source.utils.ObjectUtilsTest
[INFO] Tests run: 1, Failures: 0, Errors: 0, Skipped: 0, Time elapsed: 0 s - in com.ververica.cdc.connectors.mysql.source.utils.ObjectUtilsTest
[INFO] Running com.ververica.cdc.connectors.mysql.source.reader.MySqlSourceReaderTest
2773 [main] INFO  com.ververica.cdc.connectors.mysql.source.MySqlSourceTestBase - Starting containers...
[ERROR] Tests run: 1, Failures: 0, Errors: 1, Skipped: 0, Time elapsed: 0 s <<< FAILURE! - in com.ververica.cdc.connectors.mysql.source.reader.MySqlSourceReaderTest
[ERROR] com.ververica.cdc.connectors.mysql.source.reader.MySqlSourceReaderTest  Time elapsed: 0 s  <<< ERROR!
java.util.concurrent.CompletionException: java.lang.IllegalStateException: Previous attempts to find a Docker environment failed. Will not retry. Please see logs and check configuration
Caused by: java.lang.IllegalStateException: Previous attempts to find a Docker environment failed. Will not retry. Please see logs and check configuration

[INFO] Running com.ververica.cdc.connectors.mysql.source.split.MySqlSplitStateTest
[INFO] Tests run: 3, Failures: 0, Errors: 0, Skipped: 0, Time elapsed: 0.013 s - in com.ververica.cdc.connectors.mysql.source.split.MySqlSplitStateTest
[INFO] Running com.ververica.cdc.connectors.mysql.source.split.MySqlSplitSerializerTest
[INFO] Tests run: 3, Failures: 0, Errors: 0, Skipped: 0, Time elapsed: 0.005 s - in com.ververica.cdc.connectors.mysql.source.split.MySqlSplitSerializerTest
[INFO] Running com.ververica.cdc.connectors.mysql.LegacyMySqlSourceTest
2852 [main] INFO  org.apache.flink.runtime.taskexecutor.TaskExecutorResourceUtils - The configuration option taskmanager.cpu.cores required for local execution is not set, setting it to the maximal possible value.
2852 [main] INFO  org.apache.flink.runtime.taskexecutor.TaskExecutorResourceUtils - The configuration option taskmanager.memory.task.heap.size required for local execution is not set, setting it to the maximal possible value.
2852 [main] INFO  org.apache.flink.runtime.taskexecutor.TaskExecutorResourceUtils - The configuration option taskmanager.memory.task.off-heap.size required for local execution is not set, setting it to the maximal possible value.
2853 [main] INFO  org.apache.flink.runtime.taskexecutor.TaskExecutorResourceUtils - The configuration option taskmanager.memory.network.min required for local execution is not set, setting it to its default value 64 mb.
2853 [main] INFO  org.apache.flink.runtime.taskexecutor.TaskExecutorResourceUtils - The configuration option taskmanager.memory.network.max required for local execution is not set, setting it to its default value 64 mb.
2856 [main] INFO  org.apache.flink.runtime.minicluster.MiniCluster - Starting Flink Mini Cluster
2858 [main] INFO  org.apache.flink.runtime.minicluster.MiniCluster - Starting Metrics Registry
2937 [main] INFO  org.apache.flink.runtime.metrics.MetricRegistryImpl - No metrics reporter configured, no metrics will be exposed/reported.
2938 [main] INFO  org.apache.flink.runtime.minicluster.MiniCluster - Starting RPC Service(s)
2975 [main] INFO  org.apache.flink.runtime.rpc.akka.AkkaRpcServiceUtils - Trying to start local actor system
3356 [flink-akka.actor.default-dispatcher-5] INFO  akka.event.slf4j.Slf4jLogger - Slf4jLogger started
3778 [main] INFO  org.apache.flink.runtime.rpc.akka.AkkaRpcServiceUtils - Actor system started at akka://flink
3836 [main] INFO  org.apache.flink.runtime.rpc.akka.AkkaRpcServiceUtils - Trying to start local actor system
3882 [flink-metrics-2] INFO  akka.event.slf4j.Slf4jLogger - Slf4jLogger started
3905 [main] INFO  org.apache.flink.runtime.rpc.akka.AkkaRpcServiceUtils - Actor system started at akka://flink-metrics
3913 [main] INFO  org.apache.flink.runtime.rpc.akka.AkkaRpcService - Starting RPC endpoint for org.apache.flink.runtime.metrics.dump.MetricQueryService at akka://flink-metrics/user/rpc/MetricQueryService .
3923 [main] INFO  org.apache.flink.runtime.minicluster.MiniCluster - Starting high-availability services
3928 [main] INFO  org.apache.flink.runtime.blob.BlobServer - Created BLOB server storage directory /tmp/junit7684388871235429788/junit2723542552986562722/blobStore-b5d9d2ca-23fc-4181-85fc-5f76d75c2413
3936 [main] INFO  org.apache.flink.runtime.blob.BlobServer - Started BLOB server at 0.0.0.0:37931 - max concurrent requests: 50 - max backlog: 1000
3939 [main] INFO  org.apache.flink.runtime.blob.PermanentBlobCache - Created BLOB cache storage directory /tmp/junit7684388871235429788/junit2723542552986562722/blobStore-a0296ce3-41ac-4ae3-b3ac-7fbd5fc03d17
3945 [main] INFO  org.apache.flink.runtime.blob.TransientBlobCache - Created BLOB cache storage directory /tmp/junit7684388871235429788/junit2723542552986562722/blobStore-38b6a00c-40ab-462a-9ac3-c2973db54cdf
3945 [main] INFO  org.apache.flink.runtime.minicluster.MiniCluster - Starting 1 TaskManger(s)
3947 [main] INFO  org.apache.flink.runtime.taskexecutor.TaskManagerRunner - Starting TaskManager with ResourceID: 0793b063-a10e-404c-8282-c165abdae0dc
3991 [main] INFO  org.apache.flink.runtime.taskexecutor.TaskManagerServices - Temporary file directory '/tmp/junit7684388871235429788/junit2723542552986562722': total 196 GB, usable 161 GB (82.14% usable)
3993 [main] INFO  org.apache.flink.runtime.io.disk.FileChannelManagerImpl - FileChannelManager uses directory /tmp/junit7684388871235429788/junit2723542552986562722/flink-io-e2d7b69e-de5a-405c-afc7-331273a3cd09 for spill files.
4025 [main] INFO  org.apache.flink.runtime.io.disk.FileChannelManagerImpl - FileChannelManager uses directory /tmp/junit7684388871235429788/junit2723542552986562722/flink-netty-shuffle-78ed9b99-f32b-47ca-9d80-d54632fef2ad for spill files.
4070 [main] INFO  org.apache.flink.runtime.io.network.buffer.NetworkBufferPool - Allocated 64 MB for network buffer pool (number of memory segments: 2048, bytes per segment: 32768).
4269 [main] INFO  org.apache.flink.runtime.io.network.NettyShuffleEnvironment - Starting the network environment and its components.
4270 [main] INFO  org.apache.flink.runtime.taskexecutor.KvStateService - Starting the kvState service and its components.
4317 [main] INFO  org.apache.flink.runtime.rpc.akka.AkkaRpcService - Starting RPC endpoint for org.apache.flink.runtime.taskexecutor.TaskExecutor at akka://flink/user/rpc/taskmanager_0 .
4344 [flink-akka.actor.default-dispatcher-5] INFO  org.apache.flink.runtime.taskexecutor.DefaultJobLeaderService - Start job leader service.
4345 [flink-akka.actor.default-dispatcher-5] INFO  org.apache.flink.runtime.filecache.FileCache - User file cache uses directory /tmp/junit7684388871235429788/junit2723542552986562722/flink-dist-cache-c7c81f85-979d-48c3-8879-99188959db32
4492 [main] INFO  org.apache.flink.runtime.dispatcher.DispatcherRestEndpoint - Starting rest endpoint.
4493 [main] INFO  org.apache.flink.runtime.dispatcher.DispatcherRestEndpoint - Failed to load web based job submission extension. Probable reason: flink-runtime-web is not in the classpath.
4679 [main] WARN  org.apache.flink.runtime.webmonitor.WebMonitorUtils - Log file environment variable 'log.file' is not set.
4679 [main] WARN  org.apache.flink.runtime.webmonitor.WebMonitorUtils - JobManager log files are unavailable in the web dashboard. Log file location not found in environment variable 'log.file' or configuration key 'web.log.path'.
4822 [main] INFO  org.apache.flink.runtime.dispatcher.DispatcherRestEndpoint - Rest endpoint listening at localhost:37471
4830 [main] INFO  org.apache.flink.runtime.highavailability.nonha.embedded.EmbeddedLeaderService - Proposing leadership to contender http://localhost:37471
4831 [mini-cluster-io-thread-1] INFO  org.apache.flink.runtime.dispatcher.DispatcherRestEndpoint - http://localhost:37471 was granted leadership with leaderSessionID=2ff46052-99a4-4147-b562-60fd92b0619e
4831 [mini-cluster-io-thread-1] INFO  org.apache.flink.runtime.highavailability.nonha.embedded.EmbeddedLeaderService - Received confirmation of leadership for leader http://localhost:37471 , session=2ff46052-99a4-4147-b562-60fd92b0619e
4899 [main] INFO  org.apache.flink.runtime.rpc.akka.AkkaRpcService - Starting RPC endpoint for org.apache.flink.runtime.resourcemanager.StandaloneResourceManager at akka://flink/user/rpc/resourcemanager_1 .
4906 [main] INFO  org.apache.flink.runtime.highavailability.nonha.embedded.EmbeddedLeaderService - Proposing leadership to contender LeaderContender: DefaultDispatcherRunner
4907 [mini-cluster-io-thread-2] INFO  org.apache.flink.runtime.dispatcher.runner.DefaultDispatcherRunner - DefaultDispatcherRunner was granted leadership with leader id 30c3e477-791b-4f37-8b56-876568c74401. Creating new DispatcherLeaderProcess.
4909 [mini-cluster-io-thread-2] INFO  org.apache.flink.runtime.dispatcher.runner.SessionDispatcherLeaderProcess - Start SessionDispatcherLeaderProcess.
4909 [flink-akka.actor.default-dispatcher-5] INFO  org.apache.flink.runtime.resourcemanager.StandaloneResourceManager - Starting the resource manager.
4910 [flink-akka.actor.default-dispatcher-5] INFO  org.apache.flink.runtime.highavailability.nonha.embedded.EmbeddedLeaderService - Proposing leadership to contender LeaderContender: StandaloneResourceManager
4919 [mini-cluster-io-thread-3] INFO  org.apache.flink.runtime.dispatcher.runner.SessionDispatcherLeaderProcess - Recover all persisted job graphs.
4919 [mini-cluster-io-thread-3] INFO  org.apache.flink.runtime.dispatcher.runner.SessionDispatcherLeaderProcess - Successfully recovered 0 persisted job graphs.
4934 [flink-akka.actor.default-dispatcher-5] INFO  org.apache.flink.runtime.resourcemanager.StandaloneResourceManager - ResourceManager akka://flink/user/rpc/resourcemanager_1 was granted leadership with fencing token ba64d2118dcd16249e0b4f48cbff4aa7
4935 [main] INFO  org.apache.flink.runtime.minicluster.MiniCluster - Flink Mini Cluster started successfully
4948 [mini-cluster-io-thread-3] INFO  org.apache.flink.runtime.rpc.akka.AkkaRpcService - Starting RPC endpoint for org.apache.flink.runtime.dispatcher.StandaloneDispatcher at akka://flink/user/rpc/dispatcher_2 .
4950 [main] INFO  org.apache.flink.configuration.Configuration - Config uses fallback configuration key 'jobmanager.rpc.address' instead of key 'rest.address'
4957 [mini-cluster-io-thread-3] INFO  org.apache.flink.runtime.highavailability.nonha.embedded.EmbeddedLeaderService - Received confirmation of leadership for leader akka://flink/user/rpc/dispatcher_2 , session=30c3e477-791b-4f37-8b56-876568c74401
5007 [mini-cluster-io-thread-8] INFO  org.apache.flink.runtime.highavailability.nonha.embedded.EmbeddedLeaderService - Received confirmation of leadership for leader akka://flink/user/rpc/resourcemanager_1 , session=9e0b4f48-cbff-4aa7-ba64-d2118dcd1624
5016 [flink-akka.actor.default-dispatcher-5] INFO  org.apache.flink.runtime.taskexecutor.TaskExecutor - Connecting to ResourceManager akka://flink/user/rpc/resourcemanager_1(ba64d2118dcd16249e0b4f48cbff4aa7).
5016 [main] INFO  com.ververica.cdc.connectors.mysql.LegacyMySqlTestBase - Starting containers...
5022 [main] INFO  org.apache.flink.test.util.MiniClusterWithClientResource - Finalization triggered: Cluster shutdown is going to be initiated.
5068 [flink-akka.actor.default-dispatcher-5] INFO  org.apache.flink.runtime.taskexecutor.TaskExecutor - Resolved ResourceManager address, beginning registration
5073 [flink-akka.actor.default-dispatcher-5] INFO  org.apache.flink.runtime.resourcemanager.StandaloneResourceManager - Registering TaskManager with ResourceID 0793b063-a10e-404c-8282-c165abdae0dc (akka://flink/user/rpc/taskmanager_0) at ResourceManager
5075 [flink-akka.actor.default-dispatcher-3] INFO  org.apache.flink.runtime.taskexecutor.TaskExecutor - Successful registration at resource manager akka://flink/user/rpc/resourcemanager_1 under registration id 203e1d5352c0b8e29d5bb3ac6ae4ac80.
5102 [main] INFO  org.apache.flink.runtime.minicluster.MiniCluster - Shutting down Flink Mini Cluster
5119 [flink-akka.actor.default-dispatcher-4] INFO  org.apache.flink.runtime.taskexecutor.TaskExecutor - Stopping TaskExecutor akka://flink/user/rpc/taskmanager_0.
5119 [flink-akka.actor.default-dispatcher-4] INFO  org.apache.flink.runtime.taskexecutor.TaskExecutor - Close ResourceManager connection 788e59cea105f70a09ec03d5d9b24faf.
5120 [main] INFO  org.apache.flink.runtime.dispatcher.DispatcherRestEndpoint - Shutting down rest endpoint.
5122 [flink-akka.actor.default-dispatcher-4] INFO  org.apache.flink.runtime.taskexecutor.DefaultJobLeaderService - Stop job leader service.
5122 [flink-akka.actor.default-dispatcher-4] INFO  org.apache.flink.runtime.state.TaskExecutorLocalStateStoresManager - Shutting down TaskExecutorLocalStateStoresManager.
5122 [flink-akka.actor.default-dispatcher-2] INFO  org.apache.flink.runtime.resourcemanager.StandaloneResourceManager - Closing TaskExecutor connection 0793b063-a10e-404c-8282-c165abdae0dc because: The TaskExecutor is shutting down.
5150 [flink-akka.actor.default-dispatcher-4] INFO  org.apache.flink.runtime.io.disk.FileChannelManagerImpl - FileChannelManager removed spill file directory /tmp/junit7684388871235429788/junit2723542552986562722/flink-io-e2d7b69e-de5a-405c-afc7-331273a3cd09
5151 [flink-akka.actor.default-dispatcher-4] INFO  org.apache.flink.runtime.io.network.NettyShuffleEnvironment - Shutting down the network environment and its components.
5152 [flink-akka.actor.default-dispatcher-4] INFO  org.apache.flink.runtime.io.disk.FileChannelManagerImpl - FileChannelManager removed spill file directory /tmp/junit7684388871235429788/junit2723542552986562722/flink-netty-shuffle-78ed9b99-f32b-47ca-9d80-d54632fef2ad
5152 [flink-akka.actor.default-dispatcher-4] INFO  org.apache.flink.runtime.taskexecutor.KvStateService - Shutting down the kvState service and its components.
5152 [flink-akka.actor.default-dispatcher-4] INFO  org.apache.flink.runtime.taskexecutor.DefaultJobLeaderService - Stop job leader service.
5152 [flink-akka.actor.default-dispatcher-4] INFO  org.apache.flink.runtime.filecache.FileCache - removed file cache directory /tmp/junit7684388871235429788/junit2723542552986562722/flink-dist-cache-c7c81f85-979d-48c3-8879-99188959db32
5153 [flink-akka.actor.default-dispatcher-4] INFO  org.apache.flink.runtime.taskexecutor.TaskExecutor - Stopped TaskExecutor akka://flink/user/rpc/taskmanager_0.
5176 [ForkJoinPool.commonPool-worker-3] INFO  org.apache.flink.runtime.dispatcher.DispatcherRestEndpoint - Removing cache directory /tmp/flink-web-ui
5178 [ForkJoinPool.commonPool-worker-3] INFO  org.apache.flink.runtime.dispatcher.DispatcherRestEndpoint - Shut down complete.
5184 [flink-akka.actor.default-dispatcher-4] INFO  org.apache.flink.runtime.resourcemanager.StandaloneResourceManager - Shut down cluster because application is in CANCELED, diagnostics DispatcherResourceManagerComponent has been closed..
5185 [ForkJoinPool.commonPool-worker-3] INFO  org.apache.flink.runtime.entrypoint.component.DispatcherResourceManagerComponent - Closing components.
5185 [ForkJoinPool.commonPool-worker-3] INFO  org.apache.flink.runtime.dispatcher.runner.SessionDispatcherLeaderProcess - Stopping SessionDispatcherLeaderProcess.
5185 [flink-akka.actor.default-dispatcher-2] INFO  org.apache.flink.runtime.dispatcher.StandaloneDispatcher - Stopping dispatcher akka://flink/user/rpc/dispatcher_2.
5185 [flink-akka.actor.default-dispatcher-2] INFO  org.apache.flink.runtime.dispatcher.StandaloneDispatcher - Stopping all currently running jobs of dispatcher akka://flink/user/rpc/dispatcher_2.
5186 [flink-akka.actor.default-dispatcher-4] INFO  org.apache.flink.runtime.resourcemanager.slotmanager.DeclarativeSlotManager - Closing the slot manager.
5186 [flink-akka.actor.default-dispatcher-4] INFO  org.apache.flink.runtime.resourcemanager.slotmanager.DeclarativeSlotManager - Suspending the slot manager.
5188 [flink-akka.actor.default-dispatcher-2] INFO  org.apache.flink.runtime.dispatcher.StandaloneDispatcher - Stopped dispatcher akka://flink/user/rpc/dispatcher_2.
5212 [AkkaRpcService-Supervisor-Termination-Future-Executor-thread-1] INFO  org.apache.flink.runtime.rpc.akka.AkkaRpcService - Stopping Akka RPC service.
5352 [flink-metrics-2] INFO  org.apache.flink.runtime.rpc.akka.AkkaRpcService - Stopping Akka RPC service.
5359 [flink-metrics-2] INFO  org.apache.flink.runtime.rpc.akka.AkkaRpcService - Stopped Akka RPC service.
5423 [flink-akka.actor.default-dispatcher-4] INFO  org.apache.flink.runtime.blob.PermanentBlobCache - Shutting down BLOB cache
5424 [flink-akka.actor.default-dispatcher-4] INFO  org.apache.flink.runtime.blob.TransientBlobCache - Shutting down BLOB cache
5424 [flink-akka.actor.default-dispatcher-4] INFO  org.apache.flink.runtime.blob.BlobServer - Stopped BLOB server at 0.0.0.0:37931
5424 [flink-akka.actor.default-dispatcher-4] INFO  org.apache.flink.runtime.rpc.akka.AkkaRpcService - Stopped Akka RPC service.
[ERROR] Tests run: 1, Failures: 0, Errors: 1, Skipped: 0, Time elapsed: 2.608 s <<< FAILURE! - in com.ververica.cdc.connectors.mysql.LegacyMySqlSourceTest
[ERROR] com.ververica.cdc.connectors.mysql.LegacyMySqlSourceTest  Time elapsed: 2.608 s  <<< ERROR!
java.util.concurrent.CompletionException: java.lang.IllegalStateException: Previous attempts to find a Docker environment failed. Will not retry. Please see logs and check configuration
Caused by: java.lang.IllegalStateException: Previous attempts to find a Docker environment failed. Will not retry. Please see logs and check configuration

[INFO] Running com.ververica.cdc.connectors.mysql.debezium.reader.SnapshotSplitReaderTest
5433 [main] INFO  com.ververica.cdc.connectors.mysql.source.MySqlSourceTestBase - Starting containers...
[ERROR] Tests run: 1, Failures: 0, Errors: 1, Skipped: 0, Time elapsed: 0.017 s <<< FAILURE! - in com.ververica.cdc.connectors.mysql.debezium.reader.SnapshotSplitReaderTest
[ERROR] com.ververica.cdc.connectors.mysql.debezium.reader.SnapshotSplitReaderTest  Time elapsed: 0.017 s  <<< ERROR!
java.util.concurrent.CompletionException: java.lang.IllegalStateException: Previous attempts to find a Docker environment failed. Will not retry. Please see logs and check configuration
Caused by: java.lang.IllegalStateException: Previous attempts to find a Docker environment failed. Will not retry. Please see logs and check configuration

[INFO] Running com.ververica.cdc.connectors.mysql.debezium.reader.BinlogSplitReaderTest
5448 [main] INFO  com.ververica.cdc.connectors.mysql.source.MySqlSourceTestBase - Starting containers...
[ERROR] Tests run: 1, Failures: 0, Errors: 1, Skipped: 0, Time elapsed: 0.001 s <<< FAILURE! - in com.ververica.cdc.connectors.mysql.debezium.reader.BinlogSplitReaderTest
[ERROR] com.ververica.cdc.connectors.mysql.debezium.reader.BinlogSplitReaderTest  Time elapsed: 0.001 s  <<< ERROR!
java.util.concurrent.CompletionException: java.lang.IllegalStateException: Previous attempts to find a Docker environment failed. Will not retry. Please see logs and check configuration
Caused by: java.lang.IllegalStateException: Previous attempts to find a Docker environment failed. Will not retry. Please see logs and check configuration

[INFO] Running com.ververica.cdc.connectors.mysql.MySqlValidatorTest
5453 [main] INFO  com.ververica.cdc.connectors.mysql.MySqlValidatorTest - Starting containers...
5484 [main] INFO  com.ververica.cdc.connectors.mysql.MySqlValidatorTest - Starting containers...
5486 [main] INFO  com.ververica.cdc.connectors.mysql.MySqlValidatorTest - Starting containers...
5487 [main] INFO  com.ververica.cdc.connectors.mysql.MySqlValidatorTest - Starting containers...
5488 [main] INFO  com.ververica.cdc.connectors.mysql.MySqlValidatorTest - Starting containers...
5498 [main] INFO  com.ververica.cdc.connectors.mysql.MySqlValidatorTest - Starting containers...
[ERROR] Tests run: 6, Failures: 0, Errors: 6, Skipped: 0, Time elapsed: 0.058 s <<< FAILURE! - in com.ververica.cdc.connectors.mysql.MySqlValidatorTest
[ERROR] testValidateBinlogRowImage[runIncrementalSnapshot = true](com.ververica.cdc.connectors.mysql.MySqlValidatorTest)  Time elapsed: 0.032 s  <<< ERROR!
java.util.concurrent.CompletionException: java.lang.IllegalStateException: Previous attempts to find a Docker environment failed. Will not retry. Please see logs and check configuration
Caused by: java.lang.IllegalStateException: Previous attempts to find a Docker environment failed. Will not retry. Please see logs and check configuration

[ERROR] testValidateVersion[runIncrementalSnapshot = true](com.ververica.cdc.connectors.mysql.MySqlValidatorTest)  Time elapsed: 0.001 s  <<< ERROR!
java.util.concurrent.CompletionException: java.lang.IllegalStateException: Previous attempts to find a Docker environment failed. Will not retry. Please see logs and check configuration
Caused by: java.lang.IllegalStateException: Previous attempts to find a Docker environment failed. Will not retry. Please see logs and check configuration

[ERROR] testValidateBinlogFormat[runIncrementalSnapshot = true](com.ververica.cdc.connectors.mysql.MySqlValidatorTest)  Time elapsed: 0.001 s  <<< ERROR!
java.util.concurrent.CompletionException: java.lang.IllegalStateException: Previous attempts to find a Docker environment failed. Will not retry. Please see logs and check configuration
Caused by: java.lang.IllegalStateException: Previous attempts to find a Docker environment failed. Will not retry. Please see logs and check configuration

[ERROR] testValidateBinlogRowImage[runIncrementalSnapshot = false](com.ververica.cdc.connectors.mysql.MySqlValidatorTest)  Time elapsed: 0.001 s  <<< ERROR!
java.util.concurrent.CompletionException: java.lang.IllegalStateException: Previous attempts to find a Docker environment failed. Will not retry. Please see logs and check configuration
Caused by: java.lang.IllegalStateException: Previous attempts to find a Docker environment failed. Will not retry. Please see logs and check configuration

[ERROR] testValidateVersion[runIncrementalSnapshot = false](com.ververica.cdc.connectors.mysql.MySqlValidatorTest)  Time elapsed: 0.01 s  <<< ERROR!
java.util.concurrent.CompletionException: java.lang.IllegalStateException: Previous attempts to find a Docker environment failed. Will not retry. Please see logs and check configuration
Caused by: java.lang.IllegalStateException: Previous attempts to find a Docker environment failed. Will not retry. Please see logs and check configuration

[ERROR] testValidateBinlogFormat[runIncrementalSnapshot = false](com.ververica.cdc.connectors.mysql.MySqlValidatorTest)  Time elapsed: 0.011 s  <<< ERROR!
java.util.concurrent.CompletionException: java.lang.IllegalStateException: Previous attempts to find a Docker environment failed. Will not retry. Please see logs and check configuration
Caused by: java.lang.IllegalStateException: Previous attempts to find a Docker environment failed. Will not retry. Please see logs and check configuration

[INFO] 
[INFO] Results:
[INFO] 
[ERROR] Errors: 
[ERROR]   LegacyMySqlSourceTest.com.ververica.cdc.connectors.mysql.LegacyMySqlSourceTest » Completion
[ERROR]   MySqlValidatorTest.testValidateBinlogFormat[runIncrementalSnapshot = false] » Completion
[ERROR]   MySqlValidatorTest.testValidateBinlogFormat[runIncrementalSnapshot = true] » Completion
[ERROR]   MySqlValidatorTest.testValidateBinlogRowImage[runIncrementalSnapshot = false] » Completion
[ERROR]   MySqlValidatorTest.testValidateBinlogRowImage[runIncrementalSnapshot = true] » Completion
[ERROR]   MySqlValidatorTest.testValidateVersion[runIncrementalSnapshot = false] » Completion
[ERROR]   MySqlValidatorTest.testValidateVersion[runIncrementalSnapshot = true] » Completion
[ERROR]   BinlogSplitReaderTest.com.ververica.cdc.connectors.mysql.debezium.reader.BinlogSplitReaderTest » Completion
[ERROR]   SnapshotSplitReaderTest.com.ververica.cdc.connectors.mysql.debezium.reader.SnapshotSplitReaderTest » Completion
[ERROR]   MySqlHybridSplitAssignerTest.com.ververica.cdc.connectors.mysql.source.assigners.MySqlHybridSplitAssignerTest » Completion
[ERROR]   MySqlSnapshotSplitAssignerTest.com.ververica.cdc.connectors.mysql.source.assigners.MySqlSnapshotSplitAssignerTest » Completion
[ERROR]   MySqlSourceReaderTest.com.ververica.cdc.connectors.mysql.source.reader.MySqlSourceReaderTest » Completion
[INFO] 
[ERROR] Tests run: 40, Failures: 0, Errors: 12, Skipped: 2
[INFO] 
[INFO] 
[INFO] -------------< com.ververica:flink-connector-postgres-cdc >-------------
[INFO] Building flink-connector-postgres-cdc 2.1-SNAPSHOT                [5/12]
[INFO] --------------------------------[ jar ]---------------------------------
[INFO] 
[INFO] --- spotless-maven-plugin:2.4.2:check (spotless-check) @ flink-connector-postgres-cdc ---
[INFO] 
[INFO] --- maven-checkstyle-plugin:2.17:check (validate) @ flink-connector-postgres-cdc ---
[INFO] 
[INFO] --- maven-enforcer-plugin:3.0.0-M1:enforce (enforce-maven-version) @ flink-connector-postgres-cdc ---
[INFO] 
[INFO] --- maven-remote-resources-plugin:1.5:process (process-resource-bundles) @ flink-connector-postgres-cdc ---
[INFO] 
[INFO] --- maven-resources-plugin:3.1.0:resources (default-resources) @ flink-connector-postgres-cdc ---
[INFO] Using 'UTF-8' encoding to copy filtered resources.
[INFO] Copying 1 resource
[INFO] Copying 3 resources
[INFO] 
[INFO] --- maven-compiler-plugin:3.7.0:compile (default-compile) @ flink-connector-postgres-cdc ---
[INFO] Nothing to compile - all classes are up to date
[INFO] 
[INFO] --- maven-resources-plugin:3.1.0:testResources (default-testResources) @ flink-connector-postgres-cdc ---
[INFO] Using 'UTF-8' encoding to copy filtered resources.
[INFO] Copying 4 resources
[INFO] Copying 3 resources
[INFO] 
[INFO] --- maven-compiler-plugin:3.7.0:testCompile (default-testCompile) @ flink-connector-postgres-cdc ---
[INFO] Nothing to compile - all classes are up to date
[INFO] 
[INFO] --- maven-surefire-plugin:2.22.0:test (default-test) @ flink-connector-postgres-cdc ---
[INFO] 
[INFO] -------------------------------------------------------
[INFO]  T E S T S
[INFO] -------------------------------------------------------
[INFO] Running com.ververica.cdc.connectors.postgres.table.PostgreSQLTableFactoryTest
[INFO] Tests run: 4, Failures: 0, Errors: 0, Skipped: 0, Time elapsed: 0.83 s - in com.ververica.cdc.connectors.postgres.table.PostgreSQLTableFactoryTest
[INFO] Running com.ververica.cdc.connectors.postgres.PostgreSQLSourceTest
1468 [main] INFO  org.apache.flink.runtime.taskexecutor.TaskExecutorResourceUtils - The configuration option taskmanager.cpu.cores required for local execution is not set, setting it to the maximal possible value.
1476 [main] INFO  org.apache.flink.runtime.taskexecutor.TaskExecutorResourceUtils - The configuration option taskmanager.memory.task.heap.size required for local execution is not set, setting it to the maximal possible value.
1476 [main] INFO  org.apache.flink.runtime.taskexecutor.TaskExecutorResourceUtils - The configuration option taskmanager.memory.task.off-heap.size required for local execution is not set, setting it to the maximal possible value.
1477 [main] INFO  org.apache.flink.runtime.taskexecutor.TaskExecutorResourceUtils - The configuration option taskmanager.memory.network.min required for local execution is not set, setting it to its default value 64 mb.
1477 [main] INFO  org.apache.flink.runtime.taskexecutor.TaskExecutorResourceUtils - The configuration option taskmanager.memory.network.max required for local execution is not set, setting it to its default value 64 mb.
1482 [main] INFO  org.apache.flink.runtime.minicluster.MiniCluster - Starting Flink Mini Cluster
1484 [main] INFO  org.apache.flink.runtime.minicluster.MiniCluster - Starting Metrics Registry
1529 [main] INFO  org.apache.flink.runtime.metrics.MetricRegistryImpl - No metrics reporter configured, no metrics will be exposed/reported.
1531 [main] INFO  org.apache.flink.runtime.minicluster.MiniCluster - Starting RPC Service(s)
1539 [main] INFO  org.apache.flink.runtime.rpc.akka.AkkaRpcServiceUtils - Trying to start local actor system
2062 [flink-akka.actor.default-dispatcher-3] INFO  akka.event.slf4j.Slf4jLogger - Slf4jLogger started
2304 [main] INFO  org.apache.flink.runtime.rpc.akka.AkkaRpcServiceUtils - Actor system started at akka://flink
2310 [main] INFO  org.apache.flink.runtime.rpc.akka.AkkaRpcServiceUtils - Trying to start local actor system
2365 [flink-metrics-2] INFO  akka.event.slf4j.Slf4jLogger - Slf4jLogger started
2381 [main] INFO  org.apache.flink.runtime.rpc.akka.AkkaRpcServiceUtils - Actor system started at akka://flink-metrics
2524 [main] INFO  org.apache.flink.runtime.rpc.akka.AkkaRpcService - Starting RPC endpoint for org.apache.flink.runtime.metrics.dump.MetricQueryService at akka://flink-metrics/user/rpc/MetricQueryService .
2661 [main] INFO  org.apache.flink.runtime.minicluster.MiniCluster - Starting high-availability services
2715 [main] INFO  org.apache.flink.runtime.blob.BlobServer - Created BLOB server storage directory /tmp/junit7192988267481512835/junit8260066029319369937/blobStore-a34a8c51-e5ba-4b1e-b8b2-f0aef33244f8
2742 [main] INFO  org.apache.flink.runtime.blob.BlobServer - Started BLOB server at 0.0.0.0:33705 - max concurrent requests: 50 - max backlog: 1000
2744 [main] INFO  org.apache.flink.runtime.blob.PermanentBlobCache - Created BLOB cache storage directory /tmp/junit7192988267481512835/junit8260066029319369937/blobStore-08d810a2-3105-4f93-9244-367483aef012
2749 [main] INFO  org.apache.flink.runtime.blob.TransientBlobCache - Created BLOB cache storage directory /tmp/junit7192988267481512835/junit8260066029319369937/blobStore-ecc25a04-d7b9-42ea-9b38-fe5b0e1e4cef
2750 [main] INFO  org.apache.flink.runtime.minicluster.MiniCluster - Starting 1 TaskManger(s)
2753 [main] INFO  org.apache.flink.runtime.taskexecutor.TaskManagerRunner - Starting TaskManager with ResourceID: f7c8e276-6d8f-4c0b-a9d9-00408e596451
2830 [main] INFO  org.apache.flink.runtime.taskexecutor.TaskManagerServices - Temporary file directory '/tmp/junit7192988267481512835/junit8260066029319369937': total 196 GB, usable 161 GB (82.14% usable)
2833 [main] INFO  org.apache.flink.runtime.io.disk.FileChannelManagerImpl - FileChannelManager uses directory /tmp/junit7192988267481512835/junit8260066029319369937/flink-io-96a8d9c4-12c2-4edd-a189-3316b1fc94e3 for spill files.
2857 [main] INFO  org.apache.flink.runtime.io.disk.FileChannelManagerImpl - FileChannelManager uses directory /tmp/junit7192988267481512835/junit8260066029319369937/flink-netty-shuffle-868d1f8d-6bc4-458c-81f3-e5bbf332e4b7 for spill files.
2875 [main] INFO  org.apache.flink.runtime.io.network.buffer.NetworkBufferPool - Allocated 64 MB for network buffer pool (number of memory segments: 2048, bytes per segment: 32768).
2910 [main] INFO  org.apache.flink.runtime.io.network.NettyShuffleEnvironment - Starting the network environment and its components.
2911 [main] INFO  org.apache.flink.runtime.taskexecutor.KvStateService - Starting the kvState service and its components.
2949 [main] INFO  org.apache.flink.runtime.rpc.akka.AkkaRpcService - Starting RPC endpoint for org.apache.flink.runtime.taskexecutor.TaskExecutor at akka://flink/user/rpc/taskmanager_0 .
2963 [flink-akka.actor.default-dispatcher-2] INFO  org.apache.flink.runtime.taskexecutor.DefaultJobLeaderService - Start job leader service.
2964 [flink-akka.actor.default-dispatcher-2] INFO  org.apache.flink.runtime.filecache.FileCache - User file cache uses directory /tmp/junit7192988267481512835/junit8260066029319369937/flink-dist-cache-590447cd-35d2-4e56-8d4a-3440992061fa
3062 [main] INFO  org.apache.flink.runtime.dispatcher.DispatcherRestEndpoint - Starting rest endpoint.
3064 [main] INFO  org.apache.flink.runtime.dispatcher.DispatcherRestEndpoint - Failed to load web based job submission extension. Probable reason: flink-runtime-web is not in the classpath.
3250 [main] WARN  org.apache.flink.runtime.webmonitor.WebMonitorUtils - Log file environment variable 'log.file' is not set.
3250 [main] WARN  org.apache.flink.runtime.webmonitor.WebMonitorUtils - JobManager log files are unavailable in the web dashboard. Log file location not found in environment variable 'log.file' or configuration key 'web.log.path'.
3747 [main] INFO  org.apache.flink.runtime.dispatcher.DispatcherRestEndpoint - Rest endpoint listening at localhost:38689
3750 [main] INFO  org.apache.flink.runtime.highavailability.nonha.embedded.EmbeddedLeaderService - Proposing leadership to contender http://localhost:38689
3806 [mini-cluster-io-thread-1] INFO  org.apache.flink.runtime.dispatcher.DispatcherRestEndpoint - http://localhost:38689 was granted leadership with leaderSessionID=e4ae1e10-28b5-4193-9079-14fdc04c39d2
3808 [mini-cluster-io-thread-1] INFO  org.apache.flink.runtime.highavailability.nonha.embedded.EmbeddedLeaderService - Received confirmation of leadership for leader http://localhost:38689 , session=e4ae1e10-28b5-4193-9079-14fdc04c39d2
3867 [main] INFO  org.apache.flink.runtime.rpc.akka.AkkaRpcService - Starting RPC endpoint for org.apache.flink.runtime.resourcemanager.StandaloneResourceManager at akka://flink/user/rpc/resourcemanager_1 .
4013 [main] INFO  org.apache.flink.runtime.highavailability.nonha.embedded.EmbeddedLeaderService - Proposing leadership to contender LeaderContender: DefaultDispatcherRunner
4014 [mini-cluster-io-thread-2] INFO  org.apache.flink.runtime.dispatcher.runner.DefaultDispatcherRunner - DefaultDispatcherRunner was granted leadership with leader id e70f481b-02f2-437c-87e6-3ff35736d2d3. Creating new DispatcherLeaderProcess.
4017 [mini-cluster-io-thread-2] INFO  org.apache.flink.runtime.dispatcher.runner.SessionDispatcherLeaderProcess - Start SessionDispatcherLeaderProcess.
4047 [flink-akka.actor.default-dispatcher-2] INFO  org.apache.flink.runtime.resourcemanager.StandaloneResourceManager - Starting the resource manager.
4047 [flink-akka.actor.default-dispatcher-2] INFO  org.apache.flink.runtime.highavailability.nonha.embedded.EmbeddedLeaderService - Proposing leadership to contender LeaderContender: StandaloneResourceManager
4058 [mini-cluster-io-thread-3] INFO  org.apache.flink.runtime.dispatcher.runner.SessionDispatcherLeaderProcess - Recover all persisted job graphs.
4058 [mini-cluster-io-thread-3] INFO  org.apache.flink.runtime.dispatcher.runner.SessionDispatcherLeaderProcess - Successfully recovered 0 persisted job graphs.
4074 [mini-cluster-io-thread-3] INFO  org.apache.flink.runtime.rpc.akka.AkkaRpcService - Starting RPC endpoint for org.apache.flink.runtime.dispatcher.StandaloneDispatcher at akka://flink/user/rpc/dispatcher_2 .
4078 [mini-cluster-io-thread-3] INFO  org.apache.flink.runtime.highavailability.nonha.embedded.EmbeddedLeaderService - Received confirmation of leadership for leader akka://flink/user/rpc/dispatcher_2 , session=e70f481b-02f2-437c-87e6-3ff35736d2d3
4079 [main] INFO  org.apache.flink.runtime.minicluster.MiniCluster - Flink Mini Cluster started successfully
4081 [flink-akka.actor.default-dispatcher-2] INFO  org.apache.flink.runtime.resourcemanager.StandaloneResourceManager - ResourceManager akka://flink/user/rpc/resourcemanager_1 was granted leadership with fencing token ae3252944e0b017decdff7fd30af4fc6
4087 [main] INFO  org.apache.flink.configuration.Configuration - Config uses fallback configuration key 'jobmanager.rpc.address' instead of key 'rest.address'
4135 [mini-cluster-io-thread-8] INFO  org.apache.flink.runtime.highavailability.nonha.embedded.EmbeddedLeaderService - Received confirmation of leadership for leader akka://flink/user/rpc/resourcemanager_1 , session=ecdff7fd-30af-4fc6-ae32-52944e0b017d
4200 [flink-akka.actor.default-dispatcher-4] INFO  org.apache.flink.runtime.taskexecutor.TaskExecutor - Connecting to ResourceManager akka://flink/user/rpc/resourcemanager_1(ae3252944e0b017decdff7fd30af4fc6).
4211 [main] INFO  com.ververica.cdc.connectors.postgres.PostgresTestBase - Starting containers...
4232 [flink-akka.actor.default-dispatcher-3] INFO  org.apache.flink.runtime.taskexecutor.TaskExecutor - Resolved ResourceManager address, beginning registration
4237 [flink-akka.actor.default-dispatcher-4] INFO  org.apache.flink.runtime.resourcemanager.StandaloneResourceManager - Registering TaskManager with ResourceID f7c8e276-6d8f-4c0b-a9d9-00408e596451 (akka://flink/user/rpc/taskmanager_0) at ResourceManager
4239 [flink-akka.actor.default-dispatcher-4] INFO  org.apache.flink.runtime.taskexecutor.TaskExecutor - Successful registration at resource manager akka://flink/user/rpc/resourcemanager_1 under registration id dad54e4113216373b0b894a8e57dfb64.
4245 [testcontainers-lifecycle-0] WARN  org.testcontainers.utility.TestcontainersConfiguration - Attempted to read Testcontainers configuration file at file:/root/.testcontainers.properties but the file was not found. Exception message: FileNotFoundException: /root/.testcontainers.properties (No such file or directory)
4382 [testcontainers-lifecycle-0] INFO  org.testcontainers.dockerclient.DockerMachineClientProviderStrategy - docker-machine executable was not found on PATH ([/usr/local/openjdk-8/bin, /usr/local/sbin, /usr/local/bin, /usr/sbin, /usr/bin, /sbin, /bin])
4382 [testcontainers-lifecycle-0] ERROR org.testcontainers.dockerclient.DockerClientProviderStrategy - Could not find a valid Docker environment. Please check configuration. Attempted configurations were:
4382 [testcontainers-lifecycle-0] ERROR org.testcontainers.dockerclient.DockerClientProviderStrategy -     UnixSocketClientProviderStrategy: failed with exception InvalidConfigurationException (Could not find unix domain socket). Root cause NoSuchFileException (/var/run/docker.sock)
4382 [testcontainers-lifecycle-0] ERROR org.testcontainers.dockerclient.DockerClientProviderStrategy - As no valid configuration was found, execution cannot continue
4382 [main] INFO  org.apache.flink.test.util.MiniClusterWithClientResource - Finalization triggered: Cluster shutdown is going to be initiated.
4409 [main] INFO  org.apache.flink.runtime.minicluster.MiniCluster - Shutting down Flink Mini Cluster
4409 [flink-akka.actor.default-dispatcher-2] INFO  org.apache.flink.runtime.taskexecutor.TaskExecutor - Stopping TaskExecutor akka://flink/user/rpc/taskmanager_0.
4409 [flink-akka.actor.default-dispatcher-2] INFO  org.apache.flink.runtime.taskexecutor.TaskExecutor - Close ResourceManager connection 9aa7c6f334cf4475e9777226d6e68e5f.
4409 [main] INFO  org.apache.flink.runtime.dispatcher.DispatcherRestEndpoint - Shutting down rest endpoint.
4412 [flink-akka.actor.default-dispatcher-2] INFO  org.apache.flink.runtime.taskexecutor.DefaultJobLeaderService - Stop job leader service.
4412 [flink-akka.actor.default-dispatcher-2] INFO  org.apache.flink.runtime.state.TaskExecutorLocalStateStoresManager - Shutting down TaskExecutorLocalStateStoresManager.
4414 [flink-akka.actor.default-dispatcher-3] INFO  org.apache.flink.runtime.resourcemanager.StandaloneResourceManager - Closing TaskExecutor connection f7c8e276-6d8f-4c0b-a9d9-00408e596451 because: The TaskExecutor is shutting down.
4438 [ForkJoinPool.commonPool-worker-3] INFO  org.apache.flink.runtime.dispatcher.DispatcherRestEndpoint - Removing cache directory /tmp/flink-web-ui
4441 [ForkJoinPool.commonPool-worker-3] INFO  org.apache.flink.runtime.dispatcher.DispatcherRestEndpoint - Shut down complete.
4442 [flink-akka.actor.default-dispatcher-3] INFO  org.apache.flink.runtime.resourcemanager.StandaloneResourceManager - Shut down cluster because application is in CANCELED, diagnostics DispatcherResourceManagerComponent has been closed..
4442 [flink-akka.actor.default-dispatcher-3] INFO  org.apache.flink.runtime.entrypoint.component.DispatcherResourceManagerComponent - Closing components.
4442 [flink-akka.actor.default-dispatcher-3] INFO  org.apache.flink.runtime.dispatcher.runner.SessionDispatcherLeaderProcess - Stopping SessionDispatcherLeaderProcess.
4443 [flink-akka.actor.default-dispatcher-5] INFO  org.apache.flink.runtime.dispatcher.StandaloneDispatcher - Stopping dispatcher akka://flink/user/rpc/dispatcher_2.
4443 [flink-akka.actor.default-dispatcher-2] INFO  org.apache.flink.runtime.io.disk.FileChannelManagerImpl - FileChannelManager removed spill file directory /tmp/junit7192988267481512835/junit8260066029319369937/flink-io-96a8d9c4-12c2-4edd-a189-3316b1fc94e3
4443 [flink-akka.actor.default-dispatcher-5] INFO  org.apache.flink.runtime.dispatcher.StandaloneDispatcher - Stopping all currently running jobs of dispatcher akka://flink/user/rpc/dispatcher_2.
4443 [flink-akka.actor.default-dispatcher-2] INFO  org.apache.flink.runtime.io.network.NettyShuffleEnvironment - Shutting down the network environment and its components.
4443 [flink-akka.actor.default-dispatcher-3] INFO  org.apache.flink.runtime.resourcemanager.slotmanager.DeclarativeSlotManager - Closing the slot manager.
4443 [flink-akka.actor.default-dispatcher-3] INFO  org.apache.flink.runtime.resourcemanager.slotmanager.DeclarativeSlotManager - Suspending the slot manager.
4444 [flink-akka.actor.default-dispatcher-2] INFO  org.apache.flink.runtime.io.disk.FileChannelManagerImpl - FileChannelManager removed spill file directory /tmp/junit7192988267481512835/junit8260066029319369937/flink-netty-shuffle-868d1f8d-6bc4-458c-81f3-e5bbf332e4b7
4444 [flink-akka.actor.default-dispatcher-2] INFO  org.apache.flink.runtime.taskexecutor.KvStateService - Shutting down the kvState service and its components.
4444 [flink-akka.actor.default-dispatcher-2] INFO  org.apache.flink.runtime.taskexecutor.DefaultJobLeaderService - Stop job leader service.
4444 [flink-akka.actor.default-dispatcher-2] INFO  org.apache.flink.runtime.filecache.FileCache - removed file cache directory /tmp/junit7192988267481512835/junit8260066029319369937/flink-dist-cache-590447cd-35d2-4e56-8d4a-3440992061fa
4466 [flink-akka.actor.default-dispatcher-5] INFO  org.apache.flink.runtime.dispatcher.StandaloneDispatcher - Stopped dispatcher akka://flink/user/rpc/dispatcher_2.
4468 [flink-akka.actor.default-dispatcher-2] INFO  org.apache.flink.runtime.taskexecutor.TaskExecutor - Stopped TaskExecutor akka://flink/user/rpc/taskmanager_0.
4473 [AkkaRpcService-Supervisor-Termination-Future-Executor-thread-1] INFO  org.apache.flink.runtime.rpc.akka.AkkaRpcService - Stopping Akka RPC service.
4571 [flink-metrics-2] INFO  org.apache.flink.runtime.rpc.akka.AkkaRpcService - Stopping Akka RPC service.
4572 [flink-metrics-2] INFO  org.apache.flink.runtime.rpc.akka.AkkaRpcService - Stopped Akka RPC service.
4611 [flink-akka.actor.default-dispatcher-4] INFO  org.apache.flink.runtime.blob.PermanentBlobCache - Shutting down BLOB cache
4615 [flink-akka.actor.default-dispatcher-4] INFO  org.apache.flink.runtime.blob.TransientBlobCache - Shutting down BLOB cache
4616 [flink-akka.actor.default-dispatcher-4] INFO  org.apache.flink.runtime.blob.BlobServer - Stopped BLOB server at 0.0.0.0:33705
4623 [flink-akka.actor.default-dispatcher-4] INFO  org.apache.flink.runtime.rpc.akka.AkkaRpcService - Stopped Akka RPC service.
[ERROR] Tests run: 1, Failures: 0, Errors: 1, Skipped: 0, Time elapsed: 3.323 s <<< FAILURE! - in com.ververica.cdc.connectors.postgres.PostgreSQLSourceTest
[ERROR] com.ververica.cdc.connectors.postgres.PostgreSQLSourceTest  Time elapsed: 3.323 s  <<< ERROR!
java.util.concurrent.CompletionException: java.lang.IllegalStateException: Could not find a valid Docker environment. Please see logs and check configuration
Caused by: java.lang.IllegalStateException: Could not find a valid Docker environment. Please see logs and check configuration

[INFO] 
[INFO] Results:
[INFO] 
[ERROR] Errors: 
[ERROR]   PostgreSQLSourceTest.com.ververica.cdc.connectors.postgres.PostgreSQLSourceTest » Completion
[INFO] 
[ERROR] Tests run: 5, Failures: 0, Errors: 1, Skipped: 0
[INFO] 
[INFO] 
[INFO] --------------< com.ververica:flink-connector-oracle-cdc >--------------
[INFO] Building flink-connector-oracle-cdc 2.1-SNAPSHOT                  [6/12]
[INFO] --------------------------------[ jar ]---------------------------------
[INFO] 
[INFO] --- spotless-maven-plugin:2.4.2:check (spotless-check) @ flink-connector-oracle-cdc ---
[INFO] 
[INFO] --- maven-checkstyle-plugin:2.17:check (validate) @ flink-connector-oracle-cdc ---
[INFO] 
[INFO] --- maven-enforcer-plugin:3.0.0-M1:enforce (enforce-maven-version) @ flink-connector-oracle-cdc ---
[INFO] 
[INFO] --- maven-remote-resources-plugin:1.5:process (process-resource-bundles) @ flink-connector-oracle-cdc ---
[INFO] 
[INFO] --- maven-resources-plugin:3.1.0:resources (default-resources) @ flink-connector-oracle-cdc ---
[INFO] Using 'UTF-8' encoding to copy filtered resources.
[INFO] Copying 1 resource
[INFO] Copying 3 resources
[INFO] 
[INFO] --- maven-compiler-plugin:3.7.0:compile (default-compile) @ flink-connector-oracle-cdc ---
[INFO] Nothing to compile - all classes are up to date
[INFO] 
[INFO] --- maven-resources-plugin:3.1.0:testResources (default-testResources) @ flink-connector-oracle-cdc ---
[INFO] Using 'UTF-8' encoding to copy filtered resources.
[INFO] Copying 4 resources
[INFO] Copying 3 resources
[INFO] 
[INFO] --- maven-compiler-plugin:3.7.0:testCompile (default-testCompile) @ flink-connector-oracle-cdc ---
[INFO] Nothing to compile - all classes are up to date
[INFO] 
[INFO] --- maven-surefire-plugin:2.22.0:test (default-test) @ flink-connector-oracle-cdc ---
[INFO] 
[INFO] -------------------------------------------------------
[INFO]  T E S T S
[INFO] -------------------------------------------------------
[INFO] Running com.ververica.cdc.connectors.oracle.OracleSourceTest
1156 [main] INFO  org.apache.flink.runtime.taskexecutor.TaskExecutorResourceUtils - The configuration option taskmanager.cpu.cores required for local execution is not set, setting it to the maximal possible value.
1159 [main] INFO  org.apache.flink.runtime.taskexecutor.TaskExecutorResourceUtils - The configuration option taskmanager.memory.task.heap.size required for local execution is not set, setting it to the maximal possible value.
1159 [main] INFO  org.apache.flink.runtime.taskexecutor.TaskExecutorResourceUtils - The configuration option taskmanager.memory.task.off-heap.size required for local execution is not set, setting it to the maximal possible value.
1181 [main] INFO  org.apache.flink.runtime.taskexecutor.TaskExecutorResourceUtils - The configuration option taskmanager.memory.network.min required for local execution is not set, setting it to its default value 64 mb.
1181 [main] INFO  org.apache.flink.runtime.taskexecutor.TaskExecutorResourceUtils - The configuration option taskmanager.memory.network.max required for local execution is not set, setting it to its default value 64 mb.
1186 [main] INFO  org.apache.flink.runtime.minicluster.MiniCluster - Starting Flink Mini Cluster
1192 [main] INFO  org.apache.flink.runtime.minicluster.MiniCluster - Starting Metrics Registry
1244 [main] INFO  org.apache.flink.runtime.metrics.MetricRegistryImpl - No metrics reporter configured, no metrics will be exposed/reported.
1244 [main] INFO  org.apache.flink.runtime.minicluster.MiniCluster - Starting RPC Service(s)
1253 [main] INFO  org.apache.flink.runtime.rpc.akka.AkkaRpcServiceUtils - Trying to start local actor system
1750 [flink-akka.actor.default-dispatcher-3] INFO  akka.event.slf4j.Slf4jLogger - Slf4jLogger started
2021 [main] INFO  org.apache.flink.runtime.rpc.akka.AkkaRpcServiceUtils - Actor system started at akka://flink
2029 [main] INFO  org.apache.flink.runtime.rpc.akka.AkkaRpcServiceUtils - Trying to start local actor system
2084 [flink-metrics-2] INFO  akka.event.slf4j.Slf4jLogger - Slf4jLogger started
2200 [main] INFO  org.apache.flink.runtime.rpc.akka.AkkaRpcServiceUtils - Actor system started at akka://flink-metrics
2268 [main] INFO  org.apache.flink.runtime.rpc.akka.AkkaRpcService - Starting RPC endpoint for org.apache.flink.runtime.metrics.dump.MetricQueryService at akka://flink-metrics/user/rpc/MetricQueryService .
2323 [main] INFO  org.apache.flink.runtime.minicluster.MiniCluster - Starting high-availability services
2344 [main] INFO  org.apache.flink.runtime.blob.BlobServer - Created BLOB server storage directory /tmp/junit6509823642623134735/junit1724085847215042157/blobStore-d5394a4b-c207-4aee-9abc-bb9b7c031967
2359 [main] INFO  org.apache.flink.runtime.blob.BlobServer - Started BLOB server at 0.0.0.0:44353 - max concurrent requests: 50 - max backlog: 1000
2423 [main] INFO  org.apache.flink.runtime.blob.PermanentBlobCache - Created BLOB cache storage directory /tmp/junit6509823642623134735/junit1724085847215042157/blobStore-5d5784c3-469f-4cc6-87ab-b5dc33e25b0e
2432 [main] INFO  org.apache.flink.runtime.blob.TransientBlobCache - Created BLOB cache storage directory /tmp/junit6509823642623134735/junit1724085847215042157/blobStore-00d3ccdc-5b6f-42b6-b09f-ecb5780988cf
2453 [main] INFO  org.apache.flink.runtime.minicluster.MiniCluster - Starting 1 TaskManger(s)
2455 [main] INFO  org.apache.flink.runtime.taskexecutor.TaskManagerRunner - Starting TaskManager with ResourceID: 52a97da1-c64b-410c-9830-ffbf1c1bf5fc
2556 [main] INFO  org.apache.flink.runtime.taskexecutor.TaskManagerServices - Temporary file directory '/tmp/junit6509823642623134735/junit1724085847215042157': total 196 GB, usable 161 GB (82.14% usable)
2558 [main] INFO  org.apache.flink.runtime.io.disk.FileChannelManagerImpl - FileChannelManager uses directory /tmp/junit6509823642623134735/junit1724085847215042157/flink-io-66442ad8-a008-4904-bc60-c6ce7e0d8c29 for spill files.
2602 [main] INFO  org.apache.flink.runtime.io.disk.FileChannelManagerImpl - FileChannelManager uses directory /tmp/junit6509823642623134735/junit1724085847215042157/flink-netty-shuffle-a5790bc7-b4cd-402b-a816-6dc2970d408a for spill files.
2638 [main] INFO  org.apache.flink.runtime.io.network.buffer.NetworkBufferPool - Allocated 64 MB for network buffer pool (number of memory segments: 2048, bytes per segment: 32768).
2712 [main] INFO  org.apache.flink.runtime.io.network.NettyShuffleEnvironment - Starting the network environment and its components.
2713 [main] INFO  org.apache.flink.runtime.taskexecutor.KvStateService - Starting the kvState service and its components.
2787 [main] INFO  org.apache.flink.runtime.rpc.akka.AkkaRpcService - Starting RPC endpoint for org.apache.flink.runtime.taskexecutor.TaskExecutor at akka://flink/user/rpc/taskmanager_0 .
2820 [flink-akka.actor.default-dispatcher-3] INFO  org.apache.flink.runtime.taskexecutor.DefaultJobLeaderService - Start job leader service.
2821 [flink-akka.actor.default-dispatcher-3] INFO  org.apache.flink.runtime.filecache.FileCache - User file cache uses directory /tmp/junit6509823642623134735/junit1724085847215042157/flink-dist-cache-b698e264-8d49-4b5a-b396-b91e9c7b2816
2947 [main] INFO  org.apache.flink.runtime.dispatcher.DispatcherRestEndpoint - Starting rest endpoint.
2950 [main] INFO  org.apache.flink.runtime.dispatcher.DispatcherRestEndpoint - Failed to load web based job submission extension. Probable reason: flink-runtime-web is not in the classpath.
3203 [main] WARN  org.apache.flink.runtime.webmonitor.WebMonitorUtils - Log file environment variable 'log.file' is not set.
3203 [main] WARN  org.apache.flink.runtime.webmonitor.WebMonitorUtils - JobManager log files are unavailable in the web dashboard. Log file location not found in environment variable 'log.file' or configuration key 'web.log.path'.
3407 [main] INFO  org.apache.flink.runtime.dispatcher.DispatcherRestEndpoint - Rest endpoint listening at localhost:35541
3409 [main] INFO  org.apache.flink.runtime.highavailability.nonha.embedded.EmbeddedLeaderService - Proposing leadership to contender http://localhost:35541
3413 [mini-cluster-io-thread-1] INFO  org.apache.flink.runtime.dispatcher.DispatcherRestEndpoint - http://localhost:35541 was granted leadership with leaderSessionID=2c1cd7e7-2d43-4315-b23d-a7751b32a4e3
3413 [mini-cluster-io-thread-1] INFO  org.apache.flink.runtime.highavailability.nonha.embedded.EmbeddedLeaderService - Received confirmation of leadership for leader http://localhost:35541 , session=2c1cd7e7-2d43-4315-b23d-a7751b32a4e3
3433 [main] INFO  org.apache.flink.runtime.rpc.akka.AkkaRpcService - Starting RPC endpoint for org.apache.flink.runtime.resourcemanager.StandaloneResourceManager at akka://flink/user/rpc/resourcemanager_1 .
3446 [main] INFO  org.apache.flink.runtime.highavailability.nonha.embedded.EmbeddedLeaderService - Proposing leadership to contender LeaderContender: DefaultDispatcherRunner
3446 [mini-cluster-io-thread-2] INFO  org.apache.flink.runtime.dispatcher.runner.DefaultDispatcherRunner - DefaultDispatcherRunner was granted leadership with leader id f1773a84-6fed-4bc1-b7b2-e084aef89a06. Creating new DispatcherLeaderProcess.
3448 [mini-cluster-io-thread-2] INFO  org.apache.flink.runtime.dispatcher.runner.SessionDispatcherLeaderProcess - Start SessionDispatcherLeaderProcess.
3449 [flink-akka.actor.default-dispatcher-3] INFO  org.apache.flink.runtime.resourcemanager.StandaloneResourceManager - Starting the resource manager.
3449 [flink-akka.actor.default-dispatcher-3] INFO  org.apache.flink.runtime.highavailability.nonha.embedded.EmbeddedLeaderService - Proposing leadership to contender LeaderContender: StandaloneResourceManager
3456 [mini-cluster-io-thread-3] INFO  org.apache.flink.runtime.dispatcher.runner.SessionDispatcherLeaderProcess - Recover all persisted job graphs.
3458 [mini-cluster-io-thread-3] INFO  org.apache.flink.runtime.dispatcher.runner.SessionDispatcherLeaderProcess - Successfully recovered 0 persisted job graphs.
3468 [main] INFO  org.apache.flink.runtime.minicluster.MiniCluster - Flink Mini Cluster started successfully
3471 [mini-cluster-io-thread-3] INFO  org.apache.flink.runtime.rpc.akka.AkkaRpcService - Starting RPC endpoint for org.apache.flink.runtime.dispatcher.StandaloneDispatcher at akka://flink/user/rpc/dispatcher_2 .
3474 [mini-cluster-io-thread-3] INFO  org.apache.flink.runtime.highavailability.nonha.embedded.EmbeddedLeaderService - Received confirmation of leadership for leader akka://flink/user/rpc/dispatcher_2 , session=f1773a84-6fed-4bc1-b7b2-e084aef89a06
3474 [main] INFO  org.apache.flink.configuration.Configuration - Config uses fallback configuration key 'jobmanager.rpc.address' instead of key 'rest.address'
3507 [flink-akka.actor.default-dispatcher-3] INFO  org.apache.flink.runtime.resourcemanager.StandaloneResourceManager - ResourceManager akka://flink/user/rpc/resourcemanager_1 was granted leadership with fencing token 940614d74e0bc34ca07c146030184f31
3531 [mini-cluster-io-thread-8] INFO  org.apache.flink.runtime.highavailability.nonha.embedded.EmbeddedLeaderService - Received confirmation of leadership for leader akka://flink/user/rpc/resourcemanager_1 , session=a07c1460-3018-4f31-9406-14d74e0bc34c
3548 [flink-akka.actor.default-dispatcher-2] INFO  org.apache.flink.runtime.taskexecutor.TaskExecutor - Connecting to ResourceManager akka://flink/user/rpc/resourcemanager_1(940614d74e0bc34ca07c146030184f31).
3571 [flink-akka.actor.default-dispatcher-3] INFO  org.apache.flink.runtime.taskexecutor.TaskExecutor - Resolved ResourceManager address, beginning registration
3574 [flink-akka.actor.default-dispatcher-3] INFO  org.apache.flink.runtime.resourcemanager.StandaloneResourceManager - Registering TaskManager with ResourceID 52a97da1-c64b-410c-9830-ffbf1c1bf5fc (akka://flink/user/rpc/taskmanager_0) at ResourceManager
3577 [flink-akka.actor.default-dispatcher-4] INFO  org.apache.flink.runtime.taskexecutor.TaskExecutor - Successful registration at resource manager akka://flink/user/rpc/resourcemanager_1 under registration id 26e490fbc98d8c5ad3246cd90a4156ee.
3598 [main] INFO  com.ververica.cdc.connectors.oracle.OracleSourceTest - 
================================================================================
Test testCheckpointAndRestore(com.ververica.cdc.connectors.oracle.OracleSourceTest) is running.
--------------------------------------------------------------------------------
3598 [main] INFO  com.ververica.cdc.connectors.oracle.OracleSourceTest - Starting containers...
3609 [testcontainers-lifecycle-0] WARN  org.testcontainers.utility.TestcontainersConfiguration - Attempted to read Testcontainers configuration file at file:/root/.testcontainers.properties but the file was not found. Exception message: FileNotFoundException: /root/.testcontainers.properties (No such file or directory)
3764 [testcontainers-lifecycle-0] INFO  org.testcontainers.dockerclient.DockerMachineClientProviderStrategy - docker-machine executable was not found on PATH ([/usr/local/openjdk-8/bin, /usr/local/sbin, /usr/local/bin, /usr/sbin, /usr/bin, /sbin, /bin])
3764 [testcontainers-lifecycle-0] ERROR org.testcontainers.dockerclient.DockerClientProviderStrategy - Could not find a valid Docker environment. Please check configuration. Attempted configurations were:
3764 [testcontainers-lifecycle-0] ERROR org.testcontainers.dockerclient.DockerClientProviderStrategy -     UnixSocketClientProviderStrategy: failed with exception InvalidConfigurationException (Could not find unix domain socket). Root cause NoSuchFileException (/var/run/docker.sock)
3765 [testcontainers-lifecycle-0] ERROR org.testcontainers.dockerclient.DockerClientProviderStrategy - As no valid configuration was found, execution cannot continue
3788 [main] ERROR com.ververica.cdc.connectors.oracle.OracleSourceTest - 
--------------------------------------------------------------------------------
Test testCheckpointAndRestore(com.ververica.cdc.connectors.oracle.OracleSourceTest) failed with:
java.util.concurrent.CompletionException: java.lang.IllegalStateException: Could not find a valid Docker environment. Please see logs and check configuration
	at java.util.concurrent.CompletableFuture.encodeThrowable(CompletableFuture.java:273)
	at java.util.concurrent.CompletableFuture.completeThrowable(CompletableFuture.java:280)
	at java.util.concurrent.CompletableFuture.uniRun(CompletableFuture.java:722)
	at java.util.concurrent.CompletableFuture$UniRun.tryFire(CompletableFuture.java:701)
	at java.util.concurrent.CompletableFuture$Completion.run(CompletableFuture.java:456)
	at java.util.concurrent.ThreadPoolExecutor.runWorker(ThreadPoolExecutor.java:1149)
	at java.util.concurrent.ThreadPoolExecutor$Worker.run(ThreadPoolExecutor.java:624)
	at java.lang.Thread.run(Thread.java:748)
Caused by: java.lang.IllegalStateException: Could not find a valid Docker environment. Please see logs and check configuration
	at org.testcontainers.dockerclient.DockerClientProviderStrategy.lambda$getFirstValidStrategy$4(DockerClientProviderStrategy.java:156)
	at java.util.Optional.orElseThrow(Optional.java:290)
	at org.testcontainers.dockerclient.DockerClientProviderStrategy.getFirstValidStrategy(DockerClientProviderStrategy.java:148)
	at org.testcontainers.DockerClientFactory.getOrInitializeStrategy(DockerClientFactory.java:146)
	at org.testcontainers.DockerClientFactory.client(DockerClientFactory.java:188)
	at org.testcontainers.DockerClientFactory$1.getDockerClient(DockerClientFactory.java:101)
	at com.github.dockerjava.api.DockerClientDelegate.authConfig(DockerClientDelegate.java:107)
	at org.testcontainers.containers.GenericContainer.start(GenericContainer.java:316)
	at java.util.concurrent.CompletableFuture.uniRun(CompletableFuture.java:719)
	... 5 more

================================================================================
3790 [main] INFO  com.ververica.cdc.connectors.oracle.OracleSourceTest - 
================================================================================
Test testConsumingEmptyTable(com.ververica.cdc.connectors.oracle.OracleSourceTest) is running.
--------------------------------------------------------------------------------
3790 [main] INFO  com.ververica.cdc.connectors.oracle.OracleSourceTest - Starting containers...
3794 [main] ERROR com.ververica.cdc.connectors.oracle.OracleSourceTest - 
--------------------------------------------------------------------------------
Test testConsumingEmptyTable(com.ververica.cdc.connectors.oracle.OracleSourceTest) failed with:
java.util.concurrent.CompletionException: java.lang.IllegalStateException: Previous attempts to find a Docker environment failed. Will not retry. Please see logs and check configuration
	at java.util.concurrent.CompletableFuture.encodeThrowable(CompletableFuture.java:273)
	at java.util.concurrent.CompletableFuture.completeThrowable(CompletableFuture.java:280)
	at java.util.concurrent.CompletableFuture.uniRun(CompletableFuture.java:722)
	at java.util.concurrent.CompletableFuture$UniRun.tryFire(CompletableFuture.java:701)
	at java.util.concurrent.CompletableFuture$Completion.run(CompletableFuture.java:456)
	at java.util.concurrent.ThreadPoolExecutor.runWorker(ThreadPoolExecutor.java:1149)
	at java.util.concurrent.ThreadPoolExecutor$Worker.run(ThreadPoolExecutor.java:624)
	at java.lang.Thread.run(Thread.java:748)
Caused by: java.lang.IllegalStateException: Previous attempts to find a Docker environment failed. Will not retry. Please see logs and check configuration
	at org.testcontainers.dockerclient.DockerClientProviderStrategy.getFirstValidStrategy(DockerClientProviderStrategy.java:114)
	at org.testcontainers.DockerClientFactory.getOrInitializeStrategy(DockerClientFactory.java:146)
	at org.testcontainers.DockerClientFactory.client(DockerClientFactory.java:188)
	at org.testcontainers.DockerClientFactory$1.getDockerClient(DockerClientFactory.java:101)
	at com.github.dockerjava.api.DockerClientDelegate.authConfig(DockerClientDelegate.java:107)
	at org.testcontainers.containers.GenericContainer.start(GenericContainer.java:316)
	at java.util.concurrent.CompletableFuture.uniRun(CompletableFuture.java:719)
	... 5 more

================================================================================
3795 [main] INFO  com.ververica.cdc.connectors.oracle.OracleSourceTest - 
================================================================================
Test testRecoverFromRenameOperation(com.ververica.cdc.connectors.oracle.OracleSourceTest) is running.
--------------------------------------------------------------------------------
3795 [main] INFO  com.ververica.cdc.connectors.oracle.OracleSourceTest - Starting containers...
3796 [main] ERROR com.ververica.cdc.connectors.oracle.OracleSourceTest - 
--------------------------------------------------------------------------------
Test testRecoverFromRenameOperation(com.ververica.cdc.connectors.oracle.OracleSourceTest) failed with:
java.util.concurrent.CompletionException: java.lang.IllegalStateException: Previous attempts to find a Docker environment failed. Will not retry. Please see logs and check configuration
	at java.util.concurrent.CompletableFuture.encodeThrowable(CompletableFuture.java:273)
	at java.util.concurrent.CompletableFuture.completeThrowable(CompletableFuture.java:280)
	at java.util.concurrent.CompletableFuture.uniRun(CompletableFuture.java:722)
	at java.util.concurrent.CompletableFuture$UniRun.tryFire(CompletableFuture.java:701)
	at java.util.concurrent.CompletableFuture$Completion.run(CompletableFuture.java:456)
	at java.util.concurrent.ThreadPoolExecutor.runWorker(ThreadPoolExecutor.java:1149)
	at java.util.concurrent.ThreadPoolExecutor$Worker.run(ThreadPoolExecutor.java:624)
	at java.lang.Thread.run(Thread.java:748)
Caused by: java.lang.IllegalStateException: Previous attempts to find a Docker environment failed. Will not retry. Please see logs and check configuration
	at org.testcontainers.dockerclient.DockerClientProviderStrategy.getFirstValidStrategy(DockerClientProviderStrategy.java:114)
	at org.testcontainers.DockerClientFactory.getOrInitializeStrategy(DockerClientFactory.java:146)
	at org.testcontainers.DockerClientFactory.client(DockerClientFactory.java:188)
	at org.testcontainers.DockerClientFactory$1.getDockerClient(DockerClientFactory.java:101)
	at com.github.dockerjava.api.DockerClientDelegate.authConfig(DockerClientDelegate.java:107)
	at org.testcontainers.containers.GenericContainer.start(GenericContainer.java:316)
	at java.util.concurrent.CompletableFuture.uniRun(CompletableFuture.java:719)
	... 5 more

================================================================================
3803 [main] INFO  com.ververica.cdc.connectors.oracle.OracleSourceTest - 
================================================================================
Test testConsumingAllEvents(com.ververica.cdc.connectors.oracle.OracleSourceTest) is running.
--------------------------------------------------------------------------------
3803 [main] INFO  com.ververica.cdc.connectors.oracle.OracleSourceTest - Starting containers...
3821 [main] ERROR com.ververica.cdc.connectors.oracle.OracleSourceTest - 
--------------------------------------------------------------------------------
Test testConsumingAllEvents(com.ververica.cdc.connectors.oracle.OracleSourceTest) failed with:
java.util.concurrent.CompletionException: java.lang.IllegalStateException: Previous attempts to find a Docker environment failed. Will not retry. Please see logs and check configuration
	at java.util.concurrent.CompletableFuture.encodeThrowable(CompletableFuture.java:273)
	at java.util.concurrent.CompletableFuture.completeThrowable(CompletableFuture.java:280)
	at java.util.concurrent.CompletableFuture.uniRun(CompletableFuture.java:722)
	at java.util.concurrent.CompletableFuture$UniRun.tryFire(CompletableFuture.java:701)
	at java.util.concurrent.CompletableFuture$Completion.run(CompletableFuture.java:456)
	at java.util.concurrent.ThreadPoolExecutor.runWorker(ThreadPoolExecutor.java:1149)
	at java.util.concurrent.ThreadPoolExecutor$Worker.run(ThreadPoolExecutor.java:624)
	at java.lang.Thread.run(Thread.java:748)
Caused by: java.lang.IllegalStateException: Previous attempts to find a Docker environment failed. Will not retry. Please see logs and check configuration
	at org.testcontainers.dockerclient.DockerClientProviderStrategy.getFirstValidStrategy(DockerClientProviderStrategy.java:114)
	at org.testcontainers.DockerClientFactory.getOrInitializeStrategy(DockerClientFactory.java:146)
	at org.testcontainers.DockerClientFactory.client(DockerClientFactory.java:188)
	at org.testcontainers.DockerClientFactory$1.getDockerClient(DockerClientFactory.java:101)
	at com.github.dockerjava.api.DockerClientDelegate.authConfig(DockerClientDelegate.java:107)
	at org.testcontainers.containers.GenericContainer.start(GenericContainer.java:316)
	at java.util.concurrent.CompletableFuture.uniRun(CompletableFuture.java:719)
	... 5 more

================================================================================
3821 [main] INFO  org.apache.flink.test.util.MiniClusterWithClientResource - Finalization triggered: Cluster shutdown is going to be initiated.
3850 [main] INFO  org.apache.flink.runtime.minicluster.MiniCluster - Shutting down Flink Mini Cluster
3851 [flink-akka.actor.default-dispatcher-2] INFO  org.apache.flink.runtime.taskexecutor.TaskExecutor - Stopping TaskExecutor akka://flink/user/rpc/taskmanager_0.
3851 [flink-akka.actor.default-dispatcher-2] INFO  org.apache.flink.runtime.taskexecutor.TaskExecutor - Close ResourceManager connection bca5fabb5e0eacbd8d209503fa6556f5.
3851 [main] INFO  org.apache.flink.runtime.dispatcher.DispatcherRestEndpoint - Shutting down rest endpoint.
3855 [flink-akka.actor.default-dispatcher-6] INFO  org.apache.flink.runtime.resourcemanager.StandaloneResourceManager - Closing TaskExecutor connection 52a97da1-c64b-410c-9830-ffbf1c1bf5fc because: The TaskExecutor is shutting down.
3865 [flink-akka.actor.default-dispatcher-2] INFO  org.apache.flink.runtime.taskexecutor.DefaultJobLeaderService - Stop job leader service.
3865 [flink-akka.actor.default-dispatcher-2] INFO  org.apache.flink.runtime.state.TaskExecutorLocalStateStoresManager - Shutting down TaskExecutorLocalStateStoresManager.
3869 [flink-akka.actor.default-dispatcher-2] INFO  org.apache.flink.runtime.io.disk.FileChannelManagerImpl - FileChannelManager removed spill file directory /tmp/junit6509823642623134735/junit1724085847215042157/flink-io-66442ad8-a008-4904-bc60-c6ce7e0d8c29
3869 [flink-akka.actor.default-dispatcher-2] INFO  org.apache.flink.runtime.io.network.NettyShuffleEnvironment - Shutting down the network environment and its components.
3870 [flink-akka.actor.default-dispatcher-2] INFO  org.apache.flink.runtime.io.disk.FileChannelManagerImpl - FileChannelManager removed spill file directory /tmp/junit6509823642623134735/junit1724085847215042157/flink-netty-shuffle-a5790bc7-b4cd-402b-a816-6dc2970d408a
3870 [flink-akka.actor.default-dispatcher-2] INFO  org.apache.flink.runtime.taskexecutor.KvStateService - Shutting down the kvState service and its components.
3870 [flink-akka.actor.default-dispatcher-2] INFO  org.apache.flink.runtime.taskexecutor.DefaultJobLeaderService - Stop job leader service.
3870 [flink-akka.actor.default-dispatcher-2] INFO  org.apache.flink.runtime.filecache.FileCache - removed file cache directory /tmp/junit6509823642623134735/junit1724085847215042157/flink-dist-cache-b698e264-8d49-4b5a-b396-b91e9c7b2816
3901 [ForkJoinPool.commonPool-worker-3] INFO  org.apache.flink.runtime.dispatcher.DispatcherRestEndpoint - Removing cache directory /tmp/flink-web-ui
3902 [ForkJoinPool.commonPool-worker-3] INFO  org.apache.flink.runtime.dispatcher.DispatcherRestEndpoint - Shut down complete.
3903 [flink-akka.actor.default-dispatcher-6] INFO  org.apache.flink.runtime.resourcemanager.StandaloneResourceManager - Shut down cluster because application is in CANCELED, diagnostics DispatcherResourceManagerComponent has been closed..
3903 [flink-akka.actor.default-dispatcher-6] INFO  org.apache.flink.runtime.entrypoint.component.DispatcherResourceManagerComponent - Closing components.
3903 [flink-akka.actor.default-dispatcher-6] INFO  org.apache.flink.runtime.dispatcher.runner.SessionDispatcherLeaderProcess - Stopping SessionDispatcherLeaderProcess.
3904 [flink-akka.actor.default-dispatcher-3] INFO  org.apache.flink.runtime.dispatcher.StandaloneDispatcher - Stopping dispatcher akka://flink/user/rpc/dispatcher_2.
3904 [flink-akka.actor.default-dispatcher-3] INFO  org.apache.flink.runtime.dispatcher.StandaloneDispatcher - Stopping all currently running jobs of dispatcher akka://flink/user/rpc/dispatcher_2.
3904 [flink-akka.actor.default-dispatcher-6] INFO  org.apache.flink.runtime.resourcemanager.slotmanager.DeclarativeSlotManager - Closing the slot manager.
3904 [flink-akka.actor.default-dispatcher-6] INFO  org.apache.flink.runtime.resourcemanager.slotmanager.DeclarativeSlotManager - Suspending the slot manager.
3913 [flink-akka.actor.default-dispatcher-2] INFO  org.apache.flink.runtime.taskexecutor.TaskExecutor - Stopped TaskExecutor akka://flink/user/rpc/taskmanager_0.
3920 [flink-akka.actor.default-dispatcher-3] INFO  org.apache.flink.runtime.dispatcher.StandaloneDispatcher - Stopped dispatcher akka://flink/user/rpc/dispatcher_2.
3934 [mini-cluster-io-thread-15] INFO  org.apache.flink.runtime.rpc.akka.AkkaRpcService - Stopping Akka RPC service.
3973 [flink-metrics-2] INFO  org.apache.flink.runtime.rpc.akka.AkkaRpcService - Stopping Akka RPC service.
3987 [flink-metrics-2] INFO  org.apache.flink.runtime.rpc.akka.AkkaRpcService - Stopped Akka RPC service.
4054 [flink-akka.actor.default-dispatcher-6] INFO  org.apache.flink.runtime.blob.PermanentBlobCache - Shutting down BLOB cache
4060 [flink-akka.actor.default-dispatcher-6] INFO  org.apache.flink.runtime.blob.TransientBlobCache - Shutting down BLOB cache
4061 [flink-akka.actor.default-dispatcher-6] INFO  org.apache.flink.runtime.blob.BlobServer - Stopped BLOB server at 0.0.0.0:44353
4061 [flink-akka.actor.default-dispatcher-6] INFO  org.apache.flink.runtime.rpc.akka.AkkaRpcService - Stopped Akka RPC service.
[ERROR] Tests run: 4, Failures: 0, Errors: 4, Skipped: 0, Time elapsed: 3.748 s <<< FAILURE! - in com.ververica.cdc.connectors.oracle.OracleSourceTest
[ERROR] testCheckpointAndRestore(com.ververica.cdc.connectors.oracle.OracleSourceTest)  Time elapsed: 0.193 s  <<< ERROR!
java.util.concurrent.CompletionException: java.lang.IllegalStateException: Could not find a valid Docker environment. Please see logs and check configuration
Caused by: java.lang.IllegalStateException: Could not find a valid Docker environment. Please see logs and check configuration

[ERROR] testConsumingEmptyTable(com.ververica.cdc.connectors.oracle.OracleSourceTest)  Time elapsed: 0.004 s  <<< ERROR!
java.util.concurrent.CompletionException: java.lang.IllegalStateException: Previous attempts to find a Docker environment failed. Will not retry. Please see logs and check configuration
Caused by: java.lang.IllegalStateException: Previous attempts to find a Docker environment failed. Will not retry. Please see logs and check configuration

[ERROR] testRecoverFromRenameOperation(com.ververica.cdc.connectors.oracle.OracleSourceTest)  Time elapsed: 0.009 s  <<< ERROR!
java.util.concurrent.CompletionException: java.lang.IllegalStateException: Previous attempts to find a Docker environment failed. Will not retry. Please see logs and check configuration
Caused by: java.lang.IllegalStateException: Previous attempts to find a Docker environment failed. Will not retry. Please see logs and check configuration

[ERROR] testConsumingAllEvents(com.ververica.cdc.connectors.oracle.OracleSourceTest)  Time elapsed: 0.017 s  <<< ERROR!
java.util.concurrent.CompletionException: java.lang.IllegalStateException: Previous attempts to find a Docker environment failed. Will not retry. Please see logs and check configuration
Caused by: java.lang.IllegalStateException: Previous attempts to find a Docker environment failed. Will not retry. Please see logs and check configuration

[INFO] Running com.ververica.cdc.connectors.oracle.table.OracleTableSourceFactoryTest
[INFO] Tests run: 6, Failures: 0, Errors: 0, Skipped: 0, Time elapsed: 0.177 s - in com.ververica.cdc.connectors.oracle.table.OracleTableSourceFactoryTest
[INFO] 
[INFO] Results:
[INFO] 
[ERROR] Errors: 
[ERROR]   OracleSourceTest.testCheckpointAndRestore » Completion java.lang.IllegalStateE...
[ERROR]   OracleSourceTest.testConsumingAllEvents » Completion java.lang.IllegalStateExc...
[ERROR]   OracleSourceTest.testConsumingEmptyTable » Completion java.lang.IllegalStateEx...
[ERROR]   OracleSourceTest.testRecoverFromRenameOperation » Completion java.lang.Illegal...
[INFO] 
[ERROR] Tests run: 10, Failures: 0, Errors: 4, Skipped: 0
[INFO] 
[INFO] 
[INFO] -------------< com.ververica:flink-connector-mongodb-cdc >--------------
[INFO] Building flink-connector-mongodb-cdc 2.1-SNAPSHOT                 [7/12]
[INFO] --------------------------------[ jar ]---------------------------------
[INFO] 
[INFO] --- spotless-maven-plugin:2.4.2:check (spotless-check) @ flink-connector-mongodb-cdc ---
[INFO] 
[INFO] --- maven-checkstyle-plugin:2.17:check (validate) @ flink-connector-mongodb-cdc ---
[INFO] 
[INFO] --- maven-enforcer-plugin:3.0.0-M1:enforce (enforce-maven-version) @ flink-connector-mongodb-cdc ---
[INFO] 
[INFO] --- maven-remote-resources-plugin:1.5:process (process-resource-bundles) @ flink-connector-mongodb-cdc ---
[INFO] 
[INFO] --- maven-resources-plugin:3.1.0:resources (default-resources) @ flink-connector-mongodb-cdc ---
[INFO] Using 'UTF-8' encoding to copy filtered resources.
[INFO] Copying 1 resource
[INFO] Copying 3 resources
[INFO] 
[INFO] --- maven-compiler-plugin:3.7.0:compile (default-compile) @ flink-connector-mongodb-cdc ---
[INFO] Nothing to compile - all classes are up to date
[INFO] 
[INFO] --- maven-resources-plugin:3.1.0:testResources (default-testResources) @ flink-connector-mongodb-cdc ---
[INFO] Using 'UTF-8' encoding to copy filtered resources.
[INFO] Copying 4 resources
[INFO] Copying 3 resources
[INFO] 
[INFO] --- maven-compiler-plugin:3.7.0:testCompile (default-testCompile) @ flink-connector-mongodb-cdc ---
[INFO] Nothing to compile - all classes are up to date
[INFO] 
[INFO] --- maven-surefire-plugin:2.22.0:test (default-test) @ flink-connector-mongodb-cdc ---
[INFO] 
[INFO] -------------------------------------------------------
[INFO]  T E S T S
[INFO] -------------------------------------------------------
[INFO] Running com.ververica.cdc.connectors.mongodb.table.MongoDBTableFactoryTest
[INFO] Tests run: 4, Failures: 0, Errors: 0, Skipped: 0, Time elapsed: 0.66 s - in com.ververica.cdc.connectors.mongodb.table.MongoDBTableFactoryTest
[INFO] Running com.ververica.cdc.connectors.mongodb.MongoDBSourceTest
1103 [main] INFO  org.apache.flink.runtime.taskexecutor.TaskExecutorResourceUtils - The configuration option taskmanager.cpu.cores required for local execution is not set, setting it to the maximal possible value.
1106 [main] INFO  org.apache.flink.runtime.taskexecutor.TaskExecutorResourceUtils - The configuration option taskmanager.memory.task.heap.size required for local execution is not set, setting it to the maximal possible value.
1106 [main] INFO  org.apache.flink.runtime.taskexecutor.TaskExecutorResourceUtils - The configuration option taskmanager.memory.task.off-heap.size required for local execution is not set, setting it to the maximal possible value.
1106 [main] INFO  org.apache.flink.runtime.taskexecutor.TaskExecutorResourceUtils - The configuration option taskmanager.memory.network.min required for local execution is not set, setting it to its default value 64 mb.
1107 [main] INFO  org.apache.flink.runtime.taskexecutor.TaskExecutorResourceUtils - The configuration option taskmanager.memory.network.max required for local execution is not set, setting it to its default value 64 mb.
1111 [main] INFO  org.apache.flink.runtime.minicluster.MiniCluster - Starting Flink Mini Cluster
1115 [main] INFO  org.apache.flink.runtime.minicluster.MiniCluster - Starting Metrics Registry
1147 [main] INFO  org.apache.flink.runtime.metrics.MetricRegistryImpl - No metrics reporter configured, no metrics will be exposed/reported.
1147 [main] INFO  org.apache.flink.runtime.minicluster.MiniCluster - Starting RPC Service(s)
1162 [main] INFO  org.apache.flink.runtime.rpc.akka.AkkaRpcServiceUtils - Trying to start local actor system
1627 [flink-akka.actor.default-dispatcher-3] INFO  akka.event.slf4j.Slf4jLogger - Slf4jLogger started
1847 [main] INFO  org.apache.flink.runtime.rpc.akka.AkkaRpcServiceUtils - Actor system started at akka://flink
1863 [main] INFO  org.apache.flink.runtime.rpc.akka.AkkaRpcServiceUtils - Trying to start local actor system
1932 [flink-metrics-2] INFO  akka.event.slf4j.Slf4jLogger - Slf4jLogger started
1971 [main] INFO  org.apache.flink.runtime.rpc.akka.AkkaRpcServiceUtils - Actor system started at akka://flink-metrics
2021 [main] INFO  org.apache.flink.runtime.rpc.akka.AkkaRpcService - Starting RPC endpoint for org.apache.flink.runtime.metrics.dump.MetricQueryService at akka://flink-metrics/user/rpc/MetricQueryService .
2193 [main] INFO  org.apache.flink.runtime.minicluster.MiniCluster - Starting high-availability services
2202 [main] INFO  org.apache.flink.runtime.blob.BlobServer - Created BLOB server storage directory /tmp/junit2575033910468477106/junit6510453355409444195/blobStore-4d9cd4d4-8648-40f3-9a4c-7870ac3f3518
2208 [main] INFO  org.apache.flink.runtime.blob.BlobServer - Started BLOB server at 0.0.0.0:34501 - max concurrent requests: 50 - max backlog: 1000
2241 [main] INFO  org.apache.flink.runtime.blob.PermanentBlobCache - Created BLOB cache storage directory /tmp/junit2575033910468477106/junit6510453355409444195/blobStore-3bdda95b-ffdb-4a02-a962-9550f01e446e
2242 [main] INFO  org.apache.flink.runtime.blob.TransientBlobCache - Created BLOB cache storage directory /tmp/junit2575033910468477106/junit6510453355409444195/blobStore-6ede5cd1-d9a7-4652-a518-511ee238c373
2243 [main] INFO  org.apache.flink.runtime.minicluster.MiniCluster - Starting 1 TaskManger(s)
2245 [main] INFO  org.apache.flink.runtime.taskexecutor.TaskManagerRunner - Starting TaskManager with ResourceID: aa19bc8a-e4f9-4162-bc3f-4a9d11fffbe1
2343 [main] INFO  org.apache.flink.runtime.taskexecutor.TaskManagerServices - Temporary file directory '/tmp/junit2575033910468477106/junit6510453355409444195': total 196 GB, usable 161 GB (82.14% usable)
2348 [main] INFO  org.apache.flink.runtime.io.disk.FileChannelManagerImpl - FileChannelManager uses directory /tmp/junit2575033910468477106/junit6510453355409444195/flink-io-1c439ba9-c8f0-4ad0-8de0-5ad7ecaa87d6 for spill files.
2357 [main] INFO  org.apache.flink.runtime.io.disk.FileChannelManagerImpl - FileChannelManager uses directory /tmp/junit2575033910468477106/junit6510453355409444195/flink-netty-shuffle-0f7c0569-1574-4b99-ad81-9c9590bcaec8 for spill files.
2397 [main] INFO  org.apache.flink.runtime.io.network.buffer.NetworkBufferPool - Allocated 64 MB for network buffer pool (number of memory segments: 2048, bytes per segment: 32768).
2438 [main] INFO  org.apache.flink.runtime.io.network.NettyShuffleEnvironment - Starting the network environment and its components.
2439 [main] INFO  org.apache.flink.runtime.taskexecutor.KvStateService - Starting the kvState service and its components.
2492 [main] INFO  org.apache.flink.runtime.rpc.akka.AkkaRpcService - Starting RPC endpoint for org.apache.flink.runtime.taskexecutor.TaskExecutor at akka://flink/user/rpc/taskmanager_0 .
2525 [flink-akka.actor.default-dispatcher-3] INFO  org.apache.flink.runtime.taskexecutor.DefaultJobLeaderService - Start job leader service.
2526 [flink-akka.actor.default-dispatcher-3] INFO  org.apache.flink.runtime.filecache.FileCache - User file cache uses directory /tmp/junit2575033910468477106/junit6510453355409444195/flink-dist-cache-a778f194-4f22-4b28-a152-bd171082608b
2598 [main] INFO  org.apache.flink.runtime.dispatcher.DispatcherRestEndpoint - Starting rest endpoint.
2606 [main] INFO  org.apache.flink.runtime.dispatcher.DispatcherRestEndpoint - Failed to load web based job submission extension. Probable reason: flink-runtime-web is not in the classpath.
2758 [main] WARN  org.apache.flink.runtime.webmonitor.WebMonitorUtils - Log file environment variable 'log.file' is not set.
2758 [main] WARN  org.apache.flink.runtime.webmonitor.WebMonitorUtils - JobManager log files are unavailable in the web dashboard. Log file location not found in environment variable 'log.file' or configuration key 'web.log.path'.
2938 [main] INFO  org.apache.flink.runtime.dispatcher.DispatcherRestEndpoint - Rest endpoint listening at localhost:45569
2948 [main] INFO  org.apache.flink.runtime.highavailability.nonha.embedded.EmbeddedLeaderService - Proposing leadership to contender http://localhost:45569
2968 [mini-cluster-io-thread-1] INFO  org.apache.flink.runtime.dispatcher.DispatcherRestEndpoint - http://localhost:45569 was granted leadership with leaderSessionID=95c9d945-ccb8-404f-8c3d-b973577a06d2
2968 [mini-cluster-io-thread-1] INFO  org.apache.flink.runtime.highavailability.nonha.embedded.EmbeddedLeaderService - Received confirmation of leadership for leader http://localhost:45569 , session=95c9d945-ccb8-404f-8c3d-b973577a06d2
3006 [main] INFO  org.apache.flink.runtime.rpc.akka.AkkaRpcService - Starting RPC endpoint for org.apache.flink.runtime.resourcemanager.StandaloneResourceManager at akka://flink/user/rpc/resourcemanager_1 .
3090 [main] INFO  org.apache.flink.runtime.highavailability.nonha.embedded.EmbeddedLeaderService - Proposing leadership to contender LeaderContender: DefaultDispatcherRunner
3093 [mini-cluster-io-thread-2] INFO  org.apache.flink.runtime.dispatcher.runner.DefaultDispatcherRunner - DefaultDispatcherRunner was granted leadership with leader id 82790252-c1a8-4a1b-95c6-fe0a8e70546c. Creating new DispatcherLeaderProcess.
3096 [mini-cluster-io-thread-2] INFO  org.apache.flink.runtime.dispatcher.runner.SessionDispatcherLeaderProcess - Start SessionDispatcherLeaderProcess.
3101 [mini-cluster-io-thread-3] INFO  org.apache.flink.runtime.dispatcher.runner.SessionDispatcherLeaderProcess - Recover all persisted job graphs.
3101 [mini-cluster-io-thread-3] INFO  org.apache.flink.runtime.dispatcher.runner.SessionDispatcherLeaderProcess - Successfully recovered 0 persisted job graphs.
3104 [flink-akka.actor.default-dispatcher-3] INFO  org.apache.flink.runtime.resourcemanager.StandaloneResourceManager - Starting the resource manager.
3104 [flink-akka.actor.default-dispatcher-3] INFO  org.apache.flink.runtime.highavailability.nonha.embedded.EmbeddedLeaderService - Proposing leadership to contender LeaderContender: StandaloneResourceManager
3117 [main] INFO  org.apache.flink.runtime.minicluster.MiniCluster - Flink Mini Cluster started successfully
3128 [flink-akka.actor.default-dispatcher-3] INFO  org.apache.flink.runtime.resourcemanager.StandaloneResourceManager - ResourceManager akka://flink/user/rpc/resourcemanager_1 was granted leadership with fencing token 9f2d7e1b4132c88de08676a3cf5d4221
3132 [mini-cluster-io-thread-3] INFO  org.apache.flink.runtime.rpc.akka.AkkaRpcService - Starting RPC endpoint for org.apache.flink.runtime.dispatcher.StandaloneDispatcher at akka://flink/user/rpc/dispatcher_2 .
3133 [main] INFO  org.apache.flink.configuration.Configuration - Config uses fallback configuration key 'jobmanager.rpc.address' instead of key 'rest.address'
3135 [mini-cluster-io-thread-3] INFO  org.apache.flink.runtime.highavailability.nonha.embedded.EmbeddedLeaderService - Received confirmation of leadership for leader akka://flink/user/rpc/dispatcher_2 , session=82790252-c1a8-4a1b-95c6-fe0a8e70546c
3179 [main] INFO  com.ververica.cdc.connectors.mongodb.MongoDBTestBase - Starting containers...
3252 [mini-cluster-io-thread-7] INFO  org.apache.flink.runtime.highavailability.nonha.embedded.EmbeddedLeaderService - Received confirmation of leadership for leader akka://flink/user/rpc/resourcemanager_1 , session=e08676a3-cf5d-4221-9f2d-7e1b4132c88d
3267 [testcontainers-lifecycle-0] WARN  org.testcontainers.utility.TestcontainersConfiguration - Attempted to read Testcontainers configuration file at file:/root/.testcontainers.properties but the file was not found. Exception message: FileNotFoundException: /root/.testcontainers.properties (No such file or directory)
3281 [flink-akka.actor.default-dispatcher-3] INFO  org.apache.flink.runtime.taskexecutor.TaskExecutor - Connecting to ResourceManager akka://flink/user/rpc/resourcemanager_1(9f2d7e1b4132c88de08676a3cf5d4221).
3292 [flink-akka.actor.default-dispatcher-3] INFO  org.apache.flink.runtime.taskexecutor.TaskExecutor - Resolved ResourceManager address, beginning registration
3319 [testcontainers-lifecycle-0] INFO  org.testcontainers.dockerclient.DockerMachineClientProviderStrategy - docker-machine executable was not found on PATH ([/usr/local/openjdk-8/bin, /usr/local/sbin, /usr/local/bin, /usr/sbin, /usr/bin, /sbin, /bin])
3319 [testcontainers-lifecycle-0] ERROR org.testcontainers.dockerclient.DockerClientProviderStrategy - Could not find a valid Docker environment. Please check configuration. Attempted configurations were:
3319 [testcontainers-lifecycle-0] ERROR org.testcontainers.dockerclient.DockerClientProviderStrategy -     UnixSocketClientProviderStrategy: failed with exception InvalidConfigurationException (Could not find unix domain socket). Root cause NoSuchFileException (/var/run/docker.sock)
3319 [testcontainers-lifecycle-0] ERROR org.testcontainers.dockerclient.DockerClientProviderStrategy - As no valid configuration was found, execution cannot continue
3319 [main] INFO  org.apache.flink.test.util.MiniClusterWithClientResource - Finalization triggered: Cluster shutdown is going to be initiated.
3331 [flink-akka.actor.default-dispatcher-2] INFO  org.apache.flink.runtime.resourcemanager.StandaloneResourceManager - Registering TaskManager with ResourceID aa19bc8a-e4f9-4162-bc3f-4a9d11fffbe1 (akka://flink/user/rpc/taskmanager_0) at ResourceManager
3339 [flink-akka.actor.default-dispatcher-3] INFO  org.apache.flink.runtime.taskexecutor.TaskExecutor - Successful registration at resource manager akka://flink/user/rpc/resourcemanager_1 under registration id 9558d92de8873ad52c8c72a2e8e1e620.
3367 [main] INFO  org.apache.flink.runtime.minicluster.MiniCluster - Shutting down Flink Mini Cluster
3367 [main] INFO  org.apache.flink.runtime.dispatcher.DispatcherRestEndpoint - Shutting down rest endpoint.
3368 [flink-akka.actor.default-dispatcher-5] INFO  org.apache.flink.runtime.taskexecutor.TaskExecutor - Stopping TaskExecutor akka://flink/user/rpc/taskmanager_0.
3368 [flink-akka.actor.default-dispatcher-5] INFO  org.apache.flink.runtime.taskexecutor.TaskExecutor - Close ResourceManager connection c8905c25d74986ff5601c4f99763109d.
3368 [flink-akka.actor.default-dispatcher-2] INFO  org.apache.flink.runtime.resourcemanager.StandaloneResourceManager - Closing TaskExecutor connection aa19bc8a-e4f9-4162-bc3f-4a9d11fffbe1 because: The TaskExecutor is shutting down.
3371 [flink-akka.actor.default-dispatcher-5] INFO  org.apache.flink.runtime.taskexecutor.DefaultJobLeaderService - Stop job leader service.
3372 [flink-akka.actor.default-dispatcher-5] INFO  org.apache.flink.runtime.state.TaskExecutorLocalStateStoresManager - Shutting down TaskExecutorLocalStateStoresManager.
3377 [flink-akka.actor.default-dispatcher-5] INFO  org.apache.flink.runtime.io.disk.FileChannelManagerImpl - FileChannelManager removed spill file directory /tmp/junit2575033910468477106/junit6510453355409444195/flink-io-1c439ba9-c8f0-4ad0-8de0-5ad7ecaa87d6
3377 [flink-akka.actor.default-dispatcher-5] INFO  org.apache.flink.runtime.io.network.NettyShuffleEnvironment - Shutting down the network environment and its components.
3378 [flink-akka.actor.default-dispatcher-5] INFO  org.apache.flink.runtime.io.disk.FileChannelManagerImpl - FileChannelManager removed spill file directory /tmp/junit2575033910468477106/junit6510453355409444195/flink-netty-shuffle-0f7c0569-1574-4b99-ad81-9c9590bcaec8
3378 [flink-akka.actor.default-dispatcher-5] INFO  org.apache.flink.runtime.taskexecutor.KvStateService - Shutting down the kvState service and its components.
3378 [flink-akka.actor.default-dispatcher-5] INFO  org.apache.flink.runtime.taskexecutor.DefaultJobLeaderService - Stop job leader service.
3378 [flink-akka.actor.default-dispatcher-5] INFO  org.apache.flink.runtime.filecache.FileCache - removed file cache directory /tmp/junit2575033910468477106/junit6510453355409444195/flink-dist-cache-a778f194-4f22-4b28-a152-bd171082608b
3393 [flink-akka.actor.default-dispatcher-5] INFO  org.apache.flink.runtime.taskexecutor.TaskExecutor - Stopped TaskExecutor akka://flink/user/rpc/taskmanager_0.
3408 [ForkJoinPool.commonPool-worker-2] INFO  org.apache.flink.runtime.dispatcher.DispatcherRestEndpoint - Removing cache directory /tmp/flink-web-ui
3413 [ForkJoinPool.commonPool-worker-2] INFO  org.apache.flink.runtime.dispatcher.DispatcherRestEndpoint - Shut down complete.
3415 [flink-akka.actor.default-dispatcher-5] INFO  org.apache.flink.runtime.resourcemanager.StandaloneResourceManager - Shut down cluster because application is in CANCELED, diagnostics DispatcherResourceManagerComponent has been closed..
3416 [ForkJoinPool.commonPool-worker-2] INFO  org.apache.flink.runtime.entrypoint.component.DispatcherResourceManagerComponent - Closing components.
3416 [ForkJoinPool.commonPool-worker-2] INFO  org.apache.flink.runtime.dispatcher.runner.SessionDispatcherLeaderProcess - Stopping SessionDispatcherLeaderProcess.
3420 [flink-akka.actor.default-dispatcher-5] INFO  org.apache.flink.runtime.dispatcher.StandaloneDispatcher - Stopping dispatcher akka://flink/user/rpc/dispatcher_2.
3420 [flink-akka.actor.default-dispatcher-5] INFO  org.apache.flink.runtime.dispatcher.StandaloneDispatcher - Stopping all currently running jobs of dispatcher akka://flink/user/rpc/dispatcher_2.
3421 [flink-akka.actor.default-dispatcher-5] INFO  org.apache.flink.runtime.dispatcher.StandaloneDispatcher - Stopped dispatcher akka://flink/user/rpc/dispatcher_2.
3422 [flink-akka.actor.default-dispatcher-5] INFO  org.apache.flink.runtime.resourcemanager.slotmanager.DeclarativeSlotManager - Closing the slot manager.
3422 [flink-akka.actor.default-dispatcher-5] INFO  org.apache.flink.runtime.resourcemanager.slotmanager.DeclarativeSlotManager - Suspending the slot manager.
3448 [AkkaRpcService-Supervisor-Termination-Future-Executor-thread-1] INFO  org.apache.flink.runtime.rpc.akka.AkkaRpcService - Stopping Akka RPC service.
3487 [flink-metrics-2] INFO  org.apache.flink.runtime.rpc.akka.AkkaRpcService - Stopping Akka RPC service.
3489 [flink-metrics-2] INFO  org.apache.flink.runtime.rpc.akka.AkkaRpcService - Stopped Akka RPC service.
3561 [flink-akka.actor.default-dispatcher-3] INFO  org.apache.flink.runtime.blob.PermanentBlobCache - Shutting down BLOB cache
3561 [flink-akka.actor.default-dispatcher-3] INFO  org.apache.flink.runtime.blob.TransientBlobCache - Shutting down BLOB cache
3563 [flink-akka.actor.default-dispatcher-3] INFO  org.apache.flink.runtime.blob.BlobServer - Stopped BLOB server at 0.0.0.0:34501
3563 [flink-akka.actor.default-dispatcher-3] INFO  org.apache.flink.runtime.rpc.akka.AkkaRpcService - Stopped Akka RPC service.
[ERROR] Tests run: 1, Failures: 0, Errors: 1, Skipped: 0, Time elapsed: 2.58 s <<< FAILURE! - in com.ververica.cdc.connectors.mongodb.MongoDBSourceTest
[ERROR] com.ververica.cdc.connectors.mongodb.MongoDBSourceTest  Time elapsed: 2.58 s  <<< ERROR!
java.util.concurrent.CompletionException: java.lang.IllegalStateException: Could not find a valid Docker environment. Please see logs and check configuration
Caused by: java.lang.IllegalStateException: Could not find a valid Docker environment. Please see logs and check configuration

[INFO] 
[INFO] Results:
[INFO] 
[ERROR] Errors: 
[ERROR]   MongoDBSourceTest.com.ververica.cdc.connectors.mongodb.MongoDBSourceTest » Completion
[INFO] 
[ERROR] Tests run: 5, Failures: 0, Errors: 1, Skipped: 0
[INFO] 
[INFO] 
[INFO] ------------------------------------------------------------------------
[INFO] Skipping flink-sql-connector-mysql-cdc
[INFO] This project has been banned from the build due to previous failures.
[INFO] ------------------------------------------------------------------------
[INFO] 
[INFO] ------------------------------------------------------------------------
[INFO] Skipping flink-sql-connector-postgres-cdc
[INFO] This project has been banned from the build due to previous failures.
[INFO] ------------------------------------------------------------------------
[INFO] 
[INFO] ------------------------------------------------------------------------
[INFO] Skipping flink-sql-connector-mongodb-cdc
[INFO] This project has been banned from the build due to previous failures.
[INFO] ------------------------------------------------------------------------
[INFO] 
[INFO] ------------------------------------------------------------------------
[INFO] Skipping flink-sql-connector-oracle-cdc
[INFO] This project has been banned from the build due to previous failures.
[INFO] ------------------------------------------------------------------------
[INFO] 
[INFO] -------------< com.ververica:flink-format-changelog-json >--------------
[INFO] Building flink-format-changelog-json 2.1-SNAPSHOT                 [8/12]
[INFO] --------------------------------[ jar ]---------------------------------
[INFO] 
[INFO] --- spotless-maven-plugin:2.4.2:check (spotless-check) @ flink-format-changelog-json ---
[INFO] 
[INFO] --- maven-checkstyle-plugin:2.17:check (validate) @ flink-format-changelog-json ---
[INFO] 
[INFO] --- maven-enforcer-plugin:3.0.0-M1:enforce (enforce-maven-version) @ flink-format-changelog-json ---
[INFO] 
[INFO] --- maven-remote-resources-plugin:1.5:process (process-resource-bundles) @ flink-format-changelog-json ---
[INFO] 
[INFO] --- maven-resources-plugin:3.1.0:resources (default-resources) @ flink-format-changelog-json ---
[INFO] Using 'UTF-8' encoding to copy filtered resources.
[INFO] Copying 1 resource
[INFO] Copying 3 resources
[INFO] 
[INFO] --- maven-compiler-plugin:3.7.0:compile (default-compile) @ flink-format-changelog-json ---
[INFO] Nothing to compile - all classes are up to date
[INFO] 
[INFO] --- maven-resources-plugin:3.1.0:testResources (default-testResources) @ flink-format-changelog-json ---
[INFO] Using 'UTF-8' encoding to copy filtered resources.
[INFO] Copying 1 resource
[INFO] Copying 3 resources
[INFO] 
[INFO] --- maven-compiler-plugin:3.7.0:testCompile (default-testCompile) @ flink-format-changelog-json ---
[INFO] Nothing to compile - all classes are up to date
[INFO] 
[INFO] --- maven-surefire-plugin:2.22.0:test (default-test) @ flink-format-changelog-json ---
[INFO] 
[INFO] -------------------------------------------------------
[INFO]  T E S T S
[INFO] -------------------------------------------------------
[INFO] Running com.ververica.cdc.formats.json.ChangelogJsonSerDeTest
[INFO] Tests run: 1, Failures: 0, Errors: 0, Skipped: 0, Time elapsed: 0.854 s - in com.ververica.cdc.formats.json.ChangelogJsonSerDeTest
[INFO] Running com.ververica.cdc.formats.json.ChangelogJsonFormatFactoryTest
[INFO] Tests run: 2, Failures: 0, Errors: 0, Skipped: 0, Time elapsed: 0.064 s - in com.ververica.cdc.formats.json.ChangelogJsonFormatFactoryTest
[INFO] 
[INFO] Results:
[INFO] 
[INFO] Tests run: 3, Failures: 0, Errors: 0, Skipped: 0
[INFO] 
[INFO] ------------------------------------------------------------------------
[INFO] Reactor Summary for flink-cdc-connectors 2.1-SNAPSHOT:
[INFO] 
[INFO] flink-cdc-connectors ............................... SUCCESS [  1.854 s]
[INFO] flink-connector-debezium ........................... SUCCESS [  3.063 s]
[INFO] flink-connector-test-util .......................... SUCCESS [  0.723 s]
[INFO] flink-connector-mysql-cdc .......................... FAILURE [  8.678 s]
[INFO] flink-connector-postgres-cdc ....................... FAILURE [  6.424 s]
[INFO] flink-connector-oracle-cdc ......................... FAILURE [  4.879 s]
[INFO] flink-connector-mongodb-cdc ........................ FAILURE [  4.345 s]
[INFO] flink-sql-connector-mysql-cdc ...................... SKIPPED
[INFO] flink-sql-connector-postgres-cdc ................... SKIPPED
[INFO] flink-sql-connector-mongodb-cdc .................... SKIPPED
[INFO] flink-sql-connector-oracle-cdc ..................... SKIPPED
[INFO] flink-format-changelog-json ........................ SUCCESS [  1.380 s]
[INFO] ------------------------------------------------------------------------
[INFO] BUILD FAILURE
[INFO] ------------------------------------------------------------------------
[INFO] Total time:  31.478 s
[INFO] Finished at: 2021-11-14T05:48:07+05:30
[INFO] ------------------------------------------------------------------------
[ERROR] Failed to execute goal org.apache.maven.plugins:maven-surefire-plugin:2.22.0:test (default-test) on project flink-connector-mysql-cdc: There are test failures.
[ERROR] 
[ERROR] Please refer to /home/target/flink-connector-mysql-cdc/target/surefire-reports for the individual test results.
[ERROR] Please refer to dump files (if any exist) [date]-jvmRun[N].dump, [date].dumpstream and [date]-jvmRun[N].dumpstream.
[ERROR] -> [Help 1]
[ERROR] Failed to execute goal org.apache.maven.plugins:maven-surefire-plugin:2.22.0:test (default-test) on project flink-connector-postgres-cdc: There are test failures.
[ERROR] 
[ERROR] Please refer to /home/target/flink-connector-postgres-cdc/target/surefire-reports for the individual test results.
[ERROR] Please refer to dump files (if any exist) [date]-jvmRun[N].dump, [date].dumpstream and [date]-jvmRun[N].dumpstream.
[ERROR] -> [Help 1]
[ERROR] Failed to execute goal org.apache.maven.plugins:maven-surefire-plugin:2.22.0:test (default-test) on project flink-connector-oracle-cdc: There are test failures.
[ERROR] 
[ERROR] Please refer to /home/target/flink-connector-oracle-cdc/target/surefire-reports for the individual test results.
[ERROR] Please refer to dump files (if any exist) [date]-jvmRun[N].dump, [date].dumpstream and [date]-jvmRun[N].dumpstream.
[ERROR] -> [Help 1]
[ERROR] Failed to execute goal org.apache.maven.plugins:maven-surefire-plugin:2.22.0:test (default-test) on project flink-connector-mongodb-cdc: There are test failures.
[ERROR] 
[ERROR] Please refer to /home/target/flink-connector-mongodb-cdc/target/surefire-reports for the individual test results.
[ERROR] Please refer to dump files (if any exist) [date]-jvmRun[N].dump, [date].dumpstream and [date]-jvmRun[N].dumpstream.
[ERROR] -> [Help 1]
[ERROR] 
[ERROR] To see the full stack trace of the errors, re-run Maven with the -e switch.
[ERROR] Re-run Maven using the -X switch to enable full debug logging.
[ERROR] 
[ERROR] For more information about the errors and possible solutions, please read the following articles:
[ERROR] [Help 1] http://cwiki.apache.org/confluence/display/MAVEN/MojoFailureException
[ERROR] 
[ERROR] After correcting the problems, you can resume the build with the command
[ERROR]   mvn <args> -rf :flink-connector-mysql-cdc
{'error': True, 'log_file': 'output-2021-11-14T00:17:35-8544.log', 'message': '', 'start_time': '2021-11-14T00:17:35', 'end_time': '2021-11-14T00:18:07', 'command': ['mvn', '-fae', 'test'], 'faketime_str': '+0', 'timezone': 'Asia/Kolkata'}
