[INFO] Scanning for projects...
[WARNING] 
[WARNING] Some problems were encountered while building the effective model for com.ververica:flink-connector-debezium:jar:2.1-SNAPSHOT
[WARNING] 'build.plugins.plugin.(groupId:artifactId)' must be unique but found duplicate declaration of plugin org.apache.maven.plugins:maven-enforcer-plugin @ com.ververica:flink-cdc-connectors:2.1-SNAPSHOT, /home/target/pom.xml, line 366, column 21
[WARNING] 
[WARNING] Some problems were encountered while building the effective model for com.ververica:flink-cdc-connectors:pom:2.1-SNAPSHOT
[WARNING] 'build.plugins.plugin.(groupId:artifactId)' must be unique but found duplicate declaration of plugin org.apache.maven.plugins:maven-enforcer-plugin @ line 366, column 21
[WARNING] 
[WARNING] It is highly recommended to fix these problems because they threaten the stability of your build.
[WARNING] 
[WARNING] For this reason, future Maven versions might no longer support building such malformed projects.
[WARNING] 
[INFO] ------------------------------------------------------------------------
[INFO] Reactor Build Order:
[INFO] 
[INFO] flink-cdc-connectors                                               [pom]
[INFO] flink-connector-debezium                                           [jar]
[INFO] flink-connector-test-util                                          [jar]
[INFO] flink-connector-mysql-cdc                                          [jar]
[INFO] flink-connector-postgres-cdc                                       [jar]
[INFO] flink-connector-oracle-cdc                                         [jar]
[INFO] flink-connector-mongodb-cdc                                        [jar]
[INFO] flink-sql-connector-mysql-cdc                                      [jar]
[INFO] flink-sql-connector-postgres-cdc                                   [jar]
[INFO] flink-sql-connector-mongodb-cdc                                    [jar]
[INFO] flink-sql-connector-oracle-cdc                                     [jar]
[INFO] flink-format-changelog-json                                        [jar]
[INFO] 
[INFO] -----------------< com.ververica:flink-cdc-connectors >-----------------
[INFO] Building flink-cdc-connectors 2.1-SNAPSHOT                        [1/12]
[INFO] --------------------------------[ pom ]---------------------------------
[INFO] 
[INFO] --- spotless-maven-plugin:2.4.2:check (spotless-check) @ flink-cdc-connectors ---
[INFO] 
[INFO] --- maven-checkstyle-plugin:2.17:check (validate) @ flink-cdc-connectors ---
[INFO] 
[INFO] --- maven-enforcer-plugin:3.0.0-M1:enforce (enforce-maven-version) @ flink-cdc-connectors ---
[INFO] 
[INFO] --- maven-remote-resources-plugin:1.5:process (process-resource-bundles) @ flink-cdc-connectors ---
[INFO] 
[INFO] --- maven-surefire-plugin:2.22.0:test (default-test) @ flink-cdc-connectors ---
[INFO] No tests to run.
[INFO] 
[INFO] ---------------< com.ververica:flink-connector-debezium >---------------
[INFO] Building flink-connector-debezium 2.1-SNAPSHOT                    [2/12]
[INFO] --------------------------------[ jar ]---------------------------------
[INFO] 
[INFO] --- spotless-maven-plugin:2.4.2:check (spotless-check) @ flink-connector-debezium ---
[INFO] 
[INFO] --- maven-checkstyle-plugin:2.17:check (validate) @ flink-connector-debezium ---
[INFO] 
[INFO] --- maven-enforcer-plugin:3.0.0-M1:enforce (enforce-maven-version) @ flink-connector-debezium ---
[INFO] 
[INFO] --- maven-remote-resources-plugin:1.5:process (process-resource-bundles) @ flink-connector-debezium ---
[INFO] 
[INFO] --- maven-resources-plugin:3.1.0:resources (default-resources) @ flink-connector-debezium ---
[INFO] Using 'UTF-8' encoding to copy filtered resources.
[INFO] skip non existing resourceDirectory /home/target/flink-connector-debezium/src/main/resources
[INFO] Copying 3 resources
[INFO] 
[INFO] --- maven-compiler-plugin:3.7.0:compile (default-compile) @ flink-connector-debezium ---
[INFO] Nothing to compile - all classes are up to date
[INFO] 
[INFO] --- maven-resources-plugin:3.1.0:testResources (default-testResources) @ flink-connector-debezium ---
[INFO] Using 'UTF-8' encoding to copy filtered resources.
[INFO] skip non existing resourceDirectory /home/target/flink-connector-debezium/src/test/resources
[INFO] Copying 3 resources
[INFO] 
[INFO] --- maven-compiler-plugin:3.7.0:testCompile (default-testCompile) @ flink-connector-debezium ---
[INFO] No sources to compile
[INFO] 
[INFO] --- maven-surefire-plugin:2.22.0:test (default-test) @ flink-connector-debezium ---
[INFO] 
[INFO] --------------< com.ververica:flink-connector-test-util >---------------
[INFO] Building flink-connector-test-util 2.1-SNAPSHOT                   [3/12]
[INFO] --------------------------------[ jar ]---------------------------------
[INFO] 
[INFO] --- spotless-maven-plugin:2.4.2:check (spotless-check) @ flink-connector-test-util ---
[INFO] 
[INFO] --- maven-checkstyle-plugin:2.17:check (validate) @ flink-connector-test-util ---
[INFO] 
[INFO] --- maven-enforcer-plugin:3.0.0-M1:enforce (enforce-maven-version) @ flink-connector-test-util ---
[INFO] 
[INFO] --- maven-remote-resources-plugin:1.5:process (process-resource-bundles) @ flink-connector-test-util ---
[INFO] 
[INFO] --- maven-resources-plugin:3.1.0:resources (default-resources) @ flink-connector-test-util ---
[INFO] Using 'UTF-8' encoding to copy filtered resources.
[INFO] skip non existing resourceDirectory /home/target/flink-connector-test-util/src/main/resources
[INFO] Copying 3 resources
[INFO] 
[INFO] --- maven-compiler-plugin:3.7.0:compile (default-compile) @ flink-connector-test-util ---
[INFO] Nothing to compile - all classes are up to date
[INFO] 
[INFO] --- maven-resources-plugin:3.1.0:testResources (default-testResources) @ flink-connector-test-util ---
[INFO] Using 'UTF-8' encoding to copy filtered resources.
[INFO] skip non existing resourceDirectory /home/target/flink-connector-test-util/src/test/resources
[INFO] Copying 3 resources
[INFO] 
[INFO] --- maven-compiler-plugin:3.7.0:testCompile (default-testCompile) @ flink-connector-test-util ---
[INFO] No sources to compile
[INFO] 
[INFO] --- maven-surefire-plugin:2.22.0:test (default-test) @ flink-connector-test-util ---
[INFO] 
[INFO] --------------< com.ververica:flink-connector-mysql-cdc >---------------
[INFO] Building flink-connector-mysql-cdc 2.1-SNAPSHOT                   [4/12]
[INFO] --------------------------------[ jar ]---------------------------------
[INFO] 
[INFO] --- spotless-maven-plugin:2.4.2:check (spotless-check) @ flink-connector-mysql-cdc ---
[INFO] 
[INFO] --- maven-checkstyle-plugin:2.17:check (validate) @ flink-connector-mysql-cdc ---
[INFO] 
[INFO] --- maven-enforcer-plugin:3.0.0-M1:enforce (enforce-maven-version) @ flink-connector-mysql-cdc ---
[INFO] 
[INFO] --- maven-remote-resources-plugin:1.5:process (process-resource-bundles) @ flink-connector-mysql-cdc ---
[INFO] 
[INFO] --- maven-resources-plugin:3.1.0:resources (default-resources) @ flink-connector-mysql-cdc ---
[INFO] Using 'UTF-8' encoding to copy filtered resources.
[INFO] Copying 1 resource
[INFO] Copying 3 resources
[INFO] 
[INFO] --- maven-compiler-plugin:3.7.0:compile (default-compile) @ flink-connector-mysql-cdc ---
[INFO] Nothing to compile - all classes are up to date
[INFO] 
[INFO] --- maven-resources-plugin:3.1.0:testResources (default-testResources) @ flink-connector-mysql-cdc ---
[INFO] Using 'UTF-8' encoding to copy filtered resources.
[INFO] Copying 11 resources
[INFO] Copying 3 resources
[INFO] 
[INFO] --- maven-compiler-plugin:3.7.0:testCompile (default-testCompile) @ flink-connector-mysql-cdc ---
[INFO] Nothing to compile - all classes are up to date
[INFO] 
[INFO] --- maven-surefire-plugin:2.22.0:test (default-test) @ flink-connector-mysql-cdc ---
[INFO] 
[INFO] -------------------------------------------------------
[INFO]  T E S T S
[INFO] -------------------------------------------------------
[INFO] Running com.ververica.cdc.connectors.mysql.table.MySqlTableSourceFactoryTest
[INFO] Tests run: 12, Failures: 0, Errors: 0, Skipped: 0, Time elapsed: 9,145.1 s - in com.ververica.cdc.connectors.mysql.table.MySqlTableSourceFactoryTest
[INFO] Running com.ververica.cdc.connectors.mysql.LegacyMySqlSourceExampleTest
[WARNING] Tests run: 1, Failures: 0, Errors: 0, Skipped: 1, Time elapsed: 113.87 s - in com.ververica.cdc.connectors.mysql.LegacyMySqlSourceExampleTest
[INFO] Running com.ververica.cdc.connectors.mysql.source.assigners.MySqlHybridSplitAssignerTest
12794330 [main] INFO  com.ververica.cdc.connectors.mysql.source.MySqlSourceTestBase - Starting containers...
13308450 [testcontainers-lifecycle-0] WARN  org.testcontainers.utility.TestcontainersConfiguration - Attempted to read Testcontainers configuration file at file:/root/.testcontainers.properties but the file was not found. Exception message: FileNotFoundException: /root/.testcontainers.properties (No such file or directory)
13428940 [testcontainers-lifecycle-0] INFO  org.testcontainers.dockerclient.DockerMachineClientProviderStrategy - docker-machine executable was not found on PATH ([/usr/local/openjdk-8/bin, /usr/local/sbin, /usr/local/bin, /usr/sbin, /usr/bin, /sbin, /bin])
13745950 [testcontainers-lifecycle-0] ERROR org.testcontainers.dockerclient.DockerClientProviderStrategy - Could not find a valid Docker environment. Please check configuration. Attempted configurations were:
13746790 [testcontainers-lifecycle-0] ERROR org.testcontainers.dockerclient.DockerClientProviderStrategy -     UnixSocketClientProviderStrategy: failed with exception InvalidConfigurationException (Could not find unix domain socket). Root cause NoSuchFileException (/var/run/docker.sock)
13747340 [testcontainers-lifecycle-0] ERROR org.testcontainers.dockerclient.DockerClientProviderStrategy - As no valid configuration was found, execution cannot continue
[ERROR] Tests run: 1, Failures: 0, Errors: 1, Skipped: 0, Time elapsed: 1,177.82 s <<< FAILURE! - in com.ververica.cdc.connectors.mysql.source.assigners.MySqlHybridSplitAssignerTest
[ERROR] com.ververica.cdc.connectors.mysql.source.assigners.MySqlHybridSplitAssignerTest  Time elapsed: 1,177.26 s  <<< ERROR!
java.util.concurrent.CompletionException: java.lang.IllegalStateException: Could not find a valid Docker environment. Please see logs and check configuration
Caused by: java.lang.IllegalStateException: Could not find a valid Docker environment. Please see logs and check configuration

[INFO] Running com.ververica.cdc.connectors.mysql.source.assigners.MySqlSnapshotSplitAssignerTest
13811730 [main] INFO  com.ververica.cdc.connectors.mysql.source.MySqlSourceTestBase - Starting containers...
[ERROR] Tests run: 1, Failures: 0, Errors: 1, Skipped: 0, Time elapsed: 1.22 s <<< FAILURE! - in com.ververica.cdc.connectors.mysql.source.assigners.MySqlSnapshotSplitAssignerTest
[ERROR] com.ververica.cdc.connectors.mysql.source.assigners.MySqlSnapshotSplitAssignerTest  Time elapsed: 0.81 s  <<< ERROR!
java.util.concurrent.CompletionException: java.lang.IllegalStateException: Previous attempts to find a Docker environment failed. Will not retry. Please see logs and check configuration
Caused by: java.lang.IllegalStateException: Previous attempts to find a Docker environment failed. Will not retry. Please see logs and check configuration

[INFO] Running com.ververica.cdc.connectors.mysql.source.assigners.state.PendingSplitsStateSerializerTest
[INFO] Tests run: 6, Failures: 0, Errors: 0, Skipped: 0, Time elapsed: 3,072.62 s - in com.ververica.cdc.connectors.mysql.source.assigners.state.PendingSplitsStateSerializerTest
[INFO] Running com.ververica.cdc.connectors.mysql.source.MySqlSourceExampleTest
[WARNING] Tests run: 1, Failures: 0, Errors: 0, Skipped: 1, Time elapsed: 1.76 s - in com.ververica.cdc.connectors.mysql.source.MySqlSourceExampleTest
[INFO] Running com.ververica.cdc.connectors.mysql.source.utils.RecordUtilsTest
[INFO] Tests run: 1, Failures: 0, Errors: 0, Skipped: 0, Time elapsed: 4.35 s - in com.ververica.cdc.connectors.mysql.source.utils.RecordUtilsTest
[INFO] Running com.ververica.cdc.connectors.mysql.source.reader.MySqlSourceReaderTest
17495250 [main] INFO  com.ververica.cdc.connectors.mysql.source.MySqlSourceTestBase - Starting containers...
[ERROR] Tests run: 1, Failures: 0, Errors: 1, Skipped: 0, Time elapsed: 97.78 s <<< FAILURE! - in com.ververica.cdc.connectors.mysql.source.reader.MySqlSourceReaderTest
[ERROR] com.ververica.cdc.connectors.mysql.source.reader.MySqlSourceReaderTest  Time elapsed: 94.78 s  <<< ERROR!
java.util.concurrent.CompletionException: java.lang.IllegalStateException: Previous attempts to find a Docker environment failed. Will not retry. Please see logs and check configuration
Caused by: java.lang.IllegalStateException: Previous attempts to find a Docker environment failed. Will not retry. Please see logs and check configuration

[INFO] Running com.ververica.cdc.connectors.mysql.source.split.MySqlSplitStateTest
[INFO] Tests run: 3, Failures: 0, Errors: 0, Skipped: 0, Time elapsed: 879.34 s - in com.ververica.cdc.connectors.mysql.source.split.MySqlSplitStateTest
[INFO] Running com.ververica.cdc.connectors.mysql.source.split.MySqlSplitSerializerTest
[INFO] Tests run: 3, Failures: 0, Errors: 0, Skipped: 0, Time elapsed: 168.91 s - in com.ververica.cdc.connectors.mysql.source.split.MySqlSplitSerializerTest
[INFO] Running com.ververica.cdc.connectors.mysql.LegacyMySqlSourceTest
20257400 [main] INFO  org.apache.flink.runtime.taskexecutor.TaskExecutorResourceUtils - The configuration option taskmanager.cpu.cores required for local execution is not set, setting it to the maximal possible value.
20260430 [main] INFO  org.apache.flink.runtime.taskexecutor.TaskExecutorResourceUtils - The configuration option taskmanager.memory.task.heap.size required for local execution is not set, setting it to the maximal possible value.
20261500 [main] INFO  org.apache.flink.runtime.taskexecutor.TaskExecutorResourceUtils - The configuration option taskmanager.memory.task.off-heap.size required for local execution is not set, setting it to the maximal possible value.
20264980 [main] INFO  org.apache.flink.runtime.taskexecutor.TaskExecutorResourceUtils - The configuration option taskmanager.memory.network.min required for local execution is not set, setting it to its default value 64 mb.
20265560 [main] INFO  org.apache.flink.runtime.taskexecutor.TaskExecutorResourceUtils - The configuration option taskmanager.memory.network.max required for local execution is not set, setting it to its default value 64 mb.
20296830 [main] INFO  org.apache.flink.runtime.minicluster.MiniCluster - Starting Flink Mini Cluster
20314300 [main] INFO  org.apache.flink.runtime.minicluster.MiniCluster - Starting Metrics Registry
20541050 [main] INFO  org.apache.flink.runtime.metrics.MetricRegistryImpl - No metrics reporter configured, no metrics will be exposed/reported.
20543180 [main] INFO  org.apache.flink.runtime.minicluster.MiniCluster - Starting RPC Service(s)
20631910 [main] INFO  org.apache.flink.runtime.rpc.akka.AkkaRpcServiceUtils - Trying to start local actor system
25054940 [flink-akka.actor.default-dispatcher-5] INFO  akka.event.slf4j.Slf4jLogger - Slf4jLogger started
28901940 [main] INFO  org.apache.flink.runtime.rpc.akka.AkkaRpcServiceUtils - Actor system started at akka://flink
28970600 [main] INFO  org.apache.flink.runtime.rpc.akka.AkkaRpcServiceUtils - Trying to start local actor system
29630250 [flink-metrics-2] INFO  akka.event.slf4j.Slf4jLogger - Slf4jLogger started
30162020 [main] INFO  org.apache.flink.runtime.rpc.akka.AkkaRpcServiceUtils - Actor system started at akka://flink-metrics
30392890 [main] INFO  org.apache.flink.runtime.rpc.akka.AkkaRpcService - Starting RPC endpoint for org.apache.flink.runtime.metrics.dump.MetricQueryService at akka://flink-metrics/user/rpc/MetricQueryService .
31381090 [main] INFO  org.apache.flink.runtime.minicluster.MiniCluster - Starting high-availability services
31492830 [main] INFO  org.apache.flink.runtime.blob.BlobServer - Created BLOB server storage directory /tmp/junit3891836069276094903/junit883738482426400753/blobStore-c010fdf9-6715-43fb-b207-a60cedc795bb
31533980 [main] INFO  org.apache.flink.runtime.blob.BlobServer - Started BLOB server at 0.0.0.0:38483 - max concurrent requests: 50 - max backlog: 1000
31613300 [main] INFO  org.apache.flink.runtime.blob.PermanentBlobCache - Created BLOB cache storage directory /tmp/junit3891836069276094903/junit883738482426400753/blobStore-a8713d7b-e0c0-483d-87e4-478f7f40ad69
31640540 [main] INFO  org.apache.flink.runtime.blob.TransientBlobCache - Created BLOB cache storage directory /tmp/junit3891836069276094903/junit883738482426400753/blobStore-d618d212-a89a-4035-8cd5-306600fd3494
31751340 [main] INFO  org.apache.flink.runtime.minicluster.MiniCluster - Starting 1 TaskManger(s)
31806850 [main] INFO  org.apache.flink.runtime.taskexecutor.TaskManagerRunner - Starting TaskManager with ResourceID: 79988cde-b958-4a5c-b673-5d5fbd2cfd70
32069950 [main] INFO  org.apache.flink.runtime.taskexecutor.TaskManagerServices - Temporary file directory '/tmp/junit3891836069276094903/junit883738482426400753': total 196 GB, usable 177 GB (90.31% usable)
32089940 [main] INFO  org.apache.flink.runtime.io.disk.FileChannelManagerImpl - FileChannelManager uses directory /tmp/junit3891836069276094903/junit883738482426400753/flink-io-6f4921ac-9311-4bc3-bf46-a3d7fe720c1c for spill files.
32248370 [main] INFO  org.apache.flink.runtime.io.disk.FileChannelManagerImpl - FileChannelManager uses directory /tmp/junit3891836069276094903/junit883738482426400753/flink-netty-shuffle-44e946b9-a2fb-4335-9b1e-845cfb5dca11 for spill files.
32576150 [main] INFO  org.apache.flink.runtime.io.network.buffer.NetworkBufferPool - Allocated 64 MB for network buffer pool (number of memory segments: 2048, bytes per segment: 32768).
34833110 [main] INFO  org.apache.flink.runtime.io.network.NettyShuffleEnvironment - Starting the network environment and its components.
34841580 [main] INFO  org.apache.flink.runtime.taskexecutor.KvStateService - Starting the kvState service and its components.
35267620 [main] INFO  org.apache.flink.runtime.rpc.akka.AkkaRpcService - Starting RPC endpoint for org.apache.flink.runtime.taskexecutor.TaskExecutor at akka://flink/user/rpc/taskmanager_0 .
35716510 [flink-akka.actor.default-dispatcher-5] INFO  org.apache.flink.runtime.taskexecutor.DefaultJobLeaderService - Start job leader service.
35725730 [flink-akka.actor.default-dispatcher-5] INFO  org.apache.flink.runtime.filecache.FileCache - User file cache uses directory /tmp/junit3891836069276094903/junit883738482426400753/flink-dist-cache-0d99a475-0bc0-4247-b98f-bd7383df47e9
36951390 [main] INFO  org.apache.flink.runtime.dispatcher.DispatcherRestEndpoint - Starting rest endpoint.
36971570 [main] INFO  org.apache.flink.runtime.dispatcher.DispatcherRestEndpoint - Failed to load web based job submission extension. Probable reason: flink-runtime-web is not in the classpath.
37950350 [main] WARN  org.apache.flink.runtime.webmonitor.WebMonitorUtils - Log file environment variable 'log.file' is not set.
37951270 [main] WARN  org.apache.flink.runtime.webmonitor.WebMonitorUtils - JobManager log files are unavailable in the web dashboard. Log file location not found in environment variable 'log.file' or configuration key 'web.log.path'.
40360610 [main] INFO  org.apache.flink.runtime.dispatcher.DispatcherRestEndpoint - Rest endpoint listening at localhost:45957
40373330 [main] INFO  org.apache.flink.runtime.highavailability.nonha.embedded.EmbeddedLeaderService - Proposing leadership to contender http://localhost:45957
40460970 [mini-cluster-io-thread-1] INFO  org.apache.flink.runtime.dispatcher.DispatcherRestEndpoint - http://localhost:45957 was granted leadership with leaderSessionID=5f8dfd1d-66de-42e8-93fd-fa138688eaf1
40461780 [mini-cluster-io-thread-1] INFO  org.apache.flink.runtime.highavailability.nonha.embedded.EmbeddedLeaderService - Received confirmation of leadership for leader http://localhost:45957 , session=5f8dfd1d-66de-42e8-93fd-fa138688eaf1
40798440 [main] INFO  org.apache.flink.runtime.rpc.akka.AkkaRpcService - Starting RPC endpoint for org.apache.flink.runtime.resourcemanager.StandaloneResourceManager at akka://flink/user/rpc/resourcemanager_1 .
40887770 [main] INFO  org.apache.flink.runtime.highavailability.nonha.embedded.EmbeddedLeaderService - Proposing leadership to contender LeaderContender: DefaultDispatcherRunner
40937310 [mini-cluster-io-thread-2] INFO  org.apache.flink.runtime.dispatcher.runner.SessionDispatcherLeaderProcess - Start SessionDispatcherLeaderProcess.
41071970 [flink-akka.actor.default-dispatcher-5] INFO  org.apache.flink.runtime.resourcemanager.StandaloneResourceManager - Starting the resource manager.
41072840 [flink-akka.actor.default-dispatcher-5] INFO  org.apache.flink.runtime.highavailability.nonha.embedded.EmbeddedLeaderService - Proposing leadership to contender LeaderContender: StandaloneResourceManager
41151650 [mini-cluster-io-thread-3] INFO  org.apache.flink.runtime.dispatcher.runner.SessionDispatcherLeaderProcess - Recover all persisted job graphs.
41154990 [mini-cluster-io-thread-3] INFO  org.apache.flink.runtime.dispatcher.runner.SessionDispatcherLeaderProcess - Successfully recovered 0 persisted job graphs.
41185720 [main] INFO  org.apache.flink.runtime.minicluster.MiniCluster - Flink Mini Cluster started successfully
41221060 [main] INFO  org.apache.flink.configuration.Configuration - Config uses fallback configuration key 'jobmanager.rpc.address' instead of key 'rest.address'
41274250 [flink-akka.actor.default-dispatcher-5] INFO  org.apache.flink.runtime.resourcemanager.StandaloneResourceManager - ResourceManager akka://flink/user/rpc/resourcemanager_1 was granted leadership with fencing token a3ccbddba96708507469e636f9fe451d
41550730 [mini-cluster-io-thread-3] INFO  org.apache.flink.runtime.rpc.akka.AkkaRpcService - Starting RPC endpoint for org.apache.flink.runtime.dispatcher.StandaloneDispatcher at akka://flink/user/rpc/dispatcher_2 .
41553530 [mini-cluster-io-thread-6] INFO  org.apache.flink.runtime.highavailability.nonha.embedded.EmbeddedLeaderService - Received confirmation of leadership for leader akka://flink/user/rpc/resourcemanager_1 , session=7469e636-f9fe-451d-a3cc-bddba9670850
41832020 [flink-akka.actor.default-dispatcher-5] INFO  org.apache.flink.runtime.taskexecutor.TaskExecutor - Connecting to ResourceManager akka://flink/user/rpc/resourcemanager_1(a3ccbddba96708507469e636f9fe451d).
41838020 [mini-cluster-io-thread-3] INFO  org.apache.flink.runtime.highavailability.nonha.embedded.EmbeddedLeaderService - Received confirmation of leadership for leader akka://flink/user/rpc/dispatcher_2 , session=c3a85274-a406-4f58-9f32-951da0c5a268
42006800 [flink-akka.actor.default-dispatcher-4] INFO  org.apache.flink.runtime.taskexecutor.TaskExecutor - Resolved ResourceManager address, beginning registration
42051220 [flink-akka.actor.default-dispatcher-4] INFO  org.apache.flink.runtime.resourcemanager.StandaloneResourceManager - Registering TaskManager with ResourceID 79988cde-b958-4a5c-b673-5d5fbd2cfd70 (akka://flink/user/rpc/taskmanager_0) at ResourceManager
42069020 [flink-akka.actor.default-dispatcher-4] INFO  org.apache.flink.runtime.taskexecutor.TaskExecutor - Successful registration at resource manager akka://flink/user/rpc/resourcemanager_1 under registration id 1b11edae3aab388fa4976464fc72806b.
42295880 [main] INFO  com.ververica.cdc.connectors.mysql.LegacyMySqlTestBase - Starting containers...
42397030 [main] INFO  org.apache.flink.test.util.MiniClusterWithClientResource - Finalization triggered: Cluster shutdown is going to be initiated.
43129050 [main] INFO  org.apache.flink.runtime.minicluster.MiniCluster - Shutting down Flink Mini Cluster
43190400 [flink-akka.actor.default-dispatcher-5] INFO  org.apache.flink.runtime.taskexecutor.TaskExecutor - Stopping TaskExecutor akka://flink/user/rpc/taskmanager_0.
43191010 [flink-akka.actor.default-dispatcher-5] INFO  org.apache.flink.runtime.taskexecutor.TaskExecutor - Close ResourceManager connection c3fa88ca75cd9c541a04d2ccfbdc2348.
43216260 [flink-akka.actor.default-dispatcher-5] INFO  org.apache.flink.runtime.taskexecutor.DefaultJobLeaderService - Stop job leader service.
43217250 [flink-akka.actor.default-dispatcher-5] INFO  org.apache.flink.runtime.state.TaskExecutorLocalStateStoresManager - Shutting down TaskExecutorLocalStateStoresManager.
43235540 [flink-akka.actor.default-dispatcher-2] INFO  org.apache.flink.runtime.resourcemanager.StandaloneResourceManager - Closing TaskExecutor connection 79988cde-b958-4a5c-b673-5d5fbd2cfd70 because: The TaskExecutor is shutting down.
43270050 [main] INFO  org.apache.flink.runtime.dispatcher.DispatcherRestEndpoint - Shutting down rest endpoint.
43305820 [flink-akka.actor.default-dispatcher-5] INFO  org.apache.flink.runtime.io.disk.FileChannelManagerImpl - FileChannelManager removed spill file directory /tmp/junit3891836069276094903/junit883738482426400753/flink-io-6f4921ac-9311-4bc3-bf46-a3d7fe720c1c
43306800 [flink-akka.actor.default-dispatcher-5] INFO  org.apache.flink.runtime.io.network.NettyShuffleEnvironment - Shutting down the network environment and its components.
43315710 [flink-akka.actor.default-dispatcher-5] INFO  org.apache.flink.runtime.io.disk.FileChannelManagerImpl - FileChannelManager removed spill file directory /tmp/junit3891836069276094903/junit883738482426400753/flink-netty-shuffle-44e946b9-a2fb-4335-9b1e-845cfb5dca11
43316700 [flink-akka.actor.default-dispatcher-5] INFO  org.apache.flink.runtime.taskexecutor.KvStateService - Shutting down the kvState service and its components.
43317140 [flink-akka.actor.default-dispatcher-5] INFO  org.apache.flink.runtime.taskexecutor.DefaultJobLeaderService - Stop job leader service.
43318300 [flink-akka.actor.default-dispatcher-5] INFO  org.apache.flink.runtime.filecache.FileCache - removed file cache directory /tmp/junit3891836069276094903/junit883738482426400753/flink-dist-cache-0d99a475-0bc0-4247-b98f-bd7383df47e9
43336330 [flink-akka.actor.default-dispatcher-5] INFO  org.apache.flink.runtime.taskexecutor.TaskExecutor - Stopped TaskExecutor akka://flink/user/rpc/taskmanager_0.
44230150 [ForkJoinPool.commonPool-worker-2] INFO  org.apache.flink.runtime.dispatcher.DispatcherRestEndpoint - Removing cache directory /tmp/flink-web-ui
44236210 [ForkJoinPool.commonPool-worker-2] INFO  org.apache.flink.runtime.dispatcher.DispatcherRestEndpoint - Shut down complete.
44436190 [flink-akka.actor.default-dispatcher-5] INFO  org.apache.flink.runtime.resourcemanager.StandaloneResourceManager - Shut down cluster because application is in CANCELED, diagnostics DispatcherResourceManagerComponent has been closed..
44440500 [ForkJoinPool.commonPool-worker-2] INFO  org.apache.flink.runtime.entrypoint.component.DispatcherResourceManagerComponent - Closing components.
44475130 [ForkJoinPool.commonPool-worker-2] INFO  org.apache.flink.runtime.dispatcher.runner.SessionDispatcherLeaderProcess - Stopping SessionDispatcherLeaderProcess.
44480240 [flink-akka.actor.default-dispatcher-2] INFO  org.apache.flink.runtime.dispatcher.StandaloneDispatcher - Stopping dispatcher akka://flink/user/rpc/dispatcher_2.
44480790 [flink-akka.actor.default-dispatcher-2] INFO  org.apache.flink.runtime.dispatcher.StandaloneDispatcher - Stopping all currently running jobs of dispatcher akka://flink/user/rpc/dispatcher_2.
44488210 [flink-akka.actor.default-dispatcher-5] INFO  org.apache.flink.runtime.resourcemanager.slotmanager.DeclarativeSlotManager - Closing the slot manager.
44488570 [flink-akka.actor.default-dispatcher-5] INFO  org.apache.flink.runtime.resourcemanager.slotmanager.DeclarativeSlotManager - Suspending the slot manager.
44551510 [flink-akka.actor.default-dispatcher-2] INFO  org.apache.flink.runtime.dispatcher.StandaloneDispatcher - Stopped dispatcher akka://flink/user/rpc/dispatcher_2.
44751540 [AkkaRpcService-Supervisor-Termination-Future-Executor-thread-1] INFO  org.apache.flink.runtime.rpc.akka.AkkaRpcService - Stopping Akka RPC service.
45947970 [flink-metrics-2] INFO  org.apache.flink.runtime.rpc.akka.AkkaRpcService - Stopping Akka RPC service.
46044140 [flink-metrics-2] INFO  org.apache.flink.runtime.rpc.akka.AkkaRpcService - Stopped Akka RPC service.
46335190 [flink-akka.actor.default-dispatcher-3] INFO  org.apache.flink.runtime.blob.PermanentBlobCache - Shutting down BLOB cache
46351560 [flink-akka.actor.default-dispatcher-3] INFO  org.apache.flink.runtime.blob.TransientBlobCache - Shutting down BLOB cache
46440150 [flink-akka.actor.default-dispatcher-3] INFO  org.apache.flink.runtime.blob.BlobServer - Stopped BLOB server at 0.0.0.0:38483
46507350 [flink-akka.actor.default-dispatcher-3] INFO  org.apache.flink.runtime.rpc.akka.AkkaRpcService - Stopped Akka RPC service.
[ERROR] Tests run: 1, Failures: 0, Errors: 1, Skipped: 0, Time elapsed: 27,881.01 s <<< FAILURE! - in com.ververica.cdc.connectors.mysql.LegacyMySqlSourceTest
[ERROR] com.ververica.cdc.connectors.mysql.LegacyMySqlSourceTest  Time elapsed: 27,880.7 s  <<< ERROR!
java.util.concurrent.CompletionException: java.lang.IllegalStateException: Previous attempts to find a Docker environment failed. Will not retry. Please see logs and check configuration
Caused by: java.lang.IllegalStateException: Previous attempts to find a Docker environment failed. Will not retry. Please see logs and check configuration

[INFO] Running com.ververica.cdc.connectors.mysql.debezium.reader.SnapshotSplitReaderTest
46529960 [main] INFO  com.ververica.cdc.connectors.mysql.source.MySqlSourceTestBase - Starting containers...
[ERROR] Tests run: 1, Failures: 0, Errors: 1, Skipped: 0, Time elapsed: 0.83 s <<< FAILURE! - in com.ververica.cdc.connectors.mysql.debezium.reader.SnapshotSplitReaderTest
[ERROR] com.ververica.cdc.connectors.mysql.debezium.reader.SnapshotSplitReaderTest  Time elapsed: 0.62 s  <<< ERROR!
java.util.concurrent.CompletionException: java.lang.IllegalStateException: Previous attempts to find a Docker environment failed. Will not retry. Please see logs and check configuration
Caused by: java.lang.IllegalStateException: Previous attempts to find a Docker environment failed. Will not retry. Please see logs and check configuration

[INFO] Running com.ververica.cdc.connectors.mysql.debezium.reader.BinlogSplitReaderTest
46544890 [main] INFO  com.ververica.cdc.connectors.mysql.source.MySqlSourceTestBase - Starting containers...
[ERROR] Tests run: 1, Failures: 0, Errors: 1, Skipped: 0, Time elapsed: 1.02 s <<< FAILURE! - in com.ververica.cdc.connectors.mysql.debezium.reader.BinlogSplitReaderTest
[ERROR] com.ververica.cdc.connectors.mysql.debezium.reader.BinlogSplitReaderTest  Time elapsed: 0.81 s  <<< ERROR!
java.util.concurrent.CompletionException: java.lang.IllegalStateException: Previous attempts to find a Docker environment failed. Will not retry. Please see logs and check configuration
Caused by: java.lang.IllegalStateException: Previous attempts to find a Docker environment failed. Will not retry. Please see logs and check configuration

[INFO] Running com.ververica.cdc.connectors.mysql.MySqlValidatorTest
46604120 [main] INFO  com.ververica.cdc.connectors.mysql.MySqlValidatorTest - Starting containers...
46718700 [main] INFO  com.ververica.cdc.connectors.mysql.MySqlValidatorTest - Starting containers...
46982380 [main] INFO  com.ververica.cdc.connectors.mysql.MySqlValidatorTest - Starting containers...
47006860 [main] INFO  com.ververica.cdc.connectors.mysql.MySqlValidatorTest - Starting containers...
47013530 [main] INFO  com.ververica.cdc.connectors.mysql.MySqlValidatorTest - Starting containers...
47246070 [main] INFO  com.ververica.cdc.connectors.mysql.MySqlValidatorTest - Starting containers...
[ERROR] Tests run: 6, Failures: 0, Errors: 6, Skipped: 0, Time elapsed: 558.73 s <<< FAILURE! - in com.ververica.cdc.connectors.mysql.MySqlValidatorTest
[ERROR] testValidateBinlogRowImage[runIncrementalSnapshot = true](com.ververica.cdc.connectors.mysql.MySqlValidatorTest)  Time elapsed: 0.57 s  <<< ERROR!
java.util.concurrent.CompletionException: java.lang.IllegalStateException: Previous attempts to find a Docker environment failed. Will not retry. Please see logs and check configuration
Caused by: java.lang.IllegalStateException: Previous attempts to find a Docker environment failed. Will not retry. Please see logs and check configuration

[ERROR] testValidateVersion[runIncrementalSnapshot = true](com.ververica.cdc.connectors.mysql.MySqlValidatorTest)  Time elapsed: 223.59 s  <<< ERROR!
java.util.concurrent.CompletionException: java.lang.IllegalStateException: Previous attempts to find a Docker environment failed. Will not retry. Please see logs and check configuration
Caused by: java.lang.IllegalStateException: Previous attempts to find a Docker environment failed. Will not retry. Please see logs and check configuration

[ERROR] testValidateBinlogFormat[runIncrementalSnapshot = true](com.ververica.cdc.connectors.mysql.MySqlValidatorTest)  Time elapsed: 86.29 s  <<< ERROR!
java.util.concurrent.CompletionException: java.lang.IllegalStateException: Previous attempts to find a Docker environment failed. Will not retry. Please see logs and check configuration
Caused by: java.lang.IllegalStateException: Previous attempts to find a Docker environment failed. Will not retry. Please see logs and check configuration

[ERROR] testValidateBinlogRowImage[runIncrementalSnapshot = false](com.ververica.cdc.connectors.mysql.MySqlValidatorTest)  Time elapsed: 0.73 s  <<< ERROR!
java.util.concurrent.CompletionException: java.lang.IllegalStateException: Previous attempts to find a Docker environment failed. Will not retry. Please see logs and check configuration
Caused by: java.lang.IllegalStateException: Previous attempts to find a Docker environment failed. Will not retry. Please see logs and check configuration

[ERROR] testValidateVersion[runIncrementalSnapshot = false](com.ververica.cdc.connectors.mysql.MySqlValidatorTest)  Time elapsed: 183.07 s  <<< ERROR!
java.util.concurrent.CompletionException: java.lang.IllegalStateException: Previous attempts to find a Docker environment failed. Will not retry. Please see logs and check configuration
Caused by: java.lang.IllegalStateException: Previous attempts to find a Docker environment failed. Will not retry. Please see logs and check configuration

[ERROR] testValidateBinlogFormat[runIncrementalSnapshot = false](com.ververica.cdc.connectors.mysql.MySqlValidatorTest)  Time elapsed: 9.69 s  <<< ERROR!
java.util.concurrent.CompletionException: java.lang.IllegalStateException: Previous attempts to find a Docker environment failed. Will not retry. Please see logs and check configuration
Caused by: java.lang.IllegalStateException: Previous attempts to find a Docker environment failed. Will not retry. Please see logs and check configuration

[INFO] 
[INFO] Results:
[INFO] 
[ERROR] Errors: 
[ERROR]   LegacyMySqlSourceTest.com.ververica.cdc.connectors.mysql.LegacyMySqlSourceTest » Completion
[ERROR]   MySqlValidatorTest.testValidateBinlogFormat[runIncrementalSnapshot = false] » Completion
[ERROR]   MySqlValidatorTest.testValidateBinlogFormat[runIncrementalSnapshot = true] » Completion
[ERROR]   MySqlValidatorTest.testValidateBinlogRowImage[runIncrementalSnapshot = false] » Completion
[ERROR]   MySqlValidatorTest.testValidateBinlogRowImage[runIncrementalSnapshot = true] » Completion
[ERROR]   MySqlValidatorTest.testValidateVersion[runIncrementalSnapshot = false] » Completion
[ERROR]   MySqlValidatorTest.testValidateVersion[runIncrementalSnapshot = true] » Completion
[ERROR]   BinlogSplitReaderTest.com.ververica.cdc.connectors.mysql.debezium.reader.BinlogSplitReaderTest » Completion
[ERROR]   SnapshotSplitReaderTest.com.ververica.cdc.connectors.mysql.debezium.reader.SnapshotSplitReaderTest » Completion
[ERROR]   MySqlHybridSplitAssignerTest.com.ververica.cdc.connectors.mysql.source.assigners.MySqlHybridSplitAssignerTest » Completion
[ERROR]   MySqlSnapshotSplitAssignerTest.com.ververica.cdc.connectors.mysql.source.assigners.MySqlSnapshotSplitAssignerTest » Completion
[ERROR]   MySqlSourceReaderTest.com.ververica.cdc.connectors.mysql.source.reader.MySqlSourceReaderTest » Completion
[INFO] 
[ERROR] Tests run: 39, Failures: 0, Errors: 12, Skipped: 2
[INFO] 
[INFO] 
[INFO] -------------< com.ververica:flink-connector-postgres-cdc >-------------
[INFO] Building flink-connector-postgres-cdc 2.1-SNAPSHOT                [5/12]
[INFO] --------------------------------[ jar ]---------------------------------
[INFO] 
[INFO] --- spotless-maven-plugin:2.4.2:check (spotless-check) @ flink-connector-postgres-cdc ---
[INFO] 
[INFO] --- maven-checkstyle-plugin:2.17:check (validate) @ flink-connector-postgres-cdc ---
[INFO] 
[INFO] --- maven-enforcer-plugin:3.0.0-M1:enforce (enforce-maven-version) @ flink-connector-postgres-cdc ---
[INFO] 
[INFO] --- maven-remote-resources-plugin:1.5:process (process-resource-bundles) @ flink-connector-postgres-cdc ---
[INFO] 
[INFO] --- maven-resources-plugin:3.1.0:resources (default-resources) @ flink-connector-postgres-cdc ---
[INFO] Using 'UTF-8' encoding to copy filtered resources.
[INFO] Copying 1 resource
[INFO] Copying 3 resources
[INFO] 
[INFO] --- maven-compiler-plugin:3.7.0:compile (default-compile) @ flink-connector-postgres-cdc ---
[INFO] Nothing to compile - all classes are up to date
[INFO] 
[INFO] --- maven-resources-plugin:3.1.0:testResources (default-testResources) @ flink-connector-postgres-cdc ---
[INFO] Using 'UTF-8' encoding to copy filtered resources.
[INFO] Copying 4 resources
[INFO] Copying 3 resources
[INFO] 
[INFO] --- maven-compiler-plugin:3.7.0:testCompile (default-testCompile) @ flink-connector-postgres-cdc ---
[INFO] Nothing to compile - all classes are up to date
[INFO] 
[INFO] --- maven-surefire-plugin:2.22.0:test (default-test) @ flink-connector-postgres-cdc ---
[INFO] 
[INFO] -------------------------------------------------------
[INFO]  T E S T S
[INFO] -------------------------------------------------------
[INFO] Running com.ververica.cdc.connectors.postgres.table.PostgreSQLTableFactoryTest
[INFO] Tests run: 4, Failures: 0, Errors: 0, Skipped: 0, Time elapsed: 7,451.51 s - in com.ververica.cdc.connectors.postgres.table.PostgreSQLTableFactoryTest
[INFO] Running com.ververica.cdc.connectors.postgres.PostgreSQLSourceTest
11746370 [main] INFO  org.apache.flink.runtime.taskexecutor.TaskExecutorResourceUtils - The configuration option taskmanager.cpu.cores required for local execution is not set, setting it to the maximal possible value.
11775290 [main] INFO  org.apache.flink.runtime.taskexecutor.TaskExecutorResourceUtils - The configuration option taskmanager.memory.task.heap.size required for local execution is not set, setting it to the maximal possible value.
11776200 [main] INFO  org.apache.flink.runtime.taskexecutor.TaskExecutorResourceUtils - The configuration option taskmanager.memory.task.off-heap.size required for local execution is not set, setting it to the maximal possible value.
11785630 [main] INFO  org.apache.flink.runtime.taskexecutor.TaskExecutorResourceUtils - The configuration option taskmanager.memory.network.min required for local execution is not set, setting it to its default value 64 mb.
11786400 [main] INFO  org.apache.flink.runtime.taskexecutor.TaskExecutorResourceUtils - The configuration option taskmanager.memory.network.max required for local execution is not set, setting it to its default value 64 mb.
11827990 [main] INFO  org.apache.flink.runtime.minicluster.MiniCluster - Starting Flink Mini Cluster
11846060 [main] INFO  org.apache.flink.runtime.minicluster.MiniCluster - Starting Metrics Registry
12336900 [main] INFO  org.apache.flink.runtime.metrics.MetricRegistryImpl - No metrics reporter configured, no metrics will be exposed/reported.
12337540 [main] INFO  org.apache.flink.runtime.minicluster.MiniCluster - Starting RPC Service(s)
12713370 [main] INFO  org.apache.flink.runtime.rpc.akka.AkkaRpcServiceUtils - Trying to start local actor system
17805410 [flink-akka.actor.default-dispatcher-3] INFO  akka.event.slf4j.Slf4jLogger - Slf4jLogger started
20502160 [main] INFO  org.apache.flink.runtime.rpc.akka.AkkaRpcServiceUtils - Actor system started at akka://flink
20775750 [main] INFO  org.apache.flink.runtime.rpc.akka.AkkaRpcServiceUtils - Trying to start local actor system
21095210 [flink-metrics-2] INFO  akka.event.slf4j.Slf4jLogger - Slf4jLogger started
21707370 [main] INFO  org.apache.flink.runtime.rpc.akka.AkkaRpcServiceUtils - Actor system started at akka://flink-metrics
23031550 [main] INFO  org.apache.flink.runtime.rpc.akka.AkkaRpcService - Starting RPC endpoint for org.apache.flink.runtime.metrics.dump.MetricQueryService at akka://flink-metrics/user/rpc/MetricQueryService .
24629370 [main] INFO  org.apache.flink.runtime.minicluster.MiniCluster - Starting high-availability services
24690430 [main] INFO  org.apache.flink.runtime.blob.BlobServer - Created BLOB server storage directory /tmp/junit9015350869259652664/junit2145675332118875090/blobStore-14a0859b-4448-4d94-a07a-4468a9392486
24940110 [main] INFO  org.apache.flink.runtime.blob.BlobServer - Started BLOB server at 0.0.0.0:46797 - max concurrent requests: 50 - max backlog: 1000
24991970 [main] INFO  org.apache.flink.runtime.blob.PermanentBlobCache - Created BLOB cache storage directory /tmp/junit9015350869259652664/junit2145675332118875090/blobStore-10e9e78e-c9aa-4561-ae24-82a40a98afa8
25019630 [main] INFO  org.apache.flink.runtime.blob.TransientBlobCache - Created BLOB cache storage directory /tmp/junit9015350869259652664/junit2145675332118875090/blobStore-454e6334-53ba-40cb-9852-9846997184bb
25112710 [main] INFO  org.apache.flink.runtime.minicluster.MiniCluster - Starting 1 TaskManger(s)
25248000 [main] INFO  org.apache.flink.runtime.taskexecutor.TaskManagerRunner - Starting TaskManager with ResourceID: 90799f17-0220-4575-92f8-6c20013470ac
25513700 [main] INFO  org.apache.flink.runtime.taskexecutor.TaskManagerServices - Temporary file directory '/tmp/junit9015350869259652664/junit2145675332118875090': total 196 GB, usable 177 GB (90.31% usable)
25532830 [main] INFO  org.apache.flink.runtime.io.disk.FileChannelManagerImpl - FileChannelManager uses directory /tmp/junit9015350869259652664/junit2145675332118875090/flink-io-2f5d81c7-0f78-41b8-aa3e-21149cd79a3c for spill files.
25597980 [main] INFO  org.apache.flink.runtime.io.disk.FileChannelManagerImpl - FileChannelManager uses directory /tmp/junit9015350869259652664/junit2145675332118875090/flink-netty-shuffle-741520fa-c137-4f7d-b15a-156f0b7c5393 for spill files.
25814870 [main] INFO  org.apache.flink.runtime.io.network.buffer.NetworkBufferPool - Allocated 64 MB for network buffer pool (number of memory segments: 2048, bytes per segment: 32768).
26334440 [main] INFO  org.apache.flink.runtime.io.network.NettyShuffleEnvironment - Starting the network environment and its components.
26344470 [main] INFO  org.apache.flink.runtime.taskexecutor.KvStateService - Starting the kvState service and its components.
26723640 [main] INFO  org.apache.flink.runtime.rpc.akka.AkkaRpcService - Starting RPC endpoint for org.apache.flink.runtime.taskexecutor.TaskExecutor at akka://flink/user/rpc/taskmanager_0 .
26963450 [flink-akka.actor.default-dispatcher-3] INFO  org.apache.flink.runtime.taskexecutor.DefaultJobLeaderService - Start job leader service.
26999670 [flink-akka.actor.default-dispatcher-3] INFO  org.apache.flink.runtime.filecache.FileCache - User file cache uses directory /tmp/junit9015350869259652664/junit2145675332118875090/flink-dist-cache-8cfdcb88-b23f-4995-8e6d-ae3e12804452
28428720 [main] INFO  org.apache.flink.runtime.dispatcher.DispatcherRestEndpoint - Starting rest endpoint.
28477970 [main] INFO  org.apache.flink.runtime.dispatcher.DispatcherRestEndpoint - Failed to load web based job submission extension. Probable reason: flink-runtime-web is not in the classpath.
31373190 [main] WARN  org.apache.flink.runtime.webmonitor.WebMonitorUtils - Log file environment variable 'log.file' is not set.
31374050 [main] WARN  org.apache.flink.runtime.webmonitor.WebMonitorUtils - JobManager log files are unavailable in the web dashboard. Log file location not found in environment variable 'log.file' or configuration key 'web.log.path'.
35183620 [main] INFO  org.apache.flink.runtime.dispatcher.DispatcherRestEndpoint - Rest endpoint listening at localhost:42881
35512590 [main] INFO  org.apache.flink.runtime.highavailability.nonha.embedded.EmbeddedLeaderService - Proposing leadership to contender http://localhost:42881
36049720 [mini-cluster-io-thread-1] INFO  org.apache.flink.runtime.dispatcher.DispatcherRestEndpoint - http://localhost:42881 was granted leadership with leaderSessionID=29422f5e-e1b4-4dbf-af8c-829e1adf2a04
36051410 [mini-cluster-io-thread-1] INFO  org.apache.flink.runtime.highavailability.nonha.embedded.EmbeddedLeaderService - Received confirmation of leadership for leader http://localhost:42881 , session=29422f5e-e1b4-4dbf-af8c-829e1adf2a04
37111330 [main] INFO  org.apache.flink.runtime.rpc.akka.AkkaRpcService - Starting RPC endpoint for org.apache.flink.runtime.resourcemanager.StandaloneResourceManager at akka://flink/user/rpc/resourcemanager_1 .
37184820 [main] INFO  org.apache.flink.runtime.highavailability.nonha.embedded.EmbeddedLeaderService - Proposing leadership to contender LeaderContender: DefaultDispatcherRunner
37382620 [mini-cluster-io-thread-2] INFO  org.apache.flink.runtime.dispatcher.runner.SessionDispatcherLeaderProcess - Start SessionDispatcherLeaderProcess.
37390470 [mini-cluster-io-thread-3] INFO  org.apache.flink.runtime.dispatcher.runner.SessionDispatcherLeaderProcess - Recover all persisted job graphs.
37391580 [mini-cluster-io-thread-3] INFO  org.apache.flink.runtime.dispatcher.runner.SessionDispatcherLeaderProcess - Successfully recovered 0 persisted job graphs.
37417130 [flink-akka.actor.default-dispatcher-3] INFO  org.apache.flink.runtime.resourcemanager.StandaloneResourceManager - Starting the resource manager.
37417850 [flink-akka.actor.default-dispatcher-3] INFO  org.apache.flink.runtime.highavailability.nonha.embedded.EmbeddedLeaderService - Proposing leadership to contender LeaderContender: StandaloneResourceManager
37890710 [main] INFO  org.apache.flink.runtime.minicluster.MiniCluster - Flink Mini Cluster started successfully
37904220 [flink-akka.actor.default-dispatcher-3] INFO  org.apache.flink.runtime.resourcemanager.StandaloneResourceManager - ResourceManager akka://flink/user/rpc/resourcemanager_1 was granted leadership with fencing token 97d2d31c49e67d00ecaf9f612daa4a53
37959260 [main] INFO  org.apache.flink.configuration.Configuration - Config uses fallback configuration key 'jobmanager.rpc.address' instead of key 'rest.address'
38351130 [mini-cluster-io-thread-3] INFO  org.apache.flink.runtime.rpc.akka.AkkaRpcService - Starting RPC endpoint for org.apache.flink.runtime.dispatcher.StandaloneDispatcher at akka://flink/user/rpc/dispatcher_2 .
38483040 [mini-cluster-io-thread-6] INFO  org.apache.flink.runtime.highavailability.nonha.embedded.EmbeddedLeaderService - Received confirmation of leadership for leader akka://flink/user/rpc/resourcemanager_1 , session=ecaf9f61-2daa-4a53-97d2-d31c49e67d00
38783880 [mini-cluster-io-thread-3] INFO  org.apache.flink.runtime.highavailability.nonha.embedded.EmbeddedLeaderService - Received confirmation of leadership for leader akka://flink/user/rpc/dispatcher_2 , session=2cc1035e-a7de-408a-9448-cc569b05ccde
38788390 [flink-akka.actor.default-dispatcher-5] INFO  org.apache.flink.runtime.taskexecutor.TaskExecutor - Connecting to ResourceManager akka://flink/user/rpc/resourcemanager_1(97d2d31c49e67d00ecaf9f612daa4a53).
38886900 [main] INFO  com.ververica.cdc.connectors.postgres.PostgresTestBase - Starting containers...
39476030 [flink-akka.actor.default-dispatcher-5] INFO  org.apache.flink.runtime.taskexecutor.TaskExecutor - Resolved ResourceManager address, beginning registration
39517260 [testcontainers-lifecycle-0] WARN  org.testcontainers.utility.TestcontainersConfiguration - Attempted to read Testcontainers configuration file at file:/root/.testcontainers.properties but the file was not found. Exception message: FileNotFoundException: /root/.testcontainers.properties (No such file or directory)
39577190 [flink-akka.actor.default-dispatcher-3] INFO  org.apache.flink.runtime.resourcemanager.StandaloneResourceManager - Registering TaskManager with ResourceID 90799f17-0220-4575-92f8-6c20013470ac (akka://flink/user/rpc/taskmanager_0) at ResourceManager
39593420 [flink-akka.actor.default-dispatcher-3] INFO  org.apache.flink.runtime.taskexecutor.TaskExecutor - Successful registration at resource manager akka://flink/user/rpc/resourcemanager_1 under registration id 1aac7db7c7ad8d3b3a14262cc3a94e3a.
39722760 [testcontainers-lifecycle-0] INFO  org.testcontainers.dockerclient.DockerMachineClientProviderStrategy - docker-machine executable was not found on PATH ([/usr/local/openjdk-8/bin, /usr/local/sbin, /usr/local/bin, /usr/sbin, /usr/bin, /sbin, /bin])
40469080 [testcontainers-lifecycle-0] ERROR org.testcontainers.dockerclient.DockerClientProviderStrategy - Could not find a valid Docker environment. Please check configuration. Attempted configurations were:
40469920 [testcontainers-lifecycle-0] ERROR org.testcontainers.dockerclient.DockerClientProviderStrategy -     UnixSocketClientProviderStrategy: failed with exception InvalidConfigurationException (Could not find unix domain socket). Root cause NoSuchFileException (/var/run/docker.sock)
40470260 [testcontainers-lifecycle-0] ERROR org.testcontainers.dockerclient.DockerClientProviderStrategy - As no valid configuration was found, execution cannot continue
40472370 [main] INFO  org.apache.flink.test.util.MiniClusterWithClientResource - Finalization triggered: Cluster shutdown is going to be initiated.
41419480 [main] INFO  org.apache.flink.runtime.minicluster.MiniCluster - Shutting down Flink Mini Cluster
41421200 [flink-akka.actor.default-dispatcher-3] INFO  org.apache.flink.runtime.taskexecutor.TaskExecutor - Stopping TaskExecutor akka://flink/user/rpc/taskmanager_0.
41421760 [flink-akka.actor.default-dispatcher-3] INFO  org.apache.flink.runtime.taskexecutor.TaskExecutor - Close ResourceManager connection 3f49e147172175a72f511cd012c71d61.
41422720 [main] INFO  org.apache.flink.runtime.dispatcher.DispatcherRestEndpoint - Shutting down rest endpoint.
41423050 [flink-akka.actor.default-dispatcher-5] INFO  org.apache.flink.runtime.resourcemanager.StandaloneResourceManager - Closing TaskExecutor connection 90799f17-0220-4575-92f8-6c20013470ac because: The TaskExecutor is shutting down.
41447230 [flink-akka.actor.default-dispatcher-3] INFO  org.apache.flink.runtime.taskexecutor.DefaultJobLeaderService - Stop job leader service.
41448090 [flink-akka.actor.default-dispatcher-3] INFO  org.apache.flink.runtime.state.TaskExecutorLocalStateStoresManager - Shutting down TaskExecutorLocalStateStoresManager.
41533420 [flink-akka.actor.default-dispatcher-3] INFO  org.apache.flink.runtime.io.disk.FileChannelManagerImpl - FileChannelManager removed spill file directory /tmp/junit9015350869259652664/junit2145675332118875090/flink-io-2f5d81c7-0f78-41b8-aa3e-21149cd79a3c
41534570 [flink-akka.actor.default-dispatcher-3] INFO  org.apache.flink.runtime.io.network.NettyShuffleEnvironment - Shutting down the network environment and its components.
41543160 [flink-akka.actor.default-dispatcher-3] INFO  org.apache.flink.runtime.io.disk.FileChannelManagerImpl - FileChannelManager removed spill file directory /tmp/junit9015350869259652664/junit2145675332118875090/flink-netty-shuffle-741520fa-c137-4f7d-b15a-156f0b7c5393
41544000 [flink-akka.actor.default-dispatcher-3] INFO  org.apache.flink.runtime.taskexecutor.KvStateService - Shutting down the kvState service and its components.
41544400 [flink-akka.actor.default-dispatcher-3] INFO  org.apache.flink.runtime.taskexecutor.DefaultJobLeaderService - Stop job leader service.
41545540 [flink-akka.actor.default-dispatcher-3] INFO  org.apache.flink.runtime.filecache.FileCache - removed file cache directory /tmp/junit9015350869259652664/junit2145675332118875090/flink-dist-cache-8cfdcb88-b23f-4995-8e6d-ae3e12804452
41586760 [flink-akka.actor.default-dispatcher-3] INFO  org.apache.flink.runtime.taskexecutor.TaskExecutor - Stopped TaskExecutor akka://flink/user/rpc/taskmanager_0.
41727050 [ForkJoinPool.commonPool-worker-1] INFO  org.apache.flink.runtime.dispatcher.DispatcherRestEndpoint - Removing cache directory /tmp/flink-web-ui
41752350 [ForkJoinPool.commonPool-worker-1] INFO  org.apache.flink.runtime.dispatcher.DispatcherRestEndpoint - Shut down complete.
41770560 [flink-akka.actor.default-dispatcher-3] INFO  org.apache.flink.runtime.resourcemanager.StandaloneResourceManager - Shut down cluster because application is in CANCELED, diagnostics DispatcherResourceManagerComponent has been closed..
41797340 [ForkJoinPool.commonPool-worker-1] INFO  org.apache.flink.runtime.entrypoint.component.DispatcherResourceManagerComponent - Closing components.
41801970 [ForkJoinPool.commonPool-worker-1] INFO  org.apache.flink.runtime.dispatcher.runner.SessionDispatcherLeaderProcess - Stopping SessionDispatcherLeaderProcess.
41813900 [flink-akka.actor.default-dispatcher-5] INFO  org.apache.flink.runtime.resourcemanager.slotmanager.DeclarativeSlotManager - Closing the slot manager.
41814300 [flink-akka.actor.default-dispatcher-5] INFO  org.apache.flink.runtime.resourcemanager.slotmanager.DeclarativeSlotManager - Suspending the slot manager.
41810360 [flink-akka.actor.default-dispatcher-3] INFO  org.apache.flink.runtime.dispatcher.StandaloneDispatcher - Stopping dispatcher akka://flink/user/rpc/dispatcher_2.
41834650 [flink-akka.actor.default-dispatcher-3] INFO  org.apache.flink.runtime.dispatcher.StandaloneDispatcher - Stopping all currently running jobs of dispatcher akka://flink/user/rpc/dispatcher_2.
41844280 [flink-akka.actor.default-dispatcher-3] INFO  org.apache.flink.runtime.dispatcher.StandaloneDispatcher - Stopped dispatcher akka://flink/user/rpc/dispatcher_2.
42191150 [mini-cluster-io-thread-15] INFO  org.apache.flink.runtime.rpc.akka.AkkaRpcService - Stopping Akka RPC service.
43153680 [flink-metrics-2] INFO  org.apache.flink.runtime.rpc.akka.AkkaRpcService - Stopping Akka RPC service.
43176970 [flink-metrics-2] INFO  org.apache.flink.runtime.rpc.akka.AkkaRpcService - Stopped Akka RPC service.
43698420 [flink-akka.actor.default-dispatcher-3] INFO  org.apache.flink.runtime.blob.PermanentBlobCache - Shutting down BLOB cache
43751410 [flink-akka.actor.default-dispatcher-3] INFO  org.apache.flink.runtime.blob.TransientBlobCache - Shutting down BLOB cache
43754630 [flink-akka.actor.default-dispatcher-3] INFO  org.apache.flink.runtime.blob.BlobServer - Stopped BLOB server at 0.0.0.0:46797
43884040 [flink-akka.actor.default-dispatcher-3] INFO  org.apache.flink.runtime.rpc.akka.AkkaRpcService - Stopped Akka RPC service.
[ERROR] Tests run: 1, Failures: 0, Errors: 1, Skipped: 0, Time elapsed: 33,572.39 s <<< FAILURE! - in com.ververica.cdc.connectors.postgres.PostgreSQLSourceTest
[ERROR] com.ververica.cdc.connectors.postgres.PostgreSQLSourceTest  Time elapsed: 33,521.12 s  <<< ERROR!
java.util.concurrent.CompletionException: java.lang.IllegalStateException: Could not find a valid Docker environment. Please see logs and check configuration
Caused by: java.lang.IllegalStateException: Could not find a valid Docker environment. Please see logs and check configuration

[INFO] 
[INFO] Results:
[INFO] 
[ERROR] Errors: 
[ERROR]   PostgreSQLSourceTest.com.ververica.cdc.connectors.postgres.PostgreSQLSourceTest » Completion
[INFO] 
[ERROR] Tests run: 5, Failures: 0, Errors: 1, Skipped: 0
[INFO] 
[INFO] 
[INFO] --------------< com.ververica:flink-connector-oracle-cdc >--------------
[INFO] Building flink-connector-oracle-cdc 2.1-SNAPSHOT                  [6/12]
[INFO] --------------------------------[ jar ]---------------------------------
[INFO] 
[INFO] --- spotless-maven-plugin:2.4.2:check (spotless-check) @ flink-connector-oracle-cdc ---
[INFO] 
[INFO] --- maven-checkstyle-plugin:2.17:check (validate) @ flink-connector-oracle-cdc ---
[INFO] 
[INFO] --- maven-enforcer-plugin:3.0.0-M1:enforce (enforce-maven-version) @ flink-connector-oracle-cdc ---
[INFO] 
[INFO] --- maven-remote-resources-plugin:1.5:process (process-resource-bundles) @ flink-connector-oracle-cdc ---
[INFO] 
[INFO] --- maven-resources-plugin:3.1.0:resources (default-resources) @ flink-connector-oracle-cdc ---
[INFO] Using 'UTF-8' encoding to copy filtered resources.
[INFO] Copying 1 resource
[INFO] Copying 3 resources
[INFO] 
[INFO] --- maven-compiler-plugin:3.7.0:compile (default-compile) @ flink-connector-oracle-cdc ---
[INFO] Nothing to compile - all classes are up to date
[INFO] 
[INFO] --- maven-resources-plugin:3.1.0:testResources (default-testResources) @ flink-connector-oracle-cdc ---
[INFO] Using 'UTF-8' encoding to copy filtered resources.
[INFO] Copying 4 resources
[INFO] Copying 3 resources
[INFO] 
[INFO] --- maven-compiler-plugin:3.7.0:testCompile (default-testCompile) @ flink-connector-oracle-cdc ---
[INFO] Nothing to compile - all classes are up to date
[INFO] 
[INFO] --- maven-surefire-plugin:2.22.0:test (default-test) @ flink-connector-oracle-cdc ---
[INFO] 
[INFO] -------------------------------------------------------
[INFO]  T E S T S
[INFO] -------------------------------------------------------
[INFO] Running com.ververica.cdc.connectors.oracle.OracleSourceTest
12977930 [main] INFO  org.apache.flink.runtime.taskexecutor.TaskExecutorResourceUtils - The configuration option taskmanager.cpu.cores required for local execution is not set, setting it to the maximal possible value.
13007560 [main] INFO  org.apache.flink.runtime.taskexecutor.TaskExecutorResourceUtils - The configuration option taskmanager.memory.task.heap.size required for local execution is not set, setting it to the maximal possible value.
13009170 [main] INFO  org.apache.flink.runtime.taskexecutor.TaskExecutorResourceUtils - The configuration option taskmanager.memory.task.off-heap.size required for local execution is not set, setting it to the maximal possible value.
13019760 [main] INFO  org.apache.flink.runtime.taskexecutor.TaskExecutorResourceUtils - The configuration option taskmanager.memory.network.min required for local execution is not set, setting it to its default value 64 mb.
13021080 [main] INFO  org.apache.flink.runtime.taskexecutor.TaskExecutorResourceUtils - The configuration option taskmanager.memory.network.max required for local execution is not set, setting it to its default value 64 mb.
13078130 [main] INFO  org.apache.flink.runtime.minicluster.MiniCluster - Starting Flink Mini Cluster
13103270 [main] INFO  org.apache.flink.runtime.minicluster.MiniCluster - Starting Metrics Registry
14654930 [main] INFO  org.apache.flink.runtime.metrics.MetricRegistryImpl - No metrics reporter configured, no metrics will be exposed/reported.
14670300 [main] INFO  org.apache.flink.runtime.minicluster.MiniCluster - Starting RPC Service(s)
14764810 [main] INFO  org.apache.flink.runtime.rpc.akka.AkkaRpcServiceUtils - Trying to start local actor system
23079160 [flink-akka.actor.default-dispatcher-3] INFO  akka.event.slf4j.Slf4jLogger - Slf4jLogger started
25037290 [main] INFO  org.apache.flink.runtime.rpc.akka.AkkaRpcServiceUtils - Actor system started at akka://flink
25327690 [main] INFO  org.apache.flink.runtime.rpc.akka.AkkaRpcServiceUtils - Trying to start local actor system
25576810 [flink-metrics-2] INFO  akka.event.slf4j.Slf4jLogger - Slf4jLogger started
26110560 [main] INFO  org.apache.flink.runtime.rpc.akka.AkkaRpcServiceUtils - Actor system started at akka://flink-metrics
26609410 [main] INFO  org.apache.flink.runtime.rpc.akka.AkkaRpcService - Starting RPC endpoint for org.apache.flink.runtime.metrics.dump.MetricQueryService at akka://flink-metrics/user/rpc/MetricQueryService .
26962210 [main] INFO  org.apache.flink.runtime.minicluster.MiniCluster - Starting high-availability services
27069280 [main] INFO  org.apache.flink.runtime.blob.BlobServer - Created BLOB server storage directory /tmp/junit1052436239396809648/junit7266986068986409481/blobStore-f213403f-aeb6-45ce-be7c-12ea33fd0ede
27118200 [main] INFO  org.apache.flink.runtime.blob.BlobServer - Started BLOB server at 0.0.0.0:46005 - max concurrent requests: 50 - max backlog: 1000
27352300 [main] INFO  org.apache.flink.runtime.blob.PermanentBlobCache - Created BLOB cache storage directory /tmp/junit1052436239396809648/junit7266986068986409481/blobStore-a97bf8eb-f714-4b44-9413-78e88b8a31a0
27634180 [main] INFO  org.apache.flink.runtime.blob.TransientBlobCache - Created BLOB cache storage directory /tmp/junit1052436239396809648/junit7266986068986409481/blobStore-47a745a9-585e-4169-a14f-f201bbfcca56
27638540 [main] INFO  org.apache.flink.runtime.minicluster.MiniCluster - Starting 1 TaskManger(s)
27661370 [main] INFO  org.apache.flink.runtime.taskexecutor.TaskManagerRunner - Starting TaskManager with ResourceID: a741dfa5-b96d-425d-9172-58d44b53790b
28531310 [main] INFO  org.apache.flink.runtime.taskexecutor.TaskManagerServices - Temporary file directory '/tmp/junit1052436239396809648/junit7266986068986409481': total 196 GB, usable 177 GB (90.31% usable)
28629340 [main] INFO  org.apache.flink.runtime.io.disk.FileChannelManagerImpl - FileChannelManager uses directory /tmp/junit1052436239396809648/junit7266986068986409481/flink-io-70d7bd83-16ba-466e-ab2a-1ed9b9aae58a for spill files.
28765270 [main] INFO  org.apache.flink.runtime.io.disk.FileChannelManagerImpl - FileChannelManager uses directory /tmp/junit1052436239396809648/junit7266986068986409481/flink-netty-shuffle-4117f257-1a2b-4111-89f2-a36b798b7355 for spill files.
29297130 [main] INFO  org.apache.flink.runtime.io.network.buffer.NetworkBufferPool - Allocated 64 MB for network buffer pool (number of memory segments: 2048, bytes per segment: 32768).
30339150 [main] INFO  org.apache.flink.runtime.io.network.NettyShuffleEnvironment - Starting the network environment and its components.
30348580 [main] INFO  org.apache.flink.runtime.taskexecutor.KvStateService - Starting the kvState service and its components.
31474380 [main] INFO  org.apache.flink.runtime.rpc.akka.AkkaRpcService - Starting RPC endpoint for org.apache.flink.runtime.taskexecutor.TaskExecutor at akka://flink/user/rpc/taskmanager_0 .
32497510 [flink-akka.actor.default-dispatcher-3] INFO  org.apache.flink.runtime.taskexecutor.DefaultJobLeaderService - Start job leader service.
32506470 [flink-akka.actor.default-dispatcher-3] INFO  org.apache.flink.runtime.filecache.FileCache - User file cache uses directory /tmp/junit1052436239396809648/junit7266986068986409481/flink-dist-cache-c3dbfc99-c121-4b5d-bd8e-246d08461da2
33337990 [main] INFO  org.apache.flink.runtime.dispatcher.DispatcherRestEndpoint - Starting rest endpoint.
33352300 [main] INFO  org.apache.flink.runtime.dispatcher.DispatcherRestEndpoint - Failed to load web based job submission extension. Probable reason: flink-runtime-web is not in the classpath.
38894240 [main] WARN  org.apache.flink.runtime.webmonitor.WebMonitorUtils - Log file environment variable 'log.file' is not set.
38896330 [main] WARN  org.apache.flink.runtime.webmonitor.WebMonitorUtils - JobManager log files are unavailable in the web dashboard. Log file location not found in environment variable 'log.file' or configuration key 'web.log.path'.
41365670 [main] INFO  org.apache.flink.runtime.dispatcher.DispatcherRestEndpoint - Rest endpoint listening at localhost:42433
41447540 [main] INFO  org.apache.flink.runtime.highavailability.nonha.embedded.EmbeddedLeaderService - Proposing leadership to contender http://localhost:42433
41623900 [mini-cluster-io-thread-1] INFO  org.apache.flink.runtime.dispatcher.DispatcherRestEndpoint - http://localhost:42433 was granted leadership with leaderSessionID=0b3eaf27-a9a0-4e7d-ad95-60dc126be020
41624850 [mini-cluster-io-thread-1] INFO  org.apache.flink.runtime.highavailability.nonha.embedded.EmbeddedLeaderService - Received confirmation of leadership for leader http://localhost:42433 , session=0b3eaf27-a9a0-4e7d-ad95-60dc126be020
42232990 [main] INFO  org.apache.flink.runtime.rpc.akka.AkkaRpcService - Starting RPC endpoint for org.apache.flink.runtime.resourcemanager.StandaloneResourceManager at akka://flink/user/rpc/resourcemanager_1 .
42321020 [main] INFO  org.apache.flink.runtime.highavailability.nonha.embedded.EmbeddedLeaderService - Proposing leadership to contender LeaderContender: DefaultDispatcherRunner
42331570 [flink-akka.actor.default-dispatcher-3] INFO  org.apache.flink.runtime.resourcemanager.StandaloneResourceManager - Starting the resource manager.
42332450 [flink-akka.actor.default-dispatcher-3] INFO  org.apache.flink.runtime.highavailability.nonha.embedded.EmbeddedLeaderService - Proposing leadership to contender LeaderContender: StandaloneResourceManager
42373980 [mini-cluster-io-thread-2] INFO  org.apache.flink.runtime.dispatcher.runner.SessionDispatcherLeaderProcess - Start SessionDispatcherLeaderProcess.
42380950 [mini-cluster-io-thread-4] INFO  org.apache.flink.runtime.dispatcher.runner.SessionDispatcherLeaderProcess - Recover all persisted job graphs.
42381570 [mini-cluster-io-thread-4] INFO  org.apache.flink.runtime.dispatcher.runner.SessionDispatcherLeaderProcess - Successfully recovered 0 persisted job graphs.
42414780 [mini-cluster-io-thread-4] INFO  org.apache.flink.runtime.rpc.akka.AkkaRpcService - Starting RPC endpoint for org.apache.flink.runtime.dispatcher.StandaloneDispatcher at akka://flink/user/rpc/dispatcher_2 .
42424340 [main] INFO  org.apache.flink.runtime.minicluster.MiniCluster - Flink Mini Cluster started successfully
42591310 [flink-akka.actor.default-dispatcher-3] INFO  org.apache.flink.runtime.resourcemanager.StandaloneResourceManager - ResourceManager akka://flink/user/rpc/resourcemanager_1 was granted leadership with fencing token b90d2e7a8fd7ab86a0af41ced38d4e96
42613730 [main] INFO  org.apache.flink.configuration.Configuration - Config uses fallback configuration key 'jobmanager.rpc.address' instead of key 'rest.address'
42914370 [mini-cluster-io-thread-4] INFO  org.apache.flink.runtime.highavailability.nonha.embedded.EmbeddedLeaderService - Received confirmation of leadership for leader akka://flink/user/rpc/dispatcher_2 , session=b3c60188-02e0-4acd-81c0-66fadf02acb7
42917470 [mini-cluster-io-thread-6] INFO  org.apache.flink.runtime.highavailability.nonha.embedded.EmbeddedLeaderService - Received confirmation of leadership for leader akka://flink/user/rpc/resourcemanager_1 , session=a0af41ce-d38d-4e96-b90d-2e7a8fd7ab86
43894590 [flink-akka.actor.default-dispatcher-3] INFO  org.apache.flink.runtime.taskexecutor.TaskExecutor - Connecting to ResourceManager akka://flink/user/rpc/resourcemanager_1(b90d2e7a8fd7ab86a0af41ced38d4e96).
44357950 [flink-akka.actor.default-dispatcher-2] INFO  org.apache.flink.runtime.taskexecutor.TaskExecutor - Resolved ResourceManager address, beginning registration
44986190 [flink-akka.actor.default-dispatcher-3] INFO  org.apache.flink.runtime.resourcemanager.StandaloneResourceManager - Registering TaskManager with ResourceID a741dfa5-b96d-425d-9172-58d44b53790b (akka://flink/user/rpc/taskmanager_0) at ResourceManager
45003450 [flink-akka.actor.default-dispatcher-2] INFO  org.apache.flink.runtime.taskexecutor.TaskExecutor - Successful registration at resource manager akka://flink/user/rpc/resourcemanager_1 under registration id 15e1f943983b4857a09cd8289be84670.
45214300 [main] INFO  com.ververica.cdc.connectors.oracle.OracleSourceTest - 
================================================================================
Test testCheckpointAndRestore(com.ververica.cdc.connectors.oracle.OracleSourceTest) is running.
--------------------------------------------------------------------------------
45217560 [main] INFO  com.ververica.cdc.connectors.oracle.OracleSourceTest - Starting containers...
45563210 [testcontainers-lifecycle-0] WARN  org.testcontainers.utility.TestcontainersConfiguration - Attempted to read Testcontainers configuration file at file:/root/.testcontainers.properties but the file was not found. Exception message: FileNotFoundException: /root/.testcontainers.properties (No such file or directory)
45855860 [testcontainers-lifecycle-0] INFO  org.testcontainers.dockerclient.DockerMachineClientProviderStrategy - docker-machine executable was not found on PATH ([/usr/local/openjdk-8/bin, /usr/local/sbin, /usr/local/bin, /usr/sbin, /usr/bin, /sbin, /bin])
47348370 [testcontainers-lifecycle-0] ERROR org.testcontainers.dockerclient.DockerClientProviderStrategy - Could not find a valid Docker environment. Please check configuration. Attempted configurations were:
47349170 [testcontainers-lifecycle-0] ERROR org.testcontainers.dockerclient.DockerClientProviderStrategy -     UnixSocketClientProviderStrategy: failed with exception InvalidConfigurationException (Could not find unix domain socket). Root cause NoSuchFileException (/var/run/docker.sock)
47349540 [testcontainers-lifecycle-0] ERROR org.testcontainers.dockerclient.DockerClientProviderStrategy - As no valid configuration was found, execution cannot continue
47403170 [main] ERROR com.ververica.cdc.connectors.oracle.OracleSourceTest - 
--------------------------------------------------------------------------------
Test testCheckpointAndRestore(com.ververica.cdc.connectors.oracle.OracleSourceTest) failed with:
java.util.concurrent.CompletionException: java.lang.IllegalStateException: Could not find a valid Docker environment. Please see logs and check configuration
	at java.util.concurrent.CompletableFuture.encodeThrowable(CompletableFuture.java:273)
	at java.util.concurrent.CompletableFuture.completeThrowable(CompletableFuture.java:280)
	at java.util.concurrent.CompletableFuture.uniRun(CompletableFuture.java:722)
	at java.util.concurrent.CompletableFuture$UniRun.tryFire(CompletableFuture.java:701)
	at java.util.concurrent.CompletableFuture$Completion.run(CompletableFuture.java:456)
	at java.util.concurrent.ThreadPoolExecutor.runWorker(ThreadPoolExecutor.java:1149)
	at java.util.concurrent.ThreadPoolExecutor$Worker.run(ThreadPoolExecutor.java:624)
	at java.lang.Thread.run(Thread.java:748)
Caused by: java.lang.IllegalStateException: Could not find a valid Docker environment. Please see logs and check configuration
	at org.testcontainers.dockerclient.DockerClientProviderStrategy.lambda$getFirstValidStrategy$7(DockerClientProviderStrategy.java:215)
	at java.util.Optional.orElseThrow(Optional.java:290)
	at org.testcontainers.dockerclient.DockerClientProviderStrategy.getFirstValidStrategy(DockerClientProviderStrategy.java:207)
	at org.testcontainers.DockerClientFactory.getOrInitializeStrategy(DockerClientFactory.java:136)
	at org.testcontainers.DockerClientFactory.client(DockerClientFactory.java:178)
	at org.testcontainers.LazyDockerClient.getDockerClient(LazyDockerClient.java:14)
	at org.testcontainers.LazyDockerClient.authConfig(LazyDockerClient.java:12)
	at org.testcontainers.containers.GenericContainer.start(GenericContainer.java:310)
	at java.util.concurrent.CompletableFuture.uniRun(CompletableFuture.java:719)
	... 5 more

================================================================================
47425280 [main] INFO  com.ververica.cdc.connectors.oracle.OracleSourceTest - 
================================================================================
Test testConsumingEmptyTable(com.ververica.cdc.connectors.oracle.OracleSourceTest) is running.
--------------------------------------------------------------------------------
47427100 [main] INFO  com.ververica.cdc.connectors.oracle.OracleSourceTest - Starting containers...
47541260 [main] ERROR com.ververica.cdc.connectors.oracle.OracleSourceTest - 
--------------------------------------------------------------------------------
Test testConsumingEmptyTable(com.ververica.cdc.connectors.oracle.OracleSourceTest) failed with:
java.util.concurrent.CompletionException: java.lang.IllegalStateException: Previous attempts to find a Docker environment failed. Will not retry. Please see logs and check configuration
	at java.util.concurrent.CompletableFuture.encodeThrowable(CompletableFuture.java:273)
	at java.util.concurrent.CompletableFuture.completeThrowable(CompletableFuture.java:280)
	at java.util.concurrent.CompletableFuture.uniRun(CompletableFuture.java:722)
	at java.util.concurrent.CompletableFuture$UniRun.tryFire(CompletableFuture.java:701)
	at java.util.concurrent.CompletableFuture$Completion.run(CompletableFuture.java:456)
	at java.util.concurrent.ThreadPoolExecutor.runWorker(ThreadPoolExecutor.java:1149)
	at java.util.concurrent.ThreadPoolExecutor$Worker.run(ThreadPoolExecutor.java:624)
	at java.lang.Thread.run(Thread.java:748)
Caused by: java.lang.IllegalStateException: Previous attempts to find a Docker environment failed. Will not retry. Please see logs and check configuration
	at org.testcontainers.dockerclient.DockerClientProviderStrategy.getFirstValidStrategy(DockerClientProviderStrategy.java:109)
	at org.testcontainers.DockerClientFactory.getOrInitializeStrategy(DockerClientFactory.java:136)
	at org.testcontainers.DockerClientFactory.client(DockerClientFactory.java:178)
	at org.testcontainers.LazyDockerClient.getDockerClient(LazyDockerClient.java:14)
	at org.testcontainers.LazyDockerClient.authConfig(LazyDockerClient.java:12)
	at org.testcontainers.containers.GenericContainer.start(GenericContainer.java:310)
	at java.util.concurrent.CompletableFuture.uniRun(CompletableFuture.java:719)
	... 5 more

================================================================================
47564650 [main] INFO  com.ververica.cdc.connectors.oracle.OracleSourceTest - 
================================================================================
Test testRecoverFromRenameOperation(com.ververica.cdc.connectors.oracle.OracleSourceTest) is running.
--------------------------------------------------------------------------------
47565370 [main] INFO  com.ververica.cdc.connectors.oracle.OracleSourceTest - Starting containers...
47903210 [main] ERROR com.ververica.cdc.connectors.oracle.OracleSourceTest - 
--------------------------------------------------------------------------------
Test testRecoverFromRenameOperation(com.ververica.cdc.connectors.oracle.OracleSourceTest) failed with:
java.util.concurrent.CompletionException: java.lang.IllegalStateException: Previous attempts to find a Docker environment failed. Will not retry. Please see logs and check configuration
	at java.util.concurrent.CompletableFuture.encodeThrowable(CompletableFuture.java:273)
	at java.util.concurrent.CompletableFuture.completeThrowable(CompletableFuture.java:280)
	at java.util.concurrent.CompletableFuture.uniRun(CompletableFuture.java:722)
	at java.util.concurrent.CompletableFuture$UniRun.tryFire(CompletableFuture.java:701)
	at java.util.concurrent.CompletableFuture$Completion.run(CompletableFuture.java:456)
	at java.util.concurrent.ThreadPoolExecutor.runWorker(ThreadPoolExecutor.java:1149)
	at java.util.concurrent.ThreadPoolExecutor$Worker.run(ThreadPoolExecutor.java:624)
	at java.lang.Thread.run(Thread.java:748)
Caused by: java.lang.IllegalStateException: Previous attempts to find a Docker environment failed. Will not retry. Please see logs and check configuration
	at org.testcontainers.dockerclient.DockerClientProviderStrategy.getFirstValidStrategy(DockerClientProviderStrategy.java:109)
	at org.testcontainers.DockerClientFactory.getOrInitializeStrategy(DockerClientFactory.java:136)
	at org.testcontainers.DockerClientFactory.client(DockerClientFactory.java:178)
	at org.testcontainers.LazyDockerClient.getDockerClient(LazyDockerClient.java:14)
	at org.testcontainers.LazyDockerClient.authConfig(LazyDockerClient.java:12)
	at org.testcontainers.containers.GenericContainer.start(GenericContainer.java:310)
	at java.util.concurrent.CompletableFuture.uniRun(CompletableFuture.java:719)
	... 5 more

================================================================================
47953560 [main] INFO  com.ververica.cdc.connectors.oracle.OracleSourceTest - 
================================================================================
Test testConsumingAllEvents(com.ververica.cdc.connectors.oracle.OracleSourceTest) is running.
--------------------------------------------------------------------------------
47954210 [main] INFO  com.ververica.cdc.connectors.oracle.OracleSourceTest - Starting containers...
48006050 [main] ERROR com.ververica.cdc.connectors.oracle.OracleSourceTest - 
--------------------------------------------------------------------------------
Test testConsumingAllEvents(com.ververica.cdc.connectors.oracle.OracleSourceTest) failed with:
java.util.concurrent.CompletionException: java.lang.IllegalStateException: Previous attempts to find a Docker environment failed. Will not retry. Please see logs and check configuration
	at java.util.concurrent.CompletableFuture.encodeThrowable(CompletableFuture.java:273)
	at java.util.concurrent.CompletableFuture.completeThrowable(CompletableFuture.java:280)
	at java.util.concurrent.CompletableFuture.uniRun(CompletableFuture.java:722)
	at java.util.concurrent.CompletableFuture$UniRun.tryFire(CompletableFuture.java:701)
	at java.util.concurrent.CompletableFuture$Completion.run(CompletableFuture.java:456)
	at java.util.concurrent.ThreadPoolExecutor.runWorker(ThreadPoolExecutor.java:1149)
	at java.util.concurrent.ThreadPoolExecutor$Worker.run(ThreadPoolExecutor.java:624)
	at java.lang.Thread.run(Thread.java:748)
Caused by: java.lang.IllegalStateException: Previous attempts to find a Docker environment failed. Will not retry. Please see logs and check configuration
	at org.testcontainers.dockerclient.DockerClientProviderStrategy.getFirstValidStrategy(DockerClientProviderStrategy.java:109)
	at org.testcontainers.DockerClientFactory.getOrInitializeStrategy(DockerClientFactory.java:136)
	at org.testcontainers.DockerClientFactory.client(DockerClientFactory.java:178)
	at org.testcontainers.LazyDockerClient.getDockerClient(LazyDockerClient.java:14)
	at org.testcontainers.LazyDockerClient.authConfig(LazyDockerClient.java:12)
	at org.testcontainers.containers.GenericContainer.start(GenericContainer.java:310)
	at java.util.concurrent.CompletableFuture.uniRun(CompletableFuture.java:719)
	... 5 more

================================================================================
48011260 [main] INFO  org.apache.flink.test.util.MiniClusterWithClientResource - Finalization triggered: Cluster shutdown is going to be initiated.
48322340 [main] INFO  org.apache.flink.runtime.minicluster.MiniCluster - Shutting down Flink Mini Cluster
48393500 [flink-akka.actor.default-dispatcher-3] INFO  org.apache.flink.runtime.taskexecutor.TaskExecutor - Stopping TaskExecutor akka://flink/user/rpc/taskmanager_0.
48394080 [flink-akka.actor.default-dispatcher-3] INFO  org.apache.flink.runtime.taskexecutor.TaskExecutor - Close ResourceManager connection fd19483208ea6fc9b964ba5005d243a3.
48398760 [flink-akka.actor.default-dispatcher-4] INFO  org.apache.flink.runtime.resourcemanager.StandaloneResourceManager - Closing TaskExecutor connection a741dfa5-b96d-425d-9172-58d44b53790b because: The TaskExecutor is shutting down.
48412380 [main] INFO  org.apache.flink.runtime.dispatcher.DispatcherRestEndpoint - Shutting down rest endpoint.
48421010 [flink-akka.actor.default-dispatcher-3] INFO  org.apache.flink.runtime.taskexecutor.DefaultJobLeaderService - Stop job leader service.
48421690 [flink-akka.actor.default-dispatcher-3] INFO  org.apache.flink.runtime.state.TaskExecutorLocalStateStoresManager - Shutting down TaskExecutorLocalStateStoresManager.
49031640 [flink-akka.actor.default-dispatcher-3] INFO  org.apache.flink.runtime.io.disk.FileChannelManagerImpl - FileChannelManager removed spill file directory /tmp/junit1052436239396809648/junit7266986068986409481/flink-io-70d7bd83-16ba-466e-ab2a-1ed9b9aae58a
49033090 [flink-akka.actor.default-dispatcher-3] INFO  org.apache.flink.runtime.io.network.NettyShuffleEnvironment - Shutting down the network environment and its components.
49042240 [flink-akka.actor.default-dispatcher-3] INFO  org.apache.flink.runtime.io.disk.FileChannelManagerImpl - FileChannelManager removed spill file directory /tmp/junit1052436239396809648/junit7266986068986409481/flink-netty-shuffle-4117f257-1a2b-4111-89f2-a36b798b7355
49043250 [flink-akka.actor.default-dispatcher-3] INFO  org.apache.flink.runtime.taskexecutor.KvStateService - Shutting down the kvState service and its components.
49043680 [flink-akka.actor.default-dispatcher-3] INFO  org.apache.flink.runtime.taskexecutor.DefaultJobLeaderService - Stop job leader service.
49044810 [flink-akka.actor.default-dispatcher-3] INFO  org.apache.flink.runtime.filecache.FileCache - removed file cache directory /tmp/junit1052436239396809648/junit7266986068986409481/flink-dist-cache-c3dbfc99-c121-4b5d-bd8e-246d08461da2
49215360 [flink-akka.actor.default-dispatcher-3] INFO  org.apache.flink.runtime.taskexecutor.TaskExecutor - Stopped TaskExecutor akka://flink/user/rpc/taskmanager_0.
49748890 [ForkJoinPool.commonPool-worker-2] INFO  org.apache.flink.runtime.dispatcher.DispatcherRestEndpoint - Removing cache directory /tmp/flink-web-ui
49801180 [ForkJoinPool.commonPool-worker-2] INFO  org.apache.flink.runtime.dispatcher.DispatcherRestEndpoint - Shut down complete.
49986770 [flink-akka.actor.default-dispatcher-3] INFO  org.apache.flink.runtime.resourcemanager.StandaloneResourceManager - Shut down cluster because application is in CANCELED, diagnostics DispatcherResourceManagerComponent has been closed..
49990810 [ForkJoinPool.commonPool-worker-2] INFO  org.apache.flink.runtime.entrypoint.component.DispatcherResourceManagerComponent - Closing components.
50676050 [ForkJoinPool.commonPool-worker-2] INFO  org.apache.flink.runtime.dispatcher.runner.SessionDispatcherLeaderProcess - Stopping SessionDispatcherLeaderProcess.
50713070 [flink-akka.actor.default-dispatcher-3] INFO  org.apache.flink.runtime.dispatcher.StandaloneDispatcher - Stopping dispatcher akka://flink/user/rpc/dispatcher_2.
50713600 [flink-akka.actor.default-dispatcher-3] INFO  org.apache.flink.runtime.dispatcher.StandaloneDispatcher - Stopping all currently running jobs of dispatcher akka://flink/user/rpc/dispatcher_2.
50713620 [flink-akka.actor.default-dispatcher-5] INFO  org.apache.flink.runtime.resourcemanager.slotmanager.DeclarativeSlotManager - Closing the slot manager.
50714140 [flink-akka.actor.default-dispatcher-5] INFO  org.apache.flink.runtime.resourcemanager.slotmanager.DeclarativeSlotManager - Suspending the slot manager.
50715710 [flink-akka.actor.default-dispatcher-3] INFO  org.apache.flink.runtime.dispatcher.StandaloneDispatcher - Stopped dispatcher akka://flink/user/rpc/dispatcher_2.
50818760 [mini-cluster-io-thread-15] INFO  org.apache.flink.runtime.rpc.akka.AkkaRpcService - Stopping Akka RPC service.
51611130 [flink-metrics-2] INFO  org.apache.flink.runtime.rpc.akka.AkkaRpcService - Stopping Akka RPC service.
51660920 [flink-metrics-2] INFO  org.apache.flink.runtime.rpc.akka.AkkaRpcService - Stopped Akka RPC service.
52090480 [flink-akka.actor.default-dispatcher-4] INFO  org.apache.flink.runtime.blob.PermanentBlobCache - Shutting down BLOB cache
52092460 [flink-akka.actor.default-dispatcher-4] INFO  org.apache.flink.runtime.blob.TransientBlobCache - Shutting down BLOB cache
52095770 [flink-akka.actor.default-dispatcher-4] INFO  org.apache.flink.runtime.blob.BlobServer - Stopped BLOB server at 0.0.0.0:46005
52126640 [flink-akka.actor.default-dispatcher-4] INFO  org.apache.flink.runtime.rpc.akka.AkkaRpcService - Stopped Akka RPC service.
[ERROR] Tests run: 4, Failures: 0, Errors: 4, Skipped: 0, Time elapsed: 49,333.03 s <<< FAILURE! - in com.ververica.cdc.connectors.oracle.OracleSourceTest
[ERROR] testCheckpointAndRestore(com.ververica.cdc.connectors.oracle.OracleSourceTest)  Time elapsed: 2,208.99 s  <<< ERROR!
java.util.concurrent.CompletionException: java.lang.IllegalStateException: Could not find a valid Docker environment. Please see logs and check configuration
Caused by: java.lang.IllegalStateException: Could not find a valid Docker environment. Please see logs and check configuration

[ERROR] testConsumingEmptyTable(com.ververica.cdc.connectors.oracle.OracleSourceTest)  Time elapsed: 130.38 s  <<< ERROR!
java.util.concurrent.CompletionException: java.lang.IllegalStateException: Previous attempts to find a Docker environment failed. Will not retry. Please see logs and check configuration
Caused by: java.lang.IllegalStateException: Previous attempts to find a Docker environment failed. Will not retry. Please see logs and check configuration

[ERROR] testRecoverFromRenameOperation(com.ververica.cdc.connectors.oracle.OracleSourceTest)  Time elapsed: 388.31 s  <<< ERROR!
java.util.concurrent.CompletionException: java.lang.IllegalStateException: Previous attempts to find a Docker environment failed. Will not retry. Please see logs and check configuration
Caused by: java.lang.IllegalStateException: Previous attempts to find a Docker environment failed. Will not retry. Please see logs and check configuration

[ERROR] testConsumingAllEvents(com.ververica.cdc.connectors.oracle.OracleSourceTest)  Time elapsed: 67.24 s  <<< ERROR!
java.util.concurrent.CompletionException: java.lang.IllegalStateException: Previous attempts to find a Docker environment failed. Will not retry. Please see logs and check configuration
Caused by: java.lang.IllegalStateException: Previous attempts to find a Docker environment failed. Will not retry. Please see logs and check configuration

[INFO] Running com.ververica.cdc.connectors.oracle.table.OracleTableSourceFactoryTest
[INFO] Tests run: 5, Failures: 0, Errors: 0, Skipped: 0, Time elapsed: 1,842.17 s - in com.ververica.cdc.connectors.oracle.table.OracleTableSourceFactoryTest
[INFO] 
[INFO] Results:
[INFO] 
[ERROR] Errors: 
[ERROR]   OracleSourceTest.testCheckpointAndRestore » Completion java.lang.IllegalStateE...
[ERROR]   OracleSourceTest.testConsumingAllEvents » Completion java.lang.IllegalStateExc...
[ERROR]   OracleSourceTest.testConsumingEmptyTable » Completion java.lang.IllegalStateEx...
[ERROR]   OracleSourceTest.testRecoverFromRenameOperation » Completion java.lang.Illegal...
[INFO] 
[ERROR] Tests run: 9, Failures: 0, Errors: 4, Skipped: 0
[INFO] 
[INFO] 
[INFO] -------------< com.ververica:flink-connector-mongodb-cdc >--------------
[INFO] Building flink-connector-mongodb-cdc 2.1-SNAPSHOT                 [7/12]
[INFO] --------------------------------[ jar ]---------------------------------
[INFO] 
[INFO] --- spotless-maven-plugin:2.4.2:check (spotless-check) @ flink-connector-mongodb-cdc ---
[INFO] 
[INFO] --- maven-checkstyle-plugin:2.17:check (validate) @ flink-connector-mongodb-cdc ---
[INFO] 
[INFO] --- maven-enforcer-plugin:3.0.0-M1:enforce (enforce-maven-version) @ flink-connector-mongodb-cdc ---
[INFO] 
[INFO] --- maven-remote-resources-plugin:1.5:process (process-resource-bundles) @ flink-connector-mongodb-cdc ---
[INFO] 
[INFO] --- maven-resources-plugin:3.1.0:resources (default-resources) @ flink-connector-mongodb-cdc ---
[INFO] Using 'UTF-8' encoding to copy filtered resources.
[INFO] Copying 1 resource
[INFO] Copying 3 resources
[INFO] 
[INFO] --- maven-compiler-plugin:3.7.0:compile (default-compile) @ flink-connector-mongodb-cdc ---
[INFO] Nothing to compile - all classes are up to date
[INFO] 
[INFO] --- maven-resources-plugin:3.1.0:testResources (default-testResources) @ flink-connector-mongodb-cdc ---
[INFO] Using 'UTF-8' encoding to copy filtered resources.
[INFO] Copying 4 resources
[INFO] Copying 3 resources
[INFO] 
[INFO] --- maven-compiler-plugin:3.7.0:testCompile (default-testCompile) @ flink-connector-mongodb-cdc ---
[INFO] Nothing to compile - all classes are up to date
[INFO] 
[INFO] --- maven-surefire-plugin:2.22.0:test (default-test) @ flink-connector-mongodb-cdc ---
[INFO] 
[INFO] -------------------------------------------------------
[INFO]  T E S T S
[INFO] -------------------------------------------------------
[INFO] Running com.ververica.cdc.connectors.mongodb.table.MongoDBTableFactoryTest
[INFO] Tests run: 4, Failures: 0, Errors: 0, Skipped: 0, Time elapsed: 7,350.05 s - in com.ververica.cdc.connectors.mongodb.table.MongoDBTableFactoryTest
[INFO] Running com.ververica.cdc.connectors.mongodb.MongoDBSourceTest
12108370 [main] INFO  org.apache.flink.runtime.taskexecutor.TaskExecutorResourceUtils - The configuration option taskmanager.cpu.cores required for local execution is not set, setting it to the maximal possible value.
12160600 [main] INFO  org.apache.flink.runtime.taskexecutor.TaskExecutorResourceUtils - The configuration option taskmanager.memory.task.heap.size required for local execution is not set, setting it to the maximal possible value.
12161880 [main] INFO  org.apache.flink.runtime.taskexecutor.TaskExecutorResourceUtils - The configuration option taskmanager.memory.task.off-heap.size required for local execution is not set, setting it to the maximal possible value.
12171840 [main] INFO  org.apache.flink.runtime.taskexecutor.TaskExecutorResourceUtils - The configuration option taskmanager.memory.network.min required for local execution is not set, setting it to its default value 64 mb.
12176330 [main] INFO  org.apache.flink.runtime.taskexecutor.TaskExecutorResourceUtils - The configuration option taskmanager.memory.network.max required for local execution is not set, setting it to its default value 64 mb.
12231650 [main] INFO  org.apache.flink.runtime.minicluster.MiniCluster - Starting Flink Mini Cluster
12250740 [main] INFO  org.apache.flink.runtime.minicluster.MiniCluster - Starting Metrics Registry
12704560 [main] INFO  org.apache.flink.runtime.metrics.MetricRegistryImpl - No metrics reporter configured, no metrics will be exposed/reported.
12705210 [main] INFO  org.apache.flink.runtime.minicluster.MiniCluster - Starting RPC Service(s)
12867410 [main] INFO  org.apache.flink.runtime.rpc.akka.AkkaRpcServiceUtils - Trying to start local actor system
19273340 [flink-akka.actor.default-dispatcher-3] INFO  akka.event.slf4j.Slf4jLogger - Slf4jLogger started
22053630 [main] INFO  org.apache.flink.runtime.rpc.akka.AkkaRpcServiceUtils - Actor system started at akka://flink
22512710 [main] INFO  org.apache.flink.runtime.rpc.akka.AkkaRpcServiceUtils - Trying to start local actor system
23685580 [flink-metrics-2] INFO  akka.event.slf4j.Slf4jLogger - Slf4jLogger started
24599450 [main] INFO  org.apache.flink.runtime.rpc.akka.AkkaRpcServiceUtils - Actor system started at akka://flink-metrics
25303460 [main] INFO  org.apache.flink.runtime.rpc.akka.AkkaRpcService - Starting RPC endpoint for org.apache.flink.runtime.metrics.dump.MetricQueryService at akka://flink-metrics/user/rpc/MetricQueryService .
25936260 [main] INFO  org.apache.flink.runtime.minicluster.MiniCluster - Starting high-availability services
25995770 [main] INFO  org.apache.flink.runtime.blob.BlobServer - Created BLOB server storage directory /tmp/junit6841641062430043822/junit1583815623785598714/blobStore-4fecb54d-4eb7-44b0-8e2e-c2db676c6bc1
26799690 [main] INFO  org.apache.flink.runtime.blob.BlobServer - Started BLOB server at 0.0.0.0:46443 - max concurrent requests: 50 - max backlog: 1000
26921650 [main] INFO  org.apache.flink.runtime.blob.PermanentBlobCache - Created BLOB cache storage directory /tmp/junit6841641062430043822/junit1583815623785598714/blobStore-10d0d5a0-1a93-40c1-af92-bd7a36a0474c
27032120 [main] INFO  org.apache.flink.runtime.blob.TransientBlobCache - Created BLOB cache storage directory /tmp/junit6841641062430043822/junit1583815623785598714/blobStore-eba5b5ea-16fd-4056-950a-0e78a0de4f0f
27034310 [main] INFO  org.apache.flink.runtime.minicluster.MiniCluster - Starting 1 TaskManger(s)
27052680 [main] INFO  org.apache.flink.runtime.taskexecutor.TaskManagerRunner - Starting TaskManager with ResourceID: ca391b3c-ae0a-4677-8188-489a88a62870
27547680 [main] INFO  org.apache.flink.runtime.taskexecutor.TaskManagerServices - Temporary file directory '/tmp/junit6841641062430043822/junit1583815623785598714': total 196 GB, usable 177 GB (90.31% usable)
27588590 [main] INFO  org.apache.flink.runtime.io.disk.FileChannelManagerImpl - FileChannelManager uses directory /tmp/junit6841641062430043822/junit1583815623785598714/flink-io-29378f9f-f2f0-4114-b0af-84113b9dc541 for spill files.
27636190 [main] INFO  org.apache.flink.runtime.io.disk.FileChannelManagerImpl - FileChannelManager uses directory /tmp/junit6841641062430043822/junit1583815623785598714/flink-netty-shuffle-2914481d-5dd0-46f6-a13d-353dc26f2f52 for spill files.
27863830 [main] INFO  org.apache.flink.runtime.io.network.buffer.NetworkBufferPool - Allocated 64 MB for network buffer pool (number of memory segments: 2048, bytes per segment: 32768).
27927970 [main] INFO  org.apache.flink.runtime.io.network.NettyShuffleEnvironment - Starting the network environment and its components.
27936060 [main] INFO  org.apache.flink.runtime.taskexecutor.KvStateService - Starting the kvState service and its components.
28164430 [main] INFO  org.apache.flink.runtime.rpc.akka.AkkaRpcService - Starting RPC endpoint for org.apache.flink.runtime.taskexecutor.TaskExecutor at akka://flink/user/rpc/taskmanager_0 .
28383010 [flink-akka.actor.default-dispatcher-2] INFO  org.apache.flink.runtime.taskexecutor.DefaultJobLeaderService - Start job leader service.
28389910 [flink-akka.actor.default-dispatcher-2] INFO  org.apache.flink.runtime.filecache.FileCache - User file cache uses directory /tmp/junit6841641062430043822/junit1583815623785598714/flink-dist-cache-2c916fc8-679a-4e8b-a130-72dd286fd09e
28747050 [main] INFO  org.apache.flink.runtime.dispatcher.DispatcherRestEndpoint - Starting rest endpoint.
28986680 [main] INFO  org.apache.flink.runtime.dispatcher.DispatcherRestEndpoint - Failed to load web based job submission extension. Probable reason: flink-runtime-web is not in the classpath.
31785040 [main] WARN  org.apache.flink.runtime.webmonitor.WebMonitorUtils - Log file environment variable 'log.file' is not set.
31786170 [main] WARN  org.apache.flink.runtime.webmonitor.WebMonitorUtils - JobManager log files are unavailable in the web dashboard. Log file location not found in environment variable 'log.file' or configuration key 'web.log.path'.
36093390 [main] INFO  org.apache.flink.runtime.dispatcher.DispatcherRestEndpoint - Rest endpoint listening at localhost:41783
36202730 [main] INFO  org.apache.flink.runtime.highavailability.nonha.embedded.EmbeddedLeaderService - Proposing leadership to contender http://localhost:41783
36447320 [mini-cluster-io-thread-1] INFO  org.apache.flink.runtime.dispatcher.DispatcherRestEndpoint - http://localhost:41783 was granted leadership with leaderSessionID=791f91ac-4d5f-49e0-82e6-a8f079eb1209
36449410 [mini-cluster-io-thread-1] INFO  org.apache.flink.runtime.highavailability.nonha.embedded.EmbeddedLeaderService - Received confirmation of leadership for leader http://localhost:41783 , session=791f91ac-4d5f-49e0-82e6-a8f079eb1209
36995800 [main] INFO  org.apache.flink.runtime.rpc.akka.AkkaRpcService - Starting RPC endpoint for org.apache.flink.runtime.resourcemanager.StandaloneResourceManager at akka://flink/user/rpc/resourcemanager_1 .
37085420 [main] INFO  org.apache.flink.runtime.highavailability.nonha.embedded.EmbeddedLeaderService - Proposing leadership to contender LeaderContender: DefaultDispatcherRunner
37278910 [flink-akka.actor.default-dispatcher-2] INFO  org.apache.flink.runtime.resourcemanager.StandaloneResourceManager - Starting the resource manager.
37279860 [flink-akka.actor.default-dispatcher-2] INFO  org.apache.flink.runtime.highavailability.nonha.embedded.EmbeddedLeaderService - Proposing leadership to contender LeaderContender: StandaloneResourceManager
37305440 [mini-cluster-io-thread-2] INFO  org.apache.flink.runtime.dispatcher.runner.SessionDispatcherLeaderProcess - Start SessionDispatcherLeaderProcess.
37344180 [mini-cluster-io-thread-4] INFO  org.apache.flink.runtime.dispatcher.runner.SessionDispatcherLeaderProcess - Recover all persisted job graphs.
37344940 [mini-cluster-io-thread-4] INFO  org.apache.flink.runtime.dispatcher.runner.SessionDispatcherLeaderProcess - Successfully recovered 0 persisted job graphs.
37412590 [main] INFO  org.apache.flink.runtime.minicluster.MiniCluster - Flink Mini Cluster started successfully
37456760 [main] INFO  org.apache.flink.configuration.Configuration - Config uses fallback configuration key 'jobmanager.rpc.address' instead of key 'rest.address'
37525250 [mini-cluster-io-thread-4] INFO  org.apache.flink.runtime.rpc.akka.AkkaRpcService - Starting RPC endpoint for org.apache.flink.runtime.dispatcher.StandaloneDispatcher at akka://flink/user/rpc/dispatcher_2 .
37540360 [flink-akka.actor.default-dispatcher-2] INFO  org.apache.flink.runtime.resourcemanager.StandaloneResourceManager - ResourceManager akka://flink/user/rpc/resourcemanager_1 was granted leadership with fencing token a9dd4d09cb353c704bda55e5778549b1
37747410 [mini-cluster-io-thread-6] INFO  org.apache.flink.runtime.highavailability.nonha.embedded.EmbeddedLeaderService - Received confirmation of leadership for leader akka://flink/user/rpc/resourcemanager_1 , session=4bda55e5-7785-49b1-a9dd-4d09cb353c70
37789070 [mini-cluster-io-thread-4] INFO  org.apache.flink.runtime.highavailability.nonha.embedded.EmbeddedLeaderService - Received confirmation of leadership for leader akka://flink/user/rpc/dispatcher_2 , session=d3d408db-fd76-41b7-ad8d-80125fe25281
38207260 [flink-akka.actor.default-dispatcher-3] INFO  org.apache.flink.runtime.taskexecutor.TaskExecutor - Connecting to ResourceManager akka://flink/user/rpc/resourcemanager_1(a9dd4d09cb353c704bda55e5778549b1).
38296250 [main] INFO  com.ververica.cdc.connectors.mongodb.MongoDBTestBase - Starting containers...
38533980 [flink-akka.actor.default-dispatcher-4] INFO  org.apache.flink.runtime.taskexecutor.TaskExecutor - Resolved ResourceManager address, beginning registration
38784830 [testcontainers-lifecycle-0] WARN  org.testcontainers.utility.TestcontainersConfiguration - Attempted to read Testcontainers configuration file at file:/root/.testcontainers.properties but the file was not found. Exception message: FileNotFoundException: /root/.testcontainers.properties (No such file or directory)
38799560 [flink-akka.actor.default-dispatcher-4] INFO  org.apache.flink.runtime.resourcemanager.StandaloneResourceManager - Registering TaskManager with ResourceID ca391b3c-ae0a-4677-8188-489a88a62870 (akka://flink/user/rpc/taskmanager_0) at ResourceManager
38820200 [flink-akka.actor.default-dispatcher-2] INFO  org.apache.flink.runtime.taskexecutor.TaskExecutor - Successful registration at resource manager akka://flink/user/rpc/resourcemanager_1 under registration id be74c98c9260c9e05f8a85cc4a19d3b3.
38854500 [testcontainers-lifecycle-0] INFO  org.testcontainers.dockerclient.DockerMachineClientProviderStrategy - docker-machine executable was not found on PATH ([/usr/local/openjdk-8/bin, /usr/local/sbin, /usr/local/bin, /usr/sbin, /usr/bin, /sbin, /bin])
39202040 [testcontainers-lifecycle-0] ERROR org.testcontainers.dockerclient.DockerClientProviderStrategy - Could not find a valid Docker environment. Please check configuration. Attempted configurations were:
39202890 [testcontainers-lifecycle-0] ERROR org.testcontainers.dockerclient.DockerClientProviderStrategy -     UnixSocketClientProviderStrategy: failed with exception InvalidConfigurationException (Could not find unix domain socket). Root cause NoSuchFileException (/var/run/docker.sock)
39203260 [testcontainers-lifecycle-0] ERROR org.testcontainers.dockerclient.DockerClientProviderStrategy - As no valid configuration was found, execution cannot continue
39205050 [main] INFO  org.apache.flink.test.util.MiniClusterWithClientResource - Finalization triggered: Cluster shutdown is going to be initiated.
39935890 [main] INFO  org.apache.flink.runtime.minicluster.MiniCluster - Shutting down Flink Mini Cluster
39937720 [flink-akka.actor.default-dispatcher-2] INFO  org.apache.flink.runtime.taskexecutor.TaskExecutor - Stopping TaskExecutor akka://flink/user/rpc/taskmanager_0.
39938260 [flink-akka.actor.default-dispatcher-2] INFO  org.apache.flink.runtime.taskexecutor.TaskExecutor - Close ResourceManager connection f83ad4767f1ccd0fc115d49787a93a6e.
39939030 [main] INFO  org.apache.flink.runtime.dispatcher.DispatcherRestEndpoint - Shutting down rest endpoint.
39939690 [flink-akka.actor.default-dispatcher-6] INFO  org.apache.flink.runtime.resourcemanager.StandaloneResourceManager - Closing TaskExecutor connection ca391b3c-ae0a-4677-8188-489a88a62870 because: The TaskExecutor is shutting down.
40720960 [flink-akka.actor.default-dispatcher-2] INFO  org.apache.flink.runtime.taskexecutor.DefaultJobLeaderService - Stop job leader service.
40721990 [flink-akka.actor.default-dispatcher-2] INFO  org.apache.flink.runtime.state.TaskExecutorLocalStateStoresManager - Shutting down TaskExecutorLocalStateStoresManager.
41192520 [flink-akka.actor.default-dispatcher-2] INFO  org.apache.flink.runtime.io.disk.FileChannelManagerImpl - FileChannelManager removed spill file directory /tmp/junit6841641062430043822/junit1583815623785598714/flink-io-29378f9f-f2f0-4114-b0af-84113b9dc541
41479370 [flink-akka.actor.default-dispatcher-2] INFO  org.apache.flink.runtime.io.network.NettyShuffleEnvironment - Shutting down the network environment and its components.
41494110 [flink-akka.actor.default-dispatcher-2] INFO  org.apache.flink.runtime.io.disk.FileChannelManagerImpl - FileChannelManager removed spill file directory /tmp/junit6841641062430043822/junit1583815623785598714/flink-netty-shuffle-2914481d-5dd0-46f6-a13d-353dc26f2f52
41495040 [flink-akka.actor.default-dispatcher-2] INFO  org.apache.flink.runtime.taskexecutor.KvStateService - Shutting down the kvState service and its components.
41495510 [flink-akka.actor.default-dispatcher-2] INFO  org.apache.flink.runtime.taskexecutor.DefaultJobLeaderService - Stop job leader service.
41496660 [flink-akka.actor.default-dispatcher-2] INFO  org.apache.flink.runtime.filecache.FileCache - removed file cache directory /tmp/junit6841641062430043822/junit1583815623785598714/flink-dist-cache-2c916fc8-679a-4e8b-a130-72dd286fd09e
41507060 [ForkJoinPool.commonPool-worker-1] INFO  org.apache.flink.runtime.dispatcher.DispatcherRestEndpoint - Removing cache directory /tmp/flink-web-ui
41510770 [flink-akka.actor.default-dispatcher-2] INFO  org.apache.flink.runtime.taskexecutor.TaskExecutor - Stopped TaskExecutor akka://flink/user/rpc/taskmanager_0.
41582880 [ForkJoinPool.commonPool-worker-1] INFO  org.apache.flink.runtime.dispatcher.DispatcherRestEndpoint - Shut down complete.
41593230 [flink-akka.actor.default-dispatcher-2] INFO  org.apache.flink.runtime.resourcemanager.StandaloneResourceManager - Shut down cluster because application is in CANCELED, diagnostics DispatcherResourceManagerComponent has been closed..
41596990 [ForkJoinPool.commonPool-worker-1] INFO  org.apache.flink.runtime.entrypoint.component.DispatcherResourceManagerComponent - Closing components.
41606800 [ForkJoinPool.commonPool-worker-1] INFO  org.apache.flink.runtime.dispatcher.runner.SessionDispatcherLeaderProcess - Stopping SessionDispatcherLeaderProcess.
41608030 [flink-akka.actor.default-dispatcher-6] INFO  org.apache.flink.runtime.dispatcher.StandaloneDispatcher - Stopping dispatcher akka://flink/user/rpc/dispatcher_2.
41608460 [flink-akka.actor.default-dispatcher-6] INFO  org.apache.flink.runtime.dispatcher.StandaloneDispatcher - Stopping all currently running jobs of dispatcher akka://flink/user/rpc/dispatcher_2.
41610910 [flink-akka.actor.default-dispatcher-6] INFO  org.apache.flink.runtime.dispatcher.StandaloneDispatcher - Stopped dispatcher akka://flink/user/rpc/dispatcher_2.
41701820 [flink-akka.actor.default-dispatcher-6] INFO  org.apache.flink.runtime.resourcemanager.slotmanager.DeclarativeSlotManager - Closing the slot manager.
41702300 [flink-akka.actor.default-dispatcher-6] INFO  org.apache.flink.runtime.resourcemanager.slotmanager.DeclarativeSlotManager - Suspending the slot manager.
42246460 [AkkaRpcService-Supervisor-Termination-Future-Executor-thread-1] INFO  org.apache.flink.runtime.rpc.akka.AkkaRpcService - Stopping Akka RPC service.
44396630 [flink-metrics-2] INFO  org.apache.flink.runtime.rpc.akka.AkkaRpcService - Stopping Akka RPC service.
44721110 [flink-metrics-2] INFO  org.apache.flink.runtime.rpc.akka.AkkaRpcService - Stopped Akka RPC service.
45324130 [flink-akka.actor.default-dispatcher-6] INFO  org.apache.flink.runtime.blob.PermanentBlobCache - Shutting down BLOB cache
45356610 [flink-akka.actor.default-dispatcher-6] INFO  org.apache.flink.runtime.blob.TransientBlobCache - Shutting down BLOB cache
45363310 [flink-akka.actor.default-dispatcher-6] INFO  org.apache.flink.runtime.blob.BlobServer - Stopped BLOB server at 0.0.0.0:46443
45373410 [flink-akka.actor.default-dispatcher-6] INFO  org.apache.flink.runtime.rpc.akka.AkkaRpcService - Stopped Akka RPC service.
[ERROR] Tests run: 1, Failures: 0, Errors: 1, Skipped: 0, Time elapsed: 34,848.81 s <<< FAILURE! - in com.ververica.cdc.connectors.mongodb.MongoDBSourceTest
[ERROR] com.ververica.cdc.connectors.mongodb.MongoDBSourceTest  Time elapsed: 34,848.41 s  <<< ERROR!
java.util.concurrent.CompletionException: java.lang.IllegalStateException: Could not find a valid Docker environment. Please see logs and check configuration
Caused by: java.lang.IllegalStateException: Could not find a valid Docker environment. Please see logs and check configuration

[INFO] 
[INFO] Results:
[INFO] 
[ERROR] Errors: 
[ERROR]   MongoDBSourceTest.com.ververica.cdc.connectors.mongodb.MongoDBSourceTest » Completion
[INFO] 
[ERROR] Tests run: 5, Failures: 0, Errors: 1, Skipped: 0
[INFO] 
[INFO] 
[INFO] ------------------------------------------------------------------------
[INFO] Skipping flink-sql-connector-mysql-cdc
[INFO] This project has been banned from the build due to previous failures.
[INFO] ------------------------------------------------------------------------
[INFO] 
[INFO] ------------------------------------------------------------------------
[INFO] Skipping flink-sql-connector-postgres-cdc
[INFO] This project has been banned from the build due to previous failures.
[INFO] ------------------------------------------------------------------------
[INFO] 
[INFO] ------------------------------------------------------------------------
[INFO] Skipping flink-sql-connector-mongodb-cdc
[INFO] This project has been banned from the build due to previous failures.
[INFO] ------------------------------------------------------------------------
[INFO] 
[INFO] ------------------------------------------------------------------------
[INFO] Skipping flink-sql-connector-oracle-cdc
[INFO] This project has been banned from the build due to previous failures.
[INFO] ------------------------------------------------------------------------
[INFO] 
[INFO] -------------< com.ververica:flink-format-changelog-json >--------------
[INFO] Building flink-format-changelog-json 2.1-SNAPSHOT                 [8/12]
[INFO] --------------------------------[ jar ]---------------------------------
[INFO] 
[INFO] --- spotless-maven-plugin:2.4.2:check (spotless-check) @ flink-format-changelog-json ---
[INFO] 
[INFO] --- maven-checkstyle-plugin:2.17:check (validate) @ flink-format-changelog-json ---
[INFO] 
[INFO] --- maven-enforcer-plugin:3.0.0-M1:enforce (enforce-maven-version) @ flink-format-changelog-json ---
[INFO] 
[INFO] --- maven-remote-resources-plugin:1.5:process (process-resource-bundles) @ flink-format-changelog-json ---
[INFO] 
[INFO] --- maven-resources-plugin:3.1.0:resources (default-resources) @ flink-format-changelog-json ---
[INFO] Using 'UTF-8' encoding to copy filtered resources.
[INFO] Copying 1 resource
[INFO] Copying 3 resources
[INFO] 
[INFO] --- maven-compiler-plugin:3.7.0:compile (default-compile) @ flink-format-changelog-json ---
[INFO] Nothing to compile - all classes are up to date
[INFO] 
[INFO] --- maven-resources-plugin:3.1.0:testResources (default-testResources) @ flink-format-changelog-json ---
[INFO] Using 'UTF-8' encoding to copy filtered resources.
[INFO] Copying 1 resource
[INFO] Copying 3 resources
[INFO] 
[INFO] --- maven-compiler-plugin:3.7.0:testCompile (default-testCompile) @ flink-format-changelog-json ---
[INFO] Nothing to compile - all classes are up to date
[INFO] 
[INFO] --- maven-surefire-plugin:2.22.0:test (default-test) @ flink-format-changelog-json ---
[INFO] 
[INFO] -------------------------------------------------------
[INFO]  T E S T S
[INFO] -------------------------------------------------------
[INFO] Running com.ververica.cdc.formats.json.ChangelogJsonSerDeTest
[INFO] Tests run: 1, Failures: 0, Errors: 0, Skipped: 0, Time elapsed: 9,669.32 s - in com.ververica.cdc.formats.json.ChangelogJsonSerDeTest
[INFO] Running com.ververica.cdc.formats.json.ChangelogJsonFormatFactoryTest
[INFO] Tests run: 2, Failures: 0, Errors: 0, Skipped: 0, Time elapsed: 2,198.28 s - in com.ververica.cdc.formats.json.ChangelogJsonFormatFactoryTest
[INFO] 
[INFO] Results:
[INFO] 
[INFO] Tests run: 3, Failures: 0, Errors: 0, Skipped: 0
[INFO] 
[INFO] ------------------------------------------------------------------------
[INFO] Reactor Summary for flink-cdc-connectors 2.1-SNAPSHOT:
[INFO] 
[INFO] flink-cdc-connectors ............................... SUCCESS [  05:31 h]
[INFO] flink-connector-debezium ........................... SUCCESS [  08:32 h]
[INFO] flink-connector-test-util .......................... SUCCESS [  02:13 h]
[INFO] flink-connector-mysql-cdc .......................... FAILURE [  22:15 h]
[INFO] flink-connector-postgres-cdc ....................... FAILURE [  14:27 h]
[INFO] flink-connector-oracle-cdc ......................... FAILURE [  16:59 h]
[INFO] flink-connector-mongodb-cdc ........................ FAILURE [  15:08 h]
[INFO] flink-sql-connector-mysql-cdc ...................... SKIPPED
[INFO] flink-sql-connector-postgres-cdc ................... SKIPPED
[INFO] flink-sql-connector-mongodb-cdc .................... SKIPPED
[INFO] flink-sql-connector-oracle-cdc ..................... SKIPPED
[INFO] flink-format-changelog-json ........................ SUCCESS [  04:47 h]
[INFO] ------------------------------------------------------------------------
[INFO] BUILD FAILURE
[INFO] ------------------------------------------------------------------------
[INFO] Total time:  3 d 18:22 h
[INFO] Finished at: 2021-11-11T21:39:58Z
[INFO] ------------------------------------------------------------------------
[ERROR] Failed to execute goal org.apache.maven.plugins:maven-surefire-plugin:2.22.0:test (default-test) on project flink-connector-mysql-cdc: There are test failures.
[ERROR] 
[ERROR] Please refer to /home/target/flink-connector-mysql-cdc/target/surefire-reports for the individual test results.
[ERROR] Please refer to dump files (if any exist) [date]-jvmRun[N].dump, [date].dumpstream and [date]-jvmRun[N].dumpstream.
[ERROR] -> [Help 1]
[ERROR] Failed to execute goal org.apache.maven.plugins:maven-surefire-plugin:2.22.0:test (default-test) on project flink-connector-postgres-cdc: There are test failures.
[ERROR] 
[ERROR] Please refer to /home/target/flink-connector-postgres-cdc/target/surefire-reports for the individual test results.
[ERROR] Please refer to dump files (if any exist) [date]-jvmRun[N].dump, [date].dumpstream and [date]-jvmRun[N].dumpstream.
[ERROR] -> [Help 1]
[ERROR] Failed to execute goal org.apache.maven.plugins:maven-surefire-plugin:2.22.0:test (default-test) on project flink-connector-oracle-cdc: There are test failures.
[ERROR] 
[ERROR] Please refer to /home/target/flink-connector-oracle-cdc/target/surefire-reports for the individual test results.
[ERROR] Please refer to dump files (if any exist) [date]-jvmRun[N].dump, [date].dumpstream and [date]-jvmRun[N].dumpstream.
[ERROR] -> [Help 1]
[ERROR] Failed to execute goal org.apache.maven.plugins:maven-surefire-plugin:2.22.0:test (default-test) on project flink-connector-mongodb-cdc: There are test failures.
[ERROR] 
[ERROR] Please refer to /home/target/flink-connector-mongodb-cdc/target/surefire-reports for the individual test results.
[ERROR] Please refer to dump files (if any exist) [date]-jvmRun[N].dump, [date].dumpstream and [date]-jvmRun[N].dumpstream.
[ERROR] -> [Help 1]
[ERROR] 
[ERROR] To see the full stack trace of the errors, re-run Maven with the -e switch.
[ERROR] Re-run Maven using the -X switch to enable full debug logging.
[ERROR] 
[ERROR] For more information about the errors and possible solutions, please read the following articles:
[ERROR] [Help 1] http://cwiki.apache.org/confluence/display/MAVEN/MojoFailureException
[ERROR] 
[ERROR] After correcting the problems, you can resume the build with the command
[ERROR]   mvn <args> -rf :flink-connector-mysql-cdc
{'error': True, 'log_file': 'output-2021-11-08T01:15:08-1793.log', 'message': '', 'start_time': '2021-11-08T01:15:08', 'end_time': '2021-11-08T01:15:41', 'command': ['mvn', '-fae', 'test'], 'faketime_str': '+0 x10000.0', 'timezone': datetime.timezone(datetime.timedelta(0), 'UTC')}
