[INFO] Scanning for projects...
[WARNING] 
[WARNING] Some problems were encountered while building the effective model for com.ververica:flink-connector-debezium:jar:2.1-SNAPSHOT
[WARNING] 'build.plugins.plugin.(groupId:artifactId)' must be unique but found duplicate declaration of plugin org.apache.maven.plugins:maven-enforcer-plugin @ com.ververica:flink-cdc-connectors:2.1-SNAPSHOT, /home/target/pom.xml, line 366, column 21
[WARNING] 
[WARNING] Some problems were encountered while building the effective model for com.ververica:flink-cdc-connectors:pom:2.1-SNAPSHOT
[WARNING] 'build.plugins.plugin.(groupId:artifactId)' must be unique but found duplicate declaration of plugin org.apache.maven.plugins:maven-enforcer-plugin @ line 366, column 21
[WARNING] 
[WARNING] It is highly recommended to fix these problems because they threaten the stability of your build.
[WARNING] 
[WARNING] For this reason, future Maven versions might no longer support building such malformed projects.
[WARNING] 
[INFO] ------------------------------------------------------------------------
[INFO] Reactor Build Order:
[INFO] 
[INFO] flink-cdc-connectors                                               [pom]
[INFO] flink-connector-debezium                                           [jar]
[INFO] flink-connector-test-util                                          [jar]
[INFO] flink-connector-mysql-cdc                                          [jar]
[INFO] flink-connector-postgres-cdc                                       [jar]
[INFO] flink-connector-oracle-cdc                                         [jar]
[INFO] flink-connector-mongodb-cdc                                        [jar]
[INFO] flink-sql-connector-mysql-cdc                                      [jar]
[INFO] flink-sql-connector-postgres-cdc                                   [jar]
[INFO] flink-sql-connector-mongodb-cdc                                    [jar]
[INFO] flink-sql-connector-oracle-cdc                                     [jar]
[INFO] flink-format-changelog-json                                        [jar]
[INFO] 
[INFO] -----------------< com.ververica:flink-cdc-connectors >-----------------
[INFO] Building flink-cdc-connectors 2.1-SNAPSHOT                        [1/12]
[INFO] --------------------------------[ pom ]---------------------------------
[INFO] 
[INFO] --- spotless-maven-plugin:2.4.2:check (spotless-check) @ flink-cdc-connectors ---
[INFO] 
[INFO] --- maven-checkstyle-plugin:2.17:check (validate) @ flink-cdc-connectors ---
[INFO] 
[INFO] --- maven-enforcer-plugin:3.0.0-M1:enforce (enforce-maven-version) @ flink-cdc-connectors ---
[INFO] 
[INFO] --- maven-remote-resources-plugin:1.5:process (process-resource-bundles) @ flink-cdc-connectors ---
[INFO] 
[INFO] --- maven-surefire-plugin:2.22.0:test (default-test) @ flink-cdc-connectors ---
[INFO] No tests to run.
[INFO] 
[INFO] ---------------< com.ververica:flink-connector-debezium >---------------
[INFO] Building flink-connector-debezium 2.1-SNAPSHOT                    [2/12]
[INFO] --------------------------------[ jar ]---------------------------------
[INFO] 
[INFO] --- spotless-maven-plugin:2.4.2:check (spotless-check) @ flink-connector-debezium ---
[INFO] 
[INFO] --- maven-checkstyle-plugin:2.17:check (validate) @ flink-connector-debezium ---
[INFO] 
[INFO] --- maven-enforcer-plugin:3.0.0-M1:enforce (enforce-maven-version) @ flink-connector-debezium ---
[INFO] 
[INFO] --- maven-remote-resources-plugin:1.5:process (process-resource-bundles) @ flink-connector-debezium ---
[INFO] 
[INFO] --- maven-resources-plugin:3.1.0:resources (default-resources) @ flink-connector-debezium ---
[INFO] Using 'UTF-8' encoding to copy filtered resources.
[INFO] skip non existing resourceDirectory /home/target/flink-connector-debezium/src/main/resources
[INFO] Copying 3 resources
[INFO] 
[INFO] --- maven-compiler-plugin:3.7.0:compile (default-compile) @ flink-connector-debezium ---
[INFO] Nothing to compile - all classes are up to date
[INFO] 
[INFO] --- maven-resources-plugin:3.1.0:testResources (default-testResources) @ flink-connector-debezium ---
[INFO] Using 'UTF-8' encoding to copy filtered resources.
[INFO] skip non existing resourceDirectory /home/target/flink-connector-debezium/src/test/resources
[INFO] Copying 3 resources
[INFO] 
[INFO] --- maven-compiler-plugin:3.7.0:testCompile (default-testCompile) @ flink-connector-debezium ---
[INFO] No sources to compile
[INFO] 
[INFO] --- maven-surefire-plugin:2.22.0:test (default-test) @ flink-connector-debezium ---
[INFO] 
[INFO] --------------< com.ververica:flink-connector-test-util >---------------
[INFO] Building flink-connector-test-util 2.1-SNAPSHOT                   [3/12]
[INFO] --------------------------------[ jar ]---------------------------------
[INFO] 
[INFO] --- spotless-maven-plugin:2.4.2:check (spotless-check) @ flink-connector-test-util ---
[INFO] 
[INFO] --- maven-checkstyle-plugin:2.17:check (validate) @ flink-connector-test-util ---
[INFO] 
[INFO] --- maven-enforcer-plugin:3.0.0-M1:enforce (enforce-maven-version) @ flink-connector-test-util ---
[INFO] 
[INFO] --- maven-remote-resources-plugin:1.5:process (process-resource-bundles) @ flink-connector-test-util ---
[INFO] 
[INFO] --- maven-resources-plugin:3.1.0:resources (default-resources) @ flink-connector-test-util ---
[INFO] Using 'UTF-8' encoding to copy filtered resources.
[INFO] skip non existing resourceDirectory /home/target/flink-connector-test-util/src/main/resources
[INFO] Copying 3 resources
[INFO] 
[INFO] --- maven-compiler-plugin:3.7.0:compile (default-compile) @ flink-connector-test-util ---
[INFO] Nothing to compile - all classes are up to date
[INFO] 
[INFO] --- maven-resources-plugin:3.1.0:testResources (default-testResources) @ flink-connector-test-util ---
[INFO] Using 'UTF-8' encoding to copy filtered resources.
[INFO] skip non existing resourceDirectory /home/target/flink-connector-test-util/src/test/resources
[INFO] Copying 3 resources
[INFO] 
[INFO] --- maven-compiler-plugin:3.7.0:testCompile (default-testCompile) @ flink-connector-test-util ---
[INFO] No sources to compile
[INFO] 
[INFO] --- maven-surefire-plugin:2.22.0:test (default-test) @ flink-connector-test-util ---
[INFO] 
[INFO] --------------< com.ververica:flink-connector-mysql-cdc >---------------
[INFO] Building flink-connector-mysql-cdc 2.1-SNAPSHOT                   [4/12]
[INFO] --------------------------------[ jar ]---------------------------------
[INFO] 
[INFO] --- spotless-maven-plugin:2.4.2:check (spotless-check) @ flink-connector-mysql-cdc ---
[INFO] 
[INFO] --- maven-checkstyle-plugin:2.17:check (validate) @ flink-connector-mysql-cdc ---
[INFO] 
[INFO] --- maven-enforcer-plugin:3.0.0-M1:enforce (enforce-maven-version) @ flink-connector-mysql-cdc ---
[INFO] 
[INFO] --- maven-remote-resources-plugin:1.5:process (process-resource-bundles) @ flink-connector-mysql-cdc ---
[INFO] 
[INFO] --- maven-resources-plugin:3.1.0:resources (default-resources) @ flink-connector-mysql-cdc ---
[INFO] Using 'UTF-8' encoding to copy filtered resources.
[INFO] Copying 1 resource
[INFO] Copying 3 resources
[INFO] 
[INFO] --- maven-compiler-plugin:3.7.0:compile (default-compile) @ flink-connector-mysql-cdc ---
[INFO] Nothing to compile - all classes are up to date
[INFO] 
[INFO] --- maven-resources-plugin:3.1.0:testResources (default-testResources) @ flink-connector-mysql-cdc ---
[INFO] Using 'UTF-8' encoding to copy filtered resources.
[INFO] Copying 11 resources
[INFO] Copying 3 resources
[INFO] 
[INFO] --- maven-compiler-plugin:3.7.0:testCompile (default-testCompile) @ flink-connector-mysql-cdc ---
[INFO] Nothing to compile - all classes are up to date
[INFO] 
[INFO] --- maven-surefire-plugin:2.22.0:test (default-test) @ flink-connector-mysql-cdc ---
[INFO] 
[INFO] -------------------------------------------------------
[INFO]  T E S T S
[INFO] -------------------------------------------------------
[INFO] Running com.ververica.cdc.connectors.mysql.table.MySqlTableSourceFactoryTest
[INFO] Tests run: 12, Failures: 0, Errors: 0, Skipped: 0, Time elapsed: 2.506 s - in com.ververica.cdc.connectors.mysql.table.MySqlTableSourceFactoryTest
[INFO] Running com.ververica.cdc.connectors.mysql.LegacyMySqlSourceExampleTest
[WARNING] Tests run: 1, Failures: 0, Errors: 0, Skipped: 1, Time elapsed: 0.001 s - in com.ververica.cdc.connectors.mysql.LegacyMySqlSourceExampleTest
[INFO] Running com.ververica.cdc.connectors.mysql.source.assigners.MySqlHybridSplitAssignerTest
3586 [main] INFO  com.ververica.cdc.connectors.mysql.source.MySqlSourceTestBase - Starting containers...
3770 [testcontainers-lifecycle-0] WARN  org.testcontainers.utility.TestcontainersConfiguration - Attempted to read Testcontainers configuration file at file:/root/.testcontainers.properties but the file was not found. Exception message: FileNotFoundException: /root/.testcontainers.properties (No such file or directory)
3851 [testcontainers-lifecycle-0] INFO  org.testcontainers.dockerclient.DockerMachineClientProviderStrategy - docker-machine executable was not found on PATH ([/usr/local/openjdk-8/bin, /usr/local/sbin, /usr/local/bin, /usr/sbin, /usr/bin, /sbin, /bin])
4029 [testcontainers-lifecycle-0] ERROR org.testcontainers.dockerclient.DockerClientProviderStrategy - Could not find a valid Docker environment. Please check configuration. Attempted configurations were:
4030 [testcontainers-lifecycle-0] ERROR org.testcontainers.dockerclient.DockerClientProviderStrategy -     UnixSocketClientProviderStrategy: failed with exception InvalidConfigurationException (Could not find unix domain socket). Root cause NoSuchFileException (/var/run/docker.sock)
4030 [testcontainers-lifecycle-0] ERROR org.testcontainers.dockerclient.DockerClientProviderStrategy - As no valid configuration was found, execution cannot continue
[ERROR] Tests run: 1, Failures: 0, Errors: 1, Skipped: 0, Time elapsed: 0.544 s <<< FAILURE! - in com.ververica.cdc.connectors.mysql.source.assigners.MySqlHybridSplitAssignerTest
[ERROR] com.ververica.cdc.connectors.mysql.source.assigners.MySqlHybridSplitAssignerTest  Time elapsed: 0.544 s  <<< ERROR!
java.util.concurrent.CompletionException: java.lang.IllegalStateException: Could not find a valid Docker environment. Please see logs and check configuration
Caused by: java.lang.IllegalStateException: Could not find a valid Docker environment. Please see logs and check configuration

[INFO] Running com.ververica.cdc.connectors.mysql.source.assigners.MySqlSnapshotSplitAssignerTest
4032 [main] INFO  com.ververica.cdc.connectors.mysql.source.MySqlSourceTestBase - Starting containers...
[ERROR] Tests run: 1, Failures: 0, Errors: 1, Skipped: 0, Time elapsed: 0.018 s <<< FAILURE! - in com.ververica.cdc.connectors.mysql.source.assigners.MySqlSnapshotSplitAssignerTest
[ERROR] com.ververica.cdc.connectors.mysql.source.assigners.MySqlSnapshotSplitAssignerTest  Time elapsed: 0.018 s  <<< ERROR!
java.util.concurrent.CompletionException: java.lang.IllegalStateException: Previous attempts to find a Docker environment failed. Will not retry. Please see logs and check configuration
Caused by: java.lang.IllegalStateException: Previous attempts to find a Docker environment failed. Will not retry. Please see logs and check configuration

[INFO] Running com.ververica.cdc.connectors.mysql.source.assigners.state.PendingSplitsStateSerializerTest
[INFO] Tests run: 6, Failures: 0, Errors: 0, Skipped: 0, Time elapsed: 1.227 s - in com.ververica.cdc.connectors.mysql.source.assigners.state.PendingSplitsStateSerializerTest
[INFO] Running com.ververica.cdc.connectors.mysql.source.MySqlSourceExampleTest
[WARNING] Tests run: 1, Failures: 0, Errors: 0, Skipped: 1, Time elapsed: 0 s - in com.ververica.cdc.connectors.mysql.source.MySqlSourceExampleTest
[INFO] Running com.ververica.cdc.connectors.mysql.source.utils.RecordUtilsTest
[INFO] Tests run: 1, Failures: 0, Errors: 0, Skipped: 0, Time elapsed: 0 s - in com.ververica.cdc.connectors.mysql.source.utils.RecordUtilsTest
[INFO] Running com.ververica.cdc.connectors.mysql.source.reader.MySqlSourceReaderTest
5280 [main] INFO  com.ververica.cdc.connectors.mysql.source.MySqlSourceTestBase - Starting containers...
[ERROR] Tests run: 1, Failures: 0, Errors: 1, Skipped: 0, Time elapsed: 0.084 s <<< FAILURE! - in com.ververica.cdc.connectors.mysql.source.reader.MySqlSourceReaderTest
[ERROR] com.ververica.cdc.connectors.mysql.source.reader.MySqlSourceReaderTest  Time elapsed: 0.084 s  <<< ERROR!
java.util.concurrent.CompletionException: java.lang.IllegalStateException: Previous attempts to find a Docker environment failed. Will not retry. Please see logs and check configuration
Caused by: java.lang.IllegalStateException: Previous attempts to find a Docker environment failed. Will not retry. Please see logs and check configuration

[INFO] Running com.ververica.cdc.connectors.mysql.source.split.MySqlSplitStateTest
[INFO] Tests run: 3, Failures: 0, Errors: 0, Skipped: 0, Time elapsed: 0.071 s - in com.ververica.cdc.connectors.mysql.source.split.MySqlSplitStateTest
[INFO] Running com.ververica.cdc.connectors.mysql.source.split.MySqlSplitSerializerTest
[INFO] Tests run: 3, Failures: 0, Errors: 0, Skipped: 0, Time elapsed: 0.195 s - in com.ververica.cdc.connectors.mysql.source.split.MySqlSplitSerializerTest
[INFO] Running com.ververica.cdc.connectors.mysql.LegacyMySqlSourceTest
5952 [main] INFO  org.apache.flink.runtime.taskexecutor.TaskExecutorResourceUtils - The configuration option taskmanager.cpu.cores required for local execution is not set, setting it to the maximal possible value.
5952 [main] INFO  org.apache.flink.runtime.taskexecutor.TaskExecutorResourceUtils - The configuration option taskmanager.memory.task.heap.size required for local execution is not set, setting it to the maximal possible value.
5953 [main] INFO  org.apache.flink.runtime.taskexecutor.TaskExecutorResourceUtils - The configuration option taskmanager.memory.task.off-heap.size required for local execution is not set, setting it to the maximal possible value.
5953 [main] INFO  org.apache.flink.runtime.taskexecutor.TaskExecutorResourceUtils - The configuration option taskmanager.memory.network.min required for local execution is not set, setting it to its default value 64 mb.
5953 [main] INFO  org.apache.flink.runtime.taskexecutor.TaskExecutorResourceUtils - The configuration option taskmanager.memory.network.max required for local execution is not set, setting it to its default value 64 mb.
5956 [main] INFO  org.apache.flink.runtime.minicluster.MiniCluster - Starting Flink Mini Cluster
5976 [main] INFO  org.apache.flink.runtime.minicluster.MiniCluster - Starting Metrics Registry
6214 [main] INFO  org.apache.flink.runtime.metrics.MetricRegistryImpl - No metrics reporter configured, no metrics will be exposed/reported.
6214 [main] INFO  org.apache.flink.runtime.minicluster.MiniCluster - Starting RPC Service(s)
6308 [main] INFO  org.apache.flink.runtime.rpc.akka.AkkaRpcServiceUtils - Trying to start local actor system
8327 [flink-akka.actor.default-dispatcher-2] INFO  akka.event.slf4j.Slf4jLogger - Slf4jLogger started
9287 [main] INFO  org.apache.flink.runtime.rpc.akka.AkkaRpcServiceUtils - Actor system started at akka://flink
9311 [main] INFO  org.apache.flink.runtime.rpc.akka.AkkaRpcServiceUtils - Trying to start local actor system
9483 [flink-metrics-2] INFO  akka.event.slf4j.Slf4jLogger - Slf4jLogger started
9513 [main] INFO  org.apache.flink.runtime.rpc.akka.AkkaRpcServiceUtils - Actor system started at akka://flink-metrics
9855 [main] INFO  org.apache.flink.runtime.rpc.akka.AkkaRpcService - Starting RPC endpoint for org.apache.flink.runtime.metrics.dump.MetricQueryService at akka://flink-metrics/user/rpc/MetricQueryService .
10050 [main] INFO  org.apache.flink.runtime.minicluster.MiniCluster - Starting high-availability services
10056 [main] INFO  org.apache.flink.runtime.blob.BlobServer - Created BLOB server storage directory /tmp/junit9054107346164789173/junit4739177623593556237/blobStore-21d3b895-090a-4a41-b9ee-00ac2fe8f17c
10175 [main] INFO  org.apache.flink.runtime.blob.BlobServer - Started BLOB server at 0.0.0.0:42089 - max concurrent requests: 50 - max backlog: 1000
10226 [main] INFO  org.apache.flink.runtime.blob.PermanentBlobCache - Created BLOB cache storage directory /tmp/junit9054107346164789173/junit4739177623593556237/blobStore-d5575b85-d9be-4e88-9221-1df10738fd4b
10239 [main] INFO  org.apache.flink.runtime.blob.TransientBlobCache - Created BLOB cache storage directory /tmp/junit9054107346164789173/junit4739177623593556237/blobStore-363906ea-2977-4c21-b499-c908471bec59
10261 [main] INFO  org.apache.flink.runtime.minicluster.MiniCluster - Starting 1 TaskManger(s)
10274 [main] INFO  org.apache.flink.runtime.taskexecutor.TaskManagerRunner - Starting TaskManager with ResourceID: 7d040897-2c52-44e1-9446-93d7ee126017
10751 [main] INFO  org.apache.flink.runtime.taskexecutor.TaskManagerServices - Temporary file directory '/tmp/junit9054107346164789173/junit4739177623593556237': total 196 GB, usable 178 GB (90.82% usable)
10753 [main] INFO  org.apache.flink.runtime.io.disk.FileChannelManagerImpl - FileChannelManager uses directory /tmp/junit9054107346164789173/junit4739177623593556237/flink-io-786136e0-8ef7-41a7-9154-bc173094ff2e for spill files.
10915 [main] INFO  org.apache.flink.runtime.io.disk.FileChannelManagerImpl - FileChannelManager uses directory /tmp/junit9054107346164789173/junit4739177623593556237/flink-netty-shuffle-fff9b59c-a41b-43cf-a7f0-1dfdd8740cf8 for spill files.
11144 [main] INFO  org.apache.flink.runtime.io.network.buffer.NetworkBufferPool - Allocated 64 MB for network buffer pool (number of memory segments: 2048, bytes per segment: 32768).
11263 [main] INFO  org.apache.flink.runtime.io.network.NettyShuffleEnvironment - Starting the network environment and its components.
11327 [main] INFO  org.apache.flink.runtime.taskexecutor.KvStateService - Starting the kvState service and its components.
11618 [main] INFO  org.apache.flink.runtime.rpc.akka.AkkaRpcService - Starting RPC endpoint for org.apache.flink.runtime.taskexecutor.TaskExecutor at akka://flink/user/rpc/taskmanager_0 .
11867 [flink-akka.actor.default-dispatcher-2] INFO  org.apache.flink.runtime.taskexecutor.DefaultJobLeaderService - Start job leader service.
11868 [flink-akka.actor.default-dispatcher-2] INFO  org.apache.flink.runtime.filecache.FileCache - User file cache uses directory /tmp/junit9054107346164789173/junit4739177623593556237/flink-dist-cache-ec0ec9cc-9b11-4a7d-ae5b-abaa17d6f378
12164 [main] INFO  org.apache.flink.runtime.dispatcher.DispatcherRestEndpoint - Starting rest endpoint.
12166 [main] INFO  org.apache.flink.runtime.dispatcher.DispatcherRestEndpoint - Failed to load web based job submission extension. Probable reason: flink-runtime-web is not in the classpath.
12624 [main] WARN  org.apache.flink.runtime.webmonitor.WebMonitorUtils - Log file environment variable 'log.file' is not set.
12624 [main] WARN  org.apache.flink.runtime.webmonitor.WebMonitorUtils - JobManager log files are unavailable in the web dashboard. Log file location not found in environment variable 'log.file' or configuration key 'web.log.path'.
13043 [main] INFO  org.apache.flink.runtime.dispatcher.DispatcherRestEndpoint - Rest endpoint listening at localhost:41957
13044 [main] INFO  org.apache.flink.runtime.highavailability.nonha.embedded.EmbeddedLeaderService - Proposing leadership to contender http://localhost:41957
13082 [mini-cluster-io-thread-1] INFO  org.apache.flink.runtime.dispatcher.DispatcherRestEndpoint - http://localhost:41957 was granted leadership with leaderSessionID=090df1d1-2639-462c-bade-74ae7766a111
13083 [mini-cluster-io-thread-1] INFO  org.apache.flink.runtime.highavailability.nonha.embedded.EmbeddedLeaderService - Received confirmation of leadership for leader http://localhost:41957 , session=090df1d1-2639-462c-bade-74ae7766a111
13229 [main] INFO  org.apache.flink.runtime.rpc.akka.AkkaRpcService - Starting RPC endpoint for org.apache.flink.runtime.resourcemanager.StandaloneResourceManager at akka://flink/user/rpc/resourcemanager_1 .
13331 [main] INFO  org.apache.flink.runtime.highavailability.nonha.embedded.EmbeddedLeaderService - Proposing leadership to contender LeaderContender: DefaultDispatcherRunner
13353 [flink-akka.actor.default-dispatcher-2] INFO  org.apache.flink.runtime.resourcemanager.StandaloneResourceManager - Starting the resource manager.
13353 [flink-akka.actor.default-dispatcher-2] INFO  org.apache.flink.runtime.highavailability.nonha.embedded.EmbeddedLeaderService - Proposing leadership to contender LeaderContender: StandaloneResourceManager
13370 [flink-akka.actor.default-dispatcher-2] INFO  org.apache.flink.runtime.resourcemanager.StandaloneResourceManager - ResourceManager akka://flink/user/rpc/resourcemanager_1 was granted leadership with fencing token 8297cdea43b8719ce4aaeef3d1a24272
13375 [mini-cluster-io-thread-2] INFO  org.apache.flink.runtime.dispatcher.runner.SessionDispatcherLeaderProcess - Start SessionDispatcherLeaderProcess.
13378 [main] INFO  org.apache.flink.runtime.minicluster.MiniCluster - Flink Mini Cluster started successfully
13382 [main] INFO  org.apache.flink.configuration.Configuration - Config uses fallback configuration key 'jobmanager.rpc.address' instead of key 'rest.address'
13518 [mini-cluster-io-thread-5] INFO  org.apache.flink.runtime.dispatcher.runner.SessionDispatcherLeaderProcess - Recover all persisted job graphs.
13518 [mini-cluster-io-thread-5] INFO  org.apache.flink.runtime.dispatcher.runner.SessionDispatcherLeaderProcess - Successfully recovered 0 persisted job graphs.
13533 [main] INFO  com.ververica.cdc.connectors.mysql.LegacyMySqlTestBase - Starting containers...
13534 [main] INFO  org.apache.flink.test.util.MiniClusterWithClientResource - Finalization triggered: Cluster shutdown is going to be initiated.
13573 [mini-cluster-io-thread-5] INFO  org.apache.flink.runtime.rpc.akka.AkkaRpcService - Starting RPC endpoint for org.apache.flink.runtime.dispatcher.StandaloneDispatcher at akka://flink/user/rpc/dispatcher_2 .
13573 [mini-cluster-io-thread-6] INFO  org.apache.flink.runtime.highavailability.nonha.embedded.EmbeddedLeaderService - Received confirmation of leadership for leader akka://flink/user/rpc/resourcemanager_1 , session=e4aaeef3-d1a2-4272-8297-cdea43b8719c
13703 [mini-cluster-io-thread-5] INFO  org.apache.flink.runtime.highavailability.nonha.embedded.EmbeddedLeaderService - Received confirmation of leadership for leader akka://flink/user/rpc/dispatcher_2 , session=86cdc76b-5265-415c-91cf-1a45c0762007
13787 [flink-akka.actor.default-dispatcher-4] INFO  org.apache.flink.runtime.taskexecutor.TaskExecutor - Connecting to ResourceManager akka://flink/user/rpc/resourcemanager_1(8297cdea43b8719ce4aaeef3d1a24272).
13847 [flink-akka.actor.default-dispatcher-4] INFO  org.apache.flink.runtime.taskexecutor.TaskExecutor - Resolved ResourceManager address, beginning registration
13875 [main] INFO  org.apache.flink.runtime.minicluster.MiniCluster - Shutting down Flink Mini Cluster
13876 [main] INFO  org.apache.flink.runtime.dispatcher.DispatcherRestEndpoint - Shutting down rest endpoint.
13882 [flink-akka.actor.default-dispatcher-3] INFO  org.apache.flink.runtime.taskexecutor.TaskExecutor - Stopping TaskExecutor akka://flink/user/rpc/taskmanager_0.
13882 [flink-akka.actor.default-dispatcher-3] INFO  org.apache.flink.runtime.taskexecutor.TaskExecutor - Terminating registration attempts towards ResourceManager akka://flink/user/rpc/resourcemanager_1.
13883 [flink-akka.actor.default-dispatcher-2] INFO  org.apache.flink.runtime.resourcemanager.StandaloneResourceManager - Registering TaskManager with ResourceID 7d040897-2c52-44e1-9446-93d7ee126017 (akka://flink/user/rpc/taskmanager_0) at ResourceManager
13884 [flink-akka.actor.default-dispatcher-3] INFO  org.apache.flink.runtime.taskexecutor.DefaultJobLeaderService - Stop job leader service.
13884 [flink-akka.actor.default-dispatcher-3] INFO  org.apache.flink.runtime.state.TaskExecutorLocalStateStoresManager - Shutting down TaskExecutorLocalStateStoresManager.
13996 [flink-akka.actor.default-dispatcher-3] INFO  org.apache.flink.runtime.io.disk.FileChannelManagerImpl - FileChannelManager removed spill file directory /tmp/junit9054107346164789173/junit4739177623593556237/flink-io-786136e0-8ef7-41a7-9154-bc173094ff2e
13996 [flink-akka.actor.default-dispatcher-3] INFO  org.apache.flink.runtime.io.network.NettyShuffleEnvironment - Shutting down the network environment and its components.
13997 [flink-akka.actor.default-dispatcher-3] INFO  org.apache.flink.runtime.io.disk.FileChannelManagerImpl - FileChannelManager removed spill file directory /tmp/junit9054107346164789173/junit4739177623593556237/flink-netty-shuffle-fff9b59c-a41b-43cf-a7f0-1dfdd8740cf8
13998 [flink-akka.actor.default-dispatcher-3] INFO  org.apache.flink.runtime.taskexecutor.KvStateService - Shutting down the kvState service and its components.
13998 [flink-akka.actor.default-dispatcher-3] INFO  org.apache.flink.runtime.taskexecutor.DefaultJobLeaderService - Stop job leader service.
13998 [flink-akka.actor.default-dispatcher-3] INFO  org.apache.flink.runtime.filecache.FileCache - removed file cache directory /tmp/junit9054107346164789173/junit4739177623593556237/flink-dist-cache-ec0ec9cc-9b11-4a7d-ae5b-abaa17d6f378
14138 [ForkJoinPool.commonPool-worker-2] INFO  org.apache.flink.runtime.dispatcher.DispatcherRestEndpoint - Removing cache directory /tmp/flink-web-ui
14162 [ForkJoinPool.commonPool-worker-2] INFO  org.apache.flink.runtime.dispatcher.DispatcherRestEndpoint - Shut down complete.
14163 [flink-akka.actor.default-dispatcher-6] INFO  org.apache.flink.runtime.resourcemanager.StandaloneResourceManager - Shut down cluster because application is in CANCELED, diagnostics DispatcherResourceManagerComponent has been closed..
14164 [ForkJoinPool.commonPool-worker-2] INFO  org.apache.flink.runtime.entrypoint.component.DispatcherResourceManagerComponent - Closing components.
14164 [ForkJoinPool.commonPool-worker-2] INFO  org.apache.flink.runtime.dispatcher.runner.SessionDispatcherLeaderProcess - Stopping SessionDispatcherLeaderProcess.
14166 [flink-akka.actor.default-dispatcher-4] INFO  org.apache.flink.runtime.dispatcher.StandaloneDispatcher - Stopping dispatcher akka://flink/user/rpc/dispatcher_2.
14166 [flink-akka.actor.default-dispatcher-4] INFO  org.apache.flink.runtime.dispatcher.StandaloneDispatcher - Stopping all currently running jobs of dispatcher akka://flink/user/rpc/dispatcher_2.
14167 [flink-akka.actor.default-dispatcher-6] INFO  org.apache.flink.runtime.resourcemanager.slotmanager.DeclarativeSlotManager - Closing the slot manager.
14167 [flink-akka.actor.default-dispatcher-6] INFO  org.apache.flink.runtime.resourcemanager.slotmanager.DeclarativeSlotManager - Suspending the slot manager.
14223 [flink-akka.actor.default-dispatcher-4] INFO  org.apache.flink.runtime.dispatcher.StandaloneDispatcher - Stopped dispatcher akka://flink/user/rpc/dispatcher_2.
14786 [flink-akka.actor.default-dispatcher-3] INFO  org.apache.flink.runtime.taskexecutor.TaskExecutor - Stopped TaskExecutor akka://flink/user/rpc/taskmanager_0.
14862 [AkkaRpcService-Supervisor-Termination-Future-Executor-thread-1] INFO  org.apache.flink.runtime.rpc.akka.AkkaRpcService - Stopping Akka RPC service.
15045 [flink-metrics-2] INFO  org.apache.flink.runtime.rpc.akka.AkkaRpcService - Stopping Akka RPC service.
15051 [flink-metrics-2] INFO  org.apache.flink.runtime.rpc.akka.AkkaRpcService - Stopped Akka RPC service.
15119 [flink-akka.actor.default-dispatcher-2] INFO  org.apache.flink.runtime.blob.PermanentBlobCache - Shutting down BLOB cache
15119 [flink-akka.actor.default-dispatcher-2] INFO  org.apache.flink.runtime.blob.TransientBlobCache - Shutting down BLOB cache
15123 [flink-akka.actor.default-dispatcher-2] INFO  org.apache.flink.runtime.blob.BlobServer - Stopped BLOB server at 0.0.0.0:42089
15130 [flink-akka.actor.default-dispatcher-2] INFO  org.apache.flink.runtime.rpc.akka.AkkaRpcService - Stopped Akka RPC service.
[ERROR] Tests run: 1, Failures: 0, Errors: 1, Skipped: 0, Time elapsed: 9.599 s <<< FAILURE! - in com.ververica.cdc.connectors.mysql.LegacyMySqlSourceTest
[ERROR] com.ververica.cdc.connectors.mysql.LegacyMySqlSourceTest  Time elapsed: 9.587 s  <<< ERROR!
java.util.concurrent.CompletionException: java.lang.IllegalStateException: Previous attempts to find a Docker environment failed. Will not retry. Please see logs and check configuration
Caused by: java.lang.IllegalStateException: Previous attempts to find a Docker environment failed. Will not retry. Please see logs and check configuration

[INFO] Running com.ververica.cdc.connectors.mysql.debezium.reader.SnapshotSplitReaderTest
15225 [main] INFO  com.ververica.cdc.connectors.mysql.source.MySqlSourceTestBase - Starting containers...
[ERROR] Tests run: 1, Failures: 0, Errors: 1, Skipped: 0, Time elapsed: 0.041 s <<< FAILURE! - in com.ververica.cdc.connectors.mysql.debezium.reader.SnapshotSplitReaderTest
[ERROR] com.ververica.cdc.connectors.mysql.debezium.reader.SnapshotSplitReaderTest  Time elapsed: 0.039 s  <<< ERROR!
java.util.concurrent.CompletionException: java.lang.IllegalStateException: Previous attempts to find a Docker environment failed. Will not retry. Please see logs and check configuration
Caused by: java.lang.IllegalStateException: Previous attempts to find a Docker environment failed. Will not retry. Please see logs and check configuration

[INFO] Running com.ververica.cdc.connectors.mysql.debezium.reader.BinlogSplitReaderTest
15281 [main] INFO  com.ververica.cdc.connectors.mysql.source.MySqlSourceTestBase - Starting containers...
[ERROR] Tests run: 1, Failures: 0, Errors: 1, Skipped: 0, Time elapsed: 0.001 s <<< FAILURE! - in com.ververica.cdc.connectors.mysql.debezium.reader.BinlogSplitReaderTest
[ERROR] com.ververica.cdc.connectors.mysql.debezium.reader.BinlogSplitReaderTest  Time elapsed: 0.001 s  <<< ERROR!
java.util.concurrent.CompletionException: java.lang.IllegalStateException: Previous attempts to find a Docker environment failed. Will not retry. Please see logs and check configuration
Caused by: java.lang.IllegalStateException: Previous attempts to find a Docker environment failed. Will not retry. Please see logs and check configuration

[INFO] Running com.ververica.cdc.connectors.mysql.MySqlValidatorTest
15315 [main] INFO  com.ververica.cdc.connectors.mysql.MySqlValidatorTest - Starting containers...
15383 [main] INFO  com.ververica.cdc.connectors.mysql.MySqlValidatorTest - Starting containers...
15558 [main] INFO  com.ververica.cdc.connectors.mysql.MySqlValidatorTest - Starting containers...
15581 [main] INFO  com.ververica.cdc.connectors.mysql.MySqlValidatorTest - Starting containers...
15607 [main] INFO  com.ververica.cdc.connectors.mysql.MySqlValidatorTest - Starting containers...
15691 [main] INFO  com.ververica.cdc.connectors.mysql.MySqlValidatorTest - Starting containers...
[ERROR] Tests run: 6, Failures: 0, Errors: 6, Skipped: 0, Time elapsed: 0.427 s <<< FAILURE! - in com.ververica.cdc.connectors.mysql.MySqlValidatorTest
[ERROR] testValidateBinlogRowImage[runIncrementalSnapshot = true](com.ververica.cdc.connectors.mysql.MySqlValidatorTest)  Time elapsed: 0.074 s  <<< ERROR!
java.util.concurrent.CompletionException: java.lang.IllegalStateException: Previous attempts to find a Docker environment failed. Will not retry. Please see logs and check configuration
Caused by: java.lang.IllegalStateException: Previous attempts to find a Docker environment failed. Will not retry. Please see logs and check configuration

[ERROR] testValidateVersion[runIncrementalSnapshot = true](com.ververica.cdc.connectors.mysql.MySqlValidatorTest)  Time elapsed: 0.144 s  <<< ERROR!
java.util.concurrent.CompletionException: java.lang.IllegalStateException: Previous attempts to find a Docker environment failed. Will not retry. Please see logs and check configuration
Caused by: java.lang.IllegalStateException: Previous attempts to find a Docker environment failed. Will not retry. Please see logs and check configuration

[ERROR] testValidateBinlogFormat[runIncrementalSnapshot = true](com.ververica.cdc.connectors.mysql.MySqlValidatorTest)  Time elapsed: 0.023 s  <<< ERROR!
java.util.concurrent.CompletionException: java.lang.IllegalStateException: Previous attempts to find a Docker environment failed. Will not retry. Please see logs and check configuration
Caused by: java.lang.IllegalStateException: Previous attempts to find a Docker environment failed. Will not retry. Please see logs and check configuration

[ERROR] testValidateBinlogRowImage[runIncrementalSnapshot = false](com.ververica.cdc.connectors.mysql.MySqlValidatorTest)  Time elapsed: 0.026 s  <<< ERROR!
java.util.concurrent.CompletionException: java.lang.IllegalStateException: Previous attempts to find a Docker environment failed. Will not retry. Please see logs and check configuration
Caused by: java.lang.IllegalStateException: Previous attempts to find a Docker environment failed. Will not retry. Please see logs and check configuration

[ERROR] testValidateVersion[runIncrementalSnapshot = false](com.ververica.cdc.connectors.mysql.MySqlValidatorTest)  Time elapsed: 0.091 s  <<< ERROR!
java.util.concurrent.CompletionException: java.lang.IllegalStateException: Previous attempts to find a Docker environment failed. Will not retry. Please see logs and check configuration
Caused by: java.lang.IllegalStateException: Previous attempts to find a Docker environment failed. Will not retry. Please see logs and check configuration

[ERROR] testValidateBinlogFormat[runIncrementalSnapshot = false](com.ververica.cdc.connectors.mysql.MySqlValidatorTest)  Time elapsed: 0.014 s  <<< ERROR!
java.util.concurrent.CompletionException: java.lang.IllegalStateException: Previous attempts to find a Docker environment failed. Will not retry. Please see logs and check configuration
Caused by: java.lang.IllegalStateException: Previous attempts to find a Docker environment failed. Will not retry. Please see logs and check configuration

[INFO] 
[INFO] Results:
[INFO] 
[ERROR] Errors: 
[ERROR]   LegacyMySqlSourceTest.com.ververica.cdc.connectors.mysql.LegacyMySqlSourceTest » Completion
[ERROR]   MySqlValidatorTest.testValidateBinlogFormat[runIncrementalSnapshot = false] » Completion
[ERROR]   MySqlValidatorTest.testValidateBinlogFormat[runIncrementalSnapshot = true] » Completion
[ERROR]   MySqlValidatorTest.testValidateBinlogRowImage[runIncrementalSnapshot = false] » Completion
[ERROR]   MySqlValidatorTest.testValidateBinlogRowImage[runIncrementalSnapshot = true] » Completion
[ERROR]   MySqlValidatorTest.testValidateVersion[runIncrementalSnapshot = false] » Completion
[ERROR]   MySqlValidatorTest.testValidateVersion[runIncrementalSnapshot = true] » Completion
[ERROR]   BinlogSplitReaderTest.com.ververica.cdc.connectors.mysql.debezium.reader.BinlogSplitReaderTest » Completion
[ERROR]   SnapshotSplitReaderTest.com.ververica.cdc.connectors.mysql.debezium.reader.SnapshotSplitReaderTest » Completion
[ERROR]   MySqlHybridSplitAssignerTest.com.ververica.cdc.connectors.mysql.source.assigners.MySqlHybridSplitAssignerTest » Completion
[ERROR]   MySqlSnapshotSplitAssignerTest.com.ververica.cdc.connectors.mysql.source.assigners.MySqlSnapshotSplitAssignerTest » Completion
[ERROR]   MySqlSourceReaderTest.com.ververica.cdc.connectors.mysql.source.reader.MySqlSourceReaderTest » Completion
[INFO] 
[ERROR] Tests run: 39, Failures: 0, Errors: 12, Skipped: 2
[INFO] 
[INFO] 
[INFO] -------------< com.ververica:flink-connector-postgres-cdc >-------------
[INFO] Building flink-connector-postgres-cdc 2.1-SNAPSHOT                [5/12]
[INFO] --------------------------------[ jar ]---------------------------------
[INFO] 
[INFO] --- spotless-maven-plugin:2.4.2:check (spotless-check) @ flink-connector-postgres-cdc ---
[INFO] 
[INFO] --- maven-checkstyle-plugin:2.17:check (validate) @ flink-connector-postgres-cdc ---
[INFO] 
[INFO] --- maven-enforcer-plugin:3.0.0-M1:enforce (enforce-maven-version) @ flink-connector-postgres-cdc ---
[INFO] 
[INFO] --- maven-remote-resources-plugin:1.5:process (process-resource-bundles) @ flink-connector-postgres-cdc ---
[INFO] 
[INFO] --- maven-resources-plugin:3.1.0:resources (default-resources) @ flink-connector-postgres-cdc ---
[INFO] Using 'UTF-8' encoding to copy filtered resources.
[INFO] Copying 1 resource
[INFO] Copying 3 resources
[INFO] 
[INFO] --- maven-compiler-plugin:3.7.0:compile (default-compile) @ flink-connector-postgres-cdc ---
[INFO] Nothing to compile - all classes are up to date
[INFO] 
[INFO] --- maven-resources-plugin:3.1.0:testResources (default-testResources) @ flink-connector-postgres-cdc ---
[INFO] Using 'UTF-8' encoding to copy filtered resources.
[INFO] Copying 4 resources
[INFO] Copying 3 resources
[INFO] 
[INFO] --- maven-compiler-plugin:3.7.0:testCompile (default-testCompile) @ flink-connector-postgres-cdc ---
[INFO] Nothing to compile - all classes are up to date
[INFO] 
[INFO] --- maven-surefire-plugin:2.22.0:test (default-test) @ flink-connector-postgres-cdc ---
[INFO] 
[INFO] -------------------------------------------------------
[INFO]  T E S T S
[INFO] -------------------------------------------------------
[INFO] Running com.ververica.cdc.connectors.postgres.table.PostgreSQLTableFactoryTest
[INFO] Tests run: 4, Failures: 0, Errors: 0, Skipped: 0, Time elapsed: 2.047 s - in com.ververica.cdc.connectors.postgres.table.PostgreSQLTableFactoryTest
[INFO] Running com.ververica.cdc.connectors.postgres.PostgreSQLSourceTest
3172 [main] INFO  org.apache.flink.runtime.taskexecutor.TaskExecutorResourceUtils - The configuration option taskmanager.cpu.cores required for local execution is not set, setting it to the maximal possible value.
3175 [main] INFO  org.apache.flink.runtime.taskexecutor.TaskExecutorResourceUtils - The configuration option taskmanager.memory.task.heap.size required for local execution is not set, setting it to the maximal possible value.
3175 [main] INFO  org.apache.flink.runtime.taskexecutor.TaskExecutorResourceUtils - The configuration option taskmanager.memory.task.off-heap.size required for local execution is not set, setting it to the maximal possible value.
3176 [main] INFO  org.apache.flink.runtime.taskexecutor.TaskExecutorResourceUtils - The configuration option taskmanager.memory.network.min required for local execution is not set, setting it to its default value 64 mb.
3176 [main] INFO  org.apache.flink.runtime.taskexecutor.TaskExecutorResourceUtils - The configuration option taskmanager.memory.network.max required for local execution is not set, setting it to its default value 64 mb.
3180 [main] INFO  org.apache.flink.runtime.minicluster.MiniCluster - Starting Flink Mini Cluster
3275 [main] INFO  org.apache.flink.runtime.minicluster.MiniCluster - Starting Metrics Registry
3432 [main] INFO  org.apache.flink.runtime.metrics.MetricRegistryImpl - No metrics reporter configured, no metrics will be exposed/reported.
3433 [main] INFO  org.apache.flink.runtime.minicluster.MiniCluster - Starting RPC Service(s)
3450 [main] INFO  org.apache.flink.runtime.rpc.akka.AkkaRpcServiceUtils - Trying to start local actor system
4798 [flink-akka.actor.default-dispatcher-4] INFO  akka.event.slf4j.Slf4jLogger - Slf4jLogger started
5657 [main] INFO  org.apache.flink.runtime.rpc.akka.AkkaRpcServiceUtils - Actor system started at akka://flink
5792 [main] INFO  org.apache.flink.runtime.rpc.akka.AkkaRpcServiceUtils - Trying to start local actor system
5879 [flink-metrics-2] INFO  akka.event.slf4j.Slf4jLogger - Slf4jLogger started
5982 [main] INFO  org.apache.flink.runtime.rpc.akka.AkkaRpcServiceUtils - Actor system started at akka://flink-metrics
6190 [main] INFO  org.apache.flink.runtime.rpc.akka.AkkaRpcService - Starting RPC endpoint for org.apache.flink.runtime.metrics.dump.MetricQueryService at akka://flink-metrics/user/rpc/MetricQueryService .
6202 [main] INFO  org.apache.flink.runtime.minicluster.MiniCluster - Starting high-availability services
6258 [main] INFO  org.apache.flink.runtime.blob.BlobServer - Created BLOB server storage directory /tmp/junit3950194679968154951/junit8270531984029861167/blobStore-5651410e-c99a-4cc7-ad79-b9c26f40fabc
6445 [main] INFO  org.apache.flink.runtime.blob.BlobServer - Started BLOB server at 0.0.0.0:38695 - max concurrent requests: 50 - max backlog: 1000
6477 [main] INFO  org.apache.flink.runtime.blob.PermanentBlobCache - Created BLOB cache storage directory /tmp/junit3950194679968154951/junit8270531984029861167/blobStore-5bdaa838-99fd-481c-bb30-b39219d52a78
6480 [main] INFO  org.apache.flink.runtime.blob.TransientBlobCache - Created BLOB cache storage directory /tmp/junit3950194679968154951/junit8270531984029861167/blobStore-bfbb9d62-cff7-4b72-8ddd-179a20ba0515
6613 [main] INFO  org.apache.flink.runtime.minicluster.MiniCluster - Starting 1 TaskManger(s)
6615 [main] INFO  org.apache.flink.runtime.taskexecutor.TaskManagerRunner - Starting TaskManager with ResourceID: 59411dab-64c6-4b64-ae16-c2e22f8c701f
6821 [main] INFO  org.apache.flink.runtime.taskexecutor.TaskManagerServices - Temporary file directory '/tmp/junit3950194679968154951/junit8270531984029861167': total 196 GB, usable 178 GB (90.82% usable)
6830 [main] INFO  org.apache.flink.runtime.io.disk.FileChannelManagerImpl - FileChannelManager uses directory /tmp/junit3950194679968154951/junit8270531984029861167/flink-io-015d8e34-e92a-4542-bc42-7471aa8cd043 for spill files.
6888 [main] INFO  org.apache.flink.runtime.io.disk.FileChannelManagerImpl - FileChannelManager uses directory /tmp/junit3950194679968154951/junit8270531984029861167/flink-netty-shuffle-e68a22ec-82f6-49bc-b127-6094725d226d for spill files.
6958 [main] INFO  org.apache.flink.runtime.io.network.buffer.NetworkBufferPool - Allocated 64 MB for network buffer pool (number of memory segments: 2048, bytes per segment: 32768).
6966 [main] INFO  org.apache.flink.runtime.io.network.NettyShuffleEnvironment - Starting the network environment and its components.
6967 [main] INFO  org.apache.flink.runtime.taskexecutor.KvStateService - Starting the kvState service and its components.
7187 [main] INFO  org.apache.flink.runtime.rpc.akka.AkkaRpcService - Starting RPC endpoint for org.apache.flink.runtime.taskexecutor.TaskExecutor at akka://flink/user/rpc/taskmanager_0 .
7204 [flink-akka.actor.default-dispatcher-2] INFO  org.apache.flink.runtime.taskexecutor.DefaultJobLeaderService - Start job leader service.
7205 [flink-akka.actor.default-dispatcher-2] INFO  org.apache.flink.runtime.filecache.FileCache - User file cache uses directory /tmp/junit3950194679968154951/junit8270531984029861167/flink-dist-cache-1d2ddfca-a1e8-41f8-8aae-718823f65b2d
7549 [main] INFO  org.apache.flink.runtime.dispatcher.DispatcherRestEndpoint - Starting rest endpoint.
7550 [main] INFO  org.apache.flink.runtime.dispatcher.DispatcherRestEndpoint - Failed to load web based job submission extension. Probable reason: flink-runtime-web is not in the classpath.
8508 [main] WARN  org.apache.flink.runtime.webmonitor.WebMonitorUtils - Log file environment variable 'log.file' is not set.
8508 [main] WARN  org.apache.flink.runtime.webmonitor.WebMonitorUtils - JobManager log files are unavailable in the web dashboard. Log file location not found in environment variable 'log.file' or configuration key 'web.log.path'.
9649 [main] INFO  org.apache.flink.runtime.dispatcher.DispatcherRestEndpoint - Rest endpoint listening at localhost:36233
9650 [main] INFO  org.apache.flink.runtime.highavailability.nonha.embedded.EmbeddedLeaderService - Proposing leadership to contender http://localhost:36233
9706 [mini-cluster-io-thread-1] INFO  org.apache.flink.runtime.dispatcher.DispatcherRestEndpoint - http://localhost:36233 was granted leadership with leaderSessionID=d103084e-e70c-4cd0-b62c-f2ebc760a9ef
9706 [mini-cluster-io-thread-1] INFO  org.apache.flink.runtime.highavailability.nonha.embedded.EmbeddedLeaderService - Received confirmation of leadership for leader http://localhost:36233 , session=d103084e-e70c-4cd0-b62c-f2ebc760a9ef
10035 [main] INFO  org.apache.flink.runtime.rpc.akka.AkkaRpcService - Starting RPC endpoint for org.apache.flink.runtime.resourcemanager.StandaloneResourceManager at akka://flink/user/rpc/resourcemanager_1 .
10240 [main] INFO  org.apache.flink.runtime.highavailability.nonha.embedded.EmbeddedLeaderService - Proposing leadership to contender LeaderContender: DefaultDispatcherRunner
10284 [flink-akka.actor.default-dispatcher-4] INFO  org.apache.flink.runtime.resourcemanager.StandaloneResourceManager - Starting the resource manager.
10299 [flink-akka.actor.default-dispatcher-4] INFO  org.apache.flink.runtime.highavailability.nonha.embedded.EmbeddedLeaderService - Proposing leadership to contender LeaderContender: StandaloneResourceManager
10347 [main] INFO  org.apache.flink.runtime.minicluster.MiniCluster - Flink Mini Cluster started successfully
10363 [main] INFO  org.apache.flink.configuration.Configuration - Config uses fallback configuration key 'jobmanager.rpc.address' instead of key 'rest.address'
10431 [flink-akka.actor.default-dispatcher-4] INFO  org.apache.flink.runtime.resourcemanager.StandaloneResourceManager - ResourceManager akka://flink/user/rpc/resourcemanager_1 was granted leadership with fencing token ac9b83cf938c4974b9befdd28b2d4524
10476 [mini-cluster-io-thread-2] INFO  org.apache.flink.runtime.dispatcher.runner.SessionDispatcherLeaderProcess - Start SessionDispatcherLeaderProcess.
10510 [mini-cluster-io-thread-6] INFO  org.apache.flink.runtime.highavailability.nonha.embedded.EmbeddedLeaderService - Received confirmation of leadership for leader akka://flink/user/rpc/resourcemanager_1 , session=b9befdd2-8b2d-4524-ac9b-83cf938c4974
10684 [flink-akka.actor.default-dispatcher-5] INFO  org.apache.flink.runtime.taskexecutor.TaskExecutor - Connecting to ResourceManager akka://flink/user/rpc/resourcemanager_1(ac9b83cf938c4974b9befdd28b2d4524).
10703 [mini-cluster-io-thread-5] INFO  org.apache.flink.runtime.dispatcher.runner.SessionDispatcherLeaderProcess - Recover all persisted job graphs.
10703 [mini-cluster-io-thread-5] INFO  org.apache.flink.runtime.dispatcher.runner.SessionDispatcherLeaderProcess - Successfully recovered 0 persisted job graphs.
10764 [mini-cluster-io-thread-5] INFO  org.apache.flink.runtime.rpc.akka.AkkaRpcService - Starting RPC endpoint for org.apache.flink.runtime.dispatcher.StandaloneDispatcher at akka://flink/user/rpc/dispatcher_2 .
10774 [flink-akka.actor.default-dispatcher-5] INFO  org.apache.flink.runtime.taskexecutor.TaskExecutor - Resolved ResourceManager address, beginning registration
10786 [flink-akka.actor.default-dispatcher-5] INFO  org.apache.flink.runtime.resourcemanager.StandaloneResourceManager - Registering TaskManager with ResourceID 59411dab-64c6-4b64-ae16-c2e22f8c701f (akka://flink/user/rpc/taskmanager_0) at ResourceManager
10788 [flink-akka.actor.default-dispatcher-3] INFO  org.apache.flink.runtime.taskexecutor.TaskExecutor - Successful registration at resource manager akka://flink/user/rpc/resourcemanager_1 under registration id 90e5364fd8884f9e9a92647d6ee945c3.
10790 [mini-cluster-io-thread-5] INFO  org.apache.flink.runtime.highavailability.nonha.embedded.EmbeddedLeaderService - Received confirmation of leadership for leader akka://flink/user/rpc/dispatcher_2 , session=c792dbcc-3fe5-4b74-9d6d-4c11a57d756b
11074 [main] INFO  com.ververica.cdc.connectors.postgres.PostgresTestBase - Starting containers...
11713 [testcontainers-lifecycle-0] WARN  org.testcontainers.utility.TestcontainersConfiguration - Attempted to read Testcontainers configuration file at file:/root/.testcontainers.properties but the file was not found. Exception message: FileNotFoundException: /root/.testcontainers.properties (No such file or directory)
11890 [testcontainers-lifecycle-0] INFO  org.testcontainers.dockerclient.DockerMachineClientProviderStrategy - docker-machine executable was not found on PATH ([/usr/local/openjdk-8/bin, /usr/local/sbin, /usr/local/bin, /usr/sbin, /usr/bin, /sbin, /bin])
12146 [testcontainers-lifecycle-0] ERROR org.testcontainers.dockerclient.DockerClientProviderStrategy - Could not find a valid Docker environment. Please check configuration. Attempted configurations were:
12146 [testcontainers-lifecycle-0] ERROR org.testcontainers.dockerclient.DockerClientProviderStrategy -     UnixSocketClientProviderStrategy: failed with exception InvalidConfigurationException (Could not find unix domain socket). Root cause NoSuchFileException (/var/run/docker.sock)
12146 [testcontainers-lifecycle-0] ERROR org.testcontainers.dockerclient.DockerClientProviderStrategy - As no valid configuration was found, execution cannot continue
12147 [main] INFO  org.apache.flink.test.util.MiniClusterWithClientResource - Finalization triggered: Cluster shutdown is going to be initiated.
12704 [main] INFO  org.apache.flink.runtime.minicluster.MiniCluster - Shutting down Flink Mini Cluster
12744 [main] INFO  org.apache.flink.runtime.dispatcher.DispatcherRestEndpoint - Shutting down rest endpoint.
12770 [flink-akka.actor.default-dispatcher-7] INFO  org.apache.flink.runtime.taskexecutor.TaskExecutor - Stopping TaskExecutor akka://flink/user/rpc/taskmanager_0.
12770 [flink-akka.actor.default-dispatcher-7] INFO  org.apache.flink.runtime.taskexecutor.TaskExecutor - Close ResourceManager connection 553633b1cf2a4eb669544f928300635e.
12780 [flink-akka.actor.default-dispatcher-4] INFO  org.apache.flink.runtime.resourcemanager.StandaloneResourceManager - Closing TaskExecutor connection 59411dab-64c6-4b64-ae16-c2e22f8c701f because: The TaskExecutor is shutting down.
12791 [flink-akka.actor.default-dispatcher-7] INFO  org.apache.flink.runtime.taskexecutor.DefaultJobLeaderService - Stop job leader service.
12791 [flink-akka.actor.default-dispatcher-7] INFO  org.apache.flink.runtime.state.TaskExecutorLocalStateStoresManager - Shutting down TaskExecutorLocalStateStoresManager.
13106 [flink-akka.actor.default-dispatcher-7] INFO  org.apache.flink.runtime.io.disk.FileChannelManagerImpl - FileChannelManager removed spill file directory /tmp/junit3950194679968154951/junit8270531984029861167/flink-io-015d8e34-e92a-4542-bc42-7471aa8cd043
13143 [flink-akka.actor.default-dispatcher-7] INFO  org.apache.flink.runtime.io.network.NettyShuffleEnvironment - Shutting down the network environment and its components.
13144 [flink-akka.actor.default-dispatcher-7] INFO  org.apache.flink.runtime.io.disk.FileChannelManagerImpl - FileChannelManager removed spill file directory /tmp/junit3950194679968154951/junit8270531984029861167/flink-netty-shuffle-e68a22ec-82f6-49bc-b127-6094725d226d
13144 [flink-akka.actor.default-dispatcher-7] INFO  org.apache.flink.runtime.taskexecutor.KvStateService - Shutting down the kvState service and its components.
13144 [flink-akka.actor.default-dispatcher-7] INFO  org.apache.flink.runtime.taskexecutor.DefaultJobLeaderService - Stop job leader service.
13144 [flink-akka.actor.default-dispatcher-7] INFO  org.apache.flink.runtime.filecache.FileCache - removed file cache directory /tmp/junit3950194679968154951/junit8270531984029861167/flink-dist-cache-1d2ddfca-a1e8-41f8-8aae-718823f65b2d
13147 [ForkJoinPool.commonPool-worker-3] INFO  org.apache.flink.runtime.dispatcher.DispatcherRestEndpoint - Removing cache directory /tmp/flink-web-ui
13195 [ForkJoinPool.commonPool-worker-3] INFO  org.apache.flink.runtime.dispatcher.DispatcherRestEndpoint - Shut down complete.
13197 [flink-akka.actor.default-dispatcher-4] INFO  org.apache.flink.runtime.resourcemanager.StandaloneResourceManager - Shut down cluster because application is in CANCELED, diagnostics DispatcherResourceManagerComponent has been closed..
13197 [ForkJoinPool.commonPool-worker-3] INFO  org.apache.flink.runtime.entrypoint.component.DispatcherResourceManagerComponent - Closing components.
13231 [ForkJoinPool.commonPool-worker-3] INFO  org.apache.flink.runtime.dispatcher.runner.SessionDispatcherLeaderProcess - Stopping SessionDispatcherLeaderProcess.
13232 [flink-akka.actor.default-dispatcher-4] INFO  org.apache.flink.runtime.resourcemanager.slotmanager.DeclarativeSlotManager - Closing the slot manager.
13232 [flink-akka.actor.default-dispatcher-4] INFO  org.apache.flink.runtime.resourcemanager.slotmanager.DeclarativeSlotManager - Suspending the slot manager.
13233 [flink-akka.actor.default-dispatcher-3] INFO  org.apache.flink.runtime.dispatcher.StandaloneDispatcher - Stopping dispatcher akka://flink/user/rpc/dispatcher_2.
13233 [flink-akka.actor.default-dispatcher-3] INFO  org.apache.flink.runtime.dispatcher.StandaloneDispatcher - Stopping all currently running jobs of dispatcher akka://flink/user/rpc/dispatcher_2.
13299 [flink-akka.actor.default-dispatcher-3] INFO  org.apache.flink.runtime.dispatcher.StandaloneDispatcher - Stopped dispatcher akka://flink/user/rpc/dispatcher_2.
13484 [flink-akka.actor.default-dispatcher-7] INFO  org.apache.flink.runtime.taskexecutor.TaskExecutor - Stopped TaskExecutor akka://flink/user/rpc/taskmanager_0.
13560 [AkkaRpcService-Supervisor-Termination-Future-Executor-thread-1] INFO  org.apache.flink.runtime.rpc.akka.AkkaRpcService - Stopping Akka RPC service.
13768 [flink-metrics-2] INFO  org.apache.flink.runtime.rpc.akka.AkkaRpcService - Stopping Akka RPC service.
13830 [flink-metrics-2] INFO  org.apache.flink.runtime.rpc.akka.AkkaRpcService - Stopped Akka RPC service.
13890 [flink-akka.actor.default-dispatcher-7] INFO  org.apache.flink.runtime.blob.PermanentBlobCache - Shutting down BLOB cache
13891 [flink-akka.actor.default-dispatcher-7] INFO  org.apache.flink.runtime.blob.TransientBlobCache - Shutting down BLOB cache
13907 [flink-akka.actor.default-dispatcher-7] INFO  org.apache.flink.runtime.blob.BlobServer - Stopped BLOB server at 0.0.0.0:38695
13951 [flink-akka.actor.default-dispatcher-7] INFO  org.apache.flink.runtime.rpc.akka.AkkaRpcService - Stopped Akka RPC service.
[ERROR] Tests run: 1, Failures: 0, Errors: 1, Skipped: 0, Time elapsed: 11.159 s <<< FAILURE! - in com.ververica.cdc.connectors.postgres.PostgreSQLSourceTest
[ERROR] com.ververica.cdc.connectors.postgres.PostgreSQLSourceTest  Time elapsed: 11.159 s  <<< ERROR!
java.util.concurrent.CompletionException: java.lang.IllegalStateException: Could not find a valid Docker environment. Please see logs and check configuration
Caused by: java.lang.IllegalStateException: Could not find a valid Docker environment. Please see logs and check configuration

[INFO] 
[INFO] Results:
[INFO] 
[ERROR] Errors: 
[ERROR]   PostgreSQLSourceTest.com.ververica.cdc.connectors.postgres.PostgreSQLSourceTest » Completion
[INFO] 
[ERROR] Tests run: 5, Failures: 0, Errors: 1, Skipped: 0
[INFO] 
[INFO] 
[INFO] --------------< com.ververica:flink-connector-oracle-cdc >--------------
[INFO] Building flink-connector-oracle-cdc 2.1-SNAPSHOT                  [6/12]
[INFO] --------------------------------[ jar ]---------------------------------
[INFO] 
[INFO] --- spotless-maven-plugin:2.4.2:check (spotless-check) @ flink-connector-oracle-cdc ---
[INFO] 
[INFO] --- maven-checkstyle-plugin:2.17:check (validate) @ flink-connector-oracle-cdc ---
[INFO] 
[INFO] --- maven-enforcer-plugin:3.0.0-M1:enforce (enforce-maven-version) @ flink-connector-oracle-cdc ---
[INFO] 
[INFO] --- maven-remote-resources-plugin:1.5:process (process-resource-bundles) @ flink-connector-oracle-cdc ---
[INFO] 
[INFO] --- maven-resources-plugin:3.1.0:resources (default-resources) @ flink-connector-oracle-cdc ---
[INFO] Using 'UTF-8' encoding to copy filtered resources.
[INFO] Copying 1 resource
[INFO] Copying 3 resources
[INFO] 
[INFO] --- maven-compiler-plugin:3.7.0:compile (default-compile) @ flink-connector-oracle-cdc ---
[INFO] Nothing to compile - all classes are up to date
[INFO] 
[INFO] --- maven-resources-plugin:3.1.0:testResources (default-testResources) @ flink-connector-oracle-cdc ---
[INFO] Using 'UTF-8' encoding to copy filtered resources.
[INFO] Copying 4 resources
[INFO] Copying 3 resources
[INFO] 
[INFO] --- maven-compiler-plugin:3.7.0:testCompile (default-testCompile) @ flink-connector-oracle-cdc ---
[INFO] Nothing to compile - all classes are up to date
[INFO] 
[INFO] --- maven-surefire-plugin:2.22.0:test (default-test) @ flink-connector-oracle-cdc ---
[INFO] 
[INFO] -------------------------------------------------------
[INFO]  T E S T S
[INFO] -------------------------------------------------------
[INFO] Running com.ververica.cdc.connectors.oracle.OracleSourceTest
2479 [main] INFO  org.apache.flink.runtime.taskexecutor.TaskExecutorResourceUtils - The configuration option taskmanager.cpu.cores required for local execution is not set, setting it to the maximal possible value.
2487 [main] INFO  org.apache.flink.runtime.taskexecutor.TaskExecutorResourceUtils - The configuration option taskmanager.memory.task.heap.size required for local execution is not set, setting it to the maximal possible value.
2487 [main] INFO  org.apache.flink.runtime.taskexecutor.TaskExecutorResourceUtils - The configuration option taskmanager.memory.task.off-heap.size required for local execution is not set, setting it to the maximal possible value.
2497 [main] INFO  org.apache.flink.runtime.taskexecutor.TaskExecutorResourceUtils - The configuration option taskmanager.memory.network.min required for local execution is not set, setting it to its default value 64 mb.
2498 [main] INFO  org.apache.flink.runtime.taskexecutor.TaskExecutorResourceUtils - The configuration option taskmanager.memory.network.max required for local execution is not set, setting it to its default value 64 mb.
2552 [main] INFO  org.apache.flink.runtime.minicluster.MiniCluster - Starting Flink Mini Cluster
2554 [main] INFO  org.apache.flink.runtime.minicluster.MiniCluster - Starting Metrics Registry
2777 [main] INFO  org.apache.flink.runtime.metrics.MetricRegistryImpl - No metrics reporter configured, no metrics will be exposed/reported.
2777 [main] INFO  org.apache.flink.runtime.minicluster.MiniCluster - Starting RPC Service(s)
2795 [main] INFO  org.apache.flink.runtime.rpc.akka.AkkaRpcServiceUtils - Trying to start local actor system
3745 [flink-akka.actor.default-dispatcher-5] INFO  akka.event.slf4j.Slf4jLogger - Slf4jLogger started
4227 [main] INFO  org.apache.flink.runtime.rpc.akka.AkkaRpcServiceUtils - Actor system started at akka://flink
4258 [main] INFO  org.apache.flink.runtime.rpc.akka.AkkaRpcServiceUtils - Trying to start local actor system
4343 [flink-metrics-2] INFO  akka.event.slf4j.Slf4jLogger - Slf4jLogger started
4395 [main] INFO  org.apache.flink.runtime.rpc.akka.AkkaRpcServiceUtils - Actor system started at akka://flink-metrics
4591 [main] INFO  org.apache.flink.runtime.rpc.akka.AkkaRpcService - Starting RPC endpoint for org.apache.flink.runtime.metrics.dump.MetricQueryService at akka://flink-metrics/user/rpc/MetricQueryService .
4696 [main] INFO  org.apache.flink.runtime.minicluster.MiniCluster - Starting high-availability services
4726 [main] INFO  org.apache.flink.runtime.blob.BlobServer - Created BLOB server storage directory /tmp/junit1395471226587982882/junit7903965005263848337/blobStore-b555c809-3cdf-419b-8485-66fa8322538c
4743 [main] INFO  org.apache.flink.runtime.blob.BlobServer - Started BLOB server at 0.0.0.0:42745 - max concurrent requests: 50 - max backlog: 1000
4783 [main] INFO  org.apache.flink.runtime.blob.PermanentBlobCache - Created BLOB cache storage directory /tmp/junit1395471226587982882/junit7903965005263848337/blobStore-a665cb17-c273-4faa-a016-ccd3308a6b4e
4839 [main] INFO  org.apache.flink.runtime.blob.TransientBlobCache - Created BLOB cache storage directory /tmp/junit1395471226587982882/junit7903965005263848337/blobStore-d4439f89-6336-4d89-b7ce-82fb1a2290d5
4857 [main] INFO  org.apache.flink.runtime.minicluster.MiniCluster - Starting 1 TaskManger(s)
4859 [main] INFO  org.apache.flink.runtime.taskexecutor.TaskManagerRunner - Starting TaskManager with ResourceID: c660e078-4d6e-4853-87a5-22fd4ea710da
4932 [main] INFO  org.apache.flink.runtime.taskexecutor.TaskManagerServices - Temporary file directory '/tmp/junit1395471226587982882/junit7903965005263848337': total 196 GB, usable 178 GB (90.82% usable)
4934 [main] INFO  org.apache.flink.runtime.io.disk.FileChannelManagerImpl - FileChannelManager uses directory /tmp/junit1395471226587982882/junit7903965005263848337/flink-io-a4d92c86-d287-45b7-aa91-3f72bb227bc0 for spill files.
5001 [main] INFO  org.apache.flink.runtime.io.disk.FileChannelManagerImpl - FileChannelManager uses directory /tmp/junit1395471226587982882/junit7903965005263848337/flink-netty-shuffle-2000ee4a-611f-4eff-820f-ebb9c4e0bad8 for spill files.
5187 [main] INFO  org.apache.flink.runtime.io.network.buffer.NetworkBufferPool - Allocated 64 MB for network buffer pool (number of memory segments: 2048, bytes per segment: 32768).
5367 [main] INFO  org.apache.flink.runtime.io.network.NettyShuffleEnvironment - Starting the network environment and its components.
5376 [main] INFO  org.apache.flink.runtime.taskexecutor.KvStateService - Starting the kvState service and its components.
5570 [main] INFO  org.apache.flink.runtime.rpc.akka.AkkaRpcService - Starting RPC endpoint for org.apache.flink.runtime.taskexecutor.TaskExecutor at akka://flink/user/rpc/taskmanager_0 .
5587 [flink-akka.actor.default-dispatcher-4] INFO  org.apache.flink.runtime.taskexecutor.DefaultJobLeaderService - Start job leader service.
5588 [flink-akka.actor.default-dispatcher-4] INFO  org.apache.flink.runtime.filecache.FileCache - User file cache uses directory /tmp/junit1395471226587982882/junit7903965005263848337/flink-dist-cache-5be8ddc5-afed-485e-b0e0-d51d304a1457
5715 [main] INFO  org.apache.flink.runtime.dispatcher.DispatcherRestEndpoint - Starting rest endpoint.
5716 [main] INFO  org.apache.flink.runtime.dispatcher.DispatcherRestEndpoint - Failed to load web based job submission extension. Probable reason: flink-runtime-web is not in the classpath.
6531 [main] WARN  org.apache.flink.runtime.webmonitor.WebMonitorUtils - Log file environment variable 'log.file' is not set.
6531 [main] WARN  org.apache.flink.runtime.webmonitor.WebMonitorUtils - JobManager log files are unavailable in the web dashboard. Log file location not found in environment variable 'log.file' or configuration key 'web.log.path'.
6992 [main] INFO  org.apache.flink.runtime.dispatcher.DispatcherRestEndpoint - Rest endpoint listening at localhost:32785
7003 [main] INFO  org.apache.flink.runtime.highavailability.nonha.embedded.EmbeddedLeaderService - Proposing leadership to contender http://localhost:32785
7127 [mini-cluster-io-thread-1] INFO  org.apache.flink.runtime.dispatcher.DispatcherRestEndpoint - http://localhost:32785 was granted leadership with leaderSessionID=8aaeec81-ae8a-430f-b141-4768702cd747
7127 [mini-cluster-io-thread-1] INFO  org.apache.flink.runtime.highavailability.nonha.embedded.EmbeddedLeaderService - Received confirmation of leadership for leader http://localhost:32785 , session=8aaeec81-ae8a-430f-b141-4768702cd747
7696 [main] INFO  org.apache.flink.runtime.rpc.akka.AkkaRpcService - Starting RPC endpoint for org.apache.flink.runtime.resourcemanager.StandaloneResourceManager at akka://flink/user/rpc/resourcemanager_1 .
7703 [main] INFO  org.apache.flink.runtime.highavailability.nonha.embedded.EmbeddedLeaderService - Proposing leadership to contender LeaderContender: DefaultDispatcherRunner
7759 [flink-akka.actor.default-dispatcher-5] INFO  org.apache.flink.runtime.resourcemanager.StandaloneResourceManager - Starting the resource manager.
7759 [flink-akka.actor.default-dispatcher-5] INFO  org.apache.flink.runtime.highavailability.nonha.embedded.EmbeddedLeaderService - Proposing leadership to contender LeaderContender: StandaloneResourceManager
7855 [main] INFO  org.apache.flink.runtime.minicluster.MiniCluster - Flink Mini Cluster started successfully
7866 [flink-akka.actor.default-dispatcher-5] INFO  org.apache.flink.runtime.resourcemanager.StandaloneResourceManager - ResourceManager akka://flink/user/rpc/resourcemanager_1 was granted leadership with fencing token a85e84fe5f3467a94b3c6e9fc73a40f0
7871 [main] INFO  org.apache.flink.configuration.Configuration - Config uses fallback configuration key 'jobmanager.rpc.address' instead of key 'rest.address'
8113 [mini-cluster-io-thread-5] INFO  org.apache.flink.runtime.highavailability.nonha.embedded.EmbeddedLeaderService - Received confirmation of leadership for leader akka://flink/user/rpc/resourcemanager_1 , session=4b3c6e9f-c73a-40f0-a85e-84fe5f3467a9
8117 [flink-akka.actor.default-dispatcher-3] INFO  org.apache.flink.runtime.taskexecutor.TaskExecutor - Connecting to ResourceManager akka://flink/user/rpc/resourcemanager_1(a85e84fe5f3467a94b3c6e9fc73a40f0).
8226 [mini-cluster-io-thread-2] INFO  org.apache.flink.runtime.dispatcher.runner.SessionDispatcherLeaderProcess - Start SessionDispatcherLeaderProcess.
8367 [mini-cluster-io-thread-9] INFO  org.apache.flink.runtime.dispatcher.runner.SessionDispatcherLeaderProcess - Recover all persisted job graphs.
8367 [mini-cluster-io-thread-9] INFO  org.apache.flink.runtime.dispatcher.runner.SessionDispatcherLeaderProcess - Successfully recovered 0 persisted job graphs.
8388 [flink-akka.actor.default-dispatcher-3] INFO  org.apache.flink.runtime.taskexecutor.TaskExecutor - Resolved ResourceManager address, beginning registration
8488 [flink-akka.actor.default-dispatcher-5] INFO  org.apache.flink.runtime.resourcemanager.StandaloneResourceManager - Registering TaskManager with ResourceID c660e078-4d6e-4853-87a5-22fd4ea710da (akka://flink/user/rpc/taskmanager_0) at ResourceManager
8490 [flink-akka.actor.default-dispatcher-2] INFO  org.apache.flink.runtime.taskexecutor.TaskExecutor - Successful registration at resource manager akka://flink/user/rpc/resourcemanager_1 under registration id c44b0016c92daec70c4483ddcf0bceed.
8613 [main] INFO  com.ververica.cdc.connectors.oracle.OracleSourceTest - 
================================================================================
Test testCheckpointAndRestore(com.ververica.cdc.connectors.oracle.OracleSourceTest) is running.
--------------------------------------------------------------------------------
8614 [main] INFO  com.ververica.cdc.connectors.oracle.OracleSourceTest - Starting containers...
8807 [mini-cluster-io-thread-9] INFO  org.apache.flink.runtime.rpc.akka.AkkaRpcService - Starting RPC endpoint for org.apache.flink.runtime.dispatcher.StandaloneDispatcher at akka://flink/user/rpc/dispatcher_2 .
8921 [mini-cluster-io-thread-9] INFO  org.apache.flink.runtime.highavailability.nonha.embedded.EmbeddedLeaderService - Received confirmation of leadership for leader akka://flink/user/rpc/dispatcher_2 , session=22343d18-4893-4360-9b81-4cb99acdf4c9
9120 [testcontainers-lifecycle-0] WARN  org.testcontainers.utility.TestcontainersConfiguration - Attempted to read Testcontainers configuration file at file:/root/.testcontainers.properties but the file was not found. Exception message: FileNotFoundException: /root/.testcontainers.properties (No such file or directory)
9349 [testcontainers-lifecycle-0] INFO  org.testcontainers.dockerclient.DockerMachineClientProviderStrategy - docker-machine executable was not found on PATH ([/usr/local/openjdk-8/bin, /usr/local/sbin, /usr/local/bin, /usr/sbin, /usr/bin, /sbin, /bin])
9667 [testcontainers-lifecycle-0] ERROR org.testcontainers.dockerclient.DockerClientProviderStrategy - Could not find a valid Docker environment. Please check configuration. Attempted configurations were:
9667 [testcontainers-lifecycle-0] ERROR org.testcontainers.dockerclient.DockerClientProviderStrategy -     UnixSocketClientProviderStrategy: failed with exception InvalidConfigurationException (Could not find unix domain socket). Root cause NoSuchFileException (/var/run/docker.sock)
9667 [testcontainers-lifecycle-0] ERROR org.testcontainers.dockerclient.DockerClientProviderStrategy - As no valid configuration was found, execution cannot continue
9919 [main] ERROR com.ververica.cdc.connectors.oracle.OracleSourceTest - 
--------------------------------------------------------------------------------
Test testCheckpointAndRestore(com.ververica.cdc.connectors.oracle.OracleSourceTest) failed with:
java.util.concurrent.CompletionException: java.lang.IllegalStateException: Could not find a valid Docker environment. Please see logs and check configuration
	at java.util.concurrent.CompletableFuture.encodeThrowable(CompletableFuture.java:273)
	at java.util.concurrent.CompletableFuture.completeThrowable(CompletableFuture.java:280)
	at java.util.concurrent.CompletableFuture.uniRun(CompletableFuture.java:722)
	at java.util.concurrent.CompletableFuture$UniRun.tryFire(CompletableFuture.java:701)
	at java.util.concurrent.CompletableFuture$Completion.run(CompletableFuture.java:456)
	at java.util.concurrent.ThreadPoolExecutor.runWorker(ThreadPoolExecutor.java:1149)
	at java.util.concurrent.ThreadPoolExecutor$Worker.run(ThreadPoolExecutor.java:624)
	at java.lang.Thread.run(Thread.java:748)
Caused by: java.lang.IllegalStateException: Could not find a valid Docker environment. Please see logs and check configuration
	at org.testcontainers.dockerclient.DockerClientProviderStrategy.lambda$getFirstValidStrategy$7(DockerClientProviderStrategy.java:215)
	at java.util.Optional.orElseThrow(Optional.java:290)
	at org.testcontainers.dockerclient.DockerClientProviderStrategy.getFirstValidStrategy(DockerClientProviderStrategy.java:207)
	at org.testcontainers.DockerClientFactory.getOrInitializeStrategy(DockerClientFactory.java:136)
	at org.testcontainers.DockerClientFactory.client(DockerClientFactory.java:178)
	at org.testcontainers.LazyDockerClient.getDockerClient(LazyDockerClient.java:14)
	at org.testcontainers.LazyDockerClient.authConfig(LazyDockerClient.java:12)
	at org.testcontainers.containers.GenericContainer.start(GenericContainer.java:310)
	at java.util.concurrent.CompletableFuture.uniRun(CompletableFuture.java:719)
	... 5 more

================================================================================
9926 [main] INFO  com.ververica.cdc.connectors.oracle.OracleSourceTest - 
================================================================================
Test testConsumingEmptyTable(com.ververica.cdc.connectors.oracle.OracleSourceTest) is running.
--------------------------------------------------------------------------------
9926 [main] INFO  com.ververica.cdc.connectors.oracle.OracleSourceTest - Starting containers...
10078 [main] ERROR com.ververica.cdc.connectors.oracle.OracleSourceTest - 
--------------------------------------------------------------------------------
Test testConsumingEmptyTable(com.ververica.cdc.connectors.oracle.OracleSourceTest) failed with:
java.util.concurrent.CompletionException: java.lang.IllegalStateException: Previous attempts to find a Docker environment failed. Will not retry. Please see logs and check configuration
	at java.util.concurrent.CompletableFuture.encodeThrowable(CompletableFuture.java:273)
	at java.util.concurrent.CompletableFuture.completeThrowable(CompletableFuture.java:280)
	at java.util.concurrent.CompletableFuture.uniRun(CompletableFuture.java:722)
	at java.util.concurrent.CompletableFuture$UniRun.tryFire(CompletableFuture.java:701)
	at java.util.concurrent.CompletableFuture$Completion.run(CompletableFuture.java:456)
	at java.util.concurrent.ThreadPoolExecutor.runWorker(ThreadPoolExecutor.java:1149)
	at java.util.concurrent.ThreadPoolExecutor$Worker.run(ThreadPoolExecutor.java:624)
	at java.lang.Thread.run(Thread.java:748)
Caused by: java.lang.IllegalStateException: Previous attempts to find a Docker environment failed. Will not retry. Please see logs and check configuration
	at org.testcontainers.dockerclient.DockerClientProviderStrategy.getFirstValidStrategy(DockerClientProviderStrategy.java:109)
	at org.testcontainers.DockerClientFactory.getOrInitializeStrategy(DockerClientFactory.java:136)
	at org.testcontainers.DockerClientFactory.client(DockerClientFactory.java:178)
	at org.testcontainers.LazyDockerClient.getDockerClient(LazyDockerClient.java:14)
	at org.testcontainers.LazyDockerClient.authConfig(LazyDockerClient.java:12)
	at org.testcontainers.containers.GenericContainer.start(GenericContainer.java:310)
	at java.util.concurrent.CompletableFuture.uniRun(CompletableFuture.java:719)
	... 5 more

================================================================================
10098 [main] INFO  com.ververica.cdc.connectors.oracle.OracleSourceTest - 
================================================================================
Test testRecoverFromRenameOperation(com.ververica.cdc.connectors.oracle.OracleSourceTest) is running.
--------------------------------------------------------------------------------
10098 [main] INFO  com.ververica.cdc.connectors.oracle.OracleSourceTest - Starting containers...
10248 [main] ERROR com.ververica.cdc.connectors.oracle.OracleSourceTest - 
--------------------------------------------------------------------------------
Test testRecoverFromRenameOperation(com.ververica.cdc.connectors.oracle.OracleSourceTest) failed with:
java.util.concurrent.CompletionException: java.lang.IllegalStateException: Previous attempts to find a Docker environment failed. Will not retry. Please see logs and check configuration
	at java.util.concurrent.CompletableFuture.encodeThrowable(CompletableFuture.java:273)
	at java.util.concurrent.CompletableFuture.completeThrowable(CompletableFuture.java:280)
	at java.util.concurrent.CompletableFuture.uniRun(CompletableFuture.java:722)
	at java.util.concurrent.CompletableFuture$UniRun.tryFire(CompletableFuture.java:701)
	at java.util.concurrent.CompletableFuture$Completion.run(CompletableFuture.java:456)
	at java.util.concurrent.ThreadPoolExecutor.runWorker(ThreadPoolExecutor.java:1149)
	at java.util.concurrent.ThreadPoolExecutor$Worker.run(ThreadPoolExecutor.java:624)
	at java.lang.Thread.run(Thread.java:748)
Caused by: java.lang.IllegalStateException: Previous attempts to find a Docker environment failed. Will not retry. Please see logs and check configuration
	at org.testcontainers.dockerclient.DockerClientProviderStrategy.getFirstValidStrategy(DockerClientProviderStrategy.java:109)
	at org.testcontainers.DockerClientFactory.getOrInitializeStrategy(DockerClientFactory.java:136)
	at org.testcontainers.DockerClientFactory.client(DockerClientFactory.java:178)
	at org.testcontainers.LazyDockerClient.getDockerClient(LazyDockerClient.java:14)
	at org.testcontainers.LazyDockerClient.authConfig(LazyDockerClient.java:12)
	at org.testcontainers.containers.GenericContainer.start(GenericContainer.java:310)
	at java.util.concurrent.CompletableFuture.uniRun(CompletableFuture.java:719)
	... 5 more

================================================================================
10248 [main] INFO  com.ververica.cdc.connectors.oracle.OracleSourceTest - 
================================================================================
Test testConsumingAllEvents(com.ververica.cdc.connectors.oracle.OracleSourceTest) is running.
--------------------------------------------------------------------------------
10248 [main] INFO  com.ververica.cdc.connectors.oracle.OracleSourceTest - Starting containers...
10303 [main] ERROR com.ververica.cdc.connectors.oracle.OracleSourceTest - 
--------------------------------------------------------------------------------
Test testConsumingAllEvents(com.ververica.cdc.connectors.oracle.OracleSourceTest) failed with:
java.util.concurrent.CompletionException: java.lang.IllegalStateException: Previous attempts to find a Docker environment failed. Will not retry. Please see logs and check configuration
	at java.util.concurrent.CompletableFuture.encodeThrowable(CompletableFuture.java:273)
	at java.util.concurrent.CompletableFuture.completeThrowable(CompletableFuture.java:280)
	at java.util.concurrent.CompletableFuture.uniRun(CompletableFuture.java:722)
	at java.util.concurrent.CompletableFuture$UniRun.tryFire(CompletableFuture.java:701)
	at java.util.concurrent.CompletableFuture$Completion.run(CompletableFuture.java:456)
	at java.util.concurrent.ThreadPoolExecutor.runWorker(ThreadPoolExecutor.java:1149)
	at java.util.concurrent.ThreadPoolExecutor$Worker.run(ThreadPoolExecutor.java:624)
	at java.lang.Thread.run(Thread.java:748)
Caused by: java.lang.IllegalStateException: Previous attempts to find a Docker environment failed. Will not retry. Please see logs and check configuration
	at org.testcontainers.dockerclient.DockerClientProviderStrategy.getFirstValidStrategy(DockerClientProviderStrategy.java:109)
	at org.testcontainers.DockerClientFactory.getOrInitializeStrategy(DockerClientFactory.java:136)
	at org.testcontainers.DockerClientFactory.client(DockerClientFactory.java:178)
	at org.testcontainers.LazyDockerClient.getDockerClient(LazyDockerClient.java:14)
	at org.testcontainers.LazyDockerClient.authConfig(LazyDockerClient.java:12)
	at org.testcontainers.containers.GenericContainer.start(GenericContainer.java:310)
	at java.util.concurrent.CompletableFuture.uniRun(CompletableFuture.java:719)
	... 5 more

================================================================================
10311 [main] INFO  org.apache.flink.test.util.MiniClusterWithClientResource - Finalization triggered: Cluster shutdown is going to be initiated.
10712 [main] INFO  org.apache.flink.runtime.minicluster.MiniCluster - Shutting down Flink Mini Cluster
10743 [main] INFO  org.apache.flink.runtime.dispatcher.DispatcherRestEndpoint - Shutting down rest endpoint.
10744 [flink-akka.actor.default-dispatcher-7] INFO  org.apache.flink.runtime.taskexecutor.TaskExecutor - Stopping TaskExecutor akka://flink/user/rpc/taskmanager_0.
10744 [flink-akka.actor.default-dispatcher-7] INFO  org.apache.flink.runtime.taskexecutor.TaskExecutor - Close ResourceManager connection a72dfd92ba1b8c88a655bcc888f1a67f.
10745 [flink-akka.actor.default-dispatcher-5] INFO  org.apache.flink.runtime.resourcemanager.StandaloneResourceManager - Closing TaskExecutor connection c660e078-4d6e-4853-87a5-22fd4ea710da because: The TaskExecutor is shutting down.
10762 [flink-akka.actor.default-dispatcher-7] INFO  org.apache.flink.runtime.taskexecutor.DefaultJobLeaderService - Stop job leader service.
10762 [flink-akka.actor.default-dispatcher-7] INFO  org.apache.flink.runtime.state.TaskExecutorLocalStateStoresManager - Shutting down TaskExecutorLocalStateStoresManager.
10930 [flink-akka.actor.default-dispatcher-7] INFO  org.apache.flink.runtime.io.disk.FileChannelManagerImpl - FileChannelManager removed spill file directory /tmp/junit1395471226587982882/junit7903965005263848337/flink-io-a4d92c86-d287-45b7-aa91-3f72bb227bc0
10930 [flink-akka.actor.default-dispatcher-7] INFO  org.apache.flink.runtime.io.network.NettyShuffleEnvironment - Shutting down the network environment and its components.
10931 [flink-akka.actor.default-dispatcher-7] INFO  org.apache.flink.runtime.io.disk.FileChannelManagerImpl - FileChannelManager removed spill file directory /tmp/junit1395471226587982882/junit7903965005263848337/flink-netty-shuffle-2000ee4a-611f-4eff-820f-ebb9c4e0bad8
10931 [flink-akka.actor.default-dispatcher-7] INFO  org.apache.flink.runtime.taskexecutor.KvStateService - Shutting down the kvState service and its components.
10931 [flink-akka.actor.default-dispatcher-7] INFO  org.apache.flink.runtime.taskexecutor.DefaultJobLeaderService - Stop job leader service.
10931 [flink-akka.actor.default-dispatcher-7] INFO  org.apache.flink.runtime.filecache.FileCache - removed file cache directory /tmp/junit1395471226587982882/junit7903965005263848337/flink-dist-cache-5be8ddc5-afed-485e-b0e0-d51d304a1457
11361 [flink-akka.actor.default-dispatcher-7] INFO  org.apache.flink.runtime.taskexecutor.TaskExecutor - Stopped TaskExecutor akka://flink/user/rpc/taskmanager_0.
11394 [ForkJoinPool.commonPool-worker-1] INFO  org.apache.flink.runtime.dispatcher.DispatcherRestEndpoint - Removing cache directory /tmp/flink-web-ui
11395 [ForkJoinPool.commonPool-worker-1] INFO  org.apache.flink.runtime.dispatcher.DispatcherRestEndpoint - Shut down complete.
11442 [flink-akka.actor.default-dispatcher-7] INFO  org.apache.flink.runtime.resourcemanager.StandaloneResourceManager - Shut down cluster because application is in CANCELED, diagnostics DispatcherResourceManagerComponent has been closed..
11442 [flink-akka.actor.default-dispatcher-5] INFO  org.apache.flink.runtime.entrypoint.component.DispatcherResourceManagerComponent - Closing components.
11551 [flink-akka.actor.default-dispatcher-5] INFO  org.apache.flink.runtime.dispatcher.runner.SessionDispatcherLeaderProcess - Stopping SessionDispatcherLeaderProcess.
11552 [flink-akka.actor.default-dispatcher-5] INFO  org.apache.flink.runtime.dispatcher.StandaloneDispatcher - Stopping dispatcher akka://flink/user/rpc/dispatcher_2.
11552 [flink-akka.actor.default-dispatcher-2] INFO  org.apache.flink.runtime.resourcemanager.slotmanager.DeclarativeSlotManager - Closing the slot manager.
11552 [flink-akka.actor.default-dispatcher-2] INFO  org.apache.flink.runtime.resourcemanager.slotmanager.DeclarativeSlotManager - Suspending the slot manager.
11552 [flink-akka.actor.default-dispatcher-5] INFO  org.apache.flink.runtime.dispatcher.StandaloneDispatcher - Stopping all currently running jobs of dispatcher akka://flink/user/rpc/dispatcher_2.
11789 [flink-akka.actor.default-dispatcher-5] INFO  org.apache.flink.runtime.dispatcher.StandaloneDispatcher - Stopped dispatcher akka://flink/user/rpc/dispatcher_2.
12241 [mini-cluster-io-thread-15] INFO  org.apache.flink.runtime.rpc.akka.AkkaRpcService - Stopping Akka RPC service.
12567 [flink-metrics-2] INFO  org.apache.flink.runtime.rpc.akka.AkkaRpcService - Stopping Akka RPC service.
12600 [flink-metrics-2] INFO  org.apache.flink.runtime.rpc.akka.AkkaRpcService - Stopped Akka RPC service.
12676 [flink-akka.actor.default-dispatcher-2] INFO  org.apache.flink.runtime.blob.PermanentBlobCache - Shutting down BLOB cache
12703 [flink-akka.actor.default-dispatcher-2] INFO  org.apache.flink.runtime.blob.TransientBlobCache - Shutting down BLOB cache
12721 [flink-akka.actor.default-dispatcher-2] INFO  org.apache.flink.runtime.blob.BlobServer - Stopped BLOB server at 0.0.0.0:42745
12721 [flink-akka.actor.default-dispatcher-2] INFO  org.apache.flink.runtime.rpc.akka.AkkaRpcService - Stopped Akka RPC service.
[ERROR] Tests run: 4, Failures: 0, Errors: 4, Skipped: 0, Time elapsed: 11.86 s <<< FAILURE! - in com.ververica.cdc.connectors.oracle.OracleSourceTest
[ERROR] testCheckpointAndRestore(com.ververica.cdc.connectors.oracle.OracleSourceTest)  Time elapsed: 1.297 s  <<< ERROR!
java.util.concurrent.CompletionException: java.lang.IllegalStateException: Could not find a valid Docker environment. Please see logs and check configuration
Caused by: java.lang.IllegalStateException: Could not find a valid Docker environment. Please see logs and check configuration

[ERROR] testConsumingEmptyTable(com.ververica.cdc.connectors.oracle.OracleSourceTest)  Time elapsed: 0.172 s  <<< ERROR!
java.util.concurrent.CompletionException: java.lang.IllegalStateException: Previous attempts to find a Docker environment failed. Will not retry. Please see logs and check configuration
Caused by: java.lang.IllegalStateException: Previous attempts to find a Docker environment failed. Will not retry. Please see logs and check configuration

[ERROR] testRecoverFromRenameOperation(com.ververica.cdc.connectors.oracle.OracleSourceTest)  Time elapsed: 0.151 s  <<< ERROR!
java.util.concurrent.CompletionException: java.lang.IllegalStateException: Previous attempts to find a Docker environment failed. Will not retry. Please see logs and check configuration
Caused by: java.lang.IllegalStateException: Previous attempts to find a Docker environment failed. Will not retry. Please see logs and check configuration

[ERROR] testConsumingAllEvents(com.ververica.cdc.connectors.oracle.OracleSourceTest)  Time elapsed: 0.063 s  <<< ERROR!
java.util.concurrent.CompletionException: java.lang.IllegalStateException: Previous attempts to find a Docker environment failed. Will not retry. Please see logs and check configuration
Caused by: java.lang.IllegalStateException: Previous attempts to find a Docker environment failed. Will not retry. Please see logs and check configuration

[INFO] Running com.ververica.cdc.connectors.oracle.table.OracleTableSourceFactoryTest
[INFO] Tests run: 5, Failures: 0, Errors: 0, Skipped: 0, Time elapsed: 0.434 s - in com.ververica.cdc.connectors.oracle.table.OracleTableSourceFactoryTest
[INFO] 
[INFO] Results:
[INFO] 
[ERROR] Errors: 
[ERROR]   OracleSourceTest.testCheckpointAndRestore » Completion java.lang.IllegalStateE...
[ERROR]   OracleSourceTest.testConsumingAllEvents » Completion java.lang.IllegalStateExc...
[ERROR]   OracleSourceTest.testConsumingEmptyTable » Completion java.lang.IllegalStateEx...
[ERROR]   OracleSourceTest.testRecoverFromRenameOperation » Completion java.lang.Illegal...
[INFO] 
[ERROR] Tests run: 9, Failures: 0, Errors: 4, Skipped: 0
[INFO] 
[INFO] 
[INFO] -------------< com.ververica:flink-connector-mongodb-cdc >--------------
[INFO] Building flink-connector-mongodb-cdc 2.1-SNAPSHOT                 [7/12]
[INFO] --------------------------------[ jar ]---------------------------------
[INFO] 
[INFO] --- spotless-maven-plugin:2.4.2:check (spotless-check) @ flink-connector-mongodb-cdc ---
[INFO] 
[INFO] --- maven-checkstyle-plugin:2.17:check (validate) @ flink-connector-mongodb-cdc ---
[INFO] 
[INFO] --- maven-enforcer-plugin:3.0.0-M1:enforce (enforce-maven-version) @ flink-connector-mongodb-cdc ---
[INFO] 
[INFO] --- maven-remote-resources-plugin:1.5:process (process-resource-bundles) @ flink-connector-mongodb-cdc ---
[INFO] 
[INFO] --- maven-resources-plugin:3.1.0:resources (default-resources) @ flink-connector-mongodb-cdc ---
[INFO] Using 'UTF-8' encoding to copy filtered resources.
[INFO] Copying 1 resource
[INFO] Copying 3 resources
[INFO] 
[INFO] --- maven-compiler-plugin:3.7.0:compile (default-compile) @ flink-connector-mongodb-cdc ---
[INFO] Nothing to compile - all classes are up to date
[INFO] 
[INFO] --- maven-resources-plugin:3.1.0:testResources (default-testResources) @ flink-connector-mongodb-cdc ---
[INFO] Using 'UTF-8' encoding to copy filtered resources.
[INFO] Copying 4 resources
[INFO] Copying 3 resources
[INFO] 
[INFO] --- maven-compiler-plugin:3.7.0:testCompile (default-testCompile) @ flink-connector-mongodb-cdc ---
[INFO] Nothing to compile - all classes are up to date
[INFO] 
[INFO] --- maven-surefire-plugin:2.22.0:test (default-test) @ flink-connector-mongodb-cdc ---
[INFO] 
[INFO] -------------------------------------------------------
[INFO]  T E S T S
[INFO] -------------------------------------------------------
[INFO] Running com.ververica.cdc.connectors.mongodb.table.MongoDBTableFactoryTest
[INFO] Tests run: 4, Failures: 0, Errors: 0, Skipped: 0, Time elapsed: 2.041 s - in com.ververica.cdc.connectors.mongodb.table.MongoDBTableFactoryTest
[INFO] Running com.ververica.cdc.connectors.mongodb.MongoDBSourceTest
3082 [main] INFO  org.apache.flink.runtime.taskexecutor.TaskExecutorResourceUtils - The configuration option taskmanager.cpu.cores required for local execution is not set, setting it to the maximal possible value.
3099 [main] INFO  org.apache.flink.runtime.taskexecutor.TaskExecutorResourceUtils - The configuration option taskmanager.memory.task.heap.size required for local execution is not set, setting it to the maximal possible value.
3100 [main] INFO  org.apache.flink.runtime.taskexecutor.TaskExecutorResourceUtils - The configuration option taskmanager.memory.task.off-heap.size required for local execution is not set, setting it to the maximal possible value.
3100 [main] INFO  org.apache.flink.runtime.taskexecutor.TaskExecutorResourceUtils - The configuration option taskmanager.memory.network.min required for local execution is not set, setting it to its default value 64 mb.
3106 [main] INFO  org.apache.flink.runtime.taskexecutor.TaskExecutorResourceUtils - The configuration option taskmanager.memory.network.max required for local execution is not set, setting it to its default value 64 mb.
3144 [main] INFO  org.apache.flink.runtime.minicluster.MiniCluster - Starting Flink Mini Cluster
3159 [main] INFO  org.apache.flink.runtime.minicluster.MiniCluster - Starting Metrics Registry
3318 [main] INFO  org.apache.flink.runtime.metrics.MetricRegistryImpl - No metrics reporter configured, no metrics will be exposed/reported.
3318 [main] INFO  org.apache.flink.runtime.minicluster.MiniCluster - Starting RPC Service(s)
3378 [main] INFO  org.apache.flink.runtime.rpc.akka.AkkaRpcServiceUtils - Trying to start local actor system
4996 [flink-akka.actor.default-dispatcher-2] INFO  akka.event.slf4j.Slf4jLogger - Slf4jLogger started
5880 [main] INFO  org.apache.flink.runtime.rpc.akka.AkkaRpcServiceUtils - Actor system started at akka://flink
5920 [main] INFO  org.apache.flink.runtime.rpc.akka.AkkaRpcServiceUtils - Trying to start local actor system
6078 [flink-metrics-2] INFO  akka.event.slf4j.Slf4jLogger - Slf4jLogger started
6258 [main] INFO  org.apache.flink.runtime.rpc.akka.AkkaRpcServiceUtils - Actor system started at akka://flink-metrics
6408 [main] INFO  org.apache.flink.runtime.rpc.akka.AkkaRpcService - Starting RPC endpoint for org.apache.flink.runtime.metrics.dump.MetricQueryService at akka://flink-metrics/user/rpc/MetricQueryService .
6588 [main] INFO  org.apache.flink.runtime.minicluster.MiniCluster - Starting high-availability services
6700 [main] INFO  org.apache.flink.runtime.blob.BlobServer - Created BLOB server storage directory /tmp/junit226387767262686837/junit5944565982959511481/blobStore-de53b920-7eaf-4288-9f7b-d580055f5596
6751 [main] INFO  org.apache.flink.runtime.blob.BlobServer - Started BLOB server at 0.0.0.0:39839 - max concurrent requests: 50 - max backlog: 1000
6796 [main] INFO  org.apache.flink.runtime.blob.PermanentBlobCache - Created BLOB cache storage directory /tmp/junit226387767262686837/junit5944565982959511481/blobStore-fb150a03-b7aa-4b0e-a6f6-67839875e537
6835 [main] INFO  org.apache.flink.runtime.blob.TransientBlobCache - Created BLOB cache storage directory /tmp/junit226387767262686837/junit5944565982959511481/blobStore-4d247db8-7232-4f1d-97ad-d4cabde04d86
6910 [main] INFO  org.apache.flink.runtime.minicluster.MiniCluster - Starting 1 TaskManger(s)
6976 [main] INFO  org.apache.flink.runtime.taskexecutor.TaskManagerRunner - Starting TaskManager with ResourceID: 98e4c797-1e23-4402-bc31-0cc7444847a9
7418 [main] INFO  org.apache.flink.runtime.taskexecutor.TaskManagerServices - Temporary file directory '/tmp/junit226387767262686837/junit5944565982959511481': total 196 GB, usable 178 GB (90.82% usable)
7420 [main] INFO  org.apache.flink.runtime.io.disk.FileChannelManagerImpl - FileChannelManager uses directory /tmp/junit226387767262686837/junit5944565982959511481/flink-io-d0a1d277-bff2-4a8a-b7ec-71cd67d5fee9 for spill files.
7483 [main] INFO  org.apache.flink.runtime.io.disk.FileChannelManagerImpl - FileChannelManager uses directory /tmp/junit226387767262686837/junit5944565982959511481/flink-netty-shuffle-738f4b59-742c-441d-84f8-a4622537cb08 for spill files.
7537 [main] INFO  org.apache.flink.runtime.io.network.buffer.NetworkBufferPool - Allocated 64 MB for network buffer pool (number of memory segments: 2048, bytes per segment: 32768).
7808 [main] INFO  org.apache.flink.runtime.io.network.NettyShuffleEnvironment - Starting the network environment and its components.
7809 [main] INFO  org.apache.flink.runtime.taskexecutor.KvStateService - Starting the kvState service and its components.
8170 [main] INFO  org.apache.flink.runtime.rpc.akka.AkkaRpcService - Starting RPC endpoint for org.apache.flink.runtime.taskexecutor.TaskExecutor at akka://flink/user/rpc/taskmanager_0 .
8279 [flink-akka.actor.default-dispatcher-4] INFO  org.apache.flink.runtime.taskexecutor.DefaultJobLeaderService - Start job leader service.
8280 [flink-akka.actor.default-dispatcher-4] INFO  org.apache.flink.runtime.filecache.FileCache - User file cache uses directory /tmp/junit226387767262686837/junit5944565982959511481/flink-dist-cache-3ff72366-204a-42ae-84c2-447f01caa7a2
8529 [main] INFO  org.apache.flink.runtime.dispatcher.DispatcherRestEndpoint - Starting rest endpoint.
8545 [main] INFO  org.apache.flink.runtime.dispatcher.DispatcherRestEndpoint - Failed to load web based job submission extension. Probable reason: flink-runtime-web is not in the classpath.
9947 [main] WARN  org.apache.flink.runtime.webmonitor.WebMonitorUtils - Log file environment variable 'log.file' is not set.
9947 [main] WARN  org.apache.flink.runtime.webmonitor.WebMonitorUtils - JobManager log files are unavailable in the web dashboard. Log file location not found in environment variable 'log.file' or configuration key 'web.log.path'.
11714 [main] INFO  org.apache.flink.runtime.dispatcher.DispatcherRestEndpoint - Rest endpoint listening at localhost:45685
11779 [main] INFO  org.apache.flink.runtime.highavailability.nonha.embedded.EmbeddedLeaderService - Proposing leadership to contender http://localhost:45685
11851 [mini-cluster-io-thread-1] INFO  org.apache.flink.runtime.dispatcher.DispatcherRestEndpoint - http://localhost:45685 was granted leadership with leaderSessionID=bd03d96c-842c-40b3-9349-4792d738decf
11851 [mini-cluster-io-thread-1] INFO  org.apache.flink.runtime.highavailability.nonha.embedded.EmbeddedLeaderService - Received confirmation of leadership for leader http://localhost:45685 , session=bd03d96c-842c-40b3-9349-4792d738decf
11973 [main] INFO  org.apache.flink.runtime.rpc.akka.AkkaRpcService - Starting RPC endpoint for org.apache.flink.runtime.resourcemanager.StandaloneResourceManager at akka://flink/user/rpc/resourcemanager_1 .
12032 [main] INFO  org.apache.flink.runtime.highavailability.nonha.embedded.EmbeddedLeaderService - Proposing leadership to contender LeaderContender: DefaultDispatcherRunner
12071 [flink-akka.actor.default-dispatcher-4] INFO  org.apache.flink.runtime.resourcemanager.StandaloneResourceManager - Starting the resource manager.
12098 [flink-akka.actor.default-dispatcher-4] INFO  org.apache.flink.runtime.highavailability.nonha.embedded.EmbeddedLeaderService - Proposing leadership to contender LeaderContender: StandaloneResourceManager
12286 [flink-akka.actor.default-dispatcher-4] INFO  org.apache.flink.runtime.resourcemanager.StandaloneResourceManager - ResourceManager akka://flink/user/rpc/resourcemanager_1 was granted leadership with fencing token b5cbf29d362a504f4bcf861dd4874806
12306 [main] INFO  org.apache.flink.runtime.minicluster.MiniCluster - Flink Mini Cluster started successfully
12375 [mini-cluster-io-thread-2] INFO  org.apache.flink.runtime.dispatcher.runner.SessionDispatcherLeaderProcess - Start SessionDispatcherLeaderProcess.
12376 [mini-cluster-io-thread-5] INFO  org.apache.flink.runtime.highavailability.nonha.embedded.EmbeddedLeaderService - Received confirmation of leadership for leader akka://flink/user/rpc/resourcemanager_1 , session=4bcf861d-d487-4806-b5cb-f29d362a504f
12381 [main] INFO  org.apache.flink.configuration.Configuration - Config uses fallback configuration key 'jobmanager.rpc.address' instead of key 'rest.address'
12398 [mini-cluster-io-thread-6] INFO  org.apache.flink.runtime.dispatcher.runner.SessionDispatcherLeaderProcess - Recover all persisted job graphs.
12398 [mini-cluster-io-thread-6] INFO  org.apache.flink.runtime.dispatcher.runner.SessionDispatcherLeaderProcess - Successfully recovered 0 persisted job graphs.
12446 [mini-cluster-io-thread-6] INFO  org.apache.flink.runtime.rpc.akka.AkkaRpcService - Starting RPC endpoint for org.apache.flink.runtime.dispatcher.StandaloneDispatcher at akka://flink/user/rpc/dispatcher_2 .
12446 [flink-akka.actor.default-dispatcher-3] INFO  org.apache.flink.runtime.taskexecutor.TaskExecutor - Connecting to ResourceManager akka://flink/user/rpc/resourcemanager_1(b5cbf29d362a504f4bcf861dd4874806).
12700 [flink-akka.actor.default-dispatcher-3] INFO  org.apache.flink.runtime.taskexecutor.TaskExecutor - Resolved ResourceManager address, beginning registration
12703 [mini-cluster-io-thread-6] INFO  org.apache.flink.runtime.highavailability.nonha.embedded.EmbeddedLeaderService - Received confirmation of leadership for leader akka://flink/user/rpc/dispatcher_2 , session=e3c272a1-684c-4063-bbaa-f24f19a6ad92
12731 [flink-akka.actor.default-dispatcher-5] INFO  org.apache.flink.runtime.resourcemanager.StandaloneResourceManager - Registering TaskManager with ResourceID 98e4c797-1e23-4402-bc31-0cc7444847a9 (akka://flink/user/rpc/taskmanager_0) at ResourceManager
12732 [flink-akka.actor.default-dispatcher-3] INFO  org.apache.flink.runtime.taskexecutor.TaskExecutor - Successful registration at resource manager akka://flink/user/rpc/resourcemanager_1 under registration id 1b045e65a964298fb62cf06742a49cd1.
13028 [main] INFO  com.ververica.cdc.connectors.mongodb.MongoDBTestBase - Starting containers...
13070 [testcontainers-lifecycle-0] WARN  org.testcontainers.utility.TestcontainersConfiguration - Attempted to read Testcontainers configuration file at file:/root/.testcontainers.properties but the file was not found. Exception message: FileNotFoundException: /root/.testcontainers.properties (No such file or directory)
13075 [testcontainers-lifecycle-0] INFO  org.testcontainers.dockerclient.DockerMachineClientProviderStrategy - docker-machine executable was not found on PATH ([/usr/local/openjdk-8/bin, /usr/local/sbin, /usr/local/bin, /usr/sbin, /usr/bin, /sbin, /bin])
13117 [testcontainers-lifecycle-0] ERROR org.testcontainers.dockerclient.DockerClientProviderStrategy - Could not find a valid Docker environment. Please check configuration. Attempted configurations were:
13117 [testcontainers-lifecycle-0] ERROR org.testcontainers.dockerclient.DockerClientProviderStrategy -     UnixSocketClientProviderStrategy: failed with exception InvalidConfigurationException (Could not find unix domain socket). Root cause NoSuchFileException (/var/run/docker.sock)
13117 [testcontainers-lifecycle-0] ERROR org.testcontainers.dockerclient.DockerClientProviderStrategy - As no valid configuration was found, execution cannot continue
13118 [main] INFO  org.apache.flink.test.util.MiniClusterWithClientResource - Finalization triggered: Cluster shutdown is going to be initiated.
13196 [main] INFO  org.apache.flink.runtime.minicluster.MiniCluster - Shutting down Flink Mini Cluster
13196 [flink-akka.actor.default-dispatcher-7] INFO  org.apache.flink.runtime.taskexecutor.TaskExecutor - Stopping TaskExecutor akka://flink/user/rpc/taskmanager_0.
13196 [flink-akka.actor.default-dispatcher-7] INFO  org.apache.flink.runtime.taskexecutor.TaskExecutor - Close ResourceManager connection 46ab5b8228bffdfabaff06151e92b4db.
13198 [flink-akka.actor.default-dispatcher-7] INFO  org.apache.flink.runtime.taskexecutor.DefaultJobLeaderService - Stop job leader service.
13198 [flink-akka.actor.default-dispatcher-7] INFO  org.apache.flink.runtime.state.TaskExecutorLocalStateStoresManager - Shutting down TaskExecutorLocalStateStoresManager.
13199 [flink-akka.actor.default-dispatcher-4] INFO  org.apache.flink.runtime.resourcemanager.StandaloneResourceManager - Closing TaskExecutor connection 98e4c797-1e23-4402-bc31-0cc7444847a9 because: The TaskExecutor is shutting down.
13199 [main] INFO  org.apache.flink.runtime.dispatcher.DispatcherRestEndpoint - Shutting down rest endpoint.
13221 [flink-akka.actor.default-dispatcher-7] INFO  org.apache.flink.runtime.io.disk.FileChannelManagerImpl - FileChannelManager removed spill file directory /tmp/junit226387767262686837/junit5944565982959511481/flink-io-d0a1d277-bff2-4a8a-b7ec-71cd67d5fee9
13221 [flink-akka.actor.default-dispatcher-7] INFO  org.apache.flink.runtime.io.network.NettyShuffleEnvironment - Shutting down the network environment and its components.
13223 [flink-akka.actor.default-dispatcher-7] INFO  org.apache.flink.runtime.io.disk.FileChannelManagerImpl - FileChannelManager removed spill file directory /tmp/junit226387767262686837/junit5944565982959511481/flink-netty-shuffle-738f4b59-742c-441d-84f8-a4622537cb08
13224 [flink-akka.actor.default-dispatcher-7] INFO  org.apache.flink.runtime.taskexecutor.KvStateService - Shutting down the kvState service and its components.
13224 [flink-akka.actor.default-dispatcher-7] INFO  org.apache.flink.runtime.taskexecutor.DefaultJobLeaderService - Stop job leader service.
13224 [flink-akka.actor.default-dispatcher-7] INFO  org.apache.flink.runtime.filecache.FileCache - removed file cache directory /tmp/junit226387767262686837/junit5944565982959511481/flink-dist-cache-3ff72366-204a-42ae-84c2-447f01caa7a2
13295 [ForkJoinPool.commonPool-worker-2] INFO  org.apache.flink.runtime.dispatcher.DispatcherRestEndpoint - Removing cache directory /tmp/flink-web-ui
13295 [ForkJoinPool.commonPool-worker-2] INFO  org.apache.flink.runtime.dispatcher.DispatcherRestEndpoint - Shut down complete.
13296 [flink-akka.actor.default-dispatcher-4] INFO  org.apache.flink.runtime.resourcemanager.StandaloneResourceManager - Shut down cluster because application is in CANCELED, diagnostics DispatcherResourceManagerComponent has been closed..
13297 [flink-akka.actor.default-dispatcher-4] INFO  org.apache.flink.runtime.entrypoint.component.DispatcherResourceManagerComponent - Closing components.
13297 [flink-akka.actor.default-dispatcher-4] INFO  org.apache.flink.runtime.dispatcher.runner.SessionDispatcherLeaderProcess - Stopping SessionDispatcherLeaderProcess.
13297 [flink-akka.actor.default-dispatcher-4] INFO  org.apache.flink.runtime.dispatcher.StandaloneDispatcher - Stopping dispatcher akka://flink/user/rpc/dispatcher_2.
13297 [flink-akka.actor.default-dispatcher-4] INFO  org.apache.flink.runtime.dispatcher.StandaloneDispatcher - Stopping all currently running jobs of dispatcher akka://flink/user/rpc/dispatcher_2.
13298 [flink-akka.actor.default-dispatcher-5] INFO  org.apache.flink.runtime.resourcemanager.slotmanager.DeclarativeSlotManager - Closing the slot manager.
13298 [flink-akka.actor.default-dispatcher-5] INFO  org.apache.flink.runtime.resourcemanager.slotmanager.DeclarativeSlotManager - Suspending the slot manager.
13298 [flink-akka.actor.default-dispatcher-4] INFO  org.apache.flink.runtime.dispatcher.StandaloneDispatcher - Stopped dispatcher akka://flink/user/rpc/dispatcher_2.
13552 [flink-akka.actor.default-dispatcher-7] INFO  org.apache.flink.runtime.taskexecutor.TaskExecutor - Stopped TaskExecutor akka://flink/user/rpc/taskmanager_0.
13636 [AkkaRpcService-Supervisor-Termination-Future-Executor-thread-1] INFO  org.apache.flink.runtime.rpc.akka.AkkaRpcService - Stopping Akka RPC service.
13794 [flink-metrics-2] INFO  org.apache.flink.runtime.rpc.akka.AkkaRpcService - Stopping Akka RPC service.
13798 [flink-metrics-2] INFO  org.apache.flink.runtime.rpc.akka.AkkaRpcService - Stopped Akka RPC service.
13852 [flink-akka.actor.default-dispatcher-3] INFO  org.apache.flink.runtime.blob.PermanentBlobCache - Shutting down BLOB cache
13854 [flink-akka.actor.default-dispatcher-3] INFO  org.apache.flink.runtime.blob.TransientBlobCache - Shutting down BLOB cache
13864 [flink-akka.actor.default-dispatcher-3] INFO  org.apache.flink.runtime.blob.BlobServer - Stopped BLOB server at 0.0.0.0:39839
13882 [flink-akka.actor.default-dispatcher-3] INFO  org.apache.flink.runtime.rpc.akka.AkkaRpcService - Stopped Akka RPC service.
[ERROR] Tests run: 1, Failures: 0, Errors: 1, Skipped: 0, Time elapsed: 11.148 s <<< FAILURE! - in com.ververica.cdc.connectors.mongodb.MongoDBSourceTest
[ERROR] com.ververica.cdc.connectors.mongodb.MongoDBSourceTest  Time elapsed: 11.148 s  <<< ERROR!
java.util.concurrent.CompletionException: java.lang.IllegalStateException: Could not find a valid Docker environment. Please see logs and check configuration
Caused by: java.lang.IllegalStateException: Could not find a valid Docker environment. Please see logs and check configuration

[INFO] 
[INFO] Results:
[INFO] 
[ERROR] Errors: 
[ERROR]   MongoDBSourceTest.com.ververica.cdc.connectors.mongodb.MongoDBSourceTest » Completion
[INFO] 
[ERROR] Tests run: 5, Failures: 0, Errors: 1, Skipped: 0
[INFO] 
[INFO] 
[INFO] ------------------------------------------------------------------------
[INFO] Skipping flink-sql-connector-mysql-cdc
[INFO] This project has been banned from the build due to previous failures.
[INFO] ------------------------------------------------------------------------
[INFO] 
[INFO] ------------------------------------------------------------------------
[INFO] Skipping flink-sql-connector-postgres-cdc
[INFO] This project has been banned from the build due to previous failures.
[INFO] ------------------------------------------------------------------------
[INFO] 
[INFO] ------------------------------------------------------------------------
[INFO] Skipping flink-sql-connector-mongodb-cdc
[INFO] This project has been banned from the build due to previous failures.
[INFO] ------------------------------------------------------------------------
[INFO] 
[INFO] ------------------------------------------------------------------------
[INFO] Skipping flink-sql-connector-oracle-cdc
[INFO] This project has been banned from the build due to previous failures.
[INFO] ------------------------------------------------------------------------
[INFO] 
[INFO] -------------< com.ververica:flink-format-changelog-json >--------------
[INFO] Building flink-format-changelog-json 2.1-SNAPSHOT                 [8/12]
[INFO] --------------------------------[ jar ]---------------------------------
[INFO] 
[INFO] --- spotless-maven-plugin:2.4.2:check (spotless-check) @ flink-format-changelog-json ---
[INFO] 
[INFO] --- maven-checkstyle-plugin:2.17:check (validate) @ flink-format-changelog-json ---
[INFO] 
[INFO] --- maven-enforcer-plugin:3.0.0-M1:enforce (enforce-maven-version) @ flink-format-changelog-json ---
[INFO] 
[INFO] --- maven-remote-resources-plugin:1.5:process (process-resource-bundles) @ flink-format-changelog-json ---
[INFO] 
[INFO] --- maven-resources-plugin:3.1.0:resources (default-resources) @ flink-format-changelog-json ---
[INFO] Using 'UTF-8' encoding to copy filtered resources.
[INFO] Copying 1 resource
[INFO] Copying 3 resources
[INFO] 
[INFO] --- maven-compiler-plugin:3.7.0:compile (default-compile) @ flink-format-changelog-json ---
[INFO] Nothing to compile - all classes are up to date
[INFO] 
[INFO] --- maven-resources-plugin:3.1.0:testResources (default-testResources) @ flink-format-changelog-json ---
[INFO] Using 'UTF-8' encoding to copy filtered resources.
[INFO] Copying 1 resource
[INFO] Copying 3 resources
[INFO] 
[INFO] --- maven-compiler-plugin:3.7.0:testCompile (default-testCompile) @ flink-format-changelog-json ---
[INFO] Nothing to compile - all classes are up to date
[INFO] 
[INFO] --- maven-surefire-plugin:2.22.0:test (default-test) @ flink-format-changelog-json ---
[INFO] 
[INFO] -------------------------------------------------------
[INFO]  T E S T S
[INFO] -------------------------------------------------------
[INFO] Running com.ververica.cdc.formats.json.ChangelogJsonSerDeTest
[INFO] Tests run: 1, Failures: 0, Errors: 0, Skipped: 0, Time elapsed: 1.024 s - in com.ververica.cdc.formats.json.ChangelogJsonSerDeTest
[INFO] Running com.ververica.cdc.formats.json.ChangelogJsonFormatFactoryTest
[INFO] Tests run: 2, Failures: 0, Errors: 0, Skipped: 0, Time elapsed: 0.15 s - in com.ververica.cdc.formats.json.ChangelogJsonFormatFactoryTest
[INFO] 
[INFO] Results:
[INFO] 
[INFO] Tests run: 3, Failures: 0, Errors: 0, Skipped: 0
[INFO] 
[INFO] ------------------------------------------------------------------------
[INFO] Reactor Summary for flink-cdc-connectors 2.1-SNAPSHOT:
[INFO] 
[INFO] flink-cdc-connectors ............................... SUCCESS [  4.278 s]
[INFO] flink-connector-debezium ........................... SUCCESS [  5.734 s]
[INFO] flink-connector-test-util .......................... SUCCESS [  1.265 s]
[INFO] flink-connector-mysql-cdc .......................... FAILURE [ 22.208 s]
[INFO] flink-connector-postgres-cdc ....................... FAILURE [ 15.419 s]
[INFO] flink-connector-oracle-cdc ......................... FAILURE [ 14.878 s]
[INFO] flink-connector-mongodb-cdc ........................ FAILURE [ 15.368 s]
[INFO] flink-sql-connector-mysql-cdc ...................... SKIPPED
[INFO] flink-sql-connector-postgres-cdc ................... SKIPPED
[INFO] flink-sql-connector-mongodb-cdc .................... SKIPPED
[INFO] flink-sql-connector-oracle-cdc ..................... SKIPPED
[INFO] flink-format-changelog-json ........................ SUCCESS [  1.767 s]
[INFO] ------------------------------------------------------------------------
[INFO] BUILD FAILURE
[INFO] ------------------------------------------------------------------------
[INFO] Total time:  01:21 min
[INFO] Finished at: 2021-11-08T01:12:43Z
[INFO] ------------------------------------------------------------------------
[ERROR] Failed to execute goal org.apache.maven.plugins:maven-surefire-plugin:2.22.0:test (default-test) on project flink-connector-mysql-cdc: There are test failures.
[ERROR] 
[ERROR] Please refer to /home/target/flink-connector-mysql-cdc/target/surefire-reports for the individual test results.
[ERROR] Please refer to dump files (if any exist) [date]-jvmRun[N].dump, [date].dumpstream and [date]-jvmRun[N].dumpstream.
[ERROR] -> [Help 1]
[ERROR] Failed to execute goal org.apache.maven.plugins:maven-surefire-plugin:2.22.0:test (default-test) on project flink-connector-postgres-cdc: There are test failures.
[ERROR] 
[ERROR] Please refer to /home/target/flink-connector-postgres-cdc/target/surefire-reports for the individual test results.
[ERROR] Please refer to dump files (if any exist) [date]-jvmRun[N].dump, [date].dumpstream and [date]-jvmRun[N].dumpstream.
[ERROR] -> [Help 1]
[ERROR] Failed to execute goal org.apache.maven.plugins:maven-surefire-plugin:2.22.0:test (default-test) on project flink-connector-oracle-cdc: There are test failures.
[ERROR] 
[ERROR] Please refer to /home/target/flink-connector-oracle-cdc/target/surefire-reports for the individual test results.
[ERROR] Please refer to dump files (if any exist) [date]-jvmRun[N].dump, [date].dumpstream and [date]-jvmRun[N].dumpstream.
[ERROR] -> [Help 1]
[ERROR] Failed to execute goal org.apache.maven.plugins:maven-surefire-plugin:2.22.0:test (default-test) on project flink-connector-mongodb-cdc: There are test failures.
[ERROR] 
[ERROR] Please refer to /home/target/flink-connector-mongodb-cdc/target/surefire-reports for the individual test results.
[ERROR] Please refer to dump files (if any exist) [date]-jvmRun[N].dump, [date].dumpstream and [date]-jvmRun[N].dumpstream.
[ERROR] -> [Help 1]
[ERROR] 
[ERROR] To see the full stack trace of the errors, re-run Maven with the -e switch.
[ERROR] Re-run Maven using the -X switch to enable full debug logging.
[ERROR] 
[ERROR] For more information about the errors and possible solutions, please read the following articles:
[ERROR] [Help 1] http://cwiki.apache.org/confluence/display/MAVEN/MojoFailureException
[ERROR] 
[ERROR] After correcting the problems, you can resume the build with the command
[ERROR]   mvn <args> -rf :flink-connector-mysql-cdc
{'error': True, 'log_file': 'output-2021-11-08T01:11:19-0694.log', 'message': '', 'start_time': '2021-11-08T01:11:19', 'end_time': '2021-11-08T01:12:43', 'command': ['mvn', '-fae', 'test'], 'faketime_str': '+0', 'timezone': datetime.timezone(datetime.timedelta(0), 'UTC')}
