[INFO] Scanning for projects...
[WARNING] 
[WARNING] Some problems were encountered while building the effective model for com.ververica:flink-connector-debezium:jar:2.1-SNAPSHOT
[WARNING] 'build.plugins.plugin.(groupId:artifactId)' must be unique but found duplicate declaration of plugin org.apache.maven.plugins:maven-enforcer-plugin @ com.ververica:flink-cdc-connectors:2.1-SNAPSHOT, /home/target/pom.xml, line 378, column 21
[WARNING] 
[WARNING] Some problems were encountered while building the effective model for com.ververica:flink-cdc-connectors:pom:2.1-SNAPSHOT
[WARNING] 'build.plugins.plugin.(groupId:artifactId)' must be unique but found duplicate declaration of plugin org.apache.maven.plugins:maven-enforcer-plugin @ line 378, column 21
[WARNING] 
[WARNING] It is highly recommended to fix these problems because they threaten the stability of your build.
[WARNING] 
[WARNING] For this reason, future Maven versions might no longer support building such malformed projects.
[WARNING] 
[INFO] ------------------------------------------------------------------------
[INFO] Reactor Build Order:
[INFO] 
[INFO] flink-cdc-connectors                                               [pom]
[INFO] flink-connector-debezium                                           [jar]
[INFO] flink-connector-test-util                                          [jar]
[INFO] flink-connector-mysql-cdc                                          [jar]
[INFO] flink-connector-postgres-cdc                                       [jar]
[INFO] flink-connector-oracle-cdc                                         [jar]
[INFO] flink-connector-mongodb-cdc                                        [jar]
[INFO] flink-sql-connector-mysql-cdc                                      [jar]
[INFO] flink-sql-connector-postgres-cdc                                   [jar]
[INFO] flink-sql-connector-mongodb-cdc                                    [jar]
[INFO] flink-sql-connector-oracle-cdc                                     [jar]
[INFO] flink-format-changelog-json                                        [jar]
[INFO] 
[INFO] -----------------< com.ververica:flink-cdc-connectors >-----------------
[INFO] Building flink-cdc-connectors 2.1-SNAPSHOT                        [1/12]
[INFO] --------------------------------[ pom ]---------------------------------
[INFO] 
[INFO] --- spotless-maven-plugin:2.4.2:check (spotless-check) @ flink-cdc-connectors ---
[INFO] 
[INFO] --- maven-checkstyle-plugin:2.17:check (validate) @ flink-cdc-connectors ---
[INFO] 
[INFO] --- maven-enforcer-plugin:3.0.0-M1:enforce (enforce-maven-version) @ flink-cdc-connectors ---
[INFO] 
[INFO] --- maven-remote-resources-plugin:1.5:process (process-resource-bundles) @ flink-cdc-connectors ---
[INFO] 
[INFO] --- maven-surefire-plugin:2.22.0:test (default-test) @ flink-cdc-connectors ---
[INFO] No tests to run.
[INFO] 
[INFO] ---------------< com.ververica:flink-connector-debezium >---------------
[INFO] Building flink-connector-debezium 2.1-SNAPSHOT                    [2/12]
[INFO] --------------------------------[ jar ]---------------------------------
[INFO] 
[INFO] --- spotless-maven-plugin:2.4.2:check (spotless-check) @ flink-connector-debezium ---
[INFO] 
[INFO] --- maven-checkstyle-plugin:2.17:check (validate) @ flink-connector-debezium ---
[INFO] 
[INFO] --- maven-enforcer-plugin:3.0.0-M1:enforce (enforce-maven-version) @ flink-connector-debezium ---
[INFO] 
[INFO] --- maven-remote-resources-plugin:1.5:process (process-resource-bundles) @ flink-connector-debezium ---
[INFO] 
[INFO] --- maven-resources-plugin:3.1.0:resources (default-resources) @ flink-connector-debezium ---
[INFO] Using 'UTF-8' encoding to copy filtered resources.
[INFO] skip non existing resourceDirectory /home/target/flink-connector-debezium/src/main/resources
[INFO] Copying 3 resources
[INFO] 
[INFO] --- maven-compiler-plugin:3.7.0:compile (default-compile) @ flink-connector-debezium ---
[INFO] Nothing to compile - all classes are up to date
[INFO] 
[INFO] --- maven-resources-plugin:3.1.0:testResources (default-testResources) @ flink-connector-debezium ---
[INFO] Using 'UTF-8' encoding to copy filtered resources.
[INFO] skip non existing resourceDirectory /home/target/flink-connector-debezium/src/test/resources
[INFO] Copying 3 resources
[INFO] 
[INFO] --- maven-compiler-plugin:3.7.0:testCompile (default-testCompile) @ flink-connector-debezium ---
[INFO] No sources to compile
[INFO] 
[INFO] --- maven-surefire-plugin:2.22.0:test (default-test) @ flink-connector-debezium ---
[INFO] 
[INFO] --------------< com.ververica:flink-connector-test-util >---------------
[INFO] Building flink-connector-test-util 2.1-SNAPSHOT                   [3/12]
[INFO] --------------------------------[ jar ]---------------------------------
[INFO] 
[INFO] --- spotless-maven-plugin:2.4.2:check (spotless-check) @ flink-connector-test-util ---
[INFO] 
[INFO] --- maven-checkstyle-plugin:2.17:check (validate) @ flink-connector-test-util ---
[INFO] 
[INFO] --- maven-enforcer-plugin:3.0.0-M1:enforce (enforce-maven-version) @ flink-connector-test-util ---
[INFO] 
[INFO] --- maven-remote-resources-plugin:1.5:process (process-resource-bundles) @ flink-connector-test-util ---
[INFO] 
[INFO] --- maven-resources-plugin:3.1.0:resources (default-resources) @ flink-connector-test-util ---
[INFO] Using 'UTF-8' encoding to copy filtered resources.
[INFO] skip non existing resourceDirectory /home/target/flink-connector-test-util/src/main/resources
[INFO] Copying 3 resources
[INFO] 
[INFO] --- maven-compiler-plugin:3.7.0:compile (default-compile) @ flink-connector-test-util ---
[INFO] Nothing to compile - all classes are up to date
[INFO] 
[INFO] --- maven-resources-plugin:3.1.0:testResources (default-testResources) @ flink-connector-test-util ---
[INFO] Using 'UTF-8' encoding to copy filtered resources.
[INFO] skip non existing resourceDirectory /home/target/flink-connector-test-util/src/test/resources
[INFO] Copying 3 resources
[INFO] 
[INFO] --- maven-compiler-plugin:3.7.0:testCompile (default-testCompile) @ flink-connector-test-util ---
[INFO] No sources to compile
[INFO] 
[INFO] --- maven-surefire-plugin:2.22.0:test (default-test) @ flink-connector-test-util ---
[INFO] 
[INFO] --------------< com.ververica:flink-connector-mysql-cdc >---------------
[INFO] Building flink-connector-mysql-cdc 2.1-SNAPSHOT                   [4/12]
[INFO] --------------------------------[ jar ]---------------------------------
[INFO] 
[INFO] --- spotless-maven-plugin:2.4.2:check (spotless-check) @ flink-connector-mysql-cdc ---
[INFO] 
[INFO] --- maven-checkstyle-plugin:2.17:check (validate) @ flink-connector-mysql-cdc ---
[INFO] 
[INFO] --- maven-enforcer-plugin:3.0.0-M1:enforce (enforce-maven-version) @ flink-connector-mysql-cdc ---
[INFO] 
[INFO] --- maven-remote-resources-plugin:1.5:process (process-resource-bundles) @ flink-connector-mysql-cdc ---
[INFO] 
[INFO] --- maven-resources-plugin:3.1.0:resources (default-resources) @ flink-connector-mysql-cdc ---
[INFO] Using 'UTF-8' encoding to copy filtered resources.
[INFO] Copying 1 resource
[INFO] Copying 3 resources
[INFO] 
[INFO] --- maven-compiler-plugin:3.7.0:compile (default-compile) @ flink-connector-mysql-cdc ---
[INFO] Nothing to compile - all classes are up to date
[INFO] 
[INFO] --- maven-resources-plugin:3.1.0:testResources (default-testResources) @ flink-connector-mysql-cdc ---
[INFO] Using 'UTF-8' encoding to copy filtered resources.
[INFO] Copying 11 resources
[INFO] Copying 3 resources
[INFO] 
[INFO] --- maven-compiler-plugin:3.7.0:testCompile (default-testCompile) @ flink-connector-mysql-cdc ---
[INFO] Nothing to compile - all classes are up to date
[INFO] 
[INFO] --- maven-surefire-plugin:2.22.0:test (default-test) @ flink-connector-mysql-cdc ---
[INFO] 
[INFO] -------------------------------------------------------
[INFO]  T E S T S
[INFO] -------------------------------------------------------
[INFO] Running com.ververica.cdc.connectors.mysql.table.MySqlTableSourceFactoryTest
[INFO] Tests run: 12, Failures: 0, Errors: 0, Skipped: 0, Time elapsed: 1.643 s - in com.ververica.cdc.connectors.mysql.table.MySqlTableSourceFactoryTest
[INFO] Running com.ververica.cdc.connectors.mysql.LegacyMySqlSourceExampleTest
[WARNING] Tests run: 1, Failures: 0, Errors: 0, Skipped: 1, Time elapsed: 0.001 s - in com.ververica.cdc.connectors.mysql.LegacyMySqlSourceExampleTest
[INFO] Running com.ververica.cdc.connectors.mysql.source.assigners.MySqlHybridSplitAssignerTest
2527 [main] INFO  com.ververica.cdc.connectors.mysql.source.MySqlSourceTestBase - Starting containers...
2844 [testcontainers-lifecycle-0] WARN  org.testcontainers.utility.TestcontainersConfiguration - Attempted to read Testcontainers configuration file at file:/root/.testcontainers.properties but the file was not found. Exception message: FileNotFoundException: /root/.testcontainers.properties (No such file or directory)
3117 [testcontainers-lifecycle-0] INFO  org.testcontainers.dockerclient.DockerMachineClientProviderStrategy - docker-machine executable was not found on PATH ([/usr/local/openjdk-8/bin, /usr/local/sbin, /usr/local/bin, /usr/sbin, /usr/bin, /sbin, /bin])
3117 [testcontainers-lifecycle-0] ERROR org.testcontainers.dockerclient.DockerClientProviderStrategy - Could not find a valid Docker environment. Please check configuration. Attempted configurations were:
3117 [testcontainers-lifecycle-0] ERROR org.testcontainers.dockerclient.DockerClientProviderStrategy -     UnixSocketClientProviderStrategy: failed with exception InvalidConfigurationException (Could not find unix domain socket). Root cause NoSuchFileException (/var/run/docker.sock)
3117 [testcontainers-lifecycle-0] ERROR org.testcontainers.dockerclient.DockerClientProviderStrategy - As no valid configuration was found, execution cannot continue
[ERROR] Tests run: 1, Failures: 0, Errors: 1, Skipped: 0, Time elapsed: 0.576 s <<< FAILURE! - in com.ververica.cdc.connectors.mysql.source.assigners.MySqlHybridSplitAssignerTest
[ERROR] com.ververica.cdc.connectors.mysql.source.assigners.MySqlHybridSplitAssignerTest  Time elapsed: 0.576 s  <<< ERROR!
java.util.concurrent.CompletionException: java.lang.IllegalStateException: Could not find a valid Docker environment. Please see logs and check configuration
Caused by: java.lang.IllegalStateException: Could not find a valid Docker environment. Please see logs and check configuration

[INFO] Running com.ververica.cdc.connectors.mysql.source.assigners.MySqlSnapshotSplitAssignerTest
3138 [main] INFO  com.ververica.cdc.connectors.mysql.source.MySqlSourceTestBase - Starting containers...
[ERROR] Tests run: 1, Failures: 0, Errors: 1, Skipped: 0, Time elapsed: 0.057 s <<< FAILURE! - in com.ververica.cdc.connectors.mysql.source.assigners.MySqlSnapshotSplitAssignerTest
[ERROR] com.ververica.cdc.connectors.mysql.source.assigners.MySqlSnapshotSplitAssignerTest  Time elapsed: 0.057 s  <<< ERROR!
java.util.concurrent.CompletionException: java.lang.IllegalStateException: Previous attempts to find a Docker environment failed. Will not retry. Please see logs and check configuration
Caused by: java.lang.IllegalStateException: Previous attempts to find a Docker environment failed. Will not retry. Please see logs and check configuration

[INFO] Running com.ververica.cdc.connectors.mysql.source.assigners.state.PendingSplitsStateSerializerTest
[INFO] Tests run: 6, Failures: 0, Errors: 0, Skipped: 0, Time elapsed: 0.726 s - in com.ververica.cdc.connectors.mysql.source.assigners.state.PendingSplitsStateSerializerTest
[INFO] Running com.ververica.cdc.connectors.mysql.source.MySqlSourceExampleTest
[WARNING] Tests run: 1, Failures: 0, Errors: 0, Skipped: 1, Time elapsed: 0 s - in com.ververica.cdc.connectors.mysql.source.MySqlSourceExampleTest
[INFO] Running com.ververica.cdc.connectors.mysql.source.utils.RecordUtilsTest
[INFO] Tests run: 1, Failures: 0, Errors: 0, Skipped: 0, Time elapsed: 0.002 s - in com.ververica.cdc.connectors.mysql.source.utils.RecordUtilsTest
[INFO] Running com.ververica.cdc.connectors.mysql.source.utils.ObjectUtilsTest
[INFO] Tests run: 1, Failures: 0, Errors: 0, Skipped: 0, Time elapsed: 0.002 s - in com.ververica.cdc.connectors.mysql.source.utils.ObjectUtilsTest
[INFO] Running com.ververica.cdc.connectors.mysql.source.reader.MySqlSourceReaderTest
4000 [main] INFO  com.ververica.cdc.connectors.mysql.source.MySqlSourceTestBase - Starting containers...
[ERROR] Tests run: 1, Failures: 0, Errors: 1, Skipped: 0, Time elapsed: 0.112 s <<< FAILURE! - in com.ververica.cdc.connectors.mysql.source.reader.MySqlSourceReaderTest
[ERROR] com.ververica.cdc.connectors.mysql.source.reader.MySqlSourceReaderTest  Time elapsed: 0.112 s  <<< ERROR!
java.util.concurrent.CompletionException: java.lang.IllegalStateException: Previous attempts to find a Docker environment failed. Will not retry. Please see logs and check configuration
Caused by: java.lang.IllegalStateException: Previous attempts to find a Docker environment failed. Will not retry. Please see logs and check configuration

[INFO] Running com.ververica.cdc.connectors.mysql.source.split.MySqlSplitStateTest
[INFO] Tests run: 3, Failures: 0, Errors: 0, Skipped: 0, Time elapsed: 0.044 s - in com.ververica.cdc.connectors.mysql.source.split.MySqlSplitStateTest
[INFO] Running com.ververica.cdc.connectors.mysql.source.split.MySqlSplitSerializerTest
[INFO] Tests run: 3, Failures: 0, Errors: 0, Skipped: 0, Time elapsed: 0.072 s - in com.ververica.cdc.connectors.mysql.source.split.MySqlSplitSerializerTest
[INFO] Running com.ververica.cdc.connectors.mysql.LegacyMySqlSourceTest
4621 [main] INFO  org.apache.flink.runtime.taskexecutor.TaskExecutorResourceUtils - The configuration option taskmanager.cpu.cores required for local execution is not set, setting it to the maximal possible value.
4621 [main] INFO  org.apache.flink.runtime.taskexecutor.TaskExecutorResourceUtils - The configuration option taskmanager.memory.task.heap.size required for local execution is not set, setting it to the maximal possible value.
4621 [main] INFO  org.apache.flink.runtime.taskexecutor.TaskExecutorResourceUtils - The configuration option taskmanager.memory.task.off-heap.size required for local execution is not set, setting it to the maximal possible value.
4621 [main] INFO  org.apache.flink.runtime.taskexecutor.TaskExecutorResourceUtils - The configuration option taskmanager.memory.network.min required for local execution is not set, setting it to its default value 64 mb.
4631 [main] INFO  org.apache.flink.runtime.taskexecutor.TaskExecutorResourceUtils - The configuration option taskmanager.memory.network.max required for local execution is not set, setting it to its default value 64 mb.
4634 [main] INFO  org.apache.flink.runtime.minicluster.MiniCluster - Starting Flink Mini Cluster
4636 [main] INFO  org.apache.flink.runtime.minicluster.MiniCluster - Starting Metrics Registry
4884 [main] INFO  org.apache.flink.runtime.metrics.MetricRegistryImpl - No metrics reporter configured, no metrics will be exposed/reported.
4885 [main] INFO  org.apache.flink.runtime.minicluster.MiniCluster - Starting RPC Service(s)
4901 [main] INFO  org.apache.flink.runtime.rpc.akka.AkkaRpcServiceUtils - Trying to start local actor system
6617 [flink-akka.actor.default-dispatcher-2] INFO  akka.event.slf4j.Slf4jLogger - Slf4jLogger started
7557 [main] INFO  org.apache.flink.runtime.rpc.akka.AkkaRpcServiceUtils - Actor system started at akka://flink
7702 [main] INFO  org.apache.flink.runtime.rpc.akka.AkkaRpcServiceUtils - Trying to start local actor system
7975 [flink-metrics-2] INFO  akka.event.slf4j.Slf4jLogger - Slf4jLogger started
8166 [main] INFO  org.apache.flink.runtime.rpc.akka.AkkaRpcServiceUtils - Actor system started at akka://flink-metrics
8357 [main] INFO  org.apache.flink.runtime.rpc.akka.AkkaRpcService - Starting RPC endpoint for org.apache.flink.runtime.metrics.dump.MetricQueryService at akka://flink-metrics/user/rpc/MetricQueryService .
8390 [main] INFO  org.apache.flink.runtime.minicluster.MiniCluster - Starting high-availability services
8430 [main] INFO  org.apache.flink.runtime.blob.BlobServer - Created BLOB server storage directory /tmp/junit7692936044639858367/junit2368911018642921211/blobStore-4bc5e2a1-ed87-4c13-8b30-6f5d947013f3
8489 [main] INFO  org.apache.flink.runtime.blob.BlobServer - Started BLOB server at 0.0.0.0:40693 - max concurrent requests: 50 - max backlog: 1000
8719 [main] INFO  org.apache.flink.runtime.blob.PermanentBlobCache - Created BLOB cache storage directory /tmp/junit7692936044639858367/junit2368911018642921211/blobStore-7fe7c9b3-ac0d-4ebd-8504-c08a3d6cdf92
8732 [main] INFO  org.apache.flink.runtime.blob.TransientBlobCache - Created BLOB cache storage directory /tmp/junit7692936044639858367/junit2368911018642921211/blobStore-88f01524-d1db-4a35-9209-ce7bedb19675
8827 [main] INFO  org.apache.flink.runtime.minicluster.MiniCluster - Starting 1 TaskManger(s)
8829 [main] INFO  org.apache.flink.runtime.taskexecutor.TaskManagerRunner - Starting TaskManager with ResourceID: eeaee4c4-4e77-45c9-8850-1091035732ce
9200 [main] INFO  org.apache.flink.runtime.taskexecutor.TaskManagerServices - Temporary file directory '/tmp/junit7692936044639858367/junit2368911018642921211': total 196 GB, usable 161 GB (82.14% usable)
9201 [main] INFO  org.apache.flink.runtime.io.disk.FileChannelManagerImpl - FileChannelManager uses directory /tmp/junit7692936044639858367/junit2368911018642921211/flink-io-3174a348-0e33-4385-967d-12375d45cdc2 for spill files.
9253 [main] INFO  org.apache.flink.runtime.io.disk.FileChannelManagerImpl - FileChannelManager uses directory /tmp/junit7692936044639858367/junit2368911018642921211/flink-netty-shuffle-8c77e4d0-8a2b-4e0b-a51d-cf5674d7e4c2 for spill files.
9291 [main] INFO  org.apache.flink.runtime.io.network.buffer.NetworkBufferPool - Allocated 64 MB for network buffer pool (number of memory segments: 2048, bytes per segment: 32768).
9504 [main] INFO  org.apache.flink.runtime.io.network.NettyShuffleEnvironment - Starting the network environment and its components.
9512 [main] INFO  org.apache.flink.runtime.taskexecutor.KvStateService - Starting the kvState service and its components.
9943 [main] INFO  org.apache.flink.runtime.rpc.akka.AkkaRpcService - Starting RPC endpoint for org.apache.flink.runtime.taskexecutor.TaskExecutor at akka://flink/user/rpc/taskmanager_0 .
10000 [flink-akka.actor.default-dispatcher-4] INFO  org.apache.flink.runtime.taskexecutor.DefaultJobLeaderService - Start job leader service.
10001 [flink-akka.actor.default-dispatcher-4] INFO  org.apache.flink.runtime.filecache.FileCache - User file cache uses directory /tmp/junit7692936044639858367/junit2368911018642921211/flink-dist-cache-978ab75f-a5cb-43f5-abcf-810a3e2c3d0b
10339 [main] INFO  org.apache.flink.runtime.dispatcher.DispatcherRestEndpoint - Starting rest endpoint.
10341 [main] INFO  org.apache.flink.runtime.dispatcher.DispatcherRestEndpoint - Failed to load web based job submission extension. Probable reason: flink-runtime-web is not in the classpath.
10936 [main] WARN  org.apache.flink.runtime.webmonitor.WebMonitorUtils - Log file environment variable 'log.file' is not set.
10937 [main] WARN  org.apache.flink.runtime.webmonitor.WebMonitorUtils - JobManager log files are unavailable in the web dashboard. Log file location not found in environment variable 'log.file' or configuration key 'web.log.path'.
11256 [main] INFO  org.apache.flink.runtime.dispatcher.DispatcherRestEndpoint - Rest endpoint listening at localhost:36635
11261 [main] INFO  org.apache.flink.runtime.highavailability.nonha.embedded.EmbeddedLeaderService - Proposing leadership to contender http://localhost:36635
11307 [mini-cluster-io-thread-1] INFO  org.apache.flink.runtime.dispatcher.DispatcherRestEndpoint - http://localhost:36635 was granted leadership with leaderSessionID=13f78cb1-ceed-4ce8-bc13-c117887d1b45
11307 [mini-cluster-io-thread-1] INFO  org.apache.flink.runtime.highavailability.nonha.embedded.EmbeddedLeaderService - Received confirmation of leadership for leader http://localhost:36635 , session=13f78cb1-ceed-4ce8-bc13-c117887d1b45
11419 [main] INFO  org.apache.flink.runtime.rpc.akka.AkkaRpcService - Starting RPC endpoint for org.apache.flink.runtime.resourcemanager.StandaloneResourceManager at akka://flink/user/rpc/resourcemanager_1 .
11426 [main] INFO  org.apache.flink.runtime.highavailability.nonha.embedded.EmbeddedLeaderService - Proposing leadership to contender LeaderContender: DefaultDispatcherRunner
11427 [mini-cluster-io-thread-2] INFO  org.apache.flink.runtime.dispatcher.runner.DefaultDispatcherRunner - DefaultDispatcherRunner was granted leadership with leader id 87bc7313-3e46-44fd-97fb-843d0973ee24. Creating new DispatcherLeaderProcess.
11476 [flink-akka.actor.default-dispatcher-4] INFO  org.apache.flink.runtime.resourcemanager.StandaloneResourceManager - Starting the resource manager.
11514 [mini-cluster-io-thread-2] INFO  org.apache.flink.runtime.dispatcher.runner.SessionDispatcherLeaderProcess - Start SessionDispatcherLeaderProcess.
11499 [flink-akka.actor.default-dispatcher-4] INFO  org.apache.flink.runtime.highavailability.nonha.embedded.EmbeddedLeaderService - Proposing leadership to contender LeaderContender: StandaloneResourceManager
11579 [mini-cluster-io-thread-3] INFO  org.apache.flink.runtime.dispatcher.runner.SessionDispatcherLeaderProcess - Recover all persisted job graphs.
11579 [mini-cluster-io-thread-3] INFO  org.apache.flink.runtime.dispatcher.runner.SessionDispatcherLeaderProcess - Successfully recovered 0 persisted job graphs.
11663 [flink-akka.actor.default-dispatcher-4] INFO  org.apache.flink.runtime.resourcemanager.StandaloneResourceManager - ResourceManager akka://flink/user/rpc/resourcemanager_1 was granted leadership with fencing token 94a0c6585f8b80674c32ab8a36ee49cb
11704 [main] INFO  org.apache.flink.runtime.minicluster.MiniCluster - Flink Mini Cluster started successfully
11723 [mini-cluster-io-thread-3] INFO  org.apache.flink.runtime.rpc.akka.AkkaRpcService - Starting RPC endpoint for org.apache.flink.runtime.dispatcher.StandaloneDispatcher at akka://flink/user/rpc/dispatcher_2 .
11724 [main] INFO  org.apache.flink.configuration.Configuration - Config uses fallback configuration key 'jobmanager.rpc.address' instead of key 'rest.address'
11772 [mini-cluster-io-thread-3] INFO  org.apache.flink.runtime.highavailability.nonha.embedded.EmbeddedLeaderService - Received confirmation of leadership for leader akka://flink/user/rpc/dispatcher_2 , session=87bc7313-3e46-44fd-97fb-843d0973ee24
11842 [mini-cluster-io-thread-7] INFO  org.apache.flink.runtime.highavailability.nonha.embedded.EmbeddedLeaderService - Received confirmation of leadership for leader akka://flink/user/rpc/resourcemanager_1 , session=4c32ab8a-36ee-49cb-94a0-c6585f8b8067
11892 [flink-akka.actor.default-dispatcher-5] INFO  org.apache.flink.runtime.taskexecutor.TaskExecutor - Connecting to ResourceManager akka://flink/user/rpc/resourcemanager_1(94a0c6585f8b80674c32ab8a36ee49cb).
12127 [main] INFO  com.ververica.cdc.connectors.mysql.LegacyMySqlTestBase - Starting containers...
12132 [flink-akka.actor.default-dispatcher-4] INFO  org.apache.flink.runtime.taskexecutor.TaskExecutor - Resolved ResourceManager address, beginning registration
12172 [flink-akka.actor.default-dispatcher-2] INFO  org.apache.flink.runtime.resourcemanager.StandaloneResourceManager - Registering TaskManager with ResourceID eeaee4c4-4e77-45c9-8850-1091035732ce (akka://flink/user/rpc/taskmanager_0) at ResourceManager
12174 [flink-akka.actor.default-dispatcher-2] INFO  org.apache.flink.runtime.taskexecutor.TaskExecutor - Successful registration at resource manager akka://flink/user/rpc/resourcemanager_1 under registration id f40318cbd801874ca17255e0f74688f4.
12191 [main] INFO  org.apache.flink.test.util.MiniClusterWithClientResource - Finalization triggered: Cluster shutdown is going to be initiated.
12352 [main] INFO  org.apache.flink.runtime.minicluster.MiniCluster - Shutting down Flink Mini Cluster
12352 [flink-akka.actor.default-dispatcher-2] INFO  org.apache.flink.runtime.taskexecutor.TaskExecutor - Stopping TaskExecutor akka://flink/user/rpc/taskmanager_0.
12352 [flink-akka.actor.default-dispatcher-2] INFO  org.apache.flink.runtime.taskexecutor.TaskExecutor - Close ResourceManager connection e4177433abbf5acaa780c478bc5854bd.
12355 [flink-akka.actor.default-dispatcher-2] INFO  org.apache.flink.runtime.taskexecutor.DefaultJobLeaderService - Stop job leader service.
12355 [flink-akka.actor.default-dispatcher-2] INFO  org.apache.flink.runtime.state.TaskExecutorLocalStateStoresManager - Shutting down TaskExecutorLocalStateStoresManager.
12355 [flink-akka.actor.default-dispatcher-4] INFO  org.apache.flink.runtime.resourcemanager.StandaloneResourceManager - Closing TaskExecutor connection eeaee4c4-4e77-45c9-8850-1091035732ce because: The TaskExecutor is shutting down.
12385 [main] INFO  org.apache.flink.runtime.dispatcher.DispatcherRestEndpoint - Shutting down rest endpoint.
12673 [flink-akka.actor.default-dispatcher-2] INFO  org.apache.flink.runtime.io.disk.FileChannelManagerImpl - FileChannelManager removed spill file directory /tmp/junit7692936044639858367/junit2368911018642921211/flink-io-3174a348-0e33-4385-967d-12375d45cdc2
12673 [flink-akka.actor.default-dispatcher-2] INFO  org.apache.flink.runtime.io.network.NettyShuffleEnvironment - Shutting down the network environment and its components.
12674 [flink-akka.actor.default-dispatcher-2] INFO  org.apache.flink.runtime.io.disk.FileChannelManagerImpl - FileChannelManager removed spill file directory /tmp/junit7692936044639858367/junit2368911018642921211/flink-netty-shuffle-8c77e4d0-8a2b-4e0b-a51d-cf5674d7e4c2
12674 [flink-akka.actor.default-dispatcher-2] INFO  org.apache.flink.runtime.taskexecutor.KvStateService - Shutting down the kvState service and its components.
12674 [flink-akka.actor.default-dispatcher-2] INFO  org.apache.flink.runtime.taskexecutor.DefaultJobLeaderService - Stop job leader service.
12674 [flink-akka.actor.default-dispatcher-2] INFO  org.apache.flink.runtime.filecache.FileCache - removed file cache directory /tmp/junit7692936044639858367/junit2368911018642921211/flink-dist-cache-978ab75f-a5cb-43f5-abcf-810a3e2c3d0b
12900 [ForkJoinPool.commonPool-worker-3] INFO  org.apache.flink.runtime.dispatcher.DispatcherRestEndpoint - Removing cache directory /tmp/flink-web-ui
12923 [ForkJoinPool.commonPool-worker-3] INFO  org.apache.flink.runtime.dispatcher.DispatcherRestEndpoint - Shut down complete.
12927 [flink-akka.actor.default-dispatcher-5] INFO  org.apache.flink.runtime.resourcemanager.StandaloneResourceManager - Shut down cluster because application is in CANCELED, diagnostics DispatcherResourceManagerComponent has been closed..
12927 [flink-akka.actor.default-dispatcher-5] INFO  org.apache.flink.runtime.entrypoint.component.DispatcherResourceManagerComponent - Closing components.
12992 [flink-akka.actor.default-dispatcher-5] INFO  org.apache.flink.runtime.dispatcher.runner.SessionDispatcherLeaderProcess - Stopping SessionDispatcherLeaderProcess.
12993 [flink-akka.actor.default-dispatcher-5] INFO  org.apache.flink.runtime.dispatcher.StandaloneDispatcher - Stopping dispatcher akka://flink/user/rpc/dispatcher_2.
12993 [flink-akka.actor.default-dispatcher-5] INFO  org.apache.flink.runtime.dispatcher.StandaloneDispatcher - Stopping all currently running jobs of dispatcher akka://flink/user/rpc/dispatcher_2.
12993 [flink-akka.actor.default-dispatcher-4] INFO  org.apache.flink.runtime.resourcemanager.slotmanager.DeclarativeSlotManager - Closing the slot manager.
12993 [flink-akka.actor.default-dispatcher-4] INFO  org.apache.flink.runtime.resourcemanager.slotmanager.DeclarativeSlotManager - Suspending the slot manager.
13099 [flink-akka.actor.default-dispatcher-5] INFO  org.apache.flink.runtime.dispatcher.StandaloneDispatcher - Stopped dispatcher akka://flink/user/rpc/dispatcher_2.
13803 [flink-akka.actor.default-dispatcher-2] INFO  org.apache.flink.runtime.taskexecutor.TaskExecutor - Stopped TaskExecutor akka://flink/user/rpc/taskmanager_0.
13818 [AkkaRpcService-Supervisor-Termination-Future-Executor-thread-1] INFO  org.apache.flink.runtime.rpc.akka.AkkaRpcService - Stopping Akka RPC service.
14299 [flink-metrics-2] INFO  org.apache.flink.runtime.rpc.akka.AkkaRpcService - Stopping Akka RPC service.
14318 [flink-metrics-2] INFO  org.apache.flink.runtime.rpc.akka.AkkaRpcService - Stopped Akka RPC service.
14487 [flink-akka.actor.default-dispatcher-2] INFO  org.apache.flink.runtime.blob.PermanentBlobCache - Shutting down BLOB cache
14507 [flink-akka.actor.default-dispatcher-2] INFO  org.apache.flink.runtime.blob.TransientBlobCache - Shutting down BLOB cache
14531 [flink-akka.actor.default-dispatcher-2] INFO  org.apache.flink.runtime.blob.BlobServer - Stopped BLOB server at 0.0.0.0:40693
14543 [flink-akka.actor.default-dispatcher-2] INFO  org.apache.flink.runtime.rpc.akka.AkkaRpcService - Stopped Akka RPC service.
[ERROR] Tests run: 1, Failures: 0, Errors: 1, Skipped: 0, Time elapsed: 10.372 s <<< FAILURE! - in com.ververica.cdc.connectors.mysql.LegacyMySqlSourceTest
[ERROR] com.ververica.cdc.connectors.mysql.LegacyMySqlSourceTest  Time elapsed: 10.351 s  <<< ERROR!
java.util.concurrent.CompletionException: java.lang.IllegalStateException: Previous attempts to find a Docker environment failed. Will not retry. Please see logs and check configuration
Caused by: java.lang.IllegalStateException: Previous attempts to find a Docker environment failed. Will not retry. Please see logs and check configuration

[INFO] Running com.ververica.cdc.connectors.mysql.debezium.reader.SnapshotSplitReaderTest
14593 [main] INFO  com.ververica.cdc.connectors.mysql.source.MySqlSourceTestBase - Starting containers...
[ERROR] Tests run: 1, Failures: 0, Errors: 1, Skipped: 0, Time elapsed: 0.024 s <<< FAILURE! - in com.ververica.cdc.connectors.mysql.debezium.reader.SnapshotSplitReaderTest
[ERROR] com.ververica.cdc.connectors.mysql.debezium.reader.SnapshotSplitReaderTest  Time elapsed: 0.024 s  <<< ERROR!
java.util.concurrent.CompletionException: java.lang.IllegalStateException: Previous attempts to find a Docker environment failed. Will not retry. Please see logs and check configuration
Caused by: java.lang.IllegalStateException: Previous attempts to find a Docker environment failed. Will not retry. Please see logs and check configuration

[INFO] Running com.ververica.cdc.connectors.mysql.debezium.reader.BinlogSplitReaderTest
14628 [main] INFO  com.ververica.cdc.connectors.mysql.source.MySqlSourceTestBase - Starting containers...
[ERROR] Tests run: 1, Failures: 0, Errors: 1, Skipped: 0, Time elapsed: 0.023 s <<< FAILURE! - in com.ververica.cdc.connectors.mysql.debezium.reader.BinlogSplitReaderTest
[ERROR] com.ververica.cdc.connectors.mysql.debezium.reader.BinlogSplitReaderTest  Time elapsed: 0.023 s  <<< ERROR!
java.util.concurrent.CompletionException: java.lang.IllegalStateException: Previous attempts to find a Docker environment failed. Will not retry. Please see logs and check configuration
Caused by: java.lang.IllegalStateException: Previous attempts to find a Docker environment failed. Will not retry. Please see logs and check configuration

[INFO] Running com.ververica.cdc.connectors.mysql.MySqlValidatorTest
14667 [main] INFO  com.ververica.cdc.connectors.mysql.MySqlValidatorTest - Starting containers...
14755 [main] INFO  com.ververica.cdc.connectors.mysql.MySqlValidatorTest - Starting containers...
14847 [main] INFO  com.ververica.cdc.connectors.mysql.MySqlValidatorTest - Starting containers...
14852 [main] INFO  com.ververica.cdc.connectors.mysql.MySqlValidatorTest - Starting containers...
14905 [main] INFO  com.ververica.cdc.connectors.mysql.MySqlValidatorTest - Starting containers...
14970 [main] INFO  com.ververica.cdc.connectors.mysql.MySqlValidatorTest - Starting containers...
[ERROR] Tests run: 6, Failures: 0, Errors: 6, Skipped: 0, Time elapsed: 0.526 s <<< FAILURE! - in com.ververica.cdc.connectors.mysql.MySqlValidatorTest
[ERROR] testValidateBinlogRowImage[runIncrementalSnapshot = true](com.ververica.cdc.connectors.mysql.MySqlValidatorTest)  Time elapsed: 0.101 s  <<< ERROR!
java.util.concurrent.CompletionException: java.lang.IllegalStateException: Previous attempts to find a Docker environment failed. Will not retry. Please see logs and check configuration
Caused by: java.lang.IllegalStateException: Previous attempts to find a Docker environment failed. Will not retry. Please see logs and check configuration

[ERROR] testValidateVersion[runIncrementalSnapshot = true](com.ververica.cdc.connectors.mysql.MySqlValidatorTest)  Time elapsed: 0.08 s  <<< ERROR!
java.util.concurrent.CompletionException: java.lang.IllegalStateException: Previous attempts to find a Docker environment failed. Will not retry. Please see logs and check configuration
Caused by: java.lang.IllegalStateException: Previous attempts to find a Docker environment failed. Will not retry. Please see logs and check configuration

[ERROR] testValidateBinlogFormat[runIncrementalSnapshot = true](com.ververica.cdc.connectors.mysql.MySqlValidatorTest)  Time elapsed: 0.144 s  <<< ERROR!
java.util.concurrent.CompletionException: java.lang.IllegalStateException: Previous attempts to find a Docker environment failed. Will not retry. Please see logs and check configuration
Caused by: java.lang.IllegalStateException: Previous attempts to find a Docker environment failed. Will not retry. Please see logs and check configuration

[ERROR] testValidateBinlogRowImage[runIncrementalSnapshot = false](com.ververica.cdc.connectors.mysql.MySqlValidatorTest)  Time elapsed: 0 s  <<< ERROR!
java.util.concurrent.CompletionException: java.lang.IllegalStateException: Previous attempts to find a Docker environment failed. Will not retry. Please see logs and check configuration
Caused by: java.lang.IllegalStateException: Previous attempts to find a Docker environment failed. Will not retry. Please see logs and check configuration

[ERROR] testValidateVersion[runIncrementalSnapshot = false](com.ververica.cdc.connectors.mysql.MySqlValidatorTest)  Time elapsed: 0 s  <<< ERROR!
java.util.concurrent.CompletionException: java.lang.IllegalStateException: Previous attempts to find a Docker environment failed. Will not retry. Please see logs and check configuration
Caused by: java.lang.IllegalStateException: Previous attempts to find a Docker environment failed. Will not retry. Please see logs and check configuration

[ERROR] testValidateBinlogFormat[runIncrementalSnapshot = false](com.ververica.cdc.connectors.mysql.MySqlValidatorTest)  Time elapsed: 0.136 s  <<< ERROR!
java.util.concurrent.CompletionException: java.lang.IllegalStateException: Previous attempts to find a Docker environment failed. Will not retry. Please see logs and check configuration
Caused by: java.lang.IllegalStateException: Previous attempts to find a Docker environment failed. Will not retry. Please see logs and check configuration

[INFO] 
[INFO] Results:
[INFO] 
[ERROR] Errors: 
[ERROR]   LegacyMySqlSourceTest.com.ververica.cdc.connectors.mysql.LegacyMySqlSourceTest » Completion
[ERROR]   MySqlValidatorTest.testValidateBinlogFormat[runIncrementalSnapshot = false] » Completion
[ERROR]   MySqlValidatorTest.testValidateBinlogFormat[runIncrementalSnapshot = true] » Completion
[ERROR]   MySqlValidatorTest.testValidateBinlogRowImage[runIncrementalSnapshot = false] » Completion
[ERROR]   MySqlValidatorTest.testValidateBinlogRowImage[runIncrementalSnapshot = true] » Completion
[ERROR]   MySqlValidatorTest.testValidateVersion[runIncrementalSnapshot = false] » Completion
[ERROR]   MySqlValidatorTest.testValidateVersion[runIncrementalSnapshot = true] » Completion
[ERROR]   BinlogSplitReaderTest.com.ververica.cdc.connectors.mysql.debezium.reader.BinlogSplitReaderTest » Completion
[ERROR]   SnapshotSplitReaderTest.com.ververica.cdc.connectors.mysql.debezium.reader.SnapshotSplitReaderTest » Completion
[ERROR]   MySqlHybridSplitAssignerTest.com.ververica.cdc.connectors.mysql.source.assigners.MySqlHybridSplitAssignerTest » Completion
[ERROR]   MySqlSnapshotSplitAssignerTest.com.ververica.cdc.connectors.mysql.source.assigners.MySqlSnapshotSplitAssignerTest » Completion
[ERROR]   MySqlSourceReaderTest.com.ververica.cdc.connectors.mysql.source.reader.MySqlSourceReaderTest » Completion
[INFO] 
[ERROR] Tests run: 40, Failures: 0, Errors: 12, Skipped: 2
[INFO] 
[INFO] 
[INFO] -------------< com.ververica:flink-connector-postgres-cdc >-------------
[INFO] Building flink-connector-postgres-cdc 2.1-SNAPSHOT                [5/12]
[INFO] --------------------------------[ jar ]---------------------------------
[INFO] 
[INFO] --- spotless-maven-plugin:2.4.2:check (spotless-check) @ flink-connector-postgres-cdc ---
[INFO] 
[INFO] --- maven-checkstyle-plugin:2.17:check (validate) @ flink-connector-postgres-cdc ---
[INFO] 
[INFO] --- maven-enforcer-plugin:3.0.0-M1:enforce (enforce-maven-version) @ flink-connector-postgres-cdc ---
[INFO] 
[INFO] --- maven-remote-resources-plugin:1.5:process (process-resource-bundles) @ flink-connector-postgres-cdc ---
[INFO] 
[INFO] --- maven-resources-plugin:3.1.0:resources (default-resources) @ flink-connector-postgres-cdc ---
[INFO] Using 'UTF-8' encoding to copy filtered resources.
[INFO] Copying 1 resource
[INFO] Copying 3 resources
[INFO] 
[INFO] --- maven-compiler-plugin:3.7.0:compile (default-compile) @ flink-connector-postgres-cdc ---
[INFO] Nothing to compile - all classes are up to date
[INFO] 
[INFO] --- maven-resources-plugin:3.1.0:testResources (default-testResources) @ flink-connector-postgres-cdc ---
[INFO] Using 'UTF-8' encoding to copy filtered resources.
[INFO] Copying 4 resources
[INFO] Copying 3 resources
[INFO] 
[INFO] --- maven-compiler-plugin:3.7.0:testCompile (default-testCompile) @ flink-connector-postgres-cdc ---
[INFO] Nothing to compile - all classes are up to date
[INFO] 
[INFO] --- maven-surefire-plugin:2.22.0:test (default-test) @ flink-connector-postgres-cdc ---
[INFO] 
[INFO] -------------------------------------------------------
[INFO]  T E S T S
[INFO] -------------------------------------------------------
[INFO] Running com.ververica.cdc.connectors.postgres.table.PostgreSQLTableFactoryTest
[INFO] Tests run: 4, Failures: 0, Errors: 0, Skipped: 0, Time elapsed: 2.083 s - in com.ververica.cdc.connectors.postgres.table.PostgreSQLTableFactoryTest
[INFO] Running com.ververica.cdc.connectors.postgres.PostgreSQLSourceTest
3193 [main] INFO  org.apache.flink.runtime.taskexecutor.TaskExecutorResourceUtils - The configuration option taskmanager.cpu.cores required for local execution is not set, setting it to the maximal possible value.
3244 [main] INFO  org.apache.flink.runtime.taskexecutor.TaskExecutorResourceUtils - The configuration option taskmanager.memory.task.heap.size required for local execution is not set, setting it to the maximal possible value.
3245 [main] INFO  org.apache.flink.runtime.taskexecutor.TaskExecutorResourceUtils - The configuration option taskmanager.memory.task.off-heap.size required for local execution is not set, setting it to the maximal possible value.
3246 [main] INFO  org.apache.flink.runtime.taskexecutor.TaskExecutorResourceUtils - The configuration option taskmanager.memory.network.min required for local execution is not set, setting it to its default value 64 mb.
3246 [main] INFO  org.apache.flink.runtime.taskexecutor.TaskExecutorResourceUtils - The configuration option taskmanager.memory.network.max required for local execution is not set, setting it to its default value 64 mb.
3250 [main] INFO  org.apache.flink.runtime.minicluster.MiniCluster - Starting Flink Mini Cluster
3269 [main] INFO  org.apache.flink.runtime.minicluster.MiniCluster - Starting Metrics Registry
3484 [main] INFO  org.apache.flink.runtime.metrics.MetricRegistryImpl - No metrics reporter configured, no metrics will be exposed/reported.
3523 [main] INFO  org.apache.flink.runtime.minicluster.MiniCluster - Starting RPC Service(s)
3567 [main] INFO  org.apache.flink.runtime.rpc.akka.AkkaRpcServiceUtils - Trying to start local actor system
4812 [flink-akka.actor.default-dispatcher-4] INFO  akka.event.slf4j.Slf4jLogger - Slf4jLogger started
5823 [main] INFO  org.apache.flink.runtime.rpc.akka.AkkaRpcServiceUtils - Actor system started at akka://flink
5898 [main] INFO  org.apache.flink.runtime.rpc.akka.AkkaRpcServiceUtils - Trying to start local actor system
6084 [flink-metrics-2] INFO  akka.event.slf4j.Slf4jLogger - Slf4jLogger started
6186 [main] INFO  org.apache.flink.runtime.rpc.akka.AkkaRpcServiceUtils - Actor system started at akka://flink-metrics
6344 [main] INFO  org.apache.flink.runtime.rpc.akka.AkkaRpcService - Starting RPC endpoint for org.apache.flink.runtime.metrics.dump.MetricQueryService at akka://flink-metrics/user/rpc/MetricQueryService .
6519 [main] INFO  org.apache.flink.runtime.minicluster.MiniCluster - Starting high-availability services
6768 [main] INFO  org.apache.flink.runtime.blob.BlobServer - Created BLOB server storage directory /tmp/junit5233100284024170297/junit7235429827186031423/blobStore-c7cc6da1-19f6-4ff5-9f24-654358c77eb6
6803 [main] INFO  org.apache.flink.runtime.blob.BlobServer - Started BLOB server at 0.0.0.0:38493 - max concurrent requests: 50 - max backlog: 1000
6856 [main] INFO  org.apache.flink.runtime.blob.PermanentBlobCache - Created BLOB cache storage directory /tmp/junit5233100284024170297/junit7235429827186031423/blobStore-c601fc32-f90d-44cc-ae10-12d57f1bf23b
6880 [main] INFO  org.apache.flink.runtime.blob.TransientBlobCache - Created BLOB cache storage directory /tmp/junit5233100284024170297/junit7235429827186031423/blobStore-b79f7f77-d9c0-41fd-a9b9-6e7ec1abfc78
6887 [main] INFO  org.apache.flink.runtime.minicluster.MiniCluster - Starting 1 TaskManger(s)
6889 [main] INFO  org.apache.flink.runtime.taskexecutor.TaskManagerRunner - Starting TaskManager with ResourceID: 2f2c7b98-d9ee-4490-b55b-537d867aaa3b
7175 [main] INFO  org.apache.flink.runtime.taskexecutor.TaskManagerServices - Temporary file directory '/tmp/junit5233100284024170297/junit7235429827186031423': total 196 GB, usable 161 GB (82.14% usable)
7197 [main] INFO  org.apache.flink.runtime.io.disk.FileChannelManagerImpl - FileChannelManager uses directory /tmp/junit5233100284024170297/junit7235429827186031423/flink-io-a141bf46-7b9f-4fdd-94f6-14ce7e654e1d for spill files.
7351 [main] INFO  org.apache.flink.runtime.io.disk.FileChannelManagerImpl - FileChannelManager uses directory /tmp/junit5233100284024170297/junit7235429827186031423/flink-netty-shuffle-6d19c72f-0829-48d1-bc9b-9ba3884b93c4 for spill files.
7386 [main] INFO  org.apache.flink.runtime.io.network.buffer.NetworkBufferPool - Allocated 64 MB for network buffer pool (number of memory segments: 2048, bytes per segment: 32768).
7769 [main] INFO  org.apache.flink.runtime.io.network.NettyShuffleEnvironment - Starting the network environment and its components.
7770 [main] INFO  org.apache.flink.runtime.taskexecutor.KvStateService - Starting the kvState service and its components.
8031 [main] INFO  org.apache.flink.runtime.rpc.akka.AkkaRpcService - Starting RPC endpoint for org.apache.flink.runtime.taskexecutor.TaskExecutor at akka://flink/user/rpc/taskmanager_0 .
8046 [flink-akka.actor.default-dispatcher-5] INFO  org.apache.flink.runtime.taskexecutor.DefaultJobLeaderService - Start job leader service.
8047 [flink-akka.actor.default-dispatcher-5] INFO  org.apache.flink.runtime.filecache.FileCache - User file cache uses directory /tmp/junit5233100284024170297/junit7235429827186031423/flink-dist-cache-3ee0eb09-ee48-4c6f-91c6-59c46613d5a0
8408 [main] INFO  org.apache.flink.runtime.dispatcher.DispatcherRestEndpoint - Starting rest endpoint.
8484 [main] INFO  org.apache.flink.runtime.dispatcher.DispatcherRestEndpoint - Failed to load web based job submission extension. Probable reason: flink-runtime-web is not in the classpath.
9332 [main] WARN  org.apache.flink.runtime.webmonitor.WebMonitorUtils - Log file environment variable 'log.file' is not set.
9332 [main] WARN  org.apache.flink.runtime.webmonitor.WebMonitorUtils - JobManager log files are unavailable in the web dashboard. Log file location not found in environment variable 'log.file' or configuration key 'web.log.path'.
10038 [main] INFO  org.apache.flink.runtime.dispatcher.DispatcherRestEndpoint - Rest endpoint listening at localhost:38337
10044 [main] INFO  org.apache.flink.runtime.highavailability.nonha.embedded.EmbeddedLeaderService - Proposing leadership to contender http://localhost:38337
10179 [mini-cluster-io-thread-1] INFO  org.apache.flink.runtime.dispatcher.DispatcherRestEndpoint - http://localhost:38337 was granted leadership with leaderSessionID=9beb70aa-397e-46e0-b1c0-3d206a366e49
10179 [mini-cluster-io-thread-1] INFO  org.apache.flink.runtime.highavailability.nonha.embedded.EmbeddedLeaderService - Received confirmation of leadership for leader http://localhost:38337 , session=9beb70aa-397e-46e0-b1c0-3d206a366e49
10275 [main] INFO  org.apache.flink.runtime.rpc.akka.AkkaRpcService - Starting RPC endpoint for org.apache.flink.runtime.resourcemanager.StandaloneResourceManager at akka://flink/user/rpc/resourcemanager_1 .
10295 [main] INFO  org.apache.flink.runtime.highavailability.nonha.embedded.EmbeddedLeaderService - Proposing leadership to contender LeaderContender: DefaultDispatcherRunner
10391 [mini-cluster-io-thread-2] INFO  org.apache.flink.runtime.dispatcher.runner.DefaultDispatcherRunner - DefaultDispatcherRunner was granted leadership with leader id d2169c32-c5d8-46be-8fed-86c13f616ef6. Creating new DispatcherLeaderProcess.
10396 [flink-akka.actor.default-dispatcher-5] INFO  org.apache.flink.runtime.resourcemanager.StandaloneResourceManager - Starting the resource manager.
10467 [flink-akka.actor.default-dispatcher-5] INFO  org.apache.flink.runtime.highavailability.nonha.embedded.EmbeddedLeaderService - Proposing leadership to contender LeaderContender: StandaloneResourceManager
10523 [main] INFO  org.apache.flink.runtime.minicluster.MiniCluster - Flink Mini Cluster started successfully
10528 [main] INFO  org.apache.flink.configuration.Configuration - Config uses fallback configuration key 'jobmanager.rpc.address' instead of key 'rest.address'
10537 [mini-cluster-io-thread-2] INFO  org.apache.flink.runtime.dispatcher.runner.SessionDispatcherLeaderProcess - Start SessionDispatcherLeaderProcess.
10560 [flink-akka.actor.default-dispatcher-5] INFO  org.apache.flink.runtime.resourcemanager.StandaloneResourceManager - ResourceManager akka://flink/user/rpc/resourcemanager_1 was granted leadership with fencing token b2abbc100b39fbfe6bccca5fb64c45f8
10639 [mini-cluster-io-thread-5] INFO  org.apache.flink.runtime.dispatcher.runner.SessionDispatcherLeaderProcess - Recover all persisted job graphs.
10639 [mini-cluster-io-thread-5] INFO  org.apache.flink.runtime.dispatcher.runner.SessionDispatcherLeaderProcess - Successfully recovered 0 persisted job graphs.
10755 [mini-cluster-io-thread-6] INFO  org.apache.flink.runtime.highavailability.nonha.embedded.EmbeddedLeaderService - Received confirmation of leadership for leader akka://flink/user/rpc/resourcemanager_1 , session=6bccca5f-b64c-45f8-b2ab-bc100b39fbfe
10756 [mini-cluster-io-thread-5] INFO  org.apache.flink.runtime.rpc.akka.AkkaRpcService - Starting RPC endpoint for org.apache.flink.runtime.dispatcher.StandaloneDispatcher at akka://flink/user/rpc/dispatcher_2 .
10811 [flink-akka.actor.default-dispatcher-5] INFO  org.apache.flink.runtime.taskexecutor.TaskExecutor - Connecting to ResourceManager akka://flink/user/rpc/resourcemanager_1(b2abbc100b39fbfe6bccca5fb64c45f8).
10879 [main] INFO  com.ververica.cdc.connectors.postgres.PostgresTestBase - Starting containers...
10971 [mini-cluster-io-thread-5] INFO  org.apache.flink.runtime.highavailability.nonha.embedded.EmbeddedLeaderService - Received confirmation of leadership for leader akka://flink/user/rpc/dispatcher_2 , session=d2169c32-c5d8-46be-8fed-86c13f616ef6
11030 [flink-akka.actor.default-dispatcher-3] INFO  org.apache.flink.runtime.taskexecutor.TaskExecutor - Resolved ResourceManager address, beginning registration
11038 [testcontainers-lifecycle-0] WARN  org.testcontainers.utility.TestcontainersConfiguration - Attempted to read Testcontainers configuration file at file:/root/.testcontainers.properties but the file was not found. Exception message: FileNotFoundException: /root/.testcontainers.properties (No such file or directory)
11049 [flink-akka.actor.default-dispatcher-5] INFO  org.apache.flink.runtime.resourcemanager.StandaloneResourceManager - Registering TaskManager with ResourceID 2f2c7b98-d9ee-4490-b55b-537d867aaa3b (akka://flink/user/rpc/taskmanager_0) at ResourceManager
11051 [flink-akka.actor.default-dispatcher-5] INFO  org.apache.flink.runtime.taskexecutor.TaskExecutor - Successful registration at resource manager akka://flink/user/rpc/resourcemanager_1 under registration id d296f08c172c8c5697bc1d35557e62a0.
11418 [testcontainers-lifecycle-0] INFO  org.testcontainers.dockerclient.DockerMachineClientProviderStrategy - docker-machine executable was not found on PATH ([/usr/local/openjdk-8/bin, /usr/local/sbin, /usr/local/bin, /usr/sbin, /usr/bin, /sbin, /bin])
11418 [testcontainers-lifecycle-0] ERROR org.testcontainers.dockerclient.DockerClientProviderStrategy - Could not find a valid Docker environment. Please check configuration. Attempted configurations were:
11418 [testcontainers-lifecycle-0] ERROR org.testcontainers.dockerclient.DockerClientProviderStrategy -     UnixSocketClientProviderStrategy: failed with exception InvalidConfigurationException (Could not find unix domain socket). Root cause NoSuchFileException (/var/run/docker.sock)
11418 [testcontainers-lifecycle-0] ERROR org.testcontainers.dockerclient.DockerClientProviderStrategy - As no valid configuration was found, execution cannot continue
11419 [main] INFO  org.apache.flink.test.util.MiniClusterWithClientResource - Finalization triggered: Cluster shutdown is going to be initiated.
11581 [main] INFO  org.apache.flink.runtime.minicluster.MiniCluster - Shutting down Flink Mini Cluster
11581 [flink-akka.actor.default-dispatcher-7] INFO  org.apache.flink.runtime.taskexecutor.TaskExecutor - Stopping TaskExecutor akka://flink/user/rpc/taskmanager_0.
11581 [flink-akka.actor.default-dispatcher-7] INFO  org.apache.flink.runtime.taskexecutor.TaskExecutor - Close ResourceManager connection 0282e8744fc43322f3da73901a8dfa16.
11581 [main] INFO  org.apache.flink.runtime.dispatcher.DispatcherRestEndpoint - Shutting down rest endpoint.
11583 [flink-akka.actor.default-dispatcher-7] INFO  org.apache.flink.runtime.taskexecutor.DefaultJobLeaderService - Stop job leader service.
11583 [flink-akka.actor.default-dispatcher-5] INFO  org.apache.flink.runtime.resourcemanager.StandaloneResourceManager - Closing TaskExecutor connection 2f2c7b98-d9ee-4490-b55b-537d867aaa3b because: The TaskExecutor is shutting down.
11588 [flink-akka.actor.default-dispatcher-7] INFO  org.apache.flink.runtime.state.TaskExecutorLocalStateStoresManager - Shutting down TaskExecutorLocalStateStoresManager.
11690 [flink-akka.actor.default-dispatcher-7] INFO  org.apache.flink.runtime.io.disk.FileChannelManagerImpl - FileChannelManager removed spill file directory /tmp/junit5233100284024170297/junit7235429827186031423/flink-io-a141bf46-7b9f-4fdd-94f6-14ce7e654e1d
11690 [flink-akka.actor.default-dispatcher-7] INFO  org.apache.flink.runtime.io.network.NettyShuffleEnvironment - Shutting down the network environment and its components.
11691 [flink-akka.actor.default-dispatcher-7] INFO  org.apache.flink.runtime.io.disk.FileChannelManagerImpl - FileChannelManager removed spill file directory /tmp/junit5233100284024170297/junit7235429827186031423/flink-netty-shuffle-6d19c72f-0829-48d1-bc9b-9ba3884b93c4
11692 [flink-akka.actor.default-dispatcher-7] INFO  org.apache.flink.runtime.taskexecutor.KvStateService - Shutting down the kvState service and its components.
11692 [flink-akka.actor.default-dispatcher-7] INFO  org.apache.flink.runtime.taskexecutor.DefaultJobLeaderService - Stop job leader service.
11692 [flink-akka.actor.default-dispatcher-7] INFO  org.apache.flink.runtime.filecache.FileCache - removed file cache directory /tmp/junit5233100284024170297/junit7235429827186031423/flink-dist-cache-3ee0eb09-ee48-4c6f-91c6-59c46613d5a0
11831 [ForkJoinPool.commonPool-worker-3] INFO  org.apache.flink.runtime.dispatcher.DispatcherRestEndpoint - Removing cache directory /tmp/flink-web-ui
11840 [ForkJoinPool.commonPool-worker-3] INFO  org.apache.flink.runtime.dispatcher.DispatcherRestEndpoint - Shut down complete.
11841 [flink-akka.actor.default-dispatcher-5] INFO  org.apache.flink.runtime.resourcemanager.StandaloneResourceManager - Shut down cluster because application is in CANCELED, diagnostics DispatcherResourceManagerComponent has been closed..
11841 [flink-akka.actor.default-dispatcher-5] INFO  org.apache.flink.runtime.entrypoint.component.DispatcherResourceManagerComponent - Closing components.
11849 [flink-akka.actor.default-dispatcher-5] INFO  org.apache.flink.runtime.dispatcher.runner.SessionDispatcherLeaderProcess - Stopping SessionDispatcherLeaderProcess.
11849 [flink-akka.actor.default-dispatcher-2] INFO  org.apache.flink.runtime.dispatcher.StandaloneDispatcher - Stopping dispatcher akka://flink/user/rpc/dispatcher_2.
11849 [flink-akka.actor.default-dispatcher-2] INFO  org.apache.flink.runtime.dispatcher.StandaloneDispatcher - Stopping all currently running jobs of dispatcher akka://flink/user/rpc/dispatcher_2.
11849 [flink-akka.actor.default-dispatcher-5] INFO  org.apache.flink.runtime.resourcemanager.slotmanager.DeclarativeSlotManager - Closing the slot manager.
11849 [flink-akka.actor.default-dispatcher-5] INFO  org.apache.flink.runtime.resourcemanager.slotmanager.DeclarativeSlotManager - Suspending the slot manager.
11891 [flink-akka.actor.default-dispatcher-2] INFO  org.apache.flink.runtime.dispatcher.StandaloneDispatcher - Stopped dispatcher akka://flink/user/rpc/dispatcher_2.
12489 [flink-akka.actor.default-dispatcher-7] INFO  org.apache.flink.runtime.taskexecutor.TaskExecutor - Stopped TaskExecutor akka://flink/user/rpc/taskmanager_0.
12651 [AkkaRpcService-Supervisor-Termination-Future-Executor-thread-1] INFO  org.apache.flink.runtime.rpc.akka.AkkaRpcService - Stopping Akka RPC service.
13044 [flink-metrics-2] INFO  org.apache.flink.runtime.rpc.akka.AkkaRpcService - Stopping Akka RPC service.
13044 [flink-metrics-2] INFO  org.apache.flink.runtime.rpc.akka.AkkaRpcService - Stopped Akka RPC service.
13205 [flink-akka.actor.default-dispatcher-7] INFO  org.apache.flink.runtime.blob.PermanentBlobCache - Shutting down BLOB cache
13206 [flink-akka.actor.default-dispatcher-7] INFO  org.apache.flink.runtime.blob.TransientBlobCache - Shutting down BLOB cache
13207 [flink-akka.actor.default-dispatcher-7] INFO  org.apache.flink.runtime.blob.BlobServer - Stopped BLOB server at 0.0.0.0:38493
13235 [flink-akka.actor.default-dispatcher-7] INFO  org.apache.flink.runtime.rpc.akka.AkkaRpcService - Stopped Akka RPC service.
[ERROR] Tests run: 1, Failures: 0, Errors: 1, Skipped: 0, Time elapsed: 10.431 s <<< FAILURE! - in com.ververica.cdc.connectors.postgres.PostgreSQLSourceTest
[ERROR] com.ververica.cdc.connectors.postgres.PostgreSQLSourceTest  Time elapsed: 10.431 s  <<< ERROR!
java.util.concurrent.CompletionException: java.lang.IllegalStateException: Could not find a valid Docker environment. Please see logs and check configuration
Caused by: java.lang.IllegalStateException: Could not find a valid Docker environment. Please see logs and check configuration

[INFO] 
[INFO] Results:
[INFO] 
[ERROR] Errors: 
[ERROR]   PostgreSQLSourceTest.com.ververica.cdc.connectors.postgres.PostgreSQLSourceTest » Completion
[INFO] 
[ERROR] Tests run: 5, Failures: 0, Errors: 1, Skipped: 0
[INFO] 
[INFO] 
[INFO] --------------< com.ververica:flink-connector-oracle-cdc >--------------
[INFO] Building flink-connector-oracle-cdc 2.1-SNAPSHOT                  [6/12]
[INFO] --------------------------------[ jar ]---------------------------------
[INFO] 
[INFO] --- spotless-maven-plugin:2.4.2:check (spotless-check) @ flink-connector-oracle-cdc ---
[INFO] 
[INFO] --- maven-checkstyle-plugin:2.17:check (validate) @ flink-connector-oracle-cdc ---
[INFO] 
[INFO] --- maven-enforcer-plugin:3.0.0-M1:enforce (enforce-maven-version) @ flink-connector-oracle-cdc ---
[INFO] 
[INFO] --- maven-remote-resources-plugin:1.5:process (process-resource-bundles) @ flink-connector-oracle-cdc ---
[INFO] 
[INFO] --- maven-resources-plugin:3.1.0:resources (default-resources) @ flink-connector-oracle-cdc ---
[INFO] Using 'UTF-8' encoding to copy filtered resources.
[INFO] Copying 1 resource
[INFO] Copying 3 resources
[INFO] 
[INFO] --- maven-compiler-plugin:3.7.0:compile (default-compile) @ flink-connector-oracle-cdc ---
[INFO] Nothing to compile - all classes are up to date
[INFO] 
[INFO] --- maven-resources-plugin:3.1.0:testResources (default-testResources) @ flink-connector-oracle-cdc ---
[INFO] Using 'UTF-8' encoding to copy filtered resources.
[INFO] Copying 4 resources
[INFO] Copying 3 resources
[INFO] 
[INFO] --- maven-compiler-plugin:3.7.0:testCompile (default-testCompile) @ flink-connector-oracle-cdc ---
[INFO] Nothing to compile - all classes are up to date
[INFO] 
[INFO] --- maven-surefire-plugin:2.22.0:test (default-test) @ flink-connector-oracle-cdc ---
[INFO] 
[INFO] -------------------------------------------------------
[INFO]  T E S T S
[INFO] -------------------------------------------------------
[INFO] Running com.ververica.cdc.connectors.oracle.OracleSourceTest
2685 [main] INFO  org.apache.flink.runtime.taskexecutor.TaskExecutorResourceUtils - The configuration option taskmanager.cpu.cores required for local execution is not set, setting it to the maximal possible value.
2708 [main] INFO  org.apache.flink.runtime.taskexecutor.TaskExecutorResourceUtils - The configuration option taskmanager.memory.task.heap.size required for local execution is not set, setting it to the maximal possible value.
2726 [main] INFO  org.apache.flink.runtime.taskexecutor.TaskExecutorResourceUtils - The configuration option taskmanager.memory.task.off-heap.size required for local execution is not set, setting it to the maximal possible value.
2760 [main] INFO  org.apache.flink.runtime.taskexecutor.TaskExecutorResourceUtils - The configuration option taskmanager.memory.network.min required for local execution is not set, setting it to its default value 64 mb.
2760 [main] INFO  org.apache.flink.runtime.taskexecutor.TaskExecutorResourceUtils - The configuration option taskmanager.memory.network.max required for local execution is not set, setting it to its default value 64 mb.
2815 [main] INFO  org.apache.flink.runtime.minicluster.MiniCluster - Starting Flink Mini Cluster
2822 [main] INFO  org.apache.flink.runtime.minicluster.MiniCluster - Starting Metrics Registry
3081 [main] INFO  org.apache.flink.runtime.metrics.MetricRegistryImpl - No metrics reporter configured, no metrics will be exposed/reported.
3081 [main] INFO  org.apache.flink.runtime.minicluster.MiniCluster - Starting RPC Service(s)
3090 [main] INFO  org.apache.flink.runtime.rpc.akka.AkkaRpcServiceUtils - Trying to start local actor system
4591 [flink-akka.actor.default-dispatcher-3] INFO  akka.event.slf4j.Slf4jLogger - Slf4jLogger started
5429 [main] INFO  org.apache.flink.runtime.rpc.akka.AkkaRpcServiceUtils - Actor system started at akka://flink
5544 [main] INFO  org.apache.flink.runtime.rpc.akka.AkkaRpcServiceUtils - Trying to start local actor system
5726 [flink-metrics-2] INFO  akka.event.slf4j.Slf4jLogger - Slf4jLogger started
5877 [main] INFO  org.apache.flink.runtime.rpc.akka.AkkaRpcServiceUtils - Actor system started at akka://flink-metrics
6202 [main] INFO  org.apache.flink.runtime.rpc.akka.AkkaRpcService - Starting RPC endpoint for org.apache.flink.runtime.metrics.dump.MetricQueryService at akka://flink-metrics/user/rpc/MetricQueryService .
6241 [main] INFO  org.apache.flink.runtime.minicluster.MiniCluster - Starting high-availability services
6249 [main] INFO  org.apache.flink.runtime.blob.BlobServer - Created BLOB server storage directory /tmp/junit5569076123713466086/junit6305950842644539755/blobStore-7212ec2d-7f55-477d-a80c-e63bf6c59984
6254 [main] INFO  org.apache.flink.runtime.blob.BlobServer - Started BLOB server at 0.0.0.0:40597 - max concurrent requests: 50 - max backlog: 1000
6264 [main] INFO  org.apache.flink.runtime.blob.PermanentBlobCache - Created BLOB cache storage directory /tmp/junit5569076123713466086/junit6305950842644539755/blobStore-5e2f627e-342b-47e5-aba5-c2475be8acef
6354 [main] INFO  org.apache.flink.runtime.blob.TransientBlobCache - Created BLOB cache storage directory /tmp/junit5569076123713466086/junit6305950842644539755/blobStore-05dcc31d-e5c2-4931-b640-64ff3a38adc0
6374 [main] INFO  org.apache.flink.runtime.minicluster.MiniCluster - Starting 1 TaskManger(s)
6388 [main] INFO  org.apache.flink.runtime.taskexecutor.TaskManagerRunner - Starting TaskManager with ResourceID: 40ed0284-1429-4e47-add0-4e9d2764fe56
6771 [main] INFO  org.apache.flink.runtime.taskexecutor.TaskManagerServices - Temporary file directory '/tmp/junit5569076123713466086/junit6305950842644539755': total 196 GB, usable 161 GB (82.14% usable)
6876 [main] INFO  org.apache.flink.runtime.io.disk.FileChannelManagerImpl - FileChannelManager uses directory /tmp/junit5569076123713466086/junit6305950842644539755/flink-io-f23f86cd-3d19-438c-8b67-1f73e5b4973b for spill files.
6912 [main] INFO  org.apache.flink.runtime.io.disk.FileChannelManagerImpl - FileChannelManager uses directory /tmp/junit5569076123713466086/junit6305950842644539755/flink-netty-shuffle-1580da16-d56f-4067-879e-da2ad859dfc3 for spill files.
6949 [main] INFO  org.apache.flink.runtime.io.network.buffer.NetworkBufferPool - Allocated 64 MB for network buffer pool (number of memory segments: 2048, bytes per segment: 32768).
7179 [main] INFO  org.apache.flink.runtime.io.network.NettyShuffleEnvironment - Starting the network environment and its components.
7180 [main] INFO  org.apache.flink.runtime.taskexecutor.KvStateService - Starting the kvState service and its components.
7371 [main] INFO  org.apache.flink.runtime.rpc.akka.AkkaRpcService - Starting RPC endpoint for org.apache.flink.runtime.taskexecutor.TaskExecutor at akka://flink/user/rpc/taskmanager_0 .
7559 [flink-akka.actor.default-dispatcher-4] INFO  org.apache.flink.runtime.taskexecutor.DefaultJobLeaderService - Start job leader service.
7591 [flink-akka.actor.default-dispatcher-4] INFO  org.apache.flink.runtime.filecache.FileCache - User file cache uses directory /tmp/junit5569076123713466086/junit6305950842644539755/flink-dist-cache-e41e1666-4064-4bfc-9f41-df29c5fa7637
7694 [main] INFO  org.apache.flink.runtime.dispatcher.DispatcherRestEndpoint - Starting rest endpoint.
7695 [main] INFO  org.apache.flink.runtime.dispatcher.DispatcherRestEndpoint - Failed to load web based job submission extension. Probable reason: flink-runtime-web is not in the classpath.
9021 [main] WARN  org.apache.flink.runtime.webmonitor.WebMonitorUtils - Log file environment variable 'log.file' is not set.
9021 [main] WARN  org.apache.flink.runtime.webmonitor.WebMonitorUtils - JobManager log files are unavailable in the web dashboard. Log file location not found in environment variable 'log.file' or configuration key 'web.log.path'.
9338 [main] INFO  org.apache.flink.runtime.dispatcher.DispatcherRestEndpoint - Rest endpoint listening at localhost:35517
9342 [main] INFO  org.apache.flink.runtime.highavailability.nonha.embedded.EmbeddedLeaderService - Proposing leadership to contender http://localhost:35517
9434 [mini-cluster-io-thread-1] INFO  org.apache.flink.runtime.dispatcher.DispatcherRestEndpoint - http://localhost:35517 was granted leadership with leaderSessionID=75b23b06-f4a5-452b-9d15-3602c4eb577d
9434 [mini-cluster-io-thread-1] INFO  org.apache.flink.runtime.highavailability.nonha.embedded.EmbeddedLeaderService - Received confirmation of leadership for leader http://localhost:35517 , session=75b23b06-f4a5-452b-9d15-3602c4eb577d
9608 [main] INFO  org.apache.flink.runtime.rpc.akka.AkkaRpcService - Starting RPC endpoint for org.apache.flink.runtime.resourcemanager.StandaloneResourceManager at akka://flink/user/rpc/resourcemanager_1 .
9640 [main] INFO  org.apache.flink.runtime.highavailability.nonha.embedded.EmbeddedLeaderService - Proposing leadership to contender LeaderContender: DefaultDispatcherRunner
9775 [mini-cluster-io-thread-2] INFO  org.apache.flink.runtime.dispatcher.runner.DefaultDispatcherRunner - DefaultDispatcherRunner was granted leadership with leader id 40dafb9c-0498-46d7-9c08-6425d0c8d8b2. Creating new DispatcherLeaderProcess.
9807 [flink-akka.actor.default-dispatcher-4] INFO  org.apache.flink.runtime.resourcemanager.StandaloneResourceManager - Starting the resource manager.
9807 [flink-akka.actor.default-dispatcher-4] INFO  org.apache.flink.runtime.highavailability.nonha.embedded.EmbeddedLeaderService - Proposing leadership to contender LeaderContender: StandaloneResourceManager
9930 [flink-akka.actor.default-dispatcher-4] INFO  org.apache.flink.runtime.resourcemanager.StandaloneResourceManager - ResourceManager akka://flink/user/rpc/resourcemanager_1 was granted leadership with fencing token a0580f11e726dc022c87d44144864006
9978 [main] INFO  org.apache.flink.runtime.minicluster.MiniCluster - Flink Mini Cluster started successfully
9987 [mini-cluster-io-thread-2] INFO  org.apache.flink.runtime.dispatcher.runner.SessionDispatcherLeaderProcess - Start SessionDispatcherLeaderProcess.
9991 [main] INFO  org.apache.flink.configuration.Configuration - Config uses fallback configuration key 'jobmanager.rpc.address' instead of key 'rest.address'
10031 [mini-cluster-io-thread-6] INFO  org.apache.flink.runtime.highavailability.nonha.embedded.EmbeddedLeaderService - Received confirmation of leadership for leader akka://flink/user/rpc/resourcemanager_1 , session=2c87d441-4486-4006-a058-0f11e726dc02
10127 [flink-akka.actor.default-dispatcher-3] INFO  org.apache.flink.runtime.taskexecutor.TaskExecutor - Connecting to ResourceManager akka://flink/user/rpc/resourcemanager_1(a0580f11e726dc022c87d44144864006).
10367 [mini-cluster-io-thread-5] INFO  org.apache.flink.runtime.dispatcher.runner.SessionDispatcherLeaderProcess - Recover all persisted job graphs.
10373 [mini-cluster-io-thread-5] INFO  org.apache.flink.runtime.dispatcher.runner.SessionDispatcherLeaderProcess - Successfully recovered 0 persisted job graphs.
10454 [flink-akka.actor.default-dispatcher-3] INFO  org.apache.flink.runtime.taskexecutor.TaskExecutor - Resolved ResourceManager address, beginning registration
10463 [mini-cluster-io-thread-5] INFO  org.apache.flink.runtime.rpc.akka.AkkaRpcService - Starting RPC endpoint for org.apache.flink.runtime.dispatcher.StandaloneDispatcher at akka://flink/user/rpc/dispatcher_2 .
10519 [mini-cluster-io-thread-5] INFO  org.apache.flink.runtime.highavailability.nonha.embedded.EmbeddedLeaderService - Received confirmation of leadership for leader akka://flink/user/rpc/dispatcher_2 , session=40dafb9c-0498-46d7-9c08-6425d0c8d8b2
10520 [flink-akka.actor.default-dispatcher-5] INFO  org.apache.flink.runtime.resourcemanager.StandaloneResourceManager - Registering TaskManager with ResourceID 40ed0284-1429-4e47-add0-4e9d2764fe56 (akka://flink/user/rpc/taskmanager_0) at ResourceManager
10522 [flink-akka.actor.default-dispatcher-3] INFO  org.apache.flink.runtime.taskexecutor.TaskExecutor - Successful registration at resource manager akka://flink/user/rpc/resourcemanager_1 under registration id 7d718bc0f821d047961c287689186f76.
10537 [main] INFO  com.ververica.cdc.connectors.oracle.OracleSourceTest - 
================================================================================
Test testCheckpointAndRestore(com.ververica.cdc.connectors.oracle.OracleSourceTest) is running.
--------------------------------------------------------------------------------
10537 [main] INFO  com.ververica.cdc.connectors.oracle.OracleSourceTest - Starting containers...
10724 [testcontainers-lifecycle-0] WARN  org.testcontainers.utility.TestcontainersConfiguration - Attempted to read Testcontainers configuration file at file:/root/.testcontainers.properties but the file was not found. Exception message: FileNotFoundException: /root/.testcontainers.properties (No such file or directory)
11117 [testcontainers-lifecycle-0] INFO  org.testcontainers.dockerclient.DockerMachineClientProviderStrategy - docker-machine executable was not found on PATH ([/usr/local/openjdk-8/bin, /usr/local/sbin, /usr/local/bin, /usr/sbin, /usr/bin, /sbin, /bin])
11117 [testcontainers-lifecycle-0] ERROR org.testcontainers.dockerclient.DockerClientProviderStrategy - Could not find a valid Docker environment. Please check configuration. Attempted configurations were:
11117 [testcontainers-lifecycle-0] ERROR org.testcontainers.dockerclient.DockerClientProviderStrategy -     UnixSocketClientProviderStrategy: failed with exception InvalidConfigurationException (Could not find unix domain socket). Root cause NoSuchFileException (/var/run/docker.sock)
11117 [testcontainers-lifecycle-0] ERROR org.testcontainers.dockerclient.DockerClientProviderStrategy - As no valid configuration was found, execution cannot continue
11145 [main] ERROR com.ververica.cdc.connectors.oracle.OracleSourceTest - 
--------------------------------------------------------------------------------
Test testCheckpointAndRestore(com.ververica.cdc.connectors.oracle.OracleSourceTest) failed with:
java.util.concurrent.CompletionException: java.lang.IllegalStateException: Could not find a valid Docker environment. Please see logs and check configuration
	at java.util.concurrent.CompletableFuture.encodeThrowable(CompletableFuture.java:273)
	at java.util.concurrent.CompletableFuture.completeThrowable(CompletableFuture.java:280)
	at java.util.concurrent.CompletableFuture.uniRun(CompletableFuture.java:722)
	at java.util.concurrent.CompletableFuture$UniRun.tryFire(CompletableFuture.java:701)
	at java.util.concurrent.CompletableFuture$Completion.run(CompletableFuture.java:456)
	at java.util.concurrent.ThreadPoolExecutor.runWorker(ThreadPoolExecutor.java:1149)
	at java.util.concurrent.ThreadPoolExecutor$Worker.run(ThreadPoolExecutor.java:624)
	at java.lang.Thread.run(Thread.java:748)
Caused by: java.lang.IllegalStateException: Could not find a valid Docker environment. Please see logs and check configuration
	at org.testcontainers.dockerclient.DockerClientProviderStrategy.lambda$getFirstValidStrategy$4(DockerClientProviderStrategy.java:156)
	at java.util.Optional.orElseThrow(Optional.java:290)
	at org.testcontainers.dockerclient.DockerClientProviderStrategy.getFirstValidStrategy(DockerClientProviderStrategy.java:148)
	at org.testcontainers.DockerClientFactory.getOrInitializeStrategy(DockerClientFactory.java:146)
	at org.testcontainers.DockerClientFactory.client(DockerClientFactory.java:188)
	at org.testcontainers.DockerClientFactory$1.getDockerClient(DockerClientFactory.java:101)
	at com.github.dockerjava.api.DockerClientDelegate.authConfig(DockerClientDelegate.java:107)
	at org.testcontainers.containers.GenericContainer.start(GenericContainer.java:316)
	at java.util.concurrent.CompletableFuture.uniRun(CompletableFuture.java:719)
	... 5 more

================================================================================
11147 [main] INFO  com.ververica.cdc.connectors.oracle.OracleSourceTest - 
================================================================================
Test testConsumingEmptyTable(com.ververica.cdc.connectors.oracle.OracleSourceTest) is running.
--------------------------------------------------------------------------------
11148 [main] INFO  com.ververica.cdc.connectors.oracle.OracleSourceTest - Starting containers...
11256 [main] ERROR com.ververica.cdc.connectors.oracle.OracleSourceTest - 
--------------------------------------------------------------------------------
Test testConsumingEmptyTable(com.ververica.cdc.connectors.oracle.OracleSourceTest) failed with:
java.util.concurrent.CompletionException: java.lang.IllegalStateException: Previous attempts to find a Docker environment failed. Will not retry. Please see logs and check configuration
	at java.util.concurrent.CompletableFuture.encodeThrowable(CompletableFuture.java:273)
	at java.util.concurrent.CompletableFuture.completeThrowable(CompletableFuture.java:280)
	at java.util.concurrent.CompletableFuture.uniRun(CompletableFuture.java:722)
	at java.util.concurrent.CompletableFuture$UniRun.tryFire(CompletableFuture.java:701)
	at java.util.concurrent.CompletableFuture$Completion.run(CompletableFuture.java:456)
	at java.util.concurrent.ThreadPoolExecutor.runWorker(ThreadPoolExecutor.java:1149)
	at java.util.concurrent.ThreadPoolExecutor$Worker.run(ThreadPoolExecutor.java:624)
	at java.lang.Thread.run(Thread.java:748)
Caused by: java.lang.IllegalStateException: Previous attempts to find a Docker environment failed. Will not retry. Please see logs and check configuration
	at org.testcontainers.dockerclient.DockerClientProviderStrategy.getFirstValidStrategy(DockerClientProviderStrategy.java:114)
	at org.testcontainers.DockerClientFactory.getOrInitializeStrategy(DockerClientFactory.java:146)
	at org.testcontainers.DockerClientFactory.client(DockerClientFactory.java:188)
	at org.testcontainers.DockerClientFactory$1.getDockerClient(DockerClientFactory.java:101)
	at com.github.dockerjava.api.DockerClientDelegate.authConfig(DockerClientDelegate.java:107)
	at org.testcontainers.containers.GenericContainer.start(GenericContainer.java:316)
	at java.util.concurrent.CompletableFuture.uniRun(CompletableFuture.java:719)
	... 5 more

================================================================================
11302 [main] INFO  com.ververica.cdc.connectors.oracle.OracleSourceTest - 
================================================================================
Test testRecoverFromRenameOperation(com.ververica.cdc.connectors.oracle.OracleSourceTest) is running.
--------------------------------------------------------------------------------
11302 [main] INFO  com.ververica.cdc.connectors.oracle.OracleSourceTest - Starting containers...
11436 [main] ERROR com.ververica.cdc.connectors.oracle.OracleSourceTest - 
--------------------------------------------------------------------------------
Test testRecoverFromRenameOperation(com.ververica.cdc.connectors.oracle.OracleSourceTest) failed with:
java.util.concurrent.CompletionException: java.lang.IllegalStateException: Previous attempts to find a Docker environment failed. Will not retry. Please see logs and check configuration
	at java.util.concurrent.CompletableFuture.encodeThrowable(CompletableFuture.java:273)
	at java.util.concurrent.CompletableFuture.completeThrowable(CompletableFuture.java:280)
	at java.util.concurrent.CompletableFuture.uniRun(CompletableFuture.java:722)
	at java.util.concurrent.CompletableFuture$UniRun.tryFire(CompletableFuture.java:701)
	at java.util.concurrent.CompletableFuture$Completion.run(CompletableFuture.java:456)
	at java.util.concurrent.ThreadPoolExecutor.runWorker(ThreadPoolExecutor.java:1149)
	at java.util.concurrent.ThreadPoolExecutor$Worker.run(ThreadPoolExecutor.java:624)
	at java.lang.Thread.run(Thread.java:748)
Caused by: java.lang.IllegalStateException: Previous attempts to find a Docker environment failed. Will not retry. Please see logs and check configuration
	at org.testcontainers.dockerclient.DockerClientProviderStrategy.getFirstValidStrategy(DockerClientProviderStrategy.java:114)
	at org.testcontainers.DockerClientFactory.getOrInitializeStrategy(DockerClientFactory.java:146)
	at org.testcontainers.DockerClientFactory.client(DockerClientFactory.java:188)
	at org.testcontainers.DockerClientFactory$1.getDockerClient(DockerClientFactory.java:101)
	at com.github.dockerjava.api.DockerClientDelegate.authConfig(DockerClientDelegate.java:107)
	at org.testcontainers.containers.GenericContainer.start(GenericContainer.java:316)
	at java.util.concurrent.CompletableFuture.uniRun(CompletableFuture.java:719)
	... 5 more

================================================================================
11436 [main] INFO  com.ververica.cdc.connectors.oracle.OracleSourceTest - 
================================================================================
Test testConsumingAllEvents(com.ververica.cdc.connectors.oracle.OracleSourceTest) is running.
--------------------------------------------------------------------------------
11436 [main] INFO  com.ververica.cdc.connectors.oracle.OracleSourceTest - Starting containers...
11520 [main] ERROR com.ververica.cdc.connectors.oracle.OracleSourceTest - 
--------------------------------------------------------------------------------
Test testConsumingAllEvents(com.ververica.cdc.connectors.oracle.OracleSourceTest) failed with:
java.util.concurrent.CompletionException: java.lang.IllegalStateException: Previous attempts to find a Docker environment failed. Will not retry. Please see logs and check configuration
	at java.util.concurrent.CompletableFuture.encodeThrowable(CompletableFuture.java:273)
	at java.util.concurrent.CompletableFuture.completeThrowable(CompletableFuture.java:280)
	at java.util.concurrent.CompletableFuture.uniRun(CompletableFuture.java:722)
	at java.util.concurrent.CompletableFuture$UniRun.tryFire(CompletableFuture.java:701)
	at java.util.concurrent.CompletableFuture$Completion.run(CompletableFuture.java:456)
	at java.util.concurrent.ThreadPoolExecutor.runWorker(ThreadPoolExecutor.java:1149)
	at java.util.concurrent.ThreadPoolExecutor$Worker.run(ThreadPoolExecutor.java:624)
	at java.lang.Thread.run(Thread.java:748)
Caused by: java.lang.IllegalStateException: Previous attempts to find a Docker environment failed. Will not retry. Please see logs and check configuration
	at org.testcontainers.dockerclient.DockerClientProviderStrategy.getFirstValidStrategy(DockerClientProviderStrategy.java:114)
	at org.testcontainers.DockerClientFactory.getOrInitializeStrategy(DockerClientFactory.java:146)
	at org.testcontainers.DockerClientFactory.client(DockerClientFactory.java:188)
	at org.testcontainers.DockerClientFactory$1.getDockerClient(DockerClientFactory.java:101)
	at com.github.dockerjava.api.DockerClientDelegate.authConfig(DockerClientDelegate.java:107)
	at org.testcontainers.containers.GenericContainer.start(GenericContainer.java:316)
	at java.util.concurrent.CompletableFuture.uniRun(CompletableFuture.java:719)
	... 5 more

================================================================================
11521 [main] INFO  org.apache.flink.test.util.MiniClusterWithClientResource - Finalization triggered: Cluster shutdown is going to be initiated.
11880 [main] INFO  org.apache.flink.runtime.minicluster.MiniCluster - Shutting down Flink Mini Cluster
11880 [main] INFO  org.apache.flink.runtime.dispatcher.DispatcherRestEndpoint - Shutting down rest endpoint.
11882 [flink-akka.actor.default-dispatcher-2] INFO  org.apache.flink.runtime.taskexecutor.TaskExecutor - Stopping TaskExecutor akka://flink/user/rpc/taskmanager_0.
11882 [flink-akka.actor.default-dispatcher-2] INFO  org.apache.flink.runtime.taskexecutor.TaskExecutor - Close ResourceManager connection b721f4cbd79121d21a02357c3f4a4597.
11882 [flink-akka.actor.default-dispatcher-3] INFO  org.apache.flink.runtime.resourcemanager.StandaloneResourceManager - Closing TaskExecutor connection 40ed0284-1429-4e47-add0-4e9d2764fe56 because: The TaskExecutor is shutting down.
11897 [flink-akka.actor.default-dispatcher-2] INFO  org.apache.flink.runtime.taskexecutor.DefaultJobLeaderService - Stop job leader service.
11900 [flink-akka.actor.default-dispatcher-2] INFO  org.apache.flink.runtime.state.TaskExecutorLocalStateStoresManager - Shutting down TaskExecutorLocalStateStoresManager.
12055 [flink-akka.actor.default-dispatcher-2] INFO  org.apache.flink.runtime.io.disk.FileChannelManagerImpl - FileChannelManager removed spill file directory /tmp/junit5569076123713466086/junit6305950842644539755/flink-io-f23f86cd-3d19-438c-8b67-1f73e5b4973b
12055 [flink-akka.actor.default-dispatcher-2] INFO  org.apache.flink.runtime.io.network.NettyShuffleEnvironment - Shutting down the network environment and its components.
12056 [flink-akka.actor.default-dispatcher-2] INFO  org.apache.flink.runtime.io.disk.FileChannelManagerImpl - FileChannelManager removed spill file directory /tmp/junit5569076123713466086/junit6305950842644539755/flink-netty-shuffle-1580da16-d56f-4067-879e-da2ad859dfc3
12056 [flink-akka.actor.default-dispatcher-2] INFO  org.apache.flink.runtime.taskexecutor.KvStateService - Shutting down the kvState service and its components.
12056 [flink-akka.actor.default-dispatcher-2] INFO  org.apache.flink.runtime.taskexecutor.DefaultJobLeaderService - Stop job leader service.
12057 [flink-akka.actor.default-dispatcher-2] INFO  org.apache.flink.runtime.filecache.FileCache - removed file cache directory /tmp/junit5569076123713466086/junit6305950842644539755/flink-dist-cache-e41e1666-4064-4bfc-9f41-df29c5fa7637
12342 [ForkJoinPool.commonPool-worker-3] INFO  org.apache.flink.runtime.dispatcher.DispatcherRestEndpoint - Removing cache directory /tmp/flink-web-ui
12355 [ForkJoinPool.commonPool-worker-3] INFO  org.apache.flink.runtime.dispatcher.DispatcherRestEndpoint - Shut down complete.
12356 [flink-akka.actor.default-dispatcher-3] INFO  org.apache.flink.runtime.resourcemanager.StandaloneResourceManager - Shut down cluster because application is in CANCELED, diagnostics DispatcherResourceManagerComponent has been closed..
12356 [ForkJoinPool.commonPool-worker-3] INFO  org.apache.flink.runtime.entrypoint.component.DispatcherResourceManagerComponent - Closing components.
12364 [ForkJoinPool.commonPool-worker-3] INFO  org.apache.flink.runtime.dispatcher.runner.SessionDispatcherLeaderProcess - Stopping SessionDispatcherLeaderProcess.
12365 [flink-akka.actor.default-dispatcher-4] INFO  org.apache.flink.runtime.dispatcher.StandaloneDispatcher - Stopping dispatcher akka://flink/user/rpc/dispatcher_2.
12365 [flink-akka.actor.default-dispatcher-4] INFO  org.apache.flink.runtime.dispatcher.StandaloneDispatcher - Stopping all currently running jobs of dispatcher akka://flink/user/rpc/dispatcher_2.
12365 [flink-akka.actor.default-dispatcher-5] INFO  org.apache.flink.runtime.resourcemanager.slotmanager.DeclarativeSlotManager - Closing the slot manager.
12365 [flink-akka.actor.default-dispatcher-5] INFO  org.apache.flink.runtime.resourcemanager.slotmanager.DeclarativeSlotManager - Suspending the slot manager.
12380 [flink-akka.actor.default-dispatcher-4] INFO  org.apache.flink.runtime.dispatcher.StandaloneDispatcher - Stopped dispatcher akka://flink/user/rpc/dispatcher_2.
13118 [flink-akka.actor.default-dispatcher-2] INFO  org.apache.flink.runtime.taskexecutor.TaskExecutor - Stopped TaskExecutor akka://flink/user/rpc/taskmanager_0.
13230 [AkkaRpcService-Supervisor-Termination-Future-Executor-thread-1] INFO  org.apache.flink.runtime.rpc.akka.AkkaRpcService - Stopping Akka RPC service.
13750 [flink-metrics-2] INFO  org.apache.flink.runtime.rpc.akka.AkkaRpcService - Stopping Akka RPC service.
13767 [flink-metrics-2] INFO  org.apache.flink.runtime.rpc.akka.AkkaRpcService - Stopped Akka RPC service.
13922 [flink-akka.actor.default-dispatcher-5] INFO  org.apache.flink.runtime.blob.PermanentBlobCache - Shutting down BLOB cache
13922 [flink-akka.actor.default-dispatcher-5] INFO  org.apache.flink.runtime.blob.TransientBlobCache - Shutting down BLOB cache
13923 [flink-akka.actor.default-dispatcher-5] INFO  org.apache.flink.runtime.blob.BlobServer - Stopped BLOB server at 0.0.0.0:40597
13923 [flink-akka.actor.default-dispatcher-5] INFO  org.apache.flink.runtime.rpc.akka.AkkaRpcService - Stopped Akka RPC service.
[ERROR] Tests run: 4, Failures: 0, Errors: 4, Skipped: 0, Time elapsed: 13.155 s <<< FAILURE! - in com.ververica.cdc.connectors.oracle.OracleSourceTest
[ERROR] testCheckpointAndRestore(com.ververica.cdc.connectors.oracle.OracleSourceTest)  Time elapsed: 0.612 s  <<< ERROR!
java.util.concurrent.CompletionException: java.lang.IllegalStateException: Could not find a valid Docker environment. Please see logs and check configuration
Caused by: java.lang.IllegalStateException: Could not find a valid Docker environment. Please see logs and check configuration

[ERROR] testConsumingEmptyTable(com.ververica.cdc.connectors.oracle.OracleSourceTest)  Time elapsed: 0.158 s  <<< ERROR!
java.util.concurrent.CompletionException: java.lang.IllegalStateException: Previous attempts to find a Docker environment failed. Will not retry. Please see logs and check configuration
Caused by: java.lang.IllegalStateException: Previous attempts to find a Docker environment failed. Will not retry. Please see logs and check configuration

[ERROR] testRecoverFromRenameOperation(com.ververica.cdc.connectors.oracle.OracleSourceTest)  Time elapsed: 0.131 s  <<< ERROR!
java.util.concurrent.CompletionException: java.lang.IllegalStateException: Previous attempts to find a Docker environment failed. Will not retry. Please see logs and check configuration
Caused by: java.lang.IllegalStateException: Previous attempts to find a Docker environment failed. Will not retry. Please see logs and check configuration

[ERROR] testConsumingAllEvents(com.ververica.cdc.connectors.oracle.OracleSourceTest)  Time elapsed: 0.085 s  <<< ERROR!
java.util.concurrent.CompletionException: java.lang.IllegalStateException: Previous attempts to find a Docker environment failed. Will not retry. Please see logs and check configuration
Caused by: java.lang.IllegalStateException: Previous attempts to find a Docker environment failed. Will not retry. Please see logs and check configuration

[INFO] Running com.ververica.cdc.connectors.oracle.table.OracleTableSourceFactoryTest
[INFO] Tests run: 6, Failures: 0, Errors: 0, Skipped: 0, Time elapsed: 0.423 s - in com.ververica.cdc.connectors.oracle.table.OracleTableSourceFactoryTest
[INFO] 
[INFO] Results:
[INFO] 
[ERROR] Errors: 
[ERROR]   OracleSourceTest.testCheckpointAndRestore » Completion java.lang.IllegalStateE...
[ERROR]   OracleSourceTest.testConsumingAllEvents » Completion java.lang.IllegalStateExc...
[ERROR]   OracleSourceTest.testConsumingEmptyTable » Completion java.lang.IllegalStateEx...
[ERROR]   OracleSourceTest.testRecoverFromRenameOperation » Completion java.lang.Illegal...
[INFO] 
[ERROR] Tests run: 10, Failures: 0, Errors: 4, Skipped: 0
[INFO] 
[INFO] 
[INFO] -------------< com.ververica:flink-connector-mongodb-cdc >--------------
[INFO] Building flink-connector-mongodb-cdc 2.1-SNAPSHOT                 [7/12]
[INFO] --------------------------------[ jar ]---------------------------------
[INFO] 
[INFO] --- spotless-maven-plugin:2.4.2:check (spotless-check) @ flink-connector-mongodb-cdc ---
[INFO] 
[INFO] --- maven-checkstyle-plugin:2.17:check (validate) @ flink-connector-mongodb-cdc ---
[INFO] 
[INFO] --- maven-enforcer-plugin:3.0.0-M1:enforce (enforce-maven-version) @ flink-connector-mongodb-cdc ---
[INFO] 
[INFO] --- maven-remote-resources-plugin:1.5:process (process-resource-bundles) @ flink-connector-mongodb-cdc ---
[INFO] 
[INFO] --- maven-resources-plugin:3.1.0:resources (default-resources) @ flink-connector-mongodb-cdc ---
[INFO] Using 'UTF-8' encoding to copy filtered resources.
[INFO] Copying 1 resource
[INFO] Copying 3 resources
[INFO] 
[INFO] --- maven-compiler-plugin:3.7.0:compile (default-compile) @ flink-connector-mongodb-cdc ---
[INFO] Nothing to compile - all classes are up to date
[INFO] 
[INFO] --- maven-resources-plugin:3.1.0:testResources (default-testResources) @ flink-connector-mongodb-cdc ---
[INFO] Using 'UTF-8' encoding to copy filtered resources.
[INFO] Copying 4 resources
[INFO] Copying 3 resources
[INFO] 
[INFO] --- maven-compiler-plugin:3.7.0:testCompile (default-testCompile) @ flink-connector-mongodb-cdc ---
[INFO] Nothing to compile - all classes are up to date
[INFO] 
[INFO] --- maven-surefire-plugin:2.22.0:test (default-test) @ flink-connector-mongodb-cdc ---
[INFO] 
[INFO] -------------------------------------------------------
[INFO]  T E S T S
[INFO] -------------------------------------------------------
[INFO] Running com.ververica.cdc.connectors.mongodb.table.MongoDBTableFactoryTest
[INFO] Tests run: 4, Failures: 0, Errors: 0, Skipped: 0, Time elapsed: 1.841 s - in com.ververica.cdc.connectors.mongodb.table.MongoDBTableFactoryTest
[INFO] Running com.ververica.cdc.connectors.mongodb.MongoDBSourceTest
3041 [main] INFO  org.apache.flink.runtime.taskexecutor.TaskExecutorResourceUtils - The configuration option taskmanager.cpu.cores required for local execution is not set, setting it to the maximal possible value.
3089 [main] INFO  org.apache.flink.runtime.taskexecutor.TaskExecutorResourceUtils - The configuration option taskmanager.memory.task.heap.size required for local execution is not set, setting it to the maximal possible value.
3089 [main] INFO  org.apache.flink.runtime.taskexecutor.TaskExecutorResourceUtils - The configuration option taskmanager.memory.task.off-heap.size required for local execution is not set, setting it to the maximal possible value.
3090 [main] INFO  org.apache.flink.runtime.taskexecutor.TaskExecutorResourceUtils - The configuration option taskmanager.memory.network.min required for local execution is not set, setting it to its default value 64 mb.
3090 [main] INFO  org.apache.flink.runtime.taskexecutor.TaskExecutorResourceUtils - The configuration option taskmanager.memory.network.max required for local execution is not set, setting it to its default value 64 mb.
3101 [main] INFO  org.apache.flink.runtime.minicluster.MiniCluster - Starting Flink Mini Cluster
3103 [main] INFO  org.apache.flink.runtime.minicluster.MiniCluster - Starting Metrics Registry
3126 [main] INFO  org.apache.flink.runtime.metrics.MetricRegistryImpl - No metrics reporter configured, no metrics will be exposed/reported.
3127 [main] INFO  org.apache.flink.runtime.minicluster.MiniCluster - Starting RPC Service(s)
3181 [main] INFO  org.apache.flink.runtime.rpc.akka.AkkaRpcServiceUtils - Trying to start local actor system
4397 [flink-akka.actor.default-dispatcher-3] INFO  akka.event.slf4j.Slf4jLogger - Slf4jLogger started
4964 [main] INFO  org.apache.flink.runtime.rpc.akka.AkkaRpcServiceUtils - Actor system started at akka://flink
4970 [main] INFO  org.apache.flink.runtime.rpc.akka.AkkaRpcServiceUtils - Trying to start local actor system
5072 [flink-metrics-2] INFO  akka.event.slf4j.Slf4jLogger - Slf4jLogger started
5238 [main] INFO  org.apache.flink.runtime.rpc.akka.AkkaRpcServiceUtils - Actor system started at akka://flink-metrics
5335 [main] INFO  org.apache.flink.runtime.rpc.akka.AkkaRpcService - Starting RPC endpoint for org.apache.flink.runtime.metrics.dump.MetricQueryService at akka://flink-metrics/user/rpc/MetricQueryService .
5358 [main] INFO  org.apache.flink.runtime.minicluster.MiniCluster - Starting high-availability services
5464 [main] INFO  org.apache.flink.runtime.blob.BlobServer - Created BLOB server storage directory /tmp/junit5123222841416893854/junit3728007083076202084/blobStore-0cab4fd9-b950-42f9-b53a-f0c575a3aed9
5500 [main] INFO  org.apache.flink.runtime.blob.BlobServer - Started BLOB server at 0.0.0.0:41167 - max concurrent requests: 50 - max backlog: 1000
5640 [main] INFO  org.apache.flink.runtime.blob.PermanentBlobCache - Created BLOB cache storage directory /tmp/junit5123222841416893854/junit3728007083076202084/blobStore-ae976461-8c6d-4883-89e1-a264c792d36d
5644 [main] INFO  org.apache.flink.runtime.blob.TransientBlobCache - Created BLOB cache storage directory /tmp/junit5123222841416893854/junit3728007083076202084/blobStore-73006c3c-4b1a-484c-a02d-af444128190e
5647 [main] INFO  org.apache.flink.runtime.minicluster.MiniCluster - Starting 1 TaskManger(s)
5721 [main] INFO  org.apache.flink.runtime.taskexecutor.TaskManagerRunner - Starting TaskManager with ResourceID: 8435c1d7-257c-479b-9606-ac7307a24715
5829 [main] INFO  org.apache.flink.runtime.taskexecutor.TaskManagerServices - Temporary file directory '/tmp/junit5123222841416893854/junit3728007083076202084': total 196 GB, usable 161 GB (82.14% usable)
5831 [main] INFO  org.apache.flink.runtime.io.disk.FileChannelManagerImpl - FileChannelManager uses directory /tmp/junit5123222841416893854/junit3728007083076202084/flink-io-435ad7b7-06d8-4fba-b4ed-0f9097a09554 for spill files.
5916 [main] INFO  org.apache.flink.runtime.io.disk.FileChannelManagerImpl - FileChannelManager uses directory /tmp/junit5123222841416893854/junit3728007083076202084/flink-netty-shuffle-134a0943-0411-4452-acb8-7ebddb532853 for spill files.
5969 [main] INFO  org.apache.flink.runtime.io.network.buffer.NetworkBufferPool - Allocated 64 MB for network buffer pool (number of memory segments: 2048, bytes per segment: 32768).
6064 [main] INFO  org.apache.flink.runtime.io.network.NettyShuffleEnvironment - Starting the network environment and its components.
6065 [main] INFO  org.apache.flink.runtime.taskexecutor.KvStateService - Starting the kvState service and its components.
6191 [main] INFO  org.apache.flink.runtime.rpc.akka.AkkaRpcService - Starting RPC endpoint for org.apache.flink.runtime.taskexecutor.TaskExecutor at akka://flink/user/rpc/taskmanager_0 .
6284 [flink-akka.actor.default-dispatcher-4] INFO  org.apache.flink.runtime.taskexecutor.DefaultJobLeaderService - Start job leader service.
6285 [flink-akka.actor.default-dispatcher-4] INFO  org.apache.flink.runtime.filecache.FileCache - User file cache uses directory /tmp/junit5123222841416893854/junit3728007083076202084/flink-dist-cache-3be97b01-2174-41e4-8030-9f25dd6fd90b
6530 [main] INFO  org.apache.flink.runtime.dispatcher.DispatcherRestEndpoint - Starting rest endpoint.
6532 [main] INFO  org.apache.flink.runtime.dispatcher.DispatcherRestEndpoint - Failed to load web based job submission extension. Probable reason: flink-runtime-web is not in the classpath.
7473 [main] WARN  org.apache.flink.runtime.webmonitor.WebMonitorUtils - Log file environment variable 'log.file' is not set.
7473 [main] WARN  org.apache.flink.runtime.webmonitor.WebMonitorUtils - JobManager log files are unavailable in the web dashboard. Log file location not found in environment variable 'log.file' or configuration key 'web.log.path'.
8391 [main] INFO  org.apache.flink.runtime.dispatcher.DispatcherRestEndpoint - Rest endpoint listening at localhost:37047
8392 [main] INFO  org.apache.flink.runtime.highavailability.nonha.embedded.EmbeddedLeaderService - Proposing leadership to contender http://localhost:37047
8412 [mini-cluster-io-thread-1] INFO  org.apache.flink.runtime.dispatcher.DispatcherRestEndpoint - http://localhost:37047 was granted leadership with leaderSessionID=42501549-f681-4d2b-9a42-aa2c317ee6d9
8412 [mini-cluster-io-thread-1] INFO  org.apache.flink.runtime.highavailability.nonha.embedded.EmbeddedLeaderService - Received confirmation of leadership for leader http://localhost:37047 , session=42501549-f681-4d2b-9a42-aa2c317ee6d9
8653 [main] INFO  org.apache.flink.runtime.rpc.akka.AkkaRpcService - Starting RPC endpoint for org.apache.flink.runtime.resourcemanager.StandaloneResourceManager at akka://flink/user/rpc/resourcemanager_1 .
8683 [main] INFO  org.apache.flink.runtime.highavailability.nonha.embedded.EmbeddedLeaderService - Proposing leadership to contender LeaderContender: DefaultDispatcherRunner
8699 [mini-cluster-io-thread-2] INFO  org.apache.flink.runtime.dispatcher.runner.DefaultDispatcherRunner - DefaultDispatcherRunner was granted leadership with leader id 0bd8be06-9495-4645-8b6d-438f70b476cf. Creating new DispatcherLeaderProcess.
8720 [flink-akka.actor.default-dispatcher-3] INFO  org.apache.flink.runtime.resourcemanager.StandaloneResourceManager - Starting the resource manager.
8740 [flink-akka.actor.default-dispatcher-3] INFO  org.apache.flink.runtime.highavailability.nonha.embedded.EmbeddedLeaderService - Proposing leadership to contender LeaderContender: StandaloneResourceManager
8757 [main] INFO  org.apache.flink.runtime.minicluster.MiniCluster - Flink Mini Cluster started successfully
8762 [flink-akka.actor.default-dispatcher-3] INFO  org.apache.flink.runtime.resourcemanager.StandaloneResourceManager - ResourceManager akka://flink/user/rpc/resourcemanager_1 was granted leadership with fencing token 8150743fbf0ef59d60100fadb9c34623
8776 [mini-cluster-io-thread-2] INFO  org.apache.flink.runtime.dispatcher.runner.SessionDispatcherLeaderProcess - Start SessionDispatcherLeaderProcess.
8800 [mini-cluster-io-thread-6] INFO  org.apache.flink.runtime.highavailability.nonha.embedded.EmbeddedLeaderService - Received confirmation of leadership for leader akka://flink/user/rpc/resourcemanager_1 , session=60100fad-b9c3-4623-8150-743fbf0ef59d
8814 [main] INFO  org.apache.flink.configuration.Configuration - Config uses fallback configuration key 'jobmanager.rpc.address' instead of key 'rest.address'
8824 [flink-akka.actor.default-dispatcher-3] INFO  org.apache.flink.runtime.taskexecutor.TaskExecutor - Connecting to ResourceManager akka://flink/user/rpc/resourcemanager_1(8150743fbf0ef59d60100fadb9c34623).
8837 [mini-cluster-io-thread-5] INFO  org.apache.flink.runtime.dispatcher.runner.SessionDispatcherLeaderProcess - Recover all persisted job graphs.
8855 [mini-cluster-io-thread-5] INFO  org.apache.flink.runtime.dispatcher.runner.SessionDispatcherLeaderProcess - Successfully recovered 0 persisted job graphs.
9035 [mini-cluster-io-thread-5] INFO  org.apache.flink.runtime.rpc.akka.AkkaRpcService - Starting RPC endpoint for org.apache.flink.runtime.dispatcher.StandaloneDispatcher at akka://flink/user/rpc/dispatcher_2 .
9043 [main] INFO  com.ververica.cdc.connectors.mongodb.MongoDBTestBase - Starting containers...
9041 [flink-akka.actor.default-dispatcher-3] INFO  org.apache.flink.runtime.taskexecutor.TaskExecutor - Resolved ResourceManager address, beginning registration
9060 [flink-akka.actor.default-dispatcher-2] INFO  org.apache.flink.runtime.resourcemanager.StandaloneResourceManager - Registering TaskManager with ResourceID 8435c1d7-257c-479b-9606-ac7307a24715 (akka://flink/user/rpc/taskmanager_0) at ResourceManager
9062 [flink-akka.actor.default-dispatcher-5] INFO  org.apache.flink.runtime.taskexecutor.TaskExecutor - Successful registration at resource manager akka://flink/user/rpc/resourcemanager_1 under registration id 3b8225108a2c1682a2708ff127ee9213.
9076 [mini-cluster-io-thread-5] INFO  org.apache.flink.runtime.highavailability.nonha.embedded.EmbeddedLeaderService - Received confirmation of leadership for leader akka://flink/user/rpc/dispatcher_2 , session=0bd8be06-9495-4645-8b6d-438f70b476cf
9078 [testcontainers-lifecycle-0] WARN  org.testcontainers.utility.TestcontainersConfiguration - Attempted to read Testcontainers configuration file at file:/root/.testcontainers.properties but the file was not found. Exception message: FileNotFoundException: /root/.testcontainers.properties (No such file or directory)
9217 [testcontainers-lifecycle-0] INFO  org.testcontainers.dockerclient.DockerMachineClientProviderStrategy - docker-machine executable was not found on PATH ([/usr/local/openjdk-8/bin, /usr/local/sbin, /usr/local/bin, /usr/sbin, /usr/bin, /sbin, /bin])
9256 [testcontainers-lifecycle-0] ERROR org.testcontainers.dockerclient.DockerClientProviderStrategy - Could not find a valid Docker environment. Please check configuration. Attempted configurations were:
9256 [testcontainers-lifecycle-0] ERROR org.testcontainers.dockerclient.DockerClientProviderStrategy -     UnixSocketClientProviderStrategy: failed with exception InvalidConfigurationException (Could not find unix domain socket). Root cause NoSuchFileException (/var/run/docker.sock)
9256 [testcontainers-lifecycle-0] ERROR org.testcontainers.dockerclient.DockerClientProviderStrategy - As no valid configuration was found, execution cannot continue
9257 [main] INFO  org.apache.flink.test.util.MiniClusterWithClientResource - Finalization triggered: Cluster shutdown is going to be initiated.
9324 [main] INFO  org.apache.flink.runtime.minicluster.MiniCluster - Shutting down Flink Mini Cluster
9324 [flink-akka.actor.default-dispatcher-2] INFO  org.apache.flink.runtime.taskexecutor.TaskExecutor - Stopping TaskExecutor akka://flink/user/rpc/taskmanager_0.
9324 [flink-akka.actor.default-dispatcher-2] INFO  org.apache.flink.runtime.taskexecutor.TaskExecutor - Close ResourceManager connection 7e85e0421b035e8c95f3b46a7c1d64be.
9324 [main] INFO  org.apache.flink.runtime.dispatcher.DispatcherRestEndpoint - Shutting down rest endpoint.
9325 [flink-akka.actor.default-dispatcher-5] INFO  org.apache.flink.runtime.resourcemanager.StandaloneResourceManager - Closing TaskExecutor connection 8435c1d7-257c-479b-9606-ac7307a24715 because: The TaskExecutor is shutting down.
9328 [flink-akka.actor.default-dispatcher-2] INFO  org.apache.flink.runtime.taskexecutor.DefaultJobLeaderService - Stop job leader service.
9328 [flink-akka.actor.default-dispatcher-2] INFO  org.apache.flink.runtime.state.TaskExecutorLocalStateStoresManager - Shutting down TaskExecutorLocalStateStoresManager.
9394 [flink-akka.actor.default-dispatcher-2] INFO  org.apache.flink.runtime.io.disk.FileChannelManagerImpl - FileChannelManager removed spill file directory /tmp/junit5123222841416893854/junit3728007083076202084/flink-io-435ad7b7-06d8-4fba-b4ed-0f9097a09554
9394 [flink-akka.actor.default-dispatcher-2] INFO  org.apache.flink.runtime.io.network.NettyShuffleEnvironment - Shutting down the network environment and its components.
9395 [flink-akka.actor.default-dispatcher-2] INFO  org.apache.flink.runtime.io.disk.FileChannelManagerImpl - FileChannelManager removed spill file directory /tmp/junit5123222841416893854/junit3728007083076202084/flink-netty-shuffle-134a0943-0411-4452-acb8-7ebddb532853
9395 [flink-akka.actor.default-dispatcher-2] INFO  org.apache.flink.runtime.taskexecutor.KvStateService - Shutting down the kvState service and its components.
9396 [flink-akka.actor.default-dispatcher-2] INFO  org.apache.flink.runtime.taskexecutor.DefaultJobLeaderService - Stop job leader service.
9396 [flink-akka.actor.default-dispatcher-2] INFO  org.apache.flink.runtime.filecache.FileCache - removed file cache directory /tmp/junit5123222841416893854/junit3728007083076202084/flink-dist-cache-3be97b01-2174-41e4-8030-9f25dd6fd90b
9499 [ForkJoinPool.commonPool-worker-1] INFO  org.apache.flink.runtime.dispatcher.DispatcherRestEndpoint - Removing cache directory /tmp/flink-web-ui
9500 [ForkJoinPool.commonPool-worker-1] INFO  org.apache.flink.runtime.dispatcher.DispatcherRestEndpoint - Shut down complete.
9502 [flink-akka.actor.default-dispatcher-5] INFO  org.apache.flink.runtime.resourcemanager.StandaloneResourceManager - Shut down cluster because application is in CANCELED, diagnostics DispatcherResourceManagerComponent has been closed..
9502 [flink-akka.actor.default-dispatcher-5] INFO  org.apache.flink.runtime.entrypoint.component.DispatcherResourceManagerComponent - Closing components.
9502 [flink-akka.actor.default-dispatcher-5] INFO  org.apache.flink.runtime.dispatcher.runner.SessionDispatcherLeaderProcess - Stopping SessionDispatcherLeaderProcess.
9502 [flink-akka.actor.default-dispatcher-7] INFO  org.apache.flink.runtime.dispatcher.StandaloneDispatcher - Stopping dispatcher akka://flink/user/rpc/dispatcher_2.
9502 [flink-akka.actor.default-dispatcher-7] INFO  org.apache.flink.runtime.dispatcher.StandaloneDispatcher - Stopping all currently running jobs of dispatcher akka://flink/user/rpc/dispatcher_2.
9502 [flink-akka.actor.default-dispatcher-3] INFO  org.apache.flink.runtime.resourcemanager.slotmanager.DeclarativeSlotManager - Closing the slot manager.
9502 [flink-akka.actor.default-dispatcher-3] INFO  org.apache.flink.runtime.resourcemanager.slotmanager.DeclarativeSlotManager - Suspending the slot manager.
9515 [flink-akka.actor.default-dispatcher-7] INFO  org.apache.flink.runtime.dispatcher.StandaloneDispatcher - Stopped dispatcher akka://flink/user/rpc/dispatcher_2.
9562 [flink-akka.actor.default-dispatcher-2] INFO  org.apache.flink.runtime.taskexecutor.TaskExecutor - Stopped TaskExecutor akka://flink/user/rpc/taskmanager_0.
9673 [AkkaRpcService-Supervisor-Termination-Future-Executor-thread-1] INFO  org.apache.flink.runtime.rpc.akka.AkkaRpcService - Stopping Akka RPC service.
9740 [flink-metrics-2] INFO  org.apache.flink.runtime.rpc.akka.AkkaRpcService - Stopping Akka RPC service.
9748 [flink-metrics-2] INFO  org.apache.flink.runtime.rpc.akka.AkkaRpcService - Stopped Akka RPC service.
9785 [flink-akka.actor.default-dispatcher-2] INFO  org.apache.flink.runtime.blob.PermanentBlobCache - Shutting down BLOB cache
9785 [flink-akka.actor.default-dispatcher-2] INFO  org.apache.flink.runtime.blob.TransientBlobCache - Shutting down BLOB cache
9807 [flink-akka.actor.default-dispatcher-2] INFO  org.apache.flink.runtime.blob.BlobServer - Stopped BLOB server at 0.0.0.0:41167
9808 [flink-akka.actor.default-dispatcher-2] INFO  org.apache.flink.runtime.rpc.akka.AkkaRpcService - Stopped Akka RPC service.
[ERROR] Tests run: 1, Failures: 0, Errors: 1, Skipped: 0, Time elapsed: 7.127 s <<< FAILURE! - in com.ververica.cdc.connectors.mongodb.MongoDBSourceTest
[ERROR] com.ververica.cdc.connectors.mongodb.MongoDBSourceTest  Time elapsed: 7.127 s  <<< ERROR!
java.util.concurrent.CompletionException: java.lang.IllegalStateException: Could not find a valid Docker environment. Please see logs and check configuration
Caused by: java.lang.IllegalStateException: Could not find a valid Docker environment. Please see logs and check configuration

[INFO] 
[INFO] Results:
[INFO] 
[ERROR] Errors: 
[ERROR]   MongoDBSourceTest.com.ververica.cdc.connectors.mongodb.MongoDBSourceTest » Completion
[INFO] 
[ERROR] Tests run: 5, Failures: 0, Errors: 1, Skipped: 0
[INFO] 
[INFO] 
[INFO] ------------------------------------------------------------------------
[INFO] Skipping flink-sql-connector-mysql-cdc
[INFO] This project has been banned from the build due to previous failures.
[INFO] ------------------------------------------------------------------------
[INFO] 
[INFO] ------------------------------------------------------------------------
[INFO] Skipping flink-sql-connector-postgres-cdc
[INFO] This project has been banned from the build due to previous failures.
[INFO] ------------------------------------------------------------------------
[INFO] 
[INFO] ------------------------------------------------------------------------
[INFO] Skipping flink-sql-connector-mongodb-cdc
[INFO] This project has been banned from the build due to previous failures.
[INFO] ------------------------------------------------------------------------
[INFO] 
[INFO] ------------------------------------------------------------------------
[INFO] Skipping flink-sql-connector-oracle-cdc
[INFO] This project has been banned from the build due to previous failures.
[INFO] ------------------------------------------------------------------------
[INFO] 
[INFO] -------------< com.ververica:flink-format-changelog-json >--------------
[INFO] Building flink-format-changelog-json 2.1-SNAPSHOT                 [8/12]
[INFO] --------------------------------[ jar ]---------------------------------
[INFO] 
[INFO] --- spotless-maven-plugin:2.4.2:check (spotless-check) @ flink-format-changelog-json ---
[INFO] 
[INFO] --- maven-checkstyle-plugin:2.17:check (validate) @ flink-format-changelog-json ---
[INFO] 
[INFO] --- maven-enforcer-plugin:3.0.0-M1:enforce (enforce-maven-version) @ flink-format-changelog-json ---
[INFO] 
[INFO] --- maven-remote-resources-plugin:1.5:process (process-resource-bundles) @ flink-format-changelog-json ---
[INFO] 
[INFO] --- maven-resources-plugin:3.1.0:resources (default-resources) @ flink-format-changelog-json ---
[INFO] Using 'UTF-8' encoding to copy filtered resources.
[INFO] Copying 1 resource
[INFO] Copying 3 resources
[INFO] 
[INFO] --- maven-compiler-plugin:3.7.0:compile (default-compile) @ flink-format-changelog-json ---
[INFO] Nothing to compile - all classes are up to date
[INFO] 
[INFO] --- maven-resources-plugin:3.1.0:testResources (default-testResources) @ flink-format-changelog-json ---
[INFO] Using 'UTF-8' encoding to copy filtered resources.
[INFO] Copying 1 resource
[INFO] Copying 3 resources
[INFO] 
[INFO] --- maven-compiler-plugin:3.7.0:testCompile (default-testCompile) @ flink-format-changelog-json ---
[INFO] Nothing to compile - all classes are up to date
[INFO] 
[INFO] --- maven-surefire-plugin:2.22.0:test (default-test) @ flink-format-changelog-json ---
[INFO] 
[INFO] -------------------------------------------------------
[INFO]  T E S T S
[INFO] -------------------------------------------------------
[INFO] Running com.ververica.cdc.formats.json.ChangelogJsonSerDeTest
[INFO] Tests run: 1, Failures: 0, Errors: 0, Skipped: 0, Time elapsed: 0.827 s - in com.ververica.cdc.formats.json.ChangelogJsonSerDeTest
[INFO] Running com.ververica.cdc.formats.json.ChangelogJsonFormatFactoryTest
[INFO] Tests run: 2, Failures: 0, Errors: 0, Skipped: 0, Time elapsed: 0.065 s - in com.ververica.cdc.formats.json.ChangelogJsonFormatFactoryTest
[INFO] 
[INFO] Results:
[INFO] 
[INFO] Tests run: 3, Failures: 0, Errors: 0, Skipped: 0
[INFO] 
[INFO] ------------------------------------------------------------------------
[INFO] Reactor Summary for flink-cdc-connectors 2.1-SNAPSHOT:
[INFO] 
[INFO] flink-cdc-connectors ............................... SUCCESS [  3.727 s]
[INFO] flink-connector-debezium ........................... SUCCESS [  6.785 s]
[INFO] flink-connector-test-util .......................... SUCCESS [  1.244 s]
[INFO] flink-connector-mysql-cdc .......................... FAILURE [ 21.012 s]
[INFO] flink-connector-postgres-cdc ....................... FAILURE [ 14.827 s]
[INFO] flink-connector-oracle-cdc ......................... FAILURE [ 15.739 s]
[INFO] flink-connector-mongodb-cdc ........................ FAILURE [ 11.494 s]
[INFO] flink-sql-connector-mysql-cdc ...................... SKIPPED
[INFO] flink-sql-connector-postgres-cdc ................... SKIPPED
[INFO] flink-sql-connector-mongodb-cdc .................... SKIPPED
[INFO] flink-sql-connector-oracle-cdc ..................... SKIPPED
[INFO] flink-format-changelog-json ........................ SUCCESS [  1.423 s]
[INFO] ------------------------------------------------------------------------
[INFO] BUILD FAILURE
[INFO] ------------------------------------------------------------------------
[INFO] Total time:  01:16 min
[INFO] Finished at: 2021-11-14T00:17:35Z
[INFO] ------------------------------------------------------------------------
[ERROR] Failed to execute goal org.apache.maven.plugins:maven-surefire-plugin:2.22.0:test (default-test) on project flink-connector-mysql-cdc: There are test failures.
[ERROR] 
[ERROR] Please refer to /home/target/flink-connector-mysql-cdc/target/surefire-reports for the individual test results.
[ERROR] Please refer to dump files (if any exist) [date]-jvmRun[N].dump, [date].dumpstream and [date]-jvmRun[N].dumpstream.
[ERROR] -> [Help 1]
[ERROR] Failed to execute goal org.apache.maven.plugins:maven-surefire-plugin:2.22.0:test (default-test) on project flink-connector-postgres-cdc: There are test failures.
[ERROR] 
[ERROR] Please refer to /home/target/flink-connector-postgres-cdc/target/surefire-reports for the individual test results.
[ERROR] Please refer to dump files (if any exist) [date]-jvmRun[N].dump, [date].dumpstream and [date]-jvmRun[N].dumpstream.
[ERROR] -> [Help 1]
[ERROR] Failed to execute goal org.apache.maven.plugins:maven-surefire-plugin:2.22.0:test (default-test) on project flink-connector-oracle-cdc: There are test failures.
[ERROR] 
[ERROR] Please refer to /home/target/flink-connector-oracle-cdc/target/surefire-reports for the individual test results.
[ERROR] Please refer to dump files (if any exist) [date]-jvmRun[N].dump, [date].dumpstream and [date]-jvmRun[N].dumpstream.
[ERROR] -> [Help 1]
[ERROR] Failed to execute goal org.apache.maven.plugins:maven-surefire-plugin:2.22.0:test (default-test) on project flink-connector-mongodb-cdc: There are test failures.
[ERROR] 
[ERROR] Please refer to /home/target/flink-connector-mongodb-cdc/target/surefire-reports for the individual test results.
[ERROR] Please refer to dump files (if any exist) [date]-jvmRun[N].dump, [date].dumpstream and [date]-jvmRun[N].dumpstream.
[ERROR] -> [Help 1]
[ERROR] 
[ERROR] To see the full stack trace of the errors, re-run Maven with the -e switch.
[ERROR] Re-run Maven using the -X switch to enable full debug logging.
[ERROR] 
[ERROR] For more information about the errors and possible solutions, please read the following articles:
[ERROR] [Help 1] http://cwiki.apache.org/confluence/display/MAVEN/MojoFailureException
[ERROR] 
[ERROR] After correcting the problems, you can resume the build with the command
[ERROR]   mvn <args> -rf :flink-connector-mysql-cdc
{'error': True, 'log_file': 'output-2021-11-14T00:16:17-3033.log', 'message': '', 'start_time': '2021-11-14T00:16:17', 'end_time': '2021-11-14T00:17:35', 'command': ['mvn', '-fae', 'test'], 'faketime_str': '+0', 'timezone': 'UTC'}
